39.0 APEX_CODE,FINEST;APEX_PROFILING,FINEST;CALLOUT,FINEST;DB,FINEST;SYSTEM,FINE;VALIDATION,INFO;VISUALFORCE,FINER;WAVE,INFO;WORKFLOW,FINER
23:53:34.0 (318745)|USER_INFO|[EXTERNAL]|00524000005uNfK|neela@lightful.com.commundev|Line Is. Time|GMT+14:00
23:53:34.0 (346607)|EXECUTION_STARTED
23:53:34.0 (350016)|CODE_UNIT_STARTED|[EXTERNAL]|0669E000000Cv0R|VF: /apex/communityCaseMgmt
23:53:34.0 (825791)|VF_DESERIALIZE_VIEWSTATE_BEGIN|0669E000000Cv0R
23:53:34.0 (8339822)|HEAP_ALLOCATE|[72]|Bytes:3
23:53:34.0 (8373513)|HEAP_ALLOCATE|[77]|Bytes:152
23:53:34.0 (8385014)|HEAP_ALLOCATE|[342]|Bytes:408
23:53:34.0 (8398317)|HEAP_ALLOCATE|[355]|Bytes:408
23:53:34.0 (8412274)|HEAP_ALLOCATE|[467]|Bytes:48
23:53:34.0 (8438922)|HEAP_ALLOCATE|[139]|Bytes:6
23:53:34.0 (8942324)|HEAP_ALLOCATE|[50]|Bytes:5
23:53:34.0 (8964457)|HEAP_ALLOCATE|[56]|Bytes:5
23:53:34.0 (8971624)|HEAP_ALLOCATE|[64]|Bytes:7
23:53:34.0 (12831350)|VF_DESERIALIZE_VIEWSTATE_END
23:53:34.16 (16620213)|VF_APEX_CALL_START|[EXTERNAL]|/apexpage/pagemessagescomponentcontroller.apex get(severities)
23:53:34.16 (16640354)|SYSTEM_MODE_ENTER|true
23:53:34.16 (16666666)|VF_APEX_CALL_START|[EXTERNAL]|PageMessagesComponentController invoke(getseverities)
23:53:34.16 (16706249)|HEAP_ALLOCATE|[EXTERNAL]|Bytes:38
23:53:34.16 (16716310)|HEAP_ALLOCATE|[EXTERNAL]|Bytes:7
23:53:34.16 (16728587)|SYSTEM_METHOD_ENTRY|[1]|PageMessagesComponentController.PageMessagesComponentController()
23:53:34.16 (16732821)|STATEMENT_EXECUTE|[1]
23:53:34.17 (17537762)|VF_APEX_CALL_START|[EXTERNAL]|/apexpage/pagemessagescomponentcontroller.apex set(conEscape,null)
23:53:34.17 (17546373)|SYSTEM_MODE_ENTER|true
23:53:34.17 (17555660)|VF_APEX_CALL_START|[EXTERNAL]|PageMessagesComponentController set(conEscape,null)
23:53:34.17 (17572623)|VF_APEX_CALL_START|[EXTERNAL]|PageMessagesComponentController invoke(setconEscape)
23:53:34.17 (17593301)|HEAP_ALLOCATE|[EXTERNAL]|Bytes:8
23:53:34.17 (17598619)|VARIABLE_SCOPE_BEGIN|[88]|this|ApexPage.PageMessagesComponentController|true|false
23:53:34.17 (17634167)|VARIABLE_ASSIGNMENT|[88]|this|{}|0x2740266
23:53:34.17 (17636988)|VARIABLE_SCOPE_BEGIN|[88]|escape|Boolean|false|false
23:53:34.17 (17641459)|VARIABLE_ASSIGNMENT|[88]|escape|null
23:53:34.0 (17834315)|VF_APEX_CALL_START|[EXTERNAL]|01p9E000000Dmpd|communityCaseMgmtController get(myCases)
23:53:34.0 (17840599)|SYSTEM_MODE_ENTER|true
23:53:34.0 (17852106)|VF_APEX_CALL_START|[EXTERNAL]|01p9E000000Dmpd|myCases
23:53:34.0 (17862063)|HEAP_ALLOCATE|[EXTERNAL]|Bytes:412
23:53:34.0 (17872435)|HEAP_ALLOCATE|[EXTERNAL]|Bytes:76
23:53:34.0 (17875030)|HEAP_ALLOCATE|[EXTERNAL]|Bytes:27
23:53:34.0 (17882441)|METHOD_ENTRY|[1]|01p9E000000Dmpd|communityCaseMgmtController.communityCaseMgmtController()
23:53:34.0 (17885246)|STATEMENT_EXECUTE|[1]
23:53:34.0 (17889077)|STATEMENT_EXECUTE|[1]
23:53:34.0 (17892482)|METHOD_EXIT|[1]|communityCaseMgmtController
23:53:34.0 (17899409)|VF_APEX_CALL_END|myCases
23:53:34.0 (17911890)|VF_APEX_CALL_END|communityCaseMgmtController get(myCases)
23:53:34.0 (18175986)|VF_APEX_CALL_START|[EXTERNAL]|01p9E000000Dmpd|communityCaseMgmtController get(relatedAccId)
23:53:34.0 (18182009)|SYSTEM_MODE_ENTER|true
23:53:34.0 (18187314)|VF_APEX_CALL_START|[EXTERNAL]|01p9E000000Dmpd|relatedAccId
23:53:34.0 (18194862)|VF_APEX_CALL_END|relatedAccId
23:53:34.0 (18205668)|VF_APEX_CALL_END|communityCaseMgmtController get(relatedAccId)
23:53:34.0 (18281244)|VF_EVALUATE_FORMULA_BEGIN|0669E000000Cv0R|#{myOrgCases[accid]}
23:53:34.0 (18339659)|VF_APEX_CALL_START|[EXTERNAL]|01p9E000000Dmpd|communityCaseMgmtController get(myOrgCases)
23:53:34.0 (18344391)|SYSTEM_MODE_ENTER|true
23:53:34.0 (18349879)|VF_APEX_CALL_START|[EXTERNAL]|01p9E000000Dmpd|myOrgCases
23:53:34.0 (18357578)|VF_APEX_CALL_END|myOrgCases
23:53:34.0 (18367630)|VF_APEX_CALL_END|communityCaseMgmtController get(myOrgCases)
23:53:34.0 (18466255)|VF_EVALUATE_FORMULA_END
23:53:34.0 (18475763)|VF_EVALUATE_FORMULA_BEGIN|0669E000000Cv0R|#{myOrgCases[accid]}
23:53:34.0 (18494245)|VF_EVALUATE_FORMULA_END
23:53:34.0 (18560893)|VF_EVALUATE_FORMULA_BEGIN|0669E000000Cv0R|#{myOrgCases[accid]}
23:53:34.0 (18591157)|VF_EVALUATE_FORMULA_END
23:53:34.0 (18595898)|VF_EVALUATE_FORMULA_BEGIN|0669E000000Cv0R|#{myOrgCases[accid]}
23:53:34.0 (18608750)|VF_EVALUATE_FORMULA_END
23:53:34.0 (18805648)|VF_APEX_CALL_START|[EXTERNAL]|01p9E000000Dmpd|communityCaseMgmtController get(newcaseOwner)
23:53:34.0 (18810823)|SYSTEM_MODE_ENTER|true
23:53:34.0 (18816420)|VF_APEX_CALL_START|[EXTERNAL]|01p9E000000Dmpd|newcaseOwner
23:53:34.0 (18825250)|VF_APEX_CALL_END|newcaseOwner
23:53:34.0 (18836910)|VF_APEX_CALL_END|communityCaseMgmtController get(newcaseOwner)
23:53:34.0 (22655529)|VF_APEX_CALL_START|[EXTERNAL]|01p9E000000Dmpd|communityCaseMgmtController get(newCase)
23:53:34.0 (22662590)|SYSTEM_MODE_ENTER|true
23:53:34.0 (22669230)|VF_APEX_CALL_START|[EXTERNAL]|01p9E000000Dmpd|newCase
23:53:34.0 (22678880)|VF_APEX_CALL_END|newCase
23:53:34.0 (22690834)|VF_APEX_CALL_END|communityCaseMgmtController get(newCase)
23:53:34.0 (26553093)|VF_EVALUATE_FORMULA_BEGIN|0669E000000Cv0R|#{myOrgCases[accid]}
23:53:34.0 (26594455)|VF_EVALUATE_FORMULA_END
23:53:34.0 (26600945)|VF_EVALUATE_FORMULA_BEGIN|0669E000000Cv0R|#{myOrgCases[accid]}
23:53:34.0 (26612670)|VF_EVALUATE_FORMULA_END
23:53:34.28 (28085193)|VF_APEX_CALL_START|[EXTERNAL]|/apexpage/pagemessagescomponentcontroller.apex set(conEscape,null)
23:53:34.28 (28105078)|SYSTEM_MODE_ENTER|true
23:53:34.28 (28121126)|VF_APEX_CALL_START|[EXTERNAL]|PageMessagesComponentController set(conEscape,null)
23:53:34.28 (28152309)|VF_APEX_CALL_START|[EXTERNAL]|PageMessagesComponentController invoke(setconEscape)
23:53:34.28 (28206318)|HEAP_ALLOCATE|[EXTERNAL]|Bytes:8
23:53:34.28 (28218232)|VARIABLE_SCOPE_BEGIN|[88]|this|ApexPage.PageMessagesComponentController|true|false
23:53:34.28 (28259600)|VARIABLE_ASSIGNMENT|[88]|this|{}|0x2740266
23:53:34.28 (28263119)|VARIABLE_SCOPE_BEGIN|[88]|escape|Boolean|false|false
23:53:34.28 (28267907)|VARIABLE_ASSIGNMENT|[88]|escape|null
23:53:34.0 (29134752)|VF_APEX_CALL_START|[EXTERNAL]|communityCaseMgmtController set(qViewCaseId,5009E000001vvt0QAA)
23:53:34.0 (29142798)|SYSTEM_MODE_ENTER|true
23:53:34.0 (29151395)|VF_APEX_CALL_START|[EXTERNAL]|communityCaseMgmtController set(qViewCaseId,5009E000001vvt0QAA)
23:53:34.0 (29170870)|HEAP_ALLOCATE|[EXTERNAL]|Bytes:4
23:53:34.0 (29190227)|HEAP_ALLOCATE|[EXTERNAL]|Bytes:72
23:53:34.0 (29433538)|VARIABLE_ASSIGNMENT|[EXTERNAL]|this.qViewCaseId|"5009E000001vvt0QAA"|0x3361062f
23:53:34.0 (29442443)|VF_APEX_CALL_END|communityCaseMgmtController set(qViewCaseId,5009E000001vvt0QAA)
23:53:34.0 (29456797)|VF_APEX_CALL_END|communityCaseMgmtController set(qViewCaseId,5009E000001vvt0QAA)
23:53:34.0 (29775469)|VF_APEX_CALL_START|[EXTERNAL]|01p9E000000Dmpd|communityCaseMgmtController invoke(quickViewCase)
23:53:34.0 (29811500)|HEAP_ALLOCATE|[EXTERNAL]|Bytes:72
23:53:34.0 (29819346)|VARIABLE_SCOPE_BEGIN|[137]|this|communityCaseMgmtController|true|false
23:53:34.0 (30034388)|VARIABLE_ASSIGNMENT|[137]|this|{"accCaseCount":"0x3c942f12","accName":"0x47c202a","caseOwner":"0x55f25409","con":"0x3914966b","conRelatedAccsList":"0x2465c2e4","currentUser":"0x41fddb32","currentUserId":"00524000005uNfKAAU","myCases":"0x6e89d18","myOrgCases":"0xeff78ed","newCase":"0x1bd2f460","newCaseOwner":"0x112a771c","qViewcase":"0x3ea11a40","qViewCaseId":"5009E000001vvt0QAA","relatedAccId":"0x4111961b","showCreateCase":false}|0x3361062f
23:53:34.0 (30049355)|STATEMENT_EXECUTE|[138]
23:53:34.0 (30051188)|STATEMENT_EXECUTE|[139]
23:53:34.0 (30055741)|HEAP_ALLOCATE|[139]|Bytes:19
23:53:34.0 (30075423)|SYSTEM_METHOD_ENTRY|[139]|communityCaseMgmtController.__sfdc_qViewCaseId()
23:53:34.0 (30217991)|VARIABLE_ASSIGNMENT|[EXTERNAL]|this|{"accCaseCount":"0x3c942f12","accName":"0x47c202a","caseOwner":"0x55f25409","con":"0x3914966b","conRelatedAccsList":"0x2465c2e4","currentUser":"0x41fddb32","currentUserId":"00524000005uNfKAAU","myCases":"0x6e89d18","myOrgCases":"0xeff78ed","newCase":"0x1bd2f460","newCaseOwner":"0x112a771c","qViewcase":"0x3ea11a40","qViewCaseId":"5009E000001vvt0QAA","relatedAccId":"0x4111961b","showCreateCase":false}|0x3361062f
23:53:34.0 (30235081)|SYSTEM_METHOD_EXIT|[139]|communityCaseMgmtController.__sfdc_qViewCaseId()
23:53:34.0 (30279501)|SYSTEM_METHOD_ENTRY|[139]|String.valueOf(Object)
23:53:34.0 (30286383)|HEAP_ALLOCATE|[139]|Bytes:18
23:53:34.0 (30294690)|SYSTEM_METHOD_EXIT|[139]|String.valueOf(Object)
23:53:34.0 (30304941)|HEAP_ALLOCATE|[139]|Bytes:37
23:53:34.0 (30331575)|SYSTEM_METHOD_ENTRY|[139]|System.debug(ANY)
23:53:34.0 (30340541)|USER_DEBUG|[139]|DEBUG|viewing the case : 5009E000001vvt0QAA
23:53:34.0 (30344818)|SYSTEM_METHOD_EXIT|[139]|System.debug(ANY)
23:53:34.0 (30347677)|STATEMENT_EXECUTE|[140]
23:53:34.0 (30351185)|HEAP_ALLOCATE|[140]|Bytes:117
23:53:34.0 (30362485)|HEAP_ALLOCATE|[140]|Bytes:4
23:53:34.0 (30372447)|HEAP_ALLOCATE|[140]|Bytes:7
23:53:34.0 (30377576)|SYSTEM_METHOD_ENTRY|[140]|communityCaseMgmtController.__sfdc_qViewCaseId()
23:53:34.0 (30512898)|VARIABLE_ASSIGNMENT|[EXTERNAL]|this|{"accCaseCount":"0x3c942f12","accName":"0x47c202a","caseOwner":"0x55f25409","con":"0x3914966b","conRelatedAccsList":"0x2465c2e4","currentUser":"0x41fddb32","currentUserId":"00524000005uNfKAAU","myCases":"0x6e89d18","myOrgCases":"0xeff78ed","newCase":"0x1bd2f460","newCaseOwner":"0x112a771c","qViewcase":"0x3ea11a40","qViewCaseId":"5009E000001vvt0QAA","relatedAccId":"0x4111961b","showCreateCase":false}|0x3361062f
23:53:34.0 (30522937)|SYSTEM_METHOD_EXIT|[140]|communityCaseMgmtController.__sfdc_qViewCaseId()
23:53:34.0 (30865051)|SOQL_EXECUTE_BEGIN|[140]|Aggregations:0|SELECT id, reason, subject, status, CaseNumber, Issue_Type__c, CreatedById, Description FROM case WHERE id = :tmpVar1
23:53:34.0 (30874219)|LIMIT_USAGE|[140]|SOQL|1|100
23:53:34.0 (30884286)|LIMIT_USAGE|[140]|AGGS|0|300
23:53:34.0 (34908507)|SOQL_EXECUTE_END|[140]|Rows:1
23:53:34.0 (34915162)|LIMIT_USAGE|[140]|SOQL_ROWS|1|50000
23:53:34.0 (34927136)|HEAP_ALLOCATE|[140]|Bytes:8
23:53:34.0 (34936904)|HEAP_ALLOCATE|[140]|Bytes:261
23:53:34.0 (34970533)|HEAP_ALLOCATE|[140]|Bytes:8
23:53:34.0 (34979270)|HEAP_ALLOCATE|[140]|Bytes:30
23:53:34.0 (35038119)|HEAP_ALLOCATE|[140]|Bytes:40
23:53:34.0 (35062570)|SYSTEM_METHOD_ENTRY|[140]|communityCaseMgmtController.__sfdc_qViewcase(Case)
23:53:34.0 (35208018)|VARIABLE_ASSIGNMENT|[EXTERNAL]|this|{"accCaseCount":"0x3c942f12","accName":"0x47c202a","caseOwner":"0x55f25409","con":"0x3914966b","conRelatedAccsList":"0x2465c2e4","currentUser":"0x41fddb32","currentUserId":"00524000005uNfKAAU","myCases":"0x6e89d18","myOrgCases":"0xeff78ed","newCase":"0x1bd2f460","newCaseOwner":"0x112a771c","qViewcase":"0x3ea11a40","qViewCaseId":"5009E000001vvt0QAA","relatedAccId":"0x4111961b","showCreateCase":false}|0x3361062f
23:53:34.0 (35228893)|VARIABLE_ASSIGNMENT|[EXTERNAL]|value|{"Id":"5009E000001vvt0QAA","Reason":"My Lightful Account","Subject":"Test","Status":"New","CaseNumber":"00001204","Issue_Type__c":"Problems logging in","CreatedById":"00524000005uNfKAAU","Description":"Testing community ca (15 more) ...","RecordTypeId":"012240000002nYhAAI"}|0x511e8f4a
23:53:34.0 (35248661)|VARIABLE_ASSIGNMENT|[133]|this.qViewcase|{"Id":"5009E000001vvt0QAA","Reason":"My Lightful Account","Subject":"Test","Status":"New","CaseNumber":"00001204","Issue_Type__c":"Problems logging in","CreatedById":"00524000005uNfKAAU","Description":"Testing community ca (15 more) ...","RecordTypeId":"012240000002nYhAAI"}|0x3361062f
23:53:34.0 (35257178)|SYSTEM_METHOD_EXIT|[140]|communityCaseMgmtController.__sfdc_qViewcase(Case)
23:53:34.0 (35261189)|STATEMENT_EXECUTE|[142]
23:53:34.0 (35265246)|HEAP_ALLOCATE|[142]|Bytes:52
23:53:34.0 (35271225)|HEAP_ALLOCATE|[142]|Bytes:4
23:53:34.0 (35281775)|SYSTEM_METHOD_ENTRY|[142]|communityCaseMgmtController.__sfdc_qViewcase()
23:53:34.0 (35427565)|VARIABLE_ASSIGNMENT|[EXTERNAL]|this|{"accCaseCount":"0x3c942f12","accName":"0x47c202a","caseOwner":"0x55f25409","con":"0x3914966b","conRelatedAccsList":"0x2465c2e4","currentUser":"0x41fddb32","currentUserId":"00524000005uNfKAAU","myCases":"0x6e89d18","myOrgCases":"0xeff78ed","newCase":"0x1bd2f460","newCaseOwner":"0x112a771c","qViewcase":"0x511e8f4a","qViewCaseId":"5009E000001vvt0QAA","relatedAccId":"0x4111961b","showCreateCase":false}|0x3361062f
23:53:34.0 (35440081)|SYSTEM_METHOD_EXIT|[142]|communityCaseMgmtController.__sfdc_qViewcase()
23:53:34.0 (38644515)|SOQL_EXECUTE_BEGIN|[142]|Aggregations:0|SELECT id, name, email FROM user WHERE id = :tmpVar1
23:53:34.0 (38651399)|LIMIT_USAGE|[142]|SOQL|2|100
23:53:34.0 (38658408)|LIMIT_USAGE|[142]|AGGS|0|300
23:53:34.0 (40894333)|SOQL_EXECUTE_END|[142]|Rows:1
23:53:34.0 (40900135)|LIMIT_USAGE|[142]|SOQL_ROWS|2|50000
23:53:34.0 (40913461)|HEAP_ALLOCATE|[142]|Bytes:8
23:53:34.0 (40926033)|HEAP_ALLOCATE|[142]|Bytes:72
23:53:34.0 (41011774)|HEAP_ALLOCATE|[142]|Bytes:8
23:53:34.0 (41025180)|HEAP_ALLOCATE|[142]|Bytes:30
23:53:34.0 (41082735)|HEAP_ALLOCATE|[142]|Bytes:16
23:53:34.0 (41107402)|SYSTEM_METHOD_ENTRY|[142]|communityCaseMgmtController.__sfdc_caseOwner(User)
23:53:34.0 (41254396)|VARIABLE_ASSIGNMENT|[EXTERNAL]|this|{"accCaseCount":"0x3c942f12","accName":"0x47c202a","caseOwner":"0x55f25409","con":"0x3914966b","conRelatedAccsList":"0x2465c2e4","currentUser":"0x41fddb32","currentUserId":"00524000005uNfKAAU","myCases":"0x6e89d18","myOrgCases":"0xeff78ed","newCase":"0x1bd2f460","newCaseOwner":"0x112a771c","qViewcase":"0x511e8f4a","qViewCaseId":"5009E000001vvt0QAA","relatedAccId":"0x4111961b","showCreateCase":false}|0x3361062f
23:53:34.0 (41268128)|VARIABLE_ASSIGNMENT|[EXTERNAL]|value|{"Id":"00524000005uNfKAAU","Name":"Neela SN","Email":"neela@lightful.com"}|0x6cc5ffc0
23:53:34.0 (41280181)|VARIABLE_ASSIGNMENT|[135]|this.caseOwner|{"Id":"00524000005uNfKAAU","Name":"Neela SN","Email":"neela@lightful.com"}|0x3361062f
23:53:34.0 (41287668)|SYSTEM_METHOD_EXIT|[142]|communityCaseMgmtController.__sfdc_caseOwner(User)
23:53:34.0 (41319593)|VF_APEX_CALL_END|communityCaseMgmtController invoke(quickViewCase)
23:53:34.50 (50457931)|VF_APEX_CALL_START|[EXTERNAL]|/apexpage/pagemessagescomponentcontroller.apex set(conEscape,null)
23:53:34.50 (50472940)|SYSTEM_MODE_ENTER|true
23:53:34.50 (50482625)|VF_APEX_CALL_START|[EXTERNAL]|PageMessagesComponentController set(conEscape,null)
23:53:34.50 (50507062)|VF_APEX_CALL_START|[EXTERNAL]|PageMessagesComponentController invoke(setconEscape)
23:53:34.50 (50533600)|HEAP_ALLOCATE|[EXTERNAL]|Bytes:8
23:53:34.50 (50540332)|VARIABLE_SCOPE_BEGIN|[88]|this|ApexPage.PageMessagesComponentController|true|false
23:53:34.50 (50562632)|VARIABLE_ASSIGNMENT|[88]|this|{}|0x2740266
23:53:34.50 (50565481)|VARIABLE_SCOPE_BEGIN|[88]|escape|Boolean|false|false
23:53:34.50 (50569812)|VARIABLE_ASSIGNMENT|[88]|escape|null
23:53:34.50 (50660449)|VF_APEX_CALL_START|[EXTERNAL]|/apexpage/pagemessagescomponentcontroller.apex get(severities)
23:53:34.50 (50667647)|SYSTEM_MODE_ENTER|true
23:53:34.50 (50677504)|VF_APEX_CALL_START|[EXTERNAL]|PageMessagesComponentController invoke(getseverities)
23:53:34.50 (50693351)|HEAP_ALLOCATE|[EXTERNAL]|Bytes:8
23:53:34.50 (50698000)|VARIABLE_SCOPE_BEGIN|[2]|this|ApexPage.PageMessagesComponentController|true|false
23:53:34.50 (50711431)|VARIABLE_ASSIGNMENT|[2]|this|{}|0x2740266
23:53:34.0 (51029755)|VF_APEX_CALL_START|[EXTERNAL]|01p9E000000Dmpd|communityCaseMgmtController get(myCases)
23:53:34.0 (51036345)|SYSTEM_MODE_ENTER|true
23:53:34.0 (51042065)|VF_APEX_CALL_START|[EXTERNAL]|01p9E000000Dmpd|myCases
23:53:34.0 (51050329)|VF_APEX_CALL_END|myCases
23:53:34.0 (51061071)|VF_APEX_CALL_END|communityCaseMgmtController get(myCases)
23:53:34.0 (51428828)|VF_APEX_CALL_START|[EXTERNAL]|01p9E000000Dmpd|communityCaseMgmtController get(relatedAccId)
23:53:34.0 (51433730)|SYSTEM_MODE_ENTER|true
23:53:34.0 (51438398)|VF_APEX_CALL_START|[EXTERNAL]|01p9E000000Dmpd|relatedAccId
23:53:34.0 (51446057)|VF_APEX_CALL_END|relatedAccId
23:53:34.0 (51456118)|VF_APEX_CALL_END|communityCaseMgmtController get(relatedAccId)
23:53:34.0 (51525290)|VF_EVALUATE_FORMULA_BEGIN|0669E000000Cv0R|#{myOrgCases[accid]}
23:53:34.0 (51539685)|VF_APEX_CALL_START|[EXTERNAL]|01p9E000000Dmpd|communityCaseMgmtController get(myOrgCases)
23:53:34.0 (51543330)|SYSTEM_MODE_ENTER|true
23:53:34.0 (51547670)|VF_APEX_CALL_START|[EXTERNAL]|01p9E000000Dmpd|myOrgCases
23:53:34.0 (51555071)|VF_APEX_CALL_END|myOrgCases
23:53:34.0 (51564122)|VF_APEX_CALL_END|communityCaseMgmtController get(myOrgCases)
23:53:34.0 (51587728)|VF_EVALUATE_FORMULA_END
23:53:34.0 (51611490)|VF_EVALUATE_FORMULA_BEGIN|0669E000000Cv0R|#{myOrgCases[accid]}
23:53:34.0 (51626526)|VF_EVALUATE_FORMULA_END
23:53:34.0 (51630792)|VF_EVALUATE_FORMULA_BEGIN|0669E000000Cv0R|#{myOrgCases[accid]}
23:53:34.0 (51640067)|VF_EVALUATE_FORMULA_END
23:53:34.0 (51724408)|VF_EVALUATE_FORMULA_BEGIN|0669E000000Cv0R|#{myOrgCases[accid]}
23:53:34.0 (51742237)|VF_EVALUATE_FORMULA_END
23:53:34.0 (51748648)|VF_EVALUATE_FORMULA_BEGIN|0669E000000Cv0R|#{myOrgCases[accid]}
23:53:34.0 (51759907)|VF_EVALUATE_FORMULA_END
23:53:34.0 (51763529)|VF_EVALUATE_FORMULA_BEGIN|0669E000000Cv0R|#{myOrgCases[accid]}
23:53:34.0 (51773956)|VF_EVALUATE_FORMULA_END
23:53:34.0 (51788548)|VF_EVALUATE_FORMULA_BEGIN|0669E000000Cv0R|#{myOrgCases[accid]}
23:53:34.0 (51801764)|VF_EVALUATE_FORMULA_END
23:53:34.0 (51805351)|VF_EVALUATE_FORMULA_BEGIN|0669E000000Cv0R|#{myOrgCases[accid]}
23:53:34.0 (51816229)|VF_EVALUATE_FORMULA_END
23:53:34.0 (52139623)|VF_APEX_CALL_START|[EXTERNAL]|01p9E000000Dmpd|communityCaseMgmtController get(newcaseOwner)
23:53:34.0 (52145336)|SYSTEM_MODE_ENTER|true
23:53:34.0 (52150601)|VF_APEX_CALL_START|[EXTERNAL]|01p9E000000Dmpd|newcaseOwner
23:53:34.0 (52158262)|VF_APEX_CALL_END|newcaseOwner
23:53:34.0 (52169162)|VF_APEX_CALL_END|communityCaseMgmtController get(newcaseOwner)
23:53:34.0 (53061528)|VF_APEX_CALL_START|[EXTERNAL]|01p9E000000Dmpd|communityCaseMgmtController get(newCase)
23:53:34.0 (53068119)|SYSTEM_MODE_ENTER|true
23:53:34.0 (53074176)|VF_APEX_CALL_START|[EXTERNAL]|01p9E000000Dmpd|newCase
23:53:34.0 (53082429)|VF_APEX_CALL_END|newCase
23:53:34.0 (53093581)|VF_APEX_CALL_END|communityCaseMgmtController get(newCase)
23:53:34.0 (55855643)|VF_EVALUATE_FORMULA_BEGIN|0669E000000Cv0R|#{if(showCreateCase == false,  "block", "none")}
23:53:34.0 (55902316)|VF_APEX_CALL_START|[EXTERNAL]|01p9E000000Dmpd|communityCaseMgmtController get(showCreateCase)
23:53:34.0 (55908176)|SYSTEM_MODE_ENTER|true
23:53:34.0 (55914885)|VF_APEX_CALL_START|[EXTERNAL]|01p9E000000Dmpd|showCreateCase
23:53:34.0 (55924017)|VF_APEX_CALL_END|showCreateCase
23:53:34.0 (55937529)|VF_APEX_CALL_END|communityCaseMgmtController get(showCreateCase)
23:53:34.0 (55950728)|VF_EVALUATE_FORMULA_END
23:53:34.0 (56014246)|VF_EVALUATE_FORMULA_BEGIN|0669E000000Cv0R|#{if(accCaseCount[accid] > 0,  "block", "none")}
23:53:34.0 (56062840)|VF_APEX_CALL_START|[EXTERNAL]|01p9E000000Dmpd|communityCaseMgmtController get(accCaseCount)
23:53:34.0 (56067367)|SYSTEM_MODE_ENTER|true
23:53:34.0 (56072534)|VF_APEX_CALL_START|[EXTERNAL]|01p9E000000Dmpd|accCaseCount
23:53:34.0 (56080419)|VF_APEX_CALL_END|accCaseCount
23:53:34.0 (56091970)|VF_APEX_CALL_END|communityCaseMgmtController get(accCaseCount)
23:53:34.0 (56112744)|VF_EVALUATE_FORMULA_END
23:53:34.0 (56122737)|VF_EVALUATE_FORMULA_BEGIN|0669E000000Cv0R|#{accName[accid]}
23:53:34.0 (56155704)|VF_APEX_CALL_START|[EXTERNAL]|01p9E000000Dmpd|communityCaseMgmtController get(accName)
23:53:34.0 (56159816)|SYSTEM_MODE_ENTER|true
23:53:34.0 (56164515)|VF_APEX_CALL_START|[EXTERNAL]|01p9E000000Dmpd|accName
23:53:34.0 (56171084)|VF_APEX_CALL_END|accName
23:53:34.0 (56179423)|VF_APEX_CALL_END|communityCaseMgmtController get(accName)
23:53:34.0 (56192562)|VF_EVALUATE_FORMULA_END
23:53:34.0 (56214148)|VF_EVALUATE_FORMULA_BEGIN|0669E000000Cv0R|#{myOrgCases[accid]}
23:53:34.0 (56230061)|VF_EVALUATE_FORMULA_END
23:53:34.0 (56234584)|VF_EVALUATE_FORMULA_BEGIN|0669E000000Cv0R|#{myOrgCases[accid]}
23:53:34.0 (56244303)|VF_EVALUATE_FORMULA_END
23:53:34.0 (58094804)|VF_EVALUATE_FORMULA_BEGIN|0669E000000Cv0R|#{if(accCaseCount[accid] > 0,  "block", "none")}
23:53:34.0 (58123688)|VF_EVALUATE_FORMULA_END
23:53:34.0 (58131866)|VF_EVALUATE_FORMULA_BEGIN|0669E000000Cv0R|#{accName[accid]}
23:53:34.0 (58144362)|VF_EVALUATE_FORMULA_END
23:53:34.0 (58161580)|VF_EVALUATE_FORMULA_BEGIN|0669E000000Cv0R|#{myOrgCases[accid]}
23:53:34.0 (58177600)|VF_EVALUATE_FORMULA_END
23:53:34.0 (58181970)|VF_EVALUATE_FORMULA_BEGIN|0669E000000Cv0R|#{myOrgCases[accid]}
23:53:34.0 (58193953)|VF_EVALUATE_FORMULA_END
23:53:34.0 (64436162)|VF_APEX_CALL_START|[EXTERNAL]|01p9E000000Dmpd|communityCaseMgmtController get(qViewCaseId)
23:53:34.0 (64445945)|SYSTEM_MODE_ENTER|true
23:53:34.0 (64456535)|VF_APEX_CALL_START|[EXTERNAL]|01p9E000000Dmpd|qViewCaseId
23:53:34.0 (64469780)|VF_APEX_CALL_END|qViewCaseId
23:53:34.0 (64487451)|VF_APEX_CALL_END|communityCaseMgmtController get(qViewCaseId)
23:53:34.0 (64578303)|VF_APEX_CALL_START|[EXTERNAL]|01p9E000000Dmpd|communityCaseMgmtController get(caseOwner)
23:53:34.0 (64585355)|SYSTEM_MODE_ENTER|true
23:53:34.0 (64593854)|VF_APEX_CALL_START|[EXTERNAL]|01p9E000000Dmpd|caseOwner
23:53:34.0 (64604179)|VF_APEX_CALL_END|caseOwner
23:53:34.0 (64615942)|VF_APEX_CALL_END|communityCaseMgmtController get(caseOwner)
23:53:34.0 (72187452)|VF_APEX_CALL_START|[EXTERNAL]|01p9E000000Dmpd|communityCaseMgmtController get(qViewcase)
23:53:34.0 (72195154)|SYSTEM_MODE_ENTER|true
23:53:34.0 (72202102)|VF_APEX_CALL_START|[EXTERNAL]|01p9E000000Dmpd|qViewcase
23:53:34.0 (72211817)|VF_APEX_CALL_END|qViewcase
23:53:34.0 (72226142)|VF_APEX_CALL_END|communityCaseMgmtController get(qViewcase)
23:53:34.0 (74974150)|VF_SERIALIZE_VIEWSTATE_BEGIN|0669E000000Cv0R
23:53:34.0 (78783598)|VF_SERIALIZE_VIEWSTATE_END
23:53:34.0 (79985133)|VF_EVALUATE_FORMULA_BEGIN|0669E000000Cv0R|#{myOrgCases[accid]}
23:53:34.0 (80011964)|VF_EVALUATE_FORMULA_END
23:53:34.0 (80017749)|VF_EVALUATE_FORMULA_BEGIN|0669E000000Cv0R|#{myOrgCases[accid]}
23:53:34.0 (80028837)|VF_EVALUATE_FORMULA_END
23:53:34.0 (80067831)|VF_EVALUATE_FORMULA_BEGIN|0669E000000Cv0R|#{myOrgCases[accid]}
23:53:34.0 (80083290)|VF_EVALUATE_FORMULA_END
23:53:34.0 (80087243)|VF_EVALUATE_FORMULA_BEGIN|0669E000000Cv0R|#{myOrgCases[accid]}
23:53:34.0 (80098164)|VF_EVALUATE_FORMULA_END
23:53:34.0 (80111912)|VF_EVALUATE_FORMULA_BEGIN|0669E000000Cv0R|#{myOrgCases[accid]}
23:53:34.0 (80124688)|VF_EVALUATE_FORMULA_END
23:53:34.0 (80128427)|VF_EVALUATE_FORMULA_BEGIN|0669E000000Cv0R|#{myOrgCases[accid]}
23:53:34.0 (80139588)|VF_EVALUATE_FORMULA_END
23:53:34.81 (81185140)|CUMULATIVE_LIMIT_USAGE
23:53:34.81 (81185140)|LIMIT_USAGE_FOR_NS|(default)|
  Number of SOQL queries: 2 out of 100
  Number of query rows: 2 out of 50000
  Number of SOSL queries: 0 out of 20
  Number of DML statements: 0 out of 150
  Number of DML rows: 0 out of 10000
  Maximum CPU time: 0 out of 10000
  Maximum heap size: 0 out of 6000000
  Number of callouts: 0 out of 100
  Number of Email Invocations: 0 out of 10
  Number of future calls: 0 out of 50
  Number of queueable jobs added to the queue: 0 out of 50
  Number of Mobile Apex push calls: 0 out of 10

23:53:34.81 (81185140)|TOTAL_EMAIL_RECIPIENTS_QUEUED|0
23:53:34.81 (81185140)|STATIC_VARIABLE_LIST|
  char[]:DigitTens:0
  long:serialVersionUID:0
  long:serialVersionUID:0
  double:MAX_VALUE:0
  Boolean:FALSE:0
  long:serialVersionUID:0
  String:__sfdcInnerTypes:0
  String:_sfdcSuppressedCodeLocations:0
  double:MIN_VALUE:0
  int:SIZE:0
  double:NEGATIVE_INFINITY:0
  int:MAX_VALUE:0
  String:_sfdcAdditionalCodeLocations:0
  char[]:digits:0
  double:NaN:0
  Boolean:TRUE:0
  int:MIN_VALUE:0
  char[]:DigitOnes:0
  int:BYTES:0
  int:MIN_EXPONENT:0
  int[]:sizeTable:0
  int:MAX_EXPONENT:0
  String:_sfdcAdditionalCodeLocations:0
  String:__sfdcProperties:0
  int:SIZE:0
  double:POSITIVE_INFINITY:0
  double:MIN_NORMAL:0
  int:BYTES:0

23:53:34.81 (81185140)|CUMULATIVE_LIMIT_USAGE_END

23:53:34.0 (81310130)|CODE_UNIT_FINISHED|VF: /apex/communityCaseMgmt
23:53:34.0 (82089166)|EXECUTION_FINISHED
23:53:34.83 (83609429)|CUMULATIVE_PROFILING_BEGIN
23:53:34.83 (83609429)|CUMULATIVE_PROFILING|No profiling information for SOQL operations
23:53:34.83 (83609429)|CUMULATIVE_PROFILING|No profiling information for SOSL operations
23:53:34.83 (83609429)|CUMULATIVE_PROFILING|No profiling information for DML operations
23:53:34.83 (83609429)|CUMULATIVE_PROFILING|method invocations|
External entry point: public void quickViewCase(): executed 1 time in 11 ms
Class.communityCaseMgmtController.quickViewCase: line 142, column 1: public Case __sfdc_qViewcase(): executed 3 times in 6 ms
Class.communityCaseMgmtController.quickViewCase: line 140, column 1: public Id __sfdc_qViewCaseId(): executed 3 times in 5 ms
Class.communityCaseMgmtController.quickViewCase: line 139, column 1: public Id __sfdc_qViewCaseId(): executed 3 times in 0 ms

23:53:34.83 (83609429)|CUMULATIVE_PROFILING_END
