39.0 APEX_CODE,FINEST;APEX_PROFILING,FINEST;CALLOUT,FINEST;DB,FINEST;SYSTEM,FINE;VALIDATION,INFO;VISUALFORCE,FINER;WAVE,INFO;WORKFLOW,FINER
17:18:54.1 (1786903)|USER_INFO|[EXTERNAL]|00524000001Gj8w|russell@lightful.xyz.commundev|Greenwich Mean Time|GMT+01:00
17:18:54.1 (1820042)|EXECUTION_STARTED
17:18:54.1 (1825047)|CODE_UNIT_STARTED|[EXTERNAL]|VisualForce View State
17:18:54.1 (8088248)|HEAP_ALLOCATE|[72]|Bytes:3
17:18:54.1 (8130906)|HEAP_ALLOCATE|[77]|Bytes:152
17:18:54.1 (8155360)|HEAP_ALLOCATE|[342]|Bytes:408
17:18:54.1 (8169711)|HEAP_ALLOCATE|[355]|Bytes:408
17:18:54.1 (8184925)|HEAP_ALLOCATE|[467]|Bytes:48
17:18:54.1 (8227288)|HEAP_ALLOCATE|[139]|Bytes:6
17:18:54.1 (12717814)|CODE_UNIT_FINISHED|VisualForce View State
17:18:54.1 (13644407)|EXECUTION_FINISHED
17:18:55.186 (1186515365)|USER_INFO|[EXTERNAL]|00524000001Gj8w|russell@lightful.xyz.commundev|Greenwich Mean Time|GMT+01:00
17:18:55.186 (1187240927)|VF_APEX_CALL_START|[EXTERNAL]|/apexpage/pagemessagecomponentcontroller.apex <init>
17:18:55.186 (1187250155)|SYSTEM_MODE_ENTER|true
17:18:55.186 (1187281485)|HEAP_ALLOCATE|[EXTERNAL]|Bytes:120
17:18:55.186 (1187292115)|HEAP_ALLOCATE|[EXTERNAL]|Bytes:10
17:18:55.186 (1187302383)|SYSTEM_METHOD_ENTRY|[1]|pagemessagecomponentcontroller.pagemessagecomponentcontroller()
17:18:55.186 (1187306234)|STATEMENT_EXECUTE|[1]
17:18:55.330 (1330224926)|CUMULATIVE_LIMIT_USAGE
17:18:55.330 (1330224926)|LIMIT_USAGE_FOR_NS|(default)|
  Number of SOQL queries: 0 out of 100
  Number of query rows: 0 out of 50000
  Number of SOSL queries: 0 out of 20
  Number of DML statements: 0 out of 150
  Number of DML rows: 0 out of 10000
  Maximum CPU time: 0 out of 10000
  Maximum heap size: 0 out of 6000000
  Number of callouts: 0 out of 100
  Number of Email Invocations: 0 out of 10
  Number of future calls: 0 out of 50
  Number of queueable jobs added to the queue: 0 out of 50
  Number of Mobile Apex push calls: 0 out of 10

17:18:55.330 (1330224926)|CUMULATIVE_LIMIT_USAGE_END

