39.0 APEX_CODE,FINEST;APEX_PROFILING,FINEST;CALLOUT,FINEST;DB,FINEST;SYSTEM,FINE;VALIDATION,INFO;VISUALFORCE,FINER;WAVE,INFO;WORKFLOW,FINER
05:23:53.0 (297230)|USER_INFO|[EXTERNAL]|00524000005uNfK|neela@lightful.com.commundev|Line Is. Time|GMT+14:00
05:23:53.0 (318707)|EXECUTION_STARTED
05:23:53.0 (321939)|CODE_UNIT_STARTED|[EXTERNAL]|0669E000000CvHr|VF: /apex/communityCheckout
05:23:53.0 (835522)|VF_DESERIALIZE_VIEWSTATE_BEGIN|0669E000000CvHr
05:23:53.0 (6647967)|HEAP_ALLOCATE|[72]|Bytes:3
05:23:53.0 (6677420)|HEAP_ALLOCATE|[77]|Bytes:152
05:23:53.0 (6690316)|HEAP_ALLOCATE|[342]|Bytes:408
05:23:53.0 (6703547)|HEAP_ALLOCATE|[355]|Bytes:408
05:23:53.0 (6716043)|HEAP_ALLOCATE|[467]|Bytes:48
05:23:53.0 (6743711)|HEAP_ALLOCATE|[139]|Bytes:6
05:23:53.0 (9994897)|VF_DESERIALIZE_VIEWSTATE_END
05:23:53.14 (14187118)|VF_APEX_CALL_START|[EXTERNAL]|/apexpage/pagemessagescomponentcontroller.apex get(severities)
05:23:53.14 (14205797)|SYSTEM_MODE_ENTER|true
05:23:53.14 (14230013)|VF_APEX_CALL_START|[EXTERNAL]|PageMessagesComponentController invoke(getseverities)
05:23:53.14 (14259252)|HEAP_ALLOCATE|[EXTERNAL]|Bytes:38
05:23:53.14 (14267072)|HEAP_ALLOCATE|[EXTERNAL]|Bytes:7
05:23:53.14 (14275350)|SYSTEM_METHOD_ENTRY|[1]|PageMessagesComponentController.PageMessagesComponentController()
05:23:53.14 (14278784)|STATEMENT_EXECUTE|[1]
05:23:53.15 (15033533)|VF_APEX_CALL_START|[EXTERNAL]|/apexpage/pagemessagescomponentcontroller.apex set(conEscape,null)
05:23:53.15 (15042863)|SYSTEM_MODE_ENTER|true
05:23:53.15 (15052357)|VF_APEX_CALL_START|[EXTERNAL]|PageMessagesComponentController set(conEscape,null)
05:23:53.15 (15070592)|VF_APEX_CALL_START|[EXTERNAL]|PageMessagesComponentController invoke(setconEscape)
05:23:53.15 (15090481)|HEAP_ALLOCATE|[EXTERNAL]|Bytes:8
05:23:53.15 (15095571)|VARIABLE_SCOPE_BEGIN|[88]|this|ApexPage.PageMessagesComponentController|true|false
05:23:53.15 (15124707)|VARIABLE_ASSIGNMENT|[88]|this|{}|0x1e87b23f
05:23:53.15 (15127379)|VARIABLE_SCOPE_BEGIN|[88]|escape|Boolean|false|false
05:23:53.15 (15131976)|VARIABLE_ASSIGNMENT|[88]|escape|null
05:23:53.0 (15276278)|VF_APEX_CALL_START|[EXTERNAL]|01p9E000000Dmea|CommunityProdController get(getOLI)
05:23:53.0 (15283022)|SYSTEM_MODE_ENTER|true
05:23:53.0 (15293790)|VF_APEX_CALL_START|[EXTERNAL]|01p9E000000Dmea|getOLI
05:23:53.0 (15303677)|HEAP_ALLOCATE|[EXTERNAL]|Bytes:560
05:23:53.0 (15313518)|HEAP_ALLOCATE|[EXTERNAL]|Bytes:92
05:23:53.0 (15316408)|HEAP_ALLOCATE|[EXTERNAL]|Bytes:35
05:23:53.0 (15323172)|METHOD_ENTRY|[1]|01p9E000000Dmea|CommunityProdController.CommunityProdController()
05:23:53.0 (15325850)|STATEMENT_EXECUTE|[1]
05:23:53.0 (15329115)|STATEMENT_EXECUTE|[1]
05:23:53.0 (15332571)|METHOD_EXIT|[1]|CommunityProdController
05:23:53.0 (15339424)|VF_APEX_CALL_END|getOLI
05:23:53.0 (15352308)|VF_APEX_CALL_END|CommunityProdController get(getOLI)
05:23:53.15 (15670712)|VF_APEX_CALL_START|[EXTERNAL]|/apexpage/pagemessagescomponentcontroller.apex set(conEscape,null)
05:23:53.15 (15679350)|SYSTEM_MODE_ENTER|true
05:23:53.15 (15686269)|VF_APEX_CALL_START|[EXTERNAL]|PageMessagesComponentController set(conEscape,null)
05:23:53.15 (15703190)|VF_APEX_CALL_START|[EXTERNAL]|PageMessagesComponentController invoke(setconEscape)
05:23:53.15 (15721329)|HEAP_ALLOCATE|[EXTERNAL]|Bytes:8
05:23:53.15 (15725351)|VARIABLE_SCOPE_BEGIN|[88]|this|ApexPage.PageMessagesComponentController|true|false
05:23:53.15 (15748861)|VARIABLE_ASSIGNMENT|[88]|this|{}|0x1e87b23f
05:23:53.15 (15751035)|VARIABLE_SCOPE_BEGIN|[88]|escape|Boolean|false|false
05:23:53.15 (15754205)|VARIABLE_ASSIGNMENT|[88]|escape|null
05:23:53.0 (16089195)|VF_APEX_CALL_START|[EXTERNAL]|01p9E000000Dmea|CommunityProdController invoke(deleteOppProd)
05:23:53.0 (16115533)|HEAP_ALLOCATE|[EXTERNAL]|Bytes:104
05:23:53.0 (16120935)|VARIABLE_SCOPE_BEGIN|[146]|this|CommunityProdController|true|false
05:23:53.0 (16358609)|VARIABLE_ASSIGNMENT|[146]|this|{"con":"0x605eb0c5","currentUser":"0x13a02b94","currentUserId":"00524000005uNfKAAU","getOLI":"0x40cdcc85","newOpp":"0x4027594f","oppValueSummary":"0x55ea1116","pbEntry":"0x47846cb4","prod_pbEntry":"0x69833925","prodList":"0x1314f87b","prodListDisp":"0x167339ae"}|0xfdf8a50
05:23:53.0 (16368780)|STATEMENT_EXECUTE|[147]
05:23:53.0 (16370514)|STATEMENT_EXECUTE|[148]
05:23:53.0 (16373748)|HEAP_ALLOCATE|[148]|Bytes:18
05:23:53.0 (16387963)|SYSTEM_METHOD_ENTRY|[148]|CommunityProdController.__sfdc_delOppProdId()
05:23:53.0 (16530068)|VARIABLE_ASSIGNMENT|[EXTERNAL]|this|{"con":"0x605eb0c5","currentUser":"0x13a02b94","currentUserId":"00524000005uNfKAAU","getOLI":"0x40cdcc85","newOpp":"0x4027594f","oppValueSummary":"0x55ea1116","pbEntry":"0x47846cb4","prod_pbEntry":"0x69833925","prodList":"0x1314f87b","prodListDisp":"0x167339ae"}|0xfdf8a50
05:23:53.0 (16542097)|SYSTEM_METHOD_EXIT|[148]|CommunityProdController.__sfdc_delOppProdId()
05:23:53.0 (16558620)|HEAP_ALLOCATE|[148]|Bytes:22
05:23:53.0 (16574955)|SYSTEM_METHOD_ENTRY|[148]|System.debug(ANY)
05:23:53.0 (16582714)|USER_DEBUG|[148]|DEBUG|del opp prod id : null
05:23:53.0 (16586524)|SYSTEM_METHOD_EXIT|[148]|System.debug(ANY)
05:23:53.0 (16589220)|STATEMENT_EXECUTE|[149]
05:23:53.0 (16591634)|HEAP_ALLOCATE|[149]|Bytes:27
05:23:53.0 (16599257)|SYSTEM_METHOD_ENTRY|[149]|CommunityProdController.__sfdc_getOLI()
05:23:53.0 (16732392)|VARIABLE_ASSIGNMENT|[EXTERNAL]|this|{"con":"0x605eb0c5","currentUser":"0x13a02b94","currentUserId":"00524000005uNfKAAU","getOLI":"0x40cdcc85","newOpp":"0x4027594f","oppValueSummary":"0x55ea1116","pbEntry":"0x47846cb4","prod_pbEntry":"0x69833925","prodList":"0x1314f87b","prodListDisp":"0x167339ae"}|0xfdf8a50
05:23:53.0 (16748667)|SYSTEM_METHOD_EXIT|[149]|CommunityProdController.__sfdc_getOLI()
05:23:53.0 (16777479)|SYSTEM_METHOD_ENTRY|[149]|String.valueOf(Object)
05:23:53.0 (17333157)|HEAP_ALLOCATE|[149]|Bytes:522
05:23:53.0 (17353584)|SYSTEM_METHOD_EXIT|[149]|String.valueOf(Object)
05:23:53.0 (17362418)|HEAP_ALLOCATE|[149]|Bytes:549
05:23:53.0 (17371308)|SYSTEM_METHOD_ENTRY|[149]|System.debug(ANY)
05:23:53.0 (17375769)|USER_DEBUG|[149]|DEBUG|getOLI values before delete(OpportunityLineItem:{Id=00k9E000003HqfVQAS, ListPrice=1200.00, Name=Opp_null_1490613688425 First Partners - Full Licence, OpportunityId=0069E000002lBcbQAE, Product2Id=01t24000002t6w2AAA, ProductCode=FPFL12000, Quantity=1.00, TotalPrice=1200.00, UnitPrice=1200.00}, OpportunityLineItem:{Id=00k9E000003HqfQQAS, ListPrice=200.00, Name=Opp_null_1490613688425 First Partners - Donor 3D, OpportunityId=0069E000002lBcbQAE, Product2Id=01t24000002t81MAAQ, ProductCode=FPD3D200, Quantity=1.00, TotalPrice=200.00, UnitPrice=200.00})
05:23:53.0 (17381683)|SYSTEM_METHOD_EXIT|[149]|System.debug(ANY)
05:23:53.0 (17384157)|STATEMENT_EXECUTE|[151]
05:23:53.0 (17387348)|HEAP_ALLOCATE|[151]|Bytes:144
05:23:53.0 (17395068)|HEAP_ALLOCATE|[151]|Bytes:4
05:23:53.0 (17402334)|HEAP_ALLOCATE|[151]|Bytes:7
05:23:53.0 (17408215)|SYSTEM_METHOD_ENTRY|[151]|CommunityProdController.__sfdc_delOppProdId()
05:23:53.0 (17555982)|VARIABLE_ASSIGNMENT|[EXTERNAL]|this|{"con":"0x605eb0c5","currentUser":"0x13a02b94","currentUserId":"00524000005uNfKAAU","getOLI":"0x40cdcc85","newOpp":"0x4027594f","oppValueSummary":"0x55ea1116","pbEntry":"0x47846cb4","prod_pbEntry":"0x69833925","prodList":"0x1314f87b","prodListDisp":"0x167339ae"}|0xfdf8a50
05:23:53.0 (17565817)|SYSTEM_METHOD_EXIT|[151]|CommunityProdController.__sfdc_delOppProdId()
05:23:53.0 (17840203)|SOQL_EXECUTE_BEGIN|[151]|Aggregations:0|SELECT Id, ListPrice, Name, OpportunityId, Product2Id, ProductCode, Quantity, TotalPrice, UnitPrice FROM OpportunityLineItem WHERE id = :tmpVar1
05:23:53.0 (17848223)|LIMIT_USAGE|[151]|SOQL|1|100
05:23:53.0 (17855742)|LIMIT_USAGE|[151]|AGGS|0|300
05:23:53.0 (20217035)|SOQL_EXECUTE_END|[151]|Rows:0
05:23:53.0 (20223318)|LIMIT_USAGE|[151]|SOQL_ROWS|0|50000
05:23:53.0 (20235552)|HEAP_ALLOCATE|[151]|Bytes:4
05:23:53.0 (20243472)|HEAP_ALLOCATE|[151]|Bytes:0
05:23:53.0 (20266104)|HEAP_ALLOCATE|[151]|Bytes:4
05:23:53.0 (20282130)|HEAP_ALLOCATE|[151]|Bytes:45
05:23:53.0 (20341261)|HEAP_ALLOCATE|[151]|Bytes:46
05:23:53.0 (20423048)|FATAL_ERROR|System.QueryException: List has no rows for assignment to SObject

Class.CommunityProdController.deleteOppProd: line 151, column 1
05:23:53.0 (20431763)|VF_APEX_CALL_END|CommunityProdController invoke(deleteOppProd)
05:23:53.38 (38972235)|CUMULATIVE_PROFILING_BEGIN
05:23:53.38 (38972235)|CUMULATIVE_PROFILING|No profiling information for SOQL operations
05:23:53.38 (38972235)|CUMULATIVE_PROFILING|No profiling information for SOSL operations
05:23:53.38 (38972235)|CUMULATIVE_PROFILING|No profiling information for DML operations
05:23:53.38 (38972235)|CUMULATIVE_PROFILING|method invocations|
External entry point: public void deleteOppProd(): executed 1 time in 4 ms
Class.CommunityProdController.deleteOppProd: line 151, column 1: public String __sfdc_delOppProdId(): executed 2 times in 3 ms
Class.CommunityProdController.deleteOppProd: line 148, column 1: public String __sfdc_delOppProdId(): executed 2 times in 0 ms
Class.CommunityProdController.deleteOppProd: line 149, column 1: public List<OpportunityLineItem> __sfdc_getOLI(): executed 3 times in 0 ms

05:23:53.38 (38972235)|CUMULATIVE_PROFILING_END
