39.0 APEX_CODE,FINEST;APEX_PROFILING,FINEST;CALLOUT,FINEST;DB,FINEST;SYSTEM,FINE;VALIDATION,INFO;VISUALFORCE,FINER;WAVE,INFO;WORKFLOW,FINER
23:51:17.0 (311746)|USER_INFO|[EXTERNAL]|00524000005uNfK|neela@lightful.com.commundev|Line Is. Time|GMT+14:00
23:51:17.0 (340873)|EXECUTION_STARTED
23:51:17.0 (344777)|CODE_UNIT_STARTED|[EXTERNAL]|0669E000000Cv0R|VF: /apex/communityCaseMgmt
23:51:17.0 (941150)|VF_DESERIALIZE_VIEWSTATE_BEGIN|0669E000000Cv0R
23:51:17.0 (6556680)|HEAP_ALLOCATE|[72]|Bytes:3
23:51:17.0 (6595721)|HEAP_ALLOCATE|[77]|Bytes:152
23:51:17.0 (6610050)|HEAP_ALLOCATE|[342]|Bytes:408
23:51:17.0 (6625619)|HEAP_ALLOCATE|[355]|Bytes:408
23:51:17.0 (6638749)|HEAP_ALLOCATE|[467]|Bytes:48
23:51:17.0 (6664530)|HEAP_ALLOCATE|[139]|Bytes:6
23:51:17.0 (7869231)|HEAP_ALLOCATE|[50]|Bytes:5
23:51:17.0 (7891390)|HEAP_ALLOCATE|[56]|Bytes:5
23:51:17.0 (7899396)|HEAP_ALLOCATE|[64]|Bytes:7
23:51:17.0 (11035634)|VF_DESERIALIZE_VIEWSTATE_END
23:51:17.14 (14515313)|VF_APEX_CALL_START|[EXTERNAL]|/apexpage/pagemessagescomponentcontroller.apex get(severities)
23:51:17.14 (14533312)|SYSTEM_MODE_ENTER|true
23:51:17.14 (14558443)|VF_APEX_CALL_START|[EXTERNAL]|PageMessagesComponentController invoke(getseverities)
23:51:17.14 (14594554)|HEAP_ALLOCATE|[EXTERNAL]|Bytes:38
23:51:17.14 (14603965)|HEAP_ALLOCATE|[EXTERNAL]|Bytes:7
23:51:17.14 (14615972)|SYSTEM_METHOD_ENTRY|[1]|PageMessagesComponentController.PageMessagesComponentController()
23:51:17.14 (14620525)|STATEMENT_EXECUTE|[1]
23:51:17.15 (15414490)|VF_APEX_CALL_START|[EXTERNAL]|/apexpage/pagemessagescomponentcontroller.apex set(conEscape,null)
23:51:17.15 (15423246)|SYSTEM_MODE_ENTER|true
23:51:17.15 (15431798)|VF_APEX_CALL_START|[EXTERNAL]|PageMessagesComponentController set(conEscape,null)
23:51:17.15 (15448474)|VF_APEX_CALL_START|[EXTERNAL]|PageMessagesComponentController invoke(setconEscape)
23:51:17.15 (15468001)|HEAP_ALLOCATE|[EXTERNAL]|Bytes:8
23:51:17.15 (15473017)|VARIABLE_SCOPE_BEGIN|[88]|this|ApexPage.PageMessagesComponentController|true|false
23:51:17.15 (15505284)|VARIABLE_ASSIGNMENT|[88]|this|{}|0x4b698c40
23:51:17.15 (15508127)|VARIABLE_SCOPE_BEGIN|[88]|escape|Boolean|false|false
23:51:17.15 (15512165)|VARIABLE_ASSIGNMENT|[88]|escape|null
23:51:17.0 (15656796)|VF_APEX_CALL_START|[EXTERNAL]|01p9E000000Dmpd|communityCaseMgmtController get(myCases)
23:51:17.0 (15663107)|SYSTEM_MODE_ENTER|true
23:51:17.0 (15672709)|VF_APEX_CALL_START|[EXTERNAL]|01p9E000000Dmpd|myCases
23:51:17.0 (15684507)|HEAP_ALLOCATE|[EXTERNAL]|Bytes:412
23:51:17.0 (15693821)|HEAP_ALLOCATE|[EXTERNAL]|Bytes:76
23:51:17.0 (15696896)|HEAP_ALLOCATE|[EXTERNAL]|Bytes:27
23:51:17.0 (15704097)|METHOD_ENTRY|[1]|01p9E000000Dmpd|communityCaseMgmtController.communityCaseMgmtController()
23:51:17.0 (15708112)|STATEMENT_EXECUTE|[1]
23:51:17.0 (15711240)|STATEMENT_EXECUTE|[1]
23:51:17.0 (15714707)|METHOD_EXIT|[1]|communityCaseMgmtController
23:51:17.0 (15722715)|VF_APEX_CALL_END|myCases
23:51:17.0 (15735387)|VF_APEX_CALL_END|communityCaseMgmtController get(myCases)
23:51:17.0 (15990574)|VF_APEX_CALL_START|[EXTERNAL]|01p9E000000Dmpd|communityCaseMgmtController get(relatedAccId)
23:51:17.0 (15995633)|SYSTEM_MODE_ENTER|true
23:51:17.0 (16001050)|VF_APEX_CALL_START|[EXTERNAL]|01p9E000000Dmpd|relatedAccId
23:51:17.0 (16009817)|VF_APEX_CALL_END|relatedAccId
23:51:17.0 (16020740)|VF_APEX_CALL_END|communityCaseMgmtController get(relatedAccId)
23:51:17.0 (16106474)|VF_EVALUATE_FORMULA_BEGIN|0669E000000Cv0R|#{myOrgCases[accid]}
23:51:17.0 (16159589)|VF_APEX_CALL_START|[EXTERNAL]|01p9E000000Dmpd|communityCaseMgmtController get(myOrgCases)
23:51:17.0 (16164355)|SYSTEM_MODE_ENTER|true
23:51:17.0 (16169709)|VF_APEX_CALL_START|[EXTERNAL]|01p9E000000Dmpd|myOrgCases
23:51:17.0 (16178393)|VF_APEX_CALL_END|myOrgCases
23:51:17.0 (16188323)|VF_APEX_CALL_END|communityCaseMgmtController get(myOrgCases)
23:51:17.0 (16266525)|VF_EVALUATE_FORMULA_END
23:51:17.0 (16276435)|VF_EVALUATE_FORMULA_BEGIN|0669E000000Cv0R|#{myOrgCases[accid]}
23:51:17.0 (16295552)|VF_EVALUATE_FORMULA_END
23:51:17.0 (16365194)|VF_EVALUATE_FORMULA_BEGIN|0669E000000Cv0R|#{myOrgCases[accid]}
23:51:17.0 (16396446)|VF_EVALUATE_FORMULA_END
23:51:17.0 (16401904)|VF_EVALUATE_FORMULA_BEGIN|0669E000000Cv0R|#{myOrgCases[accid]}
23:51:17.0 (16415318)|VF_EVALUATE_FORMULA_END
23:51:17.0 (16607026)|VF_APEX_CALL_START|[EXTERNAL]|01p9E000000Dmpd|communityCaseMgmtController get(newcaseOwner)
23:51:17.0 (16612512)|SYSTEM_MODE_ENTER|true
23:51:17.0 (16617782)|VF_APEX_CALL_START|[EXTERNAL]|01p9E000000Dmpd|newcaseOwner
23:51:17.0 (16626878)|VF_APEX_CALL_END|newcaseOwner
23:51:17.0 (16639409)|VF_APEX_CALL_END|communityCaseMgmtController get(newcaseOwner)
23:51:17.0 (20620963)|VF_APEX_CALL_START|[EXTERNAL]|01p9E000000Dmpd|communityCaseMgmtController get(newCase)
23:51:17.0 (20629751)|SYSTEM_MODE_ENTER|true
23:51:17.0 (20636769)|VF_APEX_CALL_START|[EXTERNAL]|01p9E000000Dmpd|newCase
23:51:17.0 (20647860)|VF_APEX_CALL_END|newCase
23:51:17.0 (20660653)|VF_APEX_CALL_END|communityCaseMgmtController get(newCase)
23:51:17.0 (24665920)|VF_EVALUATE_FORMULA_BEGIN|0669E000000Cv0R|#{myOrgCases[accid]}
23:51:17.0 (24709910)|VF_EVALUATE_FORMULA_END
23:51:17.0 (24717358)|VF_EVALUATE_FORMULA_BEGIN|0669E000000Cv0R|#{myOrgCases[accid]}
23:51:17.0 (24730125)|VF_EVALUATE_FORMULA_END
23:51:17.25 (25998606)|VF_APEX_CALL_START|[EXTERNAL]|/apexpage/pagemessagescomponentcontroller.apex set(conEscape,null)
23:51:17.25 (26012156)|SYSTEM_MODE_ENTER|true
23:51:17.25 (26022345)|VF_APEX_CALL_START|[EXTERNAL]|PageMessagesComponentController set(conEscape,null)
23:51:17.25 (26044050)|VF_APEX_CALL_START|[EXTERNAL]|PageMessagesComponentController invoke(setconEscape)
23:51:17.25 (26083965)|HEAP_ALLOCATE|[EXTERNAL]|Bytes:8
23:51:17.25 (26094869)|VARIABLE_SCOPE_BEGIN|[88]|this|ApexPage.PageMessagesComponentController|true|false
23:51:17.25 (26130162)|VARIABLE_ASSIGNMENT|[88]|this|{}|0x4b698c40
23:51:17.25 (26133126)|VARIABLE_SCOPE_BEGIN|[88]|escape|Boolean|false|false
23:51:17.25 (26137248)|VARIABLE_ASSIGNMENT|[88]|escape|null
23:51:17.0 (26911959)|VF_APEX_CALL_START|[EXTERNAL]|communityCaseMgmtController set(qViewCaseId,5009E000001w1IMQAY)
23:51:17.0 (26918113)|SYSTEM_MODE_ENTER|true
23:51:17.0 (26925659)|VF_APEX_CALL_START|[EXTERNAL]|communityCaseMgmtController set(qViewCaseId,5009E000001w1IMQAY)
23:51:17.0 (26940968)|HEAP_ALLOCATE|[EXTERNAL]|Bytes:4
23:51:17.0 (26944345)|HEAP_ALLOCATE|[EXTERNAL]|Bytes:72
23:51:17.0 (27067507)|VARIABLE_ASSIGNMENT|[EXTERNAL]|this.qViewCaseId|"5009E000001w1IMQAY"|0x559278ce
23:51:17.0 (27080688)|VF_APEX_CALL_END|communityCaseMgmtController set(qViewCaseId,5009E000001w1IMQAY)
23:51:17.0 (27094977)|VF_APEX_CALL_END|communityCaseMgmtController set(qViewCaseId,5009E000001w1IMQAY)
23:51:17.0 (27335588)|VF_APEX_CALL_START|[EXTERNAL]|01p9E000000Dmpd|communityCaseMgmtController invoke(quickViewCase)
23:51:17.0 (27358446)|HEAP_ALLOCATE|[EXTERNAL]|Bytes:72
23:51:17.0 (27363707)|VARIABLE_SCOPE_BEGIN|[137]|this|communityCaseMgmtController|true|false
23:51:17.0 (27539623)|VARIABLE_ASSIGNMENT|[137]|this|{"accCaseCount":"0x736fd72f","accName":"0x3a421387","con":"0x38bfa35c","conRelatedAccsList":"0x2ee6e410","currentUser":"0x23bd984c","currentUserId":"00524000005uNfKAAU","myCases":"0x9c97997","myOrgCases":"0x712ad5f9","newCase":"0x4ca99eb1","newCaseOwner":"0x55762550","qViewCaseId":"5009E000001w1IMQAY","relatedAccId":"0x3ef15696","showCreateCase":false}|0x559278ce
23:51:17.0 (27551405)|STATEMENT_EXECUTE|[138]
23:51:17.0 (27553207)|STATEMENT_EXECUTE|[139]
23:51:17.0 (27556708)|HEAP_ALLOCATE|[139]|Bytes:19
23:51:17.0 (27574832)|SYSTEM_METHOD_ENTRY|[139]|communityCaseMgmtController.__sfdc_qViewCaseId()
23:51:17.0 (27716639)|VARIABLE_ASSIGNMENT|[EXTERNAL]|this|{"accCaseCount":"0x736fd72f","accName":"0x3a421387","con":"0x38bfa35c","conRelatedAccsList":"0x2ee6e410","currentUser":"0x23bd984c","currentUserId":"00524000005uNfKAAU","myCases":"0x9c97997","myOrgCases":"0x712ad5f9","newCase":"0x4ca99eb1","newCaseOwner":"0x55762550","qViewCaseId":"5009E000001w1IMQAY","relatedAccId":"0x3ef15696","showCreateCase":false}|0x559278ce
23:51:17.0 (27728963)|SYSTEM_METHOD_EXIT|[139]|communityCaseMgmtController.__sfdc_qViewCaseId()
23:51:17.0 (27772743)|SYSTEM_METHOD_ENTRY|[139]|String.valueOf(Object)
23:51:17.0 (27778249)|HEAP_ALLOCATE|[139]|Bytes:18
23:51:17.0 (27786608)|SYSTEM_METHOD_EXIT|[139]|String.valueOf(Object)
23:51:17.0 (27795308)|HEAP_ALLOCATE|[139]|Bytes:37
23:51:17.0 (27815994)|SYSTEM_METHOD_ENTRY|[139]|System.debug(ANY)
23:51:17.0 (27823631)|USER_DEBUG|[139]|DEBUG|viewing the case : 5009E000001w1IMQAY
23:51:17.0 (27827596)|SYSTEM_METHOD_EXIT|[139]|System.debug(ANY)
23:51:17.0 (27830422)|STATEMENT_EXECUTE|[140]
23:51:17.0 (27833050)|HEAP_ALLOCATE|[140]|Bytes:117
23:51:17.0 (27842658)|HEAP_ALLOCATE|[140]|Bytes:4
23:51:17.0 (27851979)|HEAP_ALLOCATE|[140]|Bytes:7
23:51:17.0 (27857063)|SYSTEM_METHOD_ENTRY|[140]|communityCaseMgmtController.__sfdc_qViewCaseId()
23:51:17.0 (27990327)|VARIABLE_ASSIGNMENT|[EXTERNAL]|this|{"accCaseCount":"0x736fd72f","accName":"0x3a421387","con":"0x38bfa35c","conRelatedAccsList":"0x2ee6e410","currentUser":"0x23bd984c","currentUserId":"00524000005uNfKAAU","myCases":"0x9c97997","myOrgCases":"0x712ad5f9","newCase":"0x4ca99eb1","newCaseOwner":"0x55762550","qViewCaseId":"5009E000001w1IMQAY","relatedAccId":"0x3ef15696","showCreateCase":false}|0x559278ce
23:51:17.0 (27999900)|SYSTEM_METHOD_EXIT|[140]|communityCaseMgmtController.__sfdc_qViewCaseId()
23:51:17.0 (28240323)|SOQL_EXECUTE_BEGIN|[140]|Aggregations:0|SELECT id, reason, subject, status, CaseNumber, Issue_Type__c, CreatedById, Description FROM case WHERE id = :tmpVar1
23:51:17.0 (28250091)|LIMIT_USAGE|[140]|SOQL|1|100
23:51:17.0 (28259582)|LIMIT_USAGE|[140]|AGGS|0|300
23:51:17.0 (32763881)|SOQL_EXECUTE_END|[140]|Rows:1
23:51:17.0 (32778573)|LIMIT_USAGE|[140]|SOQL_ROWS|1|50000
23:51:17.0 (32800899)|HEAP_ALLOCATE|[140]|Bytes:8
23:51:17.0 (32814494)|HEAP_ALLOCATE|[140]|Bytes:270
23:51:17.0 (32861107)|HEAP_ALLOCATE|[140]|Bytes:8
23:51:17.0 (32875602)|HEAP_ALLOCATE|[140]|Bytes:30
23:51:17.0 (32966239)|HEAP_ALLOCATE|[140]|Bytes:40
23:51:17.0 (32990663)|SYSTEM_METHOD_ENTRY|[140]|communityCaseMgmtController.__sfdc_qViewcase(Case)
23:51:17.0 (33290729)|VARIABLE_ASSIGNMENT|[EXTERNAL]|this|{"accCaseCount":"0x736fd72f","accName":"0x3a421387","con":"0x38bfa35c","conRelatedAccsList":"0x2ee6e410","currentUser":"0x23bd984c","currentUserId":"00524000005uNfKAAU","myCases":"0x9c97997","myOrgCases":"0x712ad5f9","newCase":"0x4ca99eb1","newCaseOwner":"0x55762550","qViewCaseId":"5009E000001w1IMQAY","relatedAccId":"0x3ef15696","showCreateCase":false}|0x559278ce
23:51:17.0 (33321448)|VARIABLE_ASSIGNMENT|[EXTERNAL]|value|{"Id":"5009E000001w1IMQAY","Reason":"Lightful Community","Subject":"test community type  (4 more) ...","Status":"New","CaseNumber":"00001207","Issue_Type__c":"Community issue","CreatedById":"00524000005uNfKAAU","Description":"test community type  (9 more) ...","RecordTypeId":"012240000002nYhAAI"}|0xbf7d85b
23:51:17.0 (33350377)|VARIABLE_ASSIGNMENT|[133]|this.qViewcase|{"Id":"5009E000001w1IMQAY","Reason":"Lightful Community","Subject":"test community type  (4 more) ...","Status":"New","CaseNumber":"00001207","Issue_Type__c":"Community issue","CreatedById":"00524000005uNfKAAU","Description":"test community type  (9 more) ...","RecordTypeId":"012240000002nYhAAI"}|0x559278ce
23:51:17.0 (33362259)|SYSTEM_METHOD_EXIT|[140]|communityCaseMgmtController.__sfdc_qViewcase(Case)
23:51:17.0 (33368502)|STATEMENT_EXECUTE|[142]
23:51:17.0 (33373723)|HEAP_ALLOCATE|[142]|Bytes:52
23:51:17.0 (33381194)|HEAP_ALLOCATE|[142]|Bytes:4
23:51:17.0 (33395413)|SYSTEM_METHOD_ENTRY|[142]|communityCaseMgmtController.__sfdc_qViewcase()
23:51:17.0 (33602123)|VARIABLE_ASSIGNMENT|[EXTERNAL]|this|{"accCaseCount":"0x736fd72f","accName":"0x3a421387","con":"0x38bfa35c","conRelatedAccsList":"0x2ee6e410","currentUser":"0x23bd984c","currentUserId":"00524000005uNfKAAU","myCases":"0x9c97997","myOrgCases":"0x712ad5f9","newCase":"0x4ca99eb1","newCaseOwner":"0x55762550","qViewcase":"0xbf7d85b","qViewCaseId":"5009E000001w1IMQAY","relatedAccId":"0x3ef15696","showCreateCase":false}|0x559278ce
23:51:17.0 (33617843)|SYSTEM_METHOD_EXIT|[142]|communityCaseMgmtController.__sfdc_qViewcase()
23:51:17.0 (37138156)|SOQL_EXECUTE_BEGIN|[142]|Aggregations:0|SELECT id, name, email FROM user WHERE id = :tmpVar1
23:51:17.0 (37149325)|LIMIT_USAGE|[142]|SOQL|2|100
23:51:17.0 (37162318)|LIMIT_USAGE|[142]|AGGS|0|300
23:51:17.0 (40309953)|SOQL_EXECUTE_END|[142]|Rows:1
23:51:17.0 (40318199)|LIMIT_USAGE|[142]|SOQL_ROWS|2|50000
23:51:17.0 (40333332)|HEAP_ALLOCATE|[142]|Bytes:8
23:51:17.0 (40353161)|HEAP_ALLOCATE|[142]|Bytes:72
23:51:17.0 (40435703)|HEAP_ALLOCATE|[142]|Bytes:8
23:51:17.0 (40449571)|HEAP_ALLOCATE|[142]|Bytes:30
23:51:17.0 (40513131)|HEAP_ALLOCATE|[142]|Bytes:16
23:51:17.0 (40533786)|SYSTEM_METHOD_ENTRY|[142]|communityCaseMgmtController.__sfdc_caseOwner(User)
23:51:17.0 (40779304)|VARIABLE_ASSIGNMENT|[EXTERNAL]|this|{"accCaseCount":"0x736fd72f","accName":"0x3a421387","con":"0x38bfa35c","conRelatedAccsList":"0x2ee6e410","currentUser":"0x23bd984c","currentUserId":"00524000005uNfKAAU","myCases":"0x9c97997","myOrgCases":"0x712ad5f9","newCase":"0x4ca99eb1","newCaseOwner":"0x55762550","qViewcase":"0xbf7d85b","qViewCaseId":"5009E000001w1IMQAY","relatedAccId":"0x3ef15696","showCreateCase":false}|0x559278ce
23:51:17.0 (40799377)|VARIABLE_ASSIGNMENT|[EXTERNAL]|value|{"Id":"00524000005uNfKAAU","Name":"Neela SN","Email":"neela@lightful.com"}|0x6cd7cb89
23:51:17.0 (40819945)|VARIABLE_ASSIGNMENT|[135]|this.caseOwner|{"Id":"00524000005uNfKAAU","Name":"Neela SN","Email":"neela@lightful.com"}|0x559278ce
23:51:17.0 (40829634)|SYSTEM_METHOD_EXIT|[142]|communityCaseMgmtController.__sfdc_caseOwner(User)
23:51:17.0 (40872406)|VF_APEX_CALL_END|communityCaseMgmtController invoke(quickViewCase)
23:51:17.51 (51972909)|VF_APEX_CALL_START|[EXTERNAL]|/apexpage/pagemessagescomponentcontroller.apex set(conEscape,null)
23:51:17.51 (51994256)|SYSTEM_MODE_ENTER|true
23:51:17.51 (52006731)|VF_APEX_CALL_START|[EXTERNAL]|PageMessagesComponentController set(conEscape,null)
23:51:17.51 (52039072)|VF_APEX_CALL_START|[EXTERNAL]|PageMessagesComponentController invoke(setconEscape)
23:51:17.51 (52080785)|HEAP_ALLOCATE|[EXTERNAL]|Bytes:8
23:51:17.51 (52090129)|VARIABLE_SCOPE_BEGIN|[88]|this|ApexPage.PageMessagesComponentController|true|false
23:51:17.51 (52126377)|VARIABLE_ASSIGNMENT|[88]|this|{}|0x4b698c40
23:51:17.51 (52129329)|VARIABLE_SCOPE_BEGIN|[88]|escape|Boolean|false|false
23:51:17.51 (52133530)|VARIABLE_ASSIGNMENT|[88]|escape|null
23:51:17.52 (52232271)|VF_APEX_CALL_START|[EXTERNAL]|/apexpage/pagemessagescomponentcontroller.apex get(severities)
23:51:17.52 (52239842)|SYSTEM_MODE_ENTER|true
23:51:17.52 (52249688)|VF_APEX_CALL_START|[EXTERNAL]|PageMessagesComponentController invoke(getseverities)
23:51:17.52 (52264785)|HEAP_ALLOCATE|[EXTERNAL]|Bytes:8
23:51:17.52 (52268709)|VARIABLE_SCOPE_BEGIN|[2]|this|ApexPage.PageMessagesComponentController|true|false
23:51:17.52 (52282985)|VARIABLE_ASSIGNMENT|[2]|this|{}|0x4b698c40
23:51:17.0 (52615442)|VF_APEX_CALL_START|[EXTERNAL]|01p9E000000Dmpd|communityCaseMgmtController get(myCases)
23:51:17.0 (52622119)|SYSTEM_MODE_ENTER|true
23:51:17.0 (52628987)|VF_APEX_CALL_START|[EXTERNAL]|01p9E000000Dmpd|myCases
23:51:17.0 (52641768)|VF_APEX_CALL_END|myCases
23:51:17.0 (52652103)|VF_APEX_CALL_END|communityCaseMgmtController get(myCases)
23:51:17.0 (53085835)|VF_APEX_CALL_START|[EXTERNAL]|01p9E000000Dmpd|communityCaseMgmtController get(relatedAccId)
23:51:17.0 (53092077)|SYSTEM_MODE_ENTER|true
23:51:17.0 (53101639)|VF_APEX_CALL_START|[EXTERNAL]|01p9E000000Dmpd|relatedAccId
23:51:17.0 (53111013)|VF_APEX_CALL_END|relatedAccId
23:51:17.0 (53122868)|VF_APEX_CALL_END|communityCaseMgmtController get(relatedAccId)
23:51:17.0 (53207931)|VF_EVALUATE_FORMULA_BEGIN|0669E000000Cv0R|#{myOrgCases[accid]}
23:51:17.0 (53225285)|VF_APEX_CALL_START|[EXTERNAL]|01p9E000000Dmpd|communityCaseMgmtController get(myOrgCases)
23:51:17.0 (53229958)|SYSTEM_MODE_ENTER|true
23:51:17.0 (53234607)|VF_APEX_CALL_START|[EXTERNAL]|01p9E000000Dmpd|myOrgCases
23:51:17.0 (53242585)|VF_APEX_CALL_END|myOrgCases
23:51:17.0 (53251249)|VF_APEX_CALL_END|communityCaseMgmtController get(myOrgCases)
23:51:17.0 (53278400)|VF_EVALUATE_FORMULA_END
23:51:17.0 (53303453)|VF_EVALUATE_FORMULA_BEGIN|0669E000000Cv0R|#{myOrgCases[accid]}
23:51:17.0 (53319451)|VF_EVALUATE_FORMULA_END
23:51:17.0 (53323899)|VF_EVALUATE_FORMULA_BEGIN|0669E000000Cv0R|#{myOrgCases[accid]}
23:51:17.0 (53334182)|VF_EVALUATE_FORMULA_END
23:51:17.0 (53423295)|VF_EVALUATE_FORMULA_BEGIN|0669E000000Cv0R|#{myOrgCases[accid]}
23:51:17.0 (53442617)|VF_EVALUATE_FORMULA_END
23:51:17.0 (53449113)|VF_EVALUATE_FORMULA_BEGIN|0669E000000Cv0R|#{myOrgCases[accid]}
23:51:17.0 (53461284)|VF_EVALUATE_FORMULA_END
23:51:17.0 (53465122)|VF_EVALUATE_FORMULA_BEGIN|0669E000000Cv0R|#{myOrgCases[accid]}
23:51:17.0 (53476300)|VF_EVALUATE_FORMULA_END
23:51:17.0 (53492661)|VF_EVALUATE_FORMULA_BEGIN|0669E000000Cv0R|#{myOrgCases[accid]}
23:51:17.0 (53505741)|VF_EVALUATE_FORMULA_END
23:51:17.0 (53509507)|VF_EVALUATE_FORMULA_BEGIN|0669E000000Cv0R|#{myOrgCases[accid]}
23:51:17.0 (53520777)|VF_EVALUATE_FORMULA_END
23:51:17.0 (53847148)|VF_APEX_CALL_START|[EXTERNAL]|01p9E000000Dmpd|communityCaseMgmtController get(newcaseOwner)
23:51:17.0 (53851906)|SYSTEM_MODE_ENTER|true
23:51:17.0 (53857129)|VF_APEX_CALL_START|[EXTERNAL]|01p9E000000Dmpd|newcaseOwner
23:51:17.0 (53865816)|VF_APEX_CALL_END|newcaseOwner
23:51:17.0 (53876086)|VF_APEX_CALL_END|communityCaseMgmtController get(newcaseOwner)
23:51:17.0 (54801959)|VF_APEX_CALL_START|[EXTERNAL]|01p9E000000Dmpd|communityCaseMgmtController get(newCase)
23:51:17.0 (54808644)|SYSTEM_MODE_ENTER|true
23:51:17.0 (54814941)|VF_APEX_CALL_START|[EXTERNAL]|01p9E000000Dmpd|newCase
23:51:17.0 (54823908)|VF_APEX_CALL_END|newCase
23:51:17.0 (54835490)|VF_APEX_CALL_END|communityCaseMgmtController get(newCase)
23:51:17.0 (57755078)|VF_EVALUATE_FORMULA_BEGIN|0669E000000Cv0R|#{if(showCreateCase == false,  "block", "none")}
23:51:17.0 (57808640)|VF_APEX_CALL_START|[EXTERNAL]|01p9E000000Dmpd|communityCaseMgmtController get(showCreateCase)
23:51:17.0 (57814669)|SYSTEM_MODE_ENTER|true
23:51:17.0 (57821437)|VF_APEX_CALL_START|[EXTERNAL]|01p9E000000Dmpd|showCreateCase
23:51:17.0 (57831376)|VF_APEX_CALL_END|showCreateCase
23:51:17.0 (57844757)|VF_APEX_CALL_END|communityCaseMgmtController get(showCreateCase)
23:51:17.0 (57858506)|VF_EVALUATE_FORMULA_END
23:51:17.0 (57928341)|VF_EVALUATE_FORMULA_BEGIN|0669E000000Cv0R|#{if(accCaseCount[accid] > 0,  "block", "none")}
23:51:17.0 (57975965)|VF_APEX_CALL_START|[EXTERNAL]|01p9E000000Dmpd|communityCaseMgmtController get(accCaseCount)
23:51:17.0 (57980687)|SYSTEM_MODE_ENTER|true
23:51:17.0 (57986156)|VF_APEX_CALL_START|[EXTERNAL]|01p9E000000Dmpd|accCaseCount
23:51:17.0 (57994536)|VF_APEX_CALL_END|accCaseCount
23:51:17.0 (58006112)|VF_APEX_CALL_END|communityCaseMgmtController get(accCaseCount)
23:51:17.0 (58031921)|VF_EVALUATE_FORMULA_END
23:51:17.0 (58043455)|VF_EVALUATE_FORMULA_BEGIN|0669E000000Cv0R|#{accName[accid]}
23:51:17.0 (58083042)|VF_APEX_CALL_START|[EXTERNAL]|01p9E000000Dmpd|communityCaseMgmtController get(accName)
23:51:17.0 (58087173)|SYSTEM_MODE_ENTER|true
23:51:17.0 (58091939)|VF_APEX_CALL_START|[EXTERNAL]|01p9E000000Dmpd|accName
23:51:17.0 (58099220)|VF_APEX_CALL_END|accName
23:51:17.0 (58107869)|VF_APEX_CALL_END|communityCaseMgmtController get(accName)
23:51:17.0 (58124652)|VF_EVALUATE_FORMULA_END
23:51:17.0 (58151317)|VF_EVALUATE_FORMULA_BEGIN|0669E000000Cv0R|#{myOrgCases[accid]}
23:51:17.0 (58170184)|VF_EVALUATE_FORMULA_END
23:51:17.0 (58175014)|VF_EVALUATE_FORMULA_BEGIN|0669E000000Cv0R|#{myOrgCases[accid]}
23:51:17.0 (58185688)|VF_EVALUATE_FORMULA_END
23:51:17.0 (60221609)|VF_EVALUATE_FORMULA_BEGIN|0669E000000Cv0R|#{if(accCaseCount[accid] > 0,  "block", "none")}
23:51:17.0 (60255164)|VF_EVALUATE_FORMULA_END
23:51:17.0 (60264359)|VF_EVALUATE_FORMULA_BEGIN|0669E000000Cv0R|#{accName[accid]}
23:51:17.0 (60279775)|VF_EVALUATE_FORMULA_END
23:51:17.0 (60300518)|VF_EVALUATE_FORMULA_BEGIN|0669E000000Cv0R|#{myOrgCases[accid]}
23:51:17.0 (60319967)|VF_EVALUATE_FORMULA_END
23:51:17.0 (60324704)|VF_EVALUATE_FORMULA_BEGIN|0669E000000Cv0R|#{myOrgCases[accid]}
23:51:17.0 (60338069)|VF_EVALUATE_FORMULA_END
23:51:17.0 (66402828)|VF_APEX_CALL_START|[EXTERNAL]|01p9E000000Dmpd|communityCaseMgmtController get(qViewCaseId)
23:51:17.0 (66413383)|SYSTEM_MODE_ENTER|true
23:51:17.0 (66423169)|VF_APEX_CALL_START|[EXTERNAL]|01p9E000000Dmpd|qViewCaseId
23:51:17.0 (66438128)|VF_APEX_CALL_END|qViewCaseId
23:51:17.0 (66451160)|VF_APEX_CALL_END|communityCaseMgmtController get(qViewCaseId)
23:51:17.0 (66524985)|VF_APEX_CALL_START|[EXTERNAL]|01p9E000000Dmpd|communityCaseMgmtController get(caseOwner)
23:51:17.0 (66529428)|SYSTEM_MODE_ENTER|true
23:51:17.0 (66534132)|VF_APEX_CALL_START|[EXTERNAL]|01p9E000000Dmpd|caseOwner
23:51:17.0 (66542056)|VF_APEX_CALL_END|caseOwner
23:51:17.0 (66551472)|VF_APEX_CALL_END|communityCaseMgmtController get(caseOwner)
23:51:17.0 (75924317)|VF_APEX_CALL_START|[EXTERNAL]|01p9E000000Dmpd|communityCaseMgmtController get(qViewcase)
23:51:17.0 (75944765)|SYSTEM_MODE_ENTER|true
23:51:17.0 (75960753)|VF_APEX_CALL_START|[EXTERNAL]|01p9E000000Dmpd|qViewcase
23:51:17.0 (75984422)|VF_APEX_CALL_END|qViewcase
23:51:17.0 (76008972)|VF_APEX_CALL_END|communityCaseMgmtController get(qViewcase)
23:51:17.0 (79856027)|VF_SERIALIZE_VIEWSTATE_BEGIN|0669E000000Cv0R
23:51:17.0 (84496650)|VF_SERIALIZE_VIEWSTATE_END
23:51:17.0 (85888441)|VF_EVALUATE_FORMULA_BEGIN|0669E000000Cv0R|#{myOrgCases[accid]}
23:51:17.0 (85921796)|VF_EVALUATE_FORMULA_END
23:51:17.0 (85927878)|VF_EVALUATE_FORMULA_BEGIN|0669E000000Cv0R|#{myOrgCases[accid]}
23:51:17.0 (85940281)|VF_EVALUATE_FORMULA_END
23:51:17.0 (85982000)|VF_EVALUATE_FORMULA_BEGIN|0669E000000Cv0R|#{myOrgCases[accid]}
23:51:17.0 (85998701)|VF_EVALUATE_FORMULA_END
23:51:17.0 (86003163)|VF_EVALUATE_FORMULA_BEGIN|0669E000000Cv0R|#{myOrgCases[accid]}
23:51:17.0 (86015704)|VF_EVALUATE_FORMULA_END
23:51:17.0 (86029177)|VF_EVALUATE_FORMULA_BEGIN|0669E000000Cv0R|#{myOrgCases[accid]}
23:51:17.0 (86042361)|VF_EVALUATE_FORMULA_END
23:51:17.0 (86046073)|VF_EVALUATE_FORMULA_BEGIN|0669E000000Cv0R|#{myOrgCases[accid]}
23:51:17.0 (86057426)|VF_EVALUATE_FORMULA_END
23:51:17.87 (87235036)|CUMULATIVE_LIMIT_USAGE
23:51:17.87 (87235036)|LIMIT_USAGE_FOR_NS|(default)|
  Number of SOQL queries: 2 out of 100
  Number of query rows: 2 out of 50000
  Number of SOSL queries: 0 out of 20
  Number of DML statements: 0 out of 150
  Number of DML rows: 0 out of 10000
  Maximum CPU time: 0 out of 10000
  Maximum heap size: 0 out of 6000000
  Number of callouts: 0 out of 100
  Number of Email Invocations: 0 out of 10
  Number of future calls: 0 out of 50
  Number of queueable jobs added to the queue: 0 out of 50
  Number of Mobile Apex push calls: 0 out of 10

23:51:17.87 (87235036)|TOTAL_EMAIL_RECIPIENTS_QUEUED|0
23:51:17.87 (87235036)|STATIC_VARIABLE_LIST|
  char[]:DigitTens:0
  long:serialVersionUID:0
  long:serialVersionUID:0
  double:MAX_VALUE:0
  Boolean:FALSE:0
  long:serialVersionUID:0
  String:__sfdcInnerTypes:0
  String:_sfdcSuppressedCodeLocations:0
  double:MIN_VALUE:0
  int:SIZE:0
  double:NEGATIVE_INFINITY:0
  int:MAX_VALUE:0
  String:_sfdcAdditionalCodeLocations:0
  char[]:digits:0
  double:NaN:0
  Boolean:TRUE:0
  int:MIN_VALUE:0
  char[]:DigitOnes:0
  int:BYTES:0
  int:MIN_EXPONENT:0
  int[]:sizeTable:0
  int:MAX_EXPONENT:0
  String:_sfdcAdditionalCodeLocations:0
  String:__sfdcProperties:0
  int:SIZE:0
  double:POSITIVE_INFINITY:0
  double:MIN_NORMAL:0
  int:BYTES:0

23:51:17.87 (87235036)|CUMULATIVE_LIMIT_USAGE_END

23:51:17.0 (87376115)|CODE_UNIT_FINISHED|VF: /apex/communityCaseMgmt
23:51:17.0 (88146128)|EXECUTION_FINISHED
23:51:17.89 (89844778)|CUMULATIVE_PROFILING_BEGIN
23:51:17.89 (89844778)|CUMULATIVE_PROFILING|No profiling information for SOQL operations
23:51:17.89 (89844778)|CUMULATIVE_PROFILING|No profiling information for SOSL operations
23:51:17.89 (89844778)|CUMULATIVE_PROFILING|No profiling information for DML operations
23:51:17.89 (89844778)|CUMULATIVE_PROFILING|method invocations|
External entry point: public void quickViewCase(): executed 1 time in 13 ms
Class.communityCaseMgmtController.quickViewCase: line 142, column 1: public Case __sfdc_qViewcase(): executed 3 times in 7 ms
Class.communityCaseMgmtController.quickViewCase: line 140, column 1: public Id __sfdc_qViewCaseId(): executed 3 times in 5 ms
Class.communityCaseMgmtController.quickViewCase: line 139, column 1: public Id __sfdc_qViewCaseId(): executed 3 times in 0 ms

23:51:17.89 (89844778)|CUMULATIVE_PROFILING_END
