39.0 APEX_CODE,FINEST;APEX_PROFILING,FINEST;CALLOUT,FINEST;DB,FINEST;SYSTEM,FINE;VALIDATION,INFO;VISUALFORCE,FINER;WAVE,INFO;WORKFLOW,FINER
05:40:27.0 (49303)|USER_INFO|[EXTERNAL]|00524000005uNfK|neela@lightful.com.commundev|Line Is. Time|GMT+14:00
05:40:27.0 (78032)|EXECUTION_STARTED
05:40:27.0 (81785)|CODE_UNIT_STARTED|[EXTERNAL]|0669E000000Cv0R|VF: /apex/communityCaseMgmt
05:40:27.9 (9427380)|VF_APEX_CALL_START|[EXTERNAL]|/apexpage/pagemessagescomponentcontroller.apex <init>
05:40:27.9 (9445361)|SYSTEM_MODE_ENTER|true
05:40:27.9 (9558089)|HEAP_ALLOCATE|[72]|Bytes:3
05:40:27.9 (9594615)|HEAP_ALLOCATE|[77]|Bytes:152
05:40:27.9 (9609229)|HEAP_ALLOCATE|[342]|Bytes:408
05:40:27.9 (9624917)|HEAP_ALLOCATE|[355]|Bytes:408
05:40:27.9 (9635442)|HEAP_ALLOCATE|[467]|Bytes:48
05:40:27.9 (9868545)|VF_APEX_CALL_START|[EXTERNAL]|/apexpage/pagemessagescomponentcontroller.apex set(conEscape,null)
05:40:27.9 (9876829)|SYSTEM_MODE_ENTER|true
05:40:27.9 (9885190)|VF_APEX_CALL_START|[EXTERNAL]|PageMessagesComponentController set(conEscape,null)
05:40:27.9 (9901242)|VF_APEX_CALL_START|[EXTERNAL]|PageMessagesComponentController invoke(setconEscape)
05:40:27.9 (9924152)|HEAP_ALLOCATE|[EXTERNAL]|Bytes:8
05:40:27.9 (9929210)|VARIABLE_SCOPE_BEGIN|[88]|this|ApexPage.PageMessagesComponentController|true|false
05:40:27.9 (9960482)|VARIABLE_ASSIGNMENT|[88]|this|{}|0x47405a5
05:40:27.9 (9963403)|VARIABLE_SCOPE_BEGIN|[88]|escape|Boolean|false|false
05:40:27.9 (9968641)|VARIABLE_ASSIGNMENT|[88]|escape|null
05:40:27.10 (10152840)|VF_APEX_CALL_START|[EXTERNAL]|/apexpage/pagemessagescomponentcontroller.apex get(severities)
05:40:27.10 (10161416)|SYSTEM_MODE_ENTER|true
05:40:27.10 (10171196)|VF_APEX_CALL_START|[EXTERNAL]|PageMessagesComponentController invoke(getseverities)
05:40:27.10 (10187837)|HEAP_ALLOCATE|[EXTERNAL]|Bytes:8
05:40:27.10 (10192700)|VARIABLE_SCOPE_BEGIN|[2]|this|ApexPage.PageMessagesComponentController|true|false
05:40:27.10 (10206707)|VARIABLE_ASSIGNMENT|[2]|this|{}|0x47405a5
05:40:27.0 (14132311)|VF_APEX_CALL_START|[EXTERNAL]|01p9E000000Dmpd|communityCaseMgmtController <init>
05:40:27.0 (14140702)|SYSTEM_MODE_ENTER|true
05:40:27.0 (14320149)|HEAP_ALLOCATE|[EXTERNAL]|Bytes:368
05:40:27.0 (14328647)|HEAP_ALLOCATE|[EXTERNAL]|Bytes:60
05:40:27.0 (14332661)|HEAP_ALLOCATE|[EXTERNAL]|Bytes:23
05:40:27.0 (14342663)|METHOD_ENTRY|[1]|01p9E000000Dmpd|communityCaseMgmtController.communityCaseMgmtController()
05:40:27.0 (14347257)|STATEMENT_EXECUTE|[1]
05:40:27.0 (14352743)|STATEMENT_EXECUTE|[1]
05:40:27.0 (14357941)|METHOD_EXIT|[1]|communityCaseMgmtController
05:40:27.0 (14472937)|HEAP_ALLOCATE|[EXTERNAL]|Bytes:60
05:40:27.0 (14479771)|VARIABLE_SCOPE_BEGIN|[21]|this|communityCaseMgmtController|true|false
05:40:27.0 (14552290)|VARIABLE_ASSIGNMENT|[21]|this|{}|0x24c3594f
05:40:27.0 (14558478)|STATEMENT_EXECUTE|[1]
05:40:27.0 (14559758)|STATEMENT_EXECUTE|[3]
05:40:27.0 (14560754)|STATEMENT_EXECUTE|[4]
05:40:27.0 (14561645)|STATEMENT_EXECUTE|[5]
05:40:27.0 (14562519)|STATEMENT_EXECUTE|[6]
05:40:27.0 (14563428)|STATEMENT_EXECUTE|[7]
05:40:27.0 (14564294)|STATEMENT_EXECUTE|[8]
05:40:27.0 (14565222)|STATEMENT_EXECUTE|[9]
05:40:27.0 (14566355)|STATEMENT_EXECUTE|[11]
05:40:27.0 (14567407)|STATEMENT_EXECUTE|[12]
05:40:27.0 (14568292)|STATEMENT_EXECUTE|[13]
05:40:27.0 (14569175)|STATEMENT_EXECUTE|[15]
05:40:27.0 (14570094)|STATEMENT_EXECUTE|[17]
05:40:27.0 (14570970)|STATEMENT_EXECUTE|[18]
05:40:27.0 (14571856)|STATEMENT_EXECUTE|[19]
05:40:27.0 (14586531)|STATEMENT_EXECUTE|[22]
05:40:27.0 (14587628)|STATEMENT_EXECUTE|[23]
05:40:27.0 (14620110)|HEAP_ALLOCATE|[23]|Bytes:85
05:40:27.0 (14639288)|SYSTEM_METHOD_ENTRY|[1]|UserInfo.UserInfo()
05:40:27.0 (14643376)|STATEMENT_EXECUTE|[1]
05:40:27.0 (14651519)|SYSTEM_METHOD_EXIT|[1]|UserInfo
05:40:27.0 (14663923)|METHOD_ENTRY|[23]||System.UserInfo.getUserId()
05:40:27.0 (14739043)|METHOD_EXIT|[23]||System.UserInfo.getUserId()
05:40:27.0 (14752077)|HEAP_ALLOCATE|[23]|Bytes:4
05:40:27.0 (14767499)|SYSTEM_METHOD_ENTRY|[23]|communityCaseMgmtController.__sfdc_currentUserId(Id)
05:40:27.0 (14795037)|VARIABLE_ASSIGNMENT|[EXTERNAL]|this|{}|0x24c3594f
05:40:27.0 (14970132)|VARIABLE_ASSIGNMENT|[EXTERNAL]|value|"00524000005uNfKAAU"
05:40:27.0 (15041254)|VARIABLE_ASSIGNMENT|[11]|this.currentUserId|"00524000005uNfKAAU"|0x24c3594f
05:40:27.0 (15051042)|SYSTEM_METHOD_EXIT|[23]|communityCaseMgmtController.__sfdc_currentUserId(Id)
05:40:27.0 (15055213)|STATEMENT_EXECUTE|[24]
05:40:27.0 (15058998)|HEAP_ALLOCATE|[24]|Bytes:105
05:40:27.0 (15067750)|HEAP_ALLOCATE|[24]|Bytes:4
05:40:27.0 (15079959)|HEAP_ALLOCATE|[24]|Bytes:7
05:40:27.0 (15087413)|SYSTEM_METHOD_ENTRY|[24]|communityCaseMgmtController.__sfdc_currentUserId()
05:40:27.0 (15211749)|VARIABLE_ASSIGNMENT|[EXTERNAL]|this|{"currentUserId":"00524000005uNfKAAU"}|0x24c3594f
05:40:27.0 (15221741)|SYSTEM_METHOD_EXIT|[24]|communityCaseMgmtController.__sfdc_currentUserId()
05:40:27.0 (16040027)|SOQL_EXECUTE_BEGIN|[24]|Aggregations:0|SELECT id, name, firstname, lastname, contactid, fullphotourl, phone, email FROM user WHERE id = :tmpVar1
05:40:27.0 (16048847)|LIMIT_USAGE|[24]|SOQL|1|100
05:40:27.0 (16055329)|LIMIT_USAGE|[24]|AGGS|0|300
05:40:27.0 (19150319)|SOQL_EXECUTE_END|[24]|Rows:1
05:40:27.0 (19157256)|LIMIT_USAGE|[24]|SOQL_ROWS|1|50000
05:40:27.0 (19168227)|HEAP_ALLOCATE|[24]|Bytes:8
05:40:27.0 (19182255)|HEAP_ALLOCATE|[24]|Bytes:183
05:40:27.0 (19222633)|HEAP_ALLOCATE|[24]|Bytes:8
05:40:27.0 (19231402)|HEAP_ALLOCATE|[24]|Bytes:30
05:40:27.0 (19278048)|HEAP_ALLOCATE|[24]|Bytes:28
05:40:27.0 (19298780)|SYSTEM_METHOD_ENTRY|[24]|communityCaseMgmtController.__sfdc_currentUser(User)
05:40:27.0 (19419125)|VARIABLE_ASSIGNMENT|[EXTERNAL]|this|{"currentUserId":"00524000005uNfKAAU"}|0x24c3594f
05:40:27.0 (19437704)|VARIABLE_ASSIGNMENT|[EXTERNAL]|value|{"Id":"00524000005uNfKAAU","Name":"Neela SN","FirstName":"Neela","LastName":"SN","FullPhotoUrl":"https://c.cs88.conte (43 more) ...","Email":"neela@lightful.com"}|0x5a08d3ea
05:40:27.0 (19451465)|VARIABLE_ASSIGNMENT|[12]|this.currentUser|{"Id":"00524000005uNfKAAU","Name":"Neela SN","FirstName":"Neela","LastName":"SN","FullPhotoUrl":"https://c.cs88.conte (43 more) ...","Email":"neela@lightful.com"}|0x24c3594f
05:40:27.0 (19459584)|SYSTEM_METHOD_EXIT|[24]|communityCaseMgmtController.__sfdc_currentUser(User)
05:40:27.0 (19463436)|STATEMENT_EXECUTE|[25]
05:40:27.0 (19476390)|HEAP_ALLOCATE|[25]|Bytes:4
05:40:27.0 (19571705)|SYSTEM_METHOD_ENTRY|[25]|communityCaseMgmtController.__sfdc_newCaseOwner(Contact)
05:40:27.0 (19711666)|VARIABLE_ASSIGNMENT|[EXTERNAL]|this|{"currentUser":"0x5a08d3ea","currentUserId":"00524000005uNfKAAU"}|0x24c3594f
05:40:27.0 (19728261)|VARIABLE_ASSIGNMENT|[EXTERNAL]|value|{}|0x391927d7
05:40:27.0 (19740188)|VARIABLE_ASSIGNMENT|[6]|this.newCaseOwner|{}|0x24c3594f
05:40:27.0 (19747565)|SYSTEM_METHOD_EXIT|[25]|communityCaseMgmtController.__sfdc_newCaseOwner(Contact)
05:40:27.0 (19751422)|STATEMENT_EXECUTE|[27]
05:40:27.0 (19766947)|SYSTEM_METHOD_ENTRY|[27]|communityCaseMgmtController.__sfdc_showCreateCase(Boolean)
05:40:27.0 (19916344)|VARIABLE_ASSIGNMENT|[EXTERNAL]|this|{"currentUser":"0x5a08d3ea","currentUserId":"00524000005uNfKAAU","newCaseOwner":"0x391927d7"}|0x24c3594f
05:40:27.0 (19930356)|VARIABLE_ASSIGNMENT|[EXTERNAL]|value|false
05:40:27.0 (19935152)|HEAP_ALLOCATE|[17]|Bytes:5
05:40:27.0 (19941709)|VARIABLE_ASSIGNMENT|[17]|this.showCreateCase|false|0x24c3594f
05:40:27.0 (19948078)|SYSTEM_METHOD_EXIT|[27]|communityCaseMgmtController.__sfdc_showCreateCase(Boolean)
05:40:27.0 (19951354)|STATEMENT_EXECUTE|[29]
05:40:27.0 (19956261)|HEAP_ALLOCATE|[29]|Bytes:4
05:40:27.0 (19979234)|SYSTEM_CONSTRUCTOR_ENTRY|[29]|<init>()
05:40:27.0 (19998228)|SYSTEM_CONSTRUCTOR_EXIT|[29]|<init>()
05:40:27.0 (20012493)|SYSTEM_METHOD_ENTRY|[29]|communityCaseMgmtController.__sfdc_conRelatedAccsList(List<AccountContactRelation>)
05:40:27.0 (20126155)|VARIABLE_ASSIGNMENT|[EXTERNAL]|this|{"currentUser":"0x5a08d3ea","currentUserId":"00524000005uNfKAAU","newCaseOwner":"0x391927d7","showCreateCase":false}|0x24c3594f
05:40:27.0 (20135177)|HEAP_ALLOCATE|[EXTERNAL]|Bytes:4
05:40:27.0 (20143394)|VARIABLE_ASSIGNMENT|[EXTERNAL]|value|[]|0x35a7795
05:40:27.0 (20150675)|VARIABLE_ASSIGNMENT|[18]|this.conRelatedAccsList|[]|0x24c3594f
05:40:27.0 (20156719)|SYSTEM_METHOD_EXIT|[29]|communityCaseMgmtController.__sfdc_conRelatedAccsList(List<AccountContactRelation>)
05:40:27.0 (20160153)|STATEMENT_EXECUTE|[30]
05:40:27.0 (20164689)|HEAP_ALLOCATE|[30]|Bytes:4
05:40:27.0 (20198307)|SYSTEM_METHOD_ENTRY|[30]|communityCaseMgmtController.__sfdc_myOrgCases(Map<Id,List<Case>>)
05:40:27.0 (20324248)|VARIABLE_ASSIGNMENT|[EXTERNAL]|this|{"conRelatedAccsList":"0x35a7795","currentUser":"0x5a08d3ea","currentUserId":"00524000005uNfKAAU","newCaseOwner":"0x391927d7","showCreateCase":false}|0x24c3594f
05:40:27.0 (20337698)|VARIABLE_ASSIGNMENT|[EXTERNAL]|value|{}|0x6965217f
05:40:27.0 (20344993)|VARIABLE_ASSIGNMENT|[5]|this.myOrgCases|{}|0x24c3594f
05:40:27.0 (20350338)|SYSTEM_METHOD_EXIT|[30]|communityCaseMgmtController.__sfdc_myOrgCases(Map<Id,List<Case>>)
05:40:27.0 (20353185)|STATEMENT_EXECUTE|[31]
05:40:27.0 (20357135)|HEAP_ALLOCATE|[31]|Bytes:4
05:40:27.0 (20374342)|SYSTEM_METHOD_ENTRY|[31]|communityCaseMgmtController.__sfdc_accName(Map<Id,String>)
05:40:27.0 (20494491)|VARIABLE_ASSIGNMENT|[EXTERNAL]|this|{"conRelatedAccsList":"0x35a7795","currentUser":"0x5a08d3ea","currentUserId":"00524000005uNfKAAU","myOrgCases":"0x6965217f","newCaseOwner":"0x391927d7","showCreateCase":false}|0x24c3594f
05:40:27.0 (20503071)|VARIABLE_ASSIGNMENT|[EXTERNAL]|value|{}|0x67f35714
05:40:27.0 (20509925)|VARIABLE_ASSIGNMENT|[7]|this.accName|{}|0x24c3594f
05:40:27.0 (20514970)|SYSTEM_METHOD_EXIT|[31]|communityCaseMgmtController.__sfdc_accName(Map<Id,String>)
05:40:27.0 (20517833)|STATEMENT_EXECUTE|[32]
05:40:27.0 (20521161)|HEAP_ALLOCATE|[32]|Bytes:4
05:40:27.0 (20536576)|SYSTEM_METHOD_ENTRY|[32]|communityCaseMgmtController.__sfdc_accCaseCount(Map<Id,Integer>)
05:40:27.0 (20657297)|VARIABLE_ASSIGNMENT|[EXTERNAL]|this|{"accName":"0x67f35714","conRelatedAccsList":"0x35a7795","currentUser":"0x5a08d3ea","currentUserId":"00524000005uNfKAAU","myOrgCases":"0x6965217f","newCaseOwner":"0x391927d7","showCreateCase":false}|0x24c3594f
05:40:27.0 (20665921)|VARIABLE_ASSIGNMENT|[EXTERNAL]|value|{}|0x3a30ecd6
05:40:27.0 (20672165)|VARIABLE_ASSIGNMENT|[9]|this.accCaseCount|{}|0x24c3594f
05:40:27.0 (20677171)|SYSTEM_METHOD_EXIT|[32]|communityCaseMgmtController.__sfdc_accCaseCount(Map<Id,Integer>)
05:40:27.0 (20684671)|SYSTEM_METHOD_ENTRY|[34]|communityCaseMgmtController.__sfdc_currentUser()
05:40:27.0 (20802963)|VARIABLE_ASSIGNMENT|[EXTERNAL]|this|{"accCaseCount":"0x3a30ecd6","accName":"0x67f35714","conRelatedAccsList":"0x35a7795","currentUser":"0x5a08d3ea","currentUserId":"00524000005uNfKAAU","myOrgCases":"0x6965217f","newCaseOwner":"0x391927d7","showCreateCase":false}|0x24c3594f
05:40:27.0 (20817525)|SYSTEM_METHOD_EXIT|[34]|communityCaseMgmtController.__sfdc_currentUser()
05:40:27.0 (20827900)|STATEMENT_EXECUTE|[44]
05:40:27.0 (20829121)|STATEMENT_EXECUTE|[45]
05:40:27.0 (20839625)|HEAP_ALLOCATE|[45]|Bytes:4
05:40:27.0 (20866151)|SYSTEM_METHOD_ENTRY|[45]|communityCaseMgmtController.__sfdc_con(Contact)
05:40:27.0 (21026805)|VARIABLE_ASSIGNMENT|[EXTERNAL]|this|{"accCaseCount":"0x3a30ecd6","accName":"0x67f35714","conRelatedAccsList":"0x35a7795","currentUser":"0x5a08d3ea","currentUserId":"00524000005uNfKAAU","myOrgCases":"0x6965217f","newCaseOwner":"0x391927d7","showCreateCase":false}|0x24c3594f
05:40:27.0 (21038800)|VARIABLE_ASSIGNMENT|[EXTERNAL]|value|{}|0x53ad6344
05:40:27.0 (21046341)|VARIABLE_ASSIGNMENT|[13]|this.con|{}|0x24c3594f
05:40:27.0 (21052497)|SYSTEM_METHOD_EXIT|[45]|communityCaseMgmtController.__sfdc_con(Contact)
05:40:27.0 (21056103)|STATEMENT_EXECUTE|[46]
05:40:27.0 (21060827)|SYSTEM_METHOD_ENTRY|[46]|communityCaseMgmtController.__sfdc_currentUser()
05:40:27.0 (21185500)|VARIABLE_ASSIGNMENT|[EXTERNAL]|this|{"accCaseCount":"0x3a30ecd6","accName":"0x67f35714","con":"0x53ad6344","conRelatedAccsList":"0x35a7795","currentUser":"0x5a08d3ea","currentUserId":"00524000005uNfKAAU","myOrgCases":"0x6965217f","newCaseOwner":"0x391927d7","showCreateCase":false}|0x24c3594f
05:40:27.0 (21193918)|SYSTEM_METHOD_EXIT|[46]|communityCaseMgmtController.__sfdc_currentUser()
05:40:27.0 (21224038)|SYSTEM_METHOD_ENTRY|[46]|communityCaseMgmtController.__sfdc_newCaseOwner()
05:40:27.0 (21336126)|VARIABLE_ASSIGNMENT|[EXTERNAL]|this|{"accCaseCount":"0x3a30ecd6","accName":"0x67f35714","con":"0x53ad6344","conRelatedAccsList":"0x35a7795","currentUser":"0x5a08d3ea","currentUserId":"00524000005uNfKAAU","myOrgCases":"0x6965217f","newCaseOwner":"0x391927d7","showCreateCase":false}|0x24c3594f
05:40:27.0 (21345692)|SYSTEM_METHOD_EXIT|[46]|communityCaseMgmtController.__sfdc_newCaseOwner()
05:40:27.0 (21678453)|VARIABLE_ASSIGNMENT|[46]|this.FirstName|"Neela"|0x391927d7
05:40:27.0 (21682258)|STATEMENT_EXECUTE|[47]
05:40:27.0 (21690388)|SYSTEM_METHOD_ENTRY|[47]|communityCaseMgmtController.__sfdc_currentUser()
05:40:27.0 (21824126)|VARIABLE_ASSIGNMENT|[EXTERNAL]|this|{"accCaseCount":"0x3a30ecd6","accName":"0x67f35714","con":"0x53ad6344","conRelatedAccsList":"0x35a7795","currentUser":"0x5a08d3ea","currentUserId":"00524000005uNfKAAU","myOrgCases":"0x6965217f","newCaseOwner":"0x391927d7","showCreateCase":false}|0x24c3594f
05:40:27.0 (21834060)|SYSTEM_METHOD_EXIT|[47]|communityCaseMgmtController.__sfdc_currentUser()
05:40:27.0 (21857220)|SYSTEM_METHOD_ENTRY|[47]|communityCaseMgmtController.__sfdc_newCaseOwner()
05:40:27.0 (21967414)|VARIABLE_ASSIGNMENT|[EXTERNAL]|this|{"accCaseCount":"0x3a30ecd6","accName":"0x67f35714","con":"0x53ad6344","conRelatedAccsList":"0x35a7795","currentUser":"0x5a08d3ea","currentUserId":"00524000005uNfKAAU","myOrgCases":"0x6965217f","newCaseOwner":"0x391927d7","showCreateCase":false}|0x24c3594f
05:40:27.0 (21974874)|SYSTEM_METHOD_EXIT|[47]|communityCaseMgmtController.__sfdc_newCaseOwner()
05:40:27.0 (22003931)|VARIABLE_ASSIGNMENT|[47]|this.LastName|"SN"|0x391927d7
05:40:27.0 (22006900)|STATEMENT_EXECUTE|[48]
05:40:27.0 (22012648)|SYSTEM_METHOD_ENTRY|[48]|communityCaseMgmtController.__sfdc_currentUser()
05:40:27.0 (22137502)|VARIABLE_ASSIGNMENT|[EXTERNAL]|this|{"accCaseCount":"0x3a30ecd6","accName":"0x67f35714","con":"0x53ad6344","conRelatedAccsList":"0x35a7795","currentUser":"0x5a08d3ea","currentUserId":"00524000005uNfKAAU","myOrgCases":"0x6965217f","newCaseOwner":"0x391927d7","showCreateCase":false}|0x24c3594f
05:40:27.0 (22146244)|SYSTEM_METHOD_EXIT|[48]|communityCaseMgmtController.__sfdc_currentUser()
05:40:27.0 (22166543)|SYSTEM_METHOD_ENTRY|[48]|communityCaseMgmtController.__sfdc_newCaseOwner()
05:40:27.0 (22274232)|VARIABLE_ASSIGNMENT|[EXTERNAL]|this|{"accCaseCount":"0x3a30ecd6","accName":"0x67f35714","con":"0x53ad6344","conRelatedAccsList":"0x35a7795","currentUser":"0x5a08d3ea","currentUserId":"00524000005uNfKAAU","myOrgCases":"0x6965217f","newCaseOwner":"0x391927d7","showCreateCase":false}|0x24c3594f
05:40:27.0 (22281534)|SYSTEM_METHOD_EXIT|[48]|communityCaseMgmtController.__sfdc_newCaseOwner()
05:40:27.0 (22313707)|VARIABLE_ASSIGNMENT|[48]|this.Email|"neela@lightful.com"|0x391927d7
05:40:27.0 (22316242)|STATEMENT_EXECUTE|[50]
05:40:27.0 (22320115)|HEAP_ALLOCATE|[50]|Bytes:118
05:40:27.0 (22326359)|HEAP_ALLOCATE|[50]|Bytes:4
05:40:27.0 (23082198)|SOQL_EXECUTE_BEGIN|[50]|Aggregations:0|SELECT AccountId, ContactId, IsActive, IsDirect, Roles FROM AccountContactRelation WHERE ContactId = '0039E000004AdCP'
05:40:27.0 (23089725)|LIMIT_USAGE|[50]|SOQL|2|100
05:40:27.0 (23096275)|LIMIT_USAGE|[50]|AGGS|0|300
05:40:27.0 (25165619)|SOQL_EXECUTE_END|[50]|Rows:2
05:40:27.0 (25173714)|LIMIT_USAGE|[50]|SOQL_ROWS|3|50000
05:40:27.0 (25187377)|HEAP_ALLOCATE|[50]|Bytes:12
05:40:27.0 (25201350)|HEAP_ALLOCATE|[50]|Bytes:246
05:40:27.0 (25224719)|HEAP_ALLOCATE|[50]|Bytes:12
05:40:27.0 (25238903)|SYSTEM_METHOD_ENTRY|[50]|communityCaseMgmtController.__sfdc_conRelatedAccsList(List<AccountContactRelation>)
05:40:27.0 (25401279)|VARIABLE_ASSIGNMENT|[EXTERNAL]|this|{"accCaseCount":"0x3a30ecd6","accName":"0x67f35714","con":"0x53ad6344","conRelatedAccsList":"0x35a7795","currentUser":"0x5a08d3ea","currentUserId":"00524000005uNfKAAU","myOrgCases":"0x6965217f","newCaseOwner":"0x391927d7","showCreateCase":false}|0x24c3594f
05:40:27.0 (25421986)|VARIABLE_ASSIGNMENT|[EXTERNAL]|value|[{"AccountId":"0019E000006wqt7QAA","ContactId":"0039E000004AdCPQA0","IsActive":true,"IsDirect":false,"Id":"07k9E000000f4JJQAY"},{"AccountId":"0019E000005FzZJQA0","ContactId":"0039E000004AdCPQA0","IsActive":true,"IsDirect":true,"Id":"07k9E000000f4IpQAI"}]|0x52a8eef3
05:40:27.0 (25436382)|VARIABLE_ASSIGNMENT|[18]|this.conRelatedAccsList|[{"AccountId":"0019E000006wqt7QAA","ContactId":"0039E000004AdCPQA0","IsActive":true,"IsDirect":false,"Id":"07k9E000000f4JJQAY"},{"AccountId":"0019E000005FzZJQA0","ContactId":"0039E000004AdCPQA0","IsActive":true,"IsDirect":true,"Id":"07k9E000000f4IpQAI"}]|0x24c3594f
05:40:27.0 (25444673)|SYSTEM_METHOD_EXIT|[50]|communityCaseMgmtController.__sfdc_conRelatedAccsList(List<AccountContactRelation>)
05:40:27.0 (25448818)|STATEMENT_EXECUTE|[54]
05:40:27.0 (25452769)|HEAP_ALLOCATE|[54]|Bytes:168
05:40:27.0 (25458333)|HEAP_ALLOCATE|[54]|Bytes:4
05:40:27.0 (25467361)|SYSTEM_METHOD_ENTRY|[54]|communityCaseMgmtController.__sfdc_currentUserId()
05:40:27.0 (25595594)|VARIABLE_ASSIGNMENT|[EXTERNAL]|this|{"accCaseCount":"0x3a30ecd6","accName":"0x67f35714","con":"0x53ad6344","conRelatedAccsList":"0x52a8eef3","currentUser":"0x5a08d3ea","currentUserId":"00524000005uNfKAAU","myOrgCases":"0x6965217f","newCaseOwner":"0x391927d7","showCreateCase":false}|0x24c3594f
05:40:27.0 (25605442)|SYSTEM_METHOD_EXIT|[54]|communityCaseMgmtController.__sfdc_currentUserId()
05:40:27.0 (26099833)|SOQL_EXECUTE_BEGIN|[54]|Aggregations:0|SELECT CaseNumber, ContactEmail, ContactId, CreatedById, Description, Priority, Reason, Subject, Issue_Type__c, accountid, status FROM Case WHERE CreatedById = :tmpVar1
05:40:27.0 (26107111)|LIMIT_USAGE|[54]|SOQL|3|100
05:40:27.0 (26113389)|LIMIT_USAGE|[54]|AGGS|0|300
05:40:27.0 (30856445)|SOQL_EXECUTE_END|[54]|Rows:6
05:40:27.0 (30865608)|LIMIT_USAGE|[54]|SOQL_ROWS|9|50000
05:40:27.0 (30880540)|HEAP_ALLOCATE|[54]|Bytes:28
05:40:27.0 (30914317)|HEAP_ALLOCATE|[54]|Bytes:2156
05:40:27.0 (30952326)|HEAP_ALLOCATE|[54]|Bytes:28
05:40:27.0 (30996107)|SYSTEM_METHOD_ENTRY|[54]|communityCaseMgmtController.__sfdc_myCases(List<Case>)
05:40:27.0 (31202155)|VARIABLE_ASSIGNMENT|[EXTERNAL]|this|{"accCaseCount":"0x3a30ecd6","accName":"0x67f35714","con":"0x53ad6344","conRelatedAccsList":"0x52a8eef3","currentUser":"0x5a08d3ea","currentUserId":"00524000005uNfKAAU","myOrgCases":"0x6965217f","newCaseOwner":"0x391927d7","showCreateCase":false}|0x24c3594f
05:40:27.0 (31220500)|VARIABLE_ASSIGNMENT|[EXTERNAL]|value|"List of size 6 too large to display"|0x78cc044e
05:40:27.0 (31235098)|VARIABLE_ASSIGNMENT|[4]|this.myCases|"List of size 6 too large to display"|0x24c3594f
05:40:27.0 (31244504)|SYSTEM_METHOD_EXIT|[54]|communityCaseMgmtController.__sfdc_myCases(List<Case>)
05:40:27.0 (31250319)|STATEMENT_EXECUTE|[56]
05:40:27.0 (31267157)|HEAP_ALLOCATE|[56]|Bytes:4
05:40:27.0 (31381827)|SYSTEM_METHOD_ENTRY|[56]|communityCaseMgmtController.__sfdc_newCase(Case)
05:40:27.0 (31530300)|VARIABLE_ASSIGNMENT|[EXTERNAL]|this|{"accCaseCount":"0x3a30ecd6","accName":"0x67f35714","con":"0x53ad6344","conRelatedAccsList":"0x52a8eef3","currentUser":"0x5a08d3ea","currentUserId":"00524000005uNfKAAU","myCases":"0x78cc044e","myOrgCases":"0x6965217f","newCaseOwner":"0x391927d7","showCreateCase":false}|0x24c3594f
05:40:27.0 (31541797)|VARIABLE_ASSIGNMENT|[EXTERNAL]|value|{}|0x34e93d35
05:40:27.0 (31549920)|VARIABLE_ASSIGNMENT|[3]|this.newCase|{}|0x24c3594f
05:40:27.0 (31556425)|SYSTEM_METHOD_EXIT|[56]|communityCaseMgmtController.__sfdc_newCase(Case)
05:40:27.0 (31559839)|STATEMENT_EXECUTE|[57]
05:40:27.0 (31566232)|HEAP_ALLOCATE|[57]|Bytes:4
05:40:27.0 (31575906)|SYSTEM_CONSTRUCTOR_ENTRY|[57]|<init>()
05:40:27.0 (31590986)|SYSTEM_CONSTRUCTOR_EXIT|[57]|<init>()
05:40:27.0 (31604816)|SYSTEM_METHOD_ENTRY|[57]|communityCaseMgmtController.__sfdc_relatedAccId(List<Id>)
05:40:27.0 (31751286)|VARIABLE_ASSIGNMENT|[EXTERNAL]|this|{"accCaseCount":"0x3a30ecd6","accName":"0x67f35714","con":"0x53ad6344","conRelatedAccsList":"0x52a8eef3","currentUser":"0x5a08d3ea","currentUserId":"00524000005uNfKAAU","myCases":"0x78cc044e","myOrgCases":"0x6965217f","newCase":"0x34e93d35","newCaseOwner":"0x391927d7","showCreateCase":false}|0x24c3594f
05:40:27.0 (31780852)|HEAP_ALLOCATE|[EXTERNAL]|Bytes:4
05:40:27.0 (31789679)|VARIABLE_ASSIGNMENT|[EXTERNAL]|value|[]|0x7d26c726
05:40:27.0 (31798139)|VARIABLE_ASSIGNMENT|[8]|this.relatedAccId|[]|0x24c3594f
05:40:27.0 (31804808)|SYSTEM_METHOD_EXIT|[57]|communityCaseMgmtController.__sfdc_relatedAccId(List<Id>)
05:40:27.0 (31808513)|STATEMENT_EXECUTE|[59]
05:40:27.0 (31812548)|HEAP_ALLOCATE|[59]|Bytes:21
05:40:27.0 (31835533)|SYSTEM_METHOD_ENTRY|[59]|communityCaseMgmtController.__sfdc_newCase()
05:40:27.0 (32051977)|VARIABLE_ASSIGNMENT|[EXTERNAL]|this|{"accCaseCount":"0x3a30ecd6","accName":"0x67f35714","con":"0x53ad6344","conRelatedAccsList":"0x52a8eef3","currentUser":"0x5a08d3ea","currentUserId":"00524000005uNfKAAU","myCases":"0x78cc044e","myOrgCases":"0x6965217f","newCase":"0x34e93d35","newCaseOwner":"0x391927d7","relatedAccId":"0x7d26c726","showCreateCase":false}|0x24c3594f
05:40:27.0 (32067604)|SYSTEM_METHOD_EXIT|[59]|communityCaseMgmtController.__sfdc_newCase()
05:40:27.0 (32116892)|SYSTEM_METHOD_ENTRY|[59]|String.valueOf(Object)
05:40:27.0 (32130404)|SYSTEM_METHOD_EXIT|[59]|String.valueOf(Object)
05:40:27.0 (32137194)|SYSTEM_METHOD_ENTRY|[59]|communityCaseMgmtController.__sfdc_newCase()
05:40:27.0 (32311548)|VARIABLE_ASSIGNMENT|[EXTERNAL]|this|{"accCaseCount":"0x3a30ecd6","accName":"0x67f35714","con":"0x53ad6344","conRelatedAccsList":"0x52a8eef3","currentUser":"0x5a08d3ea","currentUserId":"00524000005uNfKAAU","myCases":"0x78cc044e","myOrgCases":"0x6965217f","newCase":"0x34e93d35","newCaseOwner":"0x391927d7","relatedAccId":"0x7d26c726","showCreateCase":false}|0x24c3594f
05:40:27.0 (32323183)|SYSTEM_METHOD_EXIT|[59]|communityCaseMgmtController.__sfdc_newCase()
05:40:27.0 (32339873)|HEAP_ALLOCATE|[59]|Bytes:29
05:40:27.0 (32364281)|SYSTEM_METHOD_ENTRY|[59]|System.debug(ANY)
05:40:27.0 (32376057)|USER_DEBUG|[59]|DEBUG|contact of case is : nullnull
05:40:27.0 (32381339)|SYSTEM_METHOD_EXIT|[59]|System.debug(ANY)
05:40:27.0 (32385771)|STATEMENT_EXECUTE|[60]
05:40:27.0 (32390932)|HEAP_ALLOCATE|[60]|Bytes:37
05:40:27.0 (32405833)|SYSTEM_METHOD_ENTRY|[60]|communityCaseMgmtController.__sfdc_conRelatedAccsList()
05:40:27.0 (32621214)|VARIABLE_ASSIGNMENT|[EXTERNAL]|this|{"accCaseCount":"0x3a30ecd6","accName":"0x67f35714","con":"0x53ad6344","conRelatedAccsList":"0x52a8eef3","currentUser":"0x5a08d3ea","currentUserId":"00524000005uNfKAAU","myCases":"0x78cc044e","myOrgCases":"0x6965217f","newCase":"0x34e93d35","newCaseOwner":"0x391927d7","relatedAccId":"0x7d26c726","showCreateCase":false}|0x24c3594f
05:40:27.0 (32643938)|SYSTEM_METHOD_EXIT|[60]|communityCaseMgmtController.__sfdc_conRelatedAccsList()
05:40:27.0 (32666154)|SYSTEM_METHOD_ENTRY|[60]|String.valueOf(Object)
05:40:27.0 (32744367)|HEAP_ALLOCATE|[60]|Bytes:277
05:40:27.0 (32760929)|SYSTEM_METHOD_EXIT|[60]|String.valueOf(Object)
05:40:27.0 (32771960)|HEAP_ALLOCATE|[60]|Bytes:314
05:40:27.0 (32781949)|SYSTEM_METHOD_ENTRY|[60]|System.debug(ANY)
05:40:27.0 (32787500)|USER_DEBUG|[60]|DEBUG|Related accounts of the contact is : (AccountContactRelation:{AccountId=0019E000006wqt7QAA, ContactId=0039E000004AdCPQA0, IsActive=true, IsDirect=false, Id=07k9E000000f4JJQAY}, AccountContactRelation:{AccountId=0019E000005FzZJQA0, ContactId=0039E000004AdCPQA0, IsActive=true, IsDirect=true, Id=07k9E000000f4IpQAI})
05:40:27.0 (32794185)|SYSTEM_METHOD_EXIT|[60]|System.debug(ANY)
05:40:27.0 (32800963)|SYSTEM_METHOD_ENTRY|[63]|communityCaseMgmtController.__sfdc_conRelatedAccsList()
05:40:27.0 (32990639)|VARIABLE_ASSIGNMENT|[EXTERNAL]|this|{"accCaseCount":"0x3a30ecd6","accName":"0x67f35714","con":"0x53ad6344","conRelatedAccsList":"0x52a8eef3","currentUser":"0x5a08d3ea","currentUserId":"00524000005uNfKAAU","myCases":"0x78cc044e","myOrgCases":"0x6965217f","newCase":"0x34e93d35","newCaseOwner":"0x391927d7","relatedAccId":"0x7d26c726","showCreateCase":false}|0x24c3594f
05:40:27.0 (33003700)|SYSTEM_METHOD_EXIT|[63]|communityCaseMgmtController.__sfdc_conRelatedAccsList()
05:40:27.0 (33017295)|SYSTEM_METHOD_ENTRY|[63]|List<AccountContactRelation>.size()
05:40:27.0 (33023545)|SYSTEM_METHOD_EXIT|[63]|List<AccountContactRelation>.size()
05:40:27.0 (33033174)|STATEMENT_EXECUTE|[64]
05:40:27.0 (33040442)|SYSTEM_METHOD_ENTRY|[66]|communityCaseMgmtController.__sfdc_conRelatedAccsList()
05:40:27.0 (33225153)|VARIABLE_ASSIGNMENT|[EXTERNAL]|this|{"accCaseCount":"0x3a30ecd6","accName":"0x67f35714","con":"0x53ad6344","conRelatedAccsList":"0x52a8eef3","currentUser":"0x5a08d3ea","currentUserId":"00524000005uNfKAAU","myCases":"0x78cc044e","myOrgCases":"0x6965217f","newCase":"0x34e93d35","newCaseOwner":"0x391927d7","relatedAccId":"0x7d26c726","showCreateCase":false}|0x24c3594f
05:40:27.0 (33236505)|SYSTEM_METHOD_EXIT|[66]|communityCaseMgmtController.__sfdc_conRelatedAccsList()
05:40:27.0 (33245003)|SYSTEM_METHOD_ENTRY|[66]|List<AccountContactRelation>.iterator()
05:40:27.0 (33358351)|SYSTEM_METHOD_EXIT|[66]|List<AccountContactRelation>.iterator()
05:40:27.0 (33378720)|SYSTEM_METHOD_ENTRY|[66]|system.ListIterator.hasNext()
05:40:27.0 (33394590)|HEAP_ALLOCATE|[66]|Bytes:5
05:40:27.0 (33402091)|SYSTEM_METHOD_EXIT|[66]|system.ListIterator.hasNext()
05:40:27.0 (33443587)|HEAP_ALLOCATE|[66]|Bytes:24
05:40:27.0 (33454299)|VARIABLE_SCOPE_BEGIN|[66]|a|AccountContactRelation|true|false
05:40:27.0 (33473903)|VARIABLE_ASSIGNMENT|[66]|a|{"AccountId":"0019E000006wqt7QAA","ContactId":"0039E000004AdCPQA0","IsActive":true,"IsDirect":false,"Id":"07k9E000000f4JJQAY"}|0x1204e44
05:40:27.0 (33478948)|STATEMENT_EXECUTE|[66]
05:40:27.0 (33481028)|STATEMENT_EXECUTE|[67]
05:40:27.0 (33492246)|SYSTEM_METHOD_ENTRY|[67]|communityCaseMgmtController.__sfdc_relatedAccId()
05:40:27.0 (33678708)|VARIABLE_ASSIGNMENT|[EXTERNAL]|this|{"accCaseCount":"0x3a30ecd6","accName":"0x67f35714","con":"0x53ad6344","conRelatedAccsList":"0x52a8eef3","currentUser":"0x5a08d3ea","currentUserId":"00524000005uNfKAAU","myCases":"0x78cc044e","myOrgCases":"0x6965217f","newCase":"0x34e93d35","newCaseOwner":"0x391927d7","relatedAccId":"0x7d26c726","showCreateCase":false}|0x24c3594f
05:40:27.0 (33692478)|SYSTEM_METHOD_EXIT|[67]|communityCaseMgmtController.__sfdc_relatedAccId()
05:40:27.0 (33740520)|SYSTEM_METHOD_ENTRY|[67]|List<Id>.add(Object)
05:40:27.0 (33748502)|HEAP_ALLOCATE|[EXTERNAL]|Bytes:4
05:40:27.0 (33757537)|SYSTEM_METHOD_EXIT|[67]|List<Id>.add(Object)
05:40:27.0 (33760966)|STATEMENT_EXECUTE|[68]
05:40:27.0 (33764901)|HEAP_ALLOCATE|[68]|Bytes:48
05:40:27.0 (33775538)|HEAP_ALLOCATE|[68]|Bytes:4
05:40:27.0 (36367155)|SOQL_EXECUTE_BEGIN|[68]|Aggregations:0|SELECT id, name FROM account WHERE id = :tmpVar1
05:40:27.0 (36377950)|LIMIT_USAGE|[68]|SOQL|4|100
05:40:27.0 (36387044)|LIMIT_USAGE|[68]|AGGS|0|300
05:40:27.0 (38422390)|SOQL_EXECUTE_END|[68]|Rows:1
05:40:27.0 (38429540)|LIMIT_USAGE|[68]|SOQL_ROWS|10|50000
05:40:27.0 (38440054)|HEAP_ALLOCATE|[68]|Bytes:8
05:40:27.0 (38452023)|HEAP_ALLOCATE|[68]|Bytes:83
05:40:27.0 (38521106)|HEAP_ALLOCATE|[68]|Bytes:8
05:40:27.0 (38532531)|HEAP_ALLOCATE|[68]|Bytes:33
05:40:27.0 (38582550)|HEAP_ALLOCATE|[68]|Bytes:16
05:40:27.0 (38588537)|VARIABLE_SCOPE_BEGIN|[68]|acc|Account|true|false
05:40:27.0 (38605989)|VARIABLE_ASSIGNMENT|[68]|acc|{"Id":"0019E000006wqt7QAA","Name":"LightfulTest","RecordTypeId":"01224000000gEQBAA2"}|0x65c6ad25
05:40:27.0 (38609326)|STATEMENT_EXECUTE|[69]
05:40:27.0 (38621839)|SYSTEM_METHOD_ENTRY|[69]|communityCaseMgmtController.__sfdc_accName()
05:40:27.0 (38797703)|VARIABLE_ASSIGNMENT|[EXTERNAL]|this|{"accCaseCount":"0x3a30ecd6","accName":"0x67f35714","con":"0x53ad6344","conRelatedAccsList":"0x52a8eef3","currentUser":"0x5a08d3ea","currentUserId":"00524000005uNfKAAU","myCases":"0x78cc044e","myOrgCases":"0x6965217f","newCase":"0x34e93d35","newCaseOwner":"0x391927d7","relatedAccId":"0x7d26c726","showCreateCase":false}|0x24c3594f
05:40:27.0 (38811268)|SYSTEM_METHOD_EXIT|[69]|communityCaseMgmtController.__sfdc_accName()
05:40:27.0 (38864160)|SYSTEM_METHOD_ENTRY|[69]|Map<Id,String>.put(Object, Object)
05:40:27.0 (38872579)|HEAP_ALLOCATE|[EXTERNAL]|Bytes:-4
05:40:27.0 (38881161)|SYSTEM_METHOD_EXIT|[69]|Map<Id,String>.put(Object, Object)
05:40:27.0 (38883889)|STATEMENT_EXECUTE|[70]
05:40:27.0 (38887476)|HEAP_ALLOCATE|[70]|Bytes:174
05:40:27.0 (38894077)|HEAP_ALLOCATE|[70]|Bytes:4
05:40:27.0 (39166068)|SOQL_EXECUTE_BEGIN|[70]|Aggregations:0|SELECT CaseNumber, ContactEmail, ContactId, CreatedById, Description, Priority, Reason, Subject, origin, Issue_Type__c, accountid, status FROM Case WHERE accountid = :tmpVar1
05:40:27.0 (39173000)|LIMIT_USAGE|[70]|SOQL|5|100
05:40:27.0 (39179040)|LIMIT_USAGE|[70]|AGGS|0|300
05:40:27.0 (43320946)|SOQL_EXECUTE_END|[70]|Rows:1
05:40:27.0 (43330190)|LIMIT_USAGE|[70]|SOQL_ROWS|11|50000
05:40:27.0 (43342871)|HEAP_ALLOCATE|[70]|Bytes:8
05:40:27.0 (43355056)|HEAP_ALLOCATE|[70]|Bytes:267
05:40:27.0 (43373516)|HEAP_ALLOCATE|[70]|Bytes:8
05:40:27.0 (43385170)|VARIABLE_SCOPE_BEGIN|[70]|ocase|List<Case>|true|false
05:40:27.0 (43420413)|VARIABLE_ASSIGNMENT|[70]|ocase|[{"CaseNumber":"00001214","CreatedById":"00524000005uNfKAAU","Description":"testing related acc  (4 more) ...","Priority":"Medium","Subject":"testing related acc  (4 more) ...","Origin":"Web","AccountId":"0019E000006wqt7QAA","Status":"New","Id":"5009E00000206zGQAQ","RecordTypeId":"012240000002nYhAAI"}]|0x5ed1aecf
05:40:27.0 (43427282)|STATEMENT_EXECUTE|[72]
05:40:27.0 (43444383)|SYSTEM_METHOD_ENTRY|[72]|communityCaseMgmtController.__sfdc_myOrgCases()
05:40:27.0 (43635797)|VARIABLE_ASSIGNMENT|[EXTERNAL]|this|{"accCaseCount":"0x3a30ecd6","accName":"0x67f35714","con":"0x53ad6344","conRelatedAccsList":"0x52a8eef3","currentUser":"0x5a08d3ea","currentUserId":"00524000005uNfKAAU","myCases":"0x78cc044e","myOrgCases":"0x6965217f","newCase":"0x34e93d35","newCaseOwner":"0x391927d7","relatedAccId":"0x7d26c726","showCreateCase":false}|0x24c3594f
05:40:27.0 (43648782)|SYSTEM_METHOD_EXIT|[72]|communityCaseMgmtController.__sfdc_myOrgCases()
05:40:27.0 (43677960)|SYSTEM_METHOD_ENTRY|[72]|Map<Id,List<Case>>.put(Object, Object)
05:40:27.0 (43684988)|HEAP_ALLOCATE|[EXTERNAL]|Bytes:-4
05:40:27.0 (43693784)|SYSTEM_METHOD_EXIT|[72]|Map<Id,List<Case>>.put(Object, Object)
05:40:27.0 (43696474)|STATEMENT_EXECUTE|[75]
05:40:27.0 (43705792)|SYSTEM_METHOD_ENTRY|[75]|communityCaseMgmtController.__sfdc_accCaseCount()
05:40:27.0 (43837342)|VARIABLE_ASSIGNMENT|[EXTERNAL]|this|{"accCaseCount":"0x3a30ecd6","accName":"0x67f35714","con":"0x53ad6344","conRelatedAccsList":"0x52a8eef3","currentUser":"0x5a08d3ea","currentUserId":"00524000005uNfKAAU","myCases":"0x78cc044e","myOrgCases":"0x6965217f","newCase":"0x34e93d35","newCaseOwner":"0x391927d7","relatedAccId":"0x7d26c726","showCreateCase":false}|0x24c3594f
05:40:27.0 (43847428)|SYSTEM_METHOD_EXIT|[75]|communityCaseMgmtController.__sfdc_accCaseCount()
05:40:27.0 (43883115)|SYSTEM_METHOD_ENTRY|[75]|List<Case>.size()
05:40:27.0 (43889326)|SYSTEM_METHOD_EXIT|[75]|List<Case>.size()
05:40:27.0 (43904278)|SYSTEM_METHOD_ENTRY|[75]|Map<Id,Integer>.put(Object, Object)
05:40:27.0 (43907713)|HEAP_ALLOCATE|[75]|Bytes:4
05:40:27.0 (43913279)|HEAP_ALLOCATE|[EXTERNAL]|Bytes:-4
05:40:27.0 (43920690)|SYSTEM_METHOD_EXIT|[75]|Map<Id,Integer>.put(Object, Object)
05:40:27.0 (43929325)|SYSTEM_METHOD_ENTRY|[66]|system.ListIterator.hasNext()
05:40:27.0 (43941357)|HEAP_ALLOCATE|[66]|Bytes:5
05:40:27.0 (43946218)|SYSTEM_METHOD_EXIT|[66]|system.ListIterator.hasNext()
05:40:27.0 (43972794)|HEAP_ALLOCATE|[66]|Bytes:24
05:40:27.0 (43980918)|VARIABLE_SCOPE_BEGIN|[66]|a|AccountContactRelation|true|false
05:40:27.0 (43996154)|VARIABLE_ASSIGNMENT|[66]|a|{"AccountId":"0019E000005FzZJQA0","ContactId":"0039E000004AdCPQA0","IsActive":true,"IsDirect":true,"Id":"07k9E000000f4IpQAI"}|0x58e50688
05:40:27.0 (43999651)|STATEMENT_EXECUTE|[66]
05:40:27.0 (44000934)|STATEMENT_EXECUTE|[67]
05:40:27.0 (44006657)|SYSTEM_METHOD_ENTRY|[67]|communityCaseMgmtController.__sfdc_relatedAccId()
05:40:27.0 (44144106)|VARIABLE_ASSIGNMENT|[EXTERNAL]|this|{"accCaseCount":"0x3a30ecd6","accName":"0x67f35714","con":"0x53ad6344","conRelatedAccsList":"0x52a8eef3","currentUser":"0x5a08d3ea","currentUserId":"00524000005uNfKAAU","myCases":"0x78cc044e","myOrgCases":"0x6965217f","newCase":"0x34e93d35","newCaseOwner":"0x391927d7","relatedAccId":"0x7d26c726","showCreateCase":false}|0x24c3594f
05:40:27.0 (44157421)|SYSTEM_METHOD_EXIT|[67]|communityCaseMgmtController.__sfdc_relatedAccId()
05:40:27.0 (44185565)|SYSTEM_METHOD_ENTRY|[67]|List<Id>.add(Object)
05:40:27.0 (44193838)|HEAP_ALLOCATE|[EXTERNAL]|Bytes:4
05:40:27.0 (44202900)|SYSTEM_METHOD_EXIT|[67]|List<Id>.add(Object)
05:40:27.0 (44206472)|STATEMENT_EXECUTE|[68]
05:40:27.0 (44213540)|HEAP_ALLOCATE|[68]|Bytes:4
05:40:27.0 (44391418)|SOQL_EXECUTE_BEGIN|[68]|Aggregations:0|SELECT id, name FROM account WHERE id = :tmpVar1
05:40:27.0 (44397493)|LIMIT_USAGE|[68]|SOQL|6|100
05:40:27.0 (44403458)|LIMIT_USAGE|[68]|AGGS|0|300
05:40:27.0 (45906970)|SOQL_EXECUTE_END|[68]|Rows:1
05:40:27.0 (45912867)|LIMIT_USAGE|[68]|SOQL_ROWS|12|50000
05:40:27.0 (45921470)|HEAP_ALLOCATE|[68]|Bytes:8
05:40:27.0 (45929951)|HEAP_ALLOCATE|[68]|Bytes:89
05:40:27.0 (45942859)|HEAP_ALLOCATE|[68]|Bytes:8
05:40:27.0 (45964274)|HEAP_ALLOCATE|[68]|Bytes:16
05:40:27.0 (45969650)|VARIABLE_SCOPE_BEGIN|[68]|acc|Account|true|false
05:40:27.0 (45984095)|VARIABLE_ASSIGNMENT|[68]|acc|{"Id":"0019E000005FzZJQA0","Name":"neela@lightful.xyz","RecordTypeId":"01224000000gEQBAA2"}|0x36969b53
05:40:27.0 (45987622)|STATEMENT_EXECUTE|[69]
05:40:27.0 (45994442)|SYSTEM_METHOD_ENTRY|[69]|communityCaseMgmtController.__sfdc_accName()
05:40:27.0 (46174295)|VARIABLE_ASSIGNMENT|[EXTERNAL]|this|{"accCaseCount":"0x3a30ecd6","accName":"0x67f35714","con":"0x53ad6344","conRelatedAccsList":"0x52a8eef3","currentUser":"0x5a08d3ea","currentUserId":"00524000005uNfKAAU","myCases":"0x78cc044e","myOrgCases":"0x6965217f","newCase":"0x34e93d35","newCaseOwner":"0x391927d7","relatedAccId":"0x7d26c726","showCreateCase":false}|0x24c3594f
05:40:27.0 (46189558)|SYSTEM_METHOD_EXIT|[69]|communityCaseMgmtController.__sfdc_accName()
05:40:27.0 (46225380)|SYSTEM_METHOD_ENTRY|[69]|Map<Id,String>.put(Object, Object)
05:40:27.0 (46232755)|HEAP_ALLOCATE|[EXTERNAL]|Bytes:-4
05:40:27.0 (46245626)|SYSTEM_METHOD_EXIT|[69]|Map<Id,String>.put(Object, Object)
05:40:27.0 (46249723)|STATEMENT_EXECUTE|[70]
05:40:27.0 (46255628)|HEAP_ALLOCATE|[70]|Bytes:4
05:40:27.0 (46533236)|SOQL_EXECUTE_BEGIN|[70]|Aggregations:0|SELECT CaseNumber, ContactEmail, ContactId, CreatedById, Description, Priority, Reason, Subject, origin, Issue_Type__c, accountid, status FROM Case WHERE accountid = :tmpVar1
05:40:27.0 (46542114)|LIMIT_USAGE|[70]|SOQL|7|100
05:40:27.0 (46549900)|LIMIT_USAGE|[70]|AGGS|0|300
05:40:27.0 (50400490)|SOQL_EXECUTE_END|[70]|Rows:5
05:40:27.0 (50407038)|LIMIT_USAGE|[70]|SOQL_ROWS|17|50000
05:40:27.0 (50416330)|HEAP_ALLOCATE|[70]|Bytes:24
05:40:27.0 (50437130)|HEAP_ALLOCATE|[70]|Bytes:2007
05:40:27.0 (50450001)|HEAP_ALLOCATE|[70]|Bytes:24
05:40:27.0 (50470666)|VARIABLE_SCOPE_BEGIN|[70]|ocase|List<Case>|true|false
05:40:27.0 (50573006)|VARIABLE_ASSIGNMENT|[70]|ocase|[{"CaseNumber":"00001207","ContactEmail":"neela@lightful.xyz","ContactId":"0039E000004AdCPQA0","CreatedById":"00524000005uNfKAAU","Description":"test community type  (9 more) ...","Priority":"Medium","Reason":"Lightful Community","Subject":"test community type  (4 more) ...","Origin":"Communities","Issue_Type__c":"Community issue","AccountId":"0019E000005FzZJQA0","Status":"New","Id":"5009E000001w1IMQAY","RecordTypeId":"012240000002nYhAAI"},{"CaseNumber":"00001206","ContactEmail":"neela@lightful.xyz","ContactId":"0039E000004AdCPQA0","CreatedById":"00524000005uNfKAAU","Description":"dummy test values\r\n\r (24 more) ...","Priority":"Medium","Reason":"Lightful Community","Subject":"Testing Vfpage case  (8 more) ...","Origin":"Communities","Issue_Type__c":"Community question","AccountId":"0019E000005FzZJQA0","Status":"New","Id":"5009E000001w1I2QAI","RecordTypeId":"012240000002nYhAAI"},{"CaseNumber":"00001205","ContactEmail":"neela@lightful.xyz","ContactId":"0039E000004AdCPQA0","CreatedById":"00524000005uNfKAAU","Description":"test case creation f (10 more) ...","Priority":"Medium","Reason":"Lightful Community","Subject":"Testing Vfpage","Origin":"Communities","Issue_Type__c":"Community issue","AccountId":"0019E000005FzZJQA0","Status":"New","Id":"5009E000001w1HiQAI","RecordTypeId":"012240000002nYhAAI"},{"CaseNumber":"00001204","ContactEmail":"neela@lightful.xyz","ContactId":"0039E000004AdCPQA0","CreatedById":"00524000005uNfKAAU","Description":"Testing community ca (15 more) ...","Priority":"Medium","Reason":"My Lightful Account","Subject":"Test","Origin":"Communities","Issue_Type__c":"Problems logging in","AccountId":"0019E000005FzZJQA0","Status":"New","Id":"5009E000001vvt0QAA","RecordTypeId":"012240000002nYhAAI"},{"CaseNumber":"00001203","ContactEmail":"neela@lightful.xyz","ContactId":"0039E000004AdCPQA0","CreatedById":"00524000005uNfKAAU","Description":"Testing community ca (2 more) ...","Priority":"Medium","Reason":"My Lightful Account","Subject":"Test","Origin":"Communities","Issue_Type__c":"Problems logging in","AccountId":"0019E000005FzZJQA0","Status":"New","Id":"5009E000001vvsbQAA","RecordTypeId":"012240000002nYhAAI"}]|0x5b9fb68c
05:40:27.0 (50601882)|STATEMENT_EXECUTE|[72]
05:40:27.0 (50621714)|SYSTEM_METHOD_ENTRY|[72]|communityCaseMgmtController.__sfdc_myOrgCases()
05:40:27.0 (50895756)|VARIABLE_ASSIGNMENT|[EXTERNAL]|this|{"accCaseCount":"0x3a30ecd6","accName":"0x67f35714","con":"0x53ad6344","conRelatedAccsList":"0x52a8eef3","currentUser":"0x5a08d3ea","currentUserId":"00524000005uNfKAAU","myCases":"0x78cc044e","myOrgCases":"0x6965217f","newCase":"0x34e93d35","newCaseOwner":"0x391927d7","relatedAccId":"0x7d26c726","showCreateCase":false}|0x24c3594f
05:40:27.0 (50911751)|SYSTEM_METHOD_EXIT|[72]|communityCaseMgmtController.__sfdc_myOrgCases()
05:40:27.0 (50945196)|SYSTEM_METHOD_ENTRY|[72]|Map<Id,List<Case>>.put(Object, Object)
05:40:27.0 (50953435)|HEAP_ALLOCATE|[EXTERNAL]|Bytes:-4
05:40:27.0 (50967684)|SYSTEM_METHOD_EXIT|[72]|Map<Id,List<Case>>.put(Object, Object)
05:40:27.0 (50972075)|STATEMENT_EXECUTE|[75]
05:40:27.0 (50978502)|SYSTEM_METHOD_ENTRY|[75]|communityCaseMgmtController.__sfdc_accCaseCount()
05:40:27.0 (51160579)|VARIABLE_ASSIGNMENT|[EXTERNAL]|this|{"accCaseCount":"0x3a30ecd6","accName":"0x67f35714","con":"0x53ad6344","conRelatedAccsList":"0x52a8eef3","currentUser":"0x5a08d3ea","currentUserId":"00524000005uNfKAAU","myCases":"0x78cc044e","myOrgCases":"0x6965217f","newCase":"0x34e93d35","newCaseOwner":"0x391927d7","relatedAccId":"0x7d26c726","showCreateCase":false}|0x24c3594f
05:40:27.0 (51179561)|SYSTEM_METHOD_EXIT|[75]|communityCaseMgmtController.__sfdc_accCaseCount()
05:40:27.0 (51192265)|SYSTEM_METHOD_ENTRY|[75]|List<Case>.size()
05:40:27.0 (51197161)|SYSTEM_METHOD_EXIT|[75]|List<Case>.size()
05:40:27.0 (51210184)|SYSTEM_METHOD_ENTRY|[75]|Map<Id,Integer>.put(Object, Object)
05:40:27.0 (51213718)|HEAP_ALLOCATE|[75]|Bytes:4
05:40:27.0 (51221204)|HEAP_ALLOCATE|[EXTERNAL]|Bytes:-4
05:40:27.0 (51228445)|SYSTEM_METHOD_EXIT|[75]|Map<Id,Integer>.put(Object, Object)
05:40:27.0 (51235538)|SYSTEM_METHOD_ENTRY|[66]|system.ListIterator.hasNext()
05:40:27.0 (51244310)|HEAP_ALLOCATE|[66]|Bytes:5
05:40:27.0 (51248376)|SYSTEM_METHOD_EXIT|[66]|system.ListIterator.hasNext()
05:40:27.0 (51259202)|VARIABLE_ASSIGNMENT|[66]|a|null|
05:40:27.0 (51262309)|STATEMENT_EXECUTE|[77]
05:40:27.0 (51265645)|HEAP_ALLOCATE|[77]|Bytes:12
05:40:27.0 (51271707)|SYSTEM_METHOD_ENTRY|[77]|communityCaseMgmtController.__sfdc_myOrgCases()
05:40:27.0 (51408002)|VARIABLE_ASSIGNMENT|[EXTERNAL]|this|{"accCaseCount":"0x3a30ecd6","accName":"0x67f35714","con":"0x53ad6344","conRelatedAccsList":"0x52a8eef3","currentUser":"0x5a08d3ea","currentUserId":"00524000005uNfKAAU","myCases":"0x78cc044e","myOrgCases":"0x6965217f","newCase":"0x34e93d35","newCaseOwner":"0x391927d7","relatedAccId":"0x7d26c726","showCreateCase":false}|0x24c3594f
05:40:27.0 (51417393)|SYSTEM_METHOD_EXIT|[77]|communityCaseMgmtController.__sfdc_myOrgCases()
05:40:27.0 (51436929)|SYSTEM_METHOD_ENTRY|[77]|String.valueOf(Object)
05:40:27.0 (51653046)|HEAP_ALLOCATE|[77]|Bytes:2248
05:40:27.0 (51666321)|SYSTEM_METHOD_EXIT|[77]|String.valueOf(Object)
05:40:27.0 (51673590)|HEAP_ALLOCATE|[77]|Bytes:2260
05:40:27.0 (51686023)|SYSTEM_METHOD_ENTRY|[77]|System.debug(ANY)
05:40:27.0 (51693651)|USER_DEBUG|[77]|DEBUG|Org cases : {0019E000005FzZJQA0=(Case:{CaseNumber=00001207, ContactEmail=neela@lightful.xyz, ContactId=0039E000004AdCPQA0, CreatedById=00524000005uNfKAAU, Description=test community type case desc, Priority=Medium, Reason=Lightful Community, Subject=test community type case, Origin=Communities, Issue_Type__c=Community issue, AccountId=0019E000005FzZJQA0, Status=New, Id=5009E000001w1IMQAY, RecordTypeId=012240000002nYhAAI}, Case:{CaseNumber=00001206, ContactEmail=neela@lightful.xyz, ContactId=0039E000004AdCPQA0, CreatedById=00524000005uNfKAAU, Description=dummy test values

jhbn nkll;,;
cn nm m k, Priority=Medium, Reason=Lightful Community, Subject=Testing Vfpage case creation, Origin=Communities, Issue_Type__c=Community question, AccountId=0019E000005FzZJQA0, Status=New, Id=5009E000001w1I2QAI, RecordTypeId=012240000002nYhAAI}, Case:{CaseNumber=00001205, ContactEmail=neela@lightful.xyz, ContactId=0039E000004AdCPQA0, CreatedById=00524000005uNfKAAU, Description=test case creation from vfpage, Priority=Medium, Reason=Lightful Community, Subject=Testing Vfpage, Origin=Communities, Issue_Type__c=Community issue, AccountId=0019E000005FzZJQA0, Status=New, Id=5009E000001w1HiQAI, RecordTypeId=012240000002nYhAAI}, Case:{CaseNumber=00001204, ContactEmail=neela@lightful.xyz, ContactId=0039E000004AdCPQA0, CreatedById=00524000005uNfKAAU, Description=Testing community case dummy values, Priority=Medium, Reason=My Lightful Account, Subject=Test, Origin=Communities, Issue_Type__c=Problems logging in, AccountId=0019E000005FzZJQA0, Status=New, Id=5009E000001vvt0QAA, RecordTypeId=012240000002nYhAAI}, Case:{CaseNumber=00001203, ContactEmail=neela@lightful.xyz, ContactId=0039E000004AdCPQA0, CreatedById=00524000005uNfKAAU, Description=Testing community case, Priority=Medium, Reason=My Lightful Account, Subject=Test, Origin=Communities, Issue_Type__c=Problems logging in, AccountId=0019E000005FzZJQA0, Status=New, Id=5009E000001vvsbQAA, RecordTypeId=012240000002nYhAAI}), 0019E000006wqt7QAA=(Case:{CaseNumber=00001214, CreatedById=00524000005uNfKAAU, Description=testing related acc case, Priority=Medium, Subject=testing related acc case, Origin=Web, AccountId=0019E000006wqt7QAA, Status=New, Id=5009E00000206zGQAQ, RecordTypeId=012240000002nYhAAI})}
05:40:27.0 (51706286)|SYSTEM_METHOD_EXIT|[77]|System.debug(ANY)
05:40:27.0 (51709200)|STATEMENT_EXECUTE|[80]
05:40:27.0 (51712702)|HEAP_ALLOCATE|[80]|Bytes:18
05:40:27.0 (51718941)|SYSTEM_METHOD_ENTRY|[80]|communityCaseMgmtController.__sfdc_accName()
05:40:27.0 (51904609)|VARIABLE_ASSIGNMENT|[EXTERNAL]|this|{"accCaseCount":"0x3a30ecd6","accName":"0x67f35714","con":"0x53ad6344","conRelatedAccsList":"0x52a8eef3","currentUser":"0x5a08d3ea","currentUserId":"00524000005uNfKAAU","myCases":"0x78cc044e","myOrgCases":"0x6965217f","newCase":"0x34e93d35","newCaseOwner":"0x391927d7","relatedAccId":"0x7d26c726","showCreateCase":false}|0x24c3594f
05:40:27.0 (51918821)|SYSTEM_METHOD_EXIT|[80]|communityCaseMgmtController.__sfdc_accName()
05:40:27.0 (51943500)|SYSTEM_METHOD_ENTRY|[80]|String.valueOf(Object)
05:40:27.0 (51954762)|HEAP_ALLOCATE|[80]|Bytes:72
05:40:27.0 (51970188)|SYSTEM_METHOD_EXIT|[80]|String.valueOf(Object)
05:40:27.0 (51978799)|SYSTEM_METHOD_ENTRY|[80]|communityCaseMgmtController.__sfdc_accCaseCount()
05:40:27.0 (52122664)|VARIABLE_ASSIGNMENT|[EXTERNAL]|this|{"accCaseCount":"0x3a30ecd6","accName":"0x67f35714","con":"0x53ad6344","conRelatedAccsList":"0x52a8eef3","currentUser":"0x5a08d3ea","currentUserId":"00524000005uNfKAAU","myCases":"0x78cc044e","myOrgCases":"0x6965217f","newCase":"0x34e93d35","newCaseOwner":"0x391927d7","relatedAccId":"0x7d26c726","showCreateCase":false}|0x24c3594f
05:40:27.0 (52133228)|SYSTEM_METHOD_EXIT|[80]|communityCaseMgmtController.__sfdc_accCaseCount()
05:40:27.0 (52148506)|SYSTEM_METHOD_ENTRY|[80]|String.valueOf(Object)
05:40:27.0 (52155315)|HEAP_ALLOCATE|[80]|Bytes:44
05:40:27.0 (52162570)|SYSTEM_METHOD_EXIT|[80]|String.valueOf(Object)
05:40:27.0 (52168091)|HEAP_ALLOCATE|[80]|Bytes:134
05:40:27.0 (52175741)|SYSTEM_METHOD_ENTRY|[80]|System.debug(ANY)
05:40:27.0 (52179994)|USER_DEBUG|[80]|DEBUG|Acc name and size {0019E000005FzZJQA0=neela@lightful.xyz, 0019E000006wqt7QAA=LightfulTest}{0019E000005FzZJQA0=5, 0019E000006wqt7QAA=1}
05:40:27.0 (52183554)|SYSTEM_METHOD_EXIT|[80]|System.debug(ANY)
05:40:27.0 (52196344)|VF_APEX_CALL_END|communityCaseMgmtController <init>
05:40:27.0 (52252147)|VF_APEX_CALL_START|[EXTERNAL]|01p9E000000Dmpd|communityCaseMgmtController get(myCases)
05:40:27.0 (52260959)|SYSTEM_MODE_ENTER|true
05:40:27.0 (52274295)|VF_APEX_CALL_START|[EXTERNAL]|01p9E000000Dmpd|myCases
05:40:27.0 (52285148)|VF_APEX_CALL_END|myCases
05:40:27.0 (52301490)|VF_APEX_CALL_END|communityCaseMgmtController get(myCases)
05:40:27.0 (53422609)|VF_APEX_CALL_START|[EXTERNAL]|01p9E000000Dmpd|communityCaseMgmtController get(relatedAccId)
05:40:27.0 (53429922)|SYSTEM_MODE_ENTER|true
05:40:27.0 (53436957)|VF_APEX_CALL_START|[EXTERNAL]|01p9E000000Dmpd|relatedAccId
05:40:27.0 (53445376)|VF_APEX_CALL_END|relatedAccId
05:40:27.0 (53457990)|VF_APEX_CALL_END|communityCaseMgmtController get(relatedAccId)
05:40:27.0 (53560574)|VF_EVALUATE_FORMULA_BEGIN|0669E000000Cv0R|#{myOrgCases[accid]}
05:40:27.0 (53616666)|VF_APEX_CALL_START|[EXTERNAL]|01p9E000000Dmpd|communityCaseMgmtController get(myOrgCases)
05:40:27.0 (53621865)|SYSTEM_MODE_ENTER|true
05:40:27.0 (53627880)|VF_APEX_CALL_START|[EXTERNAL]|01p9E000000Dmpd|myOrgCases
05:40:27.0 (53635227)|VF_APEX_CALL_END|myOrgCases
05:40:27.0 (53645383)|VF_APEX_CALL_END|communityCaseMgmtController get(myOrgCases)
05:40:27.0 (53690393)|VF_EVALUATE_FORMULA_END
05:40:27.0 (53703494)|VF_EVALUATE_FORMULA_BEGIN|0669E000000Cv0R|#{myOrgCases[accid]}
05:40:27.0 (53719694)|VF_EVALUATE_FORMULA_END
05:40:27.0 (53723809)|VF_EVALUATE_FORMULA_BEGIN|0669E000000Cv0R|#{myOrgCases[accid]}
05:40:27.0 (53734287)|VF_EVALUATE_FORMULA_END
05:40:27.0 (53753967)|VF_EVALUATE_FORMULA_BEGIN|0669E000000Cv0R|#{myOrgCases[accid]}
05:40:27.0 (53766782)|VF_EVALUATE_FORMULA_END
05:40:27.0 (53770558)|VF_EVALUATE_FORMULA_BEGIN|0669E000000Cv0R|#{myOrgCases[accid]}
05:40:27.0 (53779920)|VF_EVALUATE_FORMULA_END
05:40:27.0 (53878435)|VF_EVALUATE_FORMULA_BEGIN|0669E000000Cv0R|#{myOrgCases[accid]}
05:40:27.0 (53898143)|VF_EVALUATE_FORMULA_END
05:40:27.0 (53905553)|VF_EVALUATE_FORMULA_BEGIN|0669E000000Cv0R|#{myOrgCases[accid]}
05:40:27.0 (53919319)|VF_EVALUATE_FORMULA_END
05:40:27.0 (53922935)|VF_EVALUATE_FORMULA_BEGIN|0669E000000Cv0R|#{myOrgCases[accid]}
05:40:27.0 (53934584)|VF_EVALUATE_FORMULA_END
05:40:27.0 (53949937)|VF_EVALUATE_FORMULA_BEGIN|0669E000000Cv0R|#{myOrgCases[accid]}
05:40:27.0 (53963167)|VF_EVALUATE_FORMULA_END
05:40:27.0 (53966876)|VF_EVALUATE_FORMULA_BEGIN|0669E000000Cv0R|#{myOrgCases[accid]}
05:40:27.0 (53978179)|VF_EVALUATE_FORMULA_END
05:40:27.0 (54426433)|VF_APEX_CALL_START|[EXTERNAL]|01p9E000000Dmpd|communityCaseMgmtController get(newcaseOwner)
05:40:27.0 (54433730)|SYSTEM_MODE_ENTER|true
05:40:27.0 (54440927)|VF_APEX_CALL_START|[EXTERNAL]|01p9E000000Dmpd|newcaseOwner
05:40:27.0 (54448958)|VF_APEX_CALL_END|newcaseOwner
05:40:27.0 (54461927)|VF_APEX_CALL_END|communityCaseMgmtController get(newcaseOwner)
05:40:27.0 (56284281)|VF_APEX_CALL_START|[EXTERNAL]|01p9E000000Dmpd|communityCaseMgmtController get(newCase)
05:40:27.0 (56302125)|SYSTEM_MODE_ENTER|true
05:40:27.0 (56313110)|VF_APEX_CALL_START|[EXTERNAL]|01p9E000000Dmpd|newCase
05:40:27.0 (56325483)|VF_APEX_CALL_END|newCase
05:40:27.0 (56342649)|VF_APEX_CALL_END|communityCaseMgmtController get(newCase)
05:40:27.0 (58428335)|VF_EVALUATE_FORMULA_BEGIN|0669E000000Cv0R|#{URLFOR($Resource.Bootstrap337, 'bootstrap-3.3.7-dist/css/bootstrap.min.css')}
05:40:27.0 (58690372)|VF_EVALUATE_FORMULA_END
05:40:27.0 (58718391)|VF_EVALUATE_FORMULA_BEGIN|0669E000000Cv0R|#{URLFOR($Resource.Bootstrap337, 'bootstrap-3.3.7-dist/css/bootstrap.min.css')}
05:40:27.0 (58756724)|VF_EVALUATE_FORMULA_END
05:40:27.0 (58778261)|VF_EVALUATE_FORMULA_BEGIN|0669E000000Cv0R|#{URLFOR($Resource.Bootstrap337, 'bootstrap-3.3.7-dist/js/bootstrap.min.js')}
05:40:27.0 (58817168)|VF_EVALUATE_FORMULA_END
05:40:27.59 (59028486)|VF_APEX_CALL_START|[EXTERNAL]|/apexpage/pagemessagescomponentcontroller.apex set(conEscape,null)
05:40:27.59 (59044650)|SYSTEM_MODE_ENTER|true
05:40:27.59 (59059287)|VF_APEX_CALL_START|[EXTERNAL]|PageMessagesComponentController set(conEscape,null)
05:40:27.59 (59089859)|VF_APEX_CALL_START|[EXTERNAL]|PageMessagesComponentController invoke(setconEscape)
05:40:27.59 (59125292)|HEAP_ALLOCATE|[EXTERNAL]|Bytes:8
05:40:27.59 (59134204)|VARIABLE_SCOPE_BEGIN|[88]|this|ApexPage.PageMessagesComponentController|true|false
05:40:27.59 (59165141)|VARIABLE_ASSIGNMENT|[88]|this|{}|0x47405a5
05:40:27.59 (59169303)|VARIABLE_SCOPE_BEGIN|[88]|escape|Boolean|false|false
05:40:27.59 (59174995)|VARIABLE_ASSIGNMENT|[88]|escape|null
05:40:27.59 (59317902)|VF_APEX_CALL_START|[EXTERNAL]|/apexpage/pagemessagescomponentcontroller.apex get(severities)
05:40:27.59 (59327930)|SYSTEM_MODE_ENTER|true
05:40:27.59 (59338930)|VF_APEX_CALL_START|[EXTERNAL]|PageMessagesComponentController invoke(getseverities)
05:40:27.59 (59357761)|HEAP_ALLOCATE|[EXTERNAL]|Bytes:8
05:40:27.59 (59363750)|VARIABLE_SCOPE_BEGIN|[2]|this|ApexPage.PageMessagesComponentController|true|false
05:40:27.59 (59381274)|VARIABLE_ASSIGNMENT|[2]|this|{}|0x47405a5
05:40:27.0 (59936568)|VF_EVALUATE_FORMULA_BEGIN|0669E000000Cv0R|#{if(showCreateCase == false,  "block", "none")}
05:40:27.0 (59997371)|VF_APEX_CALL_START|[EXTERNAL]|01p9E000000Dmpd|communityCaseMgmtController get(showCreateCase)
05:40:27.0 (60005068)|SYSTEM_MODE_ENTER|true
05:40:27.0 (60014570)|VF_APEX_CALL_START|[EXTERNAL]|01p9E000000Dmpd|showCreateCase
05:40:27.0 (60029441)|VF_APEX_CALL_END|showCreateCase
05:40:27.0 (60045257)|VF_APEX_CALL_END|communityCaseMgmtController get(showCreateCase)
05:40:27.0 (60062596)|VF_EVALUATE_FORMULA_END
05:40:27.0 (60975840)|VF_EVALUATE_FORMULA_BEGIN|0669E000000Cv0R|#{if(showCreateCase == true,  "block", "none")}
05:40:27.0 (61012088)|VF_EVALUATE_FORMULA_END
05:40:27.0 (61300249)|VF_EVALUATE_FORMULA_BEGIN|0669E000000Cv0R|#{if(showCreateCase == false,  "block", "none")}
05:40:27.0 (61327531)|VF_EVALUATE_FORMULA_END
05:40:27.0 (67439490)|VF_EVALUATE_FORMULA_BEGIN|0669E000000Cv0R|#{if(showCreateCase == false,  "block", "none")}
05:40:27.0 (67465547)|VF_EVALUATE_FORMULA_END
05:40:27.0 (67531797)|VF_EVALUATE_FORMULA_BEGIN|0669E000000Cv0R|#{if(accCaseCount[accid] > 0,  "block", "none")}
05:40:27.0 (67592577)|VF_APEX_CALL_START|[EXTERNAL]|01p9E000000Dmpd|communityCaseMgmtController get(accCaseCount)
05:40:27.0 (67599617)|SYSTEM_MODE_ENTER|true
05:40:27.0 (67608144)|VF_APEX_CALL_START|[EXTERNAL]|01p9E000000Dmpd|accCaseCount
05:40:27.0 (67620899)|VF_APEX_CALL_END|accCaseCount
05:40:27.0 (67633489)|VF_APEX_CALL_END|communityCaseMgmtController get(accCaseCount)
05:40:27.0 (67661227)|VF_EVALUATE_FORMULA_END
05:40:27.0 (67672835)|VF_EVALUATE_FORMULA_BEGIN|0669E000000Cv0R|#{accName[accid]}
05:40:27.0 (67707448)|VF_APEX_CALL_START|[EXTERNAL]|01p9E000000Dmpd|communityCaseMgmtController get(accName)
05:40:27.0 (67711849)|SYSTEM_MODE_ENTER|true
05:40:27.0 (67716731)|VF_APEX_CALL_START|[EXTERNAL]|01p9E000000Dmpd|accName
05:40:27.0 (67723433)|VF_APEX_CALL_END|accName
05:40:27.0 (67731528)|VF_APEX_CALL_END|communityCaseMgmtController get(accName)
05:40:27.0 (67749140)|VF_EVALUATE_FORMULA_END
05:40:27.0 (67784162)|VF_EVALUATE_FORMULA_BEGIN|0669E000000Cv0R|#{myOrgCases[accid]}
05:40:27.0 (67804116)|VF_EVALUATE_FORMULA_END
05:40:27.0 (67809079)|VF_EVALUATE_FORMULA_BEGIN|0669E000000Cv0R|#{myOrgCases[accid]}
05:40:27.0 (67820062)|VF_EVALUATE_FORMULA_END
05:40:27.0 (68866294)|VF_EVALUATE_FORMULA_BEGIN|0669E000000Cv0R|#{if(accCaseCount[accid] > 0,  "block", "none")}
05:40:27.0 (68894946)|VF_EVALUATE_FORMULA_END
05:40:27.0 (68903184)|VF_EVALUATE_FORMULA_BEGIN|0669E000000Cv0R|#{accName[accid]}
05:40:27.0 (68916909)|VF_EVALUATE_FORMULA_END
05:40:27.0 (68934342)|VF_EVALUATE_FORMULA_BEGIN|0669E000000Cv0R|#{myOrgCases[accid]}
05:40:27.0 (68953567)|VF_EVALUATE_FORMULA_END
05:40:27.0 (68957995)|VF_EVALUATE_FORMULA_BEGIN|0669E000000Cv0R|#{myOrgCases[accid]}
05:40:27.0 (68970831)|VF_EVALUATE_FORMULA_END
05:40:27.0 (73737070)|VF_EVALUATE_FORMULA_BEGIN|0669E000000Cv0R|#{if(showCreateCase == true,  "block", "none")}
05:40:27.0 (73762789)|VF_EVALUATE_FORMULA_END
05:40:27.0 (77891960)|VF_SERIALIZE_VIEWSTATE_BEGIN|0669E000000Cv0R
05:40:27.0 (82610053)|VF_SERIALIZE_VIEWSTATE_END
05:40:27.0 (83859206)|VF_EVALUATE_FORMULA_BEGIN|0669E000000Cv0R|#{myOrgCases[accid]}
05:40:27.0 (83885308)|VF_EVALUATE_FORMULA_END
05:40:27.0 (83890900)|VF_EVALUATE_FORMULA_BEGIN|0669E000000Cv0R|#{myOrgCases[accid]}
05:40:27.0 (83903242)|VF_EVALUATE_FORMULA_END
05:40:27.0 (83943230)|VF_EVALUATE_FORMULA_BEGIN|0669E000000Cv0R|#{myOrgCases[accid]}
05:40:27.0 (83959841)|VF_EVALUATE_FORMULA_END
05:40:27.0 (83963948)|VF_EVALUATE_FORMULA_BEGIN|0669E000000Cv0R|#{myOrgCases[accid]}
05:40:27.0 (83975940)|VF_EVALUATE_FORMULA_END
05:40:27.0 (83990806)|VF_EVALUATE_FORMULA_BEGIN|0669E000000Cv0R|#{myOrgCases[accid]}
05:40:27.0 (84004880)|VF_EVALUATE_FORMULA_END
05:40:27.0 (84009154)|VF_EVALUATE_FORMULA_BEGIN|0669E000000Cv0R|#{myOrgCases[accid]}
05:40:27.0 (84020714)|VF_EVALUATE_FORMULA_END
05:40:27.85 (85336142)|CUMULATIVE_LIMIT_USAGE
05:40:27.85 (85336142)|LIMIT_USAGE_FOR_NS|(default)|
  Number of SOQL queries: 7 out of 100
  Number of query rows: 17 out of 50000
  Number of SOSL queries: 0 out of 20
  Number of DML statements: 0 out of 150
  Number of DML rows: 0 out of 10000
  Maximum CPU time: 0 out of 10000
  Maximum heap size: 0 out of 6000000
  Number of callouts: 0 out of 100
  Number of Email Invocations: 0 out of 10
  Number of future calls: 0 out of 50
  Number of queueable jobs added to the queue: 0 out of 50
  Number of Mobile Apex push calls: 0 out of 10

05:40:27.85 (85336142)|TOTAL_EMAIL_RECIPIENTS_QUEUED|0
05:40:27.85 (85336142)|STATIC_VARIABLE_LIST|
  char[]:DigitTens:0
  long:serialVersionUID:0
  long:serialVersionUID:0
  String:_sfdcAdditionalCodeLocations:0
  String:_sfdcAdditionalCodeLocations:0
  double:MAX_VALUE:0
  Boolean:FALSE:0
  long:serialVersionUID:0
  String:__sfdcInnerTypes:0
  String:_sfdcSuppressedCodeLocations:0
  double:MIN_VALUE:0
  int:SIZE:0
  double:NEGATIVE_INFINITY:0
  int:MAX_VALUE:0
  String:_sfdcAdditionalCodeLocations:0
  char[]:digits:0
  double:NaN:0
  Boolean:TRUE:0
  int:MIN_VALUE:0
  char[]:DigitOnes:0
  int:BYTES:0
  int:MIN_EXPONENT:0
  int[]:sizeTable:0
  int:MAX_EXPONENT:0
  String:_sfdcAdditionalCodeLocations:0
  String:__sfdcProperties:0
  int:SIZE:0
  double:POSITIVE_INFINITY:0
  double:MIN_NORMAL:0
  int:BYTES:0

05:40:27.85 (85336142)|CUMULATIVE_LIMIT_USAGE_END

05:40:27.0 (85466061)|CODE_UNIT_FINISHED|VF: /apex/communityCaseMgmt
05:40:27.0 (86216974)|EXECUTION_FINISHED
05:40:27.87 (87651513)|CUMULATIVE_PROFILING_BEGIN
05:40:27.87 (87651513)|CUMULATIVE_PROFILING|SOQL operations|
Class.communityCaseMgmtController.<init>: line 70, column 1: [SELECT CaseNumber,ContactEmail,ContactId,CreatedById,Description,Priority,Reason,Subject,origin,Issue_Type__c,accountid,status FROM Case where accountid= :a.accountid]: executed 2 times in 9 ms
Class.communityCaseMgmtController.<init>: line 68, column 1: [select id,name from account where id =:a.accountid]: executed 2 times in 6 ms
Class.communityCaseMgmtController.<init>: line 50, column 1: [SELECT AccountId,ContactId,IsActive,IsDirect,Roles FROM AccountContactRelation WHERE ContactId = '0039E000004AdCP']: executed 2 times in 3 ms

05:40:27.87 (87651513)|CUMULATIVE_PROFILING|No profiling information for SOSL operations
05:40:27.87 (87651513)|CUMULATIVE_PROFILING|No profiling information for DML operations
05:40:27.87 (87651513)|CUMULATIVE_PROFILING|method invocations|
External entry point: public void <init>(): executed 1 time in 37 ms
Class.communityCaseMgmtController.<init>: line 54, column 1: public Id __sfdc_currentUserId(): executed 3 times in 6 ms
Class.communityCaseMgmtController.<init>: line 24, column 1: public Id __sfdc_currentUserId(): executed 3 times in 5 ms
Class.communityCaseMgmtController.<init>: line 66, column 1: public List<AccountContactRelation> __sfdc_conRelatedAccsList(): executed 5 times in 1 ms
Class.communityCaseMgmtController.<init>: line 75, column 1: public Map<Id,Integer> __sfdc_accCaseCount(): executed 6 times in 1 ms
Class.communityCaseMgmtController.<init>: line 30, column 1: public void __sfdc_myOrgCases(Map<Id,List<Case>>): executed 1 time in 1 ms
Class.communityCaseMgmtController.<init>: line 48, column 1: public User __sfdc_currentUser(): executed 2 times in 1 ms
Class.communityCaseMgmtController.<init>: line 59, column 1: public Case __sfdc_newCase(): executed 4 times in 1 ms
Class.communityCaseMgmtController.<init>: line 67, column 1: public List<Id> __sfdc_relatedAccId(): executed 4 times in 0 ms
Class.communityCaseMgmtController.<init>: line 69, column 1: public Map<Id,String> __sfdc_accName(): executed 4 times in 0 ms
Class.communityCaseMgmtController.<init>: line 72, column 1: public Map<Id,List<Case>> __sfdc_myOrgCases(): executed 4 times in 0 ms

05:40:27.87 (87651513)|CUMULATIVE_PROFILING_END
