39.0 APEX_CODE,FINEST;APEX_PROFILING,FINEST;CALLOUT,FINEST;DB,FINEST;SYSTEM,FINE;VALIDATION,INFO;VISUALFORCE,FINER;WAVE,INFO;WORKFLOW,FINER
02:09:07.0 (284168)|USER_INFO|[EXTERNAL]|00524000005uNfK|neela@lightful.com.commundev|Line Is. Time|GMT+14:00
02:09:07.0 (314937)|EXECUTION_STARTED
02:09:07.0 (319948)|CODE_UNIT_STARTED|[EXTERNAL]|0669E000000Cv44|VF: /apex/communityCaseDetail
02:09:07.12 (12076389)|VF_APEX_CALL_START|[EXTERNAL]|/apexpage/pagemessagescomponentcontroller.apex <init>
02:09:07.12 (12096634)|SYSTEM_MODE_ENTER|true
02:09:07.12 (12220926)|HEAP_ALLOCATE|[72]|Bytes:3
02:09:07.12 (12255375)|HEAP_ALLOCATE|[77]|Bytes:152
02:09:07.12 (12269933)|HEAP_ALLOCATE|[342]|Bytes:408
02:09:07.12 (12283887)|HEAP_ALLOCATE|[355]|Bytes:408
02:09:07.12 (12297254)|HEAP_ALLOCATE|[467]|Bytes:48
02:09:07.12 (12548350)|VF_APEX_CALL_START|[EXTERNAL]|/apexpage/pagemessagescomponentcontroller.apex set(conEscape,null)
02:09:07.12 (12557121)|SYSTEM_MODE_ENTER|true
02:09:07.12 (12566219)|VF_APEX_CALL_START|[EXTERNAL]|PageMessagesComponentController set(conEscape,null)
02:09:07.12 (12584154)|VF_APEX_CALL_START|[EXTERNAL]|PageMessagesComponentController invoke(setconEscape)
02:09:07.12 (12609552)|HEAP_ALLOCATE|[EXTERNAL]|Bytes:8
02:09:07.12 (12615082)|VARIABLE_SCOPE_BEGIN|[88]|this|ApexPage.PageMessagesComponentController|true|false
02:09:07.12 (12647820)|VARIABLE_ASSIGNMENT|[88]|this|{}|0x48ac83fd
02:09:07.12 (12650663)|VARIABLE_SCOPE_BEGIN|[88]|escape|Boolean|false|false
02:09:07.12 (12654940)|VARIABLE_ASSIGNMENT|[88]|escape|null
02:09:07.12 (12820069)|VF_APEX_CALL_START|[EXTERNAL]|/apexpage/pagemessagescomponentcontroller.apex get(severities)
02:09:07.12 (12827929)|SYSTEM_MODE_ENTER|true
02:09:07.12 (12837171)|VF_APEX_CALL_START|[EXTERNAL]|PageMessagesComponentController invoke(getseverities)
02:09:07.12 (12853056)|HEAP_ALLOCATE|[EXTERNAL]|Bytes:8
02:09:07.12 (12857323)|VARIABLE_SCOPE_BEGIN|[2]|this|ApexPage.PageMessagesComponentController|true|false
02:09:07.12 (12872300)|VARIABLE_ASSIGNMENT|[2]|this|{}|0x48ac83fd
02:09:07.0 (21116870)|VF_APEX_CALL_START|[EXTERNAL]|01p9E000000DnBt|communityCaseDetailController <init>
02:09:07.0 (21126806)|SYSTEM_MODE_ENTER|true
02:09:07.0 (21261620)|HEAP_ALLOCATE|[EXTERNAL]|Bytes:320
02:09:07.0 (21268498)|HEAP_ALLOCATE|[EXTERNAL]|Bytes:64
02:09:07.0 (21271261)|HEAP_ALLOCATE|[EXTERNAL]|Bytes:12
02:09:07.0 (21280278)|METHOD_ENTRY|[1]|01p9E000000DnBt|communityCaseDetailController.communityCaseDetailController()
02:09:07.0 (21283120)|STATEMENT_EXECUTE|[1]
02:09:07.0 (21287822)|STATEMENT_EXECUTE|[1]
02:09:07.0 (21293053)|METHOD_EXIT|[1]|communityCaseDetailController
02:09:07.0 (21363549)|HEAP_ALLOCATE|[EXTERNAL]|Bytes:56
02:09:07.0 (21370098)|VARIABLE_SCOPE_BEGIN|[19]|this|communityCaseDetailController|true|false
02:09:07.0 (21448016)|VARIABLE_ASSIGNMENT|[19]|this|{}|0xae0c695
02:09:07.0 (21455146)|STATEMENT_EXECUTE|[1]
02:09:07.0 (21456449)|STATEMENT_EXECUTE|[3]
02:09:07.0 (21458004)|STATEMENT_EXECUTE|[4]
02:09:07.0 (21458908)|STATEMENT_EXECUTE|[6]
02:09:07.0 (21459910)|STATEMENT_EXECUTE|[7]
02:09:07.0 (21460899)|STATEMENT_EXECUTE|[8]
02:09:07.0 (21461810)|STATEMENT_EXECUTE|[10]
02:09:07.0 (21462916)|STATEMENT_EXECUTE|[11]
02:09:07.0 (21463873)|STATEMENT_EXECUTE|[12]
02:09:07.0 (21464777)|STATEMENT_EXECUTE|[14]
02:09:07.0 (21465725)|STATEMENT_EXECUTE|[15]
02:09:07.0 (21466667)|STATEMENT_EXECUTE|[17]
02:09:07.0 (21467586)|STATEMENT_EXECUTE|[60]
02:09:07.0 (21468500)|STATEMENT_EXECUTE|[61]
02:09:07.0 (21483451)|STATEMENT_EXECUTE|[20]
02:09:07.0 (21484567)|STATEMENT_EXECUTE|[21]
02:09:07.0 (21499350)|SYSTEM_METHOD_ENTRY|[21]|ApexPages.currentPage()
02:09:07.0 (21595188)|HEAP_ALLOCATE|[21]|Bytes:49
02:09:07.0 (21606660)|SYSTEM_METHOD_EXIT|[21]|ApexPages.currentPage()
02:09:07.0 (21628460)|SYSTEM_METHOD_ENTRY|[21]|System.PageReference.getParameters()
02:09:07.0 (21652872)|HEAP_ALLOCATE|[21]|Bytes:20
02:09:07.0 (21663836)|SYSTEM_METHOD_EXIT|[21]|System.PageReference.getParameters()
02:09:07.0 (21668125)|HEAP_ALLOCATE|[21]|Bytes:2
02:09:07.0 (21688803)|SYSTEM_METHOD_ENTRY|[21]|Map<String,String>.get(Object)
02:09:07.0 (21699764)|SYSTEM_METHOD_EXIT|[21]|Map<String,String>.get(Object)
02:09:07.0 (21715793)|HEAP_ALLOCATE|[21]|Bytes:4
02:09:07.0 (21731246)|SYSTEM_METHOD_ENTRY|[21]|communityCaseDetailController.__sfdc_caseId(Id)
02:09:07.0 (21761013)|VARIABLE_ASSIGNMENT|[EXTERNAL]|this|{}|0xae0c695
02:09:07.0 (21918298)|VARIABLE_ASSIGNMENT|[EXTERNAL]|value|"5009E000001w1HiQAI"
02:09:07.0 (21990703)|VARIABLE_ASSIGNMENT|[4]|this.caseId|"5009E000001w1HiQAI"|0xae0c695
02:09:07.0 (21999010)|SYSTEM_METHOD_EXIT|[21]|communityCaseDetailController.__sfdc_caseId(Id)
02:09:07.0 (22002821)|STATEMENT_EXECUTE|[22]
02:09:07.0 (22041350)|HEAP_ALLOCATE|[22]|Bytes:85
02:09:07.0 (22049127)|SYSTEM_METHOD_ENTRY|[1]|UserInfo.UserInfo()
02:09:07.0 (22050655)|STATEMENT_EXECUTE|[1]
02:09:07.0 (22055469)|SYSTEM_METHOD_EXIT|[1]|UserInfo
02:09:07.0 (22062958)|METHOD_ENTRY|[22]||System.UserInfo.getUserId()
02:09:07.0 (22101485)|METHOD_EXIT|[22]||System.UserInfo.getUserId()
02:09:07.0 (22107398)|HEAP_ALLOCATE|[22]|Bytes:4
02:09:07.0 (22121959)|SYSTEM_METHOD_ENTRY|[22]|communityCaseDetailController.__sfdc_currentUserId(Id)
02:09:07.0 (22239625)|VARIABLE_ASSIGNMENT|[EXTERNAL]|this|{"caseId":"5009E000001w1HiQAI"}|0xae0c695
02:09:07.0 (22297118)|VARIABLE_ASSIGNMENT|[EXTERNAL]|value|"00524000005uNfKAAU"
02:09:07.0 (22354044)|VARIABLE_ASSIGNMENT|[7]|this.currentUserId|"00524000005uNfKAAU"|0xae0c695
02:09:07.0 (22361217)|SYSTEM_METHOD_EXIT|[22]|communityCaseDetailController.__sfdc_currentUserId(Id)
02:09:07.0 (22364535)|STATEMENT_EXECUTE|[23]
02:09:07.0 (22368234)|HEAP_ALLOCATE|[23]|Bytes:105
02:09:07.0 (22377256)|HEAP_ALLOCATE|[23]|Bytes:4
02:09:07.0 (22385200)|HEAP_ALLOCATE|[23]|Bytes:7
02:09:07.0 (22391669)|SYSTEM_METHOD_ENTRY|[23]|communityCaseDetailController.__sfdc_currentUserId()
02:09:07.0 (22510763)|VARIABLE_ASSIGNMENT|[EXTERNAL]|this|{"caseId":"5009E000001w1HiQAI","currentUserId":"00524000005uNfKAAU"}|0xae0c695
02:09:07.0 (22521101)|SYSTEM_METHOD_EXIT|[23]|communityCaseDetailController.__sfdc_currentUserId()
02:09:07.0 (24927881)|SOQL_EXECUTE_BEGIN|[23]|Aggregations:0|SELECT id, name, firstname, lastname, contactid, fullphotourl, phone, email FROM user WHERE id = :tmpVar1
02:09:07.0 (24938717)|LIMIT_USAGE|[23]|SOQL|1|100
02:09:07.0 (24947969)|LIMIT_USAGE|[23]|AGGS|0|300
02:09:07.0 (27615579)|SOQL_EXECUTE_END|[23]|Rows:1
02:09:07.0 (27622628)|LIMIT_USAGE|[23]|SOQL_ROWS|1|50000
02:09:07.0 (27634473)|HEAP_ALLOCATE|[23]|Bytes:8
02:09:07.0 (27649935)|HEAP_ALLOCATE|[23]|Bytes:183
02:09:07.0 (27693863)|HEAP_ALLOCATE|[23]|Bytes:8
02:09:07.0 (27705378)|HEAP_ALLOCATE|[23]|Bytes:30
02:09:07.0 (27761769)|HEAP_ALLOCATE|[23]|Bytes:28
02:09:07.0 (27784866)|SYSTEM_METHOD_ENTRY|[23]|communityCaseDetailController.__sfdc_currentUser(User)
02:09:07.0 (27914350)|VARIABLE_ASSIGNMENT|[EXTERNAL]|this|{"caseId":"5009E000001w1HiQAI","currentUserId":"00524000005uNfKAAU"}|0xae0c695
02:09:07.0 (27931607)|VARIABLE_ASSIGNMENT|[EXTERNAL]|value|{"Id":"00524000005uNfKAAU","Name":"Neela SN","FirstName":"Neela","LastName":"SN","FullPhotoUrl":"https://c.cs88.conte (43 more) ...","Email":"neela@lightful.com"}|0x42415ea7
02:09:07.0 (27945457)|VARIABLE_ASSIGNMENT|[8]|this.currentUser|{"Id":"00524000005uNfKAAU","Name":"Neela SN","FirstName":"Neela","LastName":"SN","FullPhotoUrl":"https://c.cs88.conte (43 more) ...","Email":"neela@lightful.com"}|0xae0c695
02:09:07.0 (27953181)|SYSTEM_METHOD_EXIT|[23]|communityCaseDetailController.__sfdc_currentUser(User)
02:09:07.0 (27957100)|STATEMENT_EXECUTE|[25]
02:09:07.0 (27962366)|HEAP_ALLOCATE|[25]|Bytes:4
02:09:07.0 (27982355)|SYSTEM_METHOD_ENTRY|[25]|communityCaseDetailController.__sfdc_commentUser(Map<Id,String>)
02:09:07.0 (28114038)|VARIABLE_ASSIGNMENT|[EXTERNAL]|this|{"caseId":"5009E000001w1HiQAI","currentUser":"0x42415ea7","currentUserId":"00524000005uNfKAAU"}|0xae0c695
02:09:07.0 (28127875)|VARIABLE_ASSIGNMENT|[EXTERNAL]|value|{}|0x357f3333
02:09:07.0 (28136595)|VARIABLE_ASSIGNMENT|[10]|this.commentUser|{}|0xae0c695
02:09:07.0 (28142284)|SYSTEM_METHOD_EXIT|[25]|communityCaseDetailController.__sfdc_commentUser(Map<Id,String>)
02:09:07.0 (28145827)|STATEMENT_EXECUTE|[26]
02:09:07.0 (28161476)|SYSTEM_METHOD_ENTRY|[26]|communityCaseDetailController.__sfdc_addNewComment(Boolean)
02:09:07.0 (28281144)|VARIABLE_ASSIGNMENT|[EXTERNAL]|this|{"caseId":"5009E000001w1HiQAI","commentUser":"0x357f3333","currentUser":"0x42415ea7","currentUserId":"00524000005uNfKAAU"}|0xae0c695
02:09:07.0 (28293642)|VARIABLE_ASSIGNMENT|[EXTERNAL]|value|false
02:09:07.0 (28299198)|HEAP_ALLOCATE|[17]|Bytes:5
02:09:07.0 (28304576)|VARIABLE_ASSIGNMENT|[17]|this.addNewComment|false|0xae0c695
02:09:07.0 (28309910)|SYSTEM_METHOD_EXIT|[26]|communityCaseDetailController.__sfdc_addNewComment(Boolean)
02:09:07.0 (28312882)|STATEMENT_EXECUTE|[28]
02:09:07.0 (28327659)|HEAP_ALLOCATE|[28]|Bytes:4
02:09:07.0 (28425036)|SYSTEM_METHOD_ENTRY|[28]|communityCaseDetailController.__sfdc_eComment(CaseComment)
02:09:07.0 (28554128)|VARIABLE_ASSIGNMENT|[EXTERNAL]|this|{"addNewComment":false,"caseId":"5009E000001w1HiQAI","commentUser":"0x357f3333","currentUser":"0x42415ea7","currentUserId":"00524000005uNfKAAU"}|0xae0c695
02:09:07.0 (28566153)|VARIABLE_ASSIGNMENT|[EXTERNAL]|value|{}|0x3a8949bb
02:09:07.0 (28573570)|VARIABLE_ASSIGNMENT|[60]|this.eComment|{}|0xae0c695
02:09:07.0 (28579090)|SYSTEM_METHOD_EXIT|[28]|communityCaseDetailController.__sfdc_eComment(CaseComment)
02:09:07.0 (28582085)|STATEMENT_EXECUTE|[29]
02:09:07.0 (28592595)|HEAP_ALLOCATE|[29]|Bytes:4
02:09:07.0 (28617940)|SYSTEM_METHOD_ENTRY|[29]|communityCaseDetailController.__sfdc_newCaseComment(CaseComment)
02:09:07.0 (28743058)|VARIABLE_ASSIGNMENT|[EXTERNAL]|this|{"addNewComment":false,"caseId":"5009E000001w1HiQAI","commentUser":"0x357f3333","currentUser":"0x42415ea7","currentUserId":"00524000005uNfKAAU","eComment":"0x3a8949bb"}|0xae0c695
02:09:07.0 (28751730)|VARIABLE_ASSIGNMENT|[EXTERNAL]|value|{}|0x1290bfd3
02:09:07.0 (28758316)|VARIABLE_ASSIGNMENT|[11]|this.newCaseComment|{}|0xae0c695
02:09:07.0 (28763623)|SYSTEM_METHOD_EXIT|[29]|communityCaseDetailController.__sfdc_newCaseComment(CaseComment)
02:09:07.0 (28766972)|STATEMENT_EXECUTE|[31]
02:09:07.0 (28770771)|HEAP_ALLOCATE|[31]|Bytes:159
02:09:07.0 (28776435)|HEAP_ALLOCATE|[31]|Bytes:4
02:09:07.0 (28786073)|SYSTEM_METHOD_ENTRY|[31]|communityCaseDetailController.__sfdc_caseId()
02:09:07.0 (28906580)|VARIABLE_ASSIGNMENT|[EXTERNAL]|this|{"addNewComment":false,"caseId":"5009E000001w1HiQAI","commentUser":"0x357f3333","currentUser":"0x42415ea7","currentUserId":"00524000005uNfKAAU","eComment":"0x3a8949bb","newCaseComment":"0x1290bfd3"}|0xae0c695
02:09:07.0 (28915992)|SYSTEM_METHOD_EXIT|[31]|communityCaseDetailController.__sfdc_caseId()
02:09:07.0 (30910768)|SOQL_EXECUTE_BEGIN|[31]|Aggregations:0|SELECT CaseNumber, ContactEmail, ContactId, CreatedById, Description, Priority, Reason, Subject, Issue_Type__c, accountid, status FROM Case WHERE id = :tmpVar1
02:09:07.0 (30921282)|LIMIT_USAGE|[31]|SOQL|2|100
02:09:07.0 (30929750)|LIMIT_USAGE|[31]|AGGS|0|300
02:09:07.0 (35688996)|SOQL_EXECUTE_END|[31]|Rows:1
02:09:07.0 (35702582)|LIMIT_USAGE|[31]|SOQL_ROWS|2|50000
02:09:07.0 (35722415)|HEAP_ALLOCATE|[31]|Bytes:8
02:09:07.0 (35738976)|HEAP_ALLOCATE|[31]|Bytes:375
02:09:07.0 (35793022)|HEAP_ALLOCATE|[31]|Bytes:8
02:09:07.0 (35810210)|HEAP_ALLOCATE|[31]|Bytes:30
02:09:07.0 (35872087)|HEAP_ALLOCATE|[31]|Bytes:56
02:09:07.0 (35911558)|SYSTEM_METHOD_ENTRY|[31]|communityCaseDetailController.__sfdc_viewCase(Case)
02:09:07.0 (36177677)|VARIABLE_ASSIGNMENT|[EXTERNAL]|this|{"addNewComment":false,"caseId":"5009E000001w1HiQAI","commentUser":"0x357f3333","currentUser":"0x42415ea7","currentUserId":"00524000005uNfKAAU","eComment":"0x3a8949bb","newCaseComment":"0x1290bfd3"}|0xae0c695
02:09:07.0 (36214188)|VARIABLE_ASSIGNMENT|[EXTERNAL]|value|{"CaseNumber":"00001205","ContactEmail":"neela@lightful.xyz","ContactId":"0039E000004AdCPQA0","CreatedById":"00524000005uNfKAAU","Description":"test case creation f (10 more) ...","Priority":"Medium","Reason":"Lightful Community","Subject":"Testing Vfpage","Issue_Type__c":"Community issue","AccountId":"0019E000005FzZJQA0","Status":"New","Id":"5009E000001w1HiQAI","RecordTypeId":"012240000002nYhAAI"}|0x687e7f9c
02:09:07.0 (36248918)|VARIABLE_ASSIGNMENT|[3]|this.viewCase|{"CaseNumber":"00001205","ContactEmail":"neela@lightful.xyz","ContactId":"0039E000004AdCPQA0","CreatedById":"00524000005uNfKAAU","Description":"test case creation f (10 more) ...","Priority":"Medium","Reason":"Lightful Community","Subject":"Testing Vfpage","Issue_Type__c":"Community issue","AccountId":"0019E000005FzZJQA0","Status":"New","Id":"5009E000001w1HiQAI","RecordTypeId":"012240000002nYhAAI"}|0xae0c695
02:09:07.0 (36262524)|SYSTEM_METHOD_EXIT|[31]|communityCaseDetailController.__sfdc_viewCase(Case)
02:09:07.0 (36267980)|STATEMENT_EXECUTE|[32]
02:09:07.0 (36272831)|HEAP_ALLOCATE|[32]|Bytes:76
02:09:07.0 (36281822)|HEAP_ALLOCATE|[32]|Bytes:4
02:09:07.0 (36299020)|SYSTEM_METHOD_ENTRY|[32]|communityCaseDetailController.__sfdc_viewCase()
02:09:07.0 (36566679)|VARIABLE_ASSIGNMENT|[EXTERNAL]|this|{"addNewComment":false,"caseId":"5009E000001w1HiQAI","commentUser":"0x357f3333","currentUser":"0x42415ea7","currentUserId":"00524000005uNfKAAU","eComment":"0x3a8949bb","newCaseComment":"0x1290bfd3","viewCase":"0x687e7f9c"}|0xae0c695
02:09:07.0 (36583824)|SYSTEM_METHOD_EXIT|[32]|communityCaseDetailController.__sfdc_viewCase()
02:09:07.0 (39129305)|SOQL_EXECUTE_BEGIN|[32]|Aggregations:0|SELECT id, firstname, lastname, email, name FROM contact WHERE id = :tmpVar1
02:09:07.0 (39138152)|LIMIT_USAGE|[32]|SOQL|3|100
02:09:07.0 (39146047)|LIMIT_USAGE|[32]|AGGS|0|300
02:09:07.0 (42865017)|SOQL_EXECUTE_END|[32]|Rows:1
02:09:07.0 (42872066)|LIMIT_USAGE|[32]|SOQL_ROWS|3|50000
02:09:07.0 (42882708)|HEAP_ALLOCATE|[32]|Bytes:8
02:09:07.0 (42893780)|HEAP_ALLOCATE|[32]|Bytes:112
02:09:07.0 (42932264)|HEAP_ALLOCATE|[32]|Bytes:8
02:09:07.0 (42941326)|HEAP_ALLOCATE|[32]|Bytes:33
02:09:07.0 (42983820)|HEAP_ALLOCATE|[32]|Bytes:20
02:09:07.0 (43009375)|SYSTEM_METHOD_ENTRY|[32]|communityCaseDetailController.__sfdc_con(Contact)
02:09:07.0 (43161438)|VARIABLE_ASSIGNMENT|[EXTERNAL]|this|{"addNewComment":false,"caseId":"5009E000001w1HiQAI","commentUser":"0x357f3333","currentUser":"0x42415ea7","currentUserId":"00524000005uNfKAAU","eComment":"0x3a8949bb","newCaseComment":"0x1290bfd3","viewCase":"0x687e7f9c"}|0xae0c695
02:09:07.0 (43176251)|VARIABLE_ASSIGNMENT|[EXTERNAL]|value|{"Id":"0039E000004AdCPQA0","LastName":"neela@lightful.xyz","Email":"neela@lightful.xyz","Name":"neela@lightful.xyz"}|0x28d8fe4e
02:09:07.0 (43188387)|VARIABLE_ASSIGNMENT|[6]|this.con|{"Id":"0039E000004AdCPQA0","LastName":"neela@lightful.xyz","Email":"neela@lightful.xyz","Name":"neela@lightful.xyz"}|0xae0c695
02:09:07.0 (43196171)|SYSTEM_METHOD_EXIT|[32]|communityCaseDetailController.__sfdc_con(Contact)
02:09:07.0 (43200000)|STATEMENT_EXECUTE|[34]
02:09:07.0 (43203877)|HEAP_ALLOCATE|[34]|Bytes:114
02:09:07.0 (43211173)|HEAP_ALLOCATE|[34]|Bytes:4
02:09:07.0 (43219794)|SYSTEM_METHOD_ENTRY|[34]|communityCaseDetailController.__sfdc_viewCase()
02:09:07.0 (43349220)|VARIABLE_ASSIGNMENT|[EXTERNAL]|this|{"addNewComment":false,"caseId":"5009E000001w1HiQAI","commentUser":"0x357f3333","con":"0x28d8fe4e","currentUser":"0x42415ea7","currentUserId":"00524000005uNfKAAU","eComment":"0x3a8949bb","newCaseComment":"0x1290bfd3","viewCase":"0x687e7f9c"}|0xae0c695
02:09:07.0 (43358216)|SYSTEM_METHOD_EXIT|[34]|communityCaseDetailController.__sfdc_viewCase()
02:09:07.0 (43626705)|SOQL_EXECUTE_BEGIN|[34]|Aggregations:0|SELECT CommentBody, CreatedById, CreatedDate, Id, IsPublished, ParentId FROM CaseComment WHERE ParentId = :tmpVar1
02:09:07.0 (43633204)|LIMIT_USAGE|[34]|SOQL|4|100
02:09:07.0 (43639523)|LIMIT_USAGE|[34]|AGGS|0|300
02:09:07.0 (46067147)|SOQL_EXECUTE_END|[34]|Rows:1
02:09:07.0 (46073727)|LIMIT_USAGE|[34]|SOQL_ROWS|4|50000
02:09:07.0 (46084776)|HEAP_ALLOCATE|[34]|Bytes:8
02:09:07.0 (46098010)|HEAP_ALLOCATE|[34]|Bytes:172
02:09:07.0 (46120405)|HEAP_ALLOCATE|[34]|Bytes:8
02:09:07.0 (46148429)|SYSTEM_METHOD_ENTRY|[34]|communityCaseDetailController.__sfdc_exisCaseComments(List<CaseComment>)
02:09:07.0 (46290663)|VARIABLE_ASSIGNMENT|[EXTERNAL]|this|{"addNewComment":false,"caseId":"5009E000001w1HiQAI","commentUser":"0x357f3333","con":"0x28d8fe4e","currentUser":"0x42415ea7","currentUserId":"00524000005uNfKAAU","eComment":"0x3a8949bb","newCaseComment":"0x1290bfd3","viewCase":"0x687e7f9c"}|0xae0c695
02:09:07.0 (46327666)|VARIABLE_ASSIGNMENT|[EXTERNAL]|value|[{"CommentBody":"issue while loading  (7 more) ...","CreatedById":"00524000005uNfKAAU","CreatedDate":"2017-03-21T14:42:27.000Z","Id":"00a9E000000EMyQQAW","IsPublished":false,"ParentId":"5009E000001w1HiQAI"}]|0x542f5041
02:09:07.0 (46345767)|VARIABLE_ASSIGNMENT|[12]|this.exisCaseComments|[{"CommentBody":"issue while loading  (7 more) ...","CreatedById":"00524000005uNfKAAU","CreatedDate":"2017-03-21T14:42:27.000Z","Id":"00a9E000000EMyQQAW","IsPublished":false,"ParentId":"5009E000001w1HiQAI"}]|0xae0c695
02:09:07.0 (46353998)|SYSTEM_METHOD_EXIT|[34]|communityCaseDetailController.__sfdc_exisCaseComments(List<CaseComment>)
02:09:07.0 (46363825)|SYSTEM_METHOD_ENTRY|[36]|communityCaseDetailController.__sfdc_exisCaseComments()
02:09:07.0 (46527410)|VARIABLE_ASSIGNMENT|[EXTERNAL]|this|{"addNewComment":false,"caseId":"5009E000001w1HiQAI","commentUser":"0x357f3333","con":"0x28d8fe4e","currentUser":"0x42415ea7","currentUserId":"00524000005uNfKAAU","eComment":"0x3a8949bb","exisCaseComments":"0x542f5041","newCaseComment":"0x1290bfd3","viewCase":"0x687e7f9c"}|0xae0c695
02:09:07.0 (46540307)|SYSTEM_METHOD_EXIT|[36]|communityCaseDetailController.__sfdc_exisCaseComments()
02:09:07.0 (46568791)|SYSTEM_METHOD_ENTRY|[36]|List<CaseComment>.iterator()
02:09:07.0 (46652154)|SYSTEM_METHOD_EXIT|[36]|List<CaseComment>.iterator()
02:09:07.0 (46671495)|SYSTEM_METHOD_ENTRY|[36]|system.ListIterator.hasNext()
02:09:07.0 (46684116)|HEAP_ALLOCATE|[36]|Bytes:5
02:09:07.0 (46693287)|SYSTEM_METHOD_EXIT|[36]|system.ListIterator.hasNext()
02:09:07.0 (46728847)|HEAP_ALLOCATE|[36]|Bytes:28
02:09:07.0 (46744353)|VARIABLE_SCOPE_BEGIN|[36]|cc|CaseComment|true|false
02:09:07.0 (46779567)|VARIABLE_ASSIGNMENT|[36]|cc|{"CommentBody":"issue while loading  (7 more) ...","CreatedById":"00524000005uNfKAAU","CreatedDate":"2017-03-21T14:42:27.000Z","Id":"00a9E000000EMyQQAW","IsPublished":false,"ParentId":"5009E000001w1HiQAI"}|0x38249297
02:09:07.0 (46785808)|STATEMENT_EXECUTE|[37]
02:09:07.0 (46788034)|STATEMENT_EXECUTE|[38]
02:09:07.0 (46792542)|HEAP_ALLOCATE|[38]|Bytes:45
02:09:07.0 (46798511)|HEAP_ALLOCATE|[38]|Bytes:4
02:09:07.0 (46952490)|SOQL_EXECUTE_BEGIN|[38]|Aggregations:0|SELECT id, name FROM user WHERE id = :tmpVar1
02:09:07.0 (46958246)|LIMIT_USAGE|[38]|SOQL|5|100
02:09:07.0 (46964461)|LIMIT_USAGE|[38]|AGGS|0|300
02:09:07.0 (48777746)|SOQL_EXECUTE_END|[38]|Rows:1
02:09:07.0 (48785778)|LIMIT_USAGE|[38]|SOQL_ROWS|5|50000
02:09:07.0 (48798200)|HEAP_ALLOCATE|[38]|Bytes:8
02:09:07.0 (48809656)|HEAP_ALLOCATE|[38]|Bytes:45
02:09:07.0 (48825995)|HEAP_ALLOCATE|[38]|Bytes:8
02:09:07.0 (48858062)|HEAP_ALLOCATE|[38]|Bytes:12
02:09:07.0 (48866898)|VARIABLE_SCOPE_BEGIN|[38]|u|User|true|false
02:09:07.0 (48883222)|VARIABLE_ASSIGNMENT|[38]|u|{"Id":"00524000005uNfKAAU","Name":"Neela SN"}|0x29d1b1e6
02:09:07.0 (48887083)|STATEMENT_EXECUTE|[39]
02:09:07.0 (48901566)|SYSTEM_METHOD_ENTRY|[39]|communityCaseDetailController.__sfdc_commentUser()
02:09:07.0 (49175368)|VARIABLE_ASSIGNMENT|[EXTERNAL]|this|{"addNewComment":false,"caseId":"5009E000001w1HiQAI","commentUser":"0x357f3333","con":"0x28d8fe4e","currentUser":"0x42415ea7","currentUserId":"00524000005uNfKAAU","eComment":"0x3a8949bb","exisCaseComments":"0x542f5041","newCaseComment":"0x1290bfd3","viewCase":"0x687e7f9c"}|0xae0c695
02:09:07.0 (49192459)|SYSTEM_METHOD_EXIT|[39]|communityCaseDetailController.__sfdc_commentUser()
02:09:07.0 (49265388)|SYSTEM_METHOD_ENTRY|[39]|Map<Id,String>.put(Object, Object)
02:09:07.0 (49276448)|HEAP_ALLOCATE|[EXTERNAL]|Bytes:-4
02:09:07.0 (49290312)|SYSTEM_METHOD_EXIT|[39]|Map<Id,String>.put(Object, Object)
02:09:07.0 (49299851)|SYSTEM_METHOD_ENTRY|[36]|system.ListIterator.hasNext()
02:09:07.0 (49309275)|HEAP_ALLOCATE|[36]|Bytes:5
02:09:07.0 (49316175)|SYSTEM_METHOD_EXIT|[36]|system.ListIterator.hasNext()
02:09:07.0 (49327393)|VARIABLE_ASSIGNMENT|[36]|cc|null|
02:09:07.0 (49331638)|STATEMENT_EXECUTE|[42]
02:09:07.0 (49336193)|HEAP_ALLOCATE|[42]|Bytes:27
02:09:07.0 (49344320)|SYSTEM_METHOD_ENTRY|[42]|communityCaseDetailController.__sfdc_commentUser()
02:09:07.0 (49540555)|VARIABLE_ASSIGNMENT|[EXTERNAL]|this|{"addNewComment":false,"caseId":"5009E000001w1HiQAI","commentUser":"0x357f3333","con":"0x28d8fe4e","currentUser":"0x42415ea7","currentUserId":"00524000005uNfKAAU","eComment":"0x3a8949bb","exisCaseComments":"0x542f5041","newCaseComment":"0x1290bfd3","viewCase":"0x687e7f9c"}|0xae0c695
02:09:07.0 (49553825)|SYSTEM_METHOD_EXIT|[42]|communityCaseDetailController.__sfdc_commentUser()
02:09:07.0 (49593724)|SYSTEM_METHOD_ENTRY|[42]|String.valueOf(Object)
02:09:07.0 (49608420)|HEAP_ALLOCATE|[42]|Bytes:29
02:09:07.0 (49621324)|SYSTEM_METHOD_EXIT|[42]|String.valueOf(Object)
02:09:07.0 (49632691)|HEAP_ALLOCATE|[42]|Bytes:56
02:09:07.0 (49657321)|SYSTEM_METHOD_ENTRY|[42]|System.debug(ANY)
02:09:07.0 (49667774)|USER_DEBUG|[42]|DEBUG|All comment user details : {00524000005uNfKAAU=Neela SN}
02:09:07.0 (49673498)|SYSTEM_METHOD_EXIT|[42]|System.debug(ANY)
02:09:07.0 (49690414)|VF_APEX_CALL_END|communityCaseDetailController <init>
02:09:07.0 (49743845)|VF_APEX_CALL_START|[EXTERNAL]|01p9E000000DnBt|communityCaseDetailController get(exisCaseComments)
02:09:07.0 (49751938)|SYSTEM_MODE_ENTER|true
02:09:07.0 (49761563)|VF_APEX_CALL_START|[EXTERNAL]|01p9E000000DnBt|exisCaseComments
02:09:07.0 (49771435)|VF_APEX_CALL_END|exisCaseComments
02:09:07.0 (49782535)|VF_APEX_CALL_END|communityCaseDetailController get(exisCaseComments)
02:09:07.0 (51591377)|VF_APEX_CALL_START|[EXTERNAL]|01p9E000000DnBt|communityCaseDetailController get(newCaseComment)
02:09:07.0 (51600411)|SYSTEM_MODE_ENTER|true
02:09:07.0 (51607913)|VF_APEX_CALL_START|[EXTERNAL]|01p9E000000DnBt|newCaseComment
02:09:07.0 (51619131)|VF_APEX_CALL_END|newCaseComment
02:09:07.0 (51634259)|VF_APEX_CALL_END|communityCaseDetailController get(newCaseComment)
02:09:07.0 (52575941)|VF_EVALUATE_FORMULA_BEGIN|0669E000000Cv44|#{URLFOR($Resource.Bootstrap337, 'bootstrap-3.3.7-dist/css/bootstrap.min.css')}
02:09:07.0 (52842510)|VF_EVALUATE_FORMULA_END
02:09:07.0 (52869776)|VF_EVALUATE_FORMULA_BEGIN|0669E000000Cv44|#{URLFOR($Resource.Bootstrap337, 'bootstrap-3.3.7-dist/css/bootstrap.min.css')}
02:09:07.0 (52903841)|VF_EVALUATE_FORMULA_END
02:09:07.0 (52923860)|VF_EVALUATE_FORMULA_BEGIN|0669E000000Cv44|#{URLFOR($Resource.Bootstrap337, 'bootstrap-3.3.7-dist/js/bootstrap.min.js')}
02:09:07.0 (52959448)|VF_EVALUATE_FORMULA_END
02:09:07.53 (53148223)|VF_APEX_CALL_START|[EXTERNAL]|/apexpage/pagemessagescomponentcontroller.apex set(conEscape,null)
02:09:07.53 (53161237)|SYSTEM_MODE_ENTER|true
02:09:07.53 (53171368)|VF_APEX_CALL_START|[EXTERNAL]|PageMessagesComponentController set(conEscape,null)
02:09:07.53 (53194073)|VF_APEX_CALL_START|[EXTERNAL]|PageMessagesComponentController invoke(setconEscape)
02:09:07.53 (53221047)|HEAP_ALLOCATE|[EXTERNAL]|Bytes:8
02:09:07.53 (53227655)|VARIABLE_SCOPE_BEGIN|[88]|this|ApexPage.PageMessagesComponentController|true|false
02:09:07.53 (53250759)|VARIABLE_ASSIGNMENT|[88]|this|{}|0x48ac83fd
02:09:07.53 (53253644)|VARIABLE_SCOPE_BEGIN|[88]|escape|Boolean|false|false
02:09:07.53 (53256703)|VARIABLE_ASSIGNMENT|[88]|escape|null
02:09:07.53 (53378463)|VF_APEX_CALL_START|[EXTERNAL]|/apexpage/pagemessagescomponentcontroller.apex get(severities)
02:09:07.53 (53386308)|SYSTEM_MODE_ENTER|true
02:09:07.53 (53394728)|VF_APEX_CALL_START|[EXTERNAL]|PageMessagesComponentController invoke(getseverities)
02:09:07.53 (53410777)|HEAP_ALLOCATE|[EXTERNAL]|Bytes:8
02:09:07.53 (53415498)|VARIABLE_SCOPE_BEGIN|[2]|this|ApexPage.PageMessagesComponentController|true|false
02:09:07.53 (53430445)|VARIABLE_ASSIGNMENT|[2]|this|{}|0x48ac83fd
02:09:07.0 (54493256)|VF_APEX_CALL_START|[EXTERNAL]|01p9E000000DnBt|communityCaseDetailController get(con)
02:09:07.0 (54500768)|SYSTEM_MODE_ENTER|true
02:09:07.0 (54506656)|VF_APEX_CALL_START|[EXTERNAL]|01p9E000000DnBt|con
02:09:07.0 (54515886)|VF_APEX_CALL_END|con
02:09:07.0 (54528543)|VF_APEX_CALL_END|communityCaseDetailController get(con)
02:09:07.0 (62999796)|VF_APEX_CALL_START|[EXTERNAL]|01p9E000000DnBt|communityCaseDetailController get(viewCase)
02:09:07.0 (63008742)|SYSTEM_MODE_ENTER|true
02:09:07.0 (63015456)|VF_APEX_CALL_START|[EXTERNAL]|01p9E000000DnBt|viewCase
02:09:07.0 (63025670)|VF_APEX_CALL_END|viewCase
02:09:07.0 (63039985)|VF_APEX_CALL_END|communityCaseDetailController get(viewCase)
02:09:07.0 (64644693)|VF_EVALUATE_FORMULA_BEGIN|0669E000000Cv44|#{if(AddNewComment== false, "block", "none")}
02:09:07.0 (64688507)|VF_APEX_CALL_START|[EXTERNAL]|01p9E000000DnBt|communityCaseDetailController get(AddNewComment)
02:09:07.0 (64695431)|SYSTEM_MODE_ENTER|true
02:09:07.0 (64701034)|VF_APEX_CALL_START|[EXTERNAL]|01p9E000000DnBt|AddNewComment
02:09:07.0 (64709852)|VF_APEX_CALL_END|AddNewComment
02:09:07.0 (64721843)|VF_APEX_CALL_END|communityCaseDetailController get(AddNewComment)
02:09:07.0 (64733056)|VF_EVALUATE_FORMULA_END
02:09:07.0 (65008824)|VF_EVALUATE_FORMULA_BEGIN|0669E000000Cv44|#{if(AddNewComment== true, "block", "none")}
02:09:07.0 (65036849)|VF_EVALUATE_FORMULA_END
02:09:07.0 (65305439)|VF_EVALUATE_FORMULA_BEGIN|0669E000000Cv44|#{commentUser[e.CreatedById]}
02:09:07.0 (65357355)|VF_APEX_CALL_START|[EXTERNAL]|01p9E000000DnBt|communityCaseDetailController get(commentUser)
02:09:07.0 (65362910)|SYSTEM_MODE_ENTER|true
02:09:07.0 (65368246)|VF_APEX_CALL_START|[EXTERNAL]|01p9E000000DnBt|commentUser
02:09:07.0 (65378041)|VF_APEX_CALL_END|commentUser
02:09:07.0 (65391288)|VF_APEX_CALL_END|communityCaseDetailController get(commentUser)
02:09:07.0 (65504280)|VF_EVALUATE_FORMULA_END
02:09:07.0 (65518479)|VF_EVALUATE_FORMULA_BEGIN|0669E000000Cv44|#{if(e.id==editCommentId, "block", "none")}
02:09:07.0 (65613997)|VF_APEX_CALL_START|[EXTERNAL]|01p9E000000DnBt|communityCaseDetailController get(editCommentId)
02:09:07.0 (65618436)|SYSTEM_MODE_ENTER|true
02:09:07.0 (65623231)|VF_APEX_CALL_START|[EXTERNAL]|01p9E000000DnBt|editCommentId
02:09:07.0 (65630350)|VF_APEX_CALL_END|editCommentId
02:09:07.0 (65638455)|VF_APEX_CALL_END|communityCaseDetailController get(editCommentId)
02:09:07.0 (65646705)|VF_EVALUATE_FORMULA_END
02:09:07.0 (66132312)|VF_EVALUATE_FORMULA_BEGIN|0669E000000Cv44|#{if(e.id!=editCommentId, "block", "none")}
02:09:07.0 (66213405)|VF_EVALUATE_FORMULA_END
02:09:07.0 (66382719)|VF_EVALUATE_FORMULA_BEGIN|0669E000000Cv44|#{if(e.id==editCommentId, "block", "none")}
02:09:07.0 (66448758)|VF_EVALUATE_FORMULA_END
02:09:07.0 (66806256)|VF_EVALUATE_FORMULA_BEGIN|0669E000000Cv44|#{if(e.id!=editCommentId, "block", "none")}
02:09:07.0 (66877289)|VF_EVALUATE_FORMULA_END
02:09:07.0 (67058964)|VF_EVALUATE_FORMULA_BEGIN|0669E000000Cv44|#{if(e.id==editCommentId, "block", "none")}
02:09:07.0 (67133611)|VF_EVALUATE_FORMULA_END
02:09:07.0 (67471787)|VF_EVALUATE_FORMULA_BEGIN|0669E000000Cv44|#{if(e.id!=editCommentId, "block", "none")}
02:09:07.0 (67553345)|VF_EVALUATE_FORMULA_END
02:09:07.0 (68018478)|VF_EVALUATE_FORMULA_BEGIN|0669E000000Cv44|#{if(AddNewComment== true, "block", "none")}
02:09:07.0 (68040425)|VF_EVALUATE_FORMULA_END
02:09:07.0 (68111416)|VF_APEX_CALL_START|[EXTERNAL]|01p9E000000DnBt|communityCaseDetailController get(currentUser)
02:09:07.0 (68117489)|SYSTEM_MODE_ENTER|true
02:09:07.0 (68123038)|VF_APEX_CALL_START|[EXTERNAL]|01p9E000000DnBt|currentUser
02:09:07.0 (68132110)|VF_APEX_CALL_END|currentUser
02:09:07.0 (68144404)|VF_APEX_CALL_END|communityCaseDetailController get(currentUser)
02:09:07.0 (69430920)|VF_SERIALIZE_VIEWSTATE_BEGIN|0669E000000Cv44
02:09:07.0 (73553853)|VF_SERIALIZE_VIEWSTATE_END
02:09:07.75 (75956854)|CUMULATIVE_LIMIT_USAGE
02:09:07.75 (75956854)|LIMIT_USAGE_FOR_NS|(default)|
  Number of SOQL queries: 5 out of 100
  Number of query rows: 5 out of 50000
  Number of SOSL queries: 0 out of 20
  Number of DML statements: 0 out of 150
  Number of DML rows: 0 out of 10000
  Maximum CPU time: 0 out of 10000
  Maximum heap size: 0 out of 6000000
  Number of callouts: 0 out of 100
  Number of Email Invocations: 0 out of 10
  Number of future calls: 0 out of 50
  Number of queueable jobs added to the queue: 0 out of 50
  Number of Mobile Apex push calls: 0 out of 10

02:09:07.75 (75956854)|TOTAL_EMAIL_RECIPIENTS_QUEUED|0
02:09:07.75 (75956854)|STATIC_VARIABLE_LIST|
  char[]:DigitTens:0
  long:serialVersionUID:0
  long:serialVersionUID:0
  String:_sfdcAdditionalCodeLocations:0
  String:_sfdcAdditionalCodeLocations:0
  double:MAX_VALUE:0
  Boolean:FALSE:0
  long:serialVersionUID:0
  String:__sfdcInnerTypes:0
  double:MIN_VALUE:0
  int:SIZE:0
  double:NEGATIVE_INFINITY:0
  int:MAX_VALUE:0
  char[]:digits:0
  double:NaN:0
  Boolean:TRUE:0
  String:_sfdcAdditionalCodeLocations:0
  String:_sfdcSuppressedCodeLocations:0
  int:MIN_VALUE:0
  char[]:DigitOnes:0
  int:BYTES:0
  int:MIN_EXPONENT:0
  int[]:sizeTable:0
  int:MAX_EXPONENT:0
  String:_sfdcAdditionalCodeLocations:0
  int:SIZE:0
  double:POSITIVE_INFINITY:0
  double:MIN_NORMAL:0
  String:__sfdcProperties:0
  int:BYTES:0

02:09:07.75 (75956854)|CUMULATIVE_LIMIT_USAGE_END

02:09:07.0 (76119684)|CODE_UNIT_FINISHED|VF: /apex/communityCaseDetail
02:09:07.0 (77238931)|EXECUTION_FINISHED
02:09:07.79 (79369559)|CUMULATIVE_PROFILING_BEGIN
02:09:07.79 (79369559)|CUMULATIVE_PROFILING|SOQL operations|
Class.communityCaseDetailController.<init>: line 38, column 1: [select id,name from user where id= : cc.createdById]: executed 1 time in 2 ms

02:09:07.79 (79369559)|CUMULATIVE_PROFILING|No profiling information for SOSL operations
02:09:07.79 (79369559)|CUMULATIVE_PROFILING|No profiling information for DML operations
02:09:07.79 (79369559)|CUMULATIVE_PROFILING|method invocations|
External entry point: public void <init>(): executed 1 time in 29 ms
Class.communityCaseDetailController.<init>: line 31, column 1: public Id __sfdc_caseId(): executed 3 times in 7 ms
Class.communityCaseDetailController.<init>: line 32, column 1: public Case __sfdc_viewCase(): executed 3 times in 6 ms
Class.communityCaseDetailController.<init>: line 23, column 1: public Id __sfdc_currentUserId(): executed 3 times in 6 ms
Class.communityCaseDetailController.<init>: line 34, column 1: public Case __sfdc_viewCase(): executed 3 times in 3 ms
Class.communityCaseDetailController.<init>: line 36, column 1: public List<CaseComment> __sfdc_exisCaseComments(): executed 4 times in 1 ms
Class.communityCaseDetailController.<init>: line 39, column 1: public Map<Id,String> __sfdc_commentUser(): executed 2 times in 0 ms
Class.communityCaseDetailController.<init>: line 42, column 1: public Map<Id,String> __sfdc_commentUser(): executed 3 times in 0 ms
Class.communityCaseDetailController.<init>: line 21, column 1: global public static System.PageReference currentPage(): executed 4 times in 0 ms
Class.communityCaseDetailController.<init>: line 22, column 1: global static String getUserId(): executed 2 times in 0 ms
Class.communityCaseDetailController.<init>: line 25, column 1: public void __sfdc_commentUser(Map<Id,String>): executed 1 time in 0 ms

02:09:07.79 (79369559)|CUMULATIVE_PROFILING_END
