39.0 APEX_CODE,FINEST;APEX_PROFILING,FINEST;CALLOUT,FINEST;DB,FINEST;SYSTEM,FINE;VALIDATION,INFO;VISUALFORCE,FINER;WAVE,INFO;WORKFLOW,FINER
01:24:47.0 (258590)|USER_INFO|[EXTERNAL]|00524000005uNfK|neela@lightful.com.commundev|Line Is. Time|GMT+14:00
01:24:47.0 (282534)|EXECUTION_STARTED
01:24:47.0 (286227)|CODE_UNIT_STARTED|[EXTERNAL]|VisualForce View State
01:24:47.0 (9019229)|CODE_UNIT_FINISHED|VisualForce View State
01:24:47.0 (9901665)|EXECUTION_FINISHED
01:24:47.11 (11799396)|USER_INFO|[EXTERNAL]|00524000005uNfK|neela@lightful.com.commundev|Line Is. Time|GMT+14:00
01:24:47.11 (11810653)|EXECUTION_STARTED
01:24:47.11 (11813635)|CODE_UNIT_STARTED|[EXTERNAL]|VF: /apex/editApexComponent.apexp
01:24:47.11 (13853903)|VF_EVALUATE_FORMULA_BEGIN||#{substitute($Component.codeEditor, ':', '_')}_save
01:24:47.11 (13894258)|VF_EVALUATE_FORMULA_END
01:24:47.11 (14098306)|VF_EVALUATE_FORMULA_BEGIN||#{deferredInit != null}
01:24:47.11 (14131441)|VF_EVALUATE_FORMULA_END
01:24:47.11 (14158844)|VF_EVALUATE_FORMULA_BEGIN||#{deferredInit != null}
01:24:47.11 (14170209)|VF_EVALUATE_FORMULA_END
01:24:47.11 (14251426)|VF_EVALUATE_FORMULA_BEGIN||#{NOT(isDeOrg)}
01:24:47.11 (14279500)|VF_EVALUATE_FORMULA_END
01:24:47.11 (14324631)|VF_EVALUATE_FORMULA_BEGIN||#{NOT(isDeOrg)}
01:24:47.11 (14334908)|VF_EVALUATE_FORMULA_END
01:24:47.11 (14362428)|VF_EVALUATE_FORMULA_BEGIN||#{NOT(isDeOrg)}
01:24:47.11 (14372847)|VF_EVALUATE_FORMULA_END
01:24:47.11 (14398138)|VF_EVALUATE_FORMULA_BEGIN||#{NOT(isDeOrg)}
01:24:47.11 (14407979)|VF_EVALUATE_FORMULA_END
01:24:47.11 (14417082)|VF_EVALUATE_FORMULA_BEGIN||#{AND(NOT(isDeOrg),hasUndisplayedPackages)}
01:24:47.11 (14442538)|VF_EVALUATE_FORMULA_END
01:24:47.11 (14447629)|VF_EVALUATE_FORMULA_BEGIN||#{AND(NOT(isDeOrg),hasUndisplayedPackages)}
01:24:47.11 (14460695)|VF_EVALUATE_FORMULA_END
01:24:47.11 (14502274)|VF_EVALUATE_FORMULA_BEGIN||#{NOT(isDeOrg)}
01:24:47.11 (14513716)|VF_EVALUATE_FORMULA_END
01:24:47.11 (14530332)|VF_EVALUATE_FORMULA_BEGIN||#{NOT(isDeOrg)}
01:24:47.11 (14539278)|VF_EVALUATE_FORMULA_END
01:24:47.11 (14558125)|VF_EVALUATE_FORMULA_BEGIN||#{NOT(isDeOrg)}
01:24:47.11 (14567134)|VF_EVALUATE_FORMULA_END
01:24:47.11 (14584549)|VF_EVALUATE_FORMULA_BEGIN||#{NOT(isDeOrg)}
01:24:47.11 (14593173)|VF_EVALUATE_FORMULA_END
01:24:47.11 (14621989)|VF_EVALUATE_FORMULA_BEGIN||#{NOT(isDeOrg)}
01:24:47.11 (14642734)|VF_EVALUATE_FORMULA_END
01:24:47.11 (14670715)|VF_EVALUATE_FORMULA_BEGIN||#{NOT(isDeOrg)}
01:24:47.11 (14687052)|VF_EVALUATE_FORMULA_END
01:24:47.11 (14696204)|VF_EVALUATE_FORMULA_BEGIN||#{NOT(isDeOrg)}
01:24:47.11 (14709883)|VF_EVALUATE_FORMULA_END
01:24:47.11 (14741807)|VF_EVALUATE_FORMULA_BEGIN||#{NOT(versionItem.displayRemoveLink)}
01:24:47.11 (14758799)|VF_EVALUATE_FORMULA_END
01:24:47.11 (14772356)|VF_EVALUATE_FORMULA_BEGIN||#{NOT(isDeOrg)}
01:24:47.11 (14788126)|VF_EVALUATE_FORMULA_END
01:24:47.11 (14799057)|VF_EVALUATE_FORMULA_BEGIN||#{versionItem.type == $StandardLabel.Page_Package.salesforceApi}
01:24:47.11 (14847702)|VF_EVALUATE_FORMULA_END
01:24:47.11 (14862331)|VF_EVALUATE_FORMULA_BEGIN||#{versionItem.type == $StandardLabel.Page_Package.installedPackage}
01:24:47.11 (14895126)|VF_EVALUATE_FORMULA_END
01:24:47.11 (14911603)|VF_EVALUATE_FORMULA_BEGIN||#{versionItem.type == $StandardLabel.Page_Package.installedPackage}
01:24:47.11 (14931315)|VF_EVALUATE_FORMULA_END
01:24:47.11 (14937681)|VF_EVALUATE_FORMULA_BEGIN||#{versionItem.type == $StandardLabel.Page_Package.salesforceApi}
01:24:47.11 (14948517)|VF_EVALUATE_FORMULA_END
01:24:47.11 (14952952)|VF_EVALUATE_FORMULA_BEGIN||#{versionItem.type == $StandardLabel.Page_Package.salesforceApi}
01:24:47.11 (14961119)|VF_EVALUATE_FORMULA_END
01:24:47.11 (14982048)|VF_EVALUATE_FORMULA_BEGIN||#{NOT(isDeOrg)}
01:24:47.11 (14996463)|VF_EVALUATE_FORMULA_END
01:24:47.11 (15022879)|VF_EVALUATE_FORMULA_BEGIN||#{NOT(isDeOrg)}
01:24:47.11 (15042547)|VF_EVALUATE_FORMULA_END
01:24:47.11 (15883177)|VF_EVALUATE_FORMULA_BEGIN||#{deferredInit != null}
01:24:47.11 (15899839)|VF_EVALUATE_FORMULA_END
01:24:47.11 (15923840)|VF_EVALUATE_FORMULA_BEGIN||#{deferredInit != null}
01:24:47.11 (15934990)|VF_EVALUATE_FORMULA_END
01:24:47.11 (15950359)|VF_EVALUATE_FORMULA_BEGIN||#{NOT(isDeOrg)}
01:24:47.11 (15962289)|VF_EVALUATE_FORMULA_END
01:24:47.11 (15981163)|VF_EVALUATE_FORMULA_BEGIN||#{NOT(isDeOrg)}
01:24:47.11 (15990401)|VF_EVALUATE_FORMULA_END
01:24:47.11 (16011046)|VF_EVALUATE_FORMULA_BEGIN||#{NOT(isDeOrg)}
01:24:47.11 (16020956)|VF_EVALUATE_FORMULA_END
01:24:47.11 (16028198)|VF_EVALUATE_FORMULA_BEGIN||#{AND(NOT(isDeOrg),hasUndisplayedPackages)}
01:24:47.11 (16043444)|VF_EVALUATE_FORMULA_END
01:24:47.11 (16047910)|VF_EVALUATE_FORMULA_BEGIN||#{AND(NOT(isDeOrg),hasUndisplayedPackages)}
01:24:47.11 (16060126)|VF_EVALUATE_FORMULA_END
01:24:47.11 (16125173)|VF_EVALUATE_FORMULA_BEGIN||#{NOT(isDeOrg)}
01:24:47.11 (16136990)|VF_EVALUATE_FORMULA_END
01:24:47.11 (16153690)|VF_EVALUATE_FORMULA_BEGIN||#{NOT(isDeOrg)}
01:24:47.11 (16162853)|VF_EVALUATE_FORMULA_END
01:24:47.11 (16181547)|VF_EVALUATE_FORMULA_BEGIN||#{NOT(isDeOrg)}
01:24:47.11 (16190724)|VF_EVALUATE_FORMULA_END
01:24:47.11 (16213105)|VF_EVALUATE_FORMULA_BEGIN||#{NOT(isDeOrg)}
01:24:47.11 (16223306)|VF_EVALUATE_FORMULA_END
01:24:47.11 (16238525)|VF_EVALUATE_FORMULA_BEGIN||#{NOT(isDeOrg)}
01:24:47.11 (16246890)|VF_EVALUATE_FORMULA_END
01:24:47.11 (16267021)|VF_EVALUATE_FORMULA_BEGIN||#{NOT(isDeOrg)}
01:24:47.11 (16276084)|VF_EVALUATE_FORMULA_END
01:24:47.11 (16281091)|VF_EVALUATE_FORMULA_BEGIN||#{NOT(isDeOrg)}
01:24:47.11 (16287900)|VF_EVALUATE_FORMULA_END
01:24:47.11 (16300380)|VF_EVALUATE_FORMULA_BEGIN||#{NOT(versionItem.displayRemoveLink)}
01:24:47.11 (16306060)|VF_EVALUATE_FORMULA_END
01:24:47.11 (16312471)|VF_EVALUATE_FORMULA_BEGIN||#{versionItem.type == $StandardLabel.Page_Package.salesforceApi}
01:24:47.11 (16329228)|VF_EVALUATE_FORMULA_END
01:24:47.11 (16335274)|VF_EVALUATE_FORMULA_BEGIN||#{versionItem.type == $StandardLabel.Page_Package.installedPackage}
01:24:47.11 (16345716)|VF_EVALUATE_FORMULA_END
01:24:47.11 (16354119)|VF_EVALUATE_FORMULA_BEGIN||#{versionItem.type == $StandardLabel.Page_Package.installedPackage}
01:24:47.11 (16363985)|VF_EVALUATE_FORMULA_END
01:24:47.11 (16368803)|VF_EVALUATE_FORMULA_BEGIN||#{versionItem.type == $StandardLabel.Page_Package.salesforceApi}
01:24:47.11 (16377785)|VF_EVALUATE_FORMULA_END
01:24:47.11 (16382153)|VF_EVALUATE_FORMULA_BEGIN||#{versionItem.type == $StandardLabel.Page_Package.salesforceApi}
01:24:47.11 (16390066)|VF_EVALUATE_FORMULA_END
01:24:47.11 (16539443)|VF_EVALUATE_FORMULA_BEGIN||#{NOT(isDeOrg)}
01:24:47.11 (16555277)|VF_EVALUATE_FORMULA_END
01:24:47.11 (16572631)|VF_EVALUATE_FORMULA_BEGIN||#{NOT(isDeOrg)}
01:24:47.11 (16582018)|VF_EVALUATE_FORMULA_END
01:24:47.11 (16613436)|VF_EVALUATE_FORMULA_BEGIN||#{NOT(isDeOrg)}
01:24:47.11 (16624786)|VF_EVALUATE_FORMULA_END
01:24:47.11 (16639443)|VF_EVALUATE_FORMULA_BEGIN||#{NOT(isDeOrg)}
01:24:47.11 (16647673)|VF_EVALUATE_FORMULA_END
01:24:47.11 (16663633)|VF_EVALUATE_FORMULA_BEGIN||#{NOT(isDeOrg)}
01:24:47.11 (16672261)|VF_EVALUATE_FORMULA_END
01:24:47.11 (16684709)|VF_EVALUATE_FORMULA_BEGIN||#{NOT(isDeOrg)}
01:24:47.11 (16692476)|VF_EVALUATE_FORMULA_END
01:24:47.11 (16708848)|VF_EVALUATE_FORMULA_BEGIN||#{NOT(isDeOrg)}
01:24:47.11 (16717498)|VF_EVALUATE_FORMULA_END
01:24:47.11 (16731041)|VF_EVALUATE_FORMULA_BEGIN||#{NOT(isDeOrg)}
01:24:47.11 (16739001)|VF_EVALUATE_FORMULA_END
01:24:47.11 (16754867)|VF_EVALUATE_FORMULA_BEGIN||#{NOT(isDeOrg)}
01:24:47.11 (16763550)|VF_EVALUATE_FORMULA_END
01:24:47.11 (16776507)|VF_EVALUATE_FORMULA_BEGIN||#{NOT(isDeOrg)}
01:24:47.11 (16784544)|VF_EVALUATE_FORMULA_END
01:24:47.17 (17007882)|HEAP_ALLOCATE|[EXTERNAL]|Bytes:-4
01:24:47.17 (17083007)|HEAP_ALLOCATE|[EXTERNAL]|Bytes:-4
01:24:47.11 (17250107)|VF_EVALUATE_FORMULA_BEGIN||#{deferredInit != null}
01:24:47.11 (17267571)|VF_EVALUATE_FORMULA_END
01:24:47.11 (17292136)|VF_EVALUATE_FORMULA_BEGIN||#{deferredInit != null}
01:24:47.11 (17303036)|VF_EVALUATE_FORMULA_END
01:24:47.11 (17331880)|VF_EVALUATE_FORMULA_BEGIN||#{NOT(isDeOrg)}
01:24:47.11 (17344686)|VF_EVALUATE_FORMULA_END
01:24:47.11 (17362374)|VF_EVALUATE_FORMULA_BEGIN||#{NOT(isDeOrg)}
01:24:47.11 (17371653)|VF_EVALUATE_FORMULA_END
01:24:47.11 (17391248)|VF_EVALUATE_FORMULA_BEGIN||#{NOT(isDeOrg)}
01:24:47.11 (17399990)|VF_EVALUATE_FORMULA_END
01:24:47.11 (17407136)|VF_EVALUATE_FORMULA_BEGIN||#{AND(NOT(isDeOrg),hasUndisplayedPackages)}
01:24:47.11 (17421851)|VF_EVALUATE_FORMULA_END
01:24:47.11 (17426427)|VF_EVALUATE_FORMULA_BEGIN||#{AND(NOT(isDeOrg),hasUndisplayedPackages)}
01:24:47.11 (17438544)|VF_EVALUATE_FORMULA_END
01:24:47.11 (17458857)|VF_EVALUATE_FORMULA_BEGIN||#{NOT(isDeOrg)}
01:24:47.11 (17468165)|VF_EVALUATE_FORMULA_END
01:24:47.11 (17483236)|VF_EVALUATE_FORMULA_BEGIN||#{NOT(isDeOrg)}
01:24:47.11 (17491799)|VF_EVALUATE_FORMULA_END
01:24:47.11 (17509541)|VF_EVALUATE_FORMULA_BEGIN||#{NOT(isDeOrg)}
01:24:47.11 (17518466)|VF_EVALUATE_FORMULA_END
01:24:47.11 (17534625)|VF_EVALUATE_FORMULA_BEGIN||#{NOT(isDeOrg)}
01:24:47.11 (17543321)|VF_EVALUATE_FORMULA_END
01:24:47.11 (17557502)|VF_EVALUATE_FORMULA_BEGIN||#{NOT(isDeOrg)}
01:24:47.11 (17565287)|VF_EVALUATE_FORMULA_END
01:24:47.11 (17581014)|VF_EVALUATE_FORMULA_BEGIN||#{NOT(isDeOrg)}
01:24:47.11 (17589584)|VF_EVALUATE_FORMULA_END
01:24:47.11 (17594440)|VF_EVALUATE_FORMULA_BEGIN||#{NOT(isDeOrg)}
01:24:47.11 (17601193)|VF_EVALUATE_FORMULA_END
01:24:47.11 (17613006)|VF_EVALUATE_FORMULA_BEGIN||#{NOT(versionItem.displayRemoveLink)}
01:24:47.11 (17618648)|VF_EVALUATE_FORMULA_END
01:24:47.11 (17624911)|VF_EVALUATE_FORMULA_BEGIN||#{versionItem.type == $StandardLabel.Page_Package.salesforceApi}
01:24:47.11 (17641565)|VF_EVALUATE_FORMULA_END
01:24:47.11 (17647296)|VF_EVALUATE_FORMULA_BEGIN||#{versionItem.type == $StandardLabel.Page_Package.installedPackage}
01:24:47.11 (17657863)|VF_EVALUATE_FORMULA_END
01:24:47.11 (17663611)|VF_EVALUATE_FORMULA_BEGIN||#{versionItem.type == $StandardLabel.Page_Package.installedPackage}
01:24:47.11 (17672977)|VF_EVALUATE_FORMULA_END
01:24:47.11 (17677574)|VF_EVALUATE_FORMULA_BEGIN||#{versionItem.type == $StandardLabel.Page_Package.salesforceApi}
01:24:47.11 (17686044)|VF_EVALUATE_FORMULA_END
01:24:47.11 (17690421)|VF_EVALUATE_FORMULA_BEGIN||#{versionItem.type == $StandardLabel.Page_Package.salesforceApi}
01:24:47.11 (17698478)|VF_EVALUATE_FORMULA_END
01:24:47.17 (17778543)|HEAP_ALLOCATE|[EXTERNAL]|Bytes:-4
01:24:47.11 (17806536)|VF_EVALUATE_FORMULA_BEGIN||#{NOT(isDeOrg)}
01:24:47.11 (17822598)|VF_EVALUATE_FORMULA_END
01:24:47.11 (17839498)|VF_EVALUATE_FORMULA_BEGIN||#{NOT(isDeOrg)}
01:24:47.11 (17848644)|VF_EVALUATE_FORMULA_END
01:24:47.18 (18054731)|HEAP_ALLOCATE|[EXTERNAL]|Bytes:-4
01:24:47.11 (18131760)|CODE_UNIT_STARTED|[EXTERNAL]|VF Controller Save
01:24:47.11 (18140066)|SYSTEM_MODE_ENTER|false
01:24:47.11 (127398244)|CODE_UNIT_FINISHED|VF Controller Save
01:24:47.140 (140469798)|CUMULATIVE_LIMIT_USAGE
01:24:47.140 (140469798)|LIMIT_USAGE_FOR_NS|(default)|
  Number of SOQL queries: 0 out of 100
  Number of query rows: 0 out of 50000
  Number of SOSL queries: 0 out of 20
  Number of DML statements: 0 out of 150
  Number of DML rows: 0 out of 10000
  Maximum CPU time: 0 out of 10000
  Maximum heap size: 0 out of 6000000
  Number of callouts: 0 out of 100
  Number of Email Invocations: 0 out of 10
  Number of future calls: 0 out of 50
  Number of queueable jobs added to the queue: 0 out of 50
  Number of Mobile Apex push calls: 0 out of 10

01:24:47.140 (140469798)|TOTAL_EMAIL_RECIPIENTS_QUEUED|0
01:24:47.140 (140469798)|CUMULATIVE_LIMIT_USAGE_END

01:24:47.11 (140526130)|CODE_UNIT_FINISHED|VF: /apex/editApexComponent.apexp
01:24:47.11 (141360475)|EXECUTION_FINISHED
01:24:47.143 (143182466)|CUMULATIVE_PROFILING_BEGIN
01:24:47.143 (143182466)|CUMULATIVE_PROFILING|No profiling information for SOQL operations
01:24:47.143 (143182466)|CUMULATIVE_PROFILING|No profiling information for SOSL operations
01:24:47.143 (143182466)|CUMULATIVE_PROFILING|No profiling information for DML operations
01:24:47.143 (143182466)|CUMULATIVE_PROFILING|No profiling information for method invocations
01:24:47.143 (143182466)|CUMULATIVE_PROFILING_END
