39.0 APEX_CODE,FINEST;APEX_PROFILING,FINEST;CALLOUT,FINEST;DB,FINEST;SYSTEM,FINE;VALIDATION,INFO;VISUALFORCE,FINER;WAVE,INFO;WORKFLOW,FINER
16:30:41.2 (2254033)|USER_INFO|[EXTERNAL]|00524000001Gj8w|russell@lightful.xyz.commundev|Greenwich Mean Time|GMT+01:00
16:30:41.2 (2290306)|EXECUTION_STARTED
16:30:41.2 (2295176)|CODE_UNIT_STARTED|[EXTERNAL]|VisualForce View State
16:30:41.2 (8862684)|HEAP_ALLOCATE|[72]|Bytes:3
16:30:41.2 (8920290)|HEAP_ALLOCATE|[77]|Bytes:152
16:30:41.2 (8936087)|HEAP_ALLOCATE|[342]|Bytes:408
16:30:41.2 (8953734)|HEAP_ALLOCATE|[355]|Bytes:408
16:30:41.2 (8969075)|HEAP_ALLOCATE|[467]|Bytes:48
16:30:41.2 (8998304)|HEAP_ALLOCATE|[139]|Bytes:6
16:30:41.2 (14566700)|CODE_UNIT_FINISHED|VisualForce View State
16:30:41.2 (15603349)|EXECUTION_FINISHED
16:30:42.455 (1455078707)|USER_INFO|[EXTERNAL]|00524000001Gj8w|russell@lightful.xyz.commundev|Greenwich Mean Time|GMT+01:00
16:30:42.455 (1455834897)|VF_APEX_CALL_START|[EXTERNAL]|/apexpage/pagemessagecomponentcontroller.apex <init>
16:30:42.455 (1455852787)|SYSTEM_MODE_ENTER|true
16:30:42.455 (1455914696)|HEAP_ALLOCATE|[EXTERNAL]|Bytes:120
16:30:42.455 (1455931265)|HEAP_ALLOCATE|[EXTERNAL]|Bytes:10
16:30:42.455 (1455947489)|SYSTEM_METHOD_ENTRY|[1]|pagemessagecomponentcontroller.pagemessagecomponentcontroller()
16:30:42.455 (1455952383)|STATEMENT_EXECUTE|[1]
16:30:42.601 (1601400095)|CUMULATIVE_LIMIT_USAGE
16:30:42.601 (1601400095)|LIMIT_USAGE_FOR_NS|(default)|
  Number of SOQL queries: 0 out of 100
  Number of query rows: 0 out of 50000
  Number of SOSL queries: 0 out of 20
  Number of DML statements: 0 out of 150
  Number of DML rows: 0 out of 10000
  Maximum CPU time: 0 out of 10000
  Maximum heap size: 0 out of 6000000
  Number of callouts: 0 out of 100
  Number of Email Invocations: 0 out of 10
  Number of future calls: 0 out of 50
  Number of queueable jobs added to the queue: 0 out of 50
  Number of Mobile Apex push calls: 0 out of 10

16:30:42.601 (1601400095)|CUMULATIVE_LIMIT_USAGE_END

