39.0 APEX_CODE,FINEST;APEX_PROFILING,FINEST;CALLOUT,FINEST;DB,FINEST;SYSTEM,FINE;VALIDATION,INFO;VISUALFORCE,FINER;WAVE,INFO;WORKFLOW,FINER
05:00:28.0 (291285)|USER_INFO|[EXTERNAL]|00524000005uNfK|neela@lightful.com.commundev|Line Is. Time|GMT+14:00
05:00:28.0 (314521)|EXECUTION_STARTED
05:00:28.0 (317677)|CODE_UNIT_STARTED|[EXTERNAL]|0669E000000CvHr|VF: /apex/communityCheckout
05:00:28.0 (410124)|VF_DESERIALIZE_VIEWSTATE_BEGIN|0669E000000CvHr
05:00:28.0 (5407424)|HEAP_ALLOCATE|[72]|Bytes:3
05:00:28.0 (5445995)|HEAP_ALLOCATE|[77]|Bytes:152
05:00:28.0 (5459210)|HEAP_ALLOCATE|[342]|Bytes:408
05:00:28.0 (5473130)|HEAP_ALLOCATE|[355]|Bytes:408
05:00:28.0 (5485886)|HEAP_ALLOCATE|[467]|Bytes:48
05:00:28.0 (5511198)|HEAP_ALLOCATE|[139]|Bytes:6
05:00:28.0 (8768178)|VF_DESERIALIZE_VIEWSTATE_END
05:00:28.64 (64249254)|CUMULATIVE_LIMIT_USAGE
05:00:28.64 (64249254)|LIMIT_USAGE_FOR_NS|(default)|
  Number of SOQL queries: 0 out of 100
  Number of query rows: 0 out of 50000
  Number of SOSL queries: 0 out of 20
  Number of DML statements: 0 out of 150
  Number of DML rows: 0 out of 10000
  Maximum CPU time: 0 out of 10000
  Maximum heap size: 0 out of 6000000
  Number of callouts: 0 out of 100
  Number of Email Invocations: 0 out of 10
  Number of future calls: 0 out of 50
  Number of queueable jobs added to the queue: 0 out of 50
  Number of Mobile Apex push calls: 0 out of 10

05:00:28.64 (64249254)|TOTAL_EMAIL_RECIPIENTS_QUEUED|0
05:00:28.64 (64249254)|STATIC_VARIABLE_LIST|
  char[]:DigitTens:0
  int:MIN_VALUE:0
  long:serialVersionUID:0
  char[]:DigitOnes:0
  double:MAX_VALUE:0
  long:serialVersionUID:0
  int:BYTES:0
  double:MIN_VALUE:0
  int:SIZE:0
  int:MIN_EXPONENT:0
  int[]:sizeTable:0
  double:NEGATIVE_INFINITY:0
  int:MAX_VALUE:0
  int:MAX_EXPONENT:0
  char[]:digits:0
  double:NaN:0
  int:SIZE:0
  double:POSITIVE_INFINITY:0
  double:MIN_NORMAL:0
  int:BYTES:0

05:00:28.64 (64249254)|CUMULATIVE_LIMIT_USAGE_END

05:00:28.0 (64375619)|CODE_UNIT_FINISHED|VF: /apex/communityCheckout
05:00:28.0 (65301339)|EXECUTION_FINISHED
05:00:28.66 (66403773)|CUMULATIVE_PROFILING_BEGIN
05:00:28.66 (66403773)|CUMULATIVE_PROFILING|No profiling information for SOQL operations
05:00:28.66 (66403773)|CUMULATIVE_PROFILING|No profiling information for SOSL operations
05:00:28.66 (66403773)|CUMULATIVE_PROFILING|No profiling information for DML operations
05:00:28.66 (66403773)|CUMULATIVE_PROFILING|No profiling information for method invocations
05:00:28.66 (66403773)|CUMULATIVE_PROFILING_END
