39.0 APEX_CODE,FINEST;APEX_PROFILING,FINEST;CALLOUT,FINEST;DB,FINEST;SYSTEM,FINE;VALIDATION,INFO;VISUALFORCE,FINER;WAVE,INFO;WORKFLOW,FINER
05:39:53.0 (346177)|USER_INFO|[EXTERNAL]|00524000005uNfK|neela@lightful.com.commundev|Line Is. Time|GMT+14:00
05:39:53.0 (378847)|EXECUTION_STARTED
05:39:53.0 (384774)|CODE_UNIT_STARTED|[EXTERNAL]|0669E000000Cv0R|VF: /apex/communityCaseMgmt
05:39:53.4 (4237626)|VF_APEX_CALL_START|[EXTERNAL]|/apexpage/pagemessagescomponentcontroller.apex <init>
05:39:53.4 (4256042)|SYSTEM_MODE_ENTER|true
05:39:53.4 (4351051)|HEAP_ALLOCATE|[72]|Bytes:3
05:39:53.4 (4383764)|HEAP_ALLOCATE|[77]|Bytes:152
05:39:53.4 (4397756)|HEAP_ALLOCATE|[342]|Bytes:408
05:39:53.4 (4412722)|HEAP_ALLOCATE|[355]|Bytes:408
05:39:53.4 (4425855)|HEAP_ALLOCATE|[467]|Bytes:48
05:39:53.4 (4662375)|VF_APEX_CALL_START|[EXTERNAL]|/apexpage/pagemessagescomponentcontroller.apex set(conEscape,null)
05:39:53.4 (4670388)|SYSTEM_MODE_ENTER|true
05:39:53.4 (4679995)|VF_APEX_CALL_START|[EXTERNAL]|PageMessagesComponentController set(conEscape,null)
05:39:53.4 (4698102)|VF_APEX_CALL_START|[EXTERNAL]|PageMessagesComponentController invoke(setconEscape)
05:39:53.4 (4721717)|HEAP_ALLOCATE|[EXTERNAL]|Bytes:8
05:39:53.4 (4727222)|VARIABLE_SCOPE_BEGIN|[88]|this|ApexPage.PageMessagesComponentController|true|false
05:39:53.4 (4757934)|VARIABLE_ASSIGNMENT|[88]|this|{}|0x74b1f491
05:39:53.4 (4760753)|VARIABLE_SCOPE_BEGIN|[88]|escape|Boolean|false|false
05:39:53.4 (4764487)|VARIABLE_ASSIGNMENT|[88]|escape|null
05:39:53.4 (4905270)|VF_APEX_CALL_START|[EXTERNAL]|/apexpage/pagemessagescomponentcontroller.apex get(severities)
05:39:53.4 (4912398)|SYSTEM_MODE_ENTER|true
05:39:53.4 (4922083)|VF_APEX_CALL_START|[EXTERNAL]|PageMessagesComponentController invoke(getseverities)
05:39:53.4 (4936730)|HEAP_ALLOCATE|[EXTERNAL]|Bytes:8
05:39:53.4 (4941098)|VARIABLE_SCOPE_BEGIN|[2]|this|ApexPage.PageMessagesComponentController|true|false
05:39:53.4 (4954464)|VARIABLE_ASSIGNMENT|[2]|this|{}|0x74b1f491
05:39:53.0 (5748279)|VF_APEX_CALL_START|[EXTERNAL]|01p9E000000Dmpd|communityCaseMgmtController <init>
05:39:53.0 (5754976)|SYSTEM_MODE_ENTER|true
05:39:53.0 (5927284)|HEAP_ALLOCATE|[EXTERNAL]|Bytes:368
05:39:53.0 (5932747)|HEAP_ALLOCATE|[EXTERNAL]|Bytes:60
05:39:53.0 (5934993)|HEAP_ALLOCATE|[EXTERNAL]|Bytes:23
05:39:53.0 (5941897)|METHOD_ENTRY|[1]|01p9E000000Dmpd|communityCaseMgmtController.communityCaseMgmtController()
05:39:53.0 (5944677)|STATEMENT_EXECUTE|[1]
05:39:53.0 (5948791)|STATEMENT_EXECUTE|[1]
05:39:53.0 (5952508)|METHOD_EXIT|[1]|communityCaseMgmtController
05:39:53.0 (6038130)|HEAP_ALLOCATE|[EXTERNAL]|Bytes:60
05:39:53.0 (6044455)|VARIABLE_SCOPE_BEGIN|[21]|this|communityCaseMgmtController|true|false
05:39:53.0 (6104321)|VARIABLE_ASSIGNMENT|[21]|this|{}|0x3b506b98
05:39:53.0 (6110002)|STATEMENT_EXECUTE|[1]
05:39:53.0 (6111717)|STATEMENT_EXECUTE|[3]
05:39:53.0 (6112744)|STATEMENT_EXECUTE|[4]
05:39:53.0 (6113789)|STATEMENT_EXECUTE|[5]
05:39:53.0 (6114832)|STATEMENT_EXECUTE|[6]
05:39:53.0 (6115862)|STATEMENT_EXECUTE|[7]
05:39:53.0 (6116874)|STATEMENT_EXECUTE|[8]
05:39:53.0 (6117776)|STATEMENT_EXECUTE|[9]
05:39:53.0 (6118963)|STATEMENT_EXECUTE|[11]
05:39:53.0 (6120164)|STATEMENT_EXECUTE|[12]
05:39:53.0 (6121165)|STATEMENT_EXECUTE|[13]
05:39:53.0 (6122299)|STATEMENT_EXECUTE|[15]
05:39:53.0 (6123223)|STATEMENT_EXECUTE|[17]
05:39:53.0 (6124192)|STATEMENT_EXECUTE|[18]
05:39:53.0 (6125169)|STATEMENT_EXECUTE|[19]
05:39:53.0 (6137243)|STATEMENT_EXECUTE|[22]
05:39:53.0 (6138614)|STATEMENT_EXECUTE|[23]
05:39:53.0 (6168655)|HEAP_ALLOCATE|[23]|Bytes:85
05:39:53.0 (6176593)|SYSTEM_METHOD_ENTRY|[1]|UserInfo.UserInfo()
05:39:53.0 (6178681)|STATEMENT_EXECUTE|[1]
05:39:53.0 (6183418)|SYSTEM_METHOD_EXIT|[1]|UserInfo
05:39:53.0 (6192610)|METHOD_ENTRY|[23]||System.UserInfo.getUserId()
05:39:53.0 (6224880)|METHOD_EXIT|[23]||System.UserInfo.getUserId()
05:39:53.0 (6237818)|HEAP_ALLOCATE|[23]|Bytes:4
05:39:53.0 (6254933)|SYSTEM_METHOD_ENTRY|[23]|communityCaseMgmtController.__sfdc_currentUserId(Id)
05:39:53.0 (6280313)|VARIABLE_ASSIGNMENT|[EXTERNAL]|this|{}|0x3b506b98
05:39:53.0 (6416937)|VARIABLE_ASSIGNMENT|[EXTERNAL]|value|"00524000005uNfKAAU"
05:39:53.0 (6484652)|VARIABLE_ASSIGNMENT|[11]|this.currentUserId|"00524000005uNfKAAU"|0x3b506b98
05:39:53.0 (6493163)|SYSTEM_METHOD_EXIT|[23]|communityCaseMgmtController.__sfdc_currentUserId(Id)
05:39:53.0 (6496926)|STATEMENT_EXECUTE|[24]
05:39:53.0 (6500485)|HEAP_ALLOCATE|[24]|Bytes:105
05:39:53.0 (6508611)|HEAP_ALLOCATE|[24]|Bytes:4
05:39:53.0 (6516028)|HEAP_ALLOCATE|[24]|Bytes:7
05:39:53.0 (6522597)|SYSTEM_METHOD_ENTRY|[24]|communityCaseMgmtController.__sfdc_currentUserId()
05:39:53.0 (6647369)|VARIABLE_ASSIGNMENT|[EXTERNAL]|this|{"currentUserId":"00524000005uNfKAAU"}|0x3b506b98
05:39:53.0 (6657638)|SYSTEM_METHOD_EXIT|[24]|communityCaseMgmtController.__sfdc_currentUserId()
05:39:53.0 (7481645)|SOQL_EXECUTE_BEGIN|[24]|Aggregations:0|SELECT id, name, firstname, lastname, contactid, fullphotourl, phone, email FROM user WHERE id = :tmpVar1
05:39:53.0 (7490201)|LIMIT_USAGE|[24]|SOQL|1|100
05:39:53.0 (7497680)|LIMIT_USAGE|[24]|AGGS|0|300
05:39:53.0 (10638636)|SOQL_EXECUTE_END|[24]|Rows:1
05:39:53.0 (10649426)|LIMIT_USAGE|[24]|SOQL_ROWS|1|50000
05:39:53.0 (10668813)|HEAP_ALLOCATE|[24]|Bytes:8
05:39:53.0 (10697111)|HEAP_ALLOCATE|[24]|Bytes:183
05:39:53.0 (10773949)|HEAP_ALLOCATE|[24]|Bytes:8
05:39:53.0 (10794406)|HEAP_ALLOCATE|[24]|Bytes:30
05:39:53.0 (10872842)|HEAP_ALLOCATE|[24]|Bytes:28
05:39:53.0 (10919778)|SYSTEM_METHOD_ENTRY|[24]|communityCaseMgmtController.__sfdc_currentUser(User)
05:39:53.0 (11157940)|VARIABLE_ASSIGNMENT|[EXTERNAL]|this|{"currentUserId":"00524000005uNfKAAU"}|0x3b506b98
05:39:53.0 (11184075)|VARIABLE_ASSIGNMENT|[EXTERNAL]|value|{"Id":"00524000005uNfKAAU","Name":"Neela SN","FirstName":"Neela","LastName":"SN","FullPhotoUrl":"https://c.cs88.conte (43 more) ...","Email":"neela@lightful.com"}|0x5f7fb36f
05:39:53.0 (11209836)|VARIABLE_ASSIGNMENT|[12]|this.currentUser|{"Id":"00524000005uNfKAAU","Name":"Neela SN","FirstName":"Neela","LastName":"SN","FullPhotoUrl":"https://c.cs88.conte (43 more) ...","Email":"neela@lightful.com"}|0x3b506b98
05:39:53.0 (11223250)|SYSTEM_METHOD_EXIT|[24]|communityCaseMgmtController.__sfdc_currentUser(User)
05:39:53.0 (11230306)|STATEMENT_EXECUTE|[25]
05:39:53.0 (11249121)|HEAP_ALLOCATE|[25]|Bytes:4
05:39:53.0 (11400395)|SYSTEM_METHOD_ENTRY|[25]|communityCaseMgmtController.__sfdc_newCaseOwner(Contact)
05:39:53.0 (11599688)|VARIABLE_ASSIGNMENT|[EXTERNAL]|this|{"currentUser":"0x5f7fb36f","currentUserId":"00524000005uNfKAAU"}|0x3b506b98
05:39:53.0 (11615772)|VARIABLE_ASSIGNMENT|[EXTERNAL]|value|{}|0xf73288f
05:39:53.0 (11629101)|VARIABLE_ASSIGNMENT|[6]|this.newCaseOwner|{}|0x3b506b98
05:39:53.0 (11639015)|SYSTEM_METHOD_EXIT|[25]|communityCaseMgmtController.__sfdc_newCaseOwner(Contact)
05:39:53.0 (11644500)|STATEMENT_EXECUTE|[27]
05:39:53.0 (11670985)|SYSTEM_METHOD_ENTRY|[27]|communityCaseMgmtController.__sfdc_showCreateCase(Boolean)
05:39:53.0 (11856314)|VARIABLE_ASSIGNMENT|[EXTERNAL]|this|{"currentUser":"0x5f7fb36f","currentUserId":"00524000005uNfKAAU","newCaseOwner":"0xf73288f"}|0x3b506b98
05:39:53.0 (11875059)|VARIABLE_ASSIGNMENT|[EXTERNAL]|value|false
05:39:53.0 (11884136)|HEAP_ALLOCATE|[17]|Bytes:5
05:39:53.0 (11894799)|VARIABLE_ASSIGNMENT|[17]|this.showCreateCase|false|0x3b506b98
05:39:53.0 (11903929)|SYSTEM_METHOD_EXIT|[27]|communityCaseMgmtController.__sfdc_showCreateCase(Boolean)
05:39:53.0 (11909283)|STATEMENT_EXECUTE|[29]
05:39:53.0 (11917290)|HEAP_ALLOCATE|[29]|Bytes:4
05:39:53.0 (11955757)|SYSTEM_CONSTRUCTOR_ENTRY|[29]|<init>()
05:39:53.0 (11982000)|SYSTEM_CONSTRUCTOR_EXIT|[29]|<init>()
05:39:53.0 (12006319)|SYSTEM_METHOD_ENTRY|[29]|communityCaseMgmtController.__sfdc_conRelatedAccsList(List<AccountContactRelation>)
05:39:53.0 (12172898)|VARIABLE_ASSIGNMENT|[EXTERNAL]|this|{"currentUser":"0x5f7fb36f","currentUserId":"00524000005uNfKAAU","newCaseOwner":"0xf73288f","showCreateCase":false}|0x3b506b98
05:39:53.0 (12184646)|HEAP_ALLOCATE|[EXTERNAL]|Bytes:4
05:39:53.0 (12195526)|VARIABLE_ASSIGNMENT|[EXTERNAL]|value|[]|0x792c435d
05:39:53.0 (12208147)|VARIABLE_ASSIGNMENT|[18]|this.conRelatedAccsList|[]|0x3b506b98
05:39:53.0 (12218134)|SYSTEM_METHOD_EXIT|[29]|communityCaseMgmtController.__sfdc_conRelatedAccsList(List<AccountContactRelation>)
05:39:53.0 (12224358)|STATEMENT_EXECUTE|[30]
05:39:53.0 (12232441)|HEAP_ALLOCATE|[30]|Bytes:4
05:39:53.0 (12285093)|SYSTEM_METHOD_ENTRY|[30]|communityCaseMgmtController.__sfdc_myOrgCases(Map<Id,List<Case>>)
05:39:53.0 (12481086)|VARIABLE_ASSIGNMENT|[EXTERNAL]|this|{"conRelatedAccsList":"0x792c435d","currentUser":"0x5f7fb36f","currentUserId":"00524000005uNfKAAU","newCaseOwner":"0xf73288f","showCreateCase":false}|0x3b506b98
05:39:53.0 (12499993)|VARIABLE_ASSIGNMENT|[EXTERNAL]|value|{}|0x21896e58
05:39:53.0 (12514003)|VARIABLE_ASSIGNMENT|[5]|this.myOrgCases|{}|0x3b506b98
05:39:53.0 (12523571)|SYSTEM_METHOD_EXIT|[30]|communityCaseMgmtController.__sfdc_myOrgCases(Map<Id,List<Case>>)
05:39:53.0 (12528589)|STATEMENT_EXECUTE|[31]
05:39:53.0 (12534837)|HEAP_ALLOCATE|[31]|Bytes:4
05:39:53.0 (12566265)|SYSTEM_METHOD_ENTRY|[31]|communityCaseMgmtController.__sfdc_accName(Map<Id,String>)
05:39:53.0 (12766029)|VARIABLE_ASSIGNMENT|[EXTERNAL]|this|{"conRelatedAccsList":"0x792c435d","currentUser":"0x5f7fb36f","currentUserId":"00524000005uNfKAAU","myOrgCases":"0x21896e58","newCaseOwner":"0xf73288f","showCreateCase":false}|0x3b506b98
05:39:53.0 (12782587)|VARIABLE_ASSIGNMENT|[EXTERNAL]|value|{}|0x67b5f64d
05:39:53.0 (12796240)|VARIABLE_ASSIGNMENT|[7]|this.accName|{}|0x3b506b98
05:39:53.0 (12805180)|SYSTEM_METHOD_EXIT|[31]|communityCaseMgmtController.__sfdc_accName(Map<Id,String>)
05:39:53.0 (12810185)|STATEMENT_EXECUTE|[32]
05:39:53.0 (12816010)|HEAP_ALLOCATE|[32]|Bytes:4
05:39:53.0 (12844991)|SYSTEM_METHOD_ENTRY|[32]|communityCaseMgmtController.__sfdc_accCaseCount(Map<Id,Integer>)
05:39:53.0 (13047028)|VARIABLE_ASSIGNMENT|[EXTERNAL]|this|{"accName":"0x67b5f64d","conRelatedAccsList":"0x792c435d","currentUser":"0x5f7fb36f","currentUserId":"00524000005uNfKAAU","myOrgCases":"0x21896e58","newCaseOwner":"0xf73288f","showCreateCase":false}|0x3b506b98
05:39:53.0 (13063387)|VARIABLE_ASSIGNMENT|[EXTERNAL]|value|{}|0xbf2f0d5
05:39:53.0 (13075460)|VARIABLE_ASSIGNMENT|[9]|this.accCaseCount|{}|0x3b506b98
05:39:53.0 (13085062)|SYSTEM_METHOD_EXIT|[32]|communityCaseMgmtController.__sfdc_accCaseCount(Map<Id,Integer>)
05:39:53.0 (13097471)|SYSTEM_METHOD_ENTRY|[34]|communityCaseMgmtController.__sfdc_currentUser()
05:39:53.0 (13253726)|VARIABLE_ASSIGNMENT|[EXTERNAL]|this|{"accCaseCount":"0xbf2f0d5","accName":"0x67b5f64d","conRelatedAccsList":"0x792c435d","currentUser":"0x5f7fb36f","currentUserId":"00524000005uNfKAAU","myOrgCases":"0x21896e58","newCaseOwner":"0xf73288f","showCreateCase":false}|0x3b506b98
05:39:53.0 (13266757)|SYSTEM_METHOD_EXIT|[34]|communityCaseMgmtController.__sfdc_currentUser()
05:39:53.0 (13279657)|STATEMENT_EXECUTE|[44]
05:39:53.0 (13281180)|STATEMENT_EXECUTE|[45]
05:39:53.0 (13293170)|HEAP_ALLOCATE|[45]|Bytes:4
05:39:53.0 (13329732)|SYSTEM_METHOD_ENTRY|[45]|communityCaseMgmtController.__sfdc_con(Contact)
05:39:53.0 (13462210)|VARIABLE_ASSIGNMENT|[EXTERNAL]|this|{"accCaseCount":"0xbf2f0d5","accName":"0x67b5f64d","conRelatedAccsList":"0x792c435d","currentUser":"0x5f7fb36f","currentUserId":"00524000005uNfKAAU","myOrgCases":"0x21896e58","newCaseOwner":"0xf73288f","showCreateCase":false}|0x3b506b98
05:39:53.0 (13472101)|VARIABLE_ASSIGNMENT|[EXTERNAL]|value|{}|0x6c96a3
05:39:53.0 (13479967)|VARIABLE_ASSIGNMENT|[13]|this.con|{}|0x3b506b98
05:39:53.0 (13485768)|SYSTEM_METHOD_EXIT|[45]|communityCaseMgmtController.__sfdc_con(Contact)
05:39:53.0 (13489522)|STATEMENT_EXECUTE|[46]
05:39:53.0 (13493997)|SYSTEM_METHOD_ENTRY|[46]|communityCaseMgmtController.__sfdc_currentUser()
05:39:53.0 (13651628)|VARIABLE_ASSIGNMENT|[EXTERNAL]|this|{"accCaseCount":"0xbf2f0d5","accName":"0x67b5f64d","con":"0x6c96a3","conRelatedAccsList":"0x792c435d","currentUser":"0x5f7fb36f","currentUserId":"00524000005uNfKAAU","myOrgCases":"0x21896e58","newCaseOwner":"0xf73288f","showCreateCase":false}|0x3b506b98
05:39:53.0 (13664525)|SYSTEM_METHOD_EXIT|[46]|communityCaseMgmtController.__sfdc_currentUser()
05:39:53.0 (13720010)|SYSTEM_METHOD_ENTRY|[46]|communityCaseMgmtController.__sfdc_newCaseOwner()
05:39:53.0 (13914948)|VARIABLE_ASSIGNMENT|[EXTERNAL]|this|{"accCaseCount":"0xbf2f0d5","accName":"0x67b5f64d","con":"0x6c96a3","conRelatedAccsList":"0x792c435d","currentUser":"0x5f7fb36f","currentUserId":"00524000005uNfKAAU","myOrgCases":"0x21896e58","newCaseOwner":"0xf73288f","showCreateCase":false}|0x3b506b98
05:39:53.0 (13930287)|SYSTEM_METHOD_EXIT|[46]|communityCaseMgmtController.__sfdc_newCaseOwner()
05:39:53.0 (14008865)|VARIABLE_ASSIGNMENT|[46]|this.FirstName|"Neela"|0xf73288f
05:39:53.0 (14014719)|STATEMENT_EXECUTE|[47]
05:39:53.0 (14025623)|SYSTEM_METHOD_ENTRY|[47]|communityCaseMgmtController.__sfdc_currentUser()
05:39:53.0 (14216771)|VARIABLE_ASSIGNMENT|[EXTERNAL]|this|{"accCaseCount":"0xbf2f0d5","accName":"0x67b5f64d","con":"0x6c96a3","conRelatedAccsList":"0x792c435d","currentUser":"0x5f7fb36f","currentUserId":"00524000005uNfKAAU","myOrgCases":"0x21896e58","newCaseOwner":"0xf73288f","showCreateCase":false}|0x3b506b98
05:39:53.0 (14230480)|SYSTEM_METHOD_EXIT|[47]|communityCaseMgmtController.__sfdc_currentUser()
05:39:53.0 (14262951)|SYSTEM_METHOD_ENTRY|[47]|communityCaseMgmtController.__sfdc_newCaseOwner()
05:39:53.0 (14439960)|VARIABLE_ASSIGNMENT|[EXTERNAL]|this|{"accCaseCount":"0xbf2f0d5","accName":"0x67b5f64d","con":"0x6c96a3","conRelatedAccsList":"0x792c435d","currentUser":"0x5f7fb36f","currentUserId":"00524000005uNfKAAU","myOrgCases":"0x21896e58","newCaseOwner":"0xf73288f","showCreateCase":false}|0x3b506b98
05:39:53.0 (14452275)|SYSTEM_METHOD_EXIT|[47]|communityCaseMgmtController.__sfdc_newCaseOwner()
05:39:53.0 (14517019)|VARIABLE_ASSIGNMENT|[47]|this.LastName|"SN"|0xf73288f
05:39:53.0 (14522176)|STATEMENT_EXECUTE|[48]
05:39:53.0 (14532663)|SYSTEM_METHOD_ENTRY|[48]|communityCaseMgmtController.__sfdc_currentUser()
05:39:53.0 (14727941)|VARIABLE_ASSIGNMENT|[EXTERNAL]|this|{"accCaseCount":"0xbf2f0d5","accName":"0x67b5f64d","con":"0x6c96a3","conRelatedAccsList":"0x792c435d","currentUser":"0x5f7fb36f","currentUserId":"00524000005uNfKAAU","myOrgCases":"0x21896e58","newCaseOwner":"0xf73288f","showCreateCase":false}|0x3b506b98
05:39:53.0 (14743216)|SYSTEM_METHOD_EXIT|[48]|communityCaseMgmtController.__sfdc_currentUser()
05:39:53.0 (14778215)|SYSTEM_METHOD_ENTRY|[48]|communityCaseMgmtController.__sfdc_newCaseOwner()
05:39:53.0 (14962687)|VARIABLE_ASSIGNMENT|[EXTERNAL]|this|{"accCaseCount":"0xbf2f0d5","accName":"0x67b5f64d","con":"0x6c96a3","conRelatedAccsList":"0x792c435d","currentUser":"0x5f7fb36f","currentUserId":"00524000005uNfKAAU","myOrgCases":"0x21896e58","newCaseOwner":"0xf73288f","showCreateCase":false}|0x3b506b98
05:39:53.0 (14976365)|SYSTEM_METHOD_EXIT|[48]|communityCaseMgmtController.__sfdc_newCaseOwner()
05:39:53.0 (15034484)|VARIABLE_ASSIGNMENT|[48]|this.Email|"neela@lightful.com"|0xf73288f
05:39:53.0 (15039527)|STATEMENT_EXECUTE|[50]
05:39:53.0 (15046116)|HEAP_ALLOCATE|[50]|Bytes:118
05:39:53.0 (15055938)|HEAP_ALLOCATE|[50]|Bytes:4
05:39:53.0 (16021869)|SOQL_EXECUTE_BEGIN|[50]|Aggregations:0|SELECT AccountId, ContactId, IsActive, IsDirect, Roles FROM AccountContactRelation WHERE ContactId = '0039E000004AdCP'
05:39:53.0 (16035056)|LIMIT_USAGE|[50]|SOQL|2|100
05:39:53.0 (16045585)|LIMIT_USAGE|[50]|AGGS|0|300
05:39:53.0 (18481733)|SOQL_EXECUTE_END|[50]|Rows:2
05:39:53.0 (18491955)|LIMIT_USAGE|[50]|SOQL_ROWS|3|50000
05:39:53.0 (18510070)|HEAP_ALLOCATE|[50]|Bytes:12
05:39:53.0 (18531062)|HEAP_ALLOCATE|[50]|Bytes:246
05:39:53.0 (18579690)|HEAP_ALLOCATE|[50]|Bytes:12
05:39:53.0 (18608059)|SYSTEM_METHOD_ENTRY|[50]|communityCaseMgmtController.__sfdc_conRelatedAccsList(List<AccountContactRelation>)
05:39:53.0 (18852905)|VARIABLE_ASSIGNMENT|[EXTERNAL]|this|{"accCaseCount":"0xbf2f0d5","accName":"0x67b5f64d","con":"0x6c96a3","conRelatedAccsList":"0x792c435d","currentUser":"0x5f7fb36f","currentUserId":"00524000005uNfKAAU","myOrgCases":"0x21896e58","newCaseOwner":"0xf73288f","showCreateCase":false}|0x3b506b98
05:39:53.0 (18882094)|VARIABLE_ASSIGNMENT|[EXTERNAL]|value|[{"AccountId":"0019E000006wqt7QAA","ContactId":"0039E000004AdCPQA0","IsActive":true,"IsDirect":false,"Id":"07k9E000000f4JJQAY"},{"AccountId":"0019E000005FzZJQA0","ContactId":"0039E000004AdCPQA0","IsActive":true,"IsDirect":true,"Id":"07k9E000000f4IpQAI"}]|0x6c11259e
05:39:53.0 (18914467)|VARIABLE_ASSIGNMENT|[18]|this.conRelatedAccsList|[{"AccountId":"0019E000006wqt7QAA","ContactId":"0039E000004AdCPQA0","IsActive":true,"IsDirect":false,"Id":"07k9E000000f4JJQAY"},{"AccountId":"0019E000005FzZJQA0","ContactId":"0039E000004AdCPQA0","IsActive":true,"IsDirect":true,"Id":"07k9E000000f4IpQAI"}]|0x3b506b98
05:39:53.0 (18928015)|SYSTEM_METHOD_EXIT|[50]|communityCaseMgmtController.__sfdc_conRelatedAccsList(List<AccountContactRelation>)
05:39:53.0 (18934975)|STATEMENT_EXECUTE|[54]
05:39:53.0 (18941688)|HEAP_ALLOCATE|[54]|Bytes:168
05:39:53.0 (18951319)|HEAP_ALLOCATE|[54]|Bytes:4
05:39:53.0 (18966606)|SYSTEM_METHOD_ENTRY|[54]|communityCaseMgmtController.__sfdc_currentUserId()
05:39:53.0 (19164244)|VARIABLE_ASSIGNMENT|[EXTERNAL]|this|{"accCaseCount":"0xbf2f0d5","accName":"0x67b5f64d","con":"0x6c96a3","conRelatedAccsList":"0x6c11259e","currentUser":"0x5f7fb36f","currentUserId":"00524000005uNfKAAU","myOrgCases":"0x21896e58","newCaseOwner":"0xf73288f","showCreateCase":false}|0x3b506b98
05:39:53.0 (19179473)|SYSTEM_METHOD_EXIT|[54]|communityCaseMgmtController.__sfdc_currentUserId()
05:39:53.0 (19700935)|SOQL_EXECUTE_BEGIN|[54]|Aggregations:0|SELECT CaseNumber, ContactEmail, ContactId, CreatedById, Description, Priority, Reason, Subject, Issue_Type__c, accountid, status FROM Case WHERE CreatedById = :tmpVar1
05:39:53.0 (19709744)|LIMIT_USAGE|[54]|SOQL|3|100
05:39:53.0 (19718821)|LIMIT_USAGE|[54]|AGGS|0|300
05:39:53.0 (24988966)|SOQL_EXECUTE_END|[54]|Rows:6
05:39:53.0 (24998318)|LIMIT_USAGE|[54]|SOQL_ROWS|9|50000
05:39:53.0 (25013245)|HEAP_ALLOCATE|[54]|Bytes:28
05:39:53.0 (25036186)|HEAP_ALLOCATE|[54]|Bytes:2156
05:39:53.0 (25074974)|HEAP_ALLOCATE|[54]|Bytes:28
05:39:53.0 (25119283)|SYSTEM_METHOD_ENTRY|[54]|communityCaseMgmtController.__sfdc_myCases(List<Case>)
05:39:53.0 (25317630)|VARIABLE_ASSIGNMENT|[EXTERNAL]|this|{"accCaseCount":"0xbf2f0d5","accName":"0x67b5f64d","con":"0x6c96a3","conRelatedAccsList":"0x6c11259e","currentUser":"0x5f7fb36f","currentUserId":"00524000005uNfKAAU","myOrgCases":"0x21896e58","newCaseOwner":"0xf73288f","showCreateCase":false}|0x3b506b98
05:39:53.0 (25335557)|VARIABLE_ASSIGNMENT|[EXTERNAL]|value|"List of size 6 too large to display"|0x16751412
05:39:53.0 (25354869)|VARIABLE_ASSIGNMENT|[4]|this.myCases|"List of size 6 too large to display"|0x3b506b98
05:39:53.0 (25366183)|SYSTEM_METHOD_EXIT|[54]|communityCaseMgmtController.__sfdc_myCases(List<Case>)
05:39:53.0 (25372737)|STATEMENT_EXECUTE|[56]
05:39:53.0 (25393104)|HEAP_ALLOCATE|[56]|Bytes:4
05:39:53.0 (25529331)|SYSTEM_METHOD_ENTRY|[56]|communityCaseMgmtController.__sfdc_newCase(Case)
05:39:53.0 (25767954)|VARIABLE_ASSIGNMENT|[EXTERNAL]|this|{"accCaseCount":"0xbf2f0d5","accName":"0x67b5f64d","con":"0x6c96a3","conRelatedAccsList":"0x6c11259e","currentUser":"0x5f7fb36f","currentUserId":"00524000005uNfKAAU","myCases":"0x16751412","myOrgCases":"0x21896e58","newCaseOwner":"0xf73288f","showCreateCase":false}|0x3b506b98
05:39:53.0 (25784344)|VARIABLE_ASSIGNMENT|[EXTERNAL]|value|{}|0x66c514f0
05:39:53.0 (25796078)|VARIABLE_ASSIGNMENT|[3]|this.newCase|{}|0x3b506b98
05:39:53.0 (25804872)|SYSTEM_METHOD_EXIT|[56]|communityCaseMgmtController.__sfdc_newCase(Case)
05:39:53.0 (25809729)|STATEMENT_EXECUTE|[57]
05:39:53.0 (25817161)|HEAP_ALLOCATE|[57]|Bytes:4
05:39:53.0 (25830402)|SYSTEM_CONSTRUCTOR_ENTRY|[57]|<init>()
05:39:53.0 (25847306)|SYSTEM_CONSTRUCTOR_EXIT|[57]|<init>()
05:39:53.0 (25866887)|SYSTEM_METHOD_ENTRY|[57]|communityCaseMgmtController.__sfdc_relatedAccId(List<Id>)
05:39:53.0 (26004304)|VARIABLE_ASSIGNMENT|[EXTERNAL]|this|{"accCaseCount":"0xbf2f0d5","accName":"0x67b5f64d","con":"0x6c96a3","conRelatedAccsList":"0x6c11259e","currentUser":"0x5f7fb36f","currentUserId":"00524000005uNfKAAU","myCases":"0x16751412","myOrgCases":"0x21896e58","newCase":"0x66c514f0","newCaseOwner":"0xf73288f","showCreateCase":false}|0x3b506b98
05:39:53.0 (26038457)|HEAP_ALLOCATE|[EXTERNAL]|Bytes:4
05:39:53.0 (26046392)|VARIABLE_ASSIGNMENT|[EXTERNAL]|value|[]|0x78628bae
05:39:53.0 (26055636)|VARIABLE_ASSIGNMENT|[8]|this.relatedAccId|[]|0x3b506b98
05:39:53.0 (26062381)|SYSTEM_METHOD_EXIT|[57]|communityCaseMgmtController.__sfdc_relatedAccId(List<Id>)
05:39:53.0 (26065828)|STATEMENT_EXECUTE|[59]
05:39:53.0 (26070811)|HEAP_ALLOCATE|[59]|Bytes:21
05:39:53.0 (26079747)|SYSTEM_METHOD_ENTRY|[59]|communityCaseMgmtController.__sfdc_newCase()
05:39:53.0 (26213674)|VARIABLE_ASSIGNMENT|[EXTERNAL]|this|{"accCaseCount":"0xbf2f0d5","accName":"0x67b5f64d","con":"0x6c96a3","conRelatedAccsList":"0x6c11259e","currentUser":"0x5f7fb36f","currentUserId":"00524000005uNfKAAU","myCases":"0x16751412","myOrgCases":"0x21896e58","newCase":"0x66c514f0","newCaseOwner":"0xf73288f","relatedAccId":"0x78628bae","showCreateCase":false}|0x3b506b98
05:39:53.0 (26224972)|SYSTEM_METHOD_EXIT|[59]|communityCaseMgmtController.__sfdc_newCase()
05:39:53.0 (26263805)|SYSTEM_METHOD_ENTRY|[59]|String.valueOf(Object)
05:39:53.0 (26273778)|SYSTEM_METHOD_EXIT|[59]|String.valueOf(Object)
05:39:53.0 (26278343)|SYSTEM_METHOD_ENTRY|[59]|communityCaseMgmtController.__sfdc_newCase()
05:39:53.0 (26393442)|VARIABLE_ASSIGNMENT|[EXTERNAL]|this|{"accCaseCount":"0xbf2f0d5","accName":"0x67b5f64d","con":"0x6c96a3","conRelatedAccsList":"0x6c11259e","currentUser":"0x5f7fb36f","currentUserId":"00524000005uNfKAAU","myCases":"0x16751412","myOrgCases":"0x21896e58","newCase":"0x66c514f0","newCaseOwner":"0xf73288f","relatedAccId":"0x78628bae","showCreateCase":false}|0x3b506b98
05:39:53.0 (26401979)|SYSTEM_METHOD_EXIT|[59]|communityCaseMgmtController.__sfdc_newCase()
05:39:53.0 (26415080)|HEAP_ALLOCATE|[59]|Bytes:29
05:39:53.0 (26437876)|SYSTEM_METHOD_ENTRY|[59]|System.debug(ANY)
05:39:53.0 (26446662)|USER_DEBUG|[59]|DEBUG|contact of case is : nullnull
05:39:53.0 (26450509)|SYSTEM_METHOD_EXIT|[59]|System.debug(ANY)
05:39:53.0 (26453034)|STATEMENT_EXECUTE|[60]
05:39:53.0 (26456384)|HEAP_ALLOCATE|[60]|Bytes:37
05:39:53.0 (26465165)|SYSTEM_METHOD_ENTRY|[60]|communityCaseMgmtController.__sfdc_conRelatedAccsList()
05:39:53.0 (26590090)|VARIABLE_ASSIGNMENT|[EXTERNAL]|this|{"accCaseCount":"0xbf2f0d5","accName":"0x67b5f64d","con":"0x6c96a3","conRelatedAccsList":"0x6c11259e","currentUser":"0x5f7fb36f","currentUserId":"00524000005uNfKAAU","myCases":"0x16751412","myOrgCases":"0x21896e58","newCase":"0x66c514f0","newCaseOwner":"0xf73288f","relatedAccId":"0x78628bae","showCreateCase":false}|0x3b506b98
05:39:53.0 (26601010)|SYSTEM_METHOD_EXIT|[60]|communityCaseMgmtController.__sfdc_conRelatedAccsList()
05:39:53.0 (26615488)|SYSTEM_METHOD_ENTRY|[60]|String.valueOf(Object)
05:39:53.0 (26687014)|HEAP_ALLOCATE|[60]|Bytes:277
05:39:53.0 (26699101)|SYSTEM_METHOD_EXIT|[60]|String.valueOf(Object)
05:39:53.0 (26707948)|HEAP_ALLOCATE|[60]|Bytes:314
05:39:53.0 (26715616)|SYSTEM_METHOD_ENTRY|[60]|System.debug(ANY)
05:39:53.0 (26720008)|USER_DEBUG|[60]|DEBUG|Related accounts of the contact is : (AccountContactRelation:{AccountId=0019E000006wqt7QAA, ContactId=0039E000004AdCPQA0, IsActive=true, IsDirect=false, Id=07k9E000000f4JJQAY}, AccountContactRelation:{AccountId=0019E000005FzZJQA0, ContactId=0039E000004AdCPQA0, IsActive=true, IsDirect=true, Id=07k9E000000f4IpQAI})
05:39:53.0 (26724368)|SYSTEM_METHOD_EXIT|[60]|System.debug(ANY)
05:39:53.0 (26729753)|SYSTEM_METHOD_ENTRY|[63]|communityCaseMgmtController.__sfdc_conRelatedAccsList()
05:39:53.0 (26855923)|VARIABLE_ASSIGNMENT|[EXTERNAL]|this|{"accCaseCount":"0xbf2f0d5","accName":"0x67b5f64d","con":"0x6c96a3","conRelatedAccsList":"0x6c11259e","currentUser":"0x5f7fb36f","currentUserId":"00524000005uNfKAAU","myCases":"0x16751412","myOrgCases":"0x21896e58","newCase":"0x66c514f0","newCaseOwner":"0xf73288f","relatedAccId":"0x78628bae","showCreateCase":false}|0x3b506b98
05:39:53.0 (26864915)|SYSTEM_METHOD_EXIT|[63]|communityCaseMgmtController.__sfdc_conRelatedAccsList()
05:39:53.0 (26874597)|SYSTEM_METHOD_ENTRY|[63]|List<AccountContactRelation>.size()
05:39:53.0 (26879236)|SYSTEM_METHOD_EXIT|[63]|List<AccountContactRelation>.size()
05:39:53.0 (26886164)|STATEMENT_EXECUTE|[64]
05:39:53.0 (26891187)|SYSTEM_METHOD_ENTRY|[66]|communityCaseMgmtController.__sfdc_conRelatedAccsList()
05:39:53.0 (27006571)|VARIABLE_ASSIGNMENT|[EXTERNAL]|this|{"accCaseCount":"0xbf2f0d5","accName":"0x67b5f64d","con":"0x6c96a3","conRelatedAccsList":"0x6c11259e","currentUser":"0x5f7fb36f","currentUserId":"00524000005uNfKAAU","myCases":"0x16751412","myOrgCases":"0x21896e58","newCase":"0x66c514f0","newCaseOwner":"0xf73288f","relatedAccId":"0x78628bae","showCreateCase":false}|0x3b506b98
05:39:53.0 (27015469)|SYSTEM_METHOD_EXIT|[66]|communityCaseMgmtController.__sfdc_conRelatedAccsList()
05:39:53.0 (27020928)|SYSTEM_METHOD_ENTRY|[66]|List<AccountContactRelation>.iterator()
05:39:53.0 (27105774)|SYSTEM_METHOD_EXIT|[66]|List<AccountContactRelation>.iterator()
05:39:53.0 (27121004)|SYSTEM_METHOD_ENTRY|[66]|system.ListIterator.hasNext()
05:39:53.0 (27132001)|HEAP_ALLOCATE|[66]|Bytes:5
05:39:53.0 (27137392)|SYSTEM_METHOD_EXIT|[66]|system.ListIterator.hasNext()
05:39:53.0 (27168689)|HEAP_ALLOCATE|[66]|Bytes:24
05:39:53.0 (27177197)|VARIABLE_SCOPE_BEGIN|[66]|a|AccountContactRelation|true|false
05:39:53.0 (27191807)|VARIABLE_ASSIGNMENT|[66]|a|{"AccountId":"0019E000006wqt7QAA","ContactId":"0039E000004AdCPQA0","IsActive":true,"IsDirect":false,"Id":"07k9E000000f4JJQAY"}|0x6c2b67e3
05:39:53.0 (27196413)|STATEMENT_EXECUTE|[66]
05:39:53.0 (27197896)|STATEMENT_EXECUTE|[67]
05:39:53.0 (27206362)|SYSTEM_METHOD_ENTRY|[67]|communityCaseMgmtController.__sfdc_relatedAccId()
05:39:53.0 (27336480)|VARIABLE_ASSIGNMENT|[EXTERNAL]|this|{"accCaseCount":"0xbf2f0d5","accName":"0x67b5f64d","con":"0x6c96a3","conRelatedAccsList":"0x6c11259e","currentUser":"0x5f7fb36f","currentUserId":"00524000005uNfKAAU","myCases":"0x16751412","myOrgCases":"0x21896e58","newCase":"0x66c514f0","newCaseOwner":"0xf73288f","relatedAccId":"0x78628bae","showCreateCase":false}|0x3b506b98
05:39:53.0 (27346470)|SYSTEM_METHOD_EXIT|[67]|communityCaseMgmtController.__sfdc_relatedAccId()
05:39:53.0 (27387132)|SYSTEM_METHOD_ENTRY|[67]|List<Id>.add(Object)
05:39:53.0 (27392842)|HEAP_ALLOCATE|[EXTERNAL]|Bytes:4
05:39:53.0 (27399714)|SYSTEM_METHOD_EXIT|[67]|List<Id>.add(Object)
05:39:53.0 (27402035)|STATEMENT_EXECUTE|[68]
05:39:53.0 (27405374)|HEAP_ALLOCATE|[68]|Bytes:48
05:39:53.0 (27414463)|HEAP_ALLOCATE|[68]|Bytes:4
05:39:53.0 (29697454)|SOQL_EXECUTE_BEGIN|[68]|Aggregations:0|SELECT id, name FROM account WHERE id = :tmpVar1
05:39:53.0 (29705546)|LIMIT_USAGE|[68]|SOQL|4|100
05:39:53.0 (29714874)|LIMIT_USAGE|[68]|AGGS|0|300
05:39:53.0 (31811605)|SOQL_EXECUTE_END|[68]|Rows:1
05:39:53.0 (31820930)|LIMIT_USAGE|[68]|SOQL_ROWS|10|50000
05:39:53.0 (31839274)|HEAP_ALLOCATE|[68]|Bytes:8
05:39:53.0 (31857172)|HEAP_ALLOCATE|[68]|Bytes:83
05:39:53.0 (31942929)|HEAP_ALLOCATE|[68]|Bytes:8
05:39:53.0 (31958698)|HEAP_ALLOCATE|[68]|Bytes:33
05:39:53.0 (32032292)|HEAP_ALLOCATE|[68]|Bytes:16
05:39:53.0 (32043824)|VARIABLE_SCOPE_BEGIN|[68]|acc|Account|true|false
05:39:53.0 (32065851)|VARIABLE_ASSIGNMENT|[68]|acc|{"Id":"0019E000006wqt7QAA","Name":"LightfulTest","RecordTypeId":"01224000000gEQBAA2"}|0x234d02b6
05:39:53.0 (32071776)|STATEMENT_EXECUTE|[69]
05:39:53.0 (32092955)|SYSTEM_METHOD_ENTRY|[69]|communityCaseMgmtController.__sfdc_accName()
05:39:53.0 (32361655)|VARIABLE_ASSIGNMENT|[EXTERNAL]|this|{"accCaseCount":"0xbf2f0d5","accName":"0x67b5f64d","con":"0x6c96a3","conRelatedAccsList":"0x6c11259e","currentUser":"0x5f7fb36f","currentUserId":"00524000005uNfKAAU","myCases":"0x16751412","myOrgCases":"0x21896e58","newCase":"0x66c514f0","newCaseOwner":"0xf73288f","relatedAccId":"0x78628bae","showCreateCase":false}|0x3b506b98
05:39:53.0 (32380901)|SYSTEM_METHOD_EXIT|[69]|communityCaseMgmtController.__sfdc_accName()
05:39:53.0 (32462265)|SYSTEM_METHOD_ENTRY|[69]|Map<Id,String>.put(Object, Object)
05:39:53.0 (32473912)|HEAP_ALLOCATE|[EXTERNAL]|Bytes:-4
05:39:53.0 (32488925)|SYSTEM_METHOD_EXIT|[69]|Map<Id,String>.put(Object, Object)
05:39:53.0 (32493887)|STATEMENT_EXECUTE|[70]
05:39:53.0 (32499160)|HEAP_ALLOCATE|[70]|Bytes:174
05:39:53.0 (32508741)|HEAP_ALLOCATE|[70]|Bytes:4
05:39:53.0 (32968760)|SOQL_EXECUTE_BEGIN|[70]|Aggregations:0|SELECT CaseNumber, ContactEmail, ContactId, CreatedById, Description, Priority, Reason, Subject, origin, Issue_Type__c, accountid, status FROM Case WHERE accountid = :tmpVar1
05:39:53.0 (32978252)|LIMIT_USAGE|[70]|SOQL|5|100
05:39:53.0 (32987049)|LIMIT_USAGE|[70]|AGGS|0|300
05:39:53.0 (38118660)|SOQL_EXECUTE_END|[70]|Rows:1
05:39:53.0 (38131021)|LIMIT_USAGE|[70]|SOQL_ROWS|11|50000
05:39:53.0 (38150365)|HEAP_ALLOCATE|[70]|Bytes:8
05:39:53.0 (38166268)|HEAP_ALLOCATE|[70]|Bytes:267
05:39:53.0 (38194050)|HEAP_ALLOCATE|[70]|Bytes:8
05:39:53.0 (38212353)|VARIABLE_SCOPE_BEGIN|[70]|ocase|List<Case>|true|false
05:39:53.0 (38253996)|VARIABLE_ASSIGNMENT|[70]|ocase|[{"CaseNumber":"00001214","CreatedById":"00524000005uNfKAAU","Description":"testing related acc  (4 more) ...","Priority":"Medium","Subject":"testing related acc  (4 more) ...","Origin":"Web","AccountId":"0019E000006wqt7QAA","Status":"New","Id":"5009E00000206zGQAQ","RecordTypeId":"012240000002nYhAAI"}]|0x3fb46d4c
05:39:53.0 (38262166)|STATEMENT_EXECUTE|[72]
05:39:53.0 (38288100)|SYSTEM_METHOD_ENTRY|[72]|communityCaseMgmtController.__sfdc_myOrgCases()
05:39:53.0 (38586885)|VARIABLE_ASSIGNMENT|[EXTERNAL]|this|{"accCaseCount":"0xbf2f0d5","accName":"0x67b5f64d","con":"0x6c96a3","conRelatedAccsList":"0x6c11259e","currentUser":"0x5f7fb36f","currentUserId":"00524000005uNfKAAU","myCases":"0x16751412","myOrgCases":"0x21896e58","newCase":"0x66c514f0","newCaseOwner":"0xf73288f","relatedAccId":"0x78628bae","showCreateCase":false}|0x3b506b98
05:39:53.0 (38608853)|SYSTEM_METHOD_EXIT|[72]|communityCaseMgmtController.__sfdc_myOrgCases()
05:39:53.0 (38664783)|SYSTEM_METHOD_ENTRY|[72]|Map<Id,List<Case>>.put(Object, Object)
05:39:53.0 (38683351)|HEAP_ALLOCATE|[EXTERNAL]|Bytes:-4
05:39:53.0 (38698829)|SYSTEM_METHOD_EXIT|[72]|Map<Id,List<Case>>.put(Object, Object)
05:39:53.0 (38707536)|STATEMENT_EXECUTE|[75]
05:39:53.0 (38722140)|SYSTEM_METHOD_ENTRY|[75]|communityCaseMgmtController.__sfdc_accCaseCount()
05:39:53.0 (38931314)|VARIABLE_ASSIGNMENT|[EXTERNAL]|this|{"accCaseCount":"0xbf2f0d5","accName":"0x67b5f64d","con":"0x6c96a3","conRelatedAccsList":"0x6c11259e","currentUser":"0x5f7fb36f","currentUserId":"00524000005uNfKAAU","myCases":"0x16751412","myOrgCases":"0x21896e58","newCase":"0x66c514f0","newCaseOwner":"0xf73288f","relatedAccId":"0x78628bae","showCreateCase":false}|0x3b506b98
05:39:53.0 (38948438)|SYSTEM_METHOD_EXIT|[75]|communityCaseMgmtController.__sfdc_accCaseCount()
05:39:53.0 (39005654)|SYSTEM_METHOD_ENTRY|[75]|List<Case>.size()
05:39:53.0 (39016756)|SYSTEM_METHOD_EXIT|[75]|List<Case>.size()
05:39:53.0 (39040429)|SYSTEM_METHOD_ENTRY|[75]|Map<Id,Integer>.put(Object, Object)
05:39:53.0 (39046271)|HEAP_ALLOCATE|[75]|Bytes:4
05:39:53.0 (39053393)|HEAP_ALLOCATE|[EXTERNAL]|Bytes:-4
05:39:53.0 (39067114)|SYSTEM_METHOD_EXIT|[75]|Map<Id,Integer>.put(Object, Object)
05:39:53.0 (39079172)|SYSTEM_METHOD_ENTRY|[66]|system.ListIterator.hasNext()
05:39:53.0 (39093239)|HEAP_ALLOCATE|[66]|Bytes:5
05:39:53.0 (39101444)|SYSTEM_METHOD_EXIT|[66]|system.ListIterator.hasNext()
05:39:53.0 (39140854)|HEAP_ALLOCATE|[66]|Bytes:24
05:39:53.0 (39154701)|VARIABLE_SCOPE_BEGIN|[66]|a|AccountContactRelation|true|false
05:39:53.0 (39175965)|VARIABLE_ASSIGNMENT|[66]|a|{"AccountId":"0019E000005FzZJQA0","ContactId":"0039E000004AdCPQA0","IsActive":true,"IsDirect":true,"Id":"07k9E000000f4IpQAI"}|0x269e6f1d
05:39:53.0 (39182119)|STATEMENT_EXECUTE|[66]
05:39:53.0 (39184228)|STATEMENT_EXECUTE|[67]
05:39:53.0 (39192976)|SYSTEM_METHOD_ENTRY|[67]|communityCaseMgmtController.__sfdc_relatedAccId()
05:39:53.0 (39398196)|VARIABLE_ASSIGNMENT|[EXTERNAL]|this|{"accCaseCount":"0xbf2f0d5","accName":"0x67b5f64d","con":"0x6c96a3","conRelatedAccsList":"0x6c11259e","currentUser":"0x5f7fb36f","currentUserId":"00524000005uNfKAAU","myCases":"0x16751412","myOrgCases":"0x21896e58","newCase":"0x66c514f0","newCaseOwner":"0xf73288f","relatedAccId":"0x78628bae","showCreateCase":false}|0x3b506b98
05:39:53.0 (39413467)|SYSTEM_METHOD_EXIT|[67]|communityCaseMgmtController.__sfdc_relatedAccId()
05:39:53.0 (39454824)|SYSTEM_METHOD_ENTRY|[67]|List<Id>.add(Object)
05:39:53.0 (39463406)|HEAP_ALLOCATE|[EXTERNAL]|Bytes:4
05:39:53.0 (39474925)|SYSTEM_METHOD_EXIT|[67]|List<Id>.add(Object)
05:39:53.0 (39482033)|STATEMENT_EXECUTE|[68]
05:39:53.0 (39490860)|HEAP_ALLOCATE|[68]|Bytes:4
05:39:53.0 (39735879)|SOQL_EXECUTE_BEGIN|[68]|Aggregations:0|SELECT id, name FROM account WHERE id = :tmpVar1
05:39:53.0 (39742826)|LIMIT_USAGE|[68]|SOQL|6|100
05:39:53.0 (39749760)|LIMIT_USAGE|[68]|AGGS|0|300
05:39:53.0 (41620823)|SOQL_EXECUTE_END|[68]|Rows:1
05:39:53.0 (41627105)|LIMIT_USAGE|[68]|SOQL_ROWS|12|50000
05:39:53.0 (41637558)|HEAP_ALLOCATE|[68]|Bytes:8
05:39:53.0 (41649368)|HEAP_ALLOCATE|[68]|Bytes:89
05:39:53.0 (41667628)|HEAP_ALLOCATE|[68]|Bytes:8
05:39:53.0 (41697844)|HEAP_ALLOCATE|[68]|Bytes:16
05:39:53.0 (41704333)|VARIABLE_SCOPE_BEGIN|[68]|acc|Account|true|false
05:39:53.0 (41720744)|VARIABLE_ASSIGNMENT|[68]|acc|{"Id":"0019E000005FzZJQA0","Name":"neela@lightful.xyz","RecordTypeId":"01224000000gEQBAA2"}|0x133223bb
05:39:53.0 (41724598)|STATEMENT_EXECUTE|[69]
05:39:53.0 (41733507)|SYSTEM_METHOD_ENTRY|[69]|communityCaseMgmtController.__sfdc_accName()
05:39:53.0 (41892915)|VARIABLE_ASSIGNMENT|[EXTERNAL]|this|{"accCaseCount":"0xbf2f0d5","accName":"0x67b5f64d","con":"0x6c96a3","conRelatedAccsList":"0x6c11259e","currentUser":"0x5f7fb36f","currentUserId":"00524000005uNfKAAU","myCases":"0x16751412","myOrgCases":"0x21896e58","newCase":"0x66c514f0","newCaseOwner":"0xf73288f","relatedAccId":"0x78628bae","showCreateCase":false}|0x3b506b98
05:39:53.0 (41905153)|SYSTEM_METHOD_EXIT|[69]|communityCaseMgmtController.__sfdc_accName()
05:39:53.0 (41936171)|SYSTEM_METHOD_ENTRY|[69]|Map<Id,String>.put(Object, Object)
05:39:53.0 (41941799)|HEAP_ALLOCATE|[EXTERNAL]|Bytes:-4
05:39:53.0 (41950547)|SYSTEM_METHOD_EXIT|[69]|Map<Id,String>.put(Object, Object)
05:39:53.0 (41953407)|STATEMENT_EXECUTE|[70]
05:39:53.0 (41959072)|HEAP_ALLOCATE|[70]|Bytes:4
05:39:53.0 (42216532)|SOQL_EXECUTE_BEGIN|[70]|Aggregations:0|SELECT CaseNumber, ContactEmail, ContactId, CreatedById, Description, Priority, Reason, Subject, origin, Issue_Type__c, accountid, status FROM Case WHERE accountid = :tmpVar1
05:39:53.0 (42223387)|LIMIT_USAGE|[70]|SOQL|7|100
05:39:53.0 (42229523)|LIMIT_USAGE|[70]|AGGS|0|300
05:39:53.0 (46414623)|SOQL_EXECUTE_END|[70]|Rows:5
05:39:53.0 (46424835)|LIMIT_USAGE|[70]|SOQL_ROWS|17|50000
05:39:53.0 (46442075)|HEAP_ALLOCATE|[70]|Bytes:24
05:39:53.0 (46473543)|HEAP_ALLOCATE|[70]|Bytes:2007
05:39:53.0 (46498139)|HEAP_ALLOCATE|[70]|Bytes:24
05:39:53.0 (46512758)|VARIABLE_SCOPE_BEGIN|[70]|ocase|List<Case>|true|false
05:39:53.0 (46616382)|VARIABLE_ASSIGNMENT|[70]|ocase|[{"CaseNumber":"00001207","ContactEmail":"neela@lightful.xyz","ContactId":"0039E000004AdCPQA0","CreatedById":"00524000005uNfKAAU","Description":"test community type  (9 more) ...","Priority":"Medium","Reason":"Lightful Community","Subject":"test community type  (4 more) ...","Origin":"Communities","Issue_Type__c":"Community issue","AccountId":"0019E000005FzZJQA0","Status":"New","Id":"5009E000001w1IMQAY","RecordTypeId":"012240000002nYhAAI"},{"CaseNumber":"00001206","ContactEmail":"neela@lightful.xyz","ContactId":"0039E000004AdCPQA0","CreatedById":"00524000005uNfKAAU","Description":"dummy test values\r\n\r (24 more) ...","Priority":"Medium","Reason":"Lightful Community","Subject":"Testing Vfpage case  (8 more) ...","Origin":"Communities","Issue_Type__c":"Community question","AccountId":"0019E000005FzZJQA0","Status":"New","Id":"5009E000001w1I2QAI","RecordTypeId":"012240000002nYhAAI"},{"CaseNumber":"00001205","ContactEmail":"neela@lightful.xyz","ContactId":"0039E000004AdCPQA0","CreatedById":"00524000005uNfKAAU","Description":"test case creation f (10 more) ...","Priority":"Medium","Reason":"Lightful Community","Subject":"Testing Vfpage","Origin":"Communities","Issue_Type__c":"Community issue","AccountId":"0019E000005FzZJQA0","Status":"New","Id":"5009E000001w1HiQAI","RecordTypeId":"012240000002nYhAAI"},{"CaseNumber":"00001204","ContactEmail":"neela@lightful.xyz","ContactId":"0039E000004AdCPQA0","CreatedById":"00524000005uNfKAAU","Description":"Testing community ca (15 more) ...","Priority":"Medium","Reason":"My Lightful Account","Subject":"Test","Origin":"Communities","Issue_Type__c":"Problems logging in","AccountId":"0019E000005FzZJQA0","Status":"New","Id":"5009E000001vvt0QAA","RecordTypeId":"012240000002nYhAAI"},{"CaseNumber":"00001203","ContactEmail":"neela@lightful.xyz","ContactId":"0039E000004AdCPQA0","CreatedById":"00524000005uNfKAAU","Description":"Testing community ca (2 more) ...","Priority":"Medium","Reason":"My Lightful Account","Subject":"Test","Origin":"Communities","Issue_Type__c":"Problems logging in","AccountId":"0019E000005FzZJQA0","Status":"New","Id":"5009E000001vvsbQAA","RecordTypeId":"012240000002nYhAAI"}]|0x1e29eefc
05:39:53.0 (46637044)|STATEMENT_EXECUTE|[72]
05:39:53.0 (46652716)|SYSTEM_METHOD_ENTRY|[72]|communityCaseMgmtController.__sfdc_myOrgCases()
05:39:53.0 (46917204)|VARIABLE_ASSIGNMENT|[EXTERNAL]|this|{"accCaseCount":"0xbf2f0d5","accName":"0x67b5f64d","con":"0x6c96a3","conRelatedAccsList":"0x6c11259e","currentUser":"0x5f7fb36f","currentUserId":"00524000005uNfKAAU","myCases":"0x16751412","myOrgCases":"0x21896e58","newCase":"0x66c514f0","newCaseOwner":"0xf73288f","relatedAccId":"0x78628bae","showCreateCase":false}|0x3b506b98
05:39:53.0 (46935730)|SYSTEM_METHOD_EXIT|[72]|communityCaseMgmtController.__sfdc_myOrgCases()
05:39:53.0 (46978860)|SYSTEM_METHOD_ENTRY|[72]|Map<Id,List<Case>>.put(Object, Object)
05:39:53.0 (46988634)|HEAP_ALLOCATE|[EXTERNAL]|Bytes:-4
05:39:53.0 (47004351)|SYSTEM_METHOD_EXIT|[72]|Map<Id,List<Case>>.put(Object, Object)
05:39:53.0 (47010011)|STATEMENT_EXECUTE|[75]
05:39:53.0 (47017885)|SYSTEM_METHOD_ENTRY|[75]|communityCaseMgmtController.__sfdc_accCaseCount()
05:39:53.0 (47171209)|VARIABLE_ASSIGNMENT|[EXTERNAL]|this|{"accCaseCount":"0xbf2f0d5","accName":"0x67b5f64d","con":"0x6c96a3","conRelatedAccsList":"0x6c11259e","currentUser":"0x5f7fb36f","currentUserId":"00524000005uNfKAAU","myCases":"0x16751412","myOrgCases":"0x21896e58","newCase":"0x66c514f0","newCaseOwner":"0xf73288f","relatedAccId":"0x78628bae","showCreateCase":false}|0x3b506b98
05:39:53.0 (47182448)|SYSTEM_METHOD_EXIT|[75]|communityCaseMgmtController.__sfdc_accCaseCount()
05:39:53.0 (47194600)|SYSTEM_METHOD_ENTRY|[75]|List<Case>.size()
05:39:53.0 (47201751)|SYSTEM_METHOD_EXIT|[75]|List<Case>.size()
05:39:53.0 (47214840)|SYSTEM_METHOD_ENTRY|[75]|Map<Id,Integer>.put(Object, Object)
05:39:53.0 (47219115)|HEAP_ALLOCATE|[75]|Bytes:4
05:39:53.0 (47224395)|HEAP_ALLOCATE|[EXTERNAL]|Bytes:-4
05:39:53.0 (47231631)|SYSTEM_METHOD_EXIT|[75]|Map<Id,Integer>.put(Object, Object)
05:39:53.0 (47240470)|SYSTEM_METHOD_ENTRY|[66]|system.ListIterator.hasNext()
05:39:53.0 (47250869)|HEAP_ALLOCATE|[66]|Bytes:5
05:39:53.0 (47255298)|SYSTEM_METHOD_EXIT|[66]|system.ListIterator.hasNext()
05:39:53.0 (47266871)|VARIABLE_ASSIGNMENT|[66]|a|null|
05:39:53.0 (47270554)|STATEMENT_EXECUTE|[77]
05:39:53.0 (47274878)|HEAP_ALLOCATE|[77]|Bytes:12
05:39:53.0 (47282923)|SYSTEM_METHOD_ENTRY|[77]|communityCaseMgmtController.__sfdc_myOrgCases()
05:39:53.0 (47418958)|VARIABLE_ASSIGNMENT|[EXTERNAL]|this|{"accCaseCount":"0xbf2f0d5","accName":"0x67b5f64d","con":"0x6c96a3","conRelatedAccsList":"0x6c11259e","currentUser":"0x5f7fb36f","currentUserId":"00524000005uNfKAAU","myCases":"0x16751412","myOrgCases":"0x21896e58","newCase":"0x66c514f0","newCaseOwner":"0xf73288f","relatedAccId":"0x78628bae","showCreateCase":false}|0x3b506b98
05:39:53.0 (47427812)|SYSTEM_METHOD_EXIT|[77]|communityCaseMgmtController.__sfdc_myOrgCases()
05:39:53.0 (47454065)|SYSTEM_METHOD_ENTRY|[77]|String.valueOf(Object)
05:39:53.0 (47899362)|HEAP_ALLOCATE|[77]|Bytes:2248
05:39:53.0 (47924300)|SYSTEM_METHOD_EXIT|[77]|String.valueOf(Object)
05:39:53.0 (47938917)|HEAP_ALLOCATE|[77]|Bytes:2260
05:39:53.0 (47958128)|SYSTEM_METHOD_ENTRY|[77]|System.debug(ANY)
05:39:53.0 (47969202)|USER_DEBUG|[77]|DEBUG|Org cases : {0019E000005FzZJQA0=(Case:{CaseNumber=00001207, ContactEmail=neela@lightful.xyz, ContactId=0039E000004AdCPQA0, CreatedById=00524000005uNfKAAU, Description=test community type case desc, Priority=Medium, Reason=Lightful Community, Subject=test community type case, Origin=Communities, Issue_Type__c=Community issue, AccountId=0019E000005FzZJQA0, Status=New, Id=5009E000001w1IMQAY, RecordTypeId=012240000002nYhAAI}, Case:{CaseNumber=00001206, ContactEmail=neela@lightful.xyz, ContactId=0039E000004AdCPQA0, CreatedById=00524000005uNfKAAU, Description=dummy test values

jhbn nkll;,;
cn nm m k, Priority=Medium, Reason=Lightful Community, Subject=Testing Vfpage case creation, Origin=Communities, Issue_Type__c=Community question, AccountId=0019E000005FzZJQA0, Status=New, Id=5009E000001w1I2QAI, RecordTypeId=012240000002nYhAAI}, Case:{CaseNumber=00001205, ContactEmail=neela@lightful.xyz, ContactId=0039E000004AdCPQA0, CreatedById=00524000005uNfKAAU, Description=test case creation from vfpage, Priority=Medium, Reason=Lightful Community, Subject=Testing Vfpage, Origin=Communities, Issue_Type__c=Community issue, AccountId=0019E000005FzZJQA0, Status=New, Id=5009E000001w1HiQAI, RecordTypeId=012240000002nYhAAI}, Case:{CaseNumber=00001204, ContactEmail=neela@lightful.xyz, ContactId=0039E000004AdCPQA0, CreatedById=00524000005uNfKAAU, Description=Testing community case dummy values, Priority=Medium, Reason=My Lightful Account, Subject=Test, Origin=Communities, Issue_Type__c=Problems logging in, AccountId=0019E000005FzZJQA0, Status=New, Id=5009E000001vvt0QAA, RecordTypeId=012240000002nYhAAI}, Case:{CaseNumber=00001203, ContactEmail=neela@lightful.xyz, ContactId=0039E000004AdCPQA0, CreatedById=00524000005uNfKAAU, Description=Testing community case, Priority=Medium, Reason=My Lightful Account, Subject=Test, Origin=Communities, Issue_Type__c=Problems logging in, AccountId=0019E000005FzZJQA0, Status=New, Id=5009E000001vvsbQAA, RecordTypeId=012240000002nYhAAI}), 0019E000006wqt7QAA=(Case:{CaseNumber=00001214, CreatedById=00524000005uNfKAAU, Description=testing related acc case, Priority=Medium, Subject=testing related acc case, Origin=Web, AccountId=0019E000006wqt7QAA, Status=New, Id=5009E00000206zGQAQ, RecordTypeId=012240000002nYhAAI})}
05:39:53.0 (47988043)|SYSTEM_METHOD_EXIT|[77]|System.debug(ANY)
05:39:53.0 (47993749)|STATEMENT_EXECUTE|[80]
05:39:53.0 (47999366)|HEAP_ALLOCATE|[80]|Bytes:18
05:39:53.0 (48010388)|SYSTEM_METHOD_ENTRY|[80]|communityCaseMgmtController.__sfdc_accName()
05:39:53.0 (48221645)|VARIABLE_ASSIGNMENT|[EXTERNAL]|this|{"accCaseCount":"0xbf2f0d5","accName":"0x67b5f64d","con":"0x6c96a3","conRelatedAccsList":"0x6c11259e","currentUser":"0x5f7fb36f","currentUserId":"00524000005uNfKAAU","myCases":"0x16751412","myOrgCases":"0x21896e58","newCase":"0x66c514f0","newCaseOwner":"0xf73288f","relatedAccId":"0x78628bae","showCreateCase":false}|0x3b506b98
05:39:53.0 (48236531)|SYSTEM_METHOD_EXIT|[80]|communityCaseMgmtController.__sfdc_accName()
05:39:53.0 (48262374)|SYSTEM_METHOD_ENTRY|[80]|String.valueOf(Object)
05:39:53.0 (48274112)|HEAP_ALLOCATE|[80]|Bytes:72
05:39:53.0 (48288947)|SYSTEM_METHOD_EXIT|[80]|String.valueOf(Object)
05:39:53.0 (48298899)|SYSTEM_METHOD_ENTRY|[80]|communityCaseMgmtController.__sfdc_accCaseCount()
05:39:53.0 (48487854)|VARIABLE_ASSIGNMENT|[EXTERNAL]|this|{"accCaseCount":"0xbf2f0d5","accName":"0x67b5f64d","con":"0x6c96a3","conRelatedAccsList":"0x6c11259e","currentUser":"0x5f7fb36f","currentUserId":"00524000005uNfKAAU","myCases":"0x16751412","myOrgCases":"0x21896e58","newCase":"0x66c514f0","newCaseOwner":"0xf73288f","relatedAccId":"0x78628bae","showCreateCase":false}|0x3b506b98
05:39:53.0 (48503067)|SYSTEM_METHOD_EXIT|[80]|communityCaseMgmtController.__sfdc_accCaseCount()
05:39:53.0 (48527581)|SYSTEM_METHOD_ENTRY|[80]|String.valueOf(Object)
05:39:53.0 (48537915)|HEAP_ALLOCATE|[80]|Bytes:44
05:39:53.0 (48551547)|SYSTEM_METHOD_EXIT|[80]|String.valueOf(Object)
05:39:53.0 (48561177)|HEAP_ALLOCATE|[80]|Bytes:134
05:39:53.0 (48571936)|SYSTEM_METHOD_ENTRY|[80]|System.debug(ANY)
05:39:53.0 (48578314)|USER_DEBUG|[80]|DEBUG|Acc name and size {0019E000005FzZJQA0=neela@lightful.xyz, 0019E000006wqt7QAA=LightfulTest}{0019E000005FzZJQA0=5, 0019E000006wqt7QAA=1}
05:39:53.0 (48584064)|SYSTEM_METHOD_EXIT|[80]|System.debug(ANY)
05:39:53.0 (48605524)|VF_APEX_CALL_END|communityCaseMgmtController <init>
05:39:53.0 (48674174)|VF_APEX_CALL_START|[EXTERNAL]|01p9E000000Dmpd|communityCaseMgmtController get(myCases)
05:39:53.0 (48683253)|SYSTEM_MODE_ENTER|true
05:39:53.0 (48692993)|VF_APEX_CALL_START|[EXTERNAL]|01p9E000000Dmpd|myCases
05:39:53.0 (48703475)|VF_APEX_CALL_END|myCases
05:39:53.0 (48719700)|VF_APEX_CALL_END|communityCaseMgmtController get(myCases)
05:39:53.0 (49896836)|VF_APEX_CALL_START|[EXTERNAL]|01p9E000000Dmpd|communityCaseMgmtController get(relatedAccId)
05:39:53.0 (49904342)|SYSTEM_MODE_ENTER|true
05:39:53.0 (49911836)|VF_APEX_CALL_START|[EXTERNAL]|01p9E000000Dmpd|relatedAccId
05:39:53.0 (49920367)|VF_APEX_CALL_END|relatedAccId
05:39:53.0 (49935381)|VF_APEX_CALL_END|communityCaseMgmtController get(relatedAccId)
05:39:53.0 (50042920)|VF_EVALUATE_FORMULA_BEGIN|0669E000000Cv0R|#{myOrgCases[accid]}
05:39:53.0 (50100724)|VF_APEX_CALL_START|[EXTERNAL]|01p9E000000Dmpd|communityCaseMgmtController get(myOrgCases)
05:39:53.0 (50105414)|SYSTEM_MODE_ENTER|true
05:39:53.0 (50111179)|VF_APEX_CALL_START|[EXTERNAL]|01p9E000000Dmpd|myOrgCases
05:39:53.0 (50119208)|VF_APEX_CALL_END|myOrgCases
05:39:53.0 (50130696)|VF_APEX_CALL_END|communityCaseMgmtController get(myOrgCases)
05:39:53.0 (50161063)|VF_EVALUATE_FORMULA_END
05:39:53.0 (50172700)|VF_EVALUATE_FORMULA_BEGIN|0669E000000Cv0R|#{myOrgCases[accid]}
05:39:53.0 (50187432)|VF_EVALUATE_FORMULA_END
05:39:53.0 (50191518)|VF_EVALUATE_FORMULA_BEGIN|0669E000000Cv0R|#{myOrgCases[accid]}
05:39:53.0 (50207326)|VF_EVALUATE_FORMULA_END
05:39:53.0 (50236402)|VF_EVALUATE_FORMULA_BEGIN|0669E000000Cv0R|#{myOrgCases[accid]}
05:39:53.0 (50261332)|VF_EVALUATE_FORMULA_END
05:39:53.0 (50275553)|VF_EVALUATE_FORMULA_BEGIN|0669E000000Cv0R|#{myOrgCases[accid]}
05:39:53.0 (50299240)|VF_EVALUATE_FORMULA_END
05:39:53.0 (50472079)|VF_EVALUATE_FORMULA_BEGIN|0669E000000Cv0R|#{myOrgCases[accid]}
05:39:53.0 (50505402)|VF_EVALUATE_FORMULA_END
05:39:53.0 (50530923)|VF_EVALUATE_FORMULA_BEGIN|0669E000000Cv0R|#{myOrgCases[accid]}
05:39:53.0 (50562945)|VF_EVALUATE_FORMULA_END
05:39:53.0 (50583186)|VF_EVALUATE_FORMULA_BEGIN|0669E000000Cv0R|#{myOrgCases[accid]}
05:39:53.0 (50610851)|VF_EVALUATE_FORMULA_END
05:39:53.0 (50640191)|VF_EVALUATE_FORMULA_BEGIN|0669E000000Cv0R|#{myOrgCases[accid]}
05:39:53.0 (50669370)|VF_EVALUATE_FORMULA_END
05:39:53.0 (50700045)|VF_EVALUATE_FORMULA_BEGIN|0669E000000Cv0R|#{myOrgCases[accid]}
05:39:53.0 (50729401)|VF_EVALUATE_FORMULA_END
05:39:53.0 (51302869)|VF_APEX_CALL_START|[EXTERNAL]|01p9E000000Dmpd|communityCaseMgmtController get(newcaseOwner)
05:39:53.0 (51311797)|SYSTEM_MODE_ENTER|true
05:39:53.0 (51321760)|VF_APEX_CALL_START|[EXTERNAL]|01p9E000000Dmpd|newcaseOwner
05:39:53.0 (51333264)|VF_APEX_CALL_END|newcaseOwner
05:39:53.0 (51352493)|VF_APEX_CALL_END|communityCaseMgmtController get(newcaseOwner)
05:39:53.0 (53500226)|VF_APEX_CALL_START|[EXTERNAL]|01p9E000000Dmpd|communityCaseMgmtController get(newCase)
05:39:53.0 (53507265)|SYSTEM_MODE_ENTER|true
05:39:53.0 (53514122)|VF_APEX_CALL_START|[EXTERNAL]|01p9E000000Dmpd|newCase
05:39:53.0 (53523330)|VF_APEX_CALL_END|newCase
05:39:53.0 (53536136)|VF_APEX_CALL_END|communityCaseMgmtController get(newCase)
05:39:53.0 (55230379)|VF_EVALUATE_FORMULA_BEGIN|0669E000000Cv0R|#{URLFOR($Resource.Bootstrap337, 'bootstrap-3.3.7-dist/css/bootstrap.min.css')}
05:39:53.0 (55280718)|VF_EVALUATE_FORMULA_END
05:39:53.0 (55295584)|VF_EVALUATE_FORMULA_BEGIN|0669E000000Cv0R|#{URLFOR($Resource.Bootstrap337, 'bootstrap-3.3.7-dist/css/bootstrap.min.css')}
05:39:53.0 (55310795)|VF_EVALUATE_FORMULA_END
05:39:53.0 (55320958)|VF_EVALUATE_FORMULA_BEGIN|0669E000000Cv0R|#{URLFOR($Resource.Bootstrap337, 'bootstrap-3.3.7-dist/js/bootstrap.min.js')}
05:39:53.0 (55336608)|VF_EVALUATE_FORMULA_END
05:39:53.55 (55441486)|VF_APEX_CALL_START|[EXTERNAL]|/apexpage/pagemessagescomponentcontroller.apex set(conEscape,null)
05:39:53.55 (55453302)|SYSTEM_MODE_ENTER|true
05:39:53.55 (55463376)|VF_APEX_CALL_START|[EXTERNAL]|PageMessagesComponentController set(conEscape,null)
05:39:53.55 (55483714)|VF_APEX_CALL_START|[EXTERNAL]|PageMessagesComponentController invoke(setconEscape)
05:39:53.55 (55512634)|HEAP_ALLOCATE|[EXTERNAL]|Bytes:8
05:39:53.55 (55519911)|VARIABLE_SCOPE_BEGIN|[88]|this|ApexPage.PageMessagesComponentController|true|false
05:39:53.55 (55544179)|VARIABLE_ASSIGNMENT|[88]|this|{}|0x74b1f491
05:39:53.55 (55546862)|VARIABLE_SCOPE_BEGIN|[88]|escape|Boolean|false|false
05:39:53.55 (55550575)|VARIABLE_ASSIGNMENT|[88]|escape|null
05:39:53.55 (55656404)|VF_APEX_CALL_START|[EXTERNAL]|/apexpage/pagemessagescomponentcontroller.apex get(severities)
05:39:53.55 (55663402)|SYSTEM_MODE_ENTER|true
05:39:53.55 (55671181)|VF_APEX_CALL_START|[EXTERNAL]|PageMessagesComponentController invoke(getseverities)
05:39:53.55 (55685738)|HEAP_ALLOCATE|[EXTERNAL]|Bytes:8
05:39:53.55 (55689972)|VARIABLE_SCOPE_BEGIN|[2]|this|ApexPage.PageMessagesComponentController|true|false
05:39:53.55 (55703802)|VARIABLE_ASSIGNMENT|[2]|this|{}|0x74b1f491
05:39:53.0 (56132036)|VF_EVALUATE_FORMULA_BEGIN|0669E000000Cv0R|#{if(showCreateCase == false,  "block", "none")}
05:39:53.0 (56173340)|VF_APEX_CALL_START|[EXTERNAL]|01p9E000000Dmpd|communityCaseMgmtController get(showCreateCase)
05:39:53.0 (56178574)|SYSTEM_MODE_ENTER|true
05:39:53.0 (56184672)|VF_APEX_CALL_START|[EXTERNAL]|01p9E000000Dmpd|showCreateCase
05:39:53.0 (56193117)|VF_APEX_CALL_END|showCreateCase
05:39:53.0 (56204944)|VF_APEX_CALL_END|communityCaseMgmtController get(showCreateCase)
05:39:53.0 (56216552)|VF_EVALUATE_FORMULA_END
05:39:53.0 (56840518)|VF_EVALUATE_FORMULA_BEGIN|0669E000000Cv0R|#{if(showCreateCase == true,  "block", "none")}
05:39:53.0 (56868694)|VF_EVALUATE_FORMULA_END
05:39:53.0 (57054504)|VF_EVALUATE_FORMULA_BEGIN|0669E000000Cv0R|#{if(showCreateCase == false,  "block", "none")}
05:39:53.0 (57075077)|VF_EVALUATE_FORMULA_END
05:39:53.0 (63803063)|VF_EVALUATE_FORMULA_BEGIN|0669E000000Cv0R|#{if(showCreateCase == false,  "block", "none")}
05:39:53.0 (63828263)|VF_EVALUATE_FORMULA_END
05:39:53.0 (63892513)|VF_EVALUATE_FORMULA_BEGIN|0669E000000Cv0R|#{if(accCaseCount[accid] > 0,  "block", "none")}
05:39:53.0 (63949977)|VF_APEX_CALL_START|[EXTERNAL]|01p9E000000Dmpd|communityCaseMgmtController get(accCaseCount)
05:39:53.0 (63955770)|SYSTEM_MODE_ENTER|true
05:39:53.0 (63962910)|VF_APEX_CALL_START|[EXTERNAL]|01p9E000000Dmpd|accCaseCount
05:39:53.0 (63973907)|VF_APEX_CALL_END|accCaseCount
05:39:53.0 (63987432)|VF_APEX_CALL_END|communityCaseMgmtController get(accCaseCount)
05:39:53.0 (64013563)|VF_EVALUATE_FORMULA_END
05:39:53.0 (64023959)|VF_EVALUATE_FORMULA_BEGIN|0669E000000Cv0R|#{accName[accid]}
05:39:53.0 (64057933)|VF_APEX_CALL_START|[EXTERNAL]|01p9E000000Dmpd|communityCaseMgmtController get(accName)
05:39:53.0 (64062079)|SYSTEM_MODE_ENTER|true
05:39:53.0 (64066995)|VF_APEX_CALL_START|[EXTERNAL]|01p9E000000Dmpd|accName
05:39:53.0 (64073874)|VF_APEX_CALL_END|accName
05:39:53.0 (64082828)|VF_APEX_CALL_END|communityCaseMgmtController get(accName)
05:39:53.0 (64100383)|VF_EVALUATE_FORMULA_END
05:39:53.0 (64139009)|VF_EVALUATE_FORMULA_BEGIN|0669E000000Cv0R|#{myOrgCases[accid]}
05:39:53.0 (64158239)|VF_EVALUATE_FORMULA_END
05:39:53.0 (64162808)|VF_EVALUATE_FORMULA_BEGIN|0669E000000Cv0R|#{myOrgCases[accid]}
05:39:53.0 (64172544)|VF_EVALUATE_FORMULA_END
05:39:53.0 (65874242)|VF_EVALUATE_FORMULA_BEGIN|0669E000000Cv0R|#{if(accCaseCount[accid] > 0,  "block", "none")}
05:39:53.0 (65916965)|VF_EVALUATE_FORMULA_END
05:39:53.0 (65930435)|VF_EVALUATE_FORMULA_BEGIN|0669E000000Cv0R|#{accName[accid]}
05:39:53.0 (65955180)|VF_EVALUATE_FORMULA_END
05:39:53.0 (65988500)|VF_EVALUATE_FORMULA_BEGIN|0669E000000Cv0R|#{myOrgCases[accid]}
05:39:53.0 (66021319)|VF_EVALUATE_FORMULA_END
05:39:53.0 (66031397)|VF_EVALUATE_FORMULA_BEGIN|0669E000000Cv0R|#{myOrgCases[accid]}
05:39:53.0 (66054637)|VF_EVALUATE_FORMULA_END
05:39:53.0 (71649460)|VF_EVALUATE_FORMULA_BEGIN|0669E000000Cv0R|#{if(showCreateCase == true,  "block", "none")}
05:39:53.0 (71674757)|VF_EVALUATE_FORMULA_END
05:39:53.0 (76291118)|VF_SERIALIZE_VIEWSTATE_BEGIN|0669E000000Cv0R
05:39:53.0 (82497491)|VF_SERIALIZE_VIEWSTATE_END
05:39:53.0 (84440747)|VF_EVALUATE_FORMULA_BEGIN|0669E000000Cv0R|#{myOrgCases[accid]}
05:39:53.0 (84471496)|VF_EVALUATE_FORMULA_END
05:39:53.0 (84476853)|VF_EVALUATE_FORMULA_BEGIN|0669E000000Cv0R|#{myOrgCases[accid]}
05:39:53.0 (84488405)|VF_EVALUATE_FORMULA_END
05:39:53.0 (84527806)|VF_EVALUATE_FORMULA_BEGIN|0669E000000Cv0R|#{myOrgCases[accid]}
05:39:53.0 (84543541)|VF_EVALUATE_FORMULA_END
05:39:53.0 (84547226)|VF_EVALUATE_FORMULA_BEGIN|0669E000000Cv0R|#{myOrgCases[accid]}
05:39:53.0 (84557946)|VF_EVALUATE_FORMULA_END
05:39:53.0 (84571332)|VF_EVALUATE_FORMULA_BEGIN|0669E000000Cv0R|#{myOrgCases[accid]}
05:39:53.0 (84583728)|VF_EVALUATE_FORMULA_END
05:39:53.0 (84587110)|VF_EVALUATE_FORMULA_BEGIN|0669E000000Cv0R|#{myOrgCases[accid]}
05:39:53.0 (84597565)|VF_EVALUATE_FORMULA_END
05:39:53.86 (86345171)|CUMULATIVE_LIMIT_USAGE
05:39:53.86 (86345171)|LIMIT_USAGE_FOR_NS|(default)|
  Number of SOQL queries: 7 out of 100
  Number of query rows: 17 out of 50000
  Number of SOSL queries: 0 out of 20
  Number of DML statements: 0 out of 150
  Number of DML rows: 0 out of 10000
  Maximum CPU time: 0 out of 10000
  Maximum heap size: 0 out of 6000000
  Number of callouts: 0 out of 100
  Number of Email Invocations: 0 out of 10
  Number of future calls: 0 out of 50
  Number of queueable jobs added to the queue: 0 out of 50
  Number of Mobile Apex push calls: 0 out of 10

05:39:53.86 (86345171)|TOTAL_EMAIL_RECIPIENTS_QUEUED|0
05:39:53.86 (86345171)|STATIC_VARIABLE_LIST|
  char[]:DigitTens:0
  long:serialVersionUID:0
  long:serialVersionUID:0
  String:_sfdcAdditionalCodeLocations:0
  String:_sfdcAdditionalCodeLocations:0
  double:MAX_VALUE:0
  Boolean:FALSE:0
  long:serialVersionUID:0
  String:__sfdcInnerTypes:0
  String:_sfdcSuppressedCodeLocations:0
  double:MIN_VALUE:0
  int:SIZE:0
  double:NEGATIVE_INFINITY:0
  int:MAX_VALUE:0
  String:_sfdcAdditionalCodeLocations:0
  char[]:digits:0
  double:NaN:0
  Boolean:TRUE:0
  int:MIN_VALUE:0
  char[]:DigitOnes:0
  int:BYTES:0
  int:MIN_EXPONENT:0
  int[]:sizeTable:0
  int:MAX_EXPONENT:0
  String:_sfdcAdditionalCodeLocations:0
  String:__sfdcProperties:0
  int:SIZE:0
  double:POSITIVE_INFINITY:0
  double:MIN_NORMAL:0
  int:BYTES:0

05:39:53.86 (86345171)|CUMULATIVE_LIMIT_USAGE_END

05:39:53.0 (86536621)|CODE_UNIT_FINISHED|VF: /apex/communityCaseMgmt
05:39:53.0 (87398133)|EXECUTION_FINISHED
05:39:53.89 (89377179)|CUMULATIVE_PROFILING_BEGIN
05:39:53.89 (89377179)|CUMULATIVE_PROFILING|SOQL operations|
Class.communityCaseMgmtController.<init>: line 70, column 1: [SELECT CaseNumber,ContactEmail,ContactId,CreatedById,Description,Priority,Reason,Subject,origin,Issue_Type__c,accountid,status FROM Case where accountid= :a.accountid]: executed 2 times in 10 ms
Class.communityCaseMgmtController.<init>: line 68, column 1: [select id,name from account where id =:a.accountid]: executed 2 times in 7 ms
Class.communityCaseMgmtController.<init>: line 50, column 1: [SELECT AccountId,ContactId,IsActive,IsDirect,Roles FROM AccountContactRelation WHERE ContactId = '0039E000004AdCP']: executed 2 times in 4 ms

05:39:53.89 (89377179)|CUMULATIVE_PROFILING|No profiling information for SOSL operations
05:39:53.89 (89377179)|CUMULATIVE_PROFILING|No profiling information for DML operations
05:39:53.89 (89377179)|CUMULATIVE_PROFILING|method invocations|
External entry point: public void <init>(): executed 1 time in 43 ms
Class.communityCaseMgmtController.<init>: line 54, column 1: public Id __sfdc_currentUserId(): executed 3 times in 6 ms
Class.communityCaseMgmtController.<init>: line 24, column 1: public Id __sfdc_currentUserId(): executed 3 times in 4 ms
Class.communityCaseMgmtController.<init>: line 72, column 1: public Map<Id,List<Case>> __sfdc_myOrgCases(): executed 4 times in 1 ms
Class.communityCaseMgmtController.<init>: line 77, column 1: public Map<Id,List<Case>> __sfdc_myOrgCases(): executed 3 times in 1 ms
Class.communityCaseMgmtController.<init>: line 25, column 1: public void __sfdc_newCaseOwner(Contact): executed 1 time in 1 ms
Class.communityCaseMgmtController.<init>: line 30, column 1: public void __sfdc_myOrgCases(Map<Id,List<Case>>): executed 1 time in 1 ms
Class.communityCaseMgmtController.<init>: line 46, column 1: public User __sfdc_currentUser(): executed 2 times in 1 ms
Class.communityCaseMgmtController.<init>: line 60, column 1: public List<AccountContactRelation> __sfdc_conRelatedAccsList(): executed 3 times in 1 ms
Class.communityCaseMgmtController.<init>: line 66, column 1: public List<AccountContactRelation> __sfdc_conRelatedAccsList(): executed 5 times in 0 ms
Class.communityCaseMgmtController.<init>: line 67, column 1: public List<Id> __sfdc_relatedAccId(): executed 4 times in 0 ms

05:39:53.89 (89377179)|CUMULATIVE_PROFILING_END
