39.0 APEX_CODE,FINEST;APEX_PROFILING,FINEST;CALLOUT,FINEST;DB,FINEST;SYSTEM,FINE;VALIDATION,INFO;VISUALFORCE,FINER;WAVE,INFO;WORKFLOW,FINER
16:19:38.0 (345691)|USER_INFO|[EXTERNAL]|00524000001Gj8w|russell@lightful.xyz.commundev|Greenwich Mean Time|GMT+01:00
16:19:38.0 (371172)|EXECUTION_STARTED
16:19:38.0 (375599)|CODE_UNIT_STARTED|[EXTERNAL]|VisualForce View State
16:19:38.0 (6533718)|HEAP_ALLOCATE|[72]|Bytes:3
16:19:38.0 (6575682)|HEAP_ALLOCATE|[77]|Bytes:152
16:19:38.0 (6589954)|HEAP_ALLOCATE|[342]|Bytes:408
16:19:38.0 (6604826)|HEAP_ALLOCATE|[355]|Bytes:408
16:19:38.0 (6626618)|HEAP_ALLOCATE|[467]|Bytes:48
16:19:38.0 (6663894)|HEAP_ALLOCATE|[139]|Bytes:6
16:19:38.0 (9095115)|CODE_UNIT_FINISHED|VisualForce View State
16:19:38.0 (10107067)|EXECUTION_FINISHED
16:19:38.316 (316733783)|USER_INFO|[EXTERNAL]|00524000001Gj8w|russell@lightful.xyz.commundev|Greenwich Mean Time|GMT+01:00
16:19:38.316 (317497237)|VF_APEX_CALL_START|[EXTERNAL]|/apexpage/pagemessagecomponentcontroller.apex set(conEscape,null)
16:19:38.316 (317510687)|SYSTEM_MODE_ENTER|true
16:19:38.316 (319227036)|VF_APEX_CALL_START|[EXTERNAL]|pagemessagecomponentcontroller set(conEscape,null)
16:19:38.316 (320031325)|VF_APEX_CALL_START|[EXTERNAL]|pagemessagecomponentcontroller invoke(setconEscape)
16:19:38.316 (320074345)|HEAP_ALLOCATE|[EXTERNAL]|Bytes:120
16:19:38.316 (320085967)|HEAP_ALLOCATE|[EXTERNAL]|Bytes:10
16:19:38.316 (320097324)|SYSTEM_METHOD_ENTRY|[1]|pagemessagecomponentcontroller.pagemessagecomponentcontroller()
16:19:38.316 (320101742)|STATEMENT_EXECUTE|[1]
16:19:38.340 (340384701)|CUMULATIVE_LIMIT_USAGE
16:19:38.340 (340384701)|LIMIT_USAGE_FOR_NS|(default)|
  Number of SOQL queries: 0 out of 100
  Number of query rows: 0 out of 50000
  Number of SOSL queries: 0 out of 20
  Number of DML statements: 0 out of 150
  Number of DML rows: 0 out of 10000
  Maximum CPU time: 0 out of 10000
  Maximum heap size: 0 out of 6000000
  Number of callouts: 0 out of 100
  Number of Email Invocations: 0 out of 10
  Number of future calls: 0 out of 50
  Number of queueable jobs added to the queue: 0 out of 50
  Number of Mobile Apex push calls: 0 out of 10

16:19:38.340 (340384701)|CUMULATIVE_LIMIT_USAGE_END

