39.0 APEX_CODE,FINEST;APEX_PROFILING,FINEST;CALLOUT,FINEST;DB,FINEST;SYSTEM,FINE;VALIDATION,INFO;VISUALFORCE,FINER;WAVE,INFO;WORKFLOW,FINER
04:57:10.0 (305721)|USER_INFO|[EXTERNAL]|00524000005uNfK|neela@lightful.com.commundev|Line Is. Time|GMT+14:00
04:57:10.0 (331169)|EXECUTION_STARTED
04:57:10.0 (334222)|CODE_UNIT_STARTED|[EXTERNAL]|0669E000000CvHr|VF: /apex/communityCheckout
04:57:10.0 (825723)|VF_DESERIALIZE_VIEWSTATE_BEGIN|0669E000000CvHr
04:57:10.0 (6770288)|HEAP_ALLOCATE|[72]|Bytes:3
04:57:10.0 (6814607)|HEAP_ALLOCATE|[77]|Bytes:152
04:57:10.0 (6829830)|HEAP_ALLOCATE|[342]|Bytes:408
04:57:10.0 (6844782)|HEAP_ALLOCATE|[355]|Bytes:408
04:57:10.0 (6858217)|HEAP_ALLOCATE|[467]|Bytes:48
04:57:10.0 (6885044)|HEAP_ALLOCATE|[139]|Bytes:6
04:57:10.0 (10114548)|VF_DESERIALIZE_VIEWSTATE_END
04:57:10.14 (14244340)|VF_APEX_CALL_START|[EXTERNAL]|/apexpage/pagemessagescomponentcontroller.apex get(severities)
04:57:10.14 (14257776)|SYSTEM_MODE_ENTER|true
04:57:10.14 (14284835)|VF_APEX_CALL_START|[EXTERNAL]|PageMessagesComponentController invoke(getseverities)
04:57:10.14 (14316350)|HEAP_ALLOCATE|[EXTERNAL]|Bytes:38
04:57:10.14 (14323219)|HEAP_ALLOCATE|[EXTERNAL]|Bytes:7
04:57:10.14 (14331401)|SYSTEM_METHOD_ENTRY|[1]|PageMessagesComponentController.PageMessagesComponentController()
04:57:10.14 (14335224)|STATEMENT_EXECUTE|[1]
04:57:10.15 (15143064)|VF_APEX_CALL_START|[EXTERNAL]|/apexpage/pagemessagescomponentcontroller.apex set(conEscape,null)
04:57:10.15 (15151678)|SYSTEM_MODE_ENTER|true
04:57:10.15 (15161380)|VF_APEX_CALL_START|[EXTERNAL]|PageMessagesComponentController set(conEscape,null)
04:57:10.15 (15179262)|VF_APEX_CALL_START|[EXTERNAL]|PageMessagesComponentController invoke(setconEscape)
04:57:10.15 (15198803)|HEAP_ALLOCATE|[EXTERNAL]|Bytes:8
04:57:10.15 (15204013)|VARIABLE_SCOPE_BEGIN|[88]|this|ApexPage.PageMessagesComponentController|true|false
04:57:10.15 (15236223)|VARIABLE_ASSIGNMENT|[88]|this|{}|0x4e37ad76
04:57:10.15 (15238786)|VARIABLE_SCOPE_BEGIN|[88]|escape|Boolean|false|false
04:57:10.15 (15243026)|VARIABLE_ASSIGNMENT|[88]|escape|null
04:57:10.0 (15416417)|VF_APEX_CALL_START|[EXTERNAL]|01p9E000000Dmea|CommunityProdController get(getOLI)
04:57:10.0 (15422742)|SYSTEM_MODE_ENTER|true
04:57:10.0 (15435116)|VF_APEX_CALL_START|[EXTERNAL]|01p9E000000Dmea|getOLI
04:57:10.0 (15445314)|HEAP_ALLOCATE|[EXTERNAL]|Bytes:560
04:57:10.0 (15452687)|HEAP_ALLOCATE|[EXTERNAL]|Bytes:94
04:57:10.0 (15455680)|HEAP_ALLOCATE|[EXTERNAL]|Bytes:35
04:57:10.0 (15462469)|METHOD_ENTRY|[1]|01p9E000000Dmea|CommunityProdController.CommunityProdController()
04:57:10.0 (15464989)|STATEMENT_EXECUTE|[1]
04:57:10.0 (15468676)|STATEMENT_EXECUTE|[1]
04:57:10.0 (15472216)|METHOD_EXIT|[1]|CommunityProdController
04:57:10.0 (15479779)|VF_APEX_CALL_END|getOLI
04:57:10.0 (15492913)|VF_APEX_CALL_END|CommunityProdController get(getOLI)
04:57:10.15 (15842237)|VF_APEX_CALL_START|[EXTERNAL]|/apexpage/pagemessagescomponentcontroller.apex set(conEscape,null)
04:57:10.15 (15850262)|SYSTEM_MODE_ENTER|true
04:57:10.15 (15857193)|VF_APEX_CALL_START|[EXTERNAL]|PageMessagesComponentController set(conEscape,null)
04:57:10.15 (15874275)|VF_APEX_CALL_START|[EXTERNAL]|PageMessagesComponentController invoke(setconEscape)
04:57:10.15 (15899679)|HEAP_ALLOCATE|[EXTERNAL]|Bytes:8
04:57:10.15 (15905124)|VARIABLE_SCOPE_BEGIN|[88]|this|ApexPage.PageMessagesComponentController|true|false
04:57:10.15 (15925370)|VARIABLE_ASSIGNMENT|[88]|this|{}|0x4e37ad76
04:57:10.15 (15928690)|VARIABLE_SCOPE_BEGIN|[88]|escape|Boolean|false|false
04:57:10.15 (15932977)|VARIABLE_ASSIGNMENT|[88]|escape|null
04:57:10.0 (16297388)|VF_APEX_CALL_START|[EXTERNAL]|01p9E000000Dmea|CommunityProdController invoke(deleteOppProd)
04:57:10.0 (16331377)|HEAP_ALLOCATE|[EXTERNAL]|Bytes:104
04:57:10.0 (16338341)|VARIABLE_SCOPE_BEGIN|[145]|this|CommunityProdController|true|false
04:57:10.0 (16569423)|VARIABLE_ASSIGNMENT|[145]|this|{"con":"0x6030bcf2","currentUser":"0x56a147a0","currentUserId":"00524000005uNfKAAU","getOLI":"0x6e03ed4f","newOpp":"0x36805d09","oppValueSummary":"0x53b2b007","pbEntry":"0xf726196","prod_pbEntry":"0x7e6a9ca2","prodList":"0x4ab6ee73","prodListDisp":"0xc424daa"}|0x64936691
04:57:10.0 (16580546)|STATEMENT_EXECUTE|[146]
04:57:10.0 (16582064)|STATEMENT_EXECUTE|[147]
04:57:10.0 (16586343)|HEAP_ALLOCATE|[147]|Bytes:18
04:57:10.0 (16601128)|SYSTEM_METHOD_ENTRY|[147]|CommunityProdController.__sfdc_delOppProdId()
04:57:10.0 (16747990)|VARIABLE_ASSIGNMENT|[EXTERNAL]|this|{"con":"0x6030bcf2","currentUser":"0x56a147a0","currentUserId":"00524000005uNfKAAU","getOLI":"0x6e03ed4f","newOpp":"0x36805d09","oppValueSummary":"0x53b2b007","pbEntry":"0xf726196","prod_pbEntry":"0x7e6a9ca2","prodList":"0x4ab6ee73","prodListDisp":"0xc424daa"}|0x64936691
04:57:10.0 (16760756)|SYSTEM_METHOD_EXIT|[147]|CommunityProdController.__sfdc_delOppProdId()
04:57:10.0 (16793542)|SYSTEM_METHOD_ENTRY|[147]|String.valueOf(Object)
04:57:10.0 (16803891)|SYSTEM_METHOD_EXIT|[147]|String.valueOf(Object)
04:57:10.0 (16814880)|HEAP_ALLOCATE|[147]|Bytes:22
04:57:10.0 (16831984)|SYSTEM_METHOD_ENTRY|[147]|System.debug(ANY)
04:57:10.0 (16839716)|USER_DEBUG|[147]|DEBUG|del opp prod id : null
04:57:10.0 (16843408)|SYSTEM_METHOD_EXIT|[147]|System.debug(ANY)
04:57:10.0 (16846336)|STATEMENT_EXECUTE|[148]
04:57:10.0 (16849615)|HEAP_ALLOCATE|[148]|Bytes:27
04:57:10.0 (16857625)|SYSTEM_METHOD_ENTRY|[148]|CommunityProdController.__sfdc_getOLI()
04:57:10.0 (16993560)|VARIABLE_ASSIGNMENT|[EXTERNAL]|this|{"con":"0x6030bcf2","currentUser":"0x56a147a0","currentUserId":"00524000005uNfKAAU","getOLI":"0x6e03ed4f","newOpp":"0x36805d09","oppValueSummary":"0x53b2b007","pbEntry":"0xf726196","prod_pbEntry":"0x7e6a9ca2","prodList":"0x4ab6ee73","prodListDisp":"0xc424daa"}|0x64936691
04:57:10.0 (17009121)|SYSTEM_METHOD_EXIT|[148]|CommunityProdController.__sfdc_getOLI()
04:57:10.0 (17025377)|SYSTEM_METHOD_ENTRY|[148]|String.valueOf(Object)
04:57:10.0 (17664945)|HEAP_ALLOCATE|[148]|Bytes:522
04:57:10.0 (17683781)|SYSTEM_METHOD_EXIT|[148]|String.valueOf(Object)
04:57:10.0 (17692176)|HEAP_ALLOCATE|[148]|Bytes:549
04:57:10.0 (17701136)|SYSTEM_METHOD_ENTRY|[148]|System.debug(ANY)
04:57:10.0 (17705960)|USER_DEBUG|[148]|DEBUG|getOLI values before delete(OpportunityLineItem:{Id=00k9E000003HqfVQAS, ListPrice=1200.00, Name=Opp_null_1490613688425 First Partners - Full Licence, OpportunityId=0069E000002lBcbQAE, Product2Id=01t24000002t6w2AAA, ProductCode=FPFL12000, Quantity=1.00, TotalPrice=1200.00, UnitPrice=1200.00}, OpportunityLineItem:{Id=00k9E000003HqfQQAS, ListPrice=200.00, Name=Opp_null_1490613688425 First Partners - Donor 3D, OpportunityId=0069E000002lBcbQAE, Product2Id=01t24000002t81MAAQ, ProductCode=FPD3D200, Quantity=1.00, TotalPrice=200.00, UnitPrice=200.00})
04:57:10.0 (17712017)|SYSTEM_METHOD_EXIT|[148]|System.debug(ANY)
04:57:10.0 (17714903)|STATEMENT_EXECUTE|[150]
04:57:10.0 (17718236)|HEAP_ALLOCATE|[150]|Bytes:144
04:57:10.0 (17725939)|HEAP_ALLOCATE|[150]|Bytes:4
04:57:10.0 (17734680)|HEAP_ALLOCATE|[150]|Bytes:7
04:57:10.0 (17739910)|SYSTEM_METHOD_ENTRY|[150]|CommunityProdController.__sfdc_delOppProdId()
04:57:10.0 (17886435)|VARIABLE_ASSIGNMENT|[EXTERNAL]|this|{"con":"0x6030bcf2","currentUser":"0x56a147a0","currentUserId":"00524000005uNfKAAU","getOLI":"0x6e03ed4f","newOpp":"0x36805d09","oppValueSummary":"0x53b2b007","pbEntry":"0xf726196","prod_pbEntry":"0x7e6a9ca2","prodList":"0x4ab6ee73","prodListDisp":"0xc424daa"}|0x64936691
04:57:10.0 (17896228)|SYSTEM_METHOD_EXIT|[150]|CommunityProdController.__sfdc_delOppProdId()
04:57:10.0 (18201937)|SOQL_EXECUTE_BEGIN|[150]|Aggregations:0|SELECT Id, ListPrice, Name, OpportunityId, Product2Id, ProductCode, Quantity, TotalPrice, UnitPrice FROM OpportunityLineItem WHERE id = :tmpVar1
04:57:10.0 (18211657)|LIMIT_USAGE|[150]|SOQL|1|100
04:57:10.0 (18220524)|LIMIT_USAGE|[150]|AGGS|0|300
04:57:10.0 (19923736)|SOQL_EXECUTE_END|[150]|Rows:0
04:57:10.0 (19930257)|LIMIT_USAGE|[150]|SOQL_ROWS|0|50000
04:57:10.0 (19943067)|HEAP_ALLOCATE|[150]|Bytes:4
04:57:10.0 (19952275)|HEAP_ALLOCATE|[150]|Bytes:0
04:57:10.0 (19978140)|HEAP_ALLOCATE|[150]|Bytes:4
04:57:10.0 (19986461)|HEAP_ALLOCATE|[150]|Bytes:45
04:57:10.0 (20059139)|HEAP_ALLOCATE|[150]|Bytes:46
04:57:10.0 (20132780)|FATAL_ERROR|System.QueryException: List has no rows for assignment to SObject

Class.CommunityProdController.deleteOppProd: line 150, column 1
04:57:10.0 (20142332)|VF_APEX_CALL_END|CommunityProdController invoke(deleteOppProd)
04:57:10.32 (32729417)|CUMULATIVE_PROFILING_BEGIN
04:57:10.32 (32729417)|CUMULATIVE_PROFILING|No profiling information for SOQL operations
04:57:10.32 (32729417)|CUMULATIVE_PROFILING|No profiling information for SOSL operations
04:57:10.32 (32729417)|CUMULATIVE_PROFILING|No profiling information for DML operations
04:57:10.32 (32729417)|CUMULATIVE_PROFILING|method invocations|
External entry point: public void deleteOppProd(): executed 1 time in 4 ms
Class.CommunityProdController.deleteOppProd: line 150, column 1: public Id __sfdc_delOppProdId(): executed 2 times in 2 ms
Class.CommunityProdController.deleteOppProd: line 148, column 1: public List<OpportunityLineItem> __sfdc_getOLI(): executed 3 times in 1 ms
Class.CommunityProdController.deleteOppProd: line 147, column 1: public Id __sfdc_delOppProdId(): executed 3 times in 0 ms

04:57:10.32 (32729417)|CUMULATIVE_PROFILING_END
