39.0 APEX_CODE,FINEST;APEX_PROFILING,FINEST;CALLOUT,FINEST;DB,FINEST;SYSTEM,FINE;VALIDATION,INFO;VISUALFORCE,FINER;WAVE,INFO;WORKFLOW,FINER
00:34:16.0 (309652)|USER_INFO|[EXTERNAL]|00524000005uNfK|neela@lightful.com.commundev|Line Is. Time|GMT+14:00
00:34:16.0 (336023)|EXECUTION_STARTED
00:34:16.0 (339233)|CODE_UNIT_STARTED|[EXTERNAL]|0669E000000Cv0R|VF: /apex/communityCaseMgmt
00:34:16.3 (3330815)|VF_APEX_CALL_START|[EXTERNAL]|/apexpage/pagemessagescomponentcontroller.apex <init>
00:34:16.3 (3346919)|SYSTEM_MODE_ENTER|true
00:34:16.3 (3447844)|HEAP_ALLOCATE|[72]|Bytes:3
00:34:16.3 (3479984)|HEAP_ALLOCATE|[77]|Bytes:152
00:34:16.3 (3493512)|HEAP_ALLOCATE|[342]|Bytes:408
00:34:16.3 (3506666)|HEAP_ALLOCATE|[355]|Bytes:408
00:34:16.3 (3519821)|HEAP_ALLOCATE|[467]|Bytes:48
00:34:16.3 (3747481)|VF_APEX_CALL_START|[EXTERNAL]|/apexpage/pagemessagescomponentcontroller.apex set(conEscape,null)
00:34:16.3 (3755501)|SYSTEM_MODE_ENTER|true
00:34:16.3 (3764077)|VF_APEX_CALL_START|[EXTERNAL]|PageMessagesComponentController set(conEscape,null)
00:34:16.3 (3780563)|VF_APEX_CALL_START|[EXTERNAL]|PageMessagesComponentController invoke(setconEscape)
00:34:16.3 (3802881)|HEAP_ALLOCATE|[EXTERNAL]|Bytes:8
00:34:16.3 (3808586)|VARIABLE_SCOPE_BEGIN|[88]|this|ApexPage.PageMessagesComponentController|true|false
00:34:16.3 (3839387)|VARIABLE_ASSIGNMENT|[88]|this|{}|0x1efb0c54
00:34:16.3 (3842273)|VARIABLE_SCOPE_BEGIN|[88]|escape|Boolean|false|false
00:34:16.3 (3846599)|VARIABLE_ASSIGNMENT|[88]|escape|null
00:34:16.3 (3987188)|VF_APEX_CALL_START|[EXTERNAL]|/apexpage/pagemessagescomponentcontroller.apex get(severities)
00:34:16.3 (3994592)|SYSTEM_MODE_ENTER|true
00:34:16.3 (4003576)|VF_APEX_CALL_START|[EXTERNAL]|PageMessagesComponentController invoke(getseverities)
00:34:16.3 (4018998)|HEAP_ALLOCATE|[EXTERNAL]|Bytes:8
00:34:16.3 (4023239)|VARIABLE_SCOPE_BEGIN|[2]|this|ApexPage.PageMessagesComponentController|true|false
00:34:16.3 (4037828)|VARIABLE_ASSIGNMENT|[2]|this|{}|0x1efb0c54
00:34:16.0 (4821037)|VF_APEX_CALL_START|[EXTERNAL]|01p9E000000Dmpd|communityCaseMgmtController <init>
00:34:16.0 (4827491)|SYSTEM_MODE_ENTER|true
00:34:16.0 (4979049)|HEAP_ALLOCATE|[EXTERNAL]|Bytes:464
00:34:16.0 (4985211)|HEAP_ALLOCATE|[EXTERNAL]|Bytes:89
00:34:16.0 (4988199)|HEAP_ALLOCATE|[EXTERNAL]|Bytes:36
00:34:16.0 (4995186)|METHOD_ENTRY|[1]|01p9E000000Dmpd|communityCaseMgmtController.communityCaseMgmtController()
00:34:16.0 (4997831)|STATEMENT_EXECUTE|[1]
00:34:16.0 (5002085)|STATEMENT_EXECUTE|[1]
00:34:16.0 (5006313)|METHOD_EXIT|[1]|communityCaseMgmtController
00:34:16.0 (5075760)|HEAP_ALLOCATE|[EXTERNAL]|Bytes:84
00:34:16.0 (5082588)|VARIABLE_SCOPE_BEGIN|[21]|this|communityCaseMgmtController|true|false
00:34:16.0 (5155129)|VARIABLE_ASSIGNMENT|[21]|this|{}|0x287627bf
00:34:16.0 (5160823)|STATEMENT_EXECUTE|[1]
00:34:16.0 (5162290)|STATEMENT_EXECUTE|[3]
00:34:16.0 (5163571)|STATEMENT_EXECUTE|[4]
00:34:16.0 (5164547)|STATEMENT_EXECUTE|[5]
00:34:16.0 (5165447)|STATEMENT_EXECUTE|[6]
00:34:16.0 (5166524)|STATEMENT_EXECUTE|[7]
00:34:16.0 (5167429)|STATEMENT_EXECUTE|[8]
00:34:16.0 (5168347)|STATEMENT_EXECUTE|[9]
00:34:16.0 (5169232)|STATEMENT_EXECUTE|[11]
00:34:16.0 (5170343)|STATEMENT_EXECUTE|[12]
00:34:16.0 (5171266)|STATEMENT_EXECUTE|[13]
00:34:16.0 (5172193)|STATEMENT_EXECUTE|[15]
00:34:16.0 (5173112)|STATEMENT_EXECUTE|[17]
00:34:16.0 (5174019)|STATEMENT_EXECUTE|[18]
00:34:16.0 (5174975)|STATEMENT_EXECUTE|[19]
00:34:16.0 (5175968)|STATEMENT_EXECUTE|[161]
00:34:16.0 (5177152)|STATEMENT_EXECUTE|[162]
00:34:16.0 (5178071)|STATEMENT_EXECUTE|[163]
00:34:16.0 (5179001)|STATEMENT_EXECUTE|[164]
00:34:16.0 (5179892)|STATEMENT_EXECUTE|[165]
00:34:16.0 (5180947)|STATEMENT_EXECUTE|[166]
00:34:16.0 (5193319)|STATEMENT_EXECUTE|[22]
00:34:16.0 (5194498)|STATEMENT_EXECUTE|[23]
00:34:16.0 (5225289)|HEAP_ALLOCATE|[23]|Bytes:85
00:34:16.0 (5232456)|SYSTEM_METHOD_ENTRY|[1]|UserInfo.UserInfo()
00:34:16.0 (5234375)|STATEMENT_EXECUTE|[1]
00:34:16.0 (5238850)|SYSTEM_METHOD_EXIT|[1]|UserInfo
00:34:16.0 (5247161)|METHOD_ENTRY|[23]||System.UserInfo.getUserId()
00:34:16.0 (5279033)|METHOD_EXIT|[23]||System.UserInfo.getUserId()
00:34:16.0 (5293492)|HEAP_ALLOCATE|[23]|Bytes:4
00:34:16.0 (5311597)|SYSTEM_METHOD_ENTRY|[23]|communityCaseMgmtController.__sfdc_currentUserId(Id)
00:34:16.0 (5341922)|VARIABLE_ASSIGNMENT|[EXTERNAL]|this|{}|0x287627bf
00:34:16.0 (5511406)|VARIABLE_ASSIGNMENT|[EXTERNAL]|value|"00524000005uNfKAAU"
00:34:16.0 (5578918)|VARIABLE_ASSIGNMENT|[11]|this.currentUserId|"00524000005uNfKAAU"|0x287627bf
00:34:16.0 (5587066)|SYSTEM_METHOD_EXIT|[23]|communityCaseMgmtController.__sfdc_currentUserId(Id)
00:34:16.0 (5590534)|STATEMENT_EXECUTE|[24]
00:34:16.0 (5594157)|HEAP_ALLOCATE|[24]|Bytes:105
00:34:16.0 (5601880)|HEAP_ALLOCATE|[24]|Bytes:4
00:34:16.0 (5609249)|HEAP_ALLOCATE|[24]|Bytes:7
00:34:16.0 (5616564)|SYSTEM_METHOD_ENTRY|[24]|communityCaseMgmtController.__sfdc_currentUserId()
00:34:16.0 (5743884)|VARIABLE_ASSIGNMENT|[EXTERNAL]|this|{"currentUserId":"00524000005uNfKAAU"}|0x287627bf
00:34:16.0 (5753166)|SYSTEM_METHOD_EXIT|[24]|communityCaseMgmtController.__sfdc_currentUserId()
00:34:16.0 (6038788)|SOQL_EXECUTE_BEGIN|[24]|Aggregations:0|SELECT id, name, firstname, lastname, contactid, fullphotourl, phone, email FROM user WHERE id = :tmpVar1
00:34:16.0 (6049501)|LIMIT_USAGE|[24]|SOQL|1|100
00:34:16.0 (6057938)|LIMIT_USAGE|[24]|AGGS|0|300
00:34:16.0 (10510958)|SOQL_EXECUTE_END|[24]|Rows:1
00:34:16.0 (10518524)|LIMIT_USAGE|[24]|SOQL_ROWS|1|50000
00:34:16.0 (10531354)|HEAP_ALLOCATE|[24]|Bytes:8
00:34:16.0 (10544618)|HEAP_ALLOCATE|[24]|Bytes:183
00:34:16.0 (10582883)|HEAP_ALLOCATE|[24]|Bytes:8
00:34:16.0 (10592964)|HEAP_ALLOCATE|[24]|Bytes:30
00:34:16.0 (10639079)|HEAP_ALLOCATE|[24]|Bytes:28
00:34:16.0 (10662331)|SYSTEM_METHOD_ENTRY|[24]|communityCaseMgmtController.__sfdc_currentUser(User)
00:34:16.0 (10797499)|VARIABLE_ASSIGNMENT|[EXTERNAL]|this|{"currentUserId":"00524000005uNfKAAU"}|0x287627bf
00:34:16.0 (10815061)|VARIABLE_ASSIGNMENT|[EXTERNAL]|value|{"Id":"00524000005uNfKAAU","Name":"Neela SN","FirstName":"Neela","LastName":"SN","FullPhotoUrl":"https://c.cs88.conte (43 more) ...","Email":"neela@lightful.com"}|0x2dc53e08
00:34:16.0 (10829136)|VARIABLE_ASSIGNMENT|[12]|this.currentUser|{"Id":"00524000005uNfKAAU","Name":"Neela SN","FirstName":"Neela","LastName":"SN","FullPhotoUrl":"https://c.cs88.conte (43 more) ...","Email":"neela@lightful.com"}|0x287627bf
00:34:16.0 (10837459)|SYSTEM_METHOD_EXIT|[24]|communityCaseMgmtController.__sfdc_currentUser(User)
00:34:16.0 (10841637)|STATEMENT_EXECUTE|[25]
00:34:16.0 (10853803)|HEAP_ALLOCATE|[25]|Bytes:4
00:34:16.0 (10951584)|SYSTEM_METHOD_ENTRY|[25]|communityCaseMgmtController.__sfdc_newCaseOwner(Contact)
00:34:16.0 (11087868)|VARIABLE_ASSIGNMENT|[EXTERNAL]|this|{"currentUser":"0x2dc53e08","currentUserId":"00524000005uNfKAAU"}|0x287627bf
00:34:16.0 (11099972)|VARIABLE_ASSIGNMENT|[EXTERNAL]|value|{}|0x6edc8697
00:34:16.0 (11108470)|VARIABLE_ASSIGNMENT|[6]|this.newCaseOwner|{}|0x287627bf
00:34:16.0 (11114468)|SYSTEM_METHOD_EXIT|[25]|communityCaseMgmtController.__sfdc_newCaseOwner(Contact)
00:34:16.0 (11118057)|STATEMENT_EXECUTE|[27]
00:34:16.0 (11141478)|SYSTEM_METHOD_ENTRY|[27]|communityCaseMgmtController.__sfdc_showCreateCase(Boolean)
00:34:16.0 (11268796)|VARIABLE_ASSIGNMENT|[EXTERNAL]|this|{"currentUser":"0x2dc53e08","currentUserId":"00524000005uNfKAAU","newCaseOwner":"0x6edc8697"}|0x287627bf
00:34:16.0 (11278727)|VARIABLE_ASSIGNMENT|[EXTERNAL]|value|false
00:34:16.0 (11284594)|HEAP_ALLOCATE|[17]|Bytes:5
00:34:16.0 (11290964)|VARIABLE_ASSIGNMENT|[17]|this.showCreateCase|false|0x287627bf
00:34:16.0 (11296581)|SYSTEM_METHOD_EXIT|[27]|communityCaseMgmtController.__sfdc_showCreateCase(Boolean)
00:34:16.0 (11299840)|STATEMENT_EXECUTE|[29]
00:34:16.0 (11304675)|HEAP_ALLOCATE|[29]|Bytes:4
00:34:16.0 (11328825)|SYSTEM_CONSTRUCTOR_ENTRY|[29]|<init>()
00:34:16.0 (11346269)|SYSTEM_CONSTRUCTOR_EXIT|[29]|<init>()
00:34:16.0 (11361726)|SYSTEM_METHOD_ENTRY|[29]|communityCaseMgmtController.__sfdc_conRelatedAccsList(List<AccountContactRelation>)
00:34:16.0 (11474773)|VARIABLE_ASSIGNMENT|[EXTERNAL]|this|{"currentUser":"0x2dc53e08","currentUserId":"00524000005uNfKAAU","newCaseOwner":"0x6edc8697","showCreateCase":false}|0x287627bf
00:34:16.0 (11483702)|HEAP_ALLOCATE|[EXTERNAL]|Bytes:4
00:34:16.0 (11490889)|VARIABLE_ASSIGNMENT|[EXTERNAL]|value|[]|0x4604f35c
00:34:16.0 (11498179)|VARIABLE_ASSIGNMENT|[18]|this.conRelatedAccsList|[]|0x287627bf
00:34:16.0 (11503337)|SYSTEM_METHOD_EXIT|[29]|communityCaseMgmtController.__sfdc_conRelatedAccsList(List<AccountContactRelation>)
00:34:16.0 (11506443)|STATEMENT_EXECUTE|[30]
00:34:16.0 (11510733)|HEAP_ALLOCATE|[30]|Bytes:4
00:34:16.0 (11545866)|SYSTEM_METHOD_ENTRY|[30]|communityCaseMgmtController.__sfdc_myOrgCases(Map<Id,List<Case>>)
00:34:16.0 (11674890)|VARIABLE_ASSIGNMENT|[EXTERNAL]|this|{"conRelatedAccsList":"0x4604f35c","currentUser":"0x2dc53e08","currentUserId":"00524000005uNfKAAU","newCaseOwner":"0x6edc8697","showCreateCase":false}|0x287627bf
00:34:16.0 (11686642)|VARIABLE_ASSIGNMENT|[EXTERNAL]|value|{}|0x49001d46
00:34:16.0 (11697606)|VARIABLE_ASSIGNMENT|[5]|this.myOrgCases|{}|0x287627bf
00:34:16.0 (11703498)|SYSTEM_METHOD_EXIT|[30]|communityCaseMgmtController.__sfdc_myOrgCases(Map<Id,List<Case>>)
00:34:16.0 (11706531)|STATEMENT_EXECUTE|[31]
00:34:16.0 (11710299)|HEAP_ALLOCATE|[31]|Bytes:4
00:34:16.0 (11729097)|SYSTEM_METHOD_ENTRY|[31]|communityCaseMgmtController.__sfdc_accName(Map<Id,String>)
00:34:16.0 (11859654)|VARIABLE_ASSIGNMENT|[EXTERNAL]|this|{"conRelatedAccsList":"0x4604f35c","currentUser":"0x2dc53e08","currentUserId":"00524000005uNfKAAU","myOrgCases":"0x49001d46","newCaseOwner":"0x6edc8697","showCreateCase":false}|0x287627bf
00:34:16.0 (11868291)|VARIABLE_ASSIGNMENT|[EXTERNAL]|value|{}|0x23eb4db5
00:34:16.0 (11875438)|VARIABLE_ASSIGNMENT|[7]|this.accName|{}|0x287627bf
00:34:16.0 (11880200)|SYSTEM_METHOD_EXIT|[31]|communityCaseMgmtController.__sfdc_accName(Map<Id,String>)
00:34:16.0 (11883077)|STATEMENT_EXECUTE|[32]
00:34:16.0 (11886888)|HEAP_ALLOCATE|[32]|Bytes:4
00:34:16.0 (11902968)|SYSTEM_METHOD_ENTRY|[32]|communityCaseMgmtController.__sfdc_accCaseCount(Map<Id,Integer>)
00:34:16.0 (12033473)|VARIABLE_ASSIGNMENT|[EXTERNAL]|this|{"accName":"0x23eb4db5","conRelatedAccsList":"0x4604f35c","currentUser":"0x2dc53e08","currentUserId":"00524000005uNfKAAU","myOrgCases":"0x49001d46","newCaseOwner":"0x6edc8697","showCreateCase":false}|0x287627bf
00:34:16.0 (12042754)|VARIABLE_ASSIGNMENT|[EXTERNAL]|value|{}|0x173a0fc0
00:34:16.0 (12051519)|VARIABLE_ASSIGNMENT|[9]|this.accCaseCount|{}|0x287627bf
00:34:16.0 (12057070)|SYSTEM_METHOD_EXIT|[32]|communityCaseMgmtController.__sfdc_accCaseCount(Map<Id,Integer>)
00:34:16.0 (12064749)|SYSTEM_METHOD_ENTRY|[34]|communityCaseMgmtController.__sfdc_currentUser()
00:34:16.0 (12196335)|VARIABLE_ASSIGNMENT|[EXTERNAL]|this|{"accCaseCount":"0x173a0fc0","accName":"0x23eb4db5","conRelatedAccsList":"0x4604f35c","currentUser":"0x2dc53e08","currentUserId":"00524000005uNfKAAU","myOrgCases":"0x49001d46","newCaseOwner":"0x6edc8697","showCreateCase":false}|0x287627bf
00:34:16.0 (12206340)|SYSTEM_METHOD_EXIT|[34]|communityCaseMgmtController.__sfdc_currentUser()
00:34:16.0 (12215814)|STATEMENT_EXECUTE|[44]
00:34:16.0 (12216937)|STATEMENT_EXECUTE|[45]
00:34:16.0 (12226880)|HEAP_ALLOCATE|[45]|Bytes:4
00:34:16.0 (12253425)|SYSTEM_METHOD_ENTRY|[45]|communityCaseMgmtController.__sfdc_con(Contact)
00:34:16.0 (12387290)|VARIABLE_ASSIGNMENT|[EXTERNAL]|this|{"accCaseCount":"0x173a0fc0","accName":"0x23eb4db5","conRelatedAccsList":"0x4604f35c","currentUser":"0x2dc53e08","currentUserId":"00524000005uNfKAAU","myOrgCases":"0x49001d46","newCaseOwner":"0x6edc8697","showCreateCase":false}|0x287627bf
00:34:16.0 (12396518)|VARIABLE_ASSIGNMENT|[EXTERNAL]|value|{}|0x1a62b983
00:34:16.0 (12403843)|VARIABLE_ASSIGNMENT|[13]|this.con|{}|0x287627bf
00:34:16.0 (12408971)|SYSTEM_METHOD_EXIT|[45]|communityCaseMgmtController.__sfdc_con(Contact)
00:34:16.0 (12412058)|STATEMENT_EXECUTE|[46]
00:34:16.0 (12416107)|SYSTEM_METHOD_ENTRY|[46]|communityCaseMgmtController.__sfdc_currentUser()
00:34:16.0 (12543030)|VARIABLE_ASSIGNMENT|[EXTERNAL]|this|{"accCaseCount":"0x173a0fc0","accName":"0x23eb4db5","con":"0x1a62b983","conRelatedAccsList":"0x4604f35c","currentUser":"0x2dc53e08","currentUserId":"00524000005uNfKAAU","myOrgCases":"0x49001d46","newCaseOwner":"0x6edc8697","showCreateCase":false}|0x287627bf
00:34:16.0 (12554108)|SYSTEM_METHOD_EXIT|[46]|communityCaseMgmtController.__sfdc_currentUser()
00:34:16.0 (12584390)|SYSTEM_METHOD_ENTRY|[46]|communityCaseMgmtController.__sfdc_newCaseOwner()
00:34:16.0 (12708748)|VARIABLE_ASSIGNMENT|[EXTERNAL]|this|{"accCaseCount":"0x173a0fc0","accName":"0x23eb4db5","con":"0x1a62b983","conRelatedAccsList":"0x4604f35c","currentUser":"0x2dc53e08","currentUserId":"00524000005uNfKAAU","myOrgCases":"0x49001d46","newCaseOwner":"0x6edc8697","showCreateCase":false}|0x287627bf
00:34:16.0 (12717826)|SYSTEM_METHOD_EXIT|[46]|communityCaseMgmtController.__sfdc_newCaseOwner()
00:34:16.0 (12767635)|VARIABLE_ASSIGNMENT|[46]|this.FirstName|"Neela"|0x6edc8697
00:34:16.0 (12770256)|STATEMENT_EXECUTE|[47]
00:34:16.0 (12775661)|SYSTEM_METHOD_ENTRY|[47]|communityCaseMgmtController.__sfdc_currentUser()
00:34:16.0 (12904622)|VARIABLE_ASSIGNMENT|[EXTERNAL]|this|{"accCaseCount":"0x173a0fc0","accName":"0x23eb4db5","con":"0x1a62b983","conRelatedAccsList":"0x4604f35c","currentUser":"0x2dc53e08","currentUserId":"00524000005uNfKAAU","myOrgCases":"0x49001d46","newCaseOwner":"0x6edc8697","showCreateCase":false}|0x287627bf
00:34:16.0 (12912524)|SYSTEM_METHOD_EXIT|[47]|communityCaseMgmtController.__sfdc_currentUser()
00:34:16.0 (12934194)|SYSTEM_METHOD_ENTRY|[47]|communityCaseMgmtController.__sfdc_newCaseOwner()
00:34:16.0 (13054024)|VARIABLE_ASSIGNMENT|[EXTERNAL]|this|{"accCaseCount":"0x173a0fc0","accName":"0x23eb4db5","con":"0x1a62b983","conRelatedAccsList":"0x4604f35c","currentUser":"0x2dc53e08","currentUserId":"00524000005uNfKAAU","myOrgCases":"0x49001d46","newCaseOwner":"0x6edc8697","showCreateCase":false}|0x287627bf
00:34:16.0 (13062456)|SYSTEM_METHOD_EXIT|[47]|communityCaseMgmtController.__sfdc_newCaseOwner()
00:34:16.0 (13090466)|VARIABLE_ASSIGNMENT|[47]|this.LastName|"SN"|0x6edc8697
00:34:16.0 (13092908)|STATEMENT_EXECUTE|[48]
00:34:16.0 (13097794)|SYSTEM_METHOD_ENTRY|[48]|communityCaseMgmtController.__sfdc_currentUser()
00:34:16.0 (13227865)|VARIABLE_ASSIGNMENT|[EXTERNAL]|this|{"accCaseCount":"0x173a0fc0","accName":"0x23eb4db5","con":"0x1a62b983","conRelatedAccsList":"0x4604f35c","currentUser":"0x2dc53e08","currentUserId":"00524000005uNfKAAU","myOrgCases":"0x49001d46","newCaseOwner":"0x6edc8697","showCreateCase":false}|0x287627bf
00:34:16.0 (13235638)|SYSTEM_METHOD_EXIT|[48]|communityCaseMgmtController.__sfdc_currentUser()
00:34:16.0 (13259754)|SYSTEM_METHOD_ENTRY|[48]|communityCaseMgmtController.__sfdc_newCaseOwner()
00:34:16.0 (13377294)|VARIABLE_ASSIGNMENT|[EXTERNAL]|this|{"accCaseCount":"0x173a0fc0","accName":"0x23eb4db5","con":"0x1a62b983","conRelatedAccsList":"0x4604f35c","currentUser":"0x2dc53e08","currentUserId":"00524000005uNfKAAU","myOrgCases":"0x49001d46","newCaseOwner":"0x6edc8697","showCreateCase":false}|0x287627bf
00:34:16.0 (13384986)|SYSTEM_METHOD_EXIT|[48]|communityCaseMgmtController.__sfdc_newCaseOwner()
00:34:16.0 (13415802)|VARIABLE_ASSIGNMENT|[48]|this.Email|"neela@lightful.com"|0x6edc8697
00:34:16.0 (13418208)|STATEMENT_EXECUTE|[51]
00:34:16.0 (13421759)|HEAP_ALLOCATE|[51]|Bytes:118
00:34:16.0 (13428057)|HEAP_ALLOCATE|[51]|Bytes:4
00:34:16.0 (14058202)|SOQL_EXECUTE_BEGIN|[51]|Aggregations:0|SELECT AccountId, ContactId, IsActive, IsDirect, Roles FROM AccountContactRelation WHERE ContactId = '0039E000004AdCP'
00:34:16.0 (14065670)|LIMIT_USAGE|[51]|SOQL|2|100
00:34:16.0 (14072644)|LIMIT_USAGE|[51]|AGGS|0|300
00:34:16.0 (16226735)|SOQL_EXECUTE_END|[51]|Rows:2
00:34:16.0 (16233188)|LIMIT_USAGE|[51]|SOQL_ROWS|3|50000
00:34:16.0 (16243493)|HEAP_ALLOCATE|[51]|Bytes:12
00:34:16.0 (16257776)|HEAP_ALLOCATE|[51]|Bytes:246
00:34:16.0 (16280366)|HEAP_ALLOCATE|[51]|Bytes:12
00:34:16.0 (16294598)|SYSTEM_METHOD_ENTRY|[51]|communityCaseMgmtController.__sfdc_conRelatedAccsList(List<AccountContactRelation>)
00:34:16.0 (16441342)|VARIABLE_ASSIGNMENT|[EXTERNAL]|this|{"accCaseCount":"0x173a0fc0","accName":"0x23eb4db5","con":"0x1a62b983","conRelatedAccsList":"0x4604f35c","currentUser":"0x2dc53e08","currentUserId":"00524000005uNfKAAU","myOrgCases":"0x49001d46","newCaseOwner":"0x6edc8697","showCreateCase":false}|0x287627bf
00:34:16.0 (16460463)|VARIABLE_ASSIGNMENT|[EXTERNAL]|value|[{"AccountId":"0019E000006wqt7QAA","ContactId":"0039E000004AdCPQA0","IsActive":true,"IsDirect":false,"Id":"07k9E000000f4JJQAY"},{"AccountId":"0019E000005FzZJQA0","ContactId":"0039E000004AdCPQA0","IsActive":true,"IsDirect":true,"Id":"07k9E000000f4IpQAI"}]|0x690710ca
00:34:16.0 (16474990)|VARIABLE_ASSIGNMENT|[18]|this.conRelatedAccsList|[{"AccountId":"0019E000006wqt7QAA","ContactId":"0039E000004AdCPQA0","IsActive":true,"IsDirect":false,"Id":"07k9E000000f4JJQAY"},{"AccountId":"0019E000005FzZJQA0","ContactId":"0039E000004AdCPQA0","IsActive":true,"IsDirect":true,"Id":"07k9E000000f4IpQAI"}]|0x287627bf
00:34:16.0 (16482657)|SYSTEM_METHOD_EXIT|[51]|communityCaseMgmtController.__sfdc_conRelatedAccsList(List<AccountContactRelation>)
00:34:16.0 (16486196)|STATEMENT_EXECUTE|[55]
00:34:16.0 (16489718)|HEAP_ALLOCATE|[55]|Bytes:168
00:34:16.0 (16498452)|HEAP_ALLOCATE|[55]|Bytes:4
00:34:16.0 (16507751)|SYSTEM_METHOD_ENTRY|[55]|communityCaseMgmtController.__sfdc_currentUserId()
00:34:16.0 (16646260)|VARIABLE_ASSIGNMENT|[EXTERNAL]|this|{"accCaseCount":"0x173a0fc0","accName":"0x23eb4db5","con":"0x1a62b983","conRelatedAccsList":"0x690710ca","currentUser":"0x2dc53e08","currentUserId":"00524000005uNfKAAU","myOrgCases":"0x49001d46","newCaseOwner":"0x6edc8697","showCreateCase":false}|0x287627bf
00:34:16.0 (16655869)|SYSTEM_METHOD_EXIT|[55]|communityCaseMgmtController.__sfdc_currentUserId()
00:34:16.0 (16947766)|SOQL_EXECUTE_BEGIN|[55]|Aggregations:0|SELECT CaseNumber, ContactEmail, ContactId, CreatedById, Description, Priority, Reason, Subject, Issue_Type__c, accountid, status FROM Case WHERE CreatedById = :tmpVar1
00:34:16.0 (16953698)|LIMIT_USAGE|[55]|SOQL|3|100
00:34:16.0 (16959765)|LIMIT_USAGE|[55]|AGGS|0|300
00:34:16.0 (22239237)|SOQL_EXECUTE_END|[55]|Rows:6
00:34:16.0 (22246147)|LIMIT_USAGE|[55]|SOQL_ROWS|9|50000
00:34:16.0 (22256702)|HEAP_ALLOCATE|[55]|Bytes:28
00:34:16.0 (22279073)|HEAP_ALLOCATE|[55]|Bytes:2224
00:34:16.0 (22301972)|HEAP_ALLOCATE|[55]|Bytes:28
00:34:16.0 (22330674)|SYSTEM_METHOD_ENTRY|[55]|communityCaseMgmtController.__sfdc_myCases(List<Case>)
00:34:16.0 (22481791)|VARIABLE_ASSIGNMENT|[EXTERNAL]|this|{"accCaseCount":"0x173a0fc0","accName":"0x23eb4db5","con":"0x1a62b983","conRelatedAccsList":"0x690710ca","currentUser":"0x2dc53e08","currentUserId":"00524000005uNfKAAU","myOrgCases":"0x49001d46","newCaseOwner":"0x6edc8697","showCreateCase":false}|0x287627bf
00:34:16.0 (22493324)|VARIABLE_ASSIGNMENT|[EXTERNAL]|value|"List of size 6 too large to display"|0x620f2af
00:34:16.0 (22502941)|VARIABLE_ASSIGNMENT|[4]|this.myCases|"List of size 6 too large to display"|0x287627bf
00:34:16.0 (22509281)|SYSTEM_METHOD_EXIT|[55]|communityCaseMgmtController.__sfdc_myCases(List<Case>)
00:34:16.0 (22513016)|STATEMENT_EXECUTE|[57]
00:34:16.0 (22525041)|HEAP_ALLOCATE|[57]|Bytes:4
00:34:16.0 (22608818)|SYSTEM_METHOD_ENTRY|[57]|communityCaseMgmtController.__sfdc_newCase(Case)
00:34:16.0 (22762269)|VARIABLE_ASSIGNMENT|[EXTERNAL]|this|{"accCaseCount":"0x173a0fc0","accName":"0x23eb4db5","con":"0x1a62b983","conRelatedAccsList":"0x690710ca","currentUser":"0x2dc53e08","currentUserId":"00524000005uNfKAAU","myCases":"0x620f2af","myOrgCases":"0x49001d46","newCaseOwner":"0x6edc8697","showCreateCase":false}|0x287627bf
00:34:16.0 (22773786)|VARIABLE_ASSIGNMENT|[EXTERNAL]|value|{}|0x13ffa92
00:34:16.0 (22782614)|VARIABLE_ASSIGNMENT|[3]|this.newCase|{}|0x287627bf
00:34:16.0 (22788287)|SYSTEM_METHOD_EXIT|[57]|communityCaseMgmtController.__sfdc_newCase(Case)
00:34:16.0 (22791580)|STATEMENT_EXECUTE|[58]
00:34:16.0 (22797291)|HEAP_ALLOCATE|[58]|Bytes:4
00:34:16.0 (22807335)|SYSTEM_CONSTRUCTOR_ENTRY|[58]|<init>()
00:34:16.0 (22822658)|SYSTEM_CONSTRUCTOR_EXIT|[58]|<init>()
00:34:16.0 (22838150)|SYSTEM_METHOD_ENTRY|[58]|communityCaseMgmtController.__sfdc_relatedAccId(List<Id>)
00:34:16.0 (22964786)|VARIABLE_ASSIGNMENT|[EXTERNAL]|this|{"accCaseCount":"0x173a0fc0","accName":"0x23eb4db5","con":"0x1a62b983","conRelatedAccsList":"0x690710ca","currentUser":"0x2dc53e08","currentUserId":"00524000005uNfKAAU","myCases":"0x620f2af","myOrgCases":"0x49001d46","newCase":"0x13ffa92","newCaseOwner":"0x6edc8697","showCreateCase":false}|0x287627bf
00:34:16.0 (22990068)|HEAP_ALLOCATE|[EXTERNAL]|Bytes:4
00:34:16.0 (22997178)|VARIABLE_ASSIGNMENT|[EXTERNAL]|value|[]|0x2fff661e
00:34:16.0 (23006334)|VARIABLE_ASSIGNMENT|[8]|this.relatedAccId|[]|0x287627bf
00:34:16.0 (23012983)|SYSTEM_METHOD_EXIT|[58]|communityCaseMgmtController.__sfdc_relatedAccId(List<Id>)
00:34:16.0 (23016162)|STATEMENT_EXECUTE|[60]
00:34:16.0 (23019342)|HEAP_ALLOCATE|[60]|Bytes:21
00:34:16.0 (23029517)|SYSTEM_METHOD_ENTRY|[60]|communityCaseMgmtController.__sfdc_newCase()
00:34:16.0 (23175220)|VARIABLE_ASSIGNMENT|[EXTERNAL]|this|{"accCaseCount":"0x173a0fc0","accName":"0x23eb4db5","con":"0x1a62b983","conRelatedAccsList":"0x690710ca","currentUser":"0x2dc53e08","currentUserId":"00524000005uNfKAAU","myCases":"0x620f2af","myOrgCases":"0x49001d46","newCase":"0x13ffa92","newCaseOwner":"0x6edc8697","relatedAccId":"0x2fff661e","showCreateCase":false}|0x287627bf
00:34:16.0 (23185297)|SYSTEM_METHOD_EXIT|[60]|communityCaseMgmtController.__sfdc_newCase()
00:34:16.0 (23225302)|SYSTEM_METHOD_ENTRY|[60]|String.valueOf(Object)
00:34:16.0 (23234905)|SYSTEM_METHOD_EXIT|[60]|String.valueOf(Object)
00:34:16.0 (23239320)|SYSTEM_METHOD_ENTRY|[60]|communityCaseMgmtController.__sfdc_newCase()
00:34:16.0 (23365284)|VARIABLE_ASSIGNMENT|[EXTERNAL]|this|{"accCaseCount":"0x173a0fc0","accName":"0x23eb4db5","con":"0x1a62b983","conRelatedAccsList":"0x690710ca","currentUser":"0x2dc53e08","currentUserId":"00524000005uNfKAAU","myCases":"0x620f2af","myOrgCases":"0x49001d46","newCase":"0x13ffa92","newCaseOwner":"0x6edc8697","relatedAccId":"0x2fff661e","showCreateCase":false}|0x287627bf
00:34:16.0 (23373775)|SYSTEM_METHOD_EXIT|[60]|communityCaseMgmtController.__sfdc_newCase()
00:34:16.0 (23386609)|HEAP_ALLOCATE|[60]|Bytes:29
00:34:16.0 (23406739)|SYSTEM_METHOD_ENTRY|[60]|System.debug(ANY)
00:34:16.0 (23415548)|USER_DEBUG|[60]|DEBUG|contact of case is : nullnull
00:34:16.0 (23419419)|SYSTEM_METHOD_EXIT|[60]|System.debug(ANY)
00:34:16.0 (23421976)|STATEMENT_EXECUTE|[61]
00:34:16.0 (23427467)|HEAP_ALLOCATE|[61]|Bytes:37
00:34:16.0 (23434794)|SYSTEM_METHOD_ENTRY|[61]|communityCaseMgmtController.__sfdc_conRelatedAccsList()
00:34:16.0 (23571909)|VARIABLE_ASSIGNMENT|[EXTERNAL]|this|{"accCaseCount":"0x173a0fc0","accName":"0x23eb4db5","con":"0x1a62b983","conRelatedAccsList":"0x690710ca","currentUser":"0x2dc53e08","currentUserId":"00524000005uNfKAAU","myCases":"0x620f2af","myOrgCases":"0x49001d46","newCase":"0x13ffa92","newCaseOwner":"0x6edc8697","relatedAccId":"0x2fff661e","showCreateCase":false}|0x287627bf
00:34:16.0 (23582157)|SYSTEM_METHOD_EXIT|[61]|communityCaseMgmtController.__sfdc_conRelatedAccsList()
00:34:16.0 (23597198)|SYSTEM_METHOD_ENTRY|[61]|String.valueOf(Object)
00:34:16.0 (23652353)|HEAP_ALLOCATE|[61]|Bytes:277
00:34:16.0 (23663526)|SYSTEM_METHOD_EXIT|[61]|String.valueOf(Object)
00:34:16.0 (23672939)|HEAP_ALLOCATE|[61]|Bytes:314
00:34:16.0 (23681310)|SYSTEM_METHOD_ENTRY|[61]|System.debug(ANY)
00:34:16.0 (23685419)|USER_DEBUG|[61]|DEBUG|Related accounts of the contact is : (AccountContactRelation:{AccountId=0019E000006wqt7QAA, ContactId=0039E000004AdCPQA0, IsActive=true, IsDirect=false, Id=07k9E000000f4JJQAY}, AccountContactRelation:{AccountId=0019E000005FzZJQA0, ContactId=0039E000004AdCPQA0, IsActive=true, IsDirect=true, Id=07k9E000000f4IpQAI})
00:34:16.0 (23690973)|SYSTEM_METHOD_EXIT|[61]|System.debug(ANY)
00:34:16.0 (23693292)|STATEMENT_EXECUTE|[63]
00:34:16.0 (23698550)|HEAP_ALLOCATE|[63]|Bytes:4
00:34:16.0 (23740618)|SYSTEM_METHOD_ENTRY|[63]|communityCaseMgmtController.__sfdc_qViewCaseComment(Map<Id,List<CaseComment>>)
00:34:16.0 (23894207)|VARIABLE_ASSIGNMENT|[EXTERNAL]|this|{"accCaseCount":"0x173a0fc0","accName":"0x23eb4db5","con":"0x1a62b983","conRelatedAccsList":"0x690710ca","currentUser":"0x2dc53e08","currentUserId":"00524000005uNfKAAU","myCases":"0x620f2af","myOrgCases":"0x49001d46","newCase":"0x13ffa92","newCaseOwner":"0x6edc8697","relatedAccId":"0x2fff661e","showCreateCase":false}|0x287627bf
00:34:16.0 (23905434)|VARIABLE_ASSIGNMENT|[EXTERNAL]|value|{}|0x7dc51504
00:34:16.0 (23914358)|VARIABLE_ASSIGNMENT|[164]|this.qViewCaseComment|{}|0x287627bf
00:34:16.0 (23920176)|SYSTEM_METHOD_EXIT|[63]|communityCaseMgmtController.__sfdc_qViewCaseComment(Map<Id,List<CaseComment>>)
00:34:16.0 (23926024)|SYSTEM_METHOD_ENTRY|[66]|communityCaseMgmtController.__sfdc_conRelatedAccsList()
00:34:16.0 (24059233)|VARIABLE_ASSIGNMENT|[EXTERNAL]|this|{"accCaseCount":"0x173a0fc0","accName":"0x23eb4db5","con":"0x1a62b983","conRelatedAccsList":"0x690710ca","currentUser":"0x2dc53e08","currentUserId":"00524000005uNfKAAU","myCases":"0x620f2af","myOrgCases":"0x49001d46","newCase":"0x13ffa92","newCaseOwner":"0x6edc8697","qViewCaseComment":"0x7dc51504","relatedAccId":"0x2fff661e","showCreateCase":false}|0x287627bf
00:34:16.0 (24068430)|SYSTEM_METHOD_EXIT|[66]|communityCaseMgmtController.__sfdc_conRelatedAccsList()
00:34:16.0 (24079850)|SYSTEM_METHOD_ENTRY|[66]|List<AccountContactRelation>.size()
00:34:16.0 (24084334)|SYSTEM_METHOD_EXIT|[66]|List<AccountContactRelation>.size()
00:34:16.0 (24090268)|STATEMENT_EXECUTE|[67]
00:34:16.0 (24095128)|SYSTEM_METHOD_ENTRY|[69]|communityCaseMgmtController.__sfdc_conRelatedAccsList()
00:34:16.0 (24230227)|VARIABLE_ASSIGNMENT|[EXTERNAL]|this|{"accCaseCount":"0x173a0fc0","accName":"0x23eb4db5","con":"0x1a62b983","conRelatedAccsList":"0x690710ca","currentUser":"0x2dc53e08","currentUserId":"00524000005uNfKAAU","myCases":"0x620f2af","myOrgCases":"0x49001d46","newCase":"0x13ffa92","newCaseOwner":"0x6edc8697","qViewCaseComment":"0x7dc51504","relatedAccId":"0x2fff661e","showCreateCase":false}|0x287627bf
00:34:16.0 (24238953)|SYSTEM_METHOD_EXIT|[69]|communityCaseMgmtController.__sfdc_conRelatedAccsList()
00:34:16.0 (24244741)|SYSTEM_METHOD_ENTRY|[69]|List<AccountContactRelation>.iterator()
00:34:16.0 (24334898)|SYSTEM_METHOD_EXIT|[69]|List<AccountContactRelation>.iterator()
00:34:16.0 (24349494)|SYSTEM_METHOD_ENTRY|[69]|system.ListIterator.hasNext()
00:34:16.0 (24357762)|HEAP_ALLOCATE|[69]|Bytes:5
00:34:16.0 (24362699)|SYSTEM_METHOD_EXIT|[69]|system.ListIterator.hasNext()
00:34:16.0 (24389808)|HEAP_ALLOCATE|[69]|Bytes:24
00:34:16.0 (24397799)|VARIABLE_SCOPE_BEGIN|[69]|a|AccountContactRelation|true|false
00:34:16.0 (24411513)|VARIABLE_ASSIGNMENT|[69]|a|{"AccountId":"0019E000006wqt7QAA","ContactId":"0039E000004AdCPQA0","IsActive":true,"IsDirect":false,"Id":"07k9E000000f4JJQAY"}|0x6e499a4a
00:34:16.0 (24415973)|STATEMENT_EXECUTE|[69]
00:34:16.0 (24417339)|STATEMENT_EXECUTE|[70]
00:34:16.0 (24425712)|SYSTEM_METHOD_ENTRY|[70]|communityCaseMgmtController.__sfdc_relatedAccId()
00:34:16.0 (24566488)|VARIABLE_ASSIGNMENT|[EXTERNAL]|this|{"accCaseCount":"0x173a0fc0","accName":"0x23eb4db5","con":"0x1a62b983","conRelatedAccsList":"0x690710ca","currentUser":"0x2dc53e08","currentUserId":"00524000005uNfKAAU","myCases":"0x620f2af","myOrgCases":"0x49001d46","newCase":"0x13ffa92","newCaseOwner":"0x6edc8697","qViewCaseComment":"0x7dc51504","relatedAccId":"0x2fff661e","showCreateCase":false}|0x287627bf
00:34:16.0 (24576598)|SYSTEM_METHOD_EXIT|[70]|communityCaseMgmtController.__sfdc_relatedAccId()
00:34:16.0 (24614672)|SYSTEM_METHOD_ENTRY|[70]|List<Id>.add(Object)
00:34:16.0 (24620723)|HEAP_ALLOCATE|[EXTERNAL]|Bytes:4
00:34:16.0 (24626831)|SYSTEM_METHOD_EXIT|[70]|List<Id>.add(Object)
00:34:16.0 (24629298)|STATEMENT_EXECUTE|[71]
00:34:16.0 (24632583)|HEAP_ALLOCATE|[71]|Bytes:48
00:34:16.0 (24640404)|HEAP_ALLOCATE|[71]|Bytes:4
00:34:16.0 (26803737)|SOQL_EXECUTE_BEGIN|[71]|Aggregations:0|SELECT id, name FROM account WHERE id = :tmpVar1
00:34:16.0 (26810914)|LIMIT_USAGE|[71]|SOQL|4|100
00:34:16.0 (26817891)|LIMIT_USAGE|[71]|AGGS|0|300
00:34:16.0 (28586711)|SOQL_EXECUTE_END|[71]|Rows:1
00:34:16.0 (28592880)|LIMIT_USAGE|[71]|SOQL_ROWS|10|50000
00:34:16.0 (28603270)|HEAP_ALLOCATE|[71]|Bytes:8
00:34:16.0 (28613796)|HEAP_ALLOCATE|[71]|Bytes:83
00:34:16.0 (28667263)|HEAP_ALLOCATE|[71]|Bytes:8
00:34:16.0 (28677803)|HEAP_ALLOCATE|[71]|Bytes:33
00:34:16.0 (28725742)|HEAP_ALLOCATE|[71]|Bytes:16
00:34:16.0 (28731605)|VARIABLE_SCOPE_BEGIN|[71]|acc|Account|true|false
00:34:16.0 (28746376)|VARIABLE_ASSIGNMENT|[71]|acc|{"Id":"0019E000006wqt7QAA","Name":"LightfulTest","RecordTypeId":"01224000000gEQBAA2"}|0x4d18a7e
00:34:16.0 (28749442)|STATEMENT_EXECUTE|[72]
00:34:16.0 (28761447)|SYSTEM_METHOD_ENTRY|[72]|communityCaseMgmtController.__sfdc_accName()
00:34:16.0 (28932197)|VARIABLE_ASSIGNMENT|[EXTERNAL]|this|{"accCaseCount":"0x173a0fc0","accName":"0x23eb4db5","con":"0x1a62b983","conRelatedAccsList":"0x690710ca","currentUser":"0x2dc53e08","currentUserId":"00524000005uNfKAAU","myCases":"0x620f2af","myOrgCases":"0x49001d46","newCase":"0x13ffa92","newCaseOwner":"0x6edc8697","qViewCaseComment":"0x7dc51504","relatedAccId":"0x2fff661e","showCreateCase":false}|0x287627bf
00:34:16.0 (28946689)|SYSTEM_METHOD_EXIT|[72]|communityCaseMgmtController.__sfdc_accName()
00:34:16.0 (28997553)|SYSTEM_METHOD_ENTRY|[72]|Map<Id,String>.put(Object, Object)
00:34:16.0 (29005162)|HEAP_ALLOCATE|[EXTERNAL]|Bytes:-4
00:34:16.0 (29014175)|SYSTEM_METHOD_EXIT|[72]|Map<Id,String>.put(Object, Object)
00:34:16.0 (29017299)|STATEMENT_EXECUTE|[73]
00:34:16.0 (29020364)|HEAP_ALLOCATE|[73]|Bytes:174
00:34:16.0 (29026382)|HEAP_ALLOCATE|[73]|Bytes:4
00:34:16.0 (29285989)|SOQL_EXECUTE_BEGIN|[73]|Aggregations:0|SELECT CaseNumber, ContactEmail, ContactId, CreatedById, Description, Priority, Reason, Subject, origin, Issue_Type__c, accountid, status FROM Case WHERE accountid = :tmpVar1
00:34:16.0 (29294134)|LIMIT_USAGE|[73]|SOQL|5|100
00:34:16.0 (29300407)|LIMIT_USAGE|[73]|AGGS|0|300
00:34:16.0 (33357444)|SOQL_EXECUTE_END|[73]|Rows:1
00:34:16.0 (33364133)|LIMIT_USAGE|[73]|SOQL_ROWS|11|50000
00:34:16.0 (33374459)|HEAP_ALLOCATE|[73]|Bytes:8
00:34:16.0 (33384264)|HEAP_ALLOCATE|[73]|Bytes:335
00:34:16.0 (33398091)|HEAP_ALLOCATE|[73]|Bytes:8
00:34:16.0 (33407651)|VARIABLE_SCOPE_BEGIN|[73]|ocase|List<Case>|true|false
00:34:16.0 (33435893)|VARIABLE_ASSIGNMENT|[73]|ocase|[{"CaseNumber":"00001214","ContactEmail":"services@lightful.co (1 more) ...","ContactId":"0039E0000037h4mQAA","CreatedById":"00524000005uNfKAAU","Description":"testing related acc  (4 more) ...","Priority":"Medium","Subject":"testing related acc  (4 more) ...","Origin":"Web","AccountId":"0019E000006wqt7QAA","Status":"New","Id":"5009E00000206zGQAQ","RecordTypeId":"012240000002nYhAAI"}]|0x5a4e1360
00:34:16.0 (33440749)|STATEMENT_EXECUTE|[75]
00:34:16.0 (33454934)|SYSTEM_METHOD_ENTRY|[75]|communityCaseMgmtController.__sfdc_myOrgCases()
00:34:16.0 (33639260)|VARIABLE_ASSIGNMENT|[EXTERNAL]|this|{"accCaseCount":"0x173a0fc0","accName":"0x23eb4db5","con":"0x1a62b983","conRelatedAccsList":"0x690710ca","currentUser":"0x2dc53e08","currentUserId":"00524000005uNfKAAU","myCases":"0x620f2af","myOrgCases":"0x49001d46","newCase":"0x13ffa92","newCaseOwner":"0x6edc8697","qViewCaseComment":"0x7dc51504","relatedAccId":"0x2fff661e","showCreateCase":false}|0x287627bf
00:34:16.0 (33655276)|SYSTEM_METHOD_EXIT|[75]|communityCaseMgmtController.__sfdc_myOrgCases()
00:34:16.0 (33685829)|SYSTEM_METHOD_ENTRY|[75]|Map<Id,List<Case>>.put(Object, Object)
00:34:16.0 (33692708)|HEAP_ALLOCATE|[EXTERNAL]|Bytes:-4
00:34:16.0 (33700665)|SYSTEM_METHOD_EXIT|[75]|Map<Id,List<Case>>.put(Object, Object)
00:34:16.0 (33703768)|STATEMENT_EXECUTE|[78]
00:34:16.0 (33716463)|SYSTEM_METHOD_ENTRY|[78]|communityCaseMgmtController.__sfdc_accCaseCount()
00:34:16.0 (33860587)|VARIABLE_ASSIGNMENT|[EXTERNAL]|this|{"accCaseCount":"0x173a0fc0","accName":"0x23eb4db5","con":"0x1a62b983","conRelatedAccsList":"0x690710ca","currentUser":"0x2dc53e08","currentUserId":"00524000005uNfKAAU","myCases":"0x620f2af","myOrgCases":"0x49001d46","newCase":"0x13ffa92","newCaseOwner":"0x6edc8697","qViewCaseComment":"0x7dc51504","relatedAccId":"0x2fff661e","showCreateCase":false}|0x287627bf
00:34:16.0 (33872070)|SYSTEM_METHOD_EXIT|[78]|communityCaseMgmtController.__sfdc_accCaseCount()
00:34:16.0 (33913591)|SYSTEM_METHOD_ENTRY|[78]|List<Case>.size()
00:34:16.0 (33919501)|SYSTEM_METHOD_EXIT|[78]|List<Case>.size()
00:34:16.0 (33933715)|SYSTEM_METHOD_ENTRY|[78]|Map<Id,Integer>.put(Object, Object)
00:34:16.0 (33937773)|HEAP_ALLOCATE|[78]|Bytes:4
00:34:16.0 (33943204)|HEAP_ALLOCATE|[EXTERNAL]|Bytes:-4
00:34:16.0 (33950313)|SYSTEM_METHOD_EXIT|[78]|Map<Id,Integer>.put(Object, Object)
00:34:16.0 (33956804)|SYSTEM_METHOD_ENTRY|[81]|List<Case>.iterator()
00:34:16.0 (34055372)|SYSTEM_METHOD_EXIT|[81]|List<Case>.iterator()
00:34:16.0 (34069886)|SYSTEM_METHOD_ENTRY|[81]|system.ListIterator.hasNext()
00:34:16.0 (34078739)|HEAP_ALLOCATE|[81]|Bytes:5
00:34:16.0 (34083143)|SYSTEM_METHOD_EXIT|[81]|system.ListIterator.hasNext()
00:34:16.0 (34104089)|HEAP_ALLOCATE|[81]|Bytes:52
00:34:16.0 (34111941)|VARIABLE_SCOPE_BEGIN|[81]|c|Case|true|false
00:34:16.0 (34136152)|VARIABLE_ASSIGNMENT|[81]|c|{"CaseNumber":"00001214","ContactEmail":"services@lightful.co (1 more) ...","ContactId":"0039E0000037h4mQAA","CreatedById":"00524000005uNfKAAU","Description":"testing related acc  (4 more) ...","Priority":"Medium","Subject":"testing related acc  (4 more) ...","Origin":"Web","AccountId":"0019E000006wqt7QAA","Status":"New","Id":"5009E00000206zGQAQ","RecordTypeId":"012240000002nYhAAI"}|0x26d26203
00:34:16.0 (34141336)|STATEMENT_EXECUTE|[81]
00:34:16.0 (34142792)|STATEMENT_EXECUTE|[82]
00:34:16.0 (34158530)|SYSTEM_METHOD_ENTRY|[82]|communityCaseMgmtController.__sfdc_qViewCaseComment()
00:34:16.0 (34306933)|VARIABLE_ASSIGNMENT|[EXTERNAL]|this|{"accCaseCount":"0x173a0fc0","accName":"0x23eb4db5","con":"0x1a62b983","conRelatedAccsList":"0x690710ca","currentUser":"0x2dc53e08","currentUserId":"00524000005uNfKAAU","myCases":"0x620f2af","myOrgCases":"0x49001d46","newCase":"0x13ffa92","newCaseOwner":"0x6edc8697","qViewCaseComment":"0x7dc51504","relatedAccId":"0x2fff661e","showCreateCase":false}|0x287627bf
00:34:16.0 (34317735)|SYSTEM_METHOD_EXIT|[82]|communityCaseMgmtController.__sfdc_qViewCaseComment()
00:34:16.0 (34358366)|SYSTEM_METHOD_ENTRY|[82]|Map<Id,List<CaseComment>>.put(Object, Object)
00:34:16.0 (34363049)|HEAP_ALLOCATE|[EXTERNAL]|Bytes:-4
00:34:16.0 (34370586)|SYSTEM_METHOD_EXIT|[82]|Map<Id,List<CaseComment>>.put(Object, Object)
00:34:16.0 (34373050)|STATEMENT_EXECUTE|[84]
00:34:16.0 (34376478)|HEAP_ALLOCATE|[84]|Bytes:114
00:34:16.0 (34382915)|HEAP_ALLOCATE|[84]|Bytes:4
00:34:16.0 (34664058)|SOQL_EXECUTE_BEGIN|[84]|Aggregations:0|SELECT CommentBody, CreatedById, CreatedDate, Id, IsPublished, ParentId FROM CaseComment WHERE ParentId = :tmpVar1
00:34:16.0 (34670174)|LIMIT_USAGE|[84]|SOQL|6|100
00:34:16.0 (34676411)|LIMIT_USAGE|[84]|AGGS|0|300
00:34:16.0 (42472043)|SOQL_EXECUTE_END|[84]|Rows:1
00:34:16.0 (42480075)|LIMIT_USAGE|[84]|SOQL_ROWS|12|50000
00:34:16.0 (42492096)|HEAP_ALLOCATE|[84]|Bytes:8
00:34:16.0 (42507802)|HEAP_ALLOCATE|[84]|Bytes:149
00:34:16.0 (42536636)|HEAP_ALLOCATE|[84]|Bytes:8
00:34:16.0 (42566174)|SYSTEM_METHOD_ENTRY|[84]|communityCaseMgmtController.__sfdc_qViewComment(List<CaseComment>)
00:34:16.0 (42744659)|VARIABLE_ASSIGNMENT|[EXTERNAL]|this|{"accCaseCount":"0x173a0fc0","accName":"0x23eb4db5","con":"0x1a62b983","conRelatedAccsList":"0x690710ca","currentUser":"0x2dc53e08","currentUserId":"00524000005uNfKAAU","myCases":"0x620f2af","myOrgCases":"0x49001d46","newCase":"0x13ffa92","newCaseOwner":"0x6edc8697","qViewCaseComment":"0x7dc51504","relatedAccId":"0x2fff661e","showCreateCase":false}|0x287627bf
00:34:16.0 (42784727)|VARIABLE_ASSIGNMENT|[EXTERNAL]|value|[{"CommentBody":"test","CreatedById":"00524000005uNfKAAU","CreatedDate":"2017-03-27T11:15:53.000Z","Id":"00a9E000000EVyoQAG","IsPublished":false,"ParentId":"5009E00000206zGQAQ"}]|0x306862b2
00:34:16.0 (42803414)|VARIABLE_ASSIGNMENT|[165]|this.qViewComment|[{"CommentBody":"test","CreatedById":"00524000005uNfKAAU","CreatedDate":"2017-03-27T11:15:53.000Z","Id":"00a9E000000EVyoQAG","IsPublished":false,"ParentId":"5009E00000206zGQAQ"}]|0x287627bf
00:34:16.0 (42814278)|SYSTEM_METHOD_EXIT|[84]|communityCaseMgmtController.__sfdc_qViewComment(List<CaseComment>)
00:34:16.0 (42823868)|SYSTEM_METHOD_ENTRY|[86]|communityCaseMgmtController.__sfdc_qViewComment()
00:34:16.0 (42974948)|VARIABLE_ASSIGNMENT|[EXTERNAL]|this|{"accCaseCount":"0x173a0fc0","accName":"0x23eb4db5","con":"0x1a62b983","conRelatedAccsList":"0x690710ca","currentUser":"0x2dc53e08","currentUserId":"00524000005uNfKAAU","myCases":"0x620f2af","myOrgCases":"0x49001d46","newCase":"0x13ffa92","newCaseOwner":"0x6edc8697","qViewCaseComment":"0x7dc51504","qViewComment":"0x306862b2","relatedAccId":"0x2fff661e","showCreateCase":false}|0x287627bf
00:34:16.0 (42986056)|SYSTEM_METHOD_EXIT|[86]|communityCaseMgmtController.__sfdc_qViewComment()
00:34:16.0 (43023812)|SYSTEM_METHOD_ENTRY|[86]|List<CaseComment>.size()
00:34:16.0 (43029776)|SYSTEM_METHOD_EXIT|[86]|List<CaseComment>.size()
00:34:16.0 (43035932)|STATEMENT_EXECUTE|[87]
00:34:16.0 (43037377)|STATEMENT_EXECUTE|[88]
00:34:16.0 (43041954)|SYSTEM_METHOD_ENTRY|[88]|communityCaseMgmtController.__sfdc_qViewCaseComment()
00:34:16.0 (43189105)|VARIABLE_ASSIGNMENT|[EXTERNAL]|this|{"accCaseCount":"0x173a0fc0","accName":"0x23eb4db5","con":"0x1a62b983","conRelatedAccsList":"0x690710ca","currentUser":"0x2dc53e08","currentUserId":"00524000005uNfKAAU","myCases":"0x620f2af","myOrgCases":"0x49001d46","newCase":"0x13ffa92","newCaseOwner":"0x6edc8697","qViewCaseComment":"0x7dc51504","qViewComment":"0x306862b2","relatedAccId":"0x2fff661e","showCreateCase":false}|0x287627bf
00:34:16.0 (43198465)|SYSTEM_METHOD_EXIT|[88]|communityCaseMgmtController.__sfdc_qViewCaseComment()
00:34:16.0 (43208927)|SYSTEM_METHOD_ENTRY|[88]|communityCaseMgmtController.__sfdc_qViewComment()
00:34:16.0 (43334424)|VARIABLE_ASSIGNMENT|[EXTERNAL]|this|{"accCaseCount":"0x173a0fc0","accName":"0x23eb4db5","con":"0x1a62b983","conRelatedAccsList":"0x690710ca","currentUser":"0x2dc53e08","currentUserId":"00524000005uNfKAAU","myCases":"0x620f2af","myOrgCases":"0x49001d46","newCase":"0x13ffa92","newCaseOwner":"0x6edc8697","qViewCaseComment":"0x7dc51504","qViewComment":"0x306862b2","relatedAccId":"0x2fff661e","showCreateCase":false}|0x287627bf
00:34:16.0 (43342475)|SYSTEM_METHOD_EXIT|[88]|communityCaseMgmtController.__sfdc_qViewComment()
00:34:16.0 (43360937)|SYSTEM_METHOD_ENTRY|[88]|Map<Id,List<CaseComment>>.put(Object, Object)
00:34:16.0 (43372168)|SYSTEM_METHOD_EXIT|[88]|Map<Id,List<CaseComment>>.put(Object, Object)
00:34:16.0 (43374947)|STATEMENT_EXECUTE|[89]
00:34:16.0 (43379118)|HEAP_ALLOCATE|[89]|Bytes:31
00:34:16.0 (43384816)|SYSTEM_METHOD_ENTRY|[89]|communityCaseMgmtController.__sfdc_qViewCaseComment()
00:34:16.0 (43518880)|VARIABLE_ASSIGNMENT|[EXTERNAL]|this|{"accCaseCount":"0x173a0fc0","accName":"0x23eb4db5","con":"0x1a62b983","conRelatedAccsList":"0x690710ca","currentUser":"0x2dc53e08","currentUserId":"00524000005uNfKAAU","myCases":"0x620f2af","myOrgCases":"0x49001d46","newCase":"0x13ffa92","newCaseOwner":"0x6edc8697","qViewCaseComment":"0x7dc51504","qViewComment":"0x306862b2","relatedAccId":"0x2fff661e","showCreateCase":false}|0x287627bf
00:34:16.0 (43526844)|SYSTEM_METHOD_EXIT|[89]|communityCaseMgmtController.__sfdc_qViewCaseComment()
00:34:16.0 (43548999)|SYSTEM_METHOD_ENTRY|[89]|String.valueOf(Object)
00:34:16.0 (43612003)|HEAP_ALLOCATE|[89]|Bytes:189
00:34:16.0 (43624308)|SYSTEM_METHOD_EXIT|[89]|String.valueOf(Object)
00:34:16.0 (43633436)|HEAP_ALLOCATE|[89]|Bytes:220
00:34:16.0 (43645328)|SYSTEM_METHOD_ENTRY|[89]|System.debug(ANY)
00:34:16.0 (43652613)|USER_DEBUG|[89]|DEBUG|map value of qViewCaseComment: {5009E00000206zGQAQ=(CaseComment:{CommentBody=test, CreatedById=00524000005uNfKAAU, CreatedDate=2017-03-27 11:15:53, Id=00a9E000000EVyoQAG, IsPublished=false, ParentId=5009E00000206zGQAQ})}
00:34:16.0 (43657656)|SYSTEM_METHOD_EXIT|[89]|System.debug(ANY)
00:34:16.0 (43664465)|SYSTEM_METHOD_ENTRY|[91]|communityCaseMgmtController.__sfdc_qViewComment()
00:34:16.0 (43803303)|VARIABLE_ASSIGNMENT|[EXTERNAL]|this|{"accCaseCount":"0x173a0fc0","accName":"0x23eb4db5","con":"0x1a62b983","conRelatedAccsList":"0x690710ca","currentUser":"0x2dc53e08","currentUserId":"00524000005uNfKAAU","myCases":"0x620f2af","myOrgCases":"0x49001d46","newCase":"0x13ffa92","newCaseOwner":"0x6edc8697","qViewCaseComment":"0x7dc51504","qViewComment":"0x306862b2","relatedAccId":"0x2fff661e","showCreateCase":false}|0x287627bf
00:34:16.0 (43811503)|SYSTEM_METHOD_EXIT|[91]|communityCaseMgmtController.__sfdc_qViewComment()
00:34:16.0 (43818826)|SYSTEM_METHOD_ENTRY|[91]|List<CaseComment>.iterator()
00:34:16.0 (43896432)|SYSTEM_METHOD_EXIT|[91]|List<CaseComment>.iterator()
00:34:16.0 (43910953)|SYSTEM_METHOD_ENTRY|[91]|system.ListIterator.hasNext()
00:34:16.0 (43919325)|HEAP_ALLOCATE|[91]|Bytes:5
00:34:16.0 (43924110)|SYSTEM_METHOD_EXIT|[91]|system.ListIterator.hasNext()
00:34:16.0 (43953460)|HEAP_ALLOCATE|[91]|Bytes:28
00:34:16.0 (43961493)|VARIABLE_SCOPE_BEGIN|[91]|cc|CaseComment|true|false
00:34:16.0 (43981072)|VARIABLE_ASSIGNMENT|[91]|cc|{"CommentBody":"test","CreatedById":"00524000005uNfKAAU","CreatedDate":"2017-03-27T11:15:53.000Z","Id":"00a9E000000EVyoQAG","IsPublished":false,"ParentId":"5009E00000206zGQAQ"}|0x63d28a84
00:34:16.0 (43985076)|STATEMENT_EXECUTE|[92]
00:34:16.0 (43986322)|STATEMENT_EXECUTE|[93]
00:34:16.0 (43989851)|HEAP_ALLOCATE|[93]|Bytes:45
00:34:16.0 (43996834)|HEAP_ALLOCATE|[93]|Bytes:4
00:34:16.0 (44186045)|SOQL_EXECUTE_BEGIN|[93]|Aggregations:0|SELECT id, name FROM user WHERE id = :tmpVar1
00:34:16.0 (44192477)|LIMIT_USAGE|[93]|SOQL|7|100
00:34:16.0 (44201354)|LIMIT_USAGE|[93]|AGGS|0|300
00:34:16.0 (56822774)|SOQL_EXECUTE_END|[93]|Rows:1
00:34:16.0 (56830377)|LIMIT_USAGE|[93]|SOQL_ROWS|13|50000
00:34:16.0 (56841121)|HEAP_ALLOCATE|[93]|Bytes:8
00:34:16.0 (56853107)|HEAP_ALLOCATE|[93]|Bytes:45
00:34:16.0 (56871048)|HEAP_ALLOCATE|[93]|Bytes:8
00:34:16.0 (56900960)|HEAP_ALLOCATE|[93]|Bytes:12
00:34:16.0 (56906328)|VARIABLE_SCOPE_BEGIN|[93]|u|User|true|false
00:34:16.0 (56919904)|VARIABLE_ASSIGNMENT|[93]|u|{"Id":"00524000005uNfKAAU","Name":"Neela SN"}|0x641267f3
00:34:16.0 (56922896)|STATEMENT_EXECUTE|[94]
00:34:16.0 (56936868)|SYSTEM_METHOD_ENTRY|[94]|communityCaseMgmtController.__sfdc_qViewcommentUser()
00:34:16.0 (57131976)|VARIABLE_ASSIGNMENT|[EXTERNAL]|this|{"accCaseCount":"0x173a0fc0","accName":"0x23eb4db5","con":"0x1a62b983","conRelatedAccsList":"0x690710ca","currentUser":"0x2dc53e08","currentUserId":"00524000005uNfKAAU","myCases":"0x620f2af","myOrgCases":"0x49001d46","newCase":"0x13ffa92","newCaseOwner":"0x6edc8697","qViewCaseComment":"0x7dc51504","qViewComment":"0x306862b2","relatedAccId":"0x2fff661e","showCreateCase":false}|0x287627bf
00:34:16.0 (57147028)|SYSTEM_METHOD_EXIT|[94]|communityCaseMgmtController.__sfdc_qViewcommentUser()
00:34:16.0 (57229021)|HEAP_ALLOCATE|[94]|Bytes:41
00:34:16.0 (57310405)|FATAL_ERROR|System.NullPointerException: Attempt to de-reference a null object

Class.communityCaseMgmtController.<init>: line 94, column 1
00:34:16.0 (57366888)|VF_APEX_CALL_END|communityCaseMgmtController <init>
00:34:16.68 (68593833)|CUMULATIVE_PROFILING_BEGIN
00:34:16.68 (68593833)|CUMULATIVE_PROFILING|SOQL operations|
Class.communityCaseMgmtController.<init>: line 93, column 1: [select id,name from user where id= : cc.createdById]: executed 1 time in 13 ms
Class.communityCaseMgmtController.<init>: line 84, column 1: [SELECT CommentBody,CreatedById,CreatedDate,Id,IsPublished,ParentId FROM CaseComment where ParentId =: c.id]: executed 2 times in 8 ms
Class.communityCaseMgmtController.<init>: line 71, column 1: [select id,name from account where id =:a.accountid]: executed 1 time in 4 ms
Class.communityCaseMgmtController.<init>: line 73, column 1: [SELECT CaseNumber,ContactEmail,ContactId,CreatedById,Description,Priority,Reason,Subject,origin,Issue_Type__c,accountid,status FROM Case where accountid= :a.accountid]: executed 1 time in 4 ms
Class.communityCaseMgmtController.<init>: line 51, column 1: [SELECT AccountId,ContactId,IsActive,IsDirect,Roles FROM AccountContactRelation WHERE ContactId = '0039E000004AdCP']: executed 2 times in 3 ms

00:34:16.68 (68593833)|CUMULATIVE_PROFILING|No profiling information for SOSL operations
00:34:16.68 (68593833)|CUMULATIVE_PROFILING|No profiling information for DML operations
00:34:16.68 (68593833)|CUMULATIVE_PROFILING|method invocations|
External entry point: public void <init>(): executed 1 time in 52 ms
Class.communityCaseMgmtController.<init>: line 55, column 1: public Id __sfdc_currentUserId(): executed 3 times in 6 ms
Class.communityCaseMgmtController.<init>: line 24, column 1: public Id __sfdc_currentUserId(): executed 3 times in 5 ms
Class.communityCaseMgmtController.<init>: line 70, column 1: public List<Id> __sfdc_relatedAccId(): executed 2 times in 1 ms
Class.communityCaseMgmtController.<init>: line 75, column 1: public Map<Id,List<Case>> __sfdc_myOrgCases(): executed 2 times in 1 ms
Class.communityCaseMgmtController.<init>: line 23, column 1: global static String getUserId(): executed 2 times in 1 ms
Class.communityCaseMgmtController.<init>: line 89, column 1: public Map<Id,List<CaseComment>> __sfdc_qViewCaseComment(): executed 3 times in 1 ms
Class.communityCaseMgmtController.<init>: line 30, column 1: public void __sfdc_myOrgCases(Map<Id,List<Case>>): executed 1 time in 1 ms
Class.communityCaseMgmtController.<init>: line 61, column 1: public List<AccountContactRelation> __sfdc_conRelatedAccsList(): executed 3 times in 1 ms
Class.communityCaseMgmtController.<init>: line 66, column 1: public List<AccountContactRelation> __sfdc_conRelatedAccsList(): executed 2 times in 0 ms
Class.communityCaseMgmtController.<init>: line 69, column 1: public List<AccountContactRelation> __sfdc_conRelatedAccsList(): executed 3 times in 0 ms

00:34:16.68 (68593833)|CUMULATIVE_PROFILING_END
