39.0 APEX_CODE,FINEST;APEX_PROFILING,FINEST;CALLOUT,FINEST;DB,FINEST;SYSTEM,FINE;VALIDATION,INFO;VISUALFORCE,FINER;WAVE,INFO;WORKFLOW,FINER
04:48:44.0 (354883)|USER_INFO|[EXTERNAL]|00524000005uNfK|neela@lightful.com.commundev|Line Is. Time|GMT+14:00
04:48:44.0 (376592)|EXECUTION_STARTED
04:48:44.0 (379355)|CODE_UNIT_STARTED|[EXTERNAL]|0669E000000CvHr|VF: /apex/communityCheckout
04:48:44.0 (981145)|VF_DESERIALIZE_VIEWSTATE_BEGIN|0669E000000CvHr
04:48:44.0 (11164913)|HEAP_ALLOCATE|[72]|Bytes:3
04:48:44.0 (11198656)|HEAP_ALLOCATE|[77]|Bytes:152
04:48:44.0 (11215518)|HEAP_ALLOCATE|[342]|Bytes:408
04:48:44.0 (11243470)|HEAP_ALLOCATE|[355]|Bytes:408
04:48:44.0 (11264310)|HEAP_ALLOCATE|[467]|Bytes:48
04:48:44.0 (11295589)|HEAP_ALLOCATE|[139]|Bytes:6
04:48:44.0 (16512813)|VF_DESERIALIZE_VIEWSTATE_END
04:48:44.21 (21557929)|VF_APEX_CALL_START|[EXTERNAL]|/apexpage/pagemessagescomponentcontroller.apex get(severities)
04:48:44.21 (21573818)|SYSTEM_MODE_ENTER|true
04:48:44.21 (21596354)|VF_APEX_CALL_START|[EXTERNAL]|PageMessagesComponentController invoke(getseverities)
04:48:44.21 (21624637)|HEAP_ALLOCATE|[EXTERNAL]|Bytes:38
04:48:44.21 (21632305)|HEAP_ALLOCATE|[EXTERNAL]|Bytes:7
04:48:44.21 (21640466)|SYSTEM_METHOD_ENTRY|[1]|PageMessagesComponentController.PageMessagesComponentController()
04:48:44.21 (21643930)|STATEMENT_EXECUTE|[1]
04:48:44.22 (22347311)|VF_APEX_CALL_START|[EXTERNAL]|/apexpage/pagemessagescomponentcontroller.apex set(conEscape,null)
04:48:44.22 (22356359)|SYSTEM_MODE_ENTER|true
04:48:44.22 (22365150)|VF_APEX_CALL_START|[EXTERNAL]|PageMessagesComponentController set(conEscape,null)
04:48:44.22 (22382141)|VF_APEX_CALL_START|[EXTERNAL]|PageMessagesComponentController invoke(setconEscape)
04:48:44.22 (22400795)|HEAP_ALLOCATE|[EXTERNAL]|Bytes:8
04:48:44.22 (22405930)|VARIABLE_SCOPE_BEGIN|[88]|this|ApexPage.PageMessagesComponentController|true|false
04:48:44.22 (22436079)|VARIABLE_ASSIGNMENT|[88]|this|{}|0x1a103819
04:48:44.22 (22438689)|VARIABLE_SCOPE_BEGIN|[88]|escape|Boolean|false|false
04:48:44.22 (22443319)|VARIABLE_ASSIGNMENT|[88]|escape|null
04:48:44.0 (22613510)|VF_APEX_CALL_START|[EXTERNAL]|01p9E000000Dmea|CommunityProdController get(getOLI)
04:48:44.0 (22619551)|SYSTEM_MODE_ENTER|true
04:48:44.0 (22630088)|VF_APEX_CALL_START|[EXTERNAL]|01p9E000000Dmea|getOLI
04:48:44.0 (22638970)|HEAP_ALLOCATE|[EXTERNAL]|Bytes:560
04:48:44.0 (22646979)|HEAP_ALLOCATE|[EXTERNAL]|Bytes:94
04:48:44.0 (22649885)|HEAP_ALLOCATE|[EXTERNAL]|Bytes:35
04:48:44.0 (22656819)|METHOD_ENTRY|[1]|01p9E000000Dmea|CommunityProdController.CommunityProdController()
04:48:44.0 (22659462)|STATEMENT_EXECUTE|[1]
04:48:44.0 (22662820)|STATEMENT_EXECUTE|[1]
04:48:44.0 (22666051)|METHOD_EXIT|[1]|CommunityProdController
04:48:44.0 (22673206)|VF_APEX_CALL_END|getOLI
04:48:44.0 (22684923)|VF_APEX_CALL_END|CommunityProdController get(getOLI)
04:48:44.23 (23019430)|VF_APEX_CALL_START|[EXTERNAL]|/apexpage/pagemessagescomponentcontroller.apex set(conEscape,null)
04:48:44.23 (23028239)|SYSTEM_MODE_ENTER|true
04:48:44.23 (23034716)|VF_APEX_CALL_START|[EXTERNAL]|PageMessagesComponentController set(conEscape,null)
04:48:44.23 (23052059)|VF_APEX_CALL_START|[EXTERNAL]|PageMessagesComponentController invoke(setconEscape)
04:48:44.23 (23069610)|HEAP_ALLOCATE|[EXTERNAL]|Bytes:8
04:48:44.23 (23073815)|VARIABLE_SCOPE_BEGIN|[88]|this|ApexPage.PageMessagesComponentController|true|false
04:48:44.23 (23089552)|VARIABLE_ASSIGNMENT|[88]|this|{}|0x1a103819
04:48:44.23 (23091793)|VARIABLE_SCOPE_BEGIN|[88]|escape|Boolean|false|false
04:48:44.23 (23094946)|VARIABLE_ASSIGNMENT|[88]|escape|null
04:48:44.0 (23458710)|VF_APEX_CALL_START|[EXTERNAL]|01p9E000000Dmea|CommunityProdController invoke(deleteOppProd)
04:48:44.0 (23494450)|HEAP_ALLOCATE|[EXTERNAL]|Bytes:104
04:48:44.0 (23500586)|VARIABLE_SCOPE_BEGIN|[145]|this|CommunityProdController|true|false
04:48:44.0 (23830864)|VARIABLE_ASSIGNMENT|[145]|this|{"con":"0x76b02f5b","currentUser":"0x504804ec","currentUserId":"00524000005uNfKAAU","getOLI":"0x379ea0ac","newOpp":"0x81ae04a","oppValueSummary":"0x7fa7cce5","pbEntry":"0x6f58d899","prod_pbEntry":"0x2d018e1e","prodList":"0x72463344","prodListDisp":"0x3347090d"}|0x18d6364a
04:48:44.0 (23840624)|STATEMENT_EXECUTE|[146]
04:48:44.0 (23842359)|STATEMENT_EXECUTE|[147]
04:48:44.0 (23845483)|HEAP_ALLOCATE|[147]|Bytes:18
04:48:44.0 (23857690)|SYSTEM_METHOD_ENTRY|[147]|CommunityProdController.__sfdc_delOppProdId()
04:48:44.0 (23998141)|VARIABLE_ASSIGNMENT|[EXTERNAL]|this|{"con":"0x76b02f5b","currentUser":"0x504804ec","currentUserId":"00524000005uNfKAAU","getOLI":"0x379ea0ac","newOpp":"0x81ae04a","oppValueSummary":"0x7fa7cce5","pbEntry":"0x6f58d899","prod_pbEntry":"0x2d018e1e","prodList":"0x72463344","prodListDisp":"0x3347090d"}|0x18d6364a
04:48:44.0 (24009889)|SYSTEM_METHOD_EXIT|[147]|CommunityProdController.__sfdc_delOppProdId()
04:48:44.0 (24039033)|SYSTEM_METHOD_ENTRY|[147]|String.valueOf(Object)
04:48:44.0 (24048324)|SYSTEM_METHOD_EXIT|[147]|String.valueOf(Object)
04:48:44.0 (24056371)|HEAP_ALLOCATE|[147]|Bytes:22
04:48:44.0 (24071849)|SYSTEM_METHOD_ENTRY|[147]|System.debug(ANY)
04:48:44.0 (24077609)|USER_DEBUG|[147]|DEBUG|del opp prod id : null
04:48:44.0 (24081425)|SYSTEM_METHOD_EXIT|[147]|System.debug(ANY)
04:48:44.0 (24084123)|STATEMENT_EXECUTE|[148]
04:48:44.0 (24086778)|HEAP_ALLOCATE|[148]|Bytes:27
04:48:44.0 (24094599)|SYSTEM_METHOD_ENTRY|[148]|CommunityProdController.__sfdc_getOLI()
04:48:44.0 (24236479)|VARIABLE_ASSIGNMENT|[EXTERNAL]|this|{"con":"0x76b02f5b","currentUser":"0x504804ec","currentUserId":"00524000005uNfKAAU","getOLI":"0x379ea0ac","newOpp":"0x81ae04a","oppValueSummary":"0x7fa7cce5","pbEntry":"0x6f58d899","prod_pbEntry":"0x2d018e1e","prodList":"0x72463344","prodListDisp":"0x3347090d"}|0x18d6364a
04:48:44.0 (24248727)|SYSTEM_METHOD_EXIT|[148]|CommunityProdController.__sfdc_getOLI()
04:48:44.0 (24263537)|SYSTEM_METHOD_ENTRY|[148]|String.valueOf(Object)
04:48:44.0 (24905237)|HEAP_ALLOCATE|[148]|Bytes:522
04:48:44.0 (24924388)|SYSTEM_METHOD_EXIT|[148]|String.valueOf(Object)
04:48:44.0 (24932379)|HEAP_ALLOCATE|[148]|Bytes:549
04:48:44.0 (24940393)|SYSTEM_METHOD_ENTRY|[148]|System.debug(ANY)
04:48:44.0 (24945026)|USER_DEBUG|[148]|DEBUG|getOLI values before delete(OpportunityLineItem:{Id=00k9E000003HqfVQAS, ListPrice=1200.00, Name=Opp_null_1490613688425 First Partners - Full Licence, OpportunityId=0069E000002lBcbQAE, Product2Id=01t24000002t6w2AAA, ProductCode=FPFL12000, Quantity=1.00, TotalPrice=1200.00, UnitPrice=1200.00}, OpportunityLineItem:{Id=00k9E000003HqfQQAS, ListPrice=200.00, Name=Opp_null_1490613688425 First Partners - Donor 3D, OpportunityId=0069E000002lBcbQAE, Product2Id=01t24000002t81MAAQ, ProductCode=FPD3D200, Quantity=1.00, TotalPrice=200.00, UnitPrice=200.00})
04:48:44.0 (24950637)|SYSTEM_METHOD_EXIT|[148]|System.debug(ANY)
04:48:44.0 (24953333)|STATEMENT_EXECUTE|[150]
04:48:44.0 (24956288)|HEAP_ALLOCATE|[150]|Bytes:144
04:48:44.0 (24963383)|HEAP_ALLOCATE|[150]|Bytes:4
04:48:44.0 (24970427)|HEAP_ALLOCATE|[150]|Bytes:7
04:48:44.0 (24975531)|SYSTEM_METHOD_ENTRY|[150]|CommunityProdController.__sfdc_delOppProdId()
04:48:44.0 (25122981)|VARIABLE_ASSIGNMENT|[EXTERNAL]|this|{"con":"0x76b02f5b","currentUser":"0x504804ec","currentUserId":"00524000005uNfKAAU","getOLI":"0x379ea0ac","newOpp":"0x81ae04a","oppValueSummary":"0x7fa7cce5","pbEntry":"0x6f58d899","prod_pbEntry":"0x2d018e1e","prodList":"0x72463344","prodListDisp":"0x3347090d"}|0x18d6364a
04:48:44.0 (25132830)|SYSTEM_METHOD_EXIT|[150]|CommunityProdController.__sfdc_delOppProdId()
04:48:44.0 (25409972)|SOQL_EXECUTE_BEGIN|[150]|Aggregations:0|SELECT Id, ListPrice, Name, OpportunityId, Product2Id, ProductCode, Quantity, TotalPrice, UnitPrice FROM OpportunityLineItem WHERE id = :tmpVar1
04:48:44.0 (25417011)|LIMIT_USAGE|[150]|SOQL|1|100
04:48:44.0 (25424025)|LIMIT_USAGE|[150]|AGGS|0|300
04:48:44.0 (30360273)|SOQL_EXECUTE_END|[150]|Rows:0
04:48:44.0 (30366784)|LIMIT_USAGE|[150]|SOQL_ROWS|0|50000
04:48:44.0 (30378927)|HEAP_ALLOCATE|[150]|Bytes:4
04:48:44.0 (30386972)|HEAP_ALLOCATE|[150]|Bytes:0
04:48:44.0 (30411429)|HEAP_ALLOCATE|[150]|Bytes:4
04:48:44.0 (30419333)|HEAP_ALLOCATE|[150]|Bytes:45
04:48:44.0 (30481297)|HEAP_ALLOCATE|[150]|Bytes:46
04:48:44.0 (30552791)|FATAL_ERROR|System.QueryException: List has no rows for assignment to SObject

Class.CommunityProdController.deleteOppProd: line 150, column 1
04:48:44.0 (30562022)|VF_APEX_CALL_END|CommunityProdController invoke(deleteOppProd)
04:48:44.48 (48620310)|CUMULATIVE_PROFILING_BEGIN
04:48:44.48 (48620310)|CUMULATIVE_PROFILING|No profiling information for SOQL operations
04:48:44.48 (48620310)|CUMULATIVE_PROFILING|No profiling information for SOSL operations
04:48:44.48 (48620310)|CUMULATIVE_PROFILING|No profiling information for DML operations
04:48:44.48 (48620310)|CUMULATIVE_PROFILING|method invocations|
External entry point: public void deleteOppProd(): executed 1 time in 7 ms
Class.CommunityProdController.deleteOppProd: line 150, column 1: public Id __sfdc_delOppProdId(): executed 2 times in 6 ms
Class.CommunityProdController.deleteOppProd: line 148, column 1: public List<OpportunityLineItem> __sfdc_getOLI(): executed 3 times in 1 ms
Class.CommunityProdController.deleteOppProd: line 147, column 1: public Id __sfdc_delOppProdId(): executed 3 times in 0 ms

04:48:44.48 (48620310)|CUMULATIVE_PROFILING_END
