39.0 APEX_CODE,FINEST;APEX_PROFILING,FINEST;CALLOUT,FINEST;DB,FINEST;SYSTEM,FINE;VALIDATION,INFO;VISUALFORCE,FINER;WAVE,INFO;WORKFLOW,FINER
23:51:25.0 (287085)|USER_INFO|[EXTERNAL]|00524000005uNfK|neela@lightful.com.commundev|Line Is. Time|GMT+14:00
23:51:25.0 (310036)|EXECUTION_STARTED
23:51:25.0 (313512)|CODE_UNIT_STARTED|[EXTERNAL]|0669E000000Cv0R|VF: /apex/communityCaseMgmt
23:51:25.0 (731884)|VF_DESERIALIZE_VIEWSTATE_BEGIN|0669E000000Cv0R
23:51:25.0 (5849209)|HEAP_ALLOCATE|[72]|Bytes:3
23:51:25.0 (5890536)|HEAP_ALLOCATE|[77]|Bytes:152
23:51:25.0 (5905039)|HEAP_ALLOCATE|[342]|Bytes:408
23:51:25.0 (5919221)|HEAP_ALLOCATE|[355]|Bytes:408
23:51:25.0 (5932188)|HEAP_ALLOCATE|[467]|Bytes:48
23:51:25.0 (5957892)|HEAP_ALLOCATE|[139]|Bytes:6
23:51:25.0 (6424046)|HEAP_ALLOCATE|[50]|Bytes:5
23:51:25.0 (6448773)|HEAP_ALLOCATE|[56]|Bytes:5
23:51:25.0 (6456170)|HEAP_ALLOCATE|[64]|Bytes:7
23:51:25.0 (9911577)|VF_DESERIALIZE_VIEWSTATE_END
23:51:25.12 (12588489)|VF_APEX_CALL_START|[EXTERNAL]|/apexpage/pagemessagescomponentcontroller.apex get(severities)
23:51:25.12 (12605251)|SYSTEM_MODE_ENTER|true
23:51:25.12 (12629814)|VF_APEX_CALL_START|[EXTERNAL]|PageMessagesComponentController invoke(getseverities)
23:51:25.12 (12660293)|HEAP_ALLOCATE|[EXTERNAL]|Bytes:38
23:51:25.12 (12666661)|HEAP_ALLOCATE|[EXTERNAL]|Bytes:7
23:51:25.12 (12674884)|SYSTEM_METHOD_ENTRY|[1]|PageMessagesComponentController.PageMessagesComponentController()
23:51:25.12 (12678707)|STATEMENT_EXECUTE|[1]
23:51:25.13 (13440317)|VF_APEX_CALL_START|[EXTERNAL]|/apexpage/pagemessagescomponentcontroller.apex set(conEscape,null)
23:51:25.13 (13448904)|SYSTEM_MODE_ENTER|true
23:51:25.13 (13457979)|VF_APEX_CALL_START|[EXTERNAL]|PageMessagesComponentController set(conEscape,null)
23:51:25.13 (13473438)|VF_APEX_CALL_START|[EXTERNAL]|PageMessagesComponentController invoke(setconEscape)
23:51:25.13 (13492530)|HEAP_ALLOCATE|[EXTERNAL]|Bytes:8
23:51:25.13 (13497943)|VARIABLE_SCOPE_BEGIN|[88]|this|ApexPage.PageMessagesComponentController|true|false
23:51:25.13 (13530339)|VARIABLE_ASSIGNMENT|[88]|this|{}|0x45835de
23:51:25.13 (13532870)|VARIABLE_SCOPE_BEGIN|[88]|escape|Boolean|false|false
23:51:25.13 (13537132)|VARIABLE_ASSIGNMENT|[88]|escape|null
23:51:25.0 (13673701)|VF_APEX_CALL_START|[EXTERNAL]|01p9E000000Dmpd|communityCaseMgmtController get(myCases)
23:51:25.0 (13679556)|SYSTEM_MODE_ENTER|true
23:51:25.0 (13689068)|VF_APEX_CALL_START|[EXTERNAL]|01p9E000000Dmpd|myCases
23:51:25.0 (13698822)|HEAP_ALLOCATE|[EXTERNAL]|Bytes:412
23:51:25.0 (13705622)|HEAP_ALLOCATE|[EXTERNAL]|Bytes:76
23:51:25.0 (13708345)|HEAP_ALLOCATE|[EXTERNAL]|Bytes:27
23:51:25.0 (13714328)|METHOD_ENTRY|[1]|01p9E000000Dmpd|communityCaseMgmtController.communityCaseMgmtController()
23:51:25.0 (13717003)|STATEMENT_EXECUTE|[1]
23:51:25.0 (13720678)|STATEMENT_EXECUTE|[1]
23:51:25.0 (13724018)|METHOD_EXIT|[1]|communityCaseMgmtController
23:51:25.0 (13731576)|VF_APEX_CALL_END|myCases
23:51:25.0 (13743482)|VF_APEX_CALL_END|communityCaseMgmtController get(myCases)
23:51:25.0 (13972609)|VF_APEX_CALL_START|[EXTERNAL]|01p9E000000Dmpd|communityCaseMgmtController get(relatedAccId)
23:51:25.0 (13977803)|SYSTEM_MODE_ENTER|true
23:51:25.0 (13983284)|VF_APEX_CALL_START|[EXTERNAL]|01p9E000000Dmpd|relatedAccId
23:51:25.0 (13989934)|VF_APEX_CALL_END|relatedAccId
23:51:25.0 (13999950)|VF_APEX_CALL_END|communityCaseMgmtController get(relatedAccId)
23:51:25.0 (14073889)|VF_EVALUATE_FORMULA_BEGIN|0669E000000Cv0R|#{myOrgCases[accid]}
23:51:25.0 (14126138)|VF_APEX_CALL_START|[EXTERNAL]|01p9E000000Dmpd|communityCaseMgmtController get(myOrgCases)
23:51:25.0 (14130992)|SYSTEM_MODE_ENTER|true
23:51:25.0 (14136160)|VF_APEX_CALL_START|[EXTERNAL]|01p9E000000Dmpd|myOrgCases
23:51:25.0 (14143137)|VF_APEX_CALL_END|myOrgCases
23:51:25.0 (14153044)|VF_APEX_CALL_END|communityCaseMgmtController get(myOrgCases)
23:51:25.0 (14226081)|VF_EVALUATE_FORMULA_END
23:51:25.0 (14236518)|VF_EVALUATE_FORMULA_BEGIN|0669E000000Cv0R|#{myOrgCases[accid]}
23:51:25.0 (14256041)|VF_EVALUATE_FORMULA_END
23:51:25.0 (14322056)|VF_EVALUATE_FORMULA_BEGIN|0669E000000Cv0R|#{myOrgCases[accid]}
23:51:25.0 (14353308)|VF_EVALUATE_FORMULA_END
23:51:25.0 (14358928)|VF_EVALUATE_FORMULA_BEGIN|0669E000000Cv0R|#{myOrgCases[accid]}
23:51:25.0 (14372780)|VF_EVALUATE_FORMULA_END
23:51:25.0 (14557867)|VF_APEX_CALL_START|[EXTERNAL]|01p9E000000Dmpd|communityCaseMgmtController get(newcaseOwner)
23:51:25.0 (14563646)|SYSTEM_MODE_ENTER|true
23:51:25.0 (14569136)|VF_APEX_CALL_START|[EXTERNAL]|01p9E000000Dmpd|newcaseOwner
23:51:25.0 (14576676)|VF_APEX_CALL_END|newcaseOwner
23:51:25.0 (14587741)|VF_APEX_CALL_END|communityCaseMgmtController get(newcaseOwner)
23:51:25.0 (17752014)|VF_APEX_CALL_START|[EXTERNAL]|01p9E000000Dmpd|communityCaseMgmtController get(newCase)
23:51:25.0 (17758863)|SYSTEM_MODE_ENTER|true
23:51:25.0 (17765164)|VF_APEX_CALL_START|[EXTERNAL]|01p9E000000Dmpd|newCase
23:51:25.0 (17773344)|VF_APEX_CALL_END|newCase
23:51:25.0 (17785200)|VF_APEX_CALL_END|communityCaseMgmtController get(newCase)
23:51:25.0 (21139346)|VF_EVALUATE_FORMULA_BEGIN|0669E000000Cv0R|#{myOrgCases[accid]}
23:51:25.0 (21169184)|VF_EVALUATE_FORMULA_END
23:51:25.0 (21177703)|VF_EVALUATE_FORMULA_BEGIN|0669E000000Cv0R|#{myOrgCases[accid]}
23:51:25.0 (21191606)|VF_EVALUATE_FORMULA_END
23:51:25.22 (22295766)|VF_APEX_CALL_START|[EXTERNAL]|/apexpage/pagemessagescomponentcontroller.apex set(conEscape,null)
23:51:25.22 (22304265)|SYSTEM_MODE_ENTER|true
23:51:25.22 (22311837)|VF_APEX_CALL_START|[EXTERNAL]|PageMessagesComponentController set(conEscape,null)
23:51:25.22 (22328285)|VF_APEX_CALL_START|[EXTERNAL]|PageMessagesComponentController invoke(setconEscape)
23:51:25.22 (22347328)|HEAP_ALLOCATE|[EXTERNAL]|Bytes:8
23:51:25.22 (22352729)|VARIABLE_SCOPE_BEGIN|[88]|this|ApexPage.PageMessagesComponentController|true|false
23:51:25.22 (22370933)|VARIABLE_ASSIGNMENT|[88]|this|{}|0x45835de
23:51:25.22 (22373407)|VARIABLE_SCOPE_BEGIN|[88]|escape|Boolean|false|false
23:51:25.22 (22376740)|VARIABLE_ASSIGNMENT|[88]|escape|null
23:51:25.0 (23175184)|VF_APEX_CALL_START|[EXTERNAL]|communityCaseMgmtController set(qViewCaseId,5009E000001w1HiQAI)
23:51:25.0 (23181835)|SYSTEM_MODE_ENTER|true
23:51:25.0 (23188931)|VF_APEX_CALL_START|[EXTERNAL]|communityCaseMgmtController set(qViewCaseId,5009E000001w1HiQAI)
23:51:25.0 (23213726)|HEAP_ALLOCATE|[EXTERNAL]|Bytes:4
23:51:25.0 (23217477)|HEAP_ALLOCATE|[EXTERNAL]|Bytes:72
23:51:25.0 (23333179)|VARIABLE_ASSIGNMENT|[EXTERNAL]|this.qViewCaseId|"5009E000001w1HiQAI"|0x5ecc9d01
23:51:25.0 (23341517)|VF_APEX_CALL_END|communityCaseMgmtController set(qViewCaseId,5009E000001w1HiQAI)
23:51:25.0 (23356166)|VF_APEX_CALL_END|communityCaseMgmtController set(qViewCaseId,5009E000001w1HiQAI)
23:51:25.0 (23577291)|VF_APEX_CALL_START|[EXTERNAL]|01p9E000000Dmpd|communityCaseMgmtController invoke(quickViewCase)
23:51:25.0 (23598074)|HEAP_ALLOCATE|[EXTERNAL]|Bytes:72
23:51:25.0 (23607089)|VARIABLE_SCOPE_BEGIN|[137]|this|communityCaseMgmtController|true|false
23:51:25.0 (23767212)|VARIABLE_ASSIGNMENT|[137]|this|{"accCaseCount":"0x6437bbb9","accName":"0x95a86da","caseOwner":"0xe7705e8","con":"0x7836a388","conRelatedAccsList":"0x21852544","currentUser":"0x7c340bf8","currentUserId":"00524000005uNfKAAU","myCases":"0x4ada19d3","myOrgCases":"0x1d3164a0","newCase":"0x7bdc9e3","newCaseOwner":"0xf9a7355","qViewcase":"0x532dd295","qViewCaseId":"5009E000001w1HiQAI","relatedAccId":"0x54041415","showCreateCase":false}|0x5ecc9d01
23:51:25.0 (23777518)|STATEMENT_EXECUTE|[138]
23:51:25.0 (23778996)|STATEMENT_EXECUTE|[139]
23:51:25.0 (23782449)|HEAP_ALLOCATE|[139]|Bytes:19
23:51:25.0 (23796030)|SYSTEM_METHOD_ENTRY|[139]|communityCaseMgmtController.__sfdc_qViewCaseId()
23:51:25.0 (23928938)|VARIABLE_ASSIGNMENT|[EXTERNAL]|this|{"accCaseCount":"0x6437bbb9","accName":"0x95a86da","caseOwner":"0xe7705e8","con":"0x7836a388","conRelatedAccsList":"0x21852544","currentUser":"0x7c340bf8","currentUserId":"00524000005uNfKAAU","myCases":"0x4ada19d3","myOrgCases":"0x1d3164a0","newCase":"0x7bdc9e3","newCaseOwner":"0xf9a7355","qViewcase":"0x532dd295","qViewCaseId":"5009E000001w1HiQAI","relatedAccId":"0x54041415","showCreateCase":false}|0x5ecc9d01
23:51:25.0 (23941504)|SYSTEM_METHOD_EXIT|[139]|communityCaseMgmtController.__sfdc_qViewCaseId()
23:51:25.0 (23976272)|SYSTEM_METHOD_ENTRY|[139]|String.valueOf(Object)
23:51:25.0 (23982270)|HEAP_ALLOCATE|[139]|Bytes:18
23:51:25.0 (23990884)|SYSTEM_METHOD_EXIT|[139]|String.valueOf(Object)
23:51:25.0 (24001042)|HEAP_ALLOCATE|[139]|Bytes:37
23:51:25.0 (24017711)|SYSTEM_METHOD_ENTRY|[139]|System.debug(ANY)
23:51:25.0 (24024962)|USER_DEBUG|[139]|DEBUG|viewing the case : 5009E000001w1HiQAI
23:51:25.0 (24028589)|SYSTEM_METHOD_EXIT|[139]|System.debug(ANY)
23:51:25.0 (24031180)|STATEMENT_EXECUTE|[140]
23:51:25.0 (24034019)|HEAP_ALLOCATE|[140]|Bytes:117
23:51:25.0 (24040840)|HEAP_ALLOCATE|[140]|Bytes:4
23:51:25.0 (24048578)|HEAP_ALLOCATE|[140]|Bytes:7
23:51:25.0 (24053052)|SYSTEM_METHOD_ENTRY|[140]|communityCaseMgmtController.__sfdc_qViewCaseId()
23:51:25.0 (24181927)|VARIABLE_ASSIGNMENT|[EXTERNAL]|this|{"accCaseCount":"0x6437bbb9","accName":"0x95a86da","caseOwner":"0xe7705e8","con":"0x7836a388","conRelatedAccsList":"0x21852544","currentUser":"0x7c340bf8","currentUserId":"00524000005uNfKAAU","myCases":"0x4ada19d3","myOrgCases":"0x1d3164a0","newCase":"0x7bdc9e3","newCaseOwner":"0xf9a7355","qViewcase":"0x532dd295","qViewCaseId":"5009E000001w1HiQAI","relatedAccId":"0x54041415","showCreateCase":false}|0x5ecc9d01
23:51:25.0 (24191540)|SYSTEM_METHOD_EXIT|[140]|communityCaseMgmtController.__sfdc_qViewCaseId()
23:51:25.0 (24449366)|SOQL_EXECUTE_BEGIN|[140]|Aggregations:0|SELECT id, reason, subject, status, CaseNumber, Issue_Type__c, CreatedById, Description FROM case WHERE id = :tmpVar1
23:51:25.0 (24457512)|LIMIT_USAGE|[140]|SOQL|1|100
23:51:25.0 (24466015)|LIMIT_USAGE|[140]|AGGS|0|300
23:51:25.0 (28573065)|SOQL_EXECUTE_END|[140]|Rows:1
23:51:25.0 (28581097)|LIMIT_USAGE|[140]|SOQL_ROWS|1|50000
23:51:25.0 (28592921)|HEAP_ALLOCATE|[140]|Bytes:8
23:51:25.0 (28607167)|HEAP_ALLOCATE|[140]|Bytes:261
23:51:25.0 (28631631)|HEAP_ALLOCATE|[140]|Bytes:8
23:51:25.0 (28639879)|HEAP_ALLOCATE|[140]|Bytes:30
23:51:25.0 (28693135)|HEAP_ALLOCATE|[140]|Bytes:40
23:51:25.0 (28706132)|SYSTEM_METHOD_ENTRY|[140]|communityCaseMgmtController.__sfdc_qViewcase(Case)
23:51:25.0 (28847965)|VARIABLE_ASSIGNMENT|[EXTERNAL]|this|{"accCaseCount":"0x6437bbb9","accName":"0x95a86da","caseOwner":"0xe7705e8","con":"0x7836a388","conRelatedAccsList":"0x21852544","currentUser":"0x7c340bf8","currentUserId":"00524000005uNfKAAU","myCases":"0x4ada19d3","myOrgCases":"0x1d3164a0","newCase":"0x7bdc9e3","newCaseOwner":"0xf9a7355","qViewcase":"0x532dd295","qViewCaseId":"5009E000001w1HiQAI","relatedAccId":"0x54041415","showCreateCase":false}|0x5ecc9d01
23:51:25.0 (28867764)|VARIABLE_ASSIGNMENT|[EXTERNAL]|value|{"Id":"5009E000001w1HiQAI","Reason":"Lightful Community","Subject":"Testing Vfpage","Status":"New","CaseNumber":"00001205","Issue_Type__c":"Community issue","CreatedById":"00524000005uNfKAAU","Description":"test case creation f (10 more) ...","RecordTypeId":"012240000002nYhAAI"}|0x7e698bf1
23:51:25.0 (28883266)|VARIABLE_ASSIGNMENT|[133]|this.qViewcase|{"Id":"5009E000001w1HiQAI","Reason":"Lightful Community","Subject":"Testing Vfpage","Status":"New","CaseNumber":"00001205","Issue_Type__c":"Community issue","CreatedById":"00524000005uNfKAAU","Description":"test case creation f (10 more) ...","RecordTypeId":"012240000002nYhAAI"}|0x5ecc9d01
23:51:25.0 (28890934)|SYSTEM_METHOD_EXIT|[140]|communityCaseMgmtController.__sfdc_qViewcase(Case)
23:51:25.0 (28895035)|STATEMENT_EXECUTE|[142]
23:51:25.0 (28898830)|HEAP_ALLOCATE|[142]|Bytes:52
23:51:25.0 (28904891)|HEAP_ALLOCATE|[142]|Bytes:4
23:51:25.0 (28914671)|SYSTEM_METHOD_ENTRY|[142]|communityCaseMgmtController.__sfdc_qViewcase()
23:51:25.0 (29044822)|VARIABLE_ASSIGNMENT|[EXTERNAL]|this|{"accCaseCount":"0x6437bbb9","accName":"0x95a86da","caseOwner":"0xe7705e8","con":"0x7836a388","conRelatedAccsList":"0x21852544","currentUser":"0x7c340bf8","currentUserId":"00524000005uNfKAAU","myCases":"0x4ada19d3","myOrgCases":"0x1d3164a0","newCase":"0x7bdc9e3","newCaseOwner":"0xf9a7355","qViewcase":"0x7e698bf1","qViewCaseId":"5009E000001w1HiQAI","relatedAccId":"0x54041415","showCreateCase":false}|0x5ecc9d01
23:51:25.0 (29056036)|SYSTEM_METHOD_EXIT|[142]|communityCaseMgmtController.__sfdc_qViewcase()
23:51:25.0 (31106598)|SOQL_EXECUTE_BEGIN|[142]|Aggregations:0|SELECT id, name, email FROM user WHERE id = :tmpVar1
23:51:25.0 (31113284)|LIMIT_USAGE|[142]|SOQL|2|100
23:51:25.0 (31120218)|LIMIT_USAGE|[142]|AGGS|0|300
23:51:25.0 (33099383)|SOQL_EXECUTE_END|[142]|Rows:1
23:51:25.0 (33105632)|LIMIT_USAGE|[142]|SOQL_ROWS|2|50000
23:51:25.0 (33116160)|HEAP_ALLOCATE|[142]|Bytes:8
23:51:25.0 (33127006)|HEAP_ALLOCATE|[142]|Bytes:72
23:51:25.0 (33173352)|HEAP_ALLOCATE|[142]|Bytes:8
23:51:25.0 (33182450)|HEAP_ALLOCATE|[142]|Bytes:30
23:51:25.0 (33215286)|HEAP_ALLOCATE|[142]|Bytes:16
23:51:25.0 (33229116)|SYSTEM_METHOD_ENTRY|[142]|communityCaseMgmtController.__sfdc_caseOwner(User)
23:51:25.0 (33386678)|VARIABLE_ASSIGNMENT|[EXTERNAL]|this|{"accCaseCount":"0x6437bbb9","accName":"0x95a86da","caseOwner":"0xe7705e8","con":"0x7836a388","conRelatedAccsList":"0x21852544","currentUser":"0x7c340bf8","currentUserId":"00524000005uNfKAAU","myCases":"0x4ada19d3","myOrgCases":"0x1d3164a0","newCase":"0x7bdc9e3","newCaseOwner":"0xf9a7355","qViewcase":"0x7e698bf1","qViewCaseId":"5009E000001w1HiQAI","relatedAccId":"0x54041415","showCreateCase":false}|0x5ecc9d01
23:51:25.0 (33399575)|VARIABLE_ASSIGNMENT|[EXTERNAL]|value|{"Id":"00524000005uNfKAAU","Name":"Neela SN","Email":"neela@lightful.com"}|0xc359b1f
23:51:25.0 (33410412)|VARIABLE_ASSIGNMENT|[135]|this.caseOwner|{"Id":"00524000005uNfKAAU","Name":"Neela SN","Email":"neela@lightful.com"}|0x5ecc9d01
23:51:25.0 (33417381)|SYSTEM_METHOD_EXIT|[142]|communityCaseMgmtController.__sfdc_caseOwner(User)
23:51:25.0 (33442540)|VF_APEX_CALL_END|communityCaseMgmtController invoke(quickViewCase)
23:51:25.42 (42376146)|VF_APEX_CALL_START|[EXTERNAL]|/apexpage/pagemessagescomponentcontroller.apex set(conEscape,null)
23:51:25.42 (42387072)|SYSTEM_MODE_ENTER|true
23:51:25.42 (42396020)|VF_APEX_CALL_START|[EXTERNAL]|PageMessagesComponentController set(conEscape,null)
23:51:25.42 (42417838)|VF_APEX_CALL_START|[EXTERNAL]|PageMessagesComponentController invoke(setconEscape)
23:51:25.42 (42438055)|HEAP_ALLOCATE|[EXTERNAL]|Bytes:8
23:51:25.42 (42443947)|VARIABLE_SCOPE_BEGIN|[88]|this|ApexPage.PageMessagesComponentController|true|false
23:51:25.42 (42462666)|VARIABLE_ASSIGNMENT|[88]|this|{}|0x45835de
23:51:25.42 (42464994)|VARIABLE_SCOPE_BEGIN|[88]|escape|Boolean|false|false
23:51:25.42 (42468617)|VARIABLE_ASSIGNMENT|[88]|escape|null
23:51:25.42 (42552471)|VF_APEX_CALL_START|[EXTERNAL]|/apexpage/pagemessagescomponentcontroller.apex get(severities)
23:51:25.42 (42559340)|SYSTEM_MODE_ENTER|true
23:51:25.42 (42567642)|VF_APEX_CALL_START|[EXTERNAL]|PageMessagesComponentController invoke(getseverities)
23:51:25.42 (42595100)|HEAP_ALLOCATE|[EXTERNAL]|Bytes:8
23:51:25.42 (42607712)|VARIABLE_SCOPE_BEGIN|[2]|this|ApexPage.PageMessagesComponentController|true|false
23:51:25.42 (42629255)|VARIABLE_ASSIGNMENT|[2]|this|{}|0x45835de
23:51:25.0 (42982181)|VF_APEX_CALL_START|[EXTERNAL]|01p9E000000Dmpd|communityCaseMgmtController get(myCases)
23:51:25.0 (42988470)|SYSTEM_MODE_ENTER|true
23:51:25.0 (42994550)|VF_APEX_CALL_START|[EXTERNAL]|01p9E000000Dmpd|myCases
23:51:25.0 (43002217)|VF_APEX_CALL_END|myCases
23:51:25.0 (43013103)|VF_APEX_CALL_END|communityCaseMgmtController get(myCases)
23:51:25.0 (43409587)|VF_APEX_CALL_START|[EXTERNAL]|01p9E000000Dmpd|communityCaseMgmtController get(relatedAccId)
23:51:25.0 (43414964)|SYSTEM_MODE_ENTER|true
23:51:25.0 (43420472)|VF_APEX_CALL_START|[EXTERNAL]|01p9E000000Dmpd|relatedAccId
23:51:25.0 (43428580)|VF_APEX_CALL_END|relatedAccId
23:51:25.0 (43444027)|VF_APEX_CALL_END|communityCaseMgmtController get(relatedAccId)
23:51:25.0 (43561097)|VF_EVALUATE_FORMULA_BEGIN|0669E000000Cv0R|#{myOrgCases[accid]}
23:51:25.0 (43585972)|VF_APEX_CALL_START|[EXTERNAL]|01p9E000000Dmpd|communityCaseMgmtController get(myOrgCases)
23:51:25.0 (43591294)|SYSTEM_MODE_ENTER|true
23:51:25.0 (43596886)|VF_APEX_CALL_START|[EXTERNAL]|01p9E000000Dmpd|myOrgCases
23:51:25.0 (43609903)|VF_APEX_CALL_END|myOrgCases
23:51:25.0 (43621247)|VF_APEX_CALL_END|communityCaseMgmtController get(myOrgCases)
23:51:25.0 (43643707)|VF_EVALUATE_FORMULA_END
23:51:25.0 (43669948)|VF_EVALUATE_FORMULA_BEGIN|0669E000000Cv0R|#{myOrgCases[accid]}
23:51:25.0 (43687263)|VF_EVALUATE_FORMULA_END
23:51:25.0 (43692275)|VF_EVALUATE_FORMULA_BEGIN|0669E000000Cv0R|#{myOrgCases[accid]}
23:51:25.0 (43702684)|VF_EVALUATE_FORMULA_END
23:51:25.0 (43815156)|VF_EVALUATE_FORMULA_BEGIN|0669E000000Cv0R|#{myOrgCases[accid]}
23:51:25.0 (43835149)|VF_EVALUATE_FORMULA_END
23:51:25.0 (43842732)|VF_EVALUATE_FORMULA_BEGIN|0669E000000Cv0R|#{myOrgCases[accid]}
23:51:25.0 (43860433)|VF_EVALUATE_FORMULA_END
23:51:25.0 (43867774)|VF_EVALUATE_FORMULA_BEGIN|0669E000000Cv0R|#{myOrgCases[accid]}
23:51:25.0 (43890970)|VF_EVALUATE_FORMULA_END
23:51:25.0 (43918669)|VF_EVALUATE_FORMULA_BEGIN|0669E000000Cv0R|#{myOrgCases[accid]}
23:51:25.0 (43947844)|VF_EVALUATE_FORMULA_END
23:51:25.0 (43956965)|VF_EVALUATE_FORMULA_BEGIN|0669E000000Cv0R|#{myOrgCases[accid]}
23:51:25.0 (43973129)|VF_EVALUATE_FORMULA_END
23:51:25.0 (44516503)|VF_APEX_CALL_START|[EXTERNAL]|01p9E000000Dmpd|communityCaseMgmtController get(newcaseOwner)
23:51:25.0 (44525241)|SYSTEM_MODE_ENTER|true
23:51:25.0 (44534847)|VF_APEX_CALL_START|[EXTERNAL]|01p9E000000Dmpd|newcaseOwner
23:51:25.0 (44545432)|VF_APEX_CALL_END|newcaseOwner
23:51:25.0 (44559710)|VF_APEX_CALL_END|communityCaseMgmtController get(newcaseOwner)
23:51:25.0 (45368682)|VF_APEX_CALL_START|[EXTERNAL]|01p9E000000Dmpd|communityCaseMgmtController get(newCase)
23:51:25.0 (45375214)|SYSTEM_MODE_ENTER|true
23:51:25.0 (45381324)|VF_APEX_CALL_START|[EXTERNAL]|01p9E000000Dmpd|newCase
23:51:25.0 (45389517)|VF_APEX_CALL_END|newCase
23:51:25.0 (45400766)|VF_APEX_CALL_END|communityCaseMgmtController get(newCase)
23:51:25.0 (48363872)|VF_EVALUATE_FORMULA_BEGIN|0669E000000Cv0R|#{if(showCreateCase == false,  "block", "none")}
23:51:25.0 (48408723)|VF_APEX_CALL_START|[EXTERNAL]|01p9E000000Dmpd|communityCaseMgmtController get(showCreateCase)
23:51:25.0 (48414844)|SYSTEM_MODE_ENTER|true
23:51:25.0 (48420776)|VF_APEX_CALL_START|[EXTERNAL]|01p9E000000Dmpd|showCreateCase
23:51:25.0 (48428979)|VF_APEX_CALL_END|showCreateCase
23:51:25.0 (48442550)|VF_APEX_CALL_END|communityCaseMgmtController get(showCreateCase)
23:51:25.0 (48454574)|VF_EVALUATE_FORMULA_END
23:51:25.0 (48521376)|VF_EVALUATE_FORMULA_BEGIN|0669E000000Cv0R|#{if(accCaseCount[accid] > 0,  "block", "none")}
23:51:25.0 (48571804)|VF_APEX_CALL_START|[EXTERNAL]|01p9E000000Dmpd|communityCaseMgmtController get(accCaseCount)
23:51:25.0 (48576408)|SYSTEM_MODE_ENTER|true
23:51:25.0 (48581687)|VF_APEX_CALL_START|[EXTERNAL]|01p9E000000Dmpd|accCaseCount
23:51:25.0 (48589301)|VF_APEX_CALL_END|accCaseCount
23:51:25.0 (48605364)|VF_APEX_CALL_END|communityCaseMgmtController get(accCaseCount)
23:51:25.0 (48626304)|VF_EVALUATE_FORMULA_END
23:51:25.0 (48636635)|VF_EVALUATE_FORMULA_BEGIN|0669E000000Cv0R|#{accName[accid]}
23:51:25.0 (48670290)|VF_APEX_CALL_START|[EXTERNAL]|01p9E000000Dmpd|communityCaseMgmtController get(accName)
23:51:25.0 (48674523)|SYSTEM_MODE_ENTER|true
23:51:25.0 (48679137)|VF_APEX_CALL_START|[EXTERNAL]|01p9E000000Dmpd|accName
23:51:25.0 (48685122)|VF_APEX_CALL_END|accName
23:51:25.0 (48693522)|VF_APEX_CALL_END|communityCaseMgmtController get(accName)
23:51:25.0 (48707765)|VF_EVALUATE_FORMULA_END
23:51:25.0 (48731011)|VF_EVALUATE_FORMULA_BEGIN|0669E000000Cv0R|#{myOrgCases[accid]}
23:51:25.0 (48747988)|VF_EVALUATE_FORMULA_END
23:51:25.0 (48753035)|VF_EVALUATE_FORMULA_BEGIN|0669E000000Cv0R|#{myOrgCases[accid]}
23:51:25.0 (48763515)|VF_EVALUATE_FORMULA_END
23:51:25.0 (50679930)|VF_EVALUATE_FORMULA_BEGIN|0669E000000Cv0R|#{if(accCaseCount[accid] > 0,  "block", "none")}
23:51:25.0 (50710309)|VF_EVALUATE_FORMULA_END
23:51:25.0 (50719006)|VF_EVALUATE_FORMULA_BEGIN|0669E000000Cv0R|#{accName[accid]}
23:51:25.0 (50732734)|VF_EVALUATE_FORMULA_END
23:51:25.0 (50750488)|VF_EVALUATE_FORMULA_BEGIN|0669E000000Cv0R|#{myOrgCases[accid]}
23:51:25.0 (50767528)|VF_EVALUATE_FORMULA_END
23:51:25.0 (50772279)|VF_EVALUATE_FORMULA_BEGIN|0669E000000Cv0R|#{myOrgCases[accid]}
23:51:25.0 (50784955)|VF_EVALUATE_FORMULA_END
23:51:25.0 (57140910)|VF_APEX_CALL_START|[EXTERNAL]|01p9E000000Dmpd|communityCaseMgmtController get(qViewCaseId)
23:51:25.0 (57147508)|SYSTEM_MODE_ENTER|true
23:51:25.0 (57153606)|VF_APEX_CALL_START|[EXTERNAL]|01p9E000000Dmpd|qViewCaseId
23:51:25.0 (57162068)|VF_APEX_CALL_END|qViewCaseId
23:51:25.0 (57173761)|VF_APEX_CALL_END|communityCaseMgmtController get(qViewCaseId)
23:51:25.0 (57230183)|VF_APEX_CALL_START|[EXTERNAL]|01p9E000000Dmpd|communityCaseMgmtController get(caseOwner)
23:51:25.0 (57234599)|SYSTEM_MODE_ENTER|true
23:51:25.0 (57239238)|VF_APEX_CALL_START|[EXTERNAL]|01p9E000000Dmpd|caseOwner
23:51:25.0 (57245227)|VF_APEX_CALL_END|caseOwner
23:51:25.0 (57253795)|VF_APEX_CALL_END|communityCaseMgmtController get(caseOwner)
23:51:25.0 (63950052)|VF_APEX_CALL_START|[EXTERNAL]|01p9E000000Dmpd|communityCaseMgmtController get(qViewcase)
23:51:25.0 (63957485)|SYSTEM_MODE_ENTER|true
23:51:25.0 (63964168)|VF_APEX_CALL_START|[EXTERNAL]|01p9E000000Dmpd|qViewcase
23:51:25.0 (63972680)|VF_APEX_CALL_END|qViewcase
23:51:25.0 (63986574)|VF_APEX_CALL_END|communityCaseMgmtController get(qViewcase)
23:51:25.0 (67857911)|VF_SERIALIZE_VIEWSTATE_BEGIN|0669E000000Cv0R
23:51:25.0 (71707215)|VF_SERIALIZE_VIEWSTATE_END
23:51:25.0 (72891846)|VF_EVALUATE_FORMULA_BEGIN|0669E000000Cv0R|#{myOrgCases[accid]}
23:51:25.0 (72914231)|VF_EVALUATE_FORMULA_END
23:51:25.0 (72920402)|VF_EVALUATE_FORMULA_BEGIN|0669E000000Cv0R|#{myOrgCases[accid]}
23:51:25.0 (72932330)|VF_EVALUATE_FORMULA_END
23:51:25.0 (72972036)|VF_EVALUATE_FORMULA_BEGIN|0669E000000Cv0R|#{myOrgCases[accid]}
23:51:25.0 (72987962)|VF_EVALUATE_FORMULA_END
23:51:25.0 (72992282)|VF_EVALUATE_FORMULA_BEGIN|0669E000000Cv0R|#{myOrgCases[accid]}
23:51:25.0 (73003738)|VF_EVALUATE_FORMULA_END
23:51:25.0 (73017877)|VF_EVALUATE_FORMULA_BEGIN|0669E000000Cv0R|#{myOrgCases[accid]}
23:51:25.0 (73031149)|VF_EVALUATE_FORMULA_END
23:51:25.0 (73035188)|VF_EVALUATE_FORMULA_BEGIN|0669E000000Cv0R|#{myOrgCases[accid]}
23:51:25.0 (73046849)|VF_EVALUATE_FORMULA_END
23:51:25.74 (74281212)|CUMULATIVE_LIMIT_USAGE
23:51:25.74 (74281212)|LIMIT_USAGE_FOR_NS|(default)|
  Number of SOQL queries: 2 out of 100
  Number of query rows: 2 out of 50000
  Number of SOSL queries: 0 out of 20
  Number of DML statements: 0 out of 150
  Number of DML rows: 0 out of 10000
  Maximum CPU time: 0 out of 10000
  Maximum heap size: 0 out of 6000000
  Number of callouts: 0 out of 100
  Number of Email Invocations: 0 out of 10
  Number of future calls: 0 out of 50
  Number of queueable jobs added to the queue: 0 out of 50
  Number of Mobile Apex push calls: 0 out of 10

23:51:25.74 (74281212)|TOTAL_EMAIL_RECIPIENTS_QUEUED|0
23:51:25.74 (74281212)|STATIC_VARIABLE_LIST|
  char[]:DigitTens:0
  long:serialVersionUID:0
  long:serialVersionUID:0
  double:MAX_VALUE:0
  Boolean:FALSE:0
  long:serialVersionUID:0
  String:__sfdcInnerTypes:0
  String:_sfdcSuppressedCodeLocations:0
  double:MIN_VALUE:0
  int:SIZE:0
  double:NEGATIVE_INFINITY:0
  int:MAX_VALUE:0
  String:_sfdcAdditionalCodeLocations:0
  char[]:digits:0
  double:NaN:0
  Boolean:TRUE:0
  int:MIN_VALUE:0
  char[]:DigitOnes:0
  int:BYTES:0
  int:MIN_EXPONENT:0
  int[]:sizeTable:0
  int:MAX_EXPONENT:0
  String:_sfdcAdditionalCodeLocations:0
  String:__sfdcProperties:0
  int:SIZE:0
  double:POSITIVE_INFINITY:0
  double:MIN_NORMAL:0
  int:BYTES:0

23:51:25.74 (74281212)|CUMULATIVE_LIMIT_USAGE_END

23:51:25.0 (74406920)|CODE_UNIT_FINISHED|VF: /apex/communityCaseMgmt
23:51:25.0 (75163083)|EXECUTION_FINISHED
23:51:25.76 (76592028)|CUMULATIVE_PROFILING_BEGIN
23:51:25.76 (76592028)|CUMULATIVE_PROFILING|No profiling information for SOQL operations
23:51:25.76 (76592028)|CUMULATIVE_PROFILING|No profiling information for SOSL operations
23:51:25.76 (76592028)|CUMULATIVE_PROFILING|No profiling information for DML operations
23:51:25.76 (76592028)|CUMULATIVE_PROFILING|method invocations|
External entry point: public void quickViewCase(): executed 1 time in 10 ms
Class.communityCaseMgmtController.quickViewCase: line 142, column 1: public Case __sfdc_qViewcase(): executed 3 times in 5 ms
Class.communityCaseMgmtController.quickViewCase: line 140, column 1: public Id __sfdc_qViewCaseId(): executed 3 times in 4 ms
Class.communityCaseMgmtController.quickViewCase: line 139, column 1: public Id __sfdc_qViewCaseId(): executed 3 times in 0 ms

23:51:25.76 (76592028)|CUMULATIVE_PROFILING_END
