39.0 APEX_CODE,FINEST;APEX_PROFILING,FINEST;CALLOUT,FINEST;DB,FINEST;SYSTEM,FINE;VALIDATION,INFO;VISUALFORCE,FINER;WAVE,INFO;WORKFLOW,FINER
01:04:53.0 (285068)|USER_INFO|[EXTERNAL]|00524000005uNfK|neela@lightful.com.commundev|Line Is. Time|GMT+14:00
01:04:53.0 (313829)|EXECUTION_STARTED
01:04:53.0 (319436)|CODE_UNIT_STARTED|[EXTERNAL]|0669E000000Cuyk|VF: /apex/communityProducts
01:04:53.12 (12263342)|VF_APEX_CALL_START|[EXTERNAL]|/apexpage/pagemessagescomponentcontroller.apex <init>
01:04:53.12 (12283053)|SYSTEM_MODE_ENTER|true
01:04:53.12 (12397534)|HEAP_ALLOCATE|[72]|Bytes:3
01:04:53.12 (12429838)|HEAP_ALLOCATE|[77]|Bytes:152
01:04:53.12 (12445170)|HEAP_ALLOCATE|[342]|Bytes:408
01:04:53.12 (12462050)|HEAP_ALLOCATE|[355]|Bytes:408
01:04:53.12 (12474377)|HEAP_ALLOCATE|[467]|Bytes:48
01:04:53.12 (12731636)|VF_APEX_CALL_START|[EXTERNAL]|/apexpage/pagemessagescomponentcontroller.apex set(conEscape,null)
01:04:53.12 (12740329)|SYSTEM_MODE_ENTER|true
01:04:53.12 (12749578)|VF_APEX_CALL_START|[EXTERNAL]|PageMessagesComponentController set(conEscape,null)
01:04:53.12 (12767468)|VF_APEX_CALL_START|[EXTERNAL]|PageMessagesComponentController invoke(setconEscape)
01:04:53.12 (12790968)|HEAP_ALLOCATE|[EXTERNAL]|Bytes:8
01:04:53.12 (12795880)|VARIABLE_SCOPE_BEGIN|[88]|this|ApexPage.PageMessagesComponentController|true|false
01:04:53.12 (12829439)|VARIABLE_ASSIGNMENT|[88]|this|{}|0x4478d624
01:04:53.12 (12832571)|VARIABLE_SCOPE_BEGIN|[88]|escape|Boolean|false|false
01:04:53.12 (12837678)|VARIABLE_ASSIGNMENT|[88]|escape|null
01:04:53.13 (13022050)|VF_APEX_CALL_START|[EXTERNAL]|/apexpage/pagemessagescomponentcontroller.apex get(severities)
01:04:53.13 (13030148)|SYSTEM_MODE_ENTER|true
01:04:53.13 (13039509)|VF_APEX_CALL_START|[EXTERNAL]|PageMessagesComponentController invoke(getseverities)
01:04:53.13 (13055938)|HEAP_ALLOCATE|[EXTERNAL]|Bytes:8
01:04:53.13 (13060498)|VARIABLE_SCOPE_BEGIN|[2]|this|ApexPage.PageMessagesComponentController|true|false
01:04:53.13 (13074115)|VARIABLE_ASSIGNMENT|[2]|this|{}|0x4478d624
01:04:53.0 (53648299)|VF_APEX_CALL_START|[EXTERNAL]|01p9E000000Dmea|CommunityProdController <init>
01:04:53.0 (53664818)|SYSTEM_MODE_ENTER|true
01:04:53.0 (53883704)|HEAP_ALLOCATE|[EXTERNAL]|Bytes:496
01:04:53.0 (53892083)|HEAP_ALLOCATE|[EXTERNAL]|Bytes:81
01:04:53.0 (53897767)|HEAP_ALLOCATE|[EXTERNAL]|Bytes:20
01:04:53.0 (53908839)|METHOD_ENTRY|[1]|01p9E000000Dmea|CommunityProdController.CommunityProdController()
01:04:53.0 (53912199)|STATEMENT_EXECUTE|[1]
01:04:53.0 (53916612)|STATEMENT_EXECUTE|[1]
01:04:53.0 (53923705)|METHOD_EXIT|[1]|CommunityProdController
01:04:53.0 (54036675)|HEAP_ALLOCATE|[EXTERNAL]|Bytes:92
01:04:53.0 (54044978)|VARIABLE_SCOPE_BEGIN|[19]|this|CommunityProdController|true|false
01:04:53.0 (54157375)|VARIABLE_ASSIGNMENT|[19]|this|{}|0x2914f34f
01:04:53.0 (54164107)|STATEMENT_EXECUTE|[1]
01:04:53.0 (54165340)|STATEMENT_EXECUTE|[4]
01:04:53.0 (54166339)|STATEMENT_EXECUTE|[5]
01:04:53.0 (54167342)|STATEMENT_EXECUTE|[6]
01:04:53.0 (54168221)|STATEMENT_EXECUTE|[7]
01:04:53.0 (54169115)|STATEMENT_EXECUTE|[11]
01:04:53.0 (54170258)|STATEMENT_EXECUTE|[12]
01:04:53.0 (54171149)|STATEMENT_EXECUTE|[13]
01:04:53.0 (54172147)|STATEMENT_EXECUTE|[15]
01:04:53.0 (54173029)|STATEMENT_EXECUTE|[16]
01:04:53.0 (54173913)|STATEMENT_EXECUTE|[17]
01:04:53.0 (54174819)|STATEMENT_EXECUTE|[79]
01:04:53.0 (54175728)|STATEMENT_EXECUTE|[80]
01:04:53.0 (54176651)|STATEMENT_EXECUTE|[134]
01:04:53.0 (54177733)|STATEMENT_EXECUTE|[135]
01:04:53.0 (54178698)|STATEMENT_EXECUTE|[136]
01:04:53.0 (54179614)|STATEMENT_EXECUTE|[137]
01:04:53.0 (54180491)|STATEMENT_EXECUTE|[138]
01:04:53.0 (54181395)|STATEMENT_EXECUTE|[140]
01:04:53.0 (54182598)|STATEMENT_EXECUTE|[141]
01:04:53.0 (54183674)|STATEMENT_EXECUTE|[142]
01:04:53.0 (54184601)|STATEMENT_EXECUTE|[143]
01:04:53.0 (54185567)|STATEMENT_EXECUTE|[144]
01:04:53.0 (54204303)|STATEMENT_EXECUTE|[20]
01:04:53.0 (54205596)|STATEMENT_EXECUTE|[21]
01:04:53.0 (54251910)|HEAP_ALLOCATE|[21]|Bytes:85
01:04:53.0 (54259879)|SYSTEM_METHOD_ENTRY|[1]|UserInfo.UserInfo()
01:04:53.0 (54262170)|STATEMENT_EXECUTE|[1]
01:04:53.0 (54267416)|SYSTEM_METHOD_EXIT|[1]|UserInfo
01:04:53.0 (54278695)|METHOD_ENTRY|[21]||System.UserInfo.getUserId()
01:04:53.0 (54338922)|METHOD_EXIT|[21]||System.UserInfo.getUserId()
01:04:53.0 (54354753)|HEAP_ALLOCATE|[21]|Bytes:4
01:04:53.0 (54369569)|SYSTEM_METHOD_ENTRY|[21]|CommunityProdController.__sfdc_currentUserId(Id)
01:04:53.0 (54401365)|VARIABLE_ASSIGNMENT|[EXTERNAL]|this|{}|0x2914f34f
01:04:53.0 (54569698)|VARIABLE_ASSIGNMENT|[EXTERNAL]|value|"00524000005uNfKAAU"
01:04:53.0 (54638215)|VARIABLE_ASSIGNMENT|[15]|this.currentUserId|"00524000005uNfKAAU"|0x2914f34f
01:04:53.0 (54646656)|SYSTEM_METHOD_EXIT|[21]|CommunityProdController.__sfdc_currentUserId(Id)
01:04:53.0 (54650871)|STATEMENT_EXECUTE|[22]
01:04:53.0 (54654890)|HEAP_ALLOCATE|[22]|Bytes:105
01:04:53.0 (54664680)|HEAP_ALLOCATE|[22]|Bytes:4
01:04:53.0 (54673459)|HEAP_ALLOCATE|[22]|Bytes:7
01:04:53.0 (54680631)|SYSTEM_METHOD_ENTRY|[22]|CommunityProdController.__sfdc_currentUserId()
01:04:53.0 (54811891)|VARIABLE_ASSIGNMENT|[EXTERNAL]|this|{"currentUserId":"00524000005uNfKAAU"}|0x2914f34f
01:04:53.0 (54821981)|SYSTEM_METHOD_EXIT|[22]|CommunityProdController.__sfdc_currentUserId()
01:04:53.0 (55106864)|SOQL_EXECUTE_BEGIN|[22]|Aggregations:0|SELECT id, name, firstname, lastname, contactid, fullphotourl, phone, email FROM user WHERE id = :tmpVar1
01:04:53.0 (55116208)|LIMIT_USAGE|[22]|SOQL|1|100
01:04:53.0 (55123507)|LIMIT_USAGE|[22]|AGGS|0|300
01:04:53.0 (58242361)|SOQL_EXECUTE_END|[22]|Rows:1
01:04:53.0 (58250739)|LIMIT_USAGE|[22]|SOQL_ROWS|1|50000
01:04:53.0 (58262971)|HEAP_ALLOCATE|[22]|Bytes:8
01:04:53.0 (58291016)|HEAP_ALLOCATE|[22]|Bytes:183
01:04:53.0 (58351582)|HEAP_ALLOCATE|[22]|Bytes:8
01:04:53.0 (58362507)|HEAP_ALLOCATE|[22]|Bytes:30
01:04:53.0 (58415014)|HEAP_ALLOCATE|[22]|Bytes:28
01:04:53.0 (58443792)|SYSTEM_METHOD_ENTRY|[22]|CommunityProdController.__sfdc_currentUser(User)
01:04:53.0 (58607719)|VARIABLE_ASSIGNMENT|[EXTERNAL]|this|{"currentUserId":"00524000005uNfKAAU"}|0x2914f34f
01:04:53.0 (58627787)|VARIABLE_ASSIGNMENT|[EXTERNAL]|value|{"Id":"00524000005uNfKAAU","Name":"Neela SN","FirstName":"Neela","LastName":"SN","FullPhotoUrl":"https://c.cs88.conte (43 more) ...","Email":"neela@lightful.com"}|0xb6b5a55
01:04:53.0 (58642564)|VARIABLE_ASSIGNMENT|[16]|this.currentUser|{"Id":"00524000005uNfKAAU","Name":"Neela SN","FirstName":"Neela","LastName":"SN","FullPhotoUrl":"https://c.cs88.conte (43 more) ...","Email":"neela@lightful.com"}|0x2914f34f
01:04:53.0 (58650198)|SYSTEM_METHOD_EXIT|[22]|CommunityProdController.__sfdc_currentUser(User)
01:04:53.0 (58659989)|SYSTEM_METHOD_ENTRY|[25]|CommunityProdController.__sfdc_currentUser()
01:04:53.0 (58799296)|VARIABLE_ASSIGNMENT|[EXTERNAL]|this|{"currentUser":"0xb6b5a55","currentUserId":"00524000005uNfKAAU"}|0x2914f34f
01:04:53.0 (58808694)|SYSTEM_METHOD_EXIT|[25]|CommunityProdController.__sfdc_currentUser()
01:04:53.0 (58819686)|STATEMENT_EXECUTE|[28]
01:04:53.0 (58835957)|HEAP_ALLOCATE|[28]|Bytes:4
01:04:53.0 (58944287)|SYSTEM_METHOD_ENTRY|[28]|CommunityProdController.__sfdc_con(Contact)
01:04:53.0 (59080176)|VARIABLE_ASSIGNMENT|[EXTERNAL]|this|{"currentUser":"0xb6b5a55","currentUserId":"00524000005uNfKAAU"}|0x2914f34f
01:04:53.0 (59092012)|VARIABLE_ASSIGNMENT|[EXTERNAL]|value|{}|0x3022dcc1
01:04:53.0 (59100281)|VARIABLE_ASSIGNMENT|[17]|this.con|{}|0x2914f34f
01:04:53.0 (59106392)|SYSTEM_METHOD_EXIT|[28]|CommunityProdController.__sfdc_con(Contact)
01:04:53.0 (59110822)|STATEMENT_EXECUTE|[30]
01:04:53.0 (59114316)|HEAP_ALLOCATE|[30]|Bytes:220
01:04:53.0 (59120275)|HEAP_ALLOCATE|[30]|Bytes:4
01:04:53.0 (59450775)|SOQL_EXECUTE_BEGIN|[30]|Aggregations:0|SELECT Description, Id, IsActive, Name, DisplayUrl, ProductCode, CommunityProdDetail__c, DisplayOnCommunity__c FROM Product2 WHERE (isActive = TRUE AND DisplayOnCommunity__c = TRUE) ORDER BY name ASC NULLS FIRST LIMIT 10
01:04:53.0 (59457623)|LIMIT_USAGE|[30]|SOQL|2|100
01:04:53.0 (59463982)|LIMIT_USAGE|[30]|AGGS|0|300
01:04:53.0 (63346879)|SOQL_EXECUTE_END|[30]|Rows:8
01:04:53.0 (63357051)|LIMIT_USAGE|[30]|SOQL_ROWS|9|50000
01:04:53.0 (63371986)|HEAP_ALLOCATE|[30]|Bytes:36
01:04:53.0 (63397722)|HEAP_ALLOCATE|[30]|Bytes:1616
01:04:53.0 (63429273)|HEAP_ALLOCATE|[30]|Bytes:36
01:04:53.0 (63462283)|SYSTEM_METHOD_ENTRY|[30]|CommunityProdController.__sfdc_prodList(List<Product2>)
01:04:53.0 (63643151)|VARIABLE_ASSIGNMENT|[EXTERNAL]|this|{"con":"0x3022dcc1","currentUser":"0xb6b5a55","currentUserId":"00524000005uNfKAAU"}|0x2914f34f
01:04:53.0 (63659744)|VARIABLE_ASSIGNMENT|[EXTERNAL]|value|"List of size 8 too large to display"|0x11412715
01:04:53.0 (63672357)|VARIABLE_ASSIGNMENT|[4]|this.prodList|"List of size 8 too large to display"|0x2914f34f
01:04:53.0 (63679739)|SYSTEM_METHOD_EXIT|[30]|CommunityProdController.__sfdc_prodList(List<Product2>)
01:04:53.0 (63684671)|STATEMENT_EXECUTE|[32]
01:04:53.0 (63691358)|HEAP_ALLOCATE|[32]|Bytes:4
01:04:53.0 (63747009)|SYSTEM_METHOD_ENTRY|[32]|CommunityProdController.__sfdc_prod_pbEntry(Map<Id,PricebookEntry>)
01:04:53.0 (63917820)|VARIABLE_ASSIGNMENT|[EXTERNAL]|this|{"con":"0x3022dcc1","currentUser":"0xb6b5a55","currentUserId":"00524000005uNfKAAU","prodList":"0x11412715"}|0x2914f34f
01:04:53.0 (63933344)|VARIABLE_ASSIGNMENT|[EXTERNAL]|value|{}|0x3cd86aba
01:04:53.0 (63943316)|VARIABLE_ASSIGNMENT|[6]|this.prod_pbEntry|{}|0x2914f34f
01:04:53.0 (63950304)|SYSTEM_METHOD_EXIT|[32]|CommunityProdController.__sfdc_prod_pbEntry(Map<Id,PricebookEntry>)
01:04:53.0 (63954198)|STATEMENT_EXECUTE|[33]
01:04:53.0 (63960333)|HEAP_ALLOCATE|[33]|Bytes:4
01:04:53.0 (64000094)|SYSTEM_CONSTRUCTOR_ENTRY|[33]|<init>()
01:04:53.0 (64020163)|SYSTEM_CONSTRUCTOR_EXIT|[33]|<init>()
01:04:53.0 (64038509)|SYSTEM_METHOD_ENTRY|[33]|CommunityProdController.__sfdc_prodListDisp(List<Product2>)
01:04:53.0 (64180079)|VARIABLE_ASSIGNMENT|[EXTERNAL]|this|{"con":"0x3022dcc1","currentUser":"0xb6b5a55","currentUserId":"00524000005uNfKAAU","prod_pbEntry":"0x3cd86aba","prodList":"0x11412715"}|0x2914f34f
01:04:53.0 (64188604)|HEAP_ALLOCATE|[EXTERNAL]|Bytes:4
01:04:53.0 (64194809)|VARIABLE_ASSIGNMENT|[EXTERNAL]|value|[]|0x5bd58cc6
01:04:53.0 (64203439)|VARIABLE_ASSIGNMENT|[5]|this.prodListDisp|[]|0x2914f34f
01:04:53.0 (64209703)|SYSTEM_METHOD_EXIT|[33]|CommunityProdController.__sfdc_prodListDisp(List<Product2>)
01:04:53.0 (64220227)|SYSTEM_METHOD_ENTRY|[36]|CommunityProdController.__sfdc_prodList()
01:04:53.0 (64366822)|VARIABLE_ASSIGNMENT|[EXTERNAL]|this|{"con":"0x3022dcc1","currentUser":"0xb6b5a55","currentUserId":"00524000005uNfKAAU","prod_pbEntry":"0x3cd86aba","prodList":"0x11412715","prodListDisp":"0x5bd58cc6"}|0x2914f34f
01:04:53.0 (64378263)|SYSTEM_METHOD_EXIT|[36]|CommunityProdController.__sfdc_prodList()
01:04:53.0 (64389376)|SYSTEM_METHOD_ENTRY|[36]|List<Product2>.iterator()
01:04:53.0 (64490533)|SYSTEM_METHOD_EXIT|[36]|List<Product2>.iterator()
01:04:53.0 (64512210)|SYSTEM_METHOD_ENTRY|[36]|system.ListIterator.hasNext()
01:04:53.0 (64525310)|HEAP_ALLOCATE|[36]|Bytes:5
01:04:53.0 (64533993)|SYSTEM_METHOD_EXIT|[36]|system.ListIterator.hasNext()
01:04:53.0 (64569241)|HEAP_ALLOCATE|[36]|Bytes:28
01:04:53.0 (64577499)|VARIABLE_SCOPE_BEGIN|[36]|p|Product2|true|false
01:04:53.0 (64601146)|VARIABLE_ASSIGNMENT|[36]|p|{"Id":"01t24000002t81MAAQ","IsActive":true,"Name":"First Partners - Don (5 more) ...","ProductCode":"FPD3D200","CommunityProdDetail_ (2 more) ...":"\u003Ca href=\"http://test (80 more) ...","DisplayOnCommunity__ (1 more) ...":true}|0x2cf6538b
01:04:53.0 (64605634)|STATEMENT_EXECUTE|[37]
01:04:53.0 (64607055)|STATEMENT_EXECUTE|[38]
01:04:53.0 (64610701)|HEAP_ALLOCATE|[38]|Bytes:182
01:04:53.0 (64615965)|HEAP_ALLOCATE|[38]|Bytes:4
01:04:53.0 (65014566)|SOQL_EXECUTE_BEGIN|[38]|Aggregations:0|SELECT Id, IsActive, IsDeleted, Name, Pricebook2Id, Product2Id, ProductCode, UnitPrice, UseStandardPrice FROM PricebookEntry WHERE (Product2Id = :tmpVar1 AND isActive = TRUE) LIMIT 1
01:04:53.0 (65024682)|LIMIT_USAGE|[38]|SOQL|3|100
01:04:53.0 (65033489)|LIMIT_USAGE|[38]|AGGS|0|300
01:04:53.0 (68271804)|SOQL_EXECUTE_END|[38]|Rows:1
01:04:53.0 (68280354)|LIMIT_USAGE|[38]|SOQL_ROWS|10|50000
01:04:53.0 (68290841)|HEAP_ALLOCATE|[38]|Bytes:8
01:04:53.0 (68305988)|HEAP_ALLOCATE|[38]|Bytes:257
01:04:53.0 (68334269)|HEAP_ALLOCATE|[38]|Bytes:8
01:04:53.0 (68365345)|SYSTEM_METHOD_ENTRY|[38]|CommunityProdController.__sfdc_pbEntry(List<PricebookEntry>)
01:04:53.0 (68570312)|VARIABLE_ASSIGNMENT|[EXTERNAL]|this|{"con":"0x3022dcc1","currentUser":"0xb6b5a55","currentUserId":"00524000005uNfKAAU","prod_pbEntry":"0x3cd86aba","prodList":"0x11412715","prodListDisp":"0x5bd58cc6"}|0x2914f34f
01:04:53.0 (68603191)|VARIABLE_ASSIGNMENT|[EXTERNAL]|value|[{"Id":"01u24000002VVBTAA4","IsActive":true,"IsDeleted":false,"Name":"First Partners - Don (5 more) ...","Pricebook2Id":"01s24000003Olw1AAC","Product2Id":"01t24000002t81MAAQ","ProductCode":"FPD3D200","UnitPrice":200.00,"UseStandardPrice":false}]|0x383f0ac7
01:04:53.0 (68629658)|VARIABLE_ASSIGNMENT|[7]|this.pbEntry|[{"Id":"01u24000002VVBTAA4","IsActive":true,"IsDeleted":false,"Name":"First Partners - Don (5 more) ...","Pricebook2Id":"01s24000003Olw1AAC","Product2Id":"01t24000002t81MAAQ","ProductCode":"FPD3D200","UnitPrice":200.00,"UseStandardPrice":false}]|0x2914f34f
01:04:53.0 (68641272)|SYSTEM_METHOD_EXIT|[38]|CommunityProdController.__sfdc_pbEntry(List<PricebookEntry>)
01:04:53.0 (68655138)|SYSTEM_METHOD_ENTRY|[40]|CommunityProdController.__sfdc_pbEntry()
01:04:53.0 (68852079)|VARIABLE_ASSIGNMENT|[EXTERNAL]|this|{"con":"0x3022dcc1","currentUser":"0xb6b5a55","currentUserId":"00524000005uNfKAAU","pbEntry":"0x383f0ac7","prod_pbEntry":"0x3cd86aba","prodList":"0x11412715","prodListDisp":"0x5bd58cc6"}|0x2914f34f
01:04:53.0 (68868714)|SYSTEM_METHOD_EXIT|[40]|CommunityProdController.__sfdc_pbEntry()
01:04:53.0 (68916363)|SYSTEM_METHOD_ENTRY|[40]|List<PricebookEntry>.size()
01:04:53.0 (68926497)|SYSTEM_METHOD_EXIT|[40]|List<PricebookEntry>.size()
01:04:53.0 (68937679)|STATEMENT_EXECUTE|[41]
01:04:53.0 (68939410)|STATEMENT_EXECUTE|[42]
01:04:53.0 (68947022)|SYSTEM_METHOD_ENTRY|[42]|CommunityProdController.__sfdc_prod_pbEntry()
01:04:53.0 (69113540)|VARIABLE_ASSIGNMENT|[EXTERNAL]|this|{"con":"0x3022dcc1","currentUser":"0xb6b5a55","currentUserId":"00524000005uNfKAAU","pbEntry":"0x383f0ac7","prod_pbEntry":"0x3cd86aba","prodList":"0x11412715","prodListDisp":"0x5bd58cc6"}|0x2914f34f
01:04:53.0 (69125305)|SYSTEM_METHOD_EXIT|[42]|CommunityProdController.__sfdc_prod_pbEntry()
01:04:53.0 (69138042)|SYSTEM_METHOD_ENTRY|[42]|CommunityProdController.__sfdc_pbEntry()
01:04:53.0 (69297366)|VARIABLE_ASSIGNMENT|[EXTERNAL]|this|{"con":"0x3022dcc1","currentUser":"0xb6b5a55","currentUserId":"00524000005uNfKAAU","pbEntry":"0x383f0ac7","prod_pbEntry":"0x3cd86aba","prodList":"0x11412715","prodListDisp":"0x5bd58cc6"}|0x2914f34f
01:04:53.0 (69306835)|SYSTEM_METHOD_EXIT|[42]|CommunityProdController.__sfdc_pbEntry()
01:04:53.0 (69352230)|HEAP_ALLOCATE|[42]|Bytes:40
01:04:53.0 (69388554)|SYSTEM_METHOD_ENTRY|[42]|Map<Id,PricebookEntry>.put(Object, Object)
01:04:53.0 (69398128)|HEAP_ALLOCATE|[EXTERNAL]|Bytes:-4
01:04:53.0 (69407223)|SYSTEM_METHOD_EXIT|[42]|Map<Id,PricebookEntry>.put(Object, Object)
01:04:53.0 (69410569)|STATEMENT_EXECUTE|[43]
01:04:53.0 (69419054)|SYSTEM_METHOD_ENTRY|[43]|CommunityProdController.__sfdc_prodListDisp()
01:04:53.0 (69579451)|VARIABLE_ASSIGNMENT|[EXTERNAL]|this|{"con":"0x3022dcc1","currentUser":"0xb6b5a55","currentUserId":"00524000005uNfKAAU","pbEntry":"0x383f0ac7","prod_pbEntry":"0x3cd86aba","prodList":"0x11412715","prodListDisp":"0x5bd58cc6"}|0x2914f34f
01:04:53.0 (69599635)|SYSTEM_METHOD_EXIT|[43]|CommunityProdController.__sfdc_prodListDisp()
01:04:53.0 (69621600)|SYSTEM_METHOD_ENTRY|[43]|List<Product2>.add(Object)
01:04:53.0 (69627317)|HEAP_ALLOCATE|[EXTERNAL]|Bytes:4
01:04:53.0 (69634018)|SYSTEM_METHOD_EXIT|[43]|List<Product2>.add(Object)
01:04:53.0 (69637358)|STATEMENT_EXECUTE|[58]
01:04:53.0 (69642276)|SYSTEM_METHOD_ENTRY|[58]|CommunityProdController.__sfdc_pbEntry()
01:04:53.0 (69801642)|VARIABLE_ASSIGNMENT|[EXTERNAL]|this|{"con":"0x3022dcc1","currentUser":"0xb6b5a55","currentUserId":"00524000005uNfKAAU","pbEntry":"0x383f0ac7","prod_pbEntry":"0x3cd86aba","prodList":"0x11412715","prodListDisp":"0x5bd58cc6"}|0x2914f34f
01:04:53.0 (69810744)|SYSTEM_METHOD_EXIT|[58]|CommunityProdController.__sfdc_pbEntry()
01:04:53.0 (69818517)|SYSTEM_METHOD_ENTRY|[58]|List<PricebookEntry>.clear()
01:04:53.0 (69822105)|SYSTEM_METHOD_EXIT|[58]|List<PricebookEntry>.clear()
01:04:53.0 (69828104)|SYSTEM_METHOD_ENTRY|[36]|system.ListIterator.hasNext()
01:04:53.0 (69836801)|HEAP_ALLOCATE|[36]|Bytes:5
01:04:53.0 (69841847)|SYSTEM_METHOD_EXIT|[36]|system.ListIterator.hasNext()
01:04:53.0 (69875992)|HEAP_ALLOCATE|[36]|Bytes:28
01:04:53.0 (69887888)|VARIABLE_SCOPE_BEGIN|[36]|p|Product2|true|false
01:04:53.0 (69908997)|VARIABLE_ASSIGNMENT|[36]|p|{"Description":"This is for First Pa (75 more) ...","Id":"01t24000002t6w2AAA","IsActive":true,"Name":"First Partners - Ful (9 more) ...","ProductCode":"FPFL12000","DisplayOnCommunity__ (1 more) ...":true}|0xae6bdb5
01:04:53.0 (69912962)|STATEMENT_EXECUTE|[37]
01:04:53.0 (69914546)|STATEMENT_EXECUTE|[38]
01:04:53.0 (69919965)|HEAP_ALLOCATE|[38]|Bytes:4
01:04:53.0 (70454713)|SOQL_EXECUTE_BEGIN|[38]|Aggregations:0|SELECT Id, IsActive, IsDeleted, Name, Pricebook2Id, Product2Id, ProductCode, UnitPrice, UseStandardPrice FROM PricebookEntry WHERE (Product2Id = :tmpVar1 AND isActive = TRUE) LIMIT 1
01:04:53.0 (70464307)|LIMIT_USAGE|[38]|SOQL|4|100
01:04:53.0 (70472869)|LIMIT_USAGE|[38]|AGGS|0|300
01:04:53.0 (73323629)|SOQL_EXECUTE_END|[38]|Rows:1
01:04:53.0 (73330176)|LIMIT_USAGE|[38]|SOQL_ROWS|11|50000
01:04:53.0 (73340144)|HEAP_ALLOCATE|[38]|Bytes:8
01:04:53.0 (73354763)|HEAP_ALLOCATE|[38]|Bytes:262
01:04:53.0 (73369305)|HEAP_ALLOCATE|[38]|Bytes:8
01:04:53.0 (73382445)|SYSTEM_METHOD_ENTRY|[38]|CommunityProdController.__sfdc_pbEntry(List<PricebookEntry>)
01:04:53.0 (73541438)|VARIABLE_ASSIGNMENT|[EXTERNAL]|this|{"con":"0x3022dcc1","currentUser":"0xb6b5a55","currentUserId":"00524000005uNfKAAU","pbEntry":"0x383f0ac7","prod_pbEntry":"0x3cd86aba","prodList":"0x11412715","prodListDisp":"0x5bd58cc6"}|0x2914f34f
01:04:53.0 (73570315)|VARIABLE_ASSIGNMENT|[EXTERNAL]|value|[{"Id":"01u24000002VUygAAG","IsActive":true,"IsDeleted":false,"Name":"First Partners - Ful (9 more) ...","Pricebook2Id":"01s24000003Olw1AAC","Product2Id":"01t24000002t6w2AAA","ProductCode":"FPFL12000","UnitPrice":1200.00,"UseStandardPrice":false}]|0x122134c1
01:04:53.0 (73593601)|VARIABLE_ASSIGNMENT|[7]|this.pbEntry|[{"Id":"01u24000002VUygAAG","IsActive":true,"IsDeleted":false,"Name":"First Partners - Ful (9 more) ...","Pricebook2Id":"01s24000003Olw1AAC","Product2Id":"01t24000002t6w2AAA","ProductCode":"FPFL12000","UnitPrice":1200.00,"UseStandardPrice":false}]|0x2914f34f
01:04:53.0 (73604516)|SYSTEM_METHOD_EXIT|[38]|CommunityProdController.__sfdc_pbEntry(List<PricebookEntry>)
01:04:53.0 (73613605)|SYSTEM_METHOD_ENTRY|[40]|CommunityProdController.__sfdc_pbEntry()
01:04:53.0 (73791630)|VARIABLE_ASSIGNMENT|[EXTERNAL]|this|{"con":"0x3022dcc1","currentUser":"0xb6b5a55","currentUserId":"00524000005uNfKAAU","pbEntry":"0x122134c1","prod_pbEntry":"0x3cd86aba","prodList":"0x11412715","prodListDisp":"0x5bd58cc6"}|0x2914f34f
01:04:53.0 (73802269)|SYSTEM_METHOD_EXIT|[40]|CommunityProdController.__sfdc_pbEntry()
01:04:53.0 (73810669)|SYSTEM_METHOD_ENTRY|[40]|List<PricebookEntry>.size()
01:04:53.0 (73814875)|SYSTEM_METHOD_EXIT|[40]|List<PricebookEntry>.size()
01:04:53.0 (73819107)|STATEMENT_EXECUTE|[41]
01:04:53.0 (73820483)|STATEMENT_EXECUTE|[42]
01:04:53.0 (73823914)|SYSTEM_METHOD_ENTRY|[42]|CommunityProdController.__sfdc_prod_pbEntry()
01:04:53.0 (73971679)|VARIABLE_ASSIGNMENT|[EXTERNAL]|this|{"con":"0x3022dcc1","currentUser":"0xb6b5a55","currentUserId":"00524000005uNfKAAU","pbEntry":"0x122134c1","prod_pbEntry":"0x3cd86aba","prodList":"0x11412715","prodListDisp":"0x5bd58cc6"}|0x2914f34f
01:04:53.0 (73990003)|SYSTEM_METHOD_EXIT|[42]|CommunityProdController.__sfdc_prod_pbEntry()
01:04:53.0 (74004530)|SYSTEM_METHOD_ENTRY|[42]|CommunityProdController.__sfdc_pbEntry()
01:04:53.0 (74157215)|VARIABLE_ASSIGNMENT|[EXTERNAL]|this|{"con":"0x3022dcc1","currentUser":"0xb6b5a55","currentUserId":"00524000005uNfKAAU","pbEntry":"0x122134c1","prod_pbEntry":"0x3cd86aba","prodList":"0x11412715","prodListDisp":"0x5bd58cc6"}|0x2914f34f
01:04:53.0 (74166406)|SYSTEM_METHOD_EXIT|[42]|CommunityProdController.__sfdc_pbEntry()
01:04:53.0 (74189590)|HEAP_ALLOCATE|[42]|Bytes:40
01:04:53.0 (74210462)|SYSTEM_METHOD_ENTRY|[42]|Map<Id,PricebookEntry>.put(Object, Object)
01:04:53.0 (74216704)|HEAP_ALLOCATE|[EXTERNAL]|Bytes:-4
01:04:53.0 (74224431)|SYSTEM_METHOD_EXIT|[42]|Map<Id,PricebookEntry>.put(Object, Object)
01:04:53.0 (74227398)|STATEMENT_EXECUTE|[43]
01:04:53.0 (74231018)|SYSTEM_METHOD_ENTRY|[43]|CommunityProdController.__sfdc_prodListDisp()
01:04:53.0 (74376873)|VARIABLE_ASSIGNMENT|[EXTERNAL]|this|{"con":"0x3022dcc1","currentUser":"0xb6b5a55","currentUserId":"00524000005uNfKAAU","pbEntry":"0x122134c1","prod_pbEntry":"0x3cd86aba","prodList":"0x11412715","prodListDisp":"0x5bd58cc6"}|0x2914f34f
01:04:53.0 (74385099)|SYSTEM_METHOD_EXIT|[43]|CommunityProdController.__sfdc_prodListDisp()
01:04:53.0 (74397308)|SYSTEM_METHOD_ENTRY|[43]|List<Product2>.add(Object)
01:04:53.0 (74401371)|HEAP_ALLOCATE|[EXTERNAL]|Bytes:4
01:04:53.0 (74415552)|SYSTEM_METHOD_EXIT|[43]|List<Product2>.add(Object)
01:04:53.0 (74420496)|STATEMENT_EXECUTE|[58]
01:04:53.0 (74425663)|SYSTEM_METHOD_ENTRY|[58]|CommunityProdController.__sfdc_pbEntry()
01:04:53.0 (74576085)|VARIABLE_ASSIGNMENT|[EXTERNAL]|this|{"con":"0x3022dcc1","currentUser":"0xb6b5a55","currentUserId":"00524000005uNfKAAU","pbEntry":"0x122134c1","prod_pbEntry":"0x3cd86aba","prodList":"0x11412715","prodListDisp":"0x5bd58cc6"}|0x2914f34f
01:04:53.0 (74584875)|SYSTEM_METHOD_EXIT|[58]|CommunityProdController.__sfdc_pbEntry()
01:04:53.0 (74590794)|SYSTEM_METHOD_ENTRY|[58]|List<PricebookEntry>.clear()
01:04:53.0 (74594086)|SYSTEM_METHOD_EXIT|[58]|List<PricebookEntry>.clear()
01:04:53.0 (74599439)|SYSTEM_METHOD_ENTRY|[36]|system.ListIterator.hasNext()
01:04:53.0 (74607414)|HEAP_ALLOCATE|[36]|Bytes:5
01:04:53.0 (74612436)|SYSTEM_METHOD_EXIT|[36]|system.ListIterator.hasNext()
01:04:53.0 (74633959)|HEAP_ALLOCATE|[36]|Bytes:24
01:04:53.0 (74641511)|VARIABLE_SCOPE_BEGIN|[36]|p|Product2|true|false
01:04:53.0 (74656736)|VARIABLE_ASSIGNMENT|[36]|p|{"Id":"01t24000002t7sxAAA","IsActive":true,"Name":"First Partners - Ini (36 more) ...","ProductCode":"FPSFHC-PB","DisplayOnCommunity__ (1 more) ...":true}|0x52e1eca8
01:04:53.0 (74660324)|STATEMENT_EXECUTE|[37]
01:04:53.0 (74661611)|STATEMENT_EXECUTE|[38]
01:04:53.0 (74666180)|HEAP_ALLOCATE|[38]|Bytes:4
01:04:53.0 (74946291)|SOQL_EXECUTE_BEGIN|[38]|Aggregations:0|SELECT Id, IsActive, IsDeleted, Name, Pricebook2Id, Product2Id, ProductCode, UnitPrice, UseStandardPrice FROM PricebookEntry WHERE (Product2Id = :tmpVar1 AND isActive = TRUE) LIMIT 1
01:04:53.0 (74956254)|LIMIT_USAGE|[38]|SOQL|5|100
01:04:53.0 (74964851)|LIMIT_USAGE|[38]|AGGS|0|300
01:04:53.0 (77655697)|SOQL_EXECUTE_END|[38]|Rows:1
01:04:53.0 (77663540)|LIMIT_USAGE|[38]|SOQL_ROWS|12|50000
01:04:53.0 (77674721)|HEAP_ALLOCATE|[38]|Bytes:8
01:04:53.0 (77690557)|HEAP_ALLOCATE|[38]|Bytes:289
01:04:53.0 (77707228)|HEAP_ALLOCATE|[38]|Bytes:8
01:04:53.0 (77721533)|SYSTEM_METHOD_ENTRY|[38]|CommunityProdController.__sfdc_pbEntry(List<PricebookEntry>)
01:04:53.0 (77888469)|VARIABLE_ASSIGNMENT|[EXTERNAL]|this|{"con":"0x3022dcc1","currentUser":"0xb6b5a55","currentUserId":"00524000005uNfKAAU","pbEntry":"0x122134c1","prod_pbEntry":"0x3cd86aba","prodList":"0x11412715","prodListDisp":"0x5bd58cc6"}|0x2914f34f
01:04:53.0 (77909995)|VARIABLE_ASSIGNMENT|[EXTERNAL]|value|[{"Id":"01u24000002VVAuAAO","IsActive":true,"IsDeleted":false,"Name":"First Partners - Ini (36 more) ...","Pricebook2Id":"01s24000003Olw1AAC","Product2Id":"01t24000002t7sxAAA","ProductCode":"FPSFHC-PB","UnitPrice":0.00,"UseStandardPrice":false}]|0x790c127f
01:04:53.0 (77926179)|VARIABLE_ASSIGNMENT|[7]|this.pbEntry|[{"Id":"01u24000002VVAuAAO","IsActive":true,"IsDeleted":false,"Name":"First Partners - Ini (36 more) ...","Pricebook2Id":"01s24000003Olw1AAC","Product2Id":"01t24000002t7sxAAA","ProductCode":"FPSFHC-PB","UnitPrice":0.00,"UseStandardPrice":false}]|0x2914f34f
01:04:53.0 (77934108)|SYSTEM_METHOD_EXIT|[38]|CommunityProdController.__sfdc_pbEntry(List<PricebookEntry>)
01:04:53.0 (77940374)|SYSTEM_METHOD_ENTRY|[40]|CommunityProdController.__sfdc_pbEntry()
01:04:53.0 (78063312)|VARIABLE_ASSIGNMENT|[EXTERNAL]|this|{"con":"0x3022dcc1","currentUser":"0xb6b5a55","currentUserId":"00524000005uNfKAAU","pbEntry":"0x790c127f","prod_pbEntry":"0x3cd86aba","prodList":"0x11412715","prodListDisp":"0x5bd58cc6"}|0x2914f34f
01:04:53.0 (78072834)|SYSTEM_METHOD_EXIT|[40]|CommunityProdController.__sfdc_pbEntry()
01:04:53.0 (78080451)|SYSTEM_METHOD_ENTRY|[40]|List<PricebookEntry>.size()
01:04:53.0 (78085003)|SYSTEM_METHOD_EXIT|[40]|List<PricebookEntry>.size()
01:04:53.0 (78089417)|STATEMENT_EXECUTE|[41]
01:04:53.0 (78090883)|STATEMENT_EXECUTE|[42]
01:04:53.0 (78093865)|SYSTEM_METHOD_ENTRY|[42]|CommunityProdController.__sfdc_prod_pbEntry()
01:04:53.0 (78213394)|VARIABLE_ASSIGNMENT|[EXTERNAL]|this|{"con":"0x3022dcc1","currentUser":"0xb6b5a55","currentUserId":"00524000005uNfKAAU","pbEntry":"0x790c127f","prod_pbEntry":"0x3cd86aba","prodList":"0x11412715","prodListDisp":"0x5bd58cc6"}|0x2914f34f
01:04:53.0 (78220937)|SYSTEM_METHOD_EXIT|[42]|CommunityProdController.__sfdc_prod_pbEntry()
01:04:53.0 (78230323)|SYSTEM_METHOD_ENTRY|[42]|CommunityProdController.__sfdc_pbEntry()
01:04:53.0 (78345903)|VARIABLE_ASSIGNMENT|[EXTERNAL]|this|{"con":"0x3022dcc1","currentUser":"0xb6b5a55","currentUserId":"00524000005uNfKAAU","pbEntry":"0x790c127f","prod_pbEntry":"0x3cd86aba","prodList":"0x11412715","prodListDisp":"0x5bd58cc6"}|0x2914f34f
01:04:53.0 (78352634)|SYSTEM_METHOD_EXIT|[42]|CommunityProdController.__sfdc_pbEntry()
01:04:53.0 (78373976)|HEAP_ALLOCATE|[42]|Bytes:40
01:04:53.0 (78394812)|SYSTEM_METHOD_ENTRY|[42]|Map<Id,PricebookEntry>.put(Object, Object)
01:04:53.0 (78400526)|HEAP_ALLOCATE|[EXTERNAL]|Bytes:-4
01:04:53.0 (78408218)|SYSTEM_METHOD_EXIT|[42]|Map<Id,PricebookEntry>.put(Object, Object)
01:04:53.0 (78411155)|STATEMENT_EXECUTE|[43]
01:04:53.0 (78414643)|SYSTEM_METHOD_ENTRY|[43]|CommunityProdController.__sfdc_prodListDisp()
01:04:53.0 (78534078)|VARIABLE_ASSIGNMENT|[EXTERNAL]|this|{"con":"0x3022dcc1","currentUser":"0xb6b5a55","currentUserId":"00524000005uNfKAAU","pbEntry":"0x790c127f","prod_pbEntry":"0x3cd86aba","prodList":"0x11412715","prodListDisp":"0x5bd58cc6"}|0x2914f34f
01:04:53.0 (78541591)|SYSTEM_METHOD_EXIT|[43]|CommunityProdController.__sfdc_prodListDisp()
01:04:53.0 (78562873)|SYSTEM_METHOD_ENTRY|[43]|List<Product2>.add(Object)
01:04:53.0 (78567501)|HEAP_ALLOCATE|[EXTERNAL]|Bytes:4
01:04:53.0 (78573273)|SYSTEM_METHOD_EXIT|[43]|List<Product2>.add(Object)
01:04:53.0 (78575892)|STATEMENT_EXECUTE|[58]
01:04:53.0 (78578924)|SYSTEM_METHOD_ENTRY|[58]|CommunityProdController.__sfdc_pbEntry()
01:04:53.0 (78696186)|VARIABLE_ASSIGNMENT|[EXTERNAL]|this|{"con":"0x3022dcc1","currentUser":"0xb6b5a55","currentUserId":"00524000005uNfKAAU","pbEntry":"0x790c127f","prod_pbEntry":"0x3cd86aba","prodList":"0x11412715","prodListDisp":"0x5bd58cc6"}|0x2914f34f
01:04:53.0 (78703194)|SYSTEM_METHOD_EXIT|[58]|CommunityProdController.__sfdc_pbEntry()
01:04:53.0 (78708268)|SYSTEM_METHOD_ENTRY|[58]|List<PricebookEntry>.clear()
01:04:53.0 (78711697)|SYSTEM_METHOD_EXIT|[58]|List<PricebookEntry>.clear()
01:04:53.0 (78717213)|SYSTEM_METHOD_ENTRY|[36]|system.ListIterator.hasNext()
01:04:53.0 (78725581)|HEAP_ALLOCATE|[36]|Bytes:5
01:04:53.0 (78730332)|SYSTEM_METHOD_EXIT|[36]|system.ListIterator.hasNext()
01:04:53.0 (78751465)|HEAP_ALLOCATE|[36]|Bytes:24
01:04:53.0 (78758752)|VARIABLE_SCOPE_BEGIN|[36]|p|Product2|true|false
01:04:53.0 (78777297)|VARIABLE_ASSIGNMENT|[36]|p|{"Id":"01t24000002t7s9AAA","IsActive":true,"Name":"First Partners - Ini (33 more) ...","ProductCode":"FPSMI-PB","DisplayOnCommunity__ (1 more) ...":true}|0x4a75bb5c
01:04:53.0 (78780759)|STATEMENT_EXECUTE|[37]
01:04:53.0 (78782007)|STATEMENT_EXECUTE|[38]
01:04:53.0 (78786593)|HEAP_ALLOCATE|[38]|Bytes:4
01:04:53.0 (79038116)|SOQL_EXECUTE_BEGIN|[38]|Aggregations:0|SELECT Id, IsActive, IsDeleted, Name, Pricebook2Id, Product2Id, ProductCode, UnitPrice, UseStandardPrice FROM PricebookEntry WHERE (Product2Id = :tmpVar1 AND isActive = TRUE) LIMIT 1
01:04:53.0 (79044773)|LIMIT_USAGE|[38]|SOQL|6|100
01:04:53.0 (79050691)|LIMIT_USAGE|[38]|AGGS|0|300
01:04:53.0 (81861764)|SOQL_EXECUTE_END|[38]|Rows:1
01:04:53.0 (81868692)|LIMIT_USAGE|[38]|SOQL_ROWS|13|50000
01:04:53.0 (81879743)|HEAP_ALLOCATE|[38]|Bytes:8
01:04:53.0 (81895444)|HEAP_ALLOCATE|[38]|Bytes:285
01:04:53.0 (81912053)|HEAP_ALLOCATE|[38]|Bytes:8
01:04:53.0 (81926441)|SYSTEM_METHOD_ENTRY|[38]|CommunityProdController.__sfdc_pbEntry(List<PricebookEntry>)
01:04:53.0 (82085017)|VARIABLE_ASSIGNMENT|[EXTERNAL]|this|{"con":"0x3022dcc1","currentUser":"0xb6b5a55","currentUserId":"00524000005uNfKAAU","pbEntry":"0x790c127f","prod_pbEntry":"0x3cd86aba","prodList":"0x11412715","prodListDisp":"0x5bd58cc6"}|0x2914f34f
01:04:53.0 (82106022)|VARIABLE_ASSIGNMENT|[EXTERNAL]|value|[{"Id":"01u24000002VVAQAA4","IsActive":true,"IsDeleted":false,"Name":"First Partners - Ini (33 more) ...","Pricebook2Id":"01s24000003Olw1AAC","Product2Id":"01t24000002t7s9AAA","ProductCode":"FPSMI-PB","UnitPrice":0.00,"UseStandardPrice":false}]|0x3c7699da
01:04:53.0 (82121405)|VARIABLE_ASSIGNMENT|[7]|this.pbEntry|[{"Id":"01u24000002VVAQAA4","IsActive":true,"IsDeleted":false,"Name":"First Partners - Ini (33 more) ...","Pricebook2Id":"01s24000003Olw1AAC","Product2Id":"01t24000002t7s9AAA","ProductCode":"FPSMI-PB","UnitPrice":0.00,"UseStandardPrice":false}]|0x2914f34f
01:04:53.0 (82129436)|SYSTEM_METHOD_EXIT|[38]|CommunityProdController.__sfdc_pbEntry(List<PricebookEntry>)
01:04:53.0 (82136166)|SYSTEM_METHOD_ENTRY|[40]|CommunityProdController.__sfdc_pbEntry()
01:04:53.0 (82256159)|VARIABLE_ASSIGNMENT|[EXTERNAL]|this|{"con":"0x3022dcc1","currentUser":"0xb6b5a55","currentUserId":"00524000005uNfKAAU","pbEntry":"0x3c7699da","prod_pbEntry":"0x3cd86aba","prodList":"0x11412715","prodListDisp":"0x5bd58cc6"}|0x2914f34f
01:04:53.0 (82264279)|SYSTEM_METHOD_EXIT|[40]|CommunityProdController.__sfdc_pbEntry()
01:04:53.0 (82271848)|SYSTEM_METHOD_ENTRY|[40]|List<PricebookEntry>.size()
01:04:53.0 (82276068)|SYSTEM_METHOD_EXIT|[40]|List<PricebookEntry>.size()
01:04:53.0 (82279982)|STATEMENT_EXECUTE|[41]
01:04:53.0 (82281274)|STATEMENT_EXECUTE|[42]
01:04:53.0 (82284493)|SYSTEM_METHOD_ENTRY|[42]|CommunityProdController.__sfdc_prod_pbEntry()
01:04:53.0 (82398996)|VARIABLE_ASSIGNMENT|[EXTERNAL]|this|{"con":"0x3022dcc1","currentUser":"0xb6b5a55","currentUserId":"00524000005uNfKAAU","pbEntry":"0x3c7699da","prod_pbEntry":"0x3cd86aba","prodList":"0x11412715","prodListDisp":"0x5bd58cc6"}|0x2914f34f
01:04:53.0 (82406705)|SYSTEM_METHOD_EXIT|[42]|CommunityProdController.__sfdc_prod_pbEntry()
01:04:53.0 (82417097)|SYSTEM_METHOD_ENTRY|[42]|CommunityProdController.__sfdc_pbEntry()
01:04:53.0 (82529241)|VARIABLE_ASSIGNMENT|[EXTERNAL]|this|{"con":"0x3022dcc1","currentUser":"0xb6b5a55","currentUserId":"00524000005uNfKAAU","pbEntry":"0x3c7699da","prod_pbEntry":"0x3cd86aba","prodList":"0x11412715","prodListDisp":"0x5bd58cc6"}|0x2914f34f
01:04:53.0 (82535796)|SYSTEM_METHOD_EXIT|[42]|CommunityProdController.__sfdc_pbEntry()
01:04:53.0 (82557386)|HEAP_ALLOCATE|[42]|Bytes:40
01:04:53.0 (82577549)|SYSTEM_METHOD_ENTRY|[42]|Map<Id,PricebookEntry>.put(Object, Object)
01:04:53.0 (82582872)|HEAP_ALLOCATE|[EXTERNAL]|Bytes:-4
01:04:53.0 (82590740)|SYSTEM_METHOD_EXIT|[42]|Map<Id,PricebookEntry>.put(Object, Object)
01:04:53.0 (82593613)|STATEMENT_EXECUTE|[43]
01:04:53.0 (82596584)|SYSTEM_METHOD_ENTRY|[43]|CommunityProdController.__sfdc_prodListDisp()
01:04:53.0 (82714332)|VARIABLE_ASSIGNMENT|[EXTERNAL]|this|{"con":"0x3022dcc1","currentUser":"0xb6b5a55","currentUserId":"00524000005uNfKAAU","pbEntry":"0x3c7699da","prod_pbEntry":"0x3cd86aba","prodList":"0x11412715","prodListDisp":"0x5bd58cc6"}|0x2914f34f
01:04:53.0 (82721561)|SYSTEM_METHOD_EXIT|[43]|CommunityProdController.__sfdc_prodListDisp()
01:04:53.0 (82732256)|SYSTEM_METHOD_ENTRY|[43]|List<Product2>.add(Object)
01:04:53.0 (82735888)|HEAP_ALLOCATE|[EXTERNAL]|Bytes:4
01:04:53.0 (82740736)|SYSTEM_METHOD_EXIT|[43]|List<Product2>.add(Object)
01:04:53.0 (82743261)|STATEMENT_EXECUTE|[58]
01:04:53.0 (82745728)|SYSTEM_METHOD_ENTRY|[58]|CommunityProdController.__sfdc_pbEntry()
01:04:53.0 (82884589)|VARIABLE_ASSIGNMENT|[EXTERNAL]|this|{"con":"0x3022dcc1","currentUser":"0xb6b5a55","currentUserId":"00524000005uNfKAAU","pbEntry":"0x3c7699da","prod_pbEntry":"0x3cd86aba","prodList":"0x11412715","prodListDisp":"0x5bd58cc6"}|0x2914f34f
01:04:53.0 (82891812)|SYSTEM_METHOD_EXIT|[58]|CommunityProdController.__sfdc_pbEntry()
01:04:53.0 (82897552)|SYSTEM_METHOD_ENTRY|[58]|List<PricebookEntry>.clear()
01:04:53.0 (82900812)|SYSTEM_METHOD_EXIT|[58]|List<PricebookEntry>.clear()
01:04:53.0 (82906507)|SYSTEM_METHOD_ENTRY|[36]|system.ListIterator.hasNext()
01:04:53.0 (82914105)|HEAP_ALLOCATE|[36]|Bytes:5
01:04:53.0 (82918743)|SYSTEM_METHOD_EXIT|[36]|system.ListIterator.hasNext()
01:04:53.0 (82939606)|HEAP_ALLOCATE|[36]|Bytes:24
01:04:53.0 (82946831)|VARIABLE_SCOPE_BEGIN|[36]|p|Product2|true|false
01:04:53.0 (82960915)|VARIABLE_ASSIGNMENT|[36]|p|{"Id":"01t24000002t7rpAAA","IsActive":true,"Name":"First Partners - Mon (23 more) ...","ProductCode":"FPMWS-PB","DisplayOnCommunity__ (1 more) ...":true}|0x5481c392
01:04:53.0 (82964237)|STATEMENT_EXECUTE|[37]
01:04:53.0 (82965463)|STATEMENT_EXECUTE|[38]
01:04:53.0 (82970059)|HEAP_ALLOCATE|[38]|Bytes:4
01:04:53.0 (83214160)|SOQL_EXECUTE_BEGIN|[38]|Aggregations:0|SELECT Id, IsActive, IsDeleted, Name, Pricebook2Id, Product2Id, ProductCode, UnitPrice, UseStandardPrice FROM PricebookEntry WHERE (Product2Id = :tmpVar1 AND isActive = TRUE) LIMIT 1
01:04:53.0 (83221212)|LIMIT_USAGE|[38]|SOQL|7|100
01:04:53.0 (83227064)|LIMIT_USAGE|[38]|AGGS|0|300
01:04:53.0 (85567451)|SOQL_EXECUTE_END|[38]|Rows:1
01:04:53.0 (85574184)|LIMIT_USAGE|[38]|SOQL_ROWS|14|50000
01:04:53.0 (85583442)|HEAP_ALLOCATE|[38]|Bytes:8
01:04:53.0 (85597617)|HEAP_ALLOCATE|[38]|Bytes:275
01:04:53.0 (85610954)|HEAP_ALLOCATE|[38]|Bytes:8
01:04:53.0 (85624452)|SYSTEM_METHOD_ENTRY|[38]|CommunityProdController.__sfdc_pbEntry(List<PricebookEntry>)
01:04:53.0 (85780252)|VARIABLE_ASSIGNMENT|[EXTERNAL]|this|{"con":"0x3022dcc1","currentUser":"0xb6b5a55","currentUserId":"00524000005uNfKAAU","pbEntry":"0x3c7699da","prod_pbEntry":"0x3cd86aba","prodList":"0x11412715","prodListDisp":"0x5bd58cc6"}|0x2914f34f
01:04:53.0 (85800967)|VARIABLE_ASSIGNMENT|[EXTERNAL]|value|[{"Id":"01u24000002VVALAA4","IsActive":true,"IsDeleted":false,"Name":"First Partners - Mon (23 more) ...","Pricebook2Id":"01s24000003Olw1AAC","Product2Id":"01t24000002t7rpAAA","ProductCode":"FPMWS-PB","UnitPrice":0.00,"UseStandardPrice":false}]|0x3f7e0d68
01:04:53.0 (85816546)|VARIABLE_ASSIGNMENT|[7]|this.pbEntry|[{"Id":"01u24000002VVALAA4","IsActive":true,"IsDeleted":false,"Name":"First Partners - Mon (23 more) ...","Pricebook2Id":"01s24000003Olw1AAC","Product2Id":"01t24000002t7rpAAA","ProductCode":"FPMWS-PB","UnitPrice":0.00,"UseStandardPrice":false}]|0x2914f34f
01:04:53.0 (85824386)|SYSTEM_METHOD_EXIT|[38]|CommunityProdController.__sfdc_pbEntry(List<PricebookEntry>)
01:04:53.0 (85832861)|SYSTEM_METHOD_ENTRY|[40]|CommunityProdController.__sfdc_pbEntry()
01:04:53.0 (85956998)|VARIABLE_ASSIGNMENT|[EXTERNAL]|this|{"con":"0x3022dcc1","currentUser":"0xb6b5a55","currentUserId":"00524000005uNfKAAU","pbEntry":"0x3f7e0d68","prod_pbEntry":"0x3cd86aba","prodList":"0x11412715","prodListDisp":"0x5bd58cc6"}|0x2914f34f
01:04:53.0 (85965277)|SYSTEM_METHOD_EXIT|[40]|CommunityProdController.__sfdc_pbEntry()
01:04:53.0 (85972171)|SYSTEM_METHOD_ENTRY|[40]|List<PricebookEntry>.size()
01:04:53.0 (85976079)|SYSTEM_METHOD_EXIT|[40]|List<PricebookEntry>.size()
01:04:53.0 (85980102)|STATEMENT_EXECUTE|[41]
01:04:53.0 (85981421)|STATEMENT_EXECUTE|[42]
01:04:53.0 (85984379)|SYSTEM_METHOD_ENTRY|[42]|CommunityProdController.__sfdc_prod_pbEntry()
01:04:53.0 (86098818)|VARIABLE_ASSIGNMENT|[EXTERNAL]|this|{"con":"0x3022dcc1","currentUser":"0xb6b5a55","currentUserId":"00524000005uNfKAAU","pbEntry":"0x3f7e0d68","prod_pbEntry":"0x3cd86aba","prodList":"0x11412715","prodListDisp":"0x5bd58cc6"}|0x2914f34f
01:04:53.0 (86106754)|SYSTEM_METHOD_EXIT|[42]|CommunityProdController.__sfdc_prod_pbEntry()
01:04:53.0 (86115850)|SYSTEM_METHOD_ENTRY|[42]|CommunityProdController.__sfdc_pbEntry()
01:04:53.0 (86228747)|VARIABLE_ASSIGNMENT|[EXTERNAL]|this|{"con":"0x3022dcc1","currentUser":"0xb6b5a55","currentUserId":"00524000005uNfKAAU","pbEntry":"0x3f7e0d68","prod_pbEntry":"0x3cd86aba","prodList":"0x11412715","prodListDisp":"0x5bd58cc6"}|0x2914f34f
01:04:53.0 (86235405)|SYSTEM_METHOD_EXIT|[42]|CommunityProdController.__sfdc_pbEntry()
01:04:53.0 (86255739)|HEAP_ALLOCATE|[42]|Bytes:40
01:04:53.0 (86277968)|SYSTEM_METHOD_ENTRY|[42]|Map<Id,PricebookEntry>.put(Object, Object)
01:04:53.0 (86283342)|HEAP_ALLOCATE|[EXTERNAL]|Bytes:-4
01:04:53.0 (86291353)|SYSTEM_METHOD_EXIT|[42]|Map<Id,PricebookEntry>.put(Object, Object)
01:04:53.0 (86294119)|STATEMENT_EXECUTE|[43]
01:04:53.0 (86297500)|SYSTEM_METHOD_ENTRY|[43]|CommunityProdController.__sfdc_prodListDisp()
01:04:53.0 (86415679)|VARIABLE_ASSIGNMENT|[EXTERNAL]|this|{"con":"0x3022dcc1","currentUser":"0xb6b5a55","currentUserId":"00524000005uNfKAAU","pbEntry":"0x3f7e0d68","prod_pbEntry":"0x3cd86aba","prodList":"0x11412715","prodListDisp":"0x5bd58cc6"}|0x2914f34f
01:04:53.0 (86422681)|SYSTEM_METHOD_EXIT|[43]|CommunityProdController.__sfdc_prodListDisp()
01:04:53.0 (86433064)|SYSTEM_METHOD_ENTRY|[43]|List<Product2>.add(Object)
01:04:53.0 (86436469)|HEAP_ALLOCATE|[EXTERNAL]|Bytes:4
01:04:53.0 (86441262)|SYSTEM_METHOD_EXIT|[43]|List<Product2>.add(Object)
01:04:53.0 (86443797)|STATEMENT_EXECUTE|[58]
01:04:53.0 (86446300)|SYSTEM_METHOD_ENTRY|[58]|CommunityProdController.__sfdc_pbEntry()
01:04:53.0 (86558712)|VARIABLE_ASSIGNMENT|[EXTERNAL]|this|{"con":"0x3022dcc1","currentUser":"0xb6b5a55","currentUserId":"00524000005uNfKAAU","pbEntry":"0x3f7e0d68","prod_pbEntry":"0x3cd86aba","prodList":"0x11412715","prodListDisp":"0x5bd58cc6"}|0x2914f34f
01:04:53.0 (86565841)|SYSTEM_METHOD_EXIT|[58]|CommunityProdController.__sfdc_pbEntry()
01:04:53.0 (86571145)|SYSTEM_METHOD_ENTRY|[58]|List<PricebookEntry>.clear()
01:04:53.0 (86574130)|SYSTEM_METHOD_EXIT|[58]|List<PricebookEntry>.clear()
01:04:53.0 (86579202)|SYSTEM_METHOD_ENTRY|[36]|system.ListIterator.hasNext()
01:04:53.0 (86586473)|HEAP_ALLOCATE|[36]|Bytes:5
01:04:53.0 (86591110)|SYSTEM_METHOD_EXIT|[36]|system.ListIterator.hasNext()
01:04:53.0 (86610645)|HEAP_ALLOCATE|[36]|Bytes:28
01:04:53.0 (86618285)|VARIABLE_SCOPE_BEGIN|[36]|p|Product2|true|false
01:04:53.0 (86633822)|VARIABLE_ASSIGNMENT|[36]|p|{"Description":"This is for First Pa (75 more) ...","Id":"01t24000002t7jvAAA","IsActive":true,"Name":"First Partners - Mul (23 more) ...","ProductCode":"FPMSO600","DisplayOnCommunity__ (1 more) ...":true}|0x6bb5d7a2
01:04:53.0 (86637243)|STATEMENT_EXECUTE|[37]
01:04:53.0 (86638424)|STATEMENT_EXECUTE|[38]
01:04:53.0 (86642722)|HEAP_ALLOCATE|[38]|Bytes:4
01:04:53.0 (86882967)|SOQL_EXECUTE_BEGIN|[38]|Aggregations:0|SELECT Id, IsActive, IsDeleted, Name, Pricebook2Id, Product2Id, ProductCode, UnitPrice, UseStandardPrice FROM PricebookEntry WHERE (Product2Id = :tmpVar1 AND isActive = TRUE) LIMIT 1
01:04:53.0 (86889406)|LIMIT_USAGE|[38]|SOQL|8|100
01:04:53.0 (86895288)|LIMIT_USAGE|[38]|AGGS|0|300
01:04:53.0 (89248152)|SOQL_EXECUTE_END|[38]|Rows:1
01:04:53.0 (89256253)|LIMIT_USAGE|[38]|SOQL_ROWS|15|50000
01:04:53.0 (89270370)|HEAP_ALLOCATE|[38]|Bytes:8
01:04:53.0 (89295436)|HEAP_ALLOCATE|[38]|Bytes:275
01:04:53.0 (89315191)|HEAP_ALLOCATE|[38]|Bytes:8
01:04:53.0 (89329211)|SYSTEM_METHOD_ENTRY|[38]|CommunityProdController.__sfdc_pbEntry(List<PricebookEntry>)
01:04:53.0 (89479550)|VARIABLE_ASSIGNMENT|[EXTERNAL]|this|{"con":"0x3022dcc1","currentUser":"0xb6b5a55","currentUserId":"00524000005uNfKAAU","pbEntry":"0x3f7e0d68","prod_pbEntry":"0x3cd86aba","prodList":"0x11412715","prodListDisp":"0x5bd58cc6"}|0x2914f34f
01:04:53.0 (89501820)|VARIABLE_ASSIGNMENT|[EXTERNAL]|value|[{"Id":"01u24000002VV8yAAG","IsActive":true,"IsDeleted":false,"Name":"First Partners - Mul (23 more) ...","Pricebook2Id":"01s24000003Olw1AAC","Product2Id":"01t24000002t7jvAAA","ProductCode":"FPMSO600","UnitPrice":600.00,"UseStandardPrice":false}]|0xcb108e0
01:04:53.0 (89517620)|VARIABLE_ASSIGNMENT|[7]|this.pbEntry|[{"Id":"01u24000002VV8yAAG","IsActive":true,"IsDeleted":false,"Name":"First Partners - Mul (23 more) ...","Pricebook2Id":"01s24000003Olw1AAC","Product2Id":"01t24000002t7jvAAA","ProductCode":"FPMSO600","UnitPrice":600.00,"UseStandardPrice":false}]|0x2914f34f
01:04:53.0 (89526278)|SYSTEM_METHOD_EXIT|[38]|CommunityProdController.__sfdc_pbEntry(List<PricebookEntry>)
01:04:53.0 (89532835)|SYSTEM_METHOD_ENTRY|[40]|CommunityProdController.__sfdc_pbEntry()
01:04:53.0 (89667941)|VARIABLE_ASSIGNMENT|[EXTERNAL]|this|{"con":"0x3022dcc1","currentUser":"0xb6b5a55","currentUserId":"00524000005uNfKAAU","pbEntry":"0xcb108e0","prod_pbEntry":"0x3cd86aba","prodList":"0x11412715","prodListDisp":"0x5bd58cc6"}|0x2914f34f
01:04:53.0 (89680425)|SYSTEM_METHOD_EXIT|[40]|CommunityProdController.__sfdc_pbEntry()
01:04:53.0 (89690325)|SYSTEM_METHOD_ENTRY|[40]|List<PricebookEntry>.size()
01:04:53.0 (89696343)|SYSTEM_METHOD_EXIT|[40]|List<PricebookEntry>.size()
01:04:53.0 (89702039)|STATEMENT_EXECUTE|[41]
01:04:53.0 (89704029)|STATEMENT_EXECUTE|[42]
01:04:53.0 (89708545)|SYSTEM_METHOD_ENTRY|[42]|CommunityProdController.__sfdc_prod_pbEntry()
01:04:53.0 (89877124)|VARIABLE_ASSIGNMENT|[EXTERNAL]|this|{"con":"0x3022dcc1","currentUser":"0xb6b5a55","currentUserId":"00524000005uNfKAAU","pbEntry":"0xcb108e0","prod_pbEntry":"0x3cd86aba","prodList":"0x11412715","prodListDisp":"0x5bd58cc6"}|0x2914f34f
01:04:53.0 (89886968)|SYSTEM_METHOD_EXIT|[42]|CommunityProdController.__sfdc_prod_pbEntry()
01:04:53.0 (89897556)|SYSTEM_METHOD_ENTRY|[42]|CommunityProdController.__sfdc_pbEntry()
01:04:53.0 (90041541)|VARIABLE_ASSIGNMENT|[EXTERNAL]|this|{"con":"0x3022dcc1","currentUser":"0xb6b5a55","currentUserId":"00524000005uNfKAAU","pbEntry":"0xcb108e0","prod_pbEntry":"0x3cd86aba","prodList":"0x11412715","prodListDisp":"0x5bd58cc6"}|0x2914f34f
01:04:53.0 (90060439)|SYSTEM_METHOD_EXIT|[42]|CommunityProdController.__sfdc_pbEntry()
01:04:53.0 (90090101)|HEAP_ALLOCATE|[42]|Bytes:40
01:04:53.0 (90113446)|SYSTEM_METHOD_ENTRY|[42]|Map<Id,PricebookEntry>.put(Object, Object)
01:04:53.0 (90119581)|HEAP_ALLOCATE|[EXTERNAL]|Bytes:-4
01:04:53.0 (90127263)|SYSTEM_METHOD_EXIT|[42]|Map<Id,PricebookEntry>.put(Object, Object)
01:04:53.0 (90130459)|STATEMENT_EXECUTE|[43]
01:04:53.0 (90134004)|SYSTEM_METHOD_ENTRY|[43]|CommunityProdController.__sfdc_prodListDisp()
01:04:53.0 (90292623)|VARIABLE_ASSIGNMENT|[EXTERNAL]|this|{"con":"0x3022dcc1","currentUser":"0xb6b5a55","currentUserId":"00524000005uNfKAAU","pbEntry":"0xcb108e0","prod_pbEntry":"0x3cd86aba","prodList":"0x11412715","prodListDisp":"0x5bd58cc6"}|0x2914f34f
01:04:53.0 (90304886)|SYSTEM_METHOD_EXIT|[43]|CommunityProdController.__sfdc_prodListDisp()
01:04:53.0 (90324365)|SYSTEM_METHOD_ENTRY|[43]|List<Product2>.add(Object)
01:04:53.0 (90329038)|HEAP_ALLOCATE|[EXTERNAL]|Bytes:4
01:04:53.0 (90335094)|SYSTEM_METHOD_EXIT|[43]|List<Product2>.add(Object)
01:04:53.0 (90338046)|STATEMENT_EXECUTE|[58]
01:04:53.0 (90341324)|SYSTEM_METHOD_ENTRY|[58]|CommunityProdController.__sfdc_pbEntry()
01:04:53.0 (90485045)|VARIABLE_ASSIGNMENT|[EXTERNAL]|this|{"con":"0x3022dcc1","currentUser":"0xb6b5a55","currentUserId":"00524000005uNfKAAU","pbEntry":"0xcb108e0","prod_pbEntry":"0x3cd86aba","prodList":"0x11412715","prodListDisp":"0x5bd58cc6"}|0x2914f34f
01:04:53.0 (90493395)|SYSTEM_METHOD_EXIT|[58]|CommunityProdController.__sfdc_pbEntry()
01:04:53.0 (90499561)|SYSTEM_METHOD_ENTRY|[58]|List<PricebookEntry>.clear()
01:04:53.0 (90504827)|SYSTEM_METHOD_EXIT|[58]|List<PricebookEntry>.clear()
01:04:53.0 (90510603)|SYSTEM_METHOD_ENTRY|[36]|system.ListIterator.hasNext()
01:04:53.0 (90518171)|HEAP_ALLOCATE|[36]|Bytes:5
01:04:53.0 (90523251)|SYSTEM_METHOD_EXIT|[36]|system.ListIterator.hasNext()
01:04:53.0 (90556567)|HEAP_ALLOCATE|[36]|Bytes:24
01:04:53.0 (90569889)|VARIABLE_SCOPE_BEGIN|[36]|p|Product2|true|false
01:04:53.0 (90585724)|VARIABLE_ASSIGNMENT|[36]|p|{"Id":"01t24000002t7ssAAA","IsActive":true,"Name":"First Partners - Soc (21 more) ...","ProductCode":"FPSMC400","DisplayOnCommunity__ (1 more) ...":true}|0x366cf2d0
01:04:53.0 (90589100)|STATEMENT_EXECUTE|[37]
01:04:53.0 (90590454)|STATEMENT_EXECUTE|[38]
01:04:53.0 (90595321)|HEAP_ALLOCATE|[38]|Bytes:4
01:04:53.0 (90885041)|SOQL_EXECUTE_BEGIN|[38]|Aggregations:0|SELECT Id, IsActive, IsDeleted, Name, Pricebook2Id, Product2Id, ProductCode, UnitPrice, UseStandardPrice FROM PricebookEntry WHERE (Product2Id = :tmpVar1 AND isActive = TRUE) LIMIT 1
01:04:53.0 (90891846)|LIMIT_USAGE|[38]|SOQL|9|100
01:04:53.0 (90898891)|LIMIT_USAGE|[38]|AGGS|0|300
01:04:53.0 (93854124)|SOQL_EXECUTE_END|[38]|Rows:1
01:04:53.0 (93863404)|LIMIT_USAGE|[38]|SOQL_ROWS|16|50000
01:04:53.0 (93877578)|HEAP_ALLOCATE|[38]|Bytes:8
01:04:53.0 (93894421)|HEAP_ALLOCATE|[38]|Bytes:273
01:04:53.0 (93911844)|HEAP_ALLOCATE|[38]|Bytes:8
01:04:53.0 (93934443)|SYSTEM_METHOD_ENTRY|[38]|CommunityProdController.__sfdc_pbEntry(List<PricebookEntry>)
01:04:53.0 (94161259)|VARIABLE_ASSIGNMENT|[EXTERNAL]|this|{"con":"0x3022dcc1","currentUser":"0xb6b5a55","currentUserId":"00524000005uNfKAAU","pbEntry":"0xcb108e0","prod_pbEntry":"0x3cd86aba","prodList":"0x11412715","prodListDisp":"0x5bd58cc6"}|0x2914f34f
01:04:53.0 (94192116)|VARIABLE_ASSIGNMENT|[EXTERNAL]|value|[{"Id":"01u24000002VVAkAAO","IsActive":true,"IsDeleted":false,"Name":"First Partners - Soc (21 more) ...","Pricebook2Id":"01s24000003Olw1AAC","Product2Id":"01t24000002t7ssAAA","ProductCode":"FPSMC400","UnitPrice":400.00,"UseStandardPrice":false}]|0x53aed000
01:04:53.0 (94234229)|VARIABLE_ASSIGNMENT|[7]|this.pbEntry|[{"Id":"01u24000002VVAkAAO","IsActive":true,"IsDeleted":false,"Name":"First Partners - Soc (21 more) ...","Pricebook2Id":"01s24000003Olw1AAC","Product2Id":"01t24000002t7ssAAA","ProductCode":"FPSMC400","UnitPrice":400.00,"UseStandardPrice":false}]|0x2914f34f
01:04:53.0 (94244525)|SYSTEM_METHOD_EXIT|[38]|CommunityProdController.__sfdc_pbEntry(List<PricebookEntry>)
01:04:53.0 (94251854)|SYSTEM_METHOD_ENTRY|[40]|CommunityProdController.__sfdc_pbEntry()
01:04:53.0 (94399120)|VARIABLE_ASSIGNMENT|[EXTERNAL]|this|{"con":"0x3022dcc1","currentUser":"0xb6b5a55","currentUserId":"00524000005uNfKAAU","pbEntry":"0x53aed000","prod_pbEntry":"0x3cd86aba","prodList":"0x11412715","prodListDisp":"0x5bd58cc6"}|0x2914f34f
01:04:53.0 (94408058)|SYSTEM_METHOD_EXIT|[40]|CommunityProdController.__sfdc_pbEntry()
01:04:53.0 (94415617)|SYSTEM_METHOD_ENTRY|[40]|List<PricebookEntry>.size()
01:04:53.0 (94419710)|SYSTEM_METHOD_EXIT|[40]|List<PricebookEntry>.size()
01:04:53.0 (94431518)|STATEMENT_EXECUTE|[41]
01:04:53.0 (94432981)|STATEMENT_EXECUTE|[42]
01:04:53.0 (94436250)|SYSTEM_METHOD_ENTRY|[42]|CommunityProdController.__sfdc_prod_pbEntry()
01:04:53.0 (94570458)|VARIABLE_ASSIGNMENT|[EXTERNAL]|this|{"con":"0x3022dcc1","currentUser":"0xb6b5a55","currentUserId":"00524000005uNfKAAU","pbEntry":"0x53aed000","prod_pbEntry":"0x3cd86aba","prodList":"0x11412715","prodListDisp":"0x5bd58cc6"}|0x2914f34f
01:04:53.0 (94577960)|SYSTEM_METHOD_EXIT|[42]|CommunityProdController.__sfdc_prod_pbEntry()
01:04:53.0 (94588453)|SYSTEM_METHOD_ENTRY|[42]|CommunityProdController.__sfdc_pbEntry()
01:04:53.0 (94720075)|VARIABLE_ASSIGNMENT|[EXTERNAL]|this|{"con":"0x3022dcc1","currentUser":"0xb6b5a55","currentUserId":"00524000005uNfKAAU","pbEntry":"0x53aed000","prod_pbEntry":"0x3cd86aba","prodList":"0x11412715","prodListDisp":"0x5bd58cc6"}|0x2914f34f
01:04:53.0 (94727315)|SYSTEM_METHOD_EXIT|[42]|CommunityProdController.__sfdc_pbEntry()
01:04:53.0 (94757519)|HEAP_ALLOCATE|[42]|Bytes:40
01:04:53.0 (94794043)|SYSTEM_METHOD_ENTRY|[42]|Map<Id,PricebookEntry>.put(Object, Object)
01:04:53.0 (94803657)|HEAP_ALLOCATE|[EXTERNAL]|Bytes:-4
01:04:53.0 (94816156)|SYSTEM_METHOD_EXIT|[42]|Map<Id,PricebookEntry>.put(Object, Object)
01:04:53.0 (94821642)|STATEMENT_EXECUTE|[43]
01:04:53.0 (94825736)|SYSTEM_METHOD_ENTRY|[43]|CommunityProdController.__sfdc_prodListDisp()
01:04:53.0 (95031305)|VARIABLE_ASSIGNMENT|[EXTERNAL]|this|{"con":"0x3022dcc1","currentUser":"0xb6b5a55","currentUserId":"00524000005uNfKAAU","pbEntry":"0x53aed000","prod_pbEntry":"0x3cd86aba","prodList":"0x11412715","prodListDisp":"0x5bd58cc6"}|0x2914f34f
01:04:53.0 (95044576)|SYSTEM_METHOD_EXIT|[43]|CommunityProdController.__sfdc_prodListDisp()
01:04:53.0 (95060609)|SYSTEM_METHOD_ENTRY|[43]|List<Product2>.add(Object)
01:04:53.0 (95064491)|HEAP_ALLOCATE|[EXTERNAL]|Bytes:4
01:04:53.0 (95070123)|SYSTEM_METHOD_EXIT|[43]|List<Product2>.add(Object)
01:04:53.0 (95073256)|STATEMENT_EXECUTE|[58]
01:04:53.0 (95076447)|SYSTEM_METHOD_ENTRY|[58]|CommunityProdController.__sfdc_pbEntry()
01:04:53.0 (95278183)|VARIABLE_ASSIGNMENT|[EXTERNAL]|this|{"con":"0x3022dcc1","currentUser":"0xb6b5a55","currentUserId":"00524000005uNfKAAU","pbEntry":"0x53aed000","prod_pbEntry":"0x3cd86aba","prodList":"0x11412715","prodListDisp":"0x5bd58cc6"}|0x2914f34f
01:04:53.0 (95294700)|SYSTEM_METHOD_EXIT|[58]|CommunityProdController.__sfdc_pbEntry()
01:04:53.0 (95304705)|SYSTEM_METHOD_ENTRY|[58]|List<PricebookEntry>.clear()
01:04:53.0 (95310429)|SYSTEM_METHOD_EXIT|[58]|List<PricebookEntry>.clear()
01:04:53.0 (95319188)|SYSTEM_METHOD_ENTRY|[36]|system.ListIterator.hasNext()
01:04:53.0 (95330003)|HEAP_ALLOCATE|[36]|Bytes:5
01:04:53.0 (95339787)|SYSTEM_METHOD_EXIT|[36]|system.ListIterator.hasNext()
01:04:53.0 (95371190)|HEAP_ALLOCATE|[36]|Bytes:28
01:04:53.0 (95383174)|VARIABLE_SCOPE_BEGIN|[36]|p|Product2|true|false
01:04:53.0 (95417943)|VARIABLE_ASSIGNMENT|[36]|p|{"Description":"This is for First Pa (75 more) ...","Id":"01t24000002rJluAAE","IsActive":true,"Name":"First Partners - Soc (8 more) ...","ProductCode":"FPSO1200","DisplayOnCommunity__ (1 more) ...":true}|0x51a4001a
01:04:53.0 (95426754)|STATEMENT_EXECUTE|[37]
01:04:53.0 (95429236)|STATEMENT_EXECUTE|[38]
01:04:53.0 (95435873)|HEAP_ALLOCATE|[38]|Bytes:4
01:04:53.0 (95776202)|SOQL_EXECUTE_BEGIN|[38]|Aggregations:0|SELECT Id, IsActive, IsDeleted, Name, Pricebook2Id, Product2Id, ProductCode, UnitPrice, UseStandardPrice FROM PricebookEntry WHERE (Product2Id = :tmpVar1 AND isActive = TRUE) LIMIT 1
01:04:53.0 (95785250)|LIMIT_USAGE|[38]|SOQL|10|100
01:04:53.0 (95793931)|LIMIT_USAGE|[38]|AGGS|0|300
01:04:53.0 (98665073)|SOQL_EXECUTE_END|[38]|Rows:1
01:04:53.0 (98672491)|LIMIT_USAGE|[38]|SOQL_ROWS|17|50000
01:04:53.0 (98683549)|HEAP_ALLOCATE|[38]|Bytes:8
01:04:53.0 (98698470)|HEAP_ALLOCATE|[38]|Bytes:260
01:04:53.0 (98713900)|HEAP_ALLOCATE|[38]|Bytes:8
01:04:53.0 (98728737)|SYSTEM_METHOD_ENTRY|[38]|CommunityProdController.__sfdc_pbEntry(List<PricebookEntry>)
01:04:53.0 (98889426)|VARIABLE_ASSIGNMENT|[EXTERNAL]|this|{"con":"0x3022dcc1","currentUser":"0xb6b5a55","currentUserId":"00524000005uNfKAAU","pbEntry":"0x53aed000","prod_pbEntry":"0x3cd86aba","prodList":"0x11412715","prodListDisp":"0x5bd58cc6"}|0x2914f34f
01:04:53.0 (98912046)|VARIABLE_ASSIGNMENT|[EXTERNAL]|value|[{"Id":"01u24000001whHLAAY","IsActive":true,"IsDeleted":false,"Name":"First Partners - Soc (8 more) ...","Pricebook2Id":"01s24000003Olw1AAC","Product2Id":"01t24000002rJluAAE","ProductCode":"FPSO1200","UnitPrice":1200.00,"UseStandardPrice":false}]|0x8dc13b8
01:04:53.0 (98929000)|VARIABLE_ASSIGNMENT|[7]|this.pbEntry|[{"Id":"01u24000001whHLAAY","IsActive":true,"IsDeleted":false,"Name":"First Partners - Soc (8 more) ...","Pricebook2Id":"01s24000003Olw1AAC","Product2Id":"01t24000002rJluAAE","ProductCode":"FPSO1200","UnitPrice":1200.00,"UseStandardPrice":false}]|0x2914f34f
01:04:53.0 (98937013)|SYSTEM_METHOD_EXIT|[38]|CommunityProdController.__sfdc_pbEntry(List<PricebookEntry>)
01:04:53.0 (98954289)|SYSTEM_METHOD_ENTRY|[40]|CommunityProdController.__sfdc_pbEntry()
01:04:53.0 (99080512)|VARIABLE_ASSIGNMENT|[EXTERNAL]|this|{"con":"0x3022dcc1","currentUser":"0xb6b5a55","currentUserId":"00524000005uNfKAAU","pbEntry":"0x8dc13b8","prod_pbEntry":"0x3cd86aba","prodList":"0x11412715","prodListDisp":"0x5bd58cc6"}|0x2914f34f
01:04:53.0 (99089496)|SYSTEM_METHOD_EXIT|[40]|CommunityProdController.__sfdc_pbEntry()
01:04:53.0 (99096963)|SYSTEM_METHOD_ENTRY|[40]|List<PricebookEntry>.size()
01:04:53.0 (99100989)|SYSTEM_METHOD_EXIT|[40]|List<PricebookEntry>.size()
01:04:53.0 (99105289)|STATEMENT_EXECUTE|[41]
01:04:53.0 (99106672)|STATEMENT_EXECUTE|[42]
01:04:53.0 (99109615)|SYSTEM_METHOD_ENTRY|[42]|CommunityProdController.__sfdc_prod_pbEntry()
01:04:53.0 (99228470)|VARIABLE_ASSIGNMENT|[EXTERNAL]|this|{"con":"0x3022dcc1","currentUser":"0xb6b5a55","currentUserId":"00524000005uNfKAAU","pbEntry":"0x8dc13b8","prod_pbEntry":"0x3cd86aba","prodList":"0x11412715","prodListDisp":"0x5bd58cc6"}|0x2914f34f
01:04:53.0 (99235866)|SYSTEM_METHOD_EXIT|[42]|CommunityProdController.__sfdc_prod_pbEntry()
01:04:53.0 (99245555)|SYSTEM_METHOD_ENTRY|[42]|CommunityProdController.__sfdc_pbEntry()
01:04:53.0 (99370798)|VARIABLE_ASSIGNMENT|[EXTERNAL]|this|{"con":"0x3022dcc1","currentUser":"0xb6b5a55","currentUserId":"00524000005uNfKAAU","pbEntry":"0x8dc13b8","prod_pbEntry":"0x3cd86aba","prodList":"0x11412715","prodListDisp":"0x5bd58cc6"}|0x2914f34f
01:04:53.0 (99377843)|SYSTEM_METHOD_EXIT|[42]|CommunityProdController.__sfdc_pbEntry()
01:04:53.0 (99399244)|HEAP_ALLOCATE|[42]|Bytes:40
01:04:53.0 (99419786)|SYSTEM_METHOD_ENTRY|[42]|Map<Id,PricebookEntry>.put(Object, Object)
01:04:53.0 (99425143)|HEAP_ALLOCATE|[EXTERNAL]|Bytes:-4
01:04:53.0 (99432801)|SYSTEM_METHOD_EXIT|[42]|Map<Id,PricebookEntry>.put(Object, Object)
01:04:53.0 (99435626)|STATEMENT_EXECUTE|[43]
01:04:53.0 (99438916)|SYSTEM_METHOD_ENTRY|[43]|CommunityProdController.__sfdc_prodListDisp()
01:04:53.0 (99575179)|VARIABLE_ASSIGNMENT|[EXTERNAL]|this|{"con":"0x3022dcc1","currentUser":"0xb6b5a55","currentUserId":"00524000005uNfKAAU","pbEntry":"0x8dc13b8","prod_pbEntry":"0x3cd86aba","prodList":"0x11412715","prodListDisp":"0x5bd58cc6"}|0x2914f34f
01:04:53.0 (99582479)|SYSTEM_METHOD_EXIT|[43]|CommunityProdController.__sfdc_prodListDisp()
01:04:53.0 (99593716)|SYSTEM_METHOD_ENTRY|[43]|List<Product2>.add(Object)
01:04:53.0 (99597271)|HEAP_ALLOCATE|[EXTERNAL]|Bytes:4
01:04:53.0 (99602432)|SYSTEM_METHOD_EXIT|[43]|List<Product2>.add(Object)
01:04:53.0 (99607423)|STATEMENT_EXECUTE|[58]
01:04:53.0 (99609985)|SYSTEM_METHOD_ENTRY|[58]|CommunityProdController.__sfdc_pbEntry()
01:04:53.0 (99773410)|VARIABLE_ASSIGNMENT|[EXTERNAL]|this|{"con":"0x3022dcc1","currentUser":"0xb6b5a55","currentUserId":"00524000005uNfKAAU","pbEntry":"0x8dc13b8","prod_pbEntry":"0x3cd86aba","prodList":"0x11412715","prodListDisp":"0x5bd58cc6"}|0x2914f34f
01:04:53.0 (99785974)|SYSTEM_METHOD_EXIT|[58]|CommunityProdController.__sfdc_pbEntry()
01:04:53.0 (99794743)|SYSTEM_METHOD_ENTRY|[58]|List<PricebookEntry>.clear()
01:04:53.0 (99801959)|SYSTEM_METHOD_EXIT|[58]|List<PricebookEntry>.clear()
01:04:53.0 (99809343)|SYSTEM_METHOD_ENTRY|[36]|system.ListIterator.hasNext()
01:04:53.0 (99819236)|HEAP_ALLOCATE|[36]|Bytes:5
01:04:53.0 (99826582)|SYSTEM_METHOD_EXIT|[36]|system.ListIterator.hasNext()
01:04:53.0 (99840297)|VARIABLE_ASSIGNMENT|[36]|p|null|
01:04:53.0 (99844611)|STATEMENT_EXECUTE|[61]
01:04:53.0 (99848853)|HEAP_ALLOCATE|[61]|Bytes:11
01:04:53.0 (99859133)|SYSTEM_METHOD_ENTRY|[61]|CommunityProdController.__sfdc_prod_pbEntry()
01:04:53.0 (100070838)|VARIABLE_ASSIGNMENT|[EXTERNAL]|this|{"con":"0x3022dcc1","currentUser":"0xb6b5a55","currentUserId":"00524000005uNfKAAU","pbEntry":"0x8dc13b8","prod_pbEntry":"0x3cd86aba","prodList":"0x11412715","prodListDisp":"0x5bd58cc6"}|0x2914f34f
01:04:53.0 (100083821)|SYSTEM_METHOD_EXIT|[61]|CommunityProdController.__sfdc_prod_pbEntry()
01:04:53.0 (100133006)|SYSTEM_METHOD_ENTRY|[61]|String.valueOf(Object)
01:04:53.0 (100454747)|HEAP_ALLOCATE|[61]|Bytes:2124
01:04:53.0 (100474311)|SYSTEM_METHOD_EXIT|[61]|String.valueOf(Object)
01:04:53.0 (100488492)|HEAP_ALLOCATE|[61]|Bytes:2135
01:04:53.0 (100511638)|SYSTEM_METHOD_ENTRY|[61]|System.debug(ANY)
01:04:53.0 (100520678)|USER_DEBUG|[61]|DEBUG|PB Entry : {01t24000002rJluAAE=PricebookEntry:{Id=01u24000001whHLAAY, IsActive=true, IsDeleted=false, Name=First Partners - Social Only, Pricebook2Id=01s24000003Olw1AAC, Product2Id=01t24000002rJluAAE, ProductCode=FPSO1200, UnitPrice=1200.00, UseStandardPrice=false}, 01t24000002t6w2AAA=PricebookEntry:{Id=01u24000002VUygAAG, IsActive=true, IsDeleted=false, Name=First Partners - Full Licence, Pricebook2Id=01s24000003Olw1AAC, Product2Id=01t24000002t6w2AAA, ProductCode=FPFL12000, UnitPrice=1200.00, UseStandardPrice=false}, 01t24000002t7jvAAA=PricebookEntry:{Id=01u24000002VV8yAAG, IsActive=true, IsDeleted=false, Name=First Partners - Multiple Seats Social Only, Pricebook2Id=01s24000003Olw1AAC, Product2Id=01t24000002t7jvAAA, ProductCode=FPMSO600, UnitPrice=600.00, UseStandardPrice=false}, 01t24000002t7rpAAA=PricebookEntry:{Id=01u24000002VVALAA4, IsActive=true, IsDeleted=false, Name=First Partners - Monthly Pro-bono Workshops, Pricebook2Id=01s24000003Olw1AAC, Product2Id=01t24000002t7rpAAA, ProductCode=FPMWS-PB, UnitPrice=0.00, UseStandardPrice=false}, 01t24000002t7s9AAA=PricebookEntry:{Id=01u24000002VVAQAA4, IsActive=true, IsDeleted=false, Name=First Partners - Initial Pro-bono Social Media Impact, Pricebook2Id=01s24000003Olw1AAC, Product2Id=01t24000002t7s9AAA, ProductCode=FPSMI-PB, UnitPrice=0.00, UseStandardPrice=false}, 01t24000002t7ssAAA=PricebookEntry:{Id=01u24000002VVAkAAO, IsActive=true, IsDeleted=false, Name=First Partners - Social Media Consultancy, Pricebook2Id=01s24000003Olw1AAC, Product2Id=01t24000002t7ssAAA, ProductCode=FPSMC400, UnitPrice=400.00, UseStandardPrice=false}, 01t24000002t7sxAAA=PricebookEntry:{Id=01u24000002VVAuAAO, IsActive=true, IsDeleted=false, Name=First Partners - Initial Pro-bono Salesforce Healthcheck, Pricebook2Id=01s24000003Olw1AAC, Product2Id=01t24000002t7sxAAA, ProductCode=FPSFHC-PB, UnitPrice=0.00, UseStandardPrice=false}, 01t24000002t81MAAQ=PricebookEntry:{Id=01u24000002VVBTAA4, IsActive=true, IsDeleted=false, Name=First Partners - Donor 3D, Pricebook2Id=01s24000003Olw1AAC, Product2Id=01t24000002t81MAAQ, ProductCode=FPD3D200, UnitPrice=200.00, UseStandardPrice=false}}
01:04:53.0 (100535621)|SYSTEM_METHOD_EXIT|[61]|System.debug(ANY)
01:04:53.0 (100538533)|STATEMENT_EXECUTE|[63]
01:04:53.0 (100546684)|SYSTEM_METHOD_ENTRY|[63]|ApexPages.currentPage()
01:04:53.0 (100607124)|HEAP_ALLOCATE|[63]|Bytes:27
01:04:53.0 (100612540)|SYSTEM_METHOD_EXIT|[63]|ApexPages.currentPage()
01:04:53.0 (100634616)|SYSTEM_METHOD_ENTRY|[63]|System.PageReference.getCookies()
01:04:53.0 (100662357)|HEAP_ALLOCATE|[63]|Bytes:40
01:04:53.0 (100708276)|SYSTEM_METHOD_EXIT|[63]|System.PageReference.getCookies()
01:04:53.0 (100712929)|HEAP_ALLOCATE|[63]|Bytes:11
01:04:53.0 (100730971)|SYSTEM_METHOD_ENTRY|[63]|Map<String,System.Cookie>.get(Object)
01:04:53.0 (100743951)|SYSTEM_METHOD_EXIT|[63]|Map<String,System.Cookie>.get(Object)
01:04:53.0 (100749791)|VARIABLE_SCOPE_BEGIN|[63]|goppIdCookie|System.Cookie|true|false
01:04:53.0 (100829309)|VARIABLE_ASSIGNMENT|[63]|goppIdCookie|"common.apex.api.net.CookieValue@411c54bd"|0x411c54bd
01:04:53.0 (100833393)|STATEMENT_EXECUTE|[64]
01:04:53.0 (100836513)|HEAP_ALLOCATE|[64]|Bytes:25
01:04:53.0 (100867094)|SYSTEM_METHOD_ENTRY|[64]|String.valueOf(Object)
01:04:53.0 (100898411)|HEAP_ALLOCATE|[64]|Bytes:78
01:04:53.0 (100908570)|SYSTEM_METHOD_EXIT|[64]|String.valueOf(Object)
01:04:53.0 (100915284)|HEAP_ALLOCATE|[64]|Bytes:103
01:04:53.0 (100925691)|SYSTEM_METHOD_ENTRY|[64]|System.debug(ANY)
01:04:53.0 (100930139)|USER_DEBUG|[64]|DEBUG|get cookie opp id value: System.Cookie[oppIdCookie=0069E000002l5KVQAY;path=/;expires=-1;isSecure=false]
01:04:53.0 (100934173)|SYSTEM_METHOD_EXIT|[64]|System.debug(ANY)
01:04:53.0 (100936495)|STATEMENT_EXECUTE|[65]
01:04:53.0 (100952602)|HEAP_ALLOCATE|[65]|Bytes:4
01:04:53.0 (101058254)|SYSTEM_METHOD_ENTRY|[65]|CommunityProdController.__sfdc_newOpp(Opportunity)
01:04:53.0 (101235836)|VARIABLE_ASSIGNMENT|[EXTERNAL]|this|{"con":"0x3022dcc1","currentUser":"0xb6b5a55","currentUserId":"00524000005uNfKAAU","pbEntry":"0x8dc13b8","prod_pbEntry":"0x3cd86aba","prodList":"0x11412715","prodListDisp":"0x5bd58cc6"}|0x2914f34f
01:04:53.0 (101248427)|VARIABLE_ASSIGNMENT|[EXTERNAL]|value|{}|0x27139ce3
01:04:53.0 (101258724)|VARIABLE_ASSIGNMENT|[79]|this.newOpp|{}|0x2914f34f
01:04:53.0 (101265268)|SYSTEM_METHOD_EXIT|[65]|CommunityProdController.__sfdc_newOpp(Opportunity)
01:04:53.0 (101270037)|STATEMENT_EXECUTE|[75]
01:04:53.0 (101282860)|SYSTEM_METHOD_ENTRY|[75]|System.Cookie.getValue()
01:04:53.0 (101299179)|HEAP_ALLOCATE|[75]|Bytes:18
01:04:53.0 (101303635)|SYSTEM_METHOD_EXIT|[75]|System.Cookie.getValue()
01:04:53.0 (101311349)|HEAP_ALLOCATE|[75]|Bytes:4
01:04:53.0 (101328522)|SYSTEM_METHOD_ENTRY|[75]|CommunityProdController.__sfdc_newOpp()
01:04:53.0 (101461297)|VARIABLE_ASSIGNMENT|[EXTERNAL]|this|{"con":"0x3022dcc1","currentUser":"0xb6b5a55","currentUserId":"00524000005uNfKAAU","newOpp":"0x27139ce3","pbEntry":"0x8dc13b8","prod_pbEntry":"0x3cd86aba","prodList":"0x11412715","prodListDisp":"0x5bd58cc6"}|0x2914f34f
01:04:53.0 (101471193)|SYSTEM_METHOD_EXIT|[75]|CommunityProdController.__sfdc_newOpp()
01:04:53.0 (101511128)|VARIABLE_ASSIGNMENT|[75]|this.Id|"0069E000002l5KVQAY"|0x27139ce3
01:04:53.0 (101527207)|VF_APEX_CALL_END|CommunityProdController <init>
01:04:53.0 (101582620)|VF_APEX_CALL_START|[EXTERNAL]|01p9E000000Dmea|CommunityProdController get(prodListDisp)
01:04:53.0 (101589843)|SYSTEM_MODE_ENTER|true
01:04:53.0 (101599874)|VF_APEX_CALL_START|[EXTERNAL]|01p9E000000Dmea|prodListDisp
01:04:53.0 (101608257)|VF_APEX_CALL_END|prodListDisp
01:04:53.0 (101616847)|VF_APEX_CALL_END|CommunityProdController get(prodListDisp)
01:04:53.0 (102828395)|VF_EVALUATE_FORMULA_BEGIN|0669E000000Cuyk|#{URLFOR($Resource.Bootstrap337, 'bootstrap-3.3.7-dist/css/bootstrap.min.css')}
01:04:53.0 (103144283)|VF_EVALUATE_FORMULA_END
01:04:53.0 (103161661)|VF_EVALUATE_FORMULA_BEGIN|0669E000000Cuyk|#{URLFOR($Resource.Bootstrap337, 'bootstrap-3.3.7-dist/css/bootstrap.min.css')}
01:04:53.0 (103179623)|VF_EVALUATE_FORMULA_END
01:04:53.0 (103189956)|VF_EVALUATE_FORMULA_BEGIN|0669E000000Cuyk|#{URLFOR($Resource.Bootstrap337, 'bootstrap-3.3.7-dist/js/bootstrap.min.js')}
01:04:53.0 (103207782)|VF_EVALUATE_FORMULA_END
01:04:53.103 (103356335)|VF_APEX_CALL_START|[EXTERNAL]|/apexpage/pagemessagescomponentcontroller.apex set(conEscape,null)
01:04:53.103 (103371186)|SYSTEM_MODE_ENTER|true
01:04:53.103 (103381543)|VF_APEX_CALL_START|[EXTERNAL]|PageMessagesComponentController set(conEscape,null)
01:04:53.103 (103402607)|VF_APEX_CALL_START|[EXTERNAL]|PageMessagesComponentController invoke(setconEscape)
01:04:53.103 (103428471)|HEAP_ALLOCATE|[EXTERNAL]|Bytes:8
01:04:53.103 (103435155)|VARIABLE_SCOPE_BEGIN|[88]|this|ApexPage.PageMessagesComponentController|true|false
01:04:53.103 (103454965)|VARIABLE_ASSIGNMENT|[88]|this|{}|0x4478d624
01:04:53.103 (103457712)|VARIABLE_SCOPE_BEGIN|[88]|escape|Boolean|false|false
01:04:53.103 (103460956)|VARIABLE_ASSIGNMENT|[88]|escape|null
01:04:53.103 (103565792)|VF_APEX_CALL_START|[EXTERNAL]|/apexpage/pagemessagescomponentcontroller.apex get(severities)
01:04:53.103 (103574602)|SYSTEM_MODE_ENTER|true
01:04:53.103 (103583006)|VF_APEX_CALL_START|[EXTERNAL]|PageMessagesComponentController invoke(getseverities)
01:04:53.103 (103600755)|HEAP_ALLOCATE|[EXTERNAL]|Bytes:8
01:04:53.103 (103605522)|VARIABLE_SCOPE_BEGIN|[2]|this|ApexPage.PageMessagesComponentController|true|false
01:04:53.103 (103619039)|VARIABLE_ASSIGNMENT|[2]|this|{}|0x4478d624
01:04:53.0 (104553518)|VF_EVALUATE_FORMULA_BEGIN|0669E000000Cuyk|#{prod_pbEntry[pr.id].UnitPrice}
01:04:53.0 (104650647)|VF_APEX_CALL_START|[EXTERNAL]|01p9E000000Dmea|CommunityProdController get(prod_pbEntry)
01:04:53.0 (104657447)|SYSTEM_MODE_ENTER|true
01:04:53.0 (104666719)|VF_APEX_CALL_START|[EXTERNAL]|01p9E000000Dmea|prod_pbEntry
01:04:53.0 (104676976)|VF_APEX_CALL_END|prod_pbEntry
01:04:53.0 (104689106)|VF_APEX_CALL_END|CommunityProdController get(prod_pbEntry)
01:04:53.0 (105027749)|VF_EVALUATE_FORMULA_END
01:04:53.0 (107026519)|VF_EVALUATE_FORMULA_BEGIN|0669E000000Cuyk|#{prod_pbEntry[pr.id].UnitPrice}
01:04:53.0 (107230078)|VF_EVALUATE_FORMULA_END
01:04:53.0 (108089274)|VF_EVALUATE_FORMULA_BEGIN|0669E000000Cuyk|#{prod_pbEntry[pr.id].UnitPrice}
01:04:53.0 (108362167)|VF_EVALUATE_FORMULA_END
01:04:53.0 (109561791)|VF_EVALUATE_FORMULA_BEGIN|0669E000000Cuyk|#{prod_pbEntry[pr.id].UnitPrice}
01:04:53.0 (109813884)|VF_EVALUATE_FORMULA_END
01:04:53.0 (110693607)|VF_EVALUATE_FORMULA_BEGIN|0669E000000Cuyk|#{prod_pbEntry[pr.id].UnitPrice}
01:04:53.0 (110860856)|VF_EVALUATE_FORMULA_END
01:04:53.0 (111641605)|VF_EVALUATE_FORMULA_BEGIN|0669E000000Cuyk|#{prod_pbEntry[pr.id].UnitPrice}
01:04:53.0 (111802599)|VF_EVALUATE_FORMULA_END
01:04:53.0 (112626796)|VF_EVALUATE_FORMULA_BEGIN|0669E000000Cuyk|#{prod_pbEntry[pr.id].UnitPrice}
01:04:53.0 (112809283)|VF_EVALUATE_FORMULA_END
01:04:53.0 (113595254)|VF_EVALUATE_FORMULA_BEGIN|0669E000000Cuyk|#{prod_pbEntry[pr.id].UnitPrice}
01:04:53.0 (113747292)|VF_EVALUATE_FORMULA_END
01:04:53.0 (114732659)|VF_SERIALIZE_VIEWSTATE_BEGIN|0669E000000Cuyk
01:04:53.0 (119246960)|VF_SERIALIZE_VIEWSTATE_END
01:04:53.121 (121915373)|CUMULATIVE_LIMIT_USAGE
01:04:53.121 (121915373)|LIMIT_USAGE_FOR_NS|(default)|
  Number of SOQL queries: 10 out of 100
  Number of query rows: 17 out of 50000
  Number of SOSL queries: 0 out of 20
  Number of DML statements: 0 out of 150
  Number of DML rows: 0 out of 10000
  Maximum CPU time: 0 out of 10000
  Maximum heap size: 0 out of 6000000
  Number of callouts: 0 out of 100
  Number of Email Invocations: 0 out of 10
  Number of future calls: 0 out of 50
  Number of queueable jobs added to the queue: 0 out of 50
  Number of Mobile Apex push calls: 0 out of 10

01:04:53.121 (121915373)|TOTAL_EMAIL_RECIPIENTS_QUEUED|0
01:04:53.121 (121915373)|STATIC_VARIABLE_LIST|
  char[]:DigitTens:0
  long:serialVersionUID:0
  long:serialVersionUID:0
  String:_sfdcAdditionalCodeLocations:0
  String:_sfdcAdditionalCodeLocations:0
  double:MAX_VALUE:0
  Boolean:FALSE:0
  long:serialVersionUID:0
  String:__sfdcInnerTypes:0
  double:MIN_VALUE:0
  int:SIZE:0
  double:NEGATIVE_INFINITY:0
  int:MAX_VALUE:0
  char[]:digits:0
  double:NaN:0
  Boolean:TRUE:0
  int:MIN_VALUE:0
  char[]:DigitOnes:0
  String:_sfdcAdditionalCodeLocations:0
  int:BYTES:0
  int:MIN_EXPONENT:0
  int[]:sizeTable:0
  int:MAX_EXPONENT:0
  String:_sfdcAdditionalCodeLocations:0
  String:_sfdcSuppressedCodeLocations:0
  int:SIZE:0
  double:POSITIVE_INFINITY:0
  String:__sfdcProperties:0
  double:MIN_NORMAL:0
  int:BYTES:0

01:04:53.121 (121915373)|CUMULATIVE_LIMIT_USAGE_END

01:04:53.0 (122100837)|CODE_UNIT_FINISHED|VF: /apex/communityProducts
01:04:53.0 (122954467)|EXECUTION_FINISHED
01:04:53.124 (124436330)|CUMULATIVE_PROFILING_BEGIN
01:04:53.124 (124436330)|CUMULATIVE_PROFILING|SOQL operations|
Class.CommunityProdController.<init>: line 38, column 1: [SELECT Id,IsActive,IsDeleted,Name,Pricebook2Id,Product2Id,ProductCode,UnitPrice,UseStandardPrice FROM PricebookEntry WHERE Product2Id = :p.id and isActive = true limit 1]: executed 16 times in 28 ms
Class.CommunityProdController.<init>: line 30, column 1: [SELECT Description,Id,IsActive,Name,DisplayUrl,ProductCode,CommunityProdDetail__c,DisplayOnCommunity__c   FROM Product2 where isActive = true and DisplayOnCommunity__c =true order by name Limit 10 ]: executed 2 times in 4 ms

01:04:53.124 (124436330)|CUMULATIVE_PROFILING|No profiling information for SOSL operations
01:04:53.124 (124436330)|CUMULATIVE_PROFILING|No profiling information for DML operations
01:04:53.124 (124436330)|CUMULATIVE_PROFILING|method invocations|
External entry point: public void <init>(): executed 1 time in 48 ms
Class.CommunityProdController.<init>: line 42, column 1: public Map<Id,PricebookEntry> __sfdc_prod_pbEntry(): executed 24 times in 4 ms
Class.CommunityProdController.<init>: line 22, column 1: public Id __sfdc_currentUserId(): executed 3 times in 4 ms
Class.CommunityProdController.<init>: line 40, column 1: public List<PricebookEntry> __sfdc_pbEntry(): executed 16 times in 2 ms
Class.CommunityProdController.<init>: line 43, column 1: public List<Product2> __sfdc_prodListDisp(): executed 16 times in 1 ms
Class.CommunityProdController.<init>: line 28, column 1: public void __sfdc_con(Contact): executed 1 time in 1 ms
Class.CommunityProdController.<init>: line 61, column 1: public Map<Id,PricebookEntry> __sfdc_prod_pbEntry(): executed 3 times in 1 ms
Class.CommunityProdController.<init>: line 32, column 1: public void __sfdc_prod_pbEntry(Map<Id,PricebookEntry>): executed 1 time in 0 ms
Class.CommunityProdController.<init>: line 64, column 1: public static String valueOf(Object): executed 2 times in 0 ms
Class.CommunityProdController.<init>: line 33, column 1: global public List<Product2>(): executed 2 times in 0 ms
Class.CommunityProdController.<init>: line 65, column 1: public void __sfdc_newOpp(Opportunity): executed 1 time in 0 ms

01:04:53.124 (124436330)|CUMULATIVE_PROFILING_END
