39.0 APEX_CODE,FINEST;APEX_PROFILING,FINEST;CALLOUT,FINEST;DB,FINEST;SYSTEM,FINE;VALIDATION,INFO;VISUALFORCE,FINER;WAVE,INFO;WORKFLOW,FINER
23:50:28.0 (307866)|USER_INFO|[EXTERNAL]|00524000005uNfK|neela@lightful.com.commundev|Line Is. Time|GMT+14:00
23:50:28.0 (331770)|EXECUTION_STARTED
23:50:28.0 (335273)|CODE_UNIT_STARTED|[EXTERNAL]|0669E000000Cv0R|VF: /apex/communityCaseMgmt
23:50:28.0 (858451)|VF_DESERIALIZE_VIEWSTATE_BEGIN|0669E000000Cv0R
23:50:28.0 (9615158)|HEAP_ALLOCATE|[72]|Bytes:3
23:50:28.0 (9648111)|HEAP_ALLOCATE|[77]|Bytes:152
23:50:28.0 (9659951)|HEAP_ALLOCATE|[342]|Bytes:408
23:50:28.0 (9673729)|HEAP_ALLOCATE|[355]|Bytes:408
23:50:28.0 (9687067)|HEAP_ALLOCATE|[467]|Bytes:48
23:50:28.0 (9712591)|HEAP_ALLOCATE|[139]|Bytes:6
23:50:28.0 (10212875)|HEAP_ALLOCATE|[50]|Bytes:5
23:50:28.0 (10234091)|HEAP_ALLOCATE|[56]|Bytes:5
23:50:28.0 (10242198)|HEAP_ALLOCATE|[64]|Bytes:7
23:50:28.0 (14324255)|VF_DESERIALIZE_VIEWSTATE_END
23:50:28.18 (18032773)|VF_APEX_CALL_START|[EXTERNAL]|/apexpage/pagemessagescomponentcontroller.apex get(severities)
23:50:28.18 (18049282)|SYSTEM_MODE_ENTER|true
23:50:28.18 (18075129)|VF_APEX_CALL_START|[EXTERNAL]|PageMessagesComponentController invoke(getseverities)
23:50:28.18 (18108562)|HEAP_ALLOCATE|[EXTERNAL]|Bytes:38
23:50:28.18 (18117429)|HEAP_ALLOCATE|[EXTERNAL]|Bytes:7
23:50:28.18 (18128066)|SYSTEM_METHOD_ENTRY|[1]|PageMessagesComponentController.PageMessagesComponentController()
23:50:28.18 (18132665)|STATEMENT_EXECUTE|[1]
23:50:28.18 (18880529)|VF_APEX_CALL_START|[EXTERNAL]|/apexpage/pagemessagescomponentcontroller.apex set(conEscape,null)
23:50:28.18 (18888887)|SYSTEM_MODE_ENTER|true
23:50:28.18 (18898785)|VF_APEX_CALL_START|[EXTERNAL]|PageMessagesComponentController set(conEscape,null)
23:50:28.18 (18924624)|VF_APEX_CALL_START|[EXTERNAL]|PageMessagesComponentController invoke(setconEscape)
23:50:28.18 (18950422)|HEAP_ALLOCATE|[EXTERNAL]|Bytes:8
23:50:28.18 (18956038)|VARIABLE_SCOPE_BEGIN|[88]|this|ApexPage.PageMessagesComponentController|true|false
23:50:28.18 (18990201)|VARIABLE_ASSIGNMENT|[88]|this|{}|0x749114c5
23:50:28.18 (18993605)|VARIABLE_SCOPE_BEGIN|[88]|escape|Boolean|false|false
23:50:28.18 (18997832)|VARIABLE_ASSIGNMENT|[88]|escape|null
23:50:28.0 (19211350)|VF_APEX_CALL_START|[EXTERNAL]|01p9E000000Dmpd|communityCaseMgmtController get(myCases)
23:50:28.0 (19217671)|SYSTEM_MODE_ENTER|true
23:50:28.0 (19228679)|VF_APEX_CALL_START|[EXTERNAL]|01p9E000000Dmpd|myCases
23:50:28.0 (19239937)|HEAP_ALLOCATE|[EXTERNAL]|Bytes:412
23:50:28.0 (19250355)|HEAP_ALLOCATE|[EXTERNAL]|Bytes:76
23:50:28.0 (19253358)|HEAP_ALLOCATE|[EXTERNAL]|Bytes:27
23:50:28.0 (19261339)|METHOD_ENTRY|[1]|01p9E000000Dmpd|communityCaseMgmtController.communityCaseMgmtController()
23:50:28.0 (19264657)|STATEMENT_EXECUTE|[1]
23:50:28.0 (19267727)|STATEMENT_EXECUTE|[1]
23:50:28.0 (19271001)|METHOD_EXIT|[1]|communityCaseMgmtController
23:50:28.0 (19279122)|VF_APEX_CALL_END|myCases
23:50:28.0 (19293400)|VF_APEX_CALL_END|communityCaseMgmtController get(myCases)
23:50:28.0 (19553790)|VF_APEX_CALL_START|[EXTERNAL]|01p9E000000Dmpd|communityCaseMgmtController get(relatedAccId)
23:50:28.0 (19559056)|SYSTEM_MODE_ENTER|true
23:50:28.0 (19564579)|VF_APEX_CALL_START|[EXTERNAL]|01p9E000000Dmpd|relatedAccId
23:50:28.0 (19572301)|VF_APEX_CALL_END|relatedAccId
23:50:28.0 (19583514)|VF_APEX_CALL_END|communityCaseMgmtController get(relatedAccId)
23:50:28.0 (19718675)|VF_EVALUATE_FORMULA_BEGIN|0669E000000Cv0R|#{myOrgCases[accid]}
23:50:28.0 (19803382)|VF_APEX_CALL_START|[EXTERNAL]|01p9E000000Dmpd|communityCaseMgmtController get(myOrgCases)
23:50:28.0 (19810182)|SYSTEM_MODE_ENTER|true
23:50:28.0 (19818178)|VF_APEX_CALL_START|[EXTERNAL]|01p9E000000Dmpd|myOrgCases
23:50:28.0 (19828495)|VF_APEX_CALL_END|myOrgCases
23:50:28.0 (19843834)|VF_APEX_CALL_END|communityCaseMgmtController get(myOrgCases)
23:50:28.0 (19952439)|VF_EVALUATE_FORMULA_END
23:50:28.0 (19965625)|VF_EVALUATE_FORMULA_BEGIN|0669E000000Cv0R|#{myOrgCases[accid]}
23:50:28.0 (19992698)|VF_EVALUATE_FORMULA_END
23:50:28.0 (20091448)|VF_EVALUATE_FORMULA_BEGIN|0669E000000Cv0R|#{myOrgCases[accid]}
23:50:28.0 (20141679)|VF_EVALUATE_FORMULA_END
23:50:28.0 (20151077)|VF_EVALUATE_FORMULA_BEGIN|0669E000000Cv0R|#{myOrgCases[accid]}
23:50:28.0 (20181382)|VF_EVALUATE_FORMULA_END
23:50:28.0 (20473618)|VF_APEX_CALL_START|[EXTERNAL]|01p9E000000Dmpd|communityCaseMgmtController get(newcaseOwner)
23:50:28.0 (20482120)|SYSTEM_MODE_ENTER|true
23:50:28.0 (20491162)|VF_APEX_CALL_START|[EXTERNAL]|01p9E000000Dmpd|newcaseOwner
23:50:28.0 (20504523)|VF_APEX_CALL_END|newcaseOwner
23:50:28.0 (20523746)|VF_APEX_CALL_END|communityCaseMgmtController get(newcaseOwner)
23:50:28.0 (24674105)|VF_APEX_CALL_START|[EXTERNAL]|01p9E000000Dmpd|communityCaseMgmtController get(newCase)
23:50:28.0 (24690785)|SYSTEM_MODE_ENTER|true
23:50:28.0 (24699554)|VF_APEX_CALL_START|[EXTERNAL]|01p9E000000Dmpd|newCase
23:50:28.0 (24711218)|VF_APEX_CALL_END|newCase
23:50:28.0 (24725141)|VF_APEX_CALL_END|communityCaseMgmtController get(newCase)
23:50:28.0 (28398744)|VF_EVALUATE_FORMULA_BEGIN|0669E000000Cv0R|#{myOrgCases[accid]}
23:50:28.0 (28451479)|VF_EVALUATE_FORMULA_END
23:50:28.0 (28460173)|VF_EVALUATE_FORMULA_BEGIN|0669E000000Cv0R|#{myOrgCases[accid]}
23:50:28.0 (28475568)|VF_EVALUATE_FORMULA_END
23:50:28.29 (29726900)|VF_APEX_CALL_START|[EXTERNAL]|/apexpage/pagemessagescomponentcontroller.apex set(conEscape,null)
23:50:28.29 (29737984)|SYSTEM_MODE_ENTER|true
23:50:28.29 (29747484)|VF_APEX_CALL_START|[EXTERNAL]|PageMessagesComponentController set(conEscape,null)
23:50:28.29 (29767423)|VF_APEX_CALL_START|[EXTERNAL]|PageMessagesComponentController invoke(setconEscape)
23:50:28.29 (29809183)|HEAP_ALLOCATE|[EXTERNAL]|Bytes:8
23:50:28.29 (29823109)|VARIABLE_SCOPE_BEGIN|[88]|this|ApexPage.PageMessagesComponentController|true|false
23:50:28.29 (29859587)|VARIABLE_ASSIGNMENT|[88]|this|{}|0x749114c5
23:50:28.29 (29862975)|VARIABLE_SCOPE_BEGIN|[88]|escape|Boolean|false|false
23:50:28.29 (29867535)|VARIABLE_ASSIGNMENT|[88]|escape|null
23:50:28.0 (30736540)|VF_APEX_CALL_START|[EXTERNAL]|communityCaseMgmtController set(qViewCaseId,5009E000001w1IMQAY)
23:50:28.0 (30743393)|SYSTEM_MODE_ENTER|true
23:50:28.0 (30750459)|VF_APEX_CALL_START|[EXTERNAL]|communityCaseMgmtController set(qViewCaseId,5009E000001w1IMQAY)
23:50:28.0 (30763969)|HEAP_ALLOCATE|[EXTERNAL]|Bytes:4
23:50:28.0 (30780849)|HEAP_ALLOCATE|[EXTERNAL]|Bytes:72
23:50:28.0 (30947400)|VARIABLE_ASSIGNMENT|[EXTERNAL]|this.qViewCaseId|"5009E000001w1IMQAY"|0x3d025329
23:50:28.0 (30955778)|VF_APEX_CALL_END|communityCaseMgmtController set(qViewCaseId,5009E000001w1IMQAY)
23:50:28.0 (30971031)|VF_APEX_CALL_END|communityCaseMgmtController set(qViewCaseId,5009E000001w1IMQAY)
23:50:28.0 (31268649)|VF_APEX_CALL_START|[EXTERNAL]|01p9E000000Dmpd|communityCaseMgmtController invoke(quickViewCase)
23:50:28.0 (31298813)|HEAP_ALLOCATE|[EXTERNAL]|Bytes:72
23:50:28.0 (31305370)|VARIABLE_SCOPE_BEGIN|[137]|this|communityCaseMgmtController|true|false
23:50:28.0 (31525270)|VARIABLE_ASSIGNMENT|[137]|this|{"accCaseCount":"0x73decbb3","accName":"0x6476dc56","caseOwner":"0x58f7252","con":"0x42f1973c","conRelatedAccsList":"0x47774f82","currentUser":"0x1531bf56","currentUserId":"00524000005uNfKAAU","myCases":"0x6b525240","myOrgCases":"0x4ca6d294","newCase":"0x25d47061","newCaseOwner":"0x58222006","qViewcase":"0x40f1ff5b","qViewCaseId":"5009E000001w1IMQAY","relatedAccId":"0x8b0086e","showCreateCase":false}|0x3d025329
23:50:28.0 (31537269)|STATEMENT_EXECUTE|[138]
23:50:28.0 (31538911)|STATEMENT_EXECUTE|[139]
23:50:28.0 (31543096)|HEAP_ALLOCATE|[139]|Bytes:19
23:50:28.0 (31563453)|SYSTEM_METHOD_ENTRY|[139]|communityCaseMgmtController.__sfdc_qViewCaseId()
23:50:28.0 (31708534)|VARIABLE_ASSIGNMENT|[EXTERNAL]|this|{"accCaseCount":"0x73decbb3","accName":"0x6476dc56","caseOwner":"0x58f7252","con":"0x42f1973c","conRelatedAccsList":"0x47774f82","currentUser":"0x1531bf56","currentUserId":"00524000005uNfKAAU","myCases":"0x6b525240","myOrgCases":"0x4ca6d294","newCase":"0x25d47061","newCaseOwner":"0x58222006","qViewcase":"0x40f1ff5b","qViewCaseId":"5009E000001w1IMQAY","relatedAccId":"0x8b0086e","showCreateCase":false}|0x3d025329
23:50:28.0 (31723093)|SYSTEM_METHOD_EXIT|[139]|communityCaseMgmtController.__sfdc_qViewCaseId()
23:50:28.0 (31759556)|SYSTEM_METHOD_ENTRY|[139]|String.valueOf(Object)
23:50:28.0 (31764931)|HEAP_ALLOCATE|[139]|Bytes:18
23:50:28.0 (31773385)|SYSTEM_METHOD_EXIT|[139]|String.valueOf(Object)
23:50:28.0 (31781706)|HEAP_ALLOCATE|[139]|Bytes:37
23:50:28.0 (31800750)|SYSTEM_METHOD_ENTRY|[139]|System.debug(ANY)
23:50:28.0 (31807513)|USER_DEBUG|[139]|DEBUG|viewing the case : 5009E000001w1IMQAY
23:50:28.0 (31811698)|SYSTEM_METHOD_EXIT|[139]|System.debug(ANY)
23:50:28.0 (31814891)|STATEMENT_EXECUTE|[140]
23:50:28.0 (31818513)|HEAP_ALLOCATE|[140]|Bytes:117
23:50:28.0 (31826740)|HEAP_ALLOCATE|[140]|Bytes:4
23:50:28.0 (31835867)|HEAP_ALLOCATE|[140]|Bytes:7
23:50:28.0 (31842129)|SYSTEM_METHOD_ENTRY|[140]|communityCaseMgmtController.__sfdc_qViewCaseId()
23:50:28.0 (31978696)|VARIABLE_ASSIGNMENT|[EXTERNAL]|this|{"accCaseCount":"0x73decbb3","accName":"0x6476dc56","caseOwner":"0x58f7252","con":"0x42f1973c","conRelatedAccsList":"0x47774f82","currentUser":"0x1531bf56","currentUserId":"00524000005uNfKAAU","myCases":"0x6b525240","myOrgCases":"0x4ca6d294","newCase":"0x25d47061","newCaseOwner":"0x58222006","qViewcase":"0x40f1ff5b","qViewCaseId":"5009E000001w1IMQAY","relatedAccId":"0x8b0086e","showCreateCase":false}|0x3d025329
23:50:28.0 (31988462)|SYSTEM_METHOD_EXIT|[140]|communityCaseMgmtController.__sfdc_qViewCaseId()
23:50:28.0 (32291876)|SOQL_EXECUTE_BEGIN|[140]|Aggregations:0|SELECT id, reason, subject, status, CaseNumber, Issue_Type__c, CreatedById, Description FROM case WHERE id = :tmpVar1
23:50:28.0 (32300159)|LIMIT_USAGE|[140]|SOQL|1|100
23:50:28.0 (32307679)|LIMIT_USAGE|[140]|AGGS|0|300
23:50:28.0 (36733225)|SOQL_EXECUTE_END|[140]|Rows:1
23:50:28.0 (36740209)|LIMIT_USAGE|[140]|SOQL_ROWS|1|50000
23:50:28.0 (36752500)|HEAP_ALLOCATE|[140]|Bytes:8
23:50:28.0 (36761516)|HEAP_ALLOCATE|[140]|Bytes:270
23:50:28.0 (36789735)|HEAP_ALLOCATE|[140]|Bytes:8
23:50:28.0 (36797624)|HEAP_ALLOCATE|[140]|Bytes:30
23:50:28.0 (36857025)|HEAP_ALLOCATE|[140]|Bytes:40
23:50:28.0 (36880647)|SYSTEM_METHOD_ENTRY|[140]|communityCaseMgmtController.__sfdc_qViewcase(Case)
23:50:28.0 (37053713)|VARIABLE_ASSIGNMENT|[EXTERNAL]|this|{"accCaseCount":"0x73decbb3","accName":"0x6476dc56","caseOwner":"0x58f7252","con":"0x42f1973c","conRelatedAccsList":"0x47774f82","currentUser":"0x1531bf56","currentUserId":"00524000005uNfKAAU","myCases":"0x6b525240","myOrgCases":"0x4ca6d294","newCase":"0x25d47061","newCaseOwner":"0x58222006","qViewcase":"0x40f1ff5b","qViewCaseId":"5009E000001w1IMQAY","relatedAccId":"0x8b0086e","showCreateCase":false}|0x3d025329
23:50:28.0 (37080174)|VARIABLE_ASSIGNMENT|[EXTERNAL]|value|{"Id":"5009E000001w1IMQAY","Reason":"Lightful Community","Subject":"test community type  (4 more) ...","Status":"New","CaseNumber":"00001207","Issue_Type__c":"Community issue","CreatedById":"00524000005uNfKAAU","Description":"test community type  (9 more) ...","RecordTypeId":"012240000002nYhAAI"}|0x2beb41f5
23:50:28.0 (37099009)|VARIABLE_ASSIGNMENT|[133]|this.qViewcase|{"Id":"5009E000001w1IMQAY","Reason":"Lightful Community","Subject":"test community type  (4 more) ...","Status":"New","CaseNumber":"00001207","Issue_Type__c":"Community issue","CreatedById":"00524000005uNfKAAU","Description":"test community type  (9 more) ...","RecordTypeId":"012240000002nYhAAI"}|0x3d025329
23:50:28.0 (37107192)|SYSTEM_METHOD_EXIT|[140]|communityCaseMgmtController.__sfdc_qViewcase(Case)
23:50:28.0 (37111738)|STATEMENT_EXECUTE|[142]
23:50:28.0 (37115797)|HEAP_ALLOCATE|[142]|Bytes:52
23:50:28.0 (37121972)|HEAP_ALLOCATE|[142]|Bytes:4
23:50:28.0 (37135325)|SYSTEM_METHOD_ENTRY|[142]|communityCaseMgmtController.__sfdc_qViewcase()
23:50:28.0 (37291799)|VARIABLE_ASSIGNMENT|[EXTERNAL]|this|{"accCaseCount":"0x73decbb3","accName":"0x6476dc56","caseOwner":"0x58f7252","con":"0x42f1973c","conRelatedAccsList":"0x47774f82","currentUser":"0x1531bf56","currentUserId":"00524000005uNfKAAU","myCases":"0x6b525240","myOrgCases":"0x4ca6d294","newCase":"0x25d47061","newCaseOwner":"0x58222006","qViewcase":"0x2beb41f5","qViewCaseId":"5009E000001w1IMQAY","relatedAccId":"0x8b0086e","showCreateCase":false}|0x3d025329
23:50:28.0 (37303735)|SYSTEM_METHOD_EXIT|[142]|communityCaseMgmtController.__sfdc_qViewcase()
23:50:28.0 (40228903)|SOQL_EXECUTE_BEGIN|[142]|Aggregations:0|SELECT id, name, email FROM user WHERE id = :tmpVar1
23:50:28.0 (40236618)|LIMIT_USAGE|[142]|SOQL|2|100
23:50:28.0 (40244861)|LIMIT_USAGE|[142]|AGGS|0|300
23:50:28.0 (42464384)|SOQL_EXECUTE_END|[142]|Rows:1
23:50:28.0 (42471200)|LIMIT_USAGE|[142]|SOQL_ROWS|2|50000
23:50:28.0 (42483232)|HEAP_ALLOCATE|[142]|Bytes:8
23:50:28.0 (42495109)|HEAP_ALLOCATE|[142]|Bytes:72
23:50:28.0 (42551291)|HEAP_ALLOCATE|[142]|Bytes:8
23:50:28.0 (42559923)|HEAP_ALLOCATE|[142]|Bytes:30
23:50:28.0 (42612534)|HEAP_ALLOCATE|[142]|Bytes:16
23:50:28.0 (42638745)|SYSTEM_METHOD_ENTRY|[142]|communityCaseMgmtController.__sfdc_caseOwner(User)
23:50:28.0 (42807141)|VARIABLE_ASSIGNMENT|[EXTERNAL]|this|{"accCaseCount":"0x73decbb3","accName":"0x6476dc56","caseOwner":"0x58f7252","con":"0x42f1973c","conRelatedAccsList":"0x47774f82","currentUser":"0x1531bf56","currentUserId":"00524000005uNfKAAU","myCases":"0x6b525240","myOrgCases":"0x4ca6d294","newCase":"0x25d47061","newCaseOwner":"0x58222006","qViewcase":"0x2beb41f5","qViewCaseId":"5009E000001w1IMQAY","relatedAccId":"0x8b0086e","showCreateCase":false}|0x3d025329
23:50:28.0 (42822547)|VARIABLE_ASSIGNMENT|[EXTERNAL]|value|{"Id":"00524000005uNfKAAU","Name":"Neela SN","Email":"neela@lightful.com"}|0x4232458a
23:50:28.0 (42836074)|VARIABLE_ASSIGNMENT|[135]|this.caseOwner|{"Id":"00524000005uNfKAAU","Name":"Neela SN","Email":"neela@lightful.com"}|0x3d025329
23:50:28.0 (42843495)|SYSTEM_METHOD_EXIT|[142]|communityCaseMgmtController.__sfdc_caseOwner(User)
23:50:28.0 (42877030)|VF_APEX_CALL_END|communityCaseMgmtController invoke(quickViewCase)
23:50:28.52 (52740396)|VF_APEX_CALL_START|[EXTERNAL]|/apexpage/pagemessagescomponentcontroller.apex set(conEscape,null)
23:50:28.52 (52757493)|SYSTEM_MODE_ENTER|true
23:50:28.52 (52769336)|VF_APEX_CALL_START|[EXTERNAL]|PageMessagesComponentController set(conEscape,null)
23:50:28.52 (52800692)|VF_APEX_CALL_START|[EXTERNAL]|PageMessagesComponentController invoke(setconEscape)
23:50:28.52 (52834533)|HEAP_ALLOCATE|[EXTERNAL]|Bytes:8
23:50:28.52 (52844181)|VARIABLE_SCOPE_BEGIN|[88]|this|ApexPage.PageMessagesComponentController|true|false
23:50:28.52 (52874375)|VARIABLE_ASSIGNMENT|[88]|this|{}|0x749114c5
23:50:28.52 (52877252)|VARIABLE_SCOPE_BEGIN|[88]|escape|Boolean|false|false
23:50:28.52 (52881446)|VARIABLE_ASSIGNMENT|[88]|escape|null
23:50:28.52 (52977357)|VF_APEX_CALL_START|[EXTERNAL]|/apexpage/pagemessagescomponentcontroller.apex get(severities)
23:50:28.52 (52984503)|SYSTEM_MODE_ENTER|true
23:50:28.52 (52993891)|VF_APEX_CALL_START|[EXTERNAL]|PageMessagesComponentController invoke(getseverities)
23:50:28.52 (53008886)|HEAP_ALLOCATE|[EXTERNAL]|Bytes:8
23:50:28.52 (53013157)|VARIABLE_SCOPE_BEGIN|[2]|this|ApexPage.PageMessagesComponentController|true|false
23:50:28.52 (53027677)|VARIABLE_ASSIGNMENT|[2]|this|{}|0x749114c5
23:50:28.0 (53375265)|VF_APEX_CALL_START|[EXTERNAL]|01p9E000000Dmpd|communityCaseMgmtController get(myCases)
23:50:28.0 (53382236)|SYSTEM_MODE_ENTER|true
23:50:28.0 (53388994)|VF_APEX_CALL_START|[EXTERNAL]|01p9E000000Dmpd|myCases
23:50:28.0 (53400379)|VF_APEX_CALL_END|myCases
23:50:28.0 (53411859)|VF_APEX_CALL_END|communityCaseMgmtController get(myCases)
23:50:28.0 (53861509)|VF_APEX_CALL_START|[EXTERNAL]|01p9E000000Dmpd|communityCaseMgmtController get(relatedAccId)
23:50:28.0 (53866999)|SYSTEM_MODE_ENTER|true
23:50:28.0 (53872912)|VF_APEX_CALL_START|[EXTERNAL]|01p9E000000Dmpd|relatedAccId
23:50:28.0 (53882772)|VF_APEX_CALL_END|relatedAccId
23:50:28.0 (53895571)|VF_APEX_CALL_END|communityCaseMgmtController get(relatedAccId)
23:50:28.0 (53976917)|VF_EVALUATE_FORMULA_BEGIN|0669E000000Cv0R|#{myOrgCases[accid]}
23:50:28.0 (53993763)|VF_APEX_CALL_START|[EXTERNAL]|01p9E000000Dmpd|communityCaseMgmtController get(myOrgCases)
23:50:28.0 (53997547)|SYSTEM_MODE_ENTER|true
23:50:28.0 (54002606)|VF_APEX_CALL_START|[EXTERNAL]|01p9E000000Dmpd|myOrgCases
23:50:28.0 (54010860)|VF_APEX_CALL_END|myOrgCases
23:50:28.0 (54020291)|VF_APEX_CALL_END|communityCaseMgmtController get(myOrgCases)
23:50:28.0 (54046861)|VF_EVALUATE_FORMULA_END
23:50:28.0 (54072432)|VF_EVALUATE_FORMULA_BEGIN|0669E000000Cv0R|#{myOrgCases[accid]}
23:50:28.0 (54087598)|VF_EVALUATE_FORMULA_END
23:50:28.0 (54092018)|VF_EVALUATE_FORMULA_BEGIN|0669E000000Cv0R|#{myOrgCases[accid]}
23:50:28.0 (54101565)|VF_EVALUATE_FORMULA_END
23:50:28.0 (54195569)|VF_EVALUATE_FORMULA_BEGIN|0669E000000Cv0R|#{myOrgCases[accid]}
23:50:28.0 (54215174)|VF_EVALUATE_FORMULA_END
23:50:28.0 (54222046)|VF_EVALUATE_FORMULA_BEGIN|0669E000000Cv0R|#{myOrgCases[accid]}
23:50:28.0 (54233434)|VF_EVALUATE_FORMULA_END
23:50:28.0 (54237013)|VF_EVALUATE_FORMULA_BEGIN|0669E000000Cv0R|#{myOrgCases[accid]}
23:50:28.0 (54251182)|VF_EVALUATE_FORMULA_END
23:50:28.0 (54267584)|VF_EVALUATE_FORMULA_BEGIN|0669E000000Cv0R|#{myOrgCases[accid]}
23:50:28.0 (54280371)|VF_EVALUATE_FORMULA_END
23:50:28.0 (54284267)|VF_EVALUATE_FORMULA_BEGIN|0669E000000Cv0R|#{myOrgCases[accid]}
23:50:28.0 (54294984)|VF_EVALUATE_FORMULA_END
23:50:28.0 (54666225)|VF_APEX_CALL_START|[EXTERNAL]|01p9E000000Dmpd|communityCaseMgmtController get(newcaseOwner)
23:50:28.0 (54671726)|SYSTEM_MODE_ENTER|true
23:50:28.0 (54677668)|VF_APEX_CALL_START|[EXTERNAL]|01p9E000000Dmpd|newcaseOwner
23:50:28.0 (54687123)|VF_APEX_CALL_END|newcaseOwner
23:50:28.0 (54699517)|VF_APEX_CALL_END|communityCaseMgmtController get(newcaseOwner)
23:50:28.0 (55660847)|VF_APEX_CALL_START|[EXTERNAL]|01p9E000000Dmpd|communityCaseMgmtController get(newCase)
23:50:28.0 (55667616)|SYSTEM_MODE_ENTER|true
23:50:28.0 (55674431)|VF_APEX_CALL_START|[EXTERNAL]|01p9E000000Dmpd|newCase
23:50:28.0 (55684275)|VF_APEX_CALL_END|newCase
23:50:28.0 (55697036)|VF_APEX_CALL_END|communityCaseMgmtController get(newCase)
23:50:28.0 (58691542)|VF_EVALUATE_FORMULA_BEGIN|0669E000000Cv0R|#{if(showCreateCase == false,  "block", "none")}
23:50:28.0 (58743926)|VF_APEX_CALL_START|[EXTERNAL]|01p9E000000Dmpd|communityCaseMgmtController get(showCreateCase)
23:50:28.0 (58749992)|SYSTEM_MODE_ENTER|true
23:50:28.0 (58756777)|VF_APEX_CALL_START|[EXTERNAL]|01p9E000000Dmpd|showCreateCase
23:50:28.0 (58766427)|VF_APEX_CALL_END|showCreateCase
23:50:28.0 (58781794)|VF_APEX_CALL_END|communityCaseMgmtController get(showCreateCase)
23:50:28.0 (58795583)|VF_EVALUATE_FORMULA_END
23:50:28.0 (58865481)|VF_EVALUATE_FORMULA_BEGIN|0669E000000Cv0R|#{if(accCaseCount[accid] > 0,  "block", "none")}
23:50:28.0 (58913797)|VF_APEX_CALL_START|[EXTERNAL]|01p9E000000Dmpd|communityCaseMgmtController get(accCaseCount)
23:50:28.0 (58918307)|SYSTEM_MODE_ENTER|true
23:50:28.0 (58923676)|VF_APEX_CALL_START|[EXTERNAL]|01p9E000000Dmpd|accCaseCount
23:50:28.0 (58932258)|VF_APEX_CALL_END|accCaseCount
23:50:28.0 (58944281)|VF_APEX_CALL_END|communityCaseMgmtController get(accCaseCount)
23:50:28.0 (58966647)|VF_EVALUATE_FORMULA_END
23:50:28.0 (58977485)|VF_EVALUATE_FORMULA_BEGIN|0669E000000Cv0R|#{accName[accid]}
23:50:28.0 (59010631)|VF_APEX_CALL_START|[EXTERNAL]|01p9E000000Dmpd|communityCaseMgmtController get(accName)
23:50:28.0 (59015805)|SYSTEM_MODE_ENTER|true
23:50:28.0 (59020771)|VF_APEX_CALL_START|[EXTERNAL]|01p9E000000Dmpd|accName
23:50:28.0 (59027934)|VF_APEX_CALL_END|accName
23:50:28.0 (59037580)|VF_APEX_CALL_END|communityCaseMgmtController get(accName)
23:50:28.0 (59052606)|VF_EVALUATE_FORMULA_END
23:50:28.0 (59078169)|VF_EVALUATE_FORMULA_BEGIN|0669E000000Cv0R|#{myOrgCases[accid]}
23:50:28.0 (59095269)|VF_EVALUATE_FORMULA_END
23:50:28.0 (59100025)|VF_EVALUATE_FORMULA_BEGIN|0669E000000Cv0R|#{myOrgCases[accid]}
23:50:28.0 (59110826)|VF_EVALUATE_FORMULA_END
23:50:28.0 (61088812)|VF_EVALUATE_FORMULA_BEGIN|0669E000000Cv0R|#{if(accCaseCount[accid] > 0,  "block", "none")}
23:50:28.0 (61119621)|VF_EVALUATE_FORMULA_END
23:50:28.0 (61127932)|VF_EVALUATE_FORMULA_BEGIN|0669E000000Cv0R|#{accName[accid]}
23:50:28.0 (61141533)|VF_EVALUATE_FORMULA_END
23:50:28.0 (61164917)|VF_EVALUATE_FORMULA_BEGIN|0669E000000Cv0R|#{myOrgCases[accid]}
23:50:28.0 (61183710)|VF_EVALUATE_FORMULA_END
23:50:28.0 (61188465)|VF_EVALUATE_FORMULA_BEGIN|0669E000000Cv0R|#{myOrgCases[accid]}
23:50:28.0 (61200679)|VF_EVALUATE_FORMULA_END
23:50:28.0 (67571038)|VF_APEX_CALL_START|[EXTERNAL]|01p9E000000Dmpd|communityCaseMgmtController get(qViewCaseId)
23:50:28.0 (67578210)|SYSTEM_MODE_ENTER|true
23:50:28.0 (67585466)|VF_APEX_CALL_START|[EXTERNAL]|01p9E000000Dmpd|qViewCaseId
23:50:28.0 (67596071)|VF_APEX_CALL_END|qViewCaseId
23:50:28.0 (67608420)|VF_APEX_CALL_END|communityCaseMgmtController get(qViewCaseId)
23:50:28.0 (67682941)|VF_APEX_CALL_START|[EXTERNAL]|01p9E000000Dmpd|communityCaseMgmtController get(caseOwner)
23:50:28.0 (67688264)|SYSTEM_MODE_ENTER|true
23:50:28.0 (67695064)|VF_APEX_CALL_START|[EXTERNAL]|01p9E000000Dmpd|caseOwner
23:50:28.0 (67702634)|VF_APEX_CALL_END|caseOwner
23:50:28.0 (67712981)|VF_APEX_CALL_END|communityCaseMgmtController get(caseOwner)
23:50:28.0 (102621948)|VF_APEX_CALL_START|[EXTERNAL]|01p9E000000Dmpd|communityCaseMgmtController get(qViewcase)
23:50:28.0 (102633522)|SYSTEM_MODE_ENTER|true
23:50:28.0 (102644109)|VF_APEX_CALL_START|[EXTERNAL]|01p9E000000Dmpd|qViewcase
23:50:28.0 (102661299)|VF_APEX_CALL_END|qViewcase
23:50:28.0 (102679531)|VF_APEX_CALL_END|communityCaseMgmtController get(qViewcase)
23:50:28.0 (106260099)|VF_SERIALIZE_VIEWSTATE_BEGIN|0669E000000Cv0R
23:50:28.0 (110554130)|VF_SERIALIZE_VIEWSTATE_END
23:50:28.0 (111965307)|VF_EVALUATE_FORMULA_BEGIN|0669E000000Cv0R|#{myOrgCases[accid]}
23:50:28.0 (111999297)|VF_EVALUATE_FORMULA_END
23:50:28.0 (112005134)|VF_EVALUATE_FORMULA_BEGIN|0669E000000Cv0R|#{myOrgCases[accid]}
23:50:28.0 (112017318)|VF_EVALUATE_FORMULA_END
23:50:28.0 (112061004)|VF_EVALUATE_FORMULA_BEGIN|0669E000000Cv0R|#{myOrgCases[accid]}
23:50:28.0 (112077327)|VF_EVALUATE_FORMULA_END
23:50:28.0 (112081415)|VF_EVALUATE_FORMULA_BEGIN|0669E000000Cv0R|#{myOrgCases[accid]}
23:50:28.0 (112092865)|VF_EVALUATE_FORMULA_END
23:50:28.0 (112107240)|VF_EVALUATE_FORMULA_BEGIN|0669E000000Cv0R|#{myOrgCases[accid]}
23:50:28.0 (112120132)|VF_EVALUATE_FORMULA_END
23:50:28.0 (112124485)|VF_EVALUATE_FORMULA_BEGIN|0669E000000Cv0R|#{myOrgCases[accid]}
23:50:28.0 (112135550)|VF_EVALUATE_FORMULA_END
23:50:28.113 (113328909)|CUMULATIVE_LIMIT_USAGE
23:50:28.113 (113328909)|LIMIT_USAGE_FOR_NS|(default)|
  Number of SOQL queries: 2 out of 100
  Number of query rows: 2 out of 50000
  Number of SOSL queries: 0 out of 20
  Number of DML statements: 0 out of 150
  Number of DML rows: 0 out of 10000
  Maximum CPU time: 0 out of 10000
  Maximum heap size: 0 out of 6000000
  Number of callouts: 0 out of 100
  Number of Email Invocations: 0 out of 10
  Number of future calls: 0 out of 50
  Number of queueable jobs added to the queue: 0 out of 50
  Number of Mobile Apex push calls: 0 out of 10

23:50:28.113 (113328909)|TOTAL_EMAIL_RECIPIENTS_QUEUED|0
23:50:28.113 (113328909)|STATIC_VARIABLE_LIST|
  char[]:DigitTens:0
  long:serialVersionUID:0
  long:serialVersionUID:0
  double:MAX_VALUE:0
  Boolean:FALSE:0
  long:serialVersionUID:0
  String:__sfdcInnerTypes:0
  String:_sfdcSuppressedCodeLocations:0
  double:MIN_VALUE:0
  int:SIZE:0
  double:NEGATIVE_INFINITY:0
  int:MAX_VALUE:0
  String:_sfdcAdditionalCodeLocations:0
  char[]:digits:0
  double:NaN:0
  Boolean:TRUE:0
  int:MIN_VALUE:0
  char[]:DigitOnes:0
  int:BYTES:0
  int:MIN_EXPONENT:0
  int[]:sizeTable:0
  int:MAX_EXPONENT:0
  String:_sfdcAdditionalCodeLocations:0
  String:__sfdcProperties:0
  int:SIZE:0
  double:POSITIVE_INFINITY:0
  double:MIN_NORMAL:0
  int:BYTES:0

23:50:28.113 (113328909)|CUMULATIVE_LIMIT_USAGE_END

23:50:28.0 (113492504)|CODE_UNIT_FINISHED|VF: /apex/communityCaseMgmt
23:50:28.0 (114275327)|EXECUTION_FINISHED
23:50:28.115 (115996009)|CUMULATIVE_PROFILING_BEGIN
23:50:28.115 (115996009)|CUMULATIVE_PROFILING|No profiling information for SOQL operations
23:50:28.115 (115996009)|CUMULATIVE_PROFILING|No profiling information for SOSL operations
23:50:28.115 (115996009)|CUMULATIVE_PROFILING|No profiling information for DML operations
23:50:28.115 (115996009)|CUMULATIVE_PROFILING|method invocations|
External entry point: public void quickViewCase(): executed 1 time in 11 ms
Class.communityCaseMgmtController.quickViewCase: line 140, column 1: public Id __sfdc_qViewCaseId(): executed 3 times in 6 ms
Class.communityCaseMgmtController.quickViewCase: line 142, column 1: public Case __sfdc_qViewcase(): executed 3 times in 5 ms
Class.communityCaseMgmtController.quickViewCase: line 139, column 1: public Id __sfdc_qViewCaseId(): executed 3 times in 0 ms

23:50:28.115 (115996009)|CUMULATIVE_PROFILING_END
