39.0 APEX_CODE,FINEST;APEX_PROFILING,FINEST;CALLOUT,FINEST;DB,FINEST;SYSTEM,FINE;VALIDATION,INFO;VISUALFORCE,FINER;WAVE,INFO;WORKFLOW,FINER
16:19:46.1 (1524084)|USER_INFO|[EXTERNAL]|00524000001Gj8w|russell@lightful.xyz.commundev|Greenwich Mean Time|GMT+01:00
16:19:46.1 (1546770)|EXECUTION_STARTED
16:19:46.1 (1550707)|CODE_UNIT_STARTED|[EXTERNAL]|VisualForce View State
16:19:46.1 (7491928)|HEAP_ALLOCATE|[72]|Bytes:3
16:19:46.1 (7532779)|HEAP_ALLOCATE|[77]|Bytes:152
16:19:46.1 (7548219)|HEAP_ALLOCATE|[342]|Bytes:408
16:19:46.1 (7562259)|HEAP_ALLOCATE|[355]|Bytes:408
16:19:46.1 (7575179)|HEAP_ALLOCATE|[467]|Bytes:48
16:19:46.1 (7600964)|HEAP_ALLOCATE|[139]|Bytes:6
16:19:46.1 (11964595)|CODE_UNIT_FINISHED|VisualForce View State
16:19:46.1 (12922226)|EXECUTION_FINISHED
16:19:47.284 (1284215685)|USER_INFO|[EXTERNAL]|00524000001Gj8w|russell@lightful.xyz.commundev|Greenwich Mean Time|GMT+01:00
16:19:47.284 (1285039718)|VF_APEX_CALL_START|[EXTERNAL]|/apexpage/pagemessagecomponentcontroller.apex <init>
16:19:47.284 (1285049904)|SYSTEM_MODE_ENTER|true
16:19:47.284 (1285088822)|HEAP_ALLOCATE|[EXTERNAL]|Bytes:120
16:19:47.284 (1285100593)|HEAP_ALLOCATE|[EXTERNAL]|Bytes:10
16:19:47.284 (1285113351)|SYSTEM_METHOD_ENTRY|[1]|pagemessagecomponentcontroller.pagemessagecomponentcontroller()
16:19:47.284 (1285116970)|STATEMENT_EXECUTE|[1]
16:19:47.416 (1416063002)|CUMULATIVE_LIMIT_USAGE
16:19:47.416 (1416063002)|LIMIT_USAGE_FOR_NS|(default)|
  Number of SOQL queries: 0 out of 100
  Number of query rows: 0 out of 50000
  Number of SOSL queries: 0 out of 20
  Number of DML statements: 0 out of 150
  Number of DML rows: 0 out of 10000
  Maximum CPU time: 0 out of 10000
  Maximum heap size: 0 out of 6000000
  Number of callouts: 0 out of 100
  Number of Email Invocations: 0 out of 10
  Number of future calls: 0 out of 50
  Number of queueable jobs added to the queue: 0 out of 50
  Number of Mobile Apex push calls: 0 out of 10

16:19:47.416 (1416063002)|CUMULATIVE_LIMIT_USAGE_END

