39.0 APEX_CODE,FINEST;APEX_PROFILING,FINEST;CALLOUT,FINEST;DB,FINEST;SYSTEM,FINE;VALIDATION,INFO;VISUALFORCE,FINER;WAVE,INFO;WORKFLOW,FINER
05:45:31.0 (285215)|USER_INFO|[EXTERNAL]|00524000005uNfK|neela@lightful.com.commundev|Line Is. Time|GMT+14:00
05:45:31.0 (316225)|EXECUTION_STARTED
05:45:31.0 (322050)|CODE_UNIT_STARTED|[EXTERNAL]|0669E000000Cv0R|VF: /apex/communityCaseMgmt
05:45:31.12 (12749590)|VF_APEX_CALL_START|[EXTERNAL]|/apexpage/pagemessagescomponentcontroller.apex <init>
05:45:31.12 (12767672)|SYSTEM_MODE_ENTER|true
05:45:31.12 (12869110)|HEAP_ALLOCATE|[72]|Bytes:3
05:45:31.12 (12898185)|HEAP_ALLOCATE|[77]|Bytes:152
05:45:31.12 (12911948)|HEAP_ALLOCATE|[342]|Bytes:408
05:45:31.12 (12927160)|HEAP_ALLOCATE|[355]|Bytes:408
05:45:31.12 (12937508)|HEAP_ALLOCATE|[467]|Bytes:48
05:45:31.13 (13157311)|VF_APEX_CALL_START|[EXTERNAL]|/apexpage/pagemessagescomponentcontroller.apex set(conEscape,null)
05:45:31.13 (13165945)|SYSTEM_MODE_ENTER|true
05:45:31.13 (13174452)|VF_APEX_CALL_START|[EXTERNAL]|PageMessagesComponentController set(conEscape,null)
05:45:31.13 (13190373)|VF_APEX_CALL_START|[EXTERNAL]|PageMessagesComponentController invoke(setconEscape)
05:45:31.13 (13211367)|HEAP_ALLOCATE|[EXTERNAL]|Bytes:8
05:45:31.13 (13215916)|VARIABLE_SCOPE_BEGIN|[88]|this|ApexPage.PageMessagesComponentController|true|false
05:45:31.13 (13245344)|VARIABLE_ASSIGNMENT|[88]|this|{}|0x4a3c5ecb
05:45:31.13 (13248334)|VARIABLE_SCOPE_BEGIN|[88]|escape|Boolean|false|false
05:45:31.13 (13253377)|VARIABLE_ASSIGNMENT|[88]|escape|null
05:45:31.13 (13409739)|VF_APEX_CALL_START|[EXTERNAL]|/apexpage/pagemessagescomponentcontroller.apex get(severities)
05:45:31.13 (13417272)|SYSTEM_MODE_ENTER|true
05:45:31.13 (13426242)|VF_APEX_CALL_START|[EXTERNAL]|PageMessagesComponentController invoke(getseverities)
05:45:31.13 (13441531)|HEAP_ALLOCATE|[EXTERNAL]|Bytes:8
05:45:31.13 (13445930)|VARIABLE_SCOPE_BEGIN|[2]|this|ApexPage.PageMessagesComponentController|true|false
05:45:31.13 (13458725)|VARIABLE_ASSIGNMENT|[2]|this|{}|0x4a3c5ecb
05:45:31.0 (61241391)|VF_APEX_CALL_START|[EXTERNAL]|01p9E000000Dmpd|communityCaseMgmtController <init>
05:45:31.0 (61253224)|SYSTEM_MODE_ENTER|true
05:45:31.0 (61454858)|HEAP_ALLOCATE|[EXTERNAL]|Bytes:368
05:45:31.0 (61461503)|HEAP_ALLOCATE|[EXTERNAL]|Bytes:60
05:45:31.0 (61464350)|HEAP_ALLOCATE|[EXTERNAL]|Bytes:23
05:45:31.0 (61473714)|METHOD_ENTRY|[1]|01p9E000000Dmpd|communityCaseMgmtController.communityCaseMgmtController()
05:45:31.0 (61477245)|STATEMENT_EXECUTE|[1]
05:45:31.0 (61480926)|STATEMENT_EXECUTE|[1]
05:45:31.0 (61486738)|METHOD_EXIT|[1]|communityCaseMgmtController
05:45:31.0 (61584431)|HEAP_ALLOCATE|[EXTERNAL]|Bytes:60
05:45:31.0 (61591333)|VARIABLE_SCOPE_BEGIN|[21]|this|communityCaseMgmtController|true|false
05:45:31.0 (61679680)|VARIABLE_ASSIGNMENT|[21]|this|{}|0x102f3311
05:45:31.0 (61685937)|STATEMENT_EXECUTE|[1]
05:45:31.0 (61687262)|STATEMENT_EXECUTE|[3]
05:45:31.0 (61688361)|STATEMENT_EXECUTE|[4]
05:45:31.0 (61689314)|STATEMENT_EXECUTE|[5]
05:45:31.0 (61690212)|STATEMENT_EXECUTE|[6]
05:45:31.0 (61691108)|STATEMENT_EXECUTE|[7]
05:45:31.0 (61692002)|STATEMENT_EXECUTE|[8]
05:45:31.0 (61692899)|STATEMENT_EXECUTE|[9]
05:45:31.0 (61693800)|STATEMENT_EXECUTE|[11]
05:45:31.0 (61694867)|STATEMENT_EXECUTE|[12]
05:45:31.0 (61695753)|STATEMENT_EXECUTE|[13]
05:45:31.0 (61696649)|STATEMENT_EXECUTE|[15]
05:45:31.0 (61697582)|STATEMENT_EXECUTE|[17]
05:45:31.0 (61698482)|STATEMENT_EXECUTE|[18]
05:45:31.0 (61699383)|STATEMENT_EXECUTE|[19]
05:45:31.0 (61715516)|STATEMENT_EXECUTE|[22]
05:45:31.0 (61716752)|STATEMENT_EXECUTE|[23]
05:45:31.0 (61750240)|HEAP_ALLOCATE|[23]|Bytes:85
05:45:31.0 (61759029)|SYSTEM_METHOD_ENTRY|[1]|UserInfo.UserInfo()
05:45:31.0 (61761287)|STATEMENT_EXECUTE|[1]
05:45:31.0 (61766478)|SYSTEM_METHOD_EXIT|[1]|UserInfo
05:45:31.0 (61776841)|METHOD_ENTRY|[23]||System.UserInfo.getUserId()
05:45:31.0 (61843021)|METHOD_EXIT|[23]||System.UserInfo.getUserId()
05:45:31.0 (61853095)|HEAP_ALLOCATE|[23]|Bytes:4
05:45:31.0 (61867396)|SYSTEM_METHOD_ENTRY|[23]|communityCaseMgmtController.__sfdc_currentUserId(Id)
05:45:31.0 (61893119)|VARIABLE_ASSIGNMENT|[EXTERNAL]|this|{}|0x102f3311
05:45:31.0 (61999003)|VARIABLE_ASSIGNMENT|[EXTERNAL]|value|"00524000005uNfKAAU"
05:45:31.0 (62067149)|VARIABLE_ASSIGNMENT|[11]|this.currentUserId|"00524000005uNfKAAU"|0x102f3311
05:45:31.0 (62076277)|SYSTEM_METHOD_EXIT|[23]|communityCaseMgmtController.__sfdc_currentUserId(Id)
05:45:31.0 (62079962)|STATEMENT_EXECUTE|[24]
05:45:31.0 (62083428)|HEAP_ALLOCATE|[24]|Bytes:105
05:45:31.0 (62091639)|HEAP_ALLOCATE|[24]|Bytes:4
05:45:31.0 (62099283)|HEAP_ALLOCATE|[24]|Bytes:7
05:45:31.0 (62106144)|SYSTEM_METHOD_ENTRY|[24]|communityCaseMgmtController.__sfdc_currentUserId()
05:45:31.0 (62222102)|VARIABLE_ASSIGNMENT|[EXTERNAL]|this|{"currentUserId":"00524000005uNfKAAU"}|0x102f3311
05:45:31.0 (62231517)|SYSTEM_METHOD_EXIT|[24]|communityCaseMgmtController.__sfdc_currentUserId()
05:45:31.0 (62444333)|SOQL_EXECUTE_BEGIN|[24]|Aggregations:0|SELECT id, name, firstname, lastname, contactid, fullphotourl, phone, email FROM user WHERE id = :tmpVar1
05:45:31.0 (62452095)|LIMIT_USAGE|[24]|SOQL|1|100
05:45:31.0 (62459061)|LIMIT_USAGE|[24]|AGGS|0|300
05:45:31.0 (65150066)|SOQL_EXECUTE_END|[24]|Rows:1
05:45:31.0 (65157154)|LIMIT_USAGE|[24]|SOQL_ROWS|1|50000
05:45:31.0 (65166550)|HEAP_ALLOCATE|[24]|Bytes:8
05:45:31.0 (65179221)|HEAP_ALLOCATE|[24]|Bytes:183
05:45:31.0 (65214858)|HEAP_ALLOCATE|[24]|Bytes:8
05:45:31.0 (65223172)|HEAP_ALLOCATE|[24]|Bytes:30
05:45:31.0 (65259200)|HEAP_ALLOCATE|[24]|Bytes:28
05:45:31.0 (65280040)|SYSTEM_METHOD_ENTRY|[24]|communityCaseMgmtController.__sfdc_currentUser(User)
05:45:31.0 (65394152)|VARIABLE_ASSIGNMENT|[EXTERNAL]|this|{"currentUserId":"00524000005uNfKAAU"}|0x102f3311
05:45:31.0 (65413233)|VARIABLE_ASSIGNMENT|[EXTERNAL]|value|{"Id":"00524000005uNfKAAU","Name":"Neela SN","FirstName":"Neela","LastName":"SN","FullPhotoUrl":"https://c.cs88.conte (43 more) ...","Email":"neela@lightful.com"}|0x75e4f8d3
05:45:31.0 (65426387)|VARIABLE_ASSIGNMENT|[12]|this.currentUser|{"Id":"00524000005uNfKAAU","Name":"Neela SN","FirstName":"Neela","LastName":"SN","FullPhotoUrl":"https://c.cs88.conte (43 more) ...","Email":"neela@lightful.com"}|0x102f3311
05:45:31.0 (65434328)|SYSTEM_METHOD_EXIT|[24]|communityCaseMgmtController.__sfdc_currentUser(User)
05:45:31.0 (65438641)|STATEMENT_EXECUTE|[25]
05:45:31.0 (65452273)|HEAP_ALLOCATE|[25]|Bytes:4
05:45:31.0 (65547170)|SYSTEM_METHOD_ENTRY|[25]|communityCaseMgmtController.__sfdc_newCaseOwner(Contact)
05:45:31.0 (65679912)|VARIABLE_ASSIGNMENT|[EXTERNAL]|this|{"currentUser":"0x75e4f8d3","currentUserId":"00524000005uNfKAAU"}|0x102f3311
05:45:31.0 (65691239)|VARIABLE_ASSIGNMENT|[EXTERNAL]|value|{}|0x67401dea
05:45:31.0 (65699400)|VARIABLE_ASSIGNMENT|[6]|this.newCaseOwner|{}|0x102f3311
05:45:31.0 (65705846)|SYSTEM_METHOD_EXIT|[25]|communityCaseMgmtController.__sfdc_newCaseOwner(Contact)
05:45:31.0 (65709536)|STATEMENT_EXECUTE|[27]
05:45:31.0 (65723402)|SYSTEM_METHOD_ENTRY|[27]|communityCaseMgmtController.__sfdc_showCreateCase(Boolean)
05:45:31.0 (65835647)|VARIABLE_ASSIGNMENT|[EXTERNAL]|this|{"currentUser":"0x75e4f8d3","currentUserId":"00524000005uNfKAAU","newCaseOwner":"0x67401dea"}|0x102f3311
05:45:31.0 (65846737)|VARIABLE_ASSIGNMENT|[EXTERNAL]|value|false
05:45:31.0 (65851100)|HEAP_ALLOCATE|[17]|Bytes:5
05:45:31.0 (65857156)|VARIABLE_ASSIGNMENT|[17]|this.showCreateCase|false|0x102f3311
05:45:31.0 (65862410)|SYSTEM_METHOD_EXIT|[27]|communityCaseMgmtController.__sfdc_showCreateCase(Boolean)
05:45:31.0 (65865578)|STATEMENT_EXECUTE|[29]
05:45:31.0 (65869768)|HEAP_ALLOCATE|[29]|Bytes:4
05:45:31.0 (65891704)|SYSTEM_CONSTRUCTOR_ENTRY|[29]|<init>()
05:45:31.0 (65908916)|SYSTEM_CONSTRUCTOR_EXIT|[29]|<init>()
05:45:31.0 (65922310)|SYSTEM_METHOD_ENTRY|[29]|communityCaseMgmtController.__sfdc_conRelatedAccsList(List<AccountContactRelation>)
05:45:31.0 (66025557)|VARIABLE_ASSIGNMENT|[EXTERNAL]|this|{"currentUser":"0x75e4f8d3","currentUserId":"00524000005uNfKAAU","newCaseOwner":"0x67401dea","showCreateCase":false}|0x102f3311
05:45:31.0 (66034247)|HEAP_ALLOCATE|[EXTERNAL]|Bytes:4
05:45:31.0 (66042286)|VARIABLE_ASSIGNMENT|[EXTERNAL]|value|[]|0x4877cc47
05:45:31.0 (66048729)|VARIABLE_ASSIGNMENT|[18]|this.conRelatedAccsList|[]|0x102f3311
05:45:31.0 (66053830)|SYSTEM_METHOD_EXIT|[29]|communityCaseMgmtController.__sfdc_conRelatedAccsList(List<AccountContactRelation>)
05:45:31.0 (66056927)|STATEMENT_EXECUTE|[30]
05:45:31.0 (66061048)|HEAP_ALLOCATE|[30]|Bytes:4
05:45:31.0 (66091786)|SYSTEM_METHOD_ENTRY|[30]|communityCaseMgmtController.__sfdc_myOrgCases(Map<Id,List<Case>>)
05:45:31.0 (66210557)|VARIABLE_ASSIGNMENT|[EXTERNAL]|this|{"conRelatedAccsList":"0x4877cc47","currentUser":"0x75e4f8d3","currentUserId":"00524000005uNfKAAU","newCaseOwner":"0x67401dea","showCreateCase":false}|0x102f3311
05:45:31.0 (66222620)|VARIABLE_ASSIGNMENT|[EXTERNAL]|value|{}|0x5cdd7aa9
05:45:31.0 (66229552)|VARIABLE_ASSIGNMENT|[5]|this.myOrgCases|{}|0x102f3311
05:45:31.0 (66234974)|SYSTEM_METHOD_EXIT|[30]|communityCaseMgmtController.__sfdc_myOrgCases(Map<Id,List<Case>>)
05:45:31.0 (66237863)|STATEMENT_EXECUTE|[31]
05:45:31.0 (66241831)|HEAP_ALLOCATE|[31]|Bytes:4
05:45:31.0 (66258856)|SYSTEM_METHOD_ENTRY|[31]|communityCaseMgmtController.__sfdc_accName(Map<Id,String>)
05:45:31.0 (66377506)|VARIABLE_ASSIGNMENT|[EXTERNAL]|this|{"conRelatedAccsList":"0x4877cc47","currentUser":"0x75e4f8d3","currentUserId":"00524000005uNfKAAU","myOrgCases":"0x5cdd7aa9","newCaseOwner":"0x67401dea","showCreateCase":false}|0x102f3311
05:45:31.0 (66386683)|VARIABLE_ASSIGNMENT|[EXTERNAL]|value|{}|0x96e7742
05:45:31.0 (66393109)|VARIABLE_ASSIGNMENT|[7]|this.accName|{}|0x102f3311
05:45:31.0 (66398154)|SYSTEM_METHOD_EXIT|[31]|communityCaseMgmtController.__sfdc_accName(Map<Id,String>)
05:45:31.0 (66401117)|STATEMENT_EXECUTE|[32]
05:45:31.0 (66404442)|HEAP_ALLOCATE|[32]|Bytes:4
05:45:31.0 (66419113)|SYSTEM_METHOD_ENTRY|[32]|communityCaseMgmtController.__sfdc_accCaseCount(Map<Id,Integer>)
05:45:31.0 (66542006)|VARIABLE_ASSIGNMENT|[EXTERNAL]|this|{"accName":"0x96e7742","conRelatedAccsList":"0x4877cc47","currentUser":"0x75e4f8d3","currentUserId":"00524000005uNfKAAU","myOrgCases":"0x5cdd7aa9","newCaseOwner":"0x67401dea","showCreateCase":false}|0x102f3311
05:45:31.0 (66550873)|VARIABLE_ASSIGNMENT|[EXTERNAL]|value|{}|0x688780aa
05:45:31.0 (66557342)|VARIABLE_ASSIGNMENT|[9]|this.accCaseCount|{}|0x102f3311
05:45:31.0 (66562541)|SYSTEM_METHOD_EXIT|[32]|communityCaseMgmtController.__sfdc_accCaseCount(Map<Id,Integer>)
05:45:31.0 (66569767)|SYSTEM_METHOD_ENTRY|[34]|communityCaseMgmtController.__sfdc_currentUser()
05:45:31.0 (66690900)|VARIABLE_ASSIGNMENT|[EXTERNAL]|this|{"accCaseCount":"0x688780aa","accName":"0x96e7742","conRelatedAccsList":"0x4877cc47","currentUser":"0x75e4f8d3","currentUserId":"00524000005uNfKAAU","myOrgCases":"0x5cdd7aa9","newCaseOwner":"0x67401dea","showCreateCase":false}|0x102f3311
05:45:31.0 (66700417)|SYSTEM_METHOD_EXIT|[34]|communityCaseMgmtController.__sfdc_currentUser()
05:45:31.0 (66709252)|STATEMENT_EXECUTE|[44]
05:45:31.0 (66710642)|STATEMENT_EXECUTE|[45]
05:45:31.0 (66720906)|HEAP_ALLOCATE|[45]|Bytes:4
05:45:31.0 (66746882)|SYSTEM_METHOD_ENTRY|[45]|communityCaseMgmtController.__sfdc_con(Contact)
05:45:31.0 (66874952)|VARIABLE_ASSIGNMENT|[EXTERNAL]|this|{"accCaseCount":"0x688780aa","accName":"0x96e7742","conRelatedAccsList":"0x4877cc47","currentUser":"0x75e4f8d3","currentUserId":"00524000005uNfKAAU","myOrgCases":"0x5cdd7aa9","newCaseOwner":"0x67401dea","showCreateCase":false}|0x102f3311
05:45:31.0 (66884882)|VARIABLE_ASSIGNMENT|[EXTERNAL]|value|{}|0x1bd35a94
05:45:31.0 (66891574)|VARIABLE_ASSIGNMENT|[13]|this.con|{}|0x102f3311
05:45:31.0 (66896840)|SYSTEM_METHOD_EXIT|[45]|communityCaseMgmtController.__sfdc_con(Contact)
05:45:31.0 (66899799)|STATEMENT_EXECUTE|[46]
05:45:31.0 (66903900)|SYSTEM_METHOD_ENTRY|[46]|communityCaseMgmtController.__sfdc_currentUser()
05:45:31.0 (67017314)|VARIABLE_ASSIGNMENT|[EXTERNAL]|this|{"accCaseCount":"0x688780aa","accName":"0x96e7742","con":"0x1bd35a94","conRelatedAccsList":"0x4877cc47","currentUser":"0x75e4f8d3","currentUserId":"00524000005uNfKAAU","myOrgCases":"0x5cdd7aa9","newCaseOwner":"0x67401dea","showCreateCase":false}|0x102f3311
05:45:31.0 (67026475)|SYSTEM_METHOD_EXIT|[46]|communityCaseMgmtController.__sfdc_currentUser()
05:45:31.0 (67055368)|SYSTEM_METHOD_ENTRY|[46]|communityCaseMgmtController.__sfdc_newCaseOwner()
05:45:31.0 (67165499)|VARIABLE_ASSIGNMENT|[EXTERNAL]|this|{"accCaseCount":"0x688780aa","accName":"0x96e7742","con":"0x1bd35a94","conRelatedAccsList":"0x4877cc47","currentUser":"0x75e4f8d3","currentUserId":"00524000005uNfKAAU","myOrgCases":"0x5cdd7aa9","newCaseOwner":"0x67401dea","showCreateCase":false}|0x102f3311
05:45:31.0 (67175341)|SYSTEM_METHOD_EXIT|[46]|communityCaseMgmtController.__sfdc_newCaseOwner()
05:45:31.0 (67217101)|VARIABLE_ASSIGNMENT|[46]|this.FirstName|"Neela"|0x67401dea
05:45:31.0 (67219727)|STATEMENT_EXECUTE|[47]
05:45:31.0 (67225192)|SYSTEM_METHOD_ENTRY|[47]|communityCaseMgmtController.__sfdc_currentUser()
05:45:31.0 (67343264)|VARIABLE_ASSIGNMENT|[EXTERNAL]|this|{"accCaseCount":"0x688780aa","accName":"0x96e7742","con":"0x1bd35a94","conRelatedAccsList":"0x4877cc47","currentUser":"0x75e4f8d3","currentUserId":"00524000005uNfKAAU","myOrgCases":"0x5cdd7aa9","newCaseOwner":"0x67401dea","showCreateCase":false}|0x102f3311
05:45:31.0 (67351517)|SYSTEM_METHOD_EXIT|[47]|communityCaseMgmtController.__sfdc_currentUser()
05:45:31.0 (67371797)|SYSTEM_METHOD_ENTRY|[47]|communityCaseMgmtController.__sfdc_newCaseOwner()
05:45:31.0 (67479158)|VARIABLE_ASSIGNMENT|[EXTERNAL]|this|{"accCaseCount":"0x688780aa","accName":"0x96e7742","con":"0x1bd35a94","conRelatedAccsList":"0x4877cc47","currentUser":"0x75e4f8d3","currentUserId":"00524000005uNfKAAU","myOrgCases":"0x5cdd7aa9","newCaseOwner":"0x67401dea","showCreateCase":false}|0x102f3311
05:45:31.0 (67486702)|SYSTEM_METHOD_EXIT|[47]|communityCaseMgmtController.__sfdc_newCaseOwner()
05:45:31.0 (67513904)|VARIABLE_ASSIGNMENT|[47]|this.LastName|"SN"|0x67401dea
05:45:31.0 (67516127)|STATEMENT_EXECUTE|[48]
05:45:31.0 (67520829)|SYSTEM_METHOD_ENTRY|[48]|communityCaseMgmtController.__sfdc_currentUser()
05:45:31.0 (67641632)|VARIABLE_ASSIGNMENT|[EXTERNAL]|this|{"accCaseCount":"0x688780aa","accName":"0x96e7742","con":"0x1bd35a94","conRelatedAccsList":"0x4877cc47","currentUser":"0x75e4f8d3","currentUserId":"00524000005uNfKAAU","myOrgCases":"0x5cdd7aa9","newCaseOwner":"0x67401dea","showCreateCase":false}|0x102f3311
05:45:31.0 (67649445)|SYSTEM_METHOD_EXIT|[48]|communityCaseMgmtController.__sfdc_currentUser()
05:45:31.0 (67668181)|SYSTEM_METHOD_ENTRY|[48]|communityCaseMgmtController.__sfdc_newCaseOwner()
05:45:31.0 (67775122)|VARIABLE_ASSIGNMENT|[EXTERNAL]|this|{"accCaseCount":"0x688780aa","accName":"0x96e7742","con":"0x1bd35a94","conRelatedAccsList":"0x4877cc47","currentUser":"0x75e4f8d3","currentUserId":"00524000005uNfKAAU","myOrgCases":"0x5cdd7aa9","newCaseOwner":"0x67401dea","showCreateCase":false}|0x102f3311
05:45:31.0 (67782822)|SYSTEM_METHOD_EXIT|[48]|communityCaseMgmtController.__sfdc_newCaseOwner()
05:45:31.0 (67811988)|VARIABLE_ASSIGNMENT|[48]|this.Email|"neela@lightful.com"|0x67401dea
05:45:31.0 (67814536)|STATEMENT_EXECUTE|[51]
05:45:31.0 (67818333)|HEAP_ALLOCATE|[51]|Bytes:118
05:45:31.0 (67823989)|HEAP_ALLOCATE|[51]|Bytes:4
05:45:31.0 (68019847)|SOQL_EXECUTE_BEGIN|[51]|Aggregations:0|SELECT AccountId, ContactId, IsActive, IsDirect, Roles FROM AccountContactRelation WHERE ContactId = '0039E000004AdCP'
05:45:31.0 (68026817)|LIMIT_USAGE|[51]|SOQL|2|100
05:45:31.0 (68032451)|LIMIT_USAGE|[51]|AGGS|0|300
05:45:31.0 (73982916)|SOQL_EXECUTE_END|[51]|Rows:2
05:45:31.0 (73989114)|LIMIT_USAGE|[51]|SOQL_ROWS|3|50000
05:45:31.0 (73997973)|HEAP_ALLOCATE|[51]|Bytes:12
05:45:31.0 (74009600)|HEAP_ALLOCATE|[51]|Bytes:246
05:45:31.0 (74031668)|HEAP_ALLOCATE|[51]|Bytes:12
05:45:31.0 (74045496)|SYSTEM_METHOD_ENTRY|[51]|communityCaseMgmtController.__sfdc_conRelatedAccsList(List<AccountContactRelation>)
05:45:31.0 (74180235)|VARIABLE_ASSIGNMENT|[EXTERNAL]|this|{"accCaseCount":"0x688780aa","accName":"0x96e7742","con":"0x1bd35a94","conRelatedAccsList":"0x4877cc47","currentUser":"0x75e4f8d3","currentUserId":"00524000005uNfKAAU","myOrgCases":"0x5cdd7aa9","newCaseOwner":"0x67401dea","showCreateCase":false}|0x102f3311
05:45:31.0 (74199102)|VARIABLE_ASSIGNMENT|[EXTERNAL]|value|[{"AccountId":"0019E000006wqt7QAA","ContactId":"0039E000004AdCPQA0","IsActive":true,"IsDirect":false,"Id":"07k9E000000f4JJQAY"},{"AccountId":"0019E000005FzZJQA0","ContactId":"0039E000004AdCPQA0","IsActive":true,"IsDirect":true,"Id":"07k9E000000f4IpQAI"}]|0x739c4730
05:45:31.0 (74212750)|VARIABLE_ASSIGNMENT|[18]|this.conRelatedAccsList|[{"AccountId":"0019E000006wqt7QAA","ContactId":"0039E000004AdCPQA0","IsActive":true,"IsDirect":false,"Id":"07k9E000000f4JJQAY"},{"AccountId":"0019E000005FzZJQA0","ContactId":"0039E000004AdCPQA0","IsActive":true,"IsDirect":true,"Id":"07k9E000000f4IpQAI"}]|0x102f3311
05:45:31.0 (74220581)|SYSTEM_METHOD_EXIT|[51]|communityCaseMgmtController.__sfdc_conRelatedAccsList(List<AccountContactRelation>)
05:45:31.0 (74224702)|STATEMENT_EXECUTE|[55]
05:45:31.0 (74228050)|HEAP_ALLOCATE|[55]|Bytes:168
05:45:31.0 (74233261)|HEAP_ALLOCATE|[55]|Bytes:4
05:45:31.0 (74241635)|SYSTEM_METHOD_ENTRY|[55]|communityCaseMgmtController.__sfdc_currentUserId()
05:45:31.0 (74366109)|VARIABLE_ASSIGNMENT|[EXTERNAL]|this|{"accCaseCount":"0x688780aa","accName":"0x96e7742","con":"0x1bd35a94","conRelatedAccsList":"0x739c4730","currentUser":"0x75e4f8d3","currentUserId":"00524000005uNfKAAU","myOrgCases":"0x5cdd7aa9","newCaseOwner":"0x67401dea","showCreateCase":false}|0x102f3311
05:45:31.0 (74375438)|SYSTEM_METHOD_EXIT|[55]|communityCaseMgmtController.__sfdc_currentUserId()
05:45:31.0 (74612331)|SOQL_EXECUTE_BEGIN|[55]|Aggregations:0|SELECT CaseNumber, ContactEmail, ContactId, CreatedById, Description, Priority, Reason, Subject, Issue_Type__c, accountid, status FROM Case WHERE CreatedById = :tmpVar1
05:45:31.0 (74618368)|LIMIT_USAGE|[55]|SOQL|3|100
05:45:31.0 (74636043)|LIMIT_USAGE|[55]|AGGS|0|300
05:45:31.0 (97284547)|SOQL_EXECUTE_END|[55]|Rows:6
05:45:31.0 (97291126)|LIMIT_USAGE|[55]|SOQL_ROWS|9|50000
05:45:31.0 (97300290)|HEAP_ALLOCATE|[55]|Bytes:28
05:45:31.0 (97322243)|HEAP_ALLOCATE|[55]|Bytes:2224
05:45:31.0 (97342460)|HEAP_ALLOCATE|[55]|Bytes:28
05:45:31.0 (97367022)|SYSTEM_METHOD_ENTRY|[55]|communityCaseMgmtController.__sfdc_myCases(List<Case>)
05:45:31.0 (97503647)|VARIABLE_ASSIGNMENT|[EXTERNAL]|this|{"accCaseCount":"0x688780aa","accName":"0x96e7742","con":"0x1bd35a94","conRelatedAccsList":"0x739c4730","currentUser":"0x75e4f8d3","currentUserId":"00524000005uNfKAAU","myOrgCases":"0x5cdd7aa9","newCaseOwner":"0x67401dea","showCreateCase":false}|0x102f3311
05:45:31.0 (97515405)|VARIABLE_ASSIGNMENT|[EXTERNAL]|value|"List of size 6 too large to display"|0x58643242
05:45:31.0 (97524431)|VARIABLE_ASSIGNMENT|[4]|this.myCases|"List of size 6 too large to display"|0x102f3311
05:45:31.0 (97531784)|SYSTEM_METHOD_EXIT|[55]|communityCaseMgmtController.__sfdc_myCases(List<Case>)
05:45:31.0 (97535387)|STATEMENT_EXECUTE|[57]
05:45:31.0 (97546760)|HEAP_ALLOCATE|[57]|Bytes:4
05:45:31.0 (97609257)|SYSTEM_METHOD_ENTRY|[57]|communityCaseMgmtController.__sfdc_newCase(Case)
05:45:31.0 (97756527)|VARIABLE_ASSIGNMENT|[EXTERNAL]|this|{"accCaseCount":"0x688780aa","accName":"0x96e7742","con":"0x1bd35a94","conRelatedAccsList":"0x739c4730","currentUser":"0x75e4f8d3","currentUserId":"00524000005uNfKAAU","myCases":"0x58643242","myOrgCases":"0x5cdd7aa9","newCaseOwner":"0x67401dea","showCreateCase":false}|0x102f3311
05:45:31.0 (97767367)|VARIABLE_ASSIGNMENT|[EXTERNAL]|value|{}|0x1dccd453
05:45:31.0 (97775094)|VARIABLE_ASSIGNMENT|[3]|this.newCase|{}|0x102f3311
05:45:31.0 (97781360)|SYSTEM_METHOD_EXIT|[57]|communityCaseMgmtController.__sfdc_newCase(Case)
05:45:31.0 (97785027)|STATEMENT_EXECUTE|[58]
05:45:31.0 (97789481)|HEAP_ALLOCATE|[58]|Bytes:4
05:45:31.0 (97797707)|SYSTEM_CONSTRUCTOR_ENTRY|[58]|<init>()
05:45:31.0 (97809713)|SYSTEM_CONSTRUCTOR_EXIT|[58]|<init>()
05:45:31.0 (97823681)|SYSTEM_METHOD_ENTRY|[58]|communityCaseMgmtController.__sfdc_relatedAccId(List<Id>)
05:45:31.0 (97942491)|VARIABLE_ASSIGNMENT|[EXTERNAL]|this|{"accCaseCount":"0x688780aa","accName":"0x96e7742","con":"0x1bd35a94","conRelatedAccsList":"0x739c4730","currentUser":"0x75e4f8d3","currentUserId":"00524000005uNfKAAU","myCases":"0x58643242","myOrgCases":"0x5cdd7aa9","newCase":"0x1dccd453","newCaseOwner":"0x67401dea","showCreateCase":false}|0x102f3311
05:45:31.0 (97965759)|HEAP_ALLOCATE|[EXTERNAL]|Bytes:4
05:45:31.0 (97972852)|VARIABLE_ASSIGNMENT|[EXTERNAL]|value|[]|0x883c028
05:45:31.0 (97980700)|VARIABLE_ASSIGNMENT|[8]|this.relatedAccId|[]|0x102f3311
05:45:31.0 (97986763)|SYSTEM_METHOD_EXIT|[58]|communityCaseMgmtController.__sfdc_relatedAccId(List<Id>)
05:45:31.0 (97989837)|STATEMENT_EXECUTE|[60]
05:45:31.0 (97993769)|HEAP_ALLOCATE|[60]|Bytes:21
05:45:31.0 (98001150)|SYSTEM_METHOD_ENTRY|[60]|communityCaseMgmtController.__sfdc_newCase()
05:45:31.0 (98127704)|VARIABLE_ASSIGNMENT|[EXTERNAL]|this|{"accCaseCount":"0x688780aa","accName":"0x96e7742","con":"0x1bd35a94","conRelatedAccsList":"0x739c4730","currentUser":"0x75e4f8d3","currentUserId":"00524000005uNfKAAU","myCases":"0x58643242","myOrgCases":"0x5cdd7aa9","newCase":"0x1dccd453","newCaseOwner":"0x67401dea","relatedAccId":"0x883c028","showCreateCase":false}|0x102f3311
05:45:31.0 (98137264)|SYSTEM_METHOD_EXIT|[60]|communityCaseMgmtController.__sfdc_newCase()
05:45:31.0 (98167077)|SYSTEM_METHOD_ENTRY|[60]|String.valueOf(Object)
05:45:31.0 (98176178)|SYSTEM_METHOD_EXIT|[60]|String.valueOf(Object)
05:45:31.0 (98180685)|SYSTEM_METHOD_ENTRY|[60]|communityCaseMgmtController.__sfdc_newCase()
05:45:31.0 (98293342)|VARIABLE_ASSIGNMENT|[EXTERNAL]|this|{"accCaseCount":"0x688780aa","accName":"0x96e7742","con":"0x1bd35a94","conRelatedAccsList":"0x739c4730","currentUser":"0x75e4f8d3","currentUserId":"00524000005uNfKAAU","myCases":"0x58643242","myOrgCases":"0x5cdd7aa9","newCase":"0x1dccd453","newCaseOwner":"0x67401dea","relatedAccId":"0x883c028","showCreateCase":false}|0x102f3311
05:45:31.0 (98302213)|SYSTEM_METHOD_EXIT|[60]|communityCaseMgmtController.__sfdc_newCase()
05:45:31.0 (98314349)|HEAP_ALLOCATE|[60]|Bytes:29
05:45:31.0 (98329808)|SYSTEM_METHOD_ENTRY|[60]|System.debug(ANY)
05:45:31.0 (98337688)|USER_DEBUG|[60]|DEBUG|contact of case is : nullnull
05:45:31.0 (98341251)|SYSTEM_METHOD_EXIT|[60]|System.debug(ANY)
05:45:31.0 (98343651)|STATEMENT_EXECUTE|[61]
05:45:31.0 (98346023)|HEAP_ALLOCATE|[61]|Bytes:37
05:45:31.0 (98353210)|SYSTEM_METHOD_ENTRY|[61]|communityCaseMgmtController.__sfdc_conRelatedAccsList()
05:45:31.0 (98477902)|VARIABLE_ASSIGNMENT|[EXTERNAL]|this|{"accCaseCount":"0x688780aa","accName":"0x96e7742","con":"0x1bd35a94","conRelatedAccsList":"0x739c4730","currentUser":"0x75e4f8d3","currentUserId":"00524000005uNfKAAU","myCases":"0x58643242","myOrgCases":"0x5cdd7aa9","newCase":"0x1dccd453","newCaseOwner":"0x67401dea","relatedAccId":"0x883c028","showCreateCase":false}|0x102f3311
05:45:31.0 (98487725)|SYSTEM_METHOD_EXIT|[61]|communityCaseMgmtController.__sfdc_conRelatedAccsList()
05:45:31.0 (98502525)|SYSTEM_METHOD_ENTRY|[61]|String.valueOf(Object)
05:45:31.0 (98555899)|HEAP_ALLOCATE|[61]|Bytes:277
05:45:31.0 (98566865)|SYSTEM_METHOD_EXIT|[61]|String.valueOf(Object)
05:45:31.0 (98574762)|HEAP_ALLOCATE|[61]|Bytes:314
05:45:31.0 (98582253)|SYSTEM_METHOD_ENTRY|[61]|System.debug(ANY)
05:45:31.0 (98586277)|USER_DEBUG|[61]|DEBUG|Related accounts of the contact is : (AccountContactRelation:{AccountId=0019E000006wqt7QAA, ContactId=0039E000004AdCPQA0, IsActive=true, IsDirect=false, Id=07k9E000000f4JJQAY}, AccountContactRelation:{AccountId=0019E000005FzZJQA0, ContactId=0039E000004AdCPQA0, IsActive=true, IsDirect=true, Id=07k9E000000f4IpQAI})
05:45:31.0 (98590799)|SYSTEM_METHOD_EXIT|[61]|System.debug(ANY)
05:45:31.0 (98595358)|SYSTEM_METHOD_ENTRY|[64]|communityCaseMgmtController.__sfdc_conRelatedAccsList()
05:45:31.0 (98728823)|VARIABLE_ASSIGNMENT|[EXTERNAL]|this|{"accCaseCount":"0x688780aa","accName":"0x96e7742","con":"0x1bd35a94","conRelatedAccsList":"0x739c4730","currentUser":"0x75e4f8d3","currentUserId":"00524000005uNfKAAU","myCases":"0x58643242","myOrgCases":"0x5cdd7aa9","newCase":"0x1dccd453","newCaseOwner":"0x67401dea","relatedAccId":"0x883c028","showCreateCase":false}|0x102f3311
05:45:31.0 (98741201)|SYSTEM_METHOD_EXIT|[64]|communityCaseMgmtController.__sfdc_conRelatedAccsList()
05:45:31.0 (98749480)|SYSTEM_METHOD_ENTRY|[64]|List<AccountContactRelation>.size()
05:45:31.0 (98753857)|SYSTEM_METHOD_EXIT|[64]|List<AccountContactRelation>.size()
05:45:31.0 (98758926)|STATEMENT_EXECUTE|[65]
05:45:31.0 (98763639)|SYSTEM_METHOD_ENTRY|[67]|communityCaseMgmtController.__sfdc_conRelatedAccsList()
05:45:31.0 (98883111)|VARIABLE_ASSIGNMENT|[EXTERNAL]|this|{"accCaseCount":"0x688780aa","accName":"0x96e7742","con":"0x1bd35a94","conRelatedAccsList":"0x739c4730","currentUser":"0x75e4f8d3","currentUserId":"00524000005uNfKAAU","myCases":"0x58643242","myOrgCases":"0x5cdd7aa9","newCase":"0x1dccd453","newCaseOwner":"0x67401dea","relatedAccId":"0x883c028","showCreateCase":false}|0x102f3311
05:45:31.0 (98891598)|SYSTEM_METHOD_EXIT|[67]|communityCaseMgmtController.__sfdc_conRelatedAccsList()
05:45:31.0 (98897738)|SYSTEM_METHOD_ENTRY|[67]|List<AccountContactRelation>.iterator()
05:45:31.0 (98965072)|SYSTEM_METHOD_EXIT|[67]|List<AccountContactRelation>.iterator()
05:45:31.0 (98978185)|SYSTEM_METHOD_ENTRY|[67]|system.ListIterator.hasNext()
05:45:31.0 (98986281)|HEAP_ALLOCATE|[67]|Bytes:5
05:45:31.0 (98991670)|SYSTEM_METHOD_EXIT|[67]|system.ListIterator.hasNext()
05:45:31.0 (99018837)|HEAP_ALLOCATE|[67]|Bytes:24
05:45:31.0 (99027124)|VARIABLE_SCOPE_BEGIN|[67]|a|AccountContactRelation|true|false
05:45:31.0 (99040530)|VARIABLE_ASSIGNMENT|[67]|a|{"AccountId":"0019E000006wqt7QAA","ContactId":"0039E000004AdCPQA0","IsActive":true,"IsDirect":false,"Id":"07k9E000000f4JJQAY"}|0x17824e1e
05:45:31.0 (99043946)|STATEMENT_EXECUTE|[67]
05:45:31.0 (99045575)|STATEMENT_EXECUTE|[68]
05:45:31.0 (99054098)|SYSTEM_METHOD_ENTRY|[68]|communityCaseMgmtController.__sfdc_relatedAccId()
05:45:31.0 (99183410)|VARIABLE_ASSIGNMENT|[EXTERNAL]|this|{"accCaseCount":"0x688780aa","accName":"0x96e7742","con":"0x1bd35a94","conRelatedAccsList":"0x739c4730","currentUser":"0x75e4f8d3","currentUserId":"00524000005uNfKAAU","myCases":"0x58643242","myOrgCases":"0x5cdd7aa9","newCase":"0x1dccd453","newCaseOwner":"0x67401dea","relatedAccId":"0x883c028","showCreateCase":false}|0x102f3311
05:45:31.0 (99193128)|SYSTEM_METHOD_EXIT|[68]|communityCaseMgmtController.__sfdc_relatedAccId()
05:45:31.0 (99230738)|SYSTEM_METHOD_ENTRY|[68]|List<Id>.add(Object)
05:45:31.0 (99236510)|HEAP_ALLOCATE|[EXTERNAL]|Bytes:4
05:45:31.0 (99243159)|SYSTEM_METHOD_EXIT|[68]|List<Id>.add(Object)
05:45:31.0 (99245729)|STATEMENT_EXECUTE|[69]
05:45:31.0 (99248947)|HEAP_ALLOCATE|[69]|Bytes:48
05:45:31.0 (99255814)|HEAP_ALLOCATE|[69]|Bytes:4
05:45:31.0 (99384640)|SOQL_EXECUTE_BEGIN|[69]|Aggregations:0|SELECT id, name FROM account WHERE id = :tmpVar1
05:45:31.0 (99390350)|LIMIT_USAGE|[69]|SOQL|4|100
05:45:31.0 (99396035)|LIMIT_USAGE|[69]|AGGS|0|300
05:45:31.0 (105575675)|SOQL_EXECUTE_END|[69]|Rows:1
05:45:31.0 (105581816)|LIMIT_USAGE|[69]|SOQL_ROWS|10|50000
05:45:31.0 (105590183)|HEAP_ALLOCATE|[69]|Bytes:8
05:45:31.0 (105599147)|HEAP_ALLOCATE|[69]|Bytes:83
05:45:31.0 (105645906)|HEAP_ALLOCATE|[69]|Bytes:8
05:45:31.0 (105654583)|HEAP_ALLOCATE|[69]|Bytes:33
05:45:31.0 (105688321)|HEAP_ALLOCATE|[69]|Bytes:16
05:45:31.0 (105694038)|VARIABLE_SCOPE_BEGIN|[69]|acc|Account|true|false
05:45:31.0 (105707879)|VARIABLE_ASSIGNMENT|[69]|acc|{"Id":"0019E000006wqt7QAA","Name":"LightfulTest","RecordTypeId":"01224000000gEQBAA2"}|0x846167a
05:45:31.0 (105710807)|STATEMENT_EXECUTE|[70]
05:45:31.0 (105721491)|SYSTEM_METHOD_ENTRY|[70]|communityCaseMgmtController.__sfdc_accName()
05:45:31.0 (105870874)|VARIABLE_ASSIGNMENT|[EXTERNAL]|this|{"accCaseCount":"0x688780aa","accName":"0x96e7742","con":"0x1bd35a94","conRelatedAccsList":"0x739c4730","currentUser":"0x75e4f8d3","currentUserId":"00524000005uNfKAAU","myCases":"0x58643242","myOrgCases":"0x5cdd7aa9","newCase":"0x1dccd453","newCaseOwner":"0x67401dea","relatedAccId":"0x883c028","showCreateCase":false}|0x102f3311
05:45:31.0 (105882835)|SYSTEM_METHOD_EXIT|[70]|communityCaseMgmtController.__sfdc_accName()
05:45:31.0 (105932420)|SYSTEM_METHOD_ENTRY|[70]|Map<Id,String>.put(Object, Object)
05:45:31.0 (105939595)|HEAP_ALLOCATE|[EXTERNAL]|Bytes:-4
05:45:31.0 (105948281)|SYSTEM_METHOD_EXIT|[70]|Map<Id,String>.put(Object, Object)
05:45:31.0 (105950890)|STATEMENT_EXECUTE|[71]
05:45:31.0 (105953780)|HEAP_ALLOCATE|[71]|Bytes:174
05:45:31.0 (105959093)|HEAP_ALLOCATE|[71]|Bytes:4
05:45:31.0 (106183786)|SOQL_EXECUTE_BEGIN|[71]|Aggregations:0|SELECT CaseNumber, ContactEmail, ContactId, CreatedById, Description, Priority, Reason, Subject, origin, Issue_Type__c, accountid, status FROM Case WHERE accountid = :tmpVar1
05:45:31.0 (106190814)|LIMIT_USAGE|[71]|SOQL|5|100
05:45:31.0 (106196379)|LIMIT_USAGE|[71]|AGGS|0|300
05:45:31.0 (120539024)|SOQL_EXECUTE_END|[71]|Rows:1
05:45:31.0 (120546916)|LIMIT_USAGE|[71]|SOQL_ROWS|11|50000
05:45:31.0 (120559302)|HEAP_ALLOCATE|[71]|Bytes:8
05:45:31.0 (120571464)|HEAP_ALLOCATE|[71]|Bytes:335
05:45:31.0 (120587439)|HEAP_ALLOCATE|[71]|Bytes:8
05:45:31.0 (120598705)|VARIABLE_SCOPE_BEGIN|[71]|ocase|List<Case>|true|false
05:45:31.0 (120633283)|VARIABLE_ASSIGNMENT|[71]|ocase|[{"CaseNumber":"00001214","ContactEmail":"services@lightful.co (1 more) ...","ContactId":"0039E0000037h4mQAA","CreatedById":"00524000005uNfKAAU","Description":"testing related acc  (4 more) ...","Priority":"Medium","Subject":"testing related acc  (4 more) ...","Origin":"Web","AccountId":"0019E000006wqt7QAA","Status":"New","Id":"5009E00000206zGQAQ","RecordTypeId":"012240000002nYhAAI"}]|0x3dc36d3b
05:45:31.0 (120640477)|STATEMENT_EXECUTE|[73]
05:45:31.0 (120657116)|SYSTEM_METHOD_ENTRY|[73]|communityCaseMgmtController.__sfdc_myOrgCases()
05:45:31.0 (120819891)|VARIABLE_ASSIGNMENT|[EXTERNAL]|this|{"accCaseCount":"0x688780aa","accName":"0x96e7742","con":"0x1bd35a94","conRelatedAccsList":"0x739c4730","currentUser":"0x75e4f8d3","currentUserId":"00524000005uNfKAAU","myCases":"0x58643242","myOrgCases":"0x5cdd7aa9","newCase":"0x1dccd453","newCaseOwner":"0x67401dea","relatedAccId":"0x883c028","showCreateCase":false}|0x102f3311
05:45:31.0 (120832576)|SYSTEM_METHOD_EXIT|[73]|communityCaseMgmtController.__sfdc_myOrgCases()
05:45:31.0 (120859554)|SYSTEM_METHOD_ENTRY|[73]|Map<Id,List<Case>>.put(Object, Object)
05:45:31.0 (120865076)|HEAP_ALLOCATE|[EXTERNAL]|Bytes:-4
05:45:31.0 (120873804)|SYSTEM_METHOD_EXIT|[73]|Map<Id,List<Case>>.put(Object, Object)
05:45:31.0 (120876835)|STATEMENT_EXECUTE|[76]
05:45:31.0 (120884086)|SYSTEM_METHOD_ENTRY|[76]|communityCaseMgmtController.__sfdc_accCaseCount()
05:45:31.0 (121013576)|VARIABLE_ASSIGNMENT|[EXTERNAL]|this|{"accCaseCount":"0x688780aa","accName":"0x96e7742","con":"0x1bd35a94","conRelatedAccsList":"0x739c4730","currentUser":"0x75e4f8d3","currentUserId":"00524000005uNfKAAU","myCases":"0x58643242","myOrgCases":"0x5cdd7aa9","newCase":"0x1dccd453","newCaseOwner":"0x67401dea","relatedAccId":"0x883c028","showCreateCase":false}|0x102f3311
05:45:31.0 (121024065)|SYSTEM_METHOD_EXIT|[76]|communityCaseMgmtController.__sfdc_accCaseCount()
05:45:31.0 (121051082)|SYSTEM_METHOD_ENTRY|[76]|List<Case>.size()
05:45:31.0 (121056157)|SYSTEM_METHOD_EXIT|[76]|List<Case>.size()
05:45:31.0 (121069322)|SYSTEM_METHOD_ENTRY|[76]|Map<Id,Integer>.put(Object, Object)
05:45:31.0 (121072973)|HEAP_ALLOCATE|[76]|Bytes:4
05:45:31.0 (121078131)|HEAP_ALLOCATE|[EXTERNAL]|Bytes:-4
05:45:31.0 (121085473)|SYSTEM_METHOD_EXIT|[76]|Map<Id,Integer>.put(Object, Object)
05:45:31.0 (121091518)|SYSTEM_METHOD_ENTRY|[67]|system.ListIterator.hasNext()
05:45:31.0 (121097729)|HEAP_ALLOCATE|[67]|Bytes:5
05:45:31.0 (121101495)|SYSTEM_METHOD_EXIT|[67]|system.ListIterator.hasNext()
05:45:31.0 (121122318)|HEAP_ALLOCATE|[67]|Bytes:24
05:45:31.0 (121128965)|VARIABLE_SCOPE_BEGIN|[67]|a|AccountContactRelation|true|false
05:45:31.0 (121141971)|VARIABLE_ASSIGNMENT|[67]|a|{"AccountId":"0019E000005FzZJQA0","ContactId":"0039E000004AdCPQA0","IsActive":true,"IsDirect":true,"Id":"07k9E000000f4IpQAI"}|0x5c2cff1a
05:45:31.0 (121145280)|STATEMENT_EXECUTE|[67]
05:45:31.0 (121146563)|STATEMENT_EXECUTE|[68]
05:45:31.0 (121150775)|SYSTEM_METHOD_ENTRY|[68]|communityCaseMgmtController.__sfdc_relatedAccId()
05:45:31.0 (121271145)|VARIABLE_ASSIGNMENT|[EXTERNAL]|this|{"accCaseCount":"0x688780aa","accName":"0x96e7742","con":"0x1bd35a94","conRelatedAccsList":"0x739c4730","currentUser":"0x75e4f8d3","currentUserId":"00524000005uNfKAAU","myCases":"0x58643242","myOrgCases":"0x5cdd7aa9","newCase":"0x1dccd453","newCaseOwner":"0x67401dea","relatedAccId":"0x883c028","showCreateCase":false}|0x102f3311
05:45:31.0 (121279835)|SYSTEM_METHOD_EXIT|[68]|communityCaseMgmtController.__sfdc_relatedAccId()
05:45:31.0 (121296291)|SYSTEM_METHOD_ENTRY|[68]|List<Id>.add(Object)
05:45:31.0 (121300257)|HEAP_ALLOCATE|[EXTERNAL]|Bytes:4
05:45:31.0 (121305726)|SYSTEM_METHOD_EXIT|[68]|List<Id>.add(Object)
05:45:31.0 (121308144)|STATEMENT_EXECUTE|[69]
05:45:31.0 (121312403)|HEAP_ALLOCATE|[69]|Bytes:4
05:45:31.0 (121434580)|SOQL_EXECUTE_BEGIN|[69]|Aggregations:0|SELECT id, name FROM account WHERE id = :tmpVar1
05:45:31.0 (121440219)|LIMIT_USAGE|[69]|SOQL|6|100
05:45:31.0 (121445714)|LIMIT_USAGE|[69]|AGGS|0|300
05:45:31.0 (122892959)|SOQL_EXECUTE_END|[69]|Rows:1
05:45:31.0 (122899086)|LIMIT_USAGE|[69]|SOQL_ROWS|12|50000
05:45:31.0 (122907448)|HEAP_ALLOCATE|[69]|Bytes:8
05:45:31.0 (122916327)|HEAP_ALLOCATE|[69]|Bytes:89
05:45:31.0 (122928394)|HEAP_ALLOCATE|[69]|Bytes:8
05:45:31.0 (122948724)|HEAP_ALLOCATE|[69]|Bytes:16
05:45:31.0 (122954417)|VARIABLE_SCOPE_BEGIN|[69]|acc|Account|true|false
05:45:31.0 (122968232)|VARIABLE_ASSIGNMENT|[69]|acc|{"Id":"0019E000005FzZJQA0","Name":"neela@lightful.xyz","RecordTypeId":"01224000000gEQBAA2"}|0x51afb01b
05:45:31.0 (122971519)|STATEMENT_EXECUTE|[70]
05:45:31.0 (122978162)|SYSTEM_METHOD_ENTRY|[70]|communityCaseMgmtController.__sfdc_accName()
05:45:31.0 (123112619)|VARIABLE_ASSIGNMENT|[EXTERNAL]|this|{"accCaseCount":"0x688780aa","accName":"0x96e7742","con":"0x1bd35a94","conRelatedAccsList":"0x739c4730","currentUser":"0x75e4f8d3","currentUserId":"00524000005uNfKAAU","myCases":"0x58643242","myOrgCases":"0x5cdd7aa9","newCase":"0x1dccd453","newCaseOwner":"0x67401dea","relatedAccId":"0x883c028","showCreateCase":false}|0x102f3311
05:45:31.0 (123123569)|SYSTEM_METHOD_EXIT|[70]|communityCaseMgmtController.__sfdc_accName()
05:45:31.0 (123149422)|SYSTEM_METHOD_ENTRY|[70]|Map<Id,String>.put(Object, Object)
05:45:31.0 (123154350)|HEAP_ALLOCATE|[EXTERNAL]|Bytes:-4
05:45:31.0 (123162700)|SYSTEM_METHOD_EXIT|[70]|Map<Id,String>.put(Object, Object)
05:45:31.0 (123165463)|STATEMENT_EXECUTE|[71]
05:45:31.0 (123169824)|HEAP_ALLOCATE|[71]|Bytes:4
05:45:31.0 (123379951)|SOQL_EXECUTE_BEGIN|[71]|Aggregations:0|SELECT CaseNumber, ContactEmail, ContactId, CreatedById, Description, Priority, Reason, Subject, origin, Issue_Type__c, accountid, status FROM Case WHERE accountid = :tmpVar1
05:45:31.0 (123386368)|LIMIT_USAGE|[71]|SOQL|7|100
05:45:31.0 (123391678)|LIMIT_USAGE|[71]|AGGS|0|300
05:45:31.0 (126671593)|SOQL_EXECUTE_END|[71]|Rows:5
05:45:31.0 (126677926)|LIMIT_USAGE|[71]|SOQL_ROWS|17|50000
05:45:31.0 (126686973)|HEAP_ALLOCATE|[71]|Bytes:24
05:45:31.0 (126707823)|HEAP_ALLOCATE|[71]|Bytes:2007
05:45:31.0 (126719475)|HEAP_ALLOCATE|[71]|Bytes:24
05:45:31.0 (126727947)|VARIABLE_SCOPE_BEGIN|[71]|ocase|List<Case>|true|false
05:45:31.0 (126787315)|VARIABLE_ASSIGNMENT|[71]|ocase|[{"CaseNumber":"00001207","ContactEmail":"neela@lightful.xyz","ContactId":"0039E000004AdCPQA0","CreatedById":"00524000005uNfKAAU","Description":"test community type  (9 more) ...","Priority":"Medium","Reason":"Lightful Community","Subject":"test community type  (4 more) ...","Origin":"Communities","Issue_Type__c":"Community issue","AccountId":"0019E000005FzZJQA0","Status":"New","Id":"5009E000001w1IMQAY","RecordTypeId":"012240000002nYhAAI"},{"CaseNumber":"00001206","ContactEmail":"neela@lightful.xyz","ContactId":"0039E000004AdCPQA0","CreatedById":"00524000005uNfKAAU","Description":"dummy test values\r\n\r (24 more) ...","Priority":"Medium","Reason":"Lightful Community","Subject":"Testing Vfpage case  (8 more) ...","Origin":"Communities","Issue_Type__c":"Community question","AccountId":"0019E000005FzZJQA0","Status":"New","Id":"5009E000001w1I2QAI","RecordTypeId":"012240000002nYhAAI"},{"CaseNumber":"00001205","ContactEmail":"neela@lightful.xyz","ContactId":"0039E000004AdCPQA0","CreatedById":"00524000005uNfKAAU","Description":"test case creation f (10 more) ...","Priority":"Medium","Reason":"Lightful Community","Subject":"Testing Vfpage","Origin":"Communities","Issue_Type__c":"Community issue","AccountId":"0019E000005FzZJQA0","Status":"New","Id":"5009E000001w1HiQAI","RecordTypeId":"012240000002nYhAAI"},{"CaseNumber":"00001204","ContactEmail":"neela@lightful.xyz","ContactId":"0039E000004AdCPQA0","CreatedById":"00524000005uNfKAAU","Description":"Testing community ca (15 more) ...","Priority":"Medium","Reason":"My Lightful Account","Subject":"Test","Origin":"Communities","Issue_Type__c":"Problems logging in","AccountId":"0019E000005FzZJQA0","Status":"New","Id":"5009E000001vvt0QAA","RecordTypeId":"012240000002nYhAAI"},{"CaseNumber":"00001203","ContactEmail":"neela@lightful.xyz","ContactId":"0039E000004AdCPQA0","CreatedById":"00524000005uNfKAAU","Description":"Testing community ca (2 more) ...","Priority":"Medium","Reason":"My Lightful Account","Subject":"Test","Origin":"Communities","Issue_Type__c":"Problems logging in","AccountId":"0019E000005FzZJQA0","Status":"New","Id":"5009E000001vvsbQAA","RecordTypeId":"012240000002nYhAAI"}]|0xd727353
05:45:31.0 (126801882)|STATEMENT_EXECUTE|[73]
05:45:31.0 (126809920)|SYSTEM_METHOD_ENTRY|[73]|communityCaseMgmtController.__sfdc_myOrgCases()
05:45:31.0 (126952158)|VARIABLE_ASSIGNMENT|[EXTERNAL]|this|{"accCaseCount":"0x688780aa","accName":"0x96e7742","con":"0x1bd35a94","conRelatedAccsList":"0x739c4730","currentUser":"0x75e4f8d3","currentUserId":"00524000005uNfKAAU","myCases":"0x58643242","myOrgCases":"0x5cdd7aa9","newCase":"0x1dccd453","newCaseOwner":"0x67401dea","relatedAccId":"0x883c028","showCreateCase":false}|0x102f3311
05:45:31.0 (126962880)|SYSTEM_METHOD_EXIT|[73]|communityCaseMgmtController.__sfdc_myOrgCases()
05:45:31.0 (126985716)|SYSTEM_METHOD_ENTRY|[73]|Map<Id,List<Case>>.put(Object, Object)
05:45:31.0 (126990786)|HEAP_ALLOCATE|[EXTERNAL]|Bytes:-4
05:45:31.0 (126999531)|SYSTEM_METHOD_EXIT|[73]|Map<Id,List<Case>>.put(Object, Object)
05:45:31.0 (127002121)|STATEMENT_EXECUTE|[76]
05:45:31.0 (127006285)|SYSTEM_METHOD_ENTRY|[76]|communityCaseMgmtController.__sfdc_accCaseCount()
05:45:31.0 (127123345)|VARIABLE_ASSIGNMENT|[EXTERNAL]|this|{"accCaseCount":"0x688780aa","accName":"0x96e7742","con":"0x1bd35a94","conRelatedAccsList":"0x739c4730","currentUser":"0x75e4f8d3","currentUserId":"00524000005uNfKAAU","myCases":"0x58643242","myOrgCases":"0x5cdd7aa9","newCase":"0x1dccd453","newCaseOwner":"0x67401dea","relatedAccId":"0x883c028","showCreateCase":false}|0x102f3311
05:45:31.0 (127131717)|SYSTEM_METHOD_EXIT|[76]|communityCaseMgmtController.__sfdc_accCaseCount()
05:45:31.0 (127141442)|SYSTEM_METHOD_ENTRY|[76]|List<Case>.size()
05:45:31.0 (127145162)|SYSTEM_METHOD_EXIT|[76]|List<Case>.size()
05:45:31.0 (127155470)|SYSTEM_METHOD_ENTRY|[76]|Map<Id,Integer>.put(Object, Object)
05:45:31.0 (127158343)|HEAP_ALLOCATE|[76]|Bytes:4
05:45:31.0 (127162839)|HEAP_ALLOCATE|[EXTERNAL]|Bytes:-4
05:45:31.0 (127169499)|SYSTEM_METHOD_EXIT|[76]|Map<Id,Integer>.put(Object, Object)
05:45:31.0 (127174575)|SYSTEM_METHOD_ENTRY|[67]|system.ListIterator.hasNext()
05:45:31.0 (127180938)|HEAP_ALLOCATE|[67]|Bytes:5
05:45:31.0 (127184737)|SYSTEM_METHOD_EXIT|[67]|system.ListIterator.hasNext()
05:45:31.0 (127193375)|VARIABLE_ASSIGNMENT|[67]|a|null|
05:45:31.0 (127196200)|STATEMENT_EXECUTE|[78]
05:45:31.0 (127199031)|HEAP_ALLOCATE|[78]|Bytes:12
05:45:31.0 (127204587)|SYSTEM_METHOD_ENTRY|[78]|communityCaseMgmtController.__sfdc_myOrgCases()
05:45:31.0 (127331927)|VARIABLE_ASSIGNMENT|[EXTERNAL]|this|{"accCaseCount":"0x688780aa","accName":"0x96e7742","con":"0x1bd35a94","conRelatedAccsList":"0x739c4730","currentUser":"0x75e4f8d3","currentUserId":"00524000005uNfKAAU","myCases":"0x58643242","myOrgCases":"0x5cdd7aa9","newCase":"0x1dccd453","newCaseOwner":"0x67401dea","relatedAccId":"0x883c028","showCreateCase":false}|0x102f3311
05:45:31.0 (127340732)|SYSTEM_METHOD_EXIT|[78]|communityCaseMgmtController.__sfdc_myOrgCases()
05:45:31.0 (127357165)|SYSTEM_METHOD_ENTRY|[78]|String.valueOf(Object)
05:45:31.0 (127574148)|HEAP_ALLOCATE|[78]|Bytes:2314
05:45:31.0 (127587534)|SYSTEM_METHOD_EXIT|[78]|String.valueOf(Object)
05:45:31.0 (127595585)|HEAP_ALLOCATE|[78]|Bytes:2326
05:45:31.0 (127605052)|SYSTEM_METHOD_ENTRY|[78]|System.debug(ANY)
05:45:31.0 (127609750)|USER_DEBUG|[78]|DEBUG|Org cases : {0019E000005FzZJQA0=(Case:{CaseNumber=00001207, ContactEmail=neela@lightful.xyz, ContactId=0039E000004AdCPQA0, CreatedById=00524000005uNfKAAU, Description=test community type case desc, Priority=Medium, Reason=Lightful Community, Subject=test community type case, Origin=Communities, Issue_Type__c=Community issue, AccountId=0019E000005FzZJQA0, Status=New, Id=5009E000001w1IMQAY, RecordTypeId=012240000002nYhAAI}, Case:{CaseNumber=00001206, ContactEmail=neela@lightful.xyz, ContactId=0039E000004AdCPQA0, CreatedById=00524000005uNfKAAU, Description=dummy test values

jhbn nkll;,;
cn nm m k, Priority=Medium, Reason=Lightful Community, Subject=Testing Vfpage case creation, Origin=Communities, Issue_Type__c=Community question, AccountId=0019E000005FzZJQA0, Status=New, Id=5009E000001w1I2QAI, RecordTypeId=012240000002nYhAAI}, Case:{CaseNumber=00001205, ContactEmail=neela@lightful.xyz, ContactId=0039E000004AdCPQA0, CreatedById=00524000005uNfKAAU, Description=test case creation from vfpage, Priority=Medium, Reason=Lightful Community, Subject=Testing Vfpage, Origin=Communities, Issue_Type__c=Community issue, AccountId=0019E000005FzZJQA0, Status=New, Id=5009E000001w1HiQAI, RecordTypeId=012240000002nYhAAI}, Case:{CaseNumber=00001204, ContactEmail=neela@lightful.xyz, ContactId=0039E000004AdCPQA0, CreatedById=00524000005uNfKAAU, Description=Testing community case dummy values, Priority=Medium, Reason=My Lightful Account, Subject=Test, Origin=Communities, Issue_Type__c=Problems logging in, AccountId=0019E000005FzZJQA0, Status=New, Id=5009E000001vvt0QAA, RecordTypeId=012240000002nYhAAI}, Case:{CaseNumber=00001203, ContactEmail=neela@lightful.xyz, ContactId=0039E000004AdCPQA0, CreatedById=00524000005uNfKAAU, Description=Testing community case, Priority=Medium, Reason=My Lightful Account, Subject=Test, Origin=Communities, Issue_Type__c=Problems logging in, AccountId=0019E000005FzZJQA0, Status=New, Id=5009E000001vvsbQAA, RecordTypeId=012240000002nYhAAI}), 0019E000006wqt7QAA=(Case:{CaseNumber=00001214, ContactEmail=services@lightful.com, ContactId=0039E0000037h4mQAA, CreatedById=00524000005uNfKAAU, Description=testing related acc case, Priority=Medium, Subject=testing related acc case, Origin=Web, AccountId=0019E000006wqt7QAA, Status=New, Id=5009E00000206zGQAQ, RecordTypeId=012240000002nYhAAI})}
05:45:31.0 (127627068)|SYSTEM_METHOD_EXIT|[78]|System.debug(ANY)
05:45:31.0 (127630364)|STATEMENT_EXECUTE|[81]
05:45:31.0 (127632889)|HEAP_ALLOCATE|[81]|Bytes:18
05:45:31.0 (127638476)|SYSTEM_METHOD_ENTRY|[81]|communityCaseMgmtController.__sfdc_accName()
05:45:31.0 (127772751)|VARIABLE_ASSIGNMENT|[EXTERNAL]|this|{"accCaseCount":"0x688780aa","accName":"0x96e7742","con":"0x1bd35a94","conRelatedAccsList":"0x739c4730","currentUser":"0x75e4f8d3","currentUserId":"00524000005uNfKAAU","myCases":"0x58643242","myOrgCases":"0x5cdd7aa9","newCase":"0x1dccd453","newCaseOwner":"0x67401dea","relatedAccId":"0x883c028","showCreateCase":false}|0x102f3311
05:45:31.0 (127781847)|SYSTEM_METHOD_EXIT|[81]|communityCaseMgmtController.__sfdc_accName()
05:45:31.0 (127797123)|SYSTEM_METHOD_ENTRY|[81]|String.valueOf(Object)
05:45:31.0 (127803673)|HEAP_ALLOCATE|[81]|Bytes:72
05:45:31.0 (127811448)|SYSTEM_METHOD_EXIT|[81]|String.valueOf(Object)
05:45:31.0 (127816056)|SYSTEM_METHOD_ENTRY|[81]|communityCaseMgmtController.__sfdc_accCaseCount()
05:45:31.0 (127930475)|VARIABLE_ASSIGNMENT|[EXTERNAL]|this|{"accCaseCount":"0x688780aa","accName":"0x96e7742","con":"0x1bd35a94","conRelatedAccsList":"0x739c4730","currentUser":"0x75e4f8d3","currentUserId":"00524000005uNfKAAU","myCases":"0x58643242","myOrgCases":"0x5cdd7aa9","newCase":"0x1dccd453","newCaseOwner":"0x67401dea","relatedAccId":"0x883c028","showCreateCase":false}|0x102f3311
05:45:31.0 (127938649)|SYSTEM_METHOD_EXIT|[81]|communityCaseMgmtController.__sfdc_accCaseCount()
05:45:31.0 (127951494)|SYSTEM_METHOD_ENTRY|[81]|String.valueOf(Object)
05:45:31.0 (127956949)|HEAP_ALLOCATE|[81]|Bytes:44
05:45:31.0 (127963586)|SYSTEM_METHOD_EXIT|[81]|String.valueOf(Object)
05:45:31.0 (127968505)|HEAP_ALLOCATE|[81]|Bytes:134
05:45:31.0 (127975711)|SYSTEM_METHOD_ENTRY|[81]|System.debug(ANY)
05:45:31.0 (127979690)|USER_DEBUG|[81]|DEBUG|Acc name and size {0019E000005FzZJQA0=neela@lightful.xyz, 0019E000006wqt7QAA=LightfulTest}{0019E000005FzZJQA0=5, 0019E000006wqt7QAA=1}
05:45:31.0 (127983138)|SYSTEM_METHOD_EXIT|[81]|System.debug(ANY)
05:45:31.0 (127995196)|VF_APEX_CALL_END|communityCaseMgmtController <init>
05:45:31.0 (128035591)|VF_APEX_CALL_START|[EXTERNAL]|01p9E000000Dmpd|communityCaseMgmtController get(myCases)
05:45:31.0 (128041623)|SYSTEM_MODE_ENTER|true
05:45:31.0 (128049949)|VF_APEX_CALL_START|[EXTERNAL]|01p9E000000Dmpd|myCases
05:45:31.0 (128056758)|VF_APEX_CALL_END|myCases
05:45:31.0 (128064568)|VF_APEX_CALL_END|communityCaseMgmtController get(myCases)
05:45:31.0 (128922002)|VF_APEX_CALL_START|[EXTERNAL]|01p9E000000Dmpd|communityCaseMgmtController get(relatedAccId)
05:45:31.0 (128928720)|SYSTEM_MODE_ENTER|true
05:45:31.0 (128935417)|VF_APEX_CALL_START|[EXTERNAL]|01p9E000000Dmpd|relatedAccId
05:45:31.0 (128943303)|VF_APEX_CALL_END|relatedAccId
05:45:31.0 (128955848)|VF_APEX_CALL_END|communityCaseMgmtController get(relatedAccId)
05:45:31.0 (129058772)|VF_EVALUATE_FORMULA_BEGIN|0669E000000Cv0R|#{myOrgCases[accid]}
05:45:31.0 (129116250)|VF_APEX_CALL_START|[EXTERNAL]|01p9E000000Dmpd|communityCaseMgmtController get(myOrgCases)
05:45:31.0 (129121374)|SYSTEM_MODE_ENTER|true
05:45:31.0 (129126604)|VF_APEX_CALL_START|[EXTERNAL]|01p9E000000Dmpd|myOrgCases
05:45:31.0 (129134058)|VF_APEX_CALL_END|myOrgCases
05:45:31.0 (129144012)|VF_APEX_CALL_END|communityCaseMgmtController get(myOrgCases)
05:45:31.0 (129174754)|VF_EVALUATE_FORMULA_END
05:45:31.0 (129186607)|VF_EVALUATE_FORMULA_BEGIN|0669E000000Cv0R|#{myOrgCases[accid]}
05:45:31.0 (129202927)|VF_EVALUATE_FORMULA_END
05:45:31.0 (129207149)|VF_EVALUATE_FORMULA_BEGIN|0669E000000Cv0R|#{myOrgCases[accid]}
05:45:31.0 (129217939)|VF_EVALUATE_FORMULA_END
05:45:31.0 (129237431)|VF_EVALUATE_FORMULA_BEGIN|0669E000000Cv0R|#{myOrgCases[accid]}
05:45:31.0 (129251104)|VF_EVALUATE_FORMULA_END
05:45:31.0 (129255368)|VF_EVALUATE_FORMULA_BEGIN|0669E000000Cv0R|#{myOrgCases[accid]}
05:45:31.0 (129265294)|VF_EVALUATE_FORMULA_END
05:45:31.0 (129363395)|VF_EVALUATE_FORMULA_BEGIN|0669E000000Cv0R|#{myOrgCases[accid]}
05:45:31.0 (129383616)|VF_EVALUATE_FORMULA_END
05:45:31.0 (129390720)|VF_EVALUATE_FORMULA_BEGIN|0669E000000Cv0R|#{myOrgCases[accid]}
05:45:31.0 (129403766)|VF_EVALUATE_FORMULA_END
05:45:31.0 (129407359)|VF_EVALUATE_FORMULA_BEGIN|0669E000000Cv0R|#{myOrgCases[accid]}
05:45:31.0 (129419048)|VF_EVALUATE_FORMULA_END
05:45:31.0 (129434359)|VF_EVALUATE_FORMULA_BEGIN|0669E000000Cv0R|#{myOrgCases[accid]}
05:45:31.0 (129448464)|VF_EVALUATE_FORMULA_END
05:45:31.0 (129452295)|VF_EVALUATE_FORMULA_BEGIN|0669E000000Cv0R|#{myOrgCases[accid]}
05:45:31.0 (129463949)|VF_EVALUATE_FORMULA_END
05:45:31.0 (129786898)|VF_APEX_CALL_START|[EXTERNAL]|01p9E000000Dmpd|communityCaseMgmtController get(newcaseOwner)
05:45:31.0 (129793055)|SYSTEM_MODE_ENTER|true
05:45:31.0 (129798483)|VF_APEX_CALL_START|[EXTERNAL]|01p9E000000Dmpd|newcaseOwner
05:45:31.0 (129806228)|VF_APEX_CALL_END|newcaseOwner
05:45:31.0 (129817518)|VF_APEX_CALL_END|communityCaseMgmtController get(newcaseOwner)
05:45:31.0 (131332769)|VF_APEX_CALL_START|[EXTERNAL]|01p9E000000Dmpd|communityCaseMgmtController get(newCase)
05:45:31.0 (131340312)|SYSTEM_MODE_ENTER|true
05:45:31.0 (131347416)|VF_APEX_CALL_START|[EXTERNAL]|01p9E000000Dmpd|newCase
05:45:31.0 (131356438)|VF_APEX_CALL_END|newCase
05:45:31.0 (131367729)|VF_APEX_CALL_END|communityCaseMgmtController get(newCase)
05:45:31.0 (132976640)|VF_EVALUATE_FORMULA_BEGIN|0669E000000Cv0R|#{URLFOR($Resource.Bootstrap337, 'bootstrap-3.3.7-dist/css/bootstrap.min.css')}
05:45:31.0 (133209669)|VF_EVALUATE_FORMULA_END
05:45:31.0 (133227917)|VF_EVALUATE_FORMULA_BEGIN|0669E000000Cv0R|#{URLFOR($Resource.Bootstrap337, 'bootstrap-3.3.7-dist/css/bootstrap.min.css')}
05:45:31.0 (133245582)|VF_EVALUATE_FORMULA_END
05:45:31.0 (133255714)|VF_EVALUATE_FORMULA_BEGIN|0669E000000Cv0R|#{URLFOR($Resource.Bootstrap337, 'bootstrap-3.3.7-dist/js/bootstrap.min.js')}
05:45:31.0 (133273618)|VF_EVALUATE_FORMULA_END
05:45:31.133 (133391487)|VF_APEX_CALL_START|[EXTERNAL]|/apexpage/pagemessagescomponentcontroller.apex set(conEscape,null)
05:45:31.133 (133407007)|SYSTEM_MODE_ENTER|true
05:45:31.133 (133416908)|VF_APEX_CALL_START|[EXTERNAL]|PageMessagesComponentController set(conEscape,null)
05:45:31.133 (133436273)|VF_APEX_CALL_START|[EXTERNAL]|PageMessagesComponentController invoke(setconEscape)
05:45:31.133 (133460381)|HEAP_ALLOCATE|[EXTERNAL]|Bytes:8
05:45:31.133 (133466203)|VARIABLE_SCOPE_BEGIN|[88]|this|ApexPage.PageMessagesComponentController|true|false
05:45:31.133 (133485004)|VARIABLE_ASSIGNMENT|[88]|this|{}|0x4a3c5ecb
05:45:31.133 (133487700)|VARIABLE_SCOPE_BEGIN|[88]|escape|Boolean|false|false
05:45:31.133 (133490771)|VARIABLE_ASSIGNMENT|[88]|escape|null
05:45:31.133 (133593300)|VF_APEX_CALL_START|[EXTERNAL]|/apexpage/pagemessagescomponentcontroller.apex get(severities)
05:45:31.133 (133602593)|SYSTEM_MODE_ENTER|true
05:45:31.133 (133611566)|VF_APEX_CALL_START|[EXTERNAL]|PageMessagesComponentController invoke(getseverities)
05:45:31.133 (133631567)|HEAP_ALLOCATE|[EXTERNAL]|Bytes:8
05:45:31.133 (133636244)|VARIABLE_SCOPE_BEGIN|[2]|this|ApexPage.PageMessagesComponentController|true|false
05:45:31.133 (133649034)|VARIABLE_ASSIGNMENT|[2]|this|{}|0x4a3c5ecb
05:45:31.0 (134042719)|VF_EVALUATE_FORMULA_BEGIN|0669E000000Cv0R|#{if(showCreateCase == false,  "block", "none")}
05:45:31.0 (134082936)|VF_APEX_CALL_START|[EXTERNAL]|01p9E000000Dmpd|communityCaseMgmtController get(showCreateCase)
05:45:31.0 (134088420)|SYSTEM_MODE_ENTER|true
05:45:31.0 (134094762)|VF_APEX_CALL_START|[EXTERNAL]|01p9E000000Dmpd|showCreateCase
05:45:31.0 (134102882)|VF_APEX_CALL_END|showCreateCase
05:45:31.0 (134113761)|VF_APEX_CALL_END|communityCaseMgmtController get(showCreateCase)
05:45:31.0 (134125935)|VF_EVALUATE_FORMULA_END
05:45:31.0 (134753882)|VF_EVALUATE_FORMULA_BEGIN|0669E000000Cv0R|#{if(showCreateCase == true,  "block", "none")}
05:45:31.0 (134788483)|VF_EVALUATE_FORMULA_END
05:45:31.0 (134998276)|VF_EVALUATE_FORMULA_BEGIN|0669E000000Cv0R|#{if(showCreateCase == false,  "block", "none")}
05:45:31.0 (135021160)|VF_EVALUATE_FORMULA_END
05:45:31.0 (141291634)|VF_EVALUATE_FORMULA_BEGIN|0669E000000Cv0R|#{if(showCreateCase == false,  "block", "none")}
05:45:31.0 (141317283)|VF_EVALUATE_FORMULA_END
05:45:31.0 (141376847)|VF_EVALUATE_FORMULA_BEGIN|0669E000000Cv0R|#{if(accCaseCount[accid] > 0,  "block", "none")}
05:45:31.0 (141424721)|VF_APEX_CALL_START|[EXTERNAL]|01p9E000000Dmpd|communityCaseMgmtController get(accCaseCount)
05:45:31.0 (141430530)|SYSTEM_MODE_ENTER|true
05:45:31.0 (141436984)|VF_APEX_CALL_START|[EXTERNAL]|01p9E000000Dmpd|accCaseCount
05:45:31.0 (141446212)|VF_APEX_CALL_END|accCaseCount
05:45:31.0 (141458313)|VF_APEX_CALL_END|communityCaseMgmtController get(accCaseCount)
05:45:31.0 (141481174)|VF_EVALUATE_FORMULA_END
05:45:31.0 (141492412)|VF_EVALUATE_FORMULA_BEGIN|0669E000000Cv0R|#{accName[accid]}
05:45:31.0 (141527608)|VF_APEX_CALL_START|[EXTERNAL]|01p9E000000Dmpd|communityCaseMgmtController get(accName)
05:45:31.0 (141532236)|SYSTEM_MODE_ENTER|true
05:45:31.0 (141536644)|VF_APEX_CALL_START|[EXTERNAL]|01p9E000000Dmpd|accName
05:45:31.0 (141543489)|VF_APEX_CALL_END|accName
05:45:31.0 (141551937)|VF_APEX_CALL_END|communityCaseMgmtController get(accName)
05:45:31.0 (141567398)|VF_EVALUATE_FORMULA_END
05:45:31.0 (141600113)|VF_EVALUATE_FORMULA_BEGIN|0669E000000Cv0R|#{myOrgCases[accid]}
05:45:31.0 (141618669)|VF_EVALUATE_FORMULA_END
05:45:31.0 (141627476)|VF_EVALUATE_FORMULA_BEGIN|0669E000000Cv0R|#{myOrgCases[accid]}
05:45:31.0 (141639272)|VF_EVALUATE_FORMULA_END
05:45:31.0 (142731578)|VF_EVALUATE_FORMULA_BEGIN|0669E000000Cv0R|#{if(accCaseCount[accid] > 0,  "block", "none")}
05:45:31.0 (142760820)|VF_EVALUATE_FORMULA_END
05:45:31.0 (142769098)|VF_EVALUATE_FORMULA_BEGIN|0669E000000Cv0R|#{accName[accid]}
05:45:31.0 (142782580)|VF_EVALUATE_FORMULA_END
05:45:31.0 (142800766)|VF_EVALUATE_FORMULA_BEGIN|0669E000000Cv0R|#{myOrgCases[accid]}
05:45:31.0 (142818224)|VF_EVALUATE_FORMULA_END
05:45:31.0 (142822658)|VF_EVALUATE_FORMULA_BEGIN|0669E000000Cv0R|#{myOrgCases[accid]}
05:45:31.0 (142835247)|VF_EVALUATE_FORMULA_END
05:45:31.0 (147806585)|VF_EVALUATE_FORMULA_BEGIN|0669E000000Cv0R|#{if(showCreateCase == true,  "block", "none")}
05:45:31.0 (147831155)|VF_EVALUATE_FORMULA_END
05:45:31.0 (151803118)|VF_SERIALIZE_VIEWSTATE_BEGIN|0669E000000Cv0R
05:45:31.0 (156168255)|VF_SERIALIZE_VIEWSTATE_END
05:45:31.0 (157372460)|VF_EVALUATE_FORMULA_BEGIN|0669E000000Cv0R|#{myOrgCases[accid]}
05:45:31.0 (157396945)|VF_EVALUATE_FORMULA_END
05:45:31.0 (157402814)|VF_EVALUATE_FORMULA_BEGIN|0669E000000Cv0R|#{myOrgCases[accid]}
05:45:31.0 (157415758)|VF_EVALUATE_FORMULA_END
05:45:31.0 (157455414)|VF_EVALUATE_FORMULA_BEGIN|0669E000000Cv0R|#{myOrgCases[accid]}
05:45:31.0 (157471714)|VF_EVALUATE_FORMULA_END
05:45:31.0 (157476108)|VF_EVALUATE_FORMULA_BEGIN|0669E000000Cv0R|#{myOrgCases[accid]}
05:45:31.0 (157488106)|VF_EVALUATE_FORMULA_END
05:45:31.0 (157502526)|VF_EVALUATE_FORMULA_BEGIN|0669E000000Cv0R|#{myOrgCases[accid]}
05:45:31.0 (157516391)|VF_EVALUATE_FORMULA_END
05:45:31.0 (157520465)|VF_EVALUATE_FORMULA_BEGIN|0669E000000Cv0R|#{myOrgCases[accid]}
05:45:31.0 (157532688)|VF_EVALUATE_FORMULA_END
05:45:31.158 (158839775)|CUMULATIVE_LIMIT_USAGE
05:45:31.158 (158839775)|LIMIT_USAGE_FOR_NS|(default)|
  Number of SOQL queries: 7 out of 100
  Number of query rows: 17 out of 50000
  Number of SOSL queries: 0 out of 20
  Number of DML statements: 0 out of 150
  Number of DML rows: 0 out of 10000
  Maximum CPU time: 0 out of 10000
  Maximum heap size: 0 out of 6000000
  Number of callouts: 0 out of 100
  Number of Email Invocations: 0 out of 10
  Number of future calls: 0 out of 50
  Number of queueable jobs added to the queue: 0 out of 50
  Number of Mobile Apex push calls: 0 out of 10

05:45:31.158 (158839775)|TOTAL_EMAIL_RECIPIENTS_QUEUED|0
05:45:31.158 (158839775)|STATIC_VARIABLE_LIST|
  char[]:DigitTens:0
  long:serialVersionUID:0
  long:serialVersionUID:0
  String:_sfdcAdditionalCodeLocations:0
  String:_sfdcAdditionalCodeLocations:0
  double:MAX_VALUE:0
  Boolean:FALSE:0
  long:serialVersionUID:0
  String:__sfdcInnerTypes:0
  String:_sfdcSuppressedCodeLocations:0
  double:MIN_VALUE:0
  int:SIZE:0
  double:NEGATIVE_INFINITY:0
  int:MAX_VALUE:0
  String:_sfdcAdditionalCodeLocations:0
  char[]:digits:0
  double:NaN:0
  Boolean:TRUE:0
  int:MIN_VALUE:0
  char[]:DigitOnes:0
  int:BYTES:0
  int:MIN_EXPONENT:0
  int[]:sizeTable:0
  int:MAX_EXPONENT:0
  String:_sfdcAdditionalCodeLocations:0
  String:__sfdcProperties:0
  int:SIZE:0
  double:POSITIVE_INFINITY:0
  double:MIN_NORMAL:0
  int:BYTES:0

05:45:31.158 (158839775)|CUMULATIVE_LIMIT_USAGE_END

05:45:31.0 (158965850)|CODE_UNIT_FINISHED|VF: /apex/communityCaseMgmt
05:45:31.0 (159778442)|EXECUTION_FINISHED
05:45:31.161 (161257573)|CUMULATIVE_PROFILING_BEGIN
05:45:31.161 (161257573)|CUMULATIVE_PROFILING|SOQL operations|
Class.communityCaseMgmtController.<init>: line 71, column 1: [SELECT CaseNumber,ContactEmail,ContactId,CreatedById,Description,Priority,Reason,Subject,origin,Issue_Type__c,accountid,status FROM Case where accountid= :a.accountid]: executed 2 times in 17 ms
Class.communityCaseMgmtController.<init>: line 69, column 1: [select id,name from account where id =:a.accountid]: executed 2 times in 8 ms
Class.communityCaseMgmtController.<init>: line 51, column 1: [SELECT AccountId,ContactId,IsActive,IsDirect,Roles FROM AccountContactRelation WHERE ContactId = '0039E000004AdCP']: executed 2 times in 7 ms

05:45:31.161 (161257573)|CUMULATIVE_PROFILING|No profiling information for SOSL operations
05:45:31.161 (161257573)|CUMULATIVE_PROFILING|No profiling information for DML operations
05:45:31.161 (161257573)|CUMULATIVE_PROFILING|method invocations|
External entry point: public void <init>(): executed 1 time in 67 ms
Class.communityCaseMgmtController.<init>: line 55, column 1: public Id __sfdc_currentUserId(): executed 3 times in 23 ms
Class.communityCaseMgmtController.<init>: line 24, column 1: public Id __sfdc_currentUserId(): executed 3 times in 3 ms
Class.communityCaseMgmtController.<init>: line 67, column 1: public List<AccountContactRelation> __sfdc_conRelatedAccsList(): executed 5 times in 1 ms
Class.communityCaseMgmtController.<init>: line 73, column 1: public Map<Id,List<Case>> __sfdc_myOrgCases(): executed 4 times in 1 ms
Class.communityCaseMgmtController.<init>: line 76, column 1: public Map<Id,Integer> __sfdc_accCaseCount(): executed 6 times in 1 ms
Class.communityCaseMgmtController.<init>: line 81, column 1: public Map<Id,String> __sfdc_accName(): executed 5 times in 1 ms
Class.communityCaseMgmtController.<init>: line 23, column 1: global static String getUserId(): executed 2 times in 1 ms
Class.communityCaseMgmtController.<init>: line 58, column 1: global public List<Id>(): executed 2 times in 1 ms
Class.communityCaseMgmtController.<init>: line 64, column 1: public List<AccountContactRelation> __sfdc_conRelatedAccsList(): executed 2 times in 0 ms
Class.communityCaseMgmtController.<init>: line 68, column 1: public List<Id> __sfdc_relatedAccId(): executed 4 times in 0 ms

05:45:31.161 (161257573)|CUMULATIVE_PROFILING_END
