39.0 APEX_CODE,FINEST;APEX_PROFILING,FINEST;CALLOUT,FINEST;DB,FINEST;SYSTEM,FINE;VALIDATION,INFO;VISUALFORCE,FINER;WAVE,INFO;WORKFLOW,FINER
23:52:56.0 (289139)|USER_INFO|[EXTERNAL]|00524000005uNfK|neela@lightful.com.commundev|Line Is. Time|GMT+14:00
23:52:56.0 (310747)|EXECUTION_STARTED
23:52:56.0 (313861)|CODE_UNIT_STARTED|[EXTERNAL]|0669E000000Cv0R|VF: /apex/communityCaseMgmt
23:52:56.0 (827371)|VF_DESERIALIZE_VIEWSTATE_BEGIN|0669E000000Cv0R
23:52:56.0 (6313450)|HEAP_ALLOCATE|[72]|Bytes:3
23:52:56.0 (6342510)|HEAP_ALLOCATE|[77]|Bytes:152
23:52:56.0 (6355424)|HEAP_ALLOCATE|[342]|Bytes:408
23:52:56.0 (6370013)|HEAP_ALLOCATE|[355]|Bytes:408
23:52:56.0 (6382789)|HEAP_ALLOCATE|[467]|Bytes:48
23:52:56.0 (6405348)|HEAP_ALLOCATE|[139]|Bytes:6
23:52:56.0 (7649437)|HEAP_ALLOCATE|[50]|Bytes:5
23:52:56.0 (7670244)|HEAP_ALLOCATE|[56]|Bytes:5
23:52:56.0 (7677620)|HEAP_ALLOCATE|[64]|Bytes:7
23:52:56.0 (10694548)|VF_DESERIALIZE_VIEWSTATE_END
23:52:56.14 (14200653)|VF_APEX_CALL_START|[EXTERNAL]|/apexpage/pagemessagescomponentcontroller.apex get(severities)
23:52:56.14 (14218476)|SYSTEM_MODE_ENTER|true
23:52:56.14 (14240727)|VF_APEX_CALL_START|[EXTERNAL]|PageMessagesComponentController invoke(getseverities)
23:52:56.14 (14267843)|HEAP_ALLOCATE|[EXTERNAL]|Bytes:38
23:52:56.14 (14275167)|HEAP_ALLOCATE|[EXTERNAL]|Bytes:7
23:52:56.14 (14283729)|SYSTEM_METHOD_ENTRY|[1]|PageMessagesComponentController.PageMessagesComponentController()
23:52:56.14 (14287266)|STATEMENT_EXECUTE|[1]
23:52:56.14 (14957448)|VF_APEX_CALL_START|[EXTERNAL]|/apexpage/pagemessagescomponentcontroller.apex set(conEscape,null)
23:52:56.14 (14965492)|SYSTEM_MODE_ENTER|true
23:52:56.14 (14974706)|VF_APEX_CALL_START|[EXTERNAL]|PageMessagesComponentController set(conEscape,null)
23:52:56.14 (14991702)|VF_APEX_CALL_START|[EXTERNAL]|PageMessagesComponentController invoke(setconEscape)
23:52:56.14 (15010018)|HEAP_ALLOCATE|[EXTERNAL]|Bytes:8
23:52:56.14 (15015152)|VARIABLE_SCOPE_BEGIN|[88]|this|ApexPage.PageMessagesComponentController|true|false
23:52:56.14 (15045751)|VARIABLE_ASSIGNMENT|[88]|this|{}|0x41923edf
23:52:56.14 (15048473)|VARIABLE_SCOPE_BEGIN|[88]|escape|Boolean|false|false
23:52:56.14 (15052801)|VARIABLE_ASSIGNMENT|[88]|escape|null
23:52:56.0 (15184089)|VF_APEX_CALL_START|[EXTERNAL]|01p9E000000Dmpd|communityCaseMgmtController get(myCases)
23:52:56.0 (15189986)|SYSTEM_MODE_ENTER|true
23:52:56.0 (15198782)|VF_APEX_CALL_START|[EXTERNAL]|01p9E000000Dmpd|myCases
23:52:56.0 (15208321)|HEAP_ALLOCATE|[EXTERNAL]|Bytes:412
23:52:56.0 (15217287)|HEAP_ALLOCATE|[EXTERNAL]|Bytes:76
23:52:56.0 (15220265)|HEAP_ALLOCATE|[EXTERNAL]|Bytes:27
23:52:56.0 (15226347)|METHOD_ENTRY|[1]|01p9E000000Dmpd|communityCaseMgmtController.communityCaseMgmtController()
23:52:56.0 (15229118)|STATEMENT_EXECUTE|[1]
23:52:56.0 (15231920)|STATEMENT_EXECUTE|[1]
23:52:56.0 (15235192)|METHOD_EXIT|[1]|communityCaseMgmtController
23:52:56.0 (15242185)|VF_APEX_CALL_END|myCases
23:52:56.0 (15253628)|VF_APEX_CALL_END|communityCaseMgmtController get(myCases)
23:52:56.0 (15496977)|VF_APEX_CALL_START|[EXTERNAL]|01p9E000000Dmpd|communityCaseMgmtController get(relatedAccId)
23:52:56.0 (15502332)|SYSTEM_MODE_ENTER|true
23:52:56.0 (15507242)|VF_APEX_CALL_START|[EXTERNAL]|01p9E000000Dmpd|relatedAccId
23:52:56.0 (15515133)|VF_APEX_CALL_END|relatedAccId
23:52:56.0 (15524333)|VF_APEX_CALL_END|communityCaseMgmtController get(relatedAccId)
23:52:56.0 (15608081)|VF_EVALUATE_FORMULA_BEGIN|0669E000000Cv0R|#{myOrgCases[accid]}
23:52:56.0 (15658408)|VF_APEX_CALL_START|[EXTERNAL]|01p9E000000Dmpd|communityCaseMgmtController get(myOrgCases)
23:52:56.0 (15662687)|SYSTEM_MODE_ENTER|true
23:52:56.0 (15667204)|VF_APEX_CALL_START|[EXTERNAL]|01p9E000000Dmpd|myOrgCases
23:52:56.0 (15674247)|VF_APEX_CALL_END|myOrgCases
23:52:56.0 (15682905)|VF_APEX_CALL_END|communityCaseMgmtController get(myOrgCases)
23:52:56.0 (15762397)|VF_EVALUATE_FORMULA_END
23:52:56.0 (15771697)|VF_EVALUATE_FORMULA_BEGIN|0669E000000Cv0R|#{myOrgCases[accid]}
23:52:56.0 (15789196)|VF_EVALUATE_FORMULA_END
23:52:56.0 (15858311)|VF_EVALUATE_FORMULA_BEGIN|0669E000000Cv0R|#{myOrgCases[accid]}
23:52:56.0 (15889853)|VF_EVALUATE_FORMULA_END
23:52:56.0 (15895047)|VF_EVALUATE_FORMULA_BEGIN|0669E000000Cv0R|#{myOrgCases[accid]}
23:52:56.0 (15908317)|VF_EVALUATE_FORMULA_END
23:52:56.0 (16122036)|VF_APEX_CALL_START|[EXTERNAL]|01p9E000000Dmpd|communityCaseMgmtController get(newcaseOwner)
23:52:56.0 (16128210)|SYSTEM_MODE_ENTER|true
23:52:56.0 (16133716)|VF_APEX_CALL_START|[EXTERNAL]|01p9E000000Dmpd|newcaseOwner
23:52:56.0 (16141538)|VF_APEX_CALL_END|newcaseOwner
23:52:56.0 (16151600)|VF_APEX_CALL_END|communityCaseMgmtController get(newcaseOwner)
23:52:56.0 (19750427)|VF_APEX_CALL_START|[EXTERNAL]|01p9E000000Dmpd|communityCaseMgmtController get(newCase)
23:52:56.0 (19757371)|SYSTEM_MODE_ENTER|true
23:52:56.0 (19763457)|VF_APEX_CALL_START|[EXTERNAL]|01p9E000000Dmpd|newCase
23:52:56.0 (19772641)|VF_APEX_CALL_END|newCase
23:52:56.0 (19783262)|VF_APEX_CALL_END|communityCaseMgmtController get(newCase)
23:52:56.0 (22953719)|VF_EVALUATE_FORMULA_BEGIN|0669E000000Cv0R|#{myOrgCases[accid]}
23:52:56.0 (22989048)|VF_EVALUATE_FORMULA_END
23:52:56.0 (22995636)|VF_EVALUATE_FORMULA_BEGIN|0669E000000Cv0R|#{myOrgCases[accid]}
23:52:56.0 (23007219)|VF_EVALUATE_FORMULA_END
23:52:56.24 (24156482)|VF_APEX_CALL_START|[EXTERNAL]|/apexpage/pagemessagescomponentcontroller.apex set(conEscape,null)
23:52:56.24 (24166162)|SYSTEM_MODE_ENTER|true
23:52:56.24 (24175293)|VF_APEX_CALL_START|[EXTERNAL]|PageMessagesComponentController set(conEscape,null)
23:52:56.24 (24194468)|VF_APEX_CALL_START|[EXTERNAL]|PageMessagesComponentController invoke(setconEscape)
23:52:56.24 (24219656)|HEAP_ALLOCATE|[EXTERNAL]|Bytes:8
23:52:56.24 (24226715)|VARIABLE_SCOPE_BEGIN|[88]|this|ApexPage.PageMessagesComponentController|true|false
23:52:56.24 (24253079)|VARIABLE_ASSIGNMENT|[88]|this|{}|0x41923edf
23:52:56.24 (24255897)|VARIABLE_SCOPE_BEGIN|[88]|escape|Boolean|false|false
23:52:56.24 (24259791)|VARIABLE_ASSIGNMENT|[88]|escape|null
23:52:56.0 (25000308)|VF_APEX_CALL_START|[EXTERNAL]|communityCaseMgmtController set(qViewCaseId,5009E000001w1IMQAY)
23:52:56.0 (25006425)|SYSTEM_MODE_ENTER|true
23:52:56.0 (25012236)|VF_APEX_CALL_START|[EXTERNAL]|communityCaseMgmtController set(qViewCaseId,5009E000001w1IMQAY)
23:52:56.0 (25025018)|HEAP_ALLOCATE|[EXTERNAL]|Bytes:4
23:52:56.0 (25028358)|HEAP_ALLOCATE|[EXTERNAL]|Bytes:72
23:52:56.0 (25135247)|VARIABLE_ASSIGNMENT|[EXTERNAL]|this.qViewCaseId|"5009E000001w1IMQAY"|0x3be2724d
23:52:56.0 (25141988)|VF_APEX_CALL_END|communityCaseMgmtController set(qViewCaseId,5009E000001w1IMQAY)
23:52:56.0 (25155411)|VF_APEX_CALL_END|communityCaseMgmtController set(qViewCaseId,5009E000001w1IMQAY)
23:52:56.0 (25397758)|VF_APEX_CALL_START|[EXTERNAL]|01p9E000000Dmpd|communityCaseMgmtController invoke(quickViewCase)
23:52:56.0 (25417488)|HEAP_ALLOCATE|[EXTERNAL]|Bytes:72
23:52:56.0 (25422496)|VARIABLE_SCOPE_BEGIN|[137]|this|communityCaseMgmtController|true|false
23:52:56.0 (25586622)|VARIABLE_ASSIGNMENT|[137]|this|{"accCaseCount":"0x34ffd806","accName":"0x4aabf9ca","con":"0x599a4af9","conRelatedAccsList":"0x5f8d6bd7","currentUser":"0x1578a7c8","currentUserId":"00524000005uNfKAAU","myCases":"0x86904","myOrgCases":"0x880f091","newCase":"0xbce267e","newCaseOwner":"0x3fa92703","qViewCaseId":"5009E000001w1IMQAY","relatedAccId":"0x5ef0cf67","showCreateCase":false}|0x3be2724d
23:52:56.0 (25597161)|STATEMENT_EXECUTE|[138]
23:52:56.0 (25598947)|STATEMENT_EXECUTE|[139]
23:52:56.0 (25602106)|HEAP_ALLOCATE|[139]|Bytes:19
23:52:56.0 (25617935)|SYSTEM_METHOD_ENTRY|[139]|communityCaseMgmtController.__sfdc_qViewCaseId()
23:52:56.0 (25744669)|VARIABLE_ASSIGNMENT|[EXTERNAL]|this|{"accCaseCount":"0x34ffd806","accName":"0x4aabf9ca","con":"0x599a4af9","conRelatedAccsList":"0x5f8d6bd7","currentUser":"0x1578a7c8","currentUserId":"00524000005uNfKAAU","myCases":"0x86904","myOrgCases":"0x880f091","newCase":"0xbce267e","newCaseOwner":"0x3fa92703","qViewCaseId":"5009E000001w1IMQAY","relatedAccId":"0x5ef0cf67","showCreateCase":false}|0x3be2724d
23:52:56.0 (25756825)|SYSTEM_METHOD_EXIT|[139]|communityCaseMgmtController.__sfdc_qViewCaseId()
23:52:56.0 (25789092)|SYSTEM_METHOD_ENTRY|[139]|String.valueOf(Object)
23:52:56.0 (25794343)|HEAP_ALLOCATE|[139]|Bytes:18
23:52:56.0 (25802609)|SYSTEM_METHOD_EXIT|[139]|String.valueOf(Object)
23:52:56.0 (25810507)|HEAP_ALLOCATE|[139]|Bytes:37
23:52:56.0 (25828360)|SYSTEM_METHOD_ENTRY|[139]|System.debug(ANY)
23:52:56.0 (25835412)|USER_DEBUG|[139]|DEBUG|viewing the case : 5009E000001w1IMQAY
23:52:56.0 (25839310)|SYSTEM_METHOD_EXIT|[139]|System.debug(ANY)
23:52:56.0 (25842081)|STATEMENT_EXECUTE|[140]
23:52:56.0 (25844699)|HEAP_ALLOCATE|[140]|Bytes:117
23:52:56.0 (25854562)|HEAP_ALLOCATE|[140]|Bytes:4
23:52:56.0 (25863387)|HEAP_ALLOCATE|[140]|Bytes:7
23:52:56.0 (25868168)|SYSTEM_METHOD_ENTRY|[140]|communityCaseMgmtController.__sfdc_qViewCaseId()
23:52:56.0 (25991968)|VARIABLE_ASSIGNMENT|[EXTERNAL]|this|{"accCaseCount":"0x34ffd806","accName":"0x4aabf9ca","con":"0x599a4af9","conRelatedAccsList":"0x5f8d6bd7","currentUser":"0x1578a7c8","currentUserId":"00524000005uNfKAAU","myCases":"0x86904","myOrgCases":"0x880f091","newCase":"0xbce267e","newCaseOwner":"0x3fa92703","qViewCaseId":"5009E000001w1IMQAY","relatedAccId":"0x5ef0cf67","showCreateCase":false}|0x3be2724d
23:52:56.0 (26001419)|SYSTEM_METHOD_EXIT|[140]|communityCaseMgmtController.__sfdc_qViewCaseId()
23:52:56.0 (26216332)|SOQL_EXECUTE_BEGIN|[140]|Aggregations:0|SELECT id, reason, subject, status, CaseNumber, Issue_Type__c, CreatedById, Description FROM case WHERE id = :tmpVar1
23:52:56.0 (26224477)|LIMIT_USAGE|[140]|SOQL|1|100
23:52:56.0 (26232537)|LIMIT_USAGE|[140]|AGGS|0|300
23:52:56.0 (31241646)|SOQL_EXECUTE_END|[140]|Rows:1
23:52:56.0 (31248662)|LIMIT_USAGE|[140]|SOQL_ROWS|1|50000
23:52:56.0 (31261448)|HEAP_ALLOCATE|[140]|Bytes:8
23:52:56.0 (31270962)|HEAP_ALLOCATE|[140]|Bytes:270
23:52:56.0 (31302338)|HEAP_ALLOCATE|[140]|Bytes:8
23:52:56.0 (31311387)|HEAP_ALLOCATE|[140]|Bytes:30
23:52:56.0 (31373221)|HEAP_ALLOCATE|[140]|Bytes:40
23:52:56.0 (31389455)|SYSTEM_METHOD_ENTRY|[140]|communityCaseMgmtController.__sfdc_qViewcase(Case)
23:52:56.0 (31581362)|VARIABLE_ASSIGNMENT|[EXTERNAL]|this|{"accCaseCount":"0x34ffd806","accName":"0x4aabf9ca","con":"0x599a4af9","conRelatedAccsList":"0x5f8d6bd7","currentUser":"0x1578a7c8","currentUserId":"00524000005uNfKAAU","myCases":"0x86904","myOrgCases":"0x880f091","newCase":"0xbce267e","newCaseOwner":"0x3fa92703","qViewCaseId":"5009E000001w1IMQAY","relatedAccId":"0x5ef0cf67","showCreateCase":false}|0x3be2724d
23:52:56.0 (31611358)|VARIABLE_ASSIGNMENT|[EXTERNAL]|value|{"Id":"5009E000001w1IMQAY","Reason":"Lightful Community","Subject":"test community type  (4 more) ...","Status":"New","CaseNumber":"00001207","Issue_Type__c":"Community issue","CreatedById":"00524000005uNfKAAU","Description":"test community type  (9 more) ...","RecordTypeId":"012240000002nYhAAI"}|0x5439862c
23:52:56.0 (31640015)|VARIABLE_ASSIGNMENT|[133]|this.qViewcase|{"Id":"5009E000001w1IMQAY","Reason":"Lightful Community","Subject":"test community type  (4 more) ...","Status":"New","CaseNumber":"00001207","Issue_Type__c":"Community issue","CreatedById":"00524000005uNfKAAU","Description":"test community type  (9 more) ...","RecordTypeId":"012240000002nYhAAI"}|0x3be2724d
23:52:56.0 (31652776)|SYSTEM_METHOD_EXIT|[140]|communityCaseMgmtController.__sfdc_qViewcase(Case)
23:52:56.0 (31659665)|STATEMENT_EXECUTE|[142]
23:52:56.0 (31664169)|HEAP_ALLOCATE|[142]|Bytes:52
23:52:56.0 (31672666)|HEAP_ALLOCATE|[142]|Bytes:4
23:52:56.0 (31687785)|SYSTEM_METHOD_ENTRY|[142]|communityCaseMgmtController.__sfdc_qViewcase()
23:52:56.0 (31839363)|VARIABLE_ASSIGNMENT|[EXTERNAL]|this|{"accCaseCount":"0x34ffd806","accName":"0x4aabf9ca","con":"0x599a4af9","conRelatedAccsList":"0x5f8d6bd7","currentUser":"0x1578a7c8","currentUserId":"00524000005uNfKAAU","myCases":"0x86904","myOrgCases":"0x880f091","newCase":"0xbce267e","newCaseOwner":"0x3fa92703","qViewcase":"0x5439862c","qViewCaseId":"5009E000001w1IMQAY","relatedAccId":"0x5ef0cf67","showCreateCase":false}|0x3be2724d
23:52:56.0 (31851432)|SYSTEM_METHOD_EXIT|[142]|communityCaseMgmtController.__sfdc_qViewcase()
23:52:56.0 (35366572)|SOQL_EXECUTE_BEGIN|[142]|Aggregations:0|SELECT id, name, email FROM user WHERE id = :tmpVar1
23:52:56.0 (35377623)|LIMIT_USAGE|[142]|SOQL|2|100
23:52:56.0 (35386674)|LIMIT_USAGE|[142]|AGGS|0|300
23:52:56.0 (37304224)|SOQL_EXECUTE_END|[142]|Rows:1
23:52:56.0 (37310153)|LIMIT_USAGE|[142]|SOQL_ROWS|2|50000
23:52:56.0 (37321097)|HEAP_ALLOCATE|[142]|Bytes:8
23:52:56.0 (37333747)|HEAP_ALLOCATE|[142]|Bytes:72
23:52:56.0 (37396152)|HEAP_ALLOCATE|[142]|Bytes:8
23:52:56.0 (37405871)|HEAP_ALLOCATE|[142]|Bytes:30
23:52:56.0 (37449116)|HEAP_ALLOCATE|[142]|Bytes:16
23:52:56.0 (37464969)|SYSTEM_METHOD_ENTRY|[142]|communityCaseMgmtController.__sfdc_caseOwner(User)
23:52:56.0 (37724381)|VARIABLE_ASSIGNMENT|[EXTERNAL]|this|{"accCaseCount":"0x34ffd806","accName":"0x4aabf9ca","con":"0x599a4af9","conRelatedAccsList":"0x5f8d6bd7","currentUser":"0x1578a7c8","currentUserId":"00524000005uNfKAAU","myCases":"0x86904","myOrgCases":"0x880f091","newCase":"0xbce267e","newCaseOwner":"0x3fa92703","qViewcase":"0x5439862c","qViewCaseId":"5009E000001w1IMQAY","relatedAccId":"0x5ef0cf67","showCreateCase":false}|0x3be2724d
23:52:56.0 (37740831)|VARIABLE_ASSIGNMENT|[EXTERNAL]|value|{"Id":"00524000005uNfKAAU","Name":"Neela SN","Email":"neela@lightful.com"}|0x1017ce25
23:52:56.0 (37756051)|VARIABLE_ASSIGNMENT|[135]|this.caseOwner|{"Id":"00524000005uNfKAAU","Name":"Neela SN","Email":"neela@lightful.com"}|0x3be2724d
23:52:56.0 (37763849)|SYSTEM_METHOD_EXIT|[142]|communityCaseMgmtController.__sfdc_caseOwner(User)
23:52:56.0 (37787569)|VF_APEX_CALL_END|communityCaseMgmtController invoke(quickViewCase)
23:52:56.65 (65348322)|VF_APEX_CALL_START|[EXTERNAL]|/apexpage/pagemessagescomponentcontroller.apex set(conEscape,null)
23:52:56.65 (65361338)|SYSTEM_MODE_ENTER|true
23:52:56.65 (65372899)|VF_APEX_CALL_START|[EXTERNAL]|PageMessagesComponentController set(conEscape,null)
23:52:56.65 (65403189)|VF_APEX_CALL_START|[EXTERNAL]|PageMessagesComponentController invoke(setconEscape)
23:52:56.65 (65435129)|HEAP_ALLOCATE|[EXTERNAL]|Bytes:8
23:52:56.65 (65442455)|VARIABLE_SCOPE_BEGIN|[88]|this|ApexPage.PageMessagesComponentController|true|false
23:52:56.65 (65467062)|VARIABLE_ASSIGNMENT|[88]|this|{}|0x41923edf
23:52:56.65 (65469902)|VARIABLE_SCOPE_BEGIN|[88]|escape|Boolean|false|false
23:52:56.65 (65473767)|VARIABLE_ASSIGNMENT|[88]|escape|null
23:52:56.65 (65576603)|VF_APEX_CALL_START|[EXTERNAL]|/apexpage/pagemessagescomponentcontroller.apex get(severities)
23:52:56.65 (65584233)|SYSTEM_MODE_ENTER|true
23:52:56.65 (65594636)|VF_APEX_CALL_START|[EXTERNAL]|PageMessagesComponentController invoke(getseverities)
23:52:56.65 (65610028)|HEAP_ALLOCATE|[EXTERNAL]|Bytes:8
23:52:56.65 (65614161)|VARIABLE_SCOPE_BEGIN|[2]|this|ApexPage.PageMessagesComponentController|true|false
23:52:56.65 (65628307)|VARIABLE_ASSIGNMENT|[2]|this|{}|0x41923edf
23:52:56.0 (65942826)|VF_APEX_CALL_START|[EXTERNAL]|01p9E000000Dmpd|communityCaseMgmtController get(myCases)
23:52:56.0 (65949428)|SYSTEM_MODE_ENTER|true
23:52:56.0 (65955049)|VF_APEX_CALL_START|[EXTERNAL]|01p9E000000Dmpd|myCases
23:52:56.0 (65964874)|VF_APEX_CALL_END|myCases
23:52:56.0 (65975450)|VF_APEX_CALL_END|communityCaseMgmtController get(myCases)
23:52:56.0 (66393390)|VF_APEX_CALL_START|[EXTERNAL]|01p9E000000Dmpd|communityCaseMgmtController get(relatedAccId)
23:52:56.0 (66399636)|SYSTEM_MODE_ENTER|true
23:52:56.0 (66410919)|VF_APEX_CALL_START|[EXTERNAL]|01p9E000000Dmpd|relatedAccId
23:52:56.0 (66419132)|VF_APEX_CALL_END|relatedAccId
23:52:56.0 (66429217)|VF_APEX_CALL_END|communityCaseMgmtController get(relatedAccId)
23:52:56.0 (66515655)|VF_EVALUATE_FORMULA_BEGIN|0669E000000Cv0R|#{myOrgCases[accid]}
23:52:56.0 (66532241)|VF_APEX_CALL_START|[EXTERNAL]|01p9E000000Dmpd|communityCaseMgmtController get(myOrgCases)
23:52:56.0 (66535904)|SYSTEM_MODE_ENTER|true
23:52:56.0 (66540786)|VF_APEX_CALL_START|[EXTERNAL]|01p9E000000Dmpd|myOrgCases
23:52:56.0 (66548049)|VF_APEX_CALL_END|myOrgCases
23:52:56.0 (66556733)|VF_APEX_CALL_END|communityCaseMgmtController get(myOrgCases)
23:52:56.0 (66585753)|VF_EVALUATE_FORMULA_END
23:52:56.0 (66617808)|VF_EVALUATE_FORMULA_BEGIN|0669E000000Cv0R|#{myOrgCases[accid]}
23:52:56.0 (66637506)|VF_EVALUATE_FORMULA_END
23:52:56.0 (66642131)|VF_EVALUATE_FORMULA_BEGIN|0669E000000Cv0R|#{myOrgCases[accid]}
23:52:56.0 (66652091)|VF_EVALUATE_FORMULA_END
23:52:56.0 (66750069)|VF_EVALUATE_FORMULA_BEGIN|0669E000000Cv0R|#{myOrgCases[accid]}
23:52:56.0 (66771373)|VF_EVALUATE_FORMULA_END
23:52:56.0 (66781893)|VF_EVALUATE_FORMULA_BEGIN|0669E000000Cv0R|#{myOrgCases[accid]}
23:52:56.0 (66794662)|VF_EVALUATE_FORMULA_END
23:52:56.0 (66798391)|VF_EVALUATE_FORMULA_BEGIN|0669E000000Cv0R|#{myOrgCases[accid]}
23:52:56.0 (66809399)|VF_EVALUATE_FORMULA_END
23:52:56.0 (66824534)|VF_EVALUATE_FORMULA_BEGIN|0669E000000Cv0R|#{myOrgCases[accid]}
23:52:56.0 (66837345)|VF_EVALUATE_FORMULA_END
23:52:56.0 (66841039)|VF_EVALUATE_FORMULA_BEGIN|0669E000000Cv0R|#{myOrgCases[accid]}
23:52:56.0 (66852188)|VF_EVALUATE_FORMULA_END
23:52:56.0 (67266072)|VF_APEX_CALL_START|[EXTERNAL]|01p9E000000Dmpd|communityCaseMgmtController get(newcaseOwner)
23:52:56.0 (67272508)|SYSTEM_MODE_ENTER|true
23:52:56.0 (67278184)|VF_APEX_CALL_START|[EXTERNAL]|01p9E000000Dmpd|newcaseOwner
23:52:56.0 (67286643)|VF_APEX_CALL_END|newcaseOwner
23:52:56.0 (67297965)|VF_APEX_CALL_END|communityCaseMgmtController get(newcaseOwner)
23:52:56.0 (68232980)|VF_APEX_CALL_START|[EXTERNAL]|01p9E000000Dmpd|communityCaseMgmtController get(newCase)
23:52:56.0 (68239569)|SYSTEM_MODE_ENTER|true
23:52:56.0 (68245586)|VF_APEX_CALL_START|[EXTERNAL]|01p9E000000Dmpd|newCase
23:52:56.0 (68253599)|VF_APEX_CALL_END|newCase
23:52:56.0 (68264599)|VF_APEX_CALL_END|communityCaseMgmtController get(newCase)
23:52:56.0 (80150548)|VF_EVALUATE_FORMULA_BEGIN|0669E000000Cv0R|#{if(showCreateCase == false,  "block", "none")}
23:52:56.0 (80200814)|VF_APEX_CALL_START|[EXTERNAL]|01p9E000000Dmpd|communityCaseMgmtController get(showCreateCase)
23:52:56.0 (80207234)|SYSTEM_MODE_ENTER|true
23:52:56.0 (80213383)|VF_APEX_CALL_START|[EXTERNAL]|01p9E000000Dmpd|showCreateCase
23:52:56.0 (80222732)|VF_APEX_CALL_END|showCreateCase
23:52:56.0 (80236043)|VF_APEX_CALL_END|communityCaseMgmtController get(showCreateCase)
23:52:56.0 (80249618)|VF_EVALUATE_FORMULA_END
23:52:56.0 (80318477)|VF_EVALUATE_FORMULA_BEGIN|0669E000000Cv0R|#{if(accCaseCount[accid] > 0,  "block", "none")}
23:52:56.0 (80366686)|VF_APEX_CALL_START|[EXTERNAL]|01p9E000000Dmpd|communityCaseMgmtController get(accCaseCount)
23:52:56.0 (80371334)|SYSTEM_MODE_ENTER|true
23:52:56.0 (80376201)|VF_APEX_CALL_START|[EXTERNAL]|01p9E000000Dmpd|accCaseCount
23:52:56.0 (80384161)|VF_APEX_CALL_END|accCaseCount
23:52:56.0 (80394561)|VF_APEX_CALL_END|communityCaseMgmtController get(accCaseCount)
23:52:56.0 (80415759)|VF_EVALUATE_FORMULA_END
23:52:56.0 (80426116)|VF_EVALUATE_FORMULA_BEGIN|0669E000000Cv0R|#{accName[accid]}
23:52:56.0 (80462890)|VF_APEX_CALL_START|[EXTERNAL]|01p9E000000Dmpd|communityCaseMgmtController get(accName)
23:52:56.0 (80466967)|SYSTEM_MODE_ENTER|true
23:52:56.0 (80471070)|VF_APEX_CALL_START|[EXTERNAL]|01p9E000000Dmpd|accName
23:52:56.0 (80476900)|VF_APEX_CALL_END|accName
23:52:56.0 (80484851)|VF_APEX_CALL_END|communityCaseMgmtController get(accName)
23:52:56.0 (80499979)|VF_EVALUATE_FORMULA_END
23:52:56.0 (80525743)|VF_EVALUATE_FORMULA_BEGIN|0669E000000Cv0R|#{myOrgCases[accid]}
23:52:56.0 (80543525)|VF_EVALUATE_FORMULA_END
23:52:56.0 (80548353)|VF_EVALUATE_FORMULA_BEGIN|0669E000000Cv0R|#{myOrgCases[accid]}
23:52:56.0 (80558434)|VF_EVALUATE_FORMULA_END
23:52:56.0 (82464035)|VF_EVALUATE_FORMULA_BEGIN|0669E000000Cv0R|#{if(accCaseCount[accid] > 0,  "block", "none")}
23:52:56.0 (82494425)|VF_EVALUATE_FORMULA_END
23:52:56.0 (82503094)|VF_EVALUATE_FORMULA_BEGIN|0669E000000Cv0R|#{accName[accid]}
23:52:56.0 (82515541)|VF_EVALUATE_FORMULA_END
23:52:56.0 (82533296)|VF_EVALUATE_FORMULA_BEGIN|0669E000000Cv0R|#{myOrgCases[accid]}
23:52:56.0 (82556105)|VF_EVALUATE_FORMULA_END
23:52:56.0 (82562898)|VF_EVALUATE_FORMULA_BEGIN|0669E000000Cv0R|#{myOrgCases[accid]}
23:52:56.0 (82586196)|VF_EVALUATE_FORMULA_END
23:52:56.0 (98595692)|VF_APEX_CALL_START|[EXTERNAL]|01p9E000000Dmpd|communityCaseMgmtController get(qViewCaseId)
23:52:56.0 (98607959)|SYSTEM_MODE_ENTER|true
23:52:56.0 (98615477)|VF_APEX_CALL_START|[EXTERNAL]|01p9E000000Dmpd|qViewCaseId
23:52:56.0 (98626679)|VF_APEX_CALL_END|qViewCaseId
23:52:56.0 (98637751)|VF_APEX_CALL_END|communityCaseMgmtController get(qViewCaseId)
23:52:56.0 (98698831)|VF_APEX_CALL_START|[EXTERNAL]|01p9E000000Dmpd|communityCaseMgmtController get(caseOwner)
23:52:56.0 (98703238)|SYSTEM_MODE_ENTER|true
23:52:56.0 (98708113)|VF_APEX_CALL_START|[EXTERNAL]|01p9E000000Dmpd|caseOwner
23:52:56.0 (98715213)|VF_APEX_CALL_END|caseOwner
23:52:56.0 (98723659)|VF_APEX_CALL_END|communityCaseMgmtController get(caseOwner)
23:52:56.0 (115564562)|VF_APEX_CALL_START|[EXTERNAL]|01p9E000000Dmpd|communityCaseMgmtController get(qViewcase)
23:52:56.0 (115581007)|SYSTEM_MODE_ENTER|true
23:52:56.0 (115594519)|VF_APEX_CALL_START|[EXTERNAL]|01p9E000000Dmpd|qViewcase
23:52:56.0 (115613248)|VF_APEX_CALL_END|qViewcase
23:52:56.0 (115633906)|VF_APEX_CALL_END|communityCaseMgmtController get(qViewcase)
23:52:56.0 (119811764)|VF_SERIALIZE_VIEWSTATE_BEGIN|0669E000000Cv0R
23:52:56.0 (123909158)|VF_SERIALIZE_VIEWSTATE_END
23:52:56.0 (125173457)|VF_EVALUATE_FORMULA_BEGIN|0669E000000Cv0R|#{myOrgCases[accid]}
23:52:56.0 (125212064)|VF_EVALUATE_FORMULA_END
23:52:56.0 (125223159)|VF_EVALUATE_FORMULA_BEGIN|0669E000000Cv0R|#{myOrgCases[accid]}
23:52:56.0 (125247685)|VF_EVALUATE_FORMULA_END
23:52:56.0 (125295368)|VF_EVALUATE_FORMULA_BEGIN|0669E000000Cv0R|#{myOrgCases[accid]}
23:52:56.0 (125314027)|VF_EVALUATE_FORMULA_END
23:52:56.0 (125318357)|VF_EVALUATE_FORMULA_BEGIN|0669E000000Cv0R|#{myOrgCases[accid]}
23:52:56.0 (125330259)|VF_EVALUATE_FORMULA_END
23:52:56.0 (125344872)|VF_EVALUATE_FORMULA_BEGIN|0669E000000Cv0R|#{myOrgCases[accid]}
23:52:56.0 (125358576)|VF_EVALUATE_FORMULA_END
23:52:56.0 (125365077)|VF_EVALUATE_FORMULA_BEGIN|0669E000000Cv0R|#{myOrgCases[accid]}
23:52:56.0 (125387669)|VF_EVALUATE_FORMULA_END
23:52:56.126 (126625857)|CUMULATIVE_LIMIT_USAGE
23:52:56.126 (126625857)|LIMIT_USAGE_FOR_NS|(default)|
  Number of SOQL queries: 2 out of 100
  Number of query rows: 2 out of 50000
  Number of SOSL queries: 0 out of 20
  Number of DML statements: 0 out of 150
  Number of DML rows: 0 out of 10000
  Maximum CPU time: 0 out of 10000
  Maximum heap size: 0 out of 6000000
  Number of callouts: 0 out of 100
  Number of Email Invocations: 0 out of 10
  Number of future calls: 0 out of 50
  Number of queueable jobs added to the queue: 0 out of 50
  Number of Mobile Apex push calls: 0 out of 10

23:52:56.126 (126625857)|TOTAL_EMAIL_RECIPIENTS_QUEUED|0
23:52:56.126 (126625857)|STATIC_VARIABLE_LIST|
  char[]:DigitTens:0
  long:serialVersionUID:0
  long:serialVersionUID:0
  double:MAX_VALUE:0
  Boolean:FALSE:0
  long:serialVersionUID:0
  String:__sfdcInnerTypes:0
  String:_sfdcSuppressedCodeLocations:0
  double:MIN_VALUE:0
  int:SIZE:0
  double:NEGATIVE_INFINITY:0
  int:MAX_VALUE:0
  String:_sfdcAdditionalCodeLocations:0
  char[]:digits:0
  double:NaN:0
  Boolean:TRUE:0
  int:MIN_VALUE:0
  char[]:DigitOnes:0
  int:BYTES:0
  int:MIN_EXPONENT:0
  int[]:sizeTable:0
  int:MAX_EXPONENT:0
  String:_sfdcAdditionalCodeLocations:0
  String:__sfdcProperties:0
  int:SIZE:0
  double:POSITIVE_INFINITY:0
  double:MIN_NORMAL:0
  int:BYTES:0

23:52:56.126 (126625857)|CUMULATIVE_LIMIT_USAGE_END

23:52:56.0 (126777962)|CODE_UNIT_FINISHED|VF: /apex/communityCaseMgmt
23:52:56.0 (127839112)|EXECUTION_FINISHED
23:52:56.130 (130026478)|CUMULATIVE_PROFILING_BEGIN
23:52:56.130 (130026478)|CUMULATIVE_PROFILING|No profiling information for SOQL operations
23:52:56.130 (130026478)|CUMULATIVE_PROFILING|No profiling information for SOSL operations
23:52:56.130 (130026478)|CUMULATIVE_PROFILING|No profiling information for DML operations
23:52:56.130 (130026478)|CUMULATIVE_PROFILING|method invocations|
External entry point: public void quickViewCase(): executed 1 time in 13 ms
Class.communityCaseMgmtController.quickViewCase: line 140, column 1: public Id __sfdc_qViewCaseId(): executed 3 times in 6 ms
Class.communityCaseMgmtController.quickViewCase: line 142, column 1: public Case __sfdc_qViewcase(): executed 3 times in 6 ms
Class.communityCaseMgmtController.quickViewCase: line 139, column 1: public Id __sfdc_qViewCaseId(): executed 3 times in 0 ms

23:52:56.130 (130026478)|CUMULATIVE_PROFILING_END
