39.0 APEX_CODE,FINEST;APEX_PROFILING,FINEST;CALLOUT,FINEST;DB,FINEST;SYSTEM,FINE;VALIDATION,INFO;VISUALFORCE,FINER;WAVE,INFO;WORKFLOW,FINER
01:11:24.0 (324318)|USER_INFO|[EXTERNAL]|00524000005uNfK|neela@lightful.com.commundev|Line Is. Time|GMT+14:00
01:11:24.0 (349093)|EXECUTION_STARTED
01:11:24.0 (355905)|CODE_UNIT_STARTED|[EXTERNAL]|0669E000000Cuyk|VF: /apex/communityProducts
01:11:24.10 (10499854)|VF_APEX_CALL_START|[EXTERNAL]|/apexpage/pagemessagescomponentcontroller.apex <init>
01:11:24.10 (10523036)|SYSTEM_MODE_ENTER|true
01:11:24.10 (10654978)|HEAP_ALLOCATE|[72]|Bytes:3
01:11:24.10 (10697327)|HEAP_ALLOCATE|[77]|Bytes:152
01:11:24.10 (10710925)|HEAP_ALLOCATE|[342]|Bytes:408
01:11:24.10 (10723470)|HEAP_ALLOCATE|[355]|Bytes:408
01:11:24.10 (10733605)|HEAP_ALLOCATE|[467]|Bytes:48
01:11:24.11 (11050099)|VF_APEX_CALL_START|[EXTERNAL]|/apexpage/pagemessagescomponentcontroller.apex set(conEscape,null)
01:11:24.11 (11062125)|SYSTEM_MODE_ENTER|true
01:11:24.11 (11075929)|VF_APEX_CALL_START|[EXTERNAL]|PageMessagesComponentController set(conEscape,null)
01:11:24.11 (11096868)|VF_APEX_CALL_START|[EXTERNAL]|PageMessagesComponentController invoke(setconEscape)
01:11:24.11 (11124042)|HEAP_ALLOCATE|[EXTERNAL]|Bytes:8
01:11:24.11 (11130870)|VARIABLE_SCOPE_BEGIN|[88]|this|ApexPage.PageMessagesComponentController|true|false
01:11:24.11 (11160703)|VARIABLE_ASSIGNMENT|[88]|this|{}|0x26038c31
01:11:24.11 (11165060)|VARIABLE_SCOPE_BEGIN|[88]|escape|Boolean|false|false
01:11:24.11 (11170293)|VARIABLE_ASSIGNMENT|[88]|escape|null
01:11:24.11 (11384836)|VF_APEX_CALL_START|[EXTERNAL]|/apexpage/pagemessagescomponentcontroller.apex get(severities)
01:11:24.11 (11393068)|SYSTEM_MODE_ENTER|true
01:11:24.11 (11403204)|VF_APEX_CALL_START|[EXTERNAL]|PageMessagesComponentController invoke(getseverities)
01:11:24.11 (11419845)|HEAP_ALLOCATE|[EXTERNAL]|Bytes:8
01:11:24.11 (11424955)|VARIABLE_SCOPE_BEGIN|[2]|this|ApexPage.PageMessagesComponentController|true|false
01:11:24.11 (11443422)|VARIABLE_ASSIGNMENT|[2]|this|{}|0x26038c31
01:11:24.0 (16378180)|VF_APEX_CALL_START|[EXTERNAL]|01p9E000000Dmea|CommunityProdController <init>
01:11:24.0 (16388074)|SYSTEM_MODE_ENTER|true
01:11:24.0 (16566472)|HEAP_ALLOCATE|[EXTERNAL]|Bytes:496
01:11:24.0 (16575407)|HEAP_ALLOCATE|[EXTERNAL]|Bytes:81
01:11:24.0 (16578266)|HEAP_ALLOCATE|[EXTERNAL]|Bytes:20
01:11:24.0 (16586279)|METHOD_ENTRY|[1]|01p9E000000Dmea|CommunityProdController.CommunityProdController()
01:11:24.0 (16589739)|STATEMENT_EXECUTE|[1]
01:11:24.0 (16593598)|STATEMENT_EXECUTE|[1]
01:11:24.0 (16598498)|METHOD_EXIT|[1]|CommunityProdController
01:11:24.0 (16749457)|HEAP_ALLOCATE|[EXTERNAL]|Bytes:92
01:11:24.0 (16755653)|VARIABLE_SCOPE_BEGIN|[19]|this|CommunityProdController|true|false
01:11:24.0 (16879078)|VARIABLE_ASSIGNMENT|[19]|this|{}|0x2f94b216
01:11:24.0 (16885813)|STATEMENT_EXECUTE|[1]
01:11:24.0 (16887262)|STATEMENT_EXECUTE|[4]
01:11:24.0 (16888259)|STATEMENT_EXECUTE|[5]
01:11:24.0 (16889170)|STATEMENT_EXECUTE|[6]
01:11:24.0 (16890066)|STATEMENT_EXECUTE|[7]
01:11:24.0 (16890989)|STATEMENT_EXECUTE|[11]
01:11:24.0 (16892115)|STATEMENT_EXECUTE|[12]
01:11:24.0 (16893048)|STATEMENT_EXECUTE|[13]
01:11:24.0 (16894040)|STATEMENT_EXECUTE|[15]
01:11:24.0 (16894957)|STATEMENT_EXECUTE|[16]
01:11:24.0 (16895857)|STATEMENT_EXECUTE|[17]
01:11:24.0 (16896839)|STATEMENT_EXECUTE|[79]
01:11:24.0 (16897862)|STATEMENT_EXECUTE|[80]
01:11:24.0 (16898775)|STATEMENT_EXECUTE|[134]
01:11:24.0 (16899991)|STATEMENT_EXECUTE|[135]
01:11:24.0 (16900892)|STATEMENT_EXECUTE|[136]
01:11:24.0 (16901825)|STATEMENT_EXECUTE|[137]
01:11:24.0 (16902725)|STATEMENT_EXECUTE|[138]
01:11:24.0 (16903626)|STATEMENT_EXECUTE|[140]
01:11:24.0 (16904726)|STATEMENT_EXECUTE|[141]
01:11:24.0 (16905847)|STATEMENT_EXECUTE|[142]
01:11:24.0 (16906771)|STATEMENT_EXECUTE|[143]
01:11:24.0 (16907641)|STATEMENT_EXECUTE|[144]
01:11:24.0 (16923238)|STATEMENT_EXECUTE|[20]
01:11:24.0 (16925192)|STATEMENT_EXECUTE|[21]
01:11:24.0 (16970730)|HEAP_ALLOCATE|[21]|Bytes:85
01:11:24.0 (16981336)|SYSTEM_METHOD_ENTRY|[1]|UserInfo.UserInfo()
01:11:24.0 (16983438)|STATEMENT_EXECUTE|[1]
01:11:24.0 (16988687)|SYSTEM_METHOD_EXIT|[1]|UserInfo
01:11:24.0 (16998776)|METHOD_ENTRY|[21]||System.UserInfo.getUserId()
01:11:24.0 (17057180)|METHOD_EXIT|[21]||System.UserInfo.getUserId()
01:11:24.0 (17077845)|HEAP_ALLOCATE|[21]|Bytes:4
01:11:24.0 (17101740)|SYSTEM_METHOD_ENTRY|[21]|CommunityProdController.__sfdc_currentUserId(Id)
01:11:24.0 (17142478)|VARIABLE_ASSIGNMENT|[EXTERNAL]|this|{}|0x2f94b216
01:11:24.0 (17402987)|VARIABLE_ASSIGNMENT|[EXTERNAL]|value|"00524000005uNfKAAU"
01:11:24.0 (17512668)|VARIABLE_ASSIGNMENT|[15]|this.currentUserId|"00524000005uNfKAAU"|0x2f94b216
01:11:24.0 (17523091)|SYSTEM_METHOD_EXIT|[21]|CommunityProdController.__sfdc_currentUserId(Id)
01:11:24.0 (17526592)|STATEMENT_EXECUTE|[22]
01:11:24.0 (17530718)|HEAP_ALLOCATE|[22]|Bytes:105
01:11:24.0 (17539406)|HEAP_ALLOCATE|[22]|Bytes:4
01:11:24.0 (17547430)|HEAP_ALLOCATE|[22]|Bytes:7
01:11:24.0 (17555064)|SYSTEM_METHOD_ENTRY|[22]|CommunityProdController.__sfdc_currentUserId()
01:11:24.0 (17751454)|VARIABLE_ASSIGNMENT|[EXTERNAL]|this|{"currentUserId":"00524000005uNfKAAU"}|0x2f94b216
01:11:24.0 (17767604)|SYSTEM_METHOD_EXIT|[22]|CommunityProdController.__sfdc_currentUserId()
01:11:24.0 (20863829)|SOQL_EXECUTE_BEGIN|[22]|Aggregations:0|SELECT id, name, firstname, lastname, contactid, fullphotourl, phone, email FROM user WHERE id = :tmpVar1
01:11:24.0 (20878033)|LIMIT_USAGE|[22]|SOQL|1|100
01:11:24.0 (20890240)|LIMIT_USAGE|[22]|AGGS|0|300
01:11:24.0 (26091167)|SOQL_EXECUTE_END|[22]|Rows:1
01:11:24.0 (26101491)|LIMIT_USAGE|[22]|SOQL_ROWS|1|50000
01:11:24.0 (26119052)|HEAP_ALLOCATE|[22]|Bytes:8
01:11:24.0 (26140543)|HEAP_ALLOCATE|[22]|Bytes:183
01:11:24.0 (26197869)|HEAP_ALLOCATE|[22]|Bytes:8
01:11:24.0 (26212554)|HEAP_ALLOCATE|[22]|Bytes:30
01:11:24.0 (26287428)|HEAP_ALLOCATE|[22]|Bytes:28
01:11:24.0 (26320015)|SYSTEM_METHOD_ENTRY|[22]|CommunityProdController.__sfdc_currentUser(User)
01:11:24.0 (26523188)|VARIABLE_ASSIGNMENT|[EXTERNAL]|this|{"currentUserId":"00524000005uNfKAAU"}|0x2f94b216
01:11:24.0 (26551514)|VARIABLE_ASSIGNMENT|[EXTERNAL]|value|{"Id":"00524000005uNfKAAU","Name":"Neela SN","FirstName":"Neela","LastName":"SN","FullPhotoUrl":"https://c.cs88.conte (43 more) ...","Email":"neela@lightful.com"}|0x30f665c2
01:11:24.0 (26573398)|VARIABLE_ASSIGNMENT|[16]|this.currentUser|{"Id":"00524000005uNfKAAU","Name":"Neela SN","FirstName":"Neela","LastName":"SN","FullPhotoUrl":"https://c.cs88.conte (43 more) ...","Email":"neela@lightful.com"}|0x2f94b216
01:11:24.0 (26584436)|SYSTEM_METHOD_EXIT|[22]|CommunityProdController.__sfdc_currentUser(User)
01:11:24.0 (26596374)|SYSTEM_METHOD_ENTRY|[25]|CommunityProdController.__sfdc_currentUser()
01:11:24.0 (26787961)|VARIABLE_ASSIGNMENT|[EXTERNAL]|this|{"currentUser":"0x30f665c2","currentUserId":"00524000005uNfKAAU"}|0x2f94b216
01:11:24.0 (26801644)|SYSTEM_METHOD_EXIT|[25]|CommunityProdController.__sfdc_currentUser()
01:11:24.0 (26815762)|STATEMENT_EXECUTE|[28]
01:11:24.0 (26832689)|HEAP_ALLOCATE|[28]|Bytes:4
01:11:24.0 (26970383)|SYSTEM_METHOD_ENTRY|[28]|CommunityProdController.__sfdc_con(Contact)
01:11:24.0 (27160718)|VARIABLE_ASSIGNMENT|[EXTERNAL]|this|{"currentUser":"0x30f665c2","currentUserId":"00524000005uNfKAAU"}|0x2f94b216
01:11:24.0 (27176472)|VARIABLE_ASSIGNMENT|[EXTERNAL]|value|{}|0x1c477ae5
01:11:24.0 (27188042)|VARIABLE_ASSIGNMENT|[17]|this.con|{}|0x2f94b216
01:11:24.0 (27196275)|SYSTEM_METHOD_EXIT|[28]|CommunityProdController.__sfdc_con(Contact)
01:11:24.0 (27200829)|STATEMENT_EXECUTE|[30]
01:11:24.0 (27205519)|HEAP_ALLOCATE|[30]|Bytes:220
01:11:24.0 (27213306)|HEAP_ALLOCATE|[30]|Bytes:4
01:11:24.0 (28493692)|SOQL_EXECUTE_BEGIN|[30]|Aggregations:0|SELECT Description, Id, IsActive, Name, DisplayUrl, ProductCode, CommunityProdDetail__c, DisplayOnCommunity__c FROM Product2 WHERE (isActive = TRUE AND DisplayOnCommunity__c = TRUE) ORDER BY name ASC NULLS FIRST LIMIT 10
01:11:24.0 (28504277)|LIMIT_USAGE|[30]|SOQL|2|100
01:11:24.0 (28513347)|LIMIT_USAGE|[30]|AGGS|0|300
01:11:24.0 (32931620)|SOQL_EXECUTE_END|[30]|Rows:8
01:11:24.0 (32943240)|LIMIT_USAGE|[30]|SOQL_ROWS|9|50000
01:11:24.0 (32961521)|HEAP_ALLOCATE|[30]|Bytes:36
01:11:24.0 (32984755)|HEAP_ALLOCATE|[30]|Bytes:1616
01:11:24.0 (33029509)|HEAP_ALLOCATE|[30]|Bytes:36
01:11:24.0 (33076282)|SYSTEM_METHOD_ENTRY|[30]|CommunityProdController.__sfdc_prodList(List<Product2>)
01:11:24.0 (33309041)|VARIABLE_ASSIGNMENT|[EXTERNAL]|this|{"con":"0x1c477ae5","currentUser":"0x30f665c2","currentUserId":"00524000005uNfKAAU"}|0x2f94b216
01:11:24.0 (33324021)|VARIABLE_ASSIGNMENT|[EXTERNAL]|value|"List of size 8 too large to display"|0x5256351a
01:11:24.0 (33338726)|VARIABLE_ASSIGNMENT|[4]|this.prodList|"List of size 8 too large to display"|0x2f94b216
01:11:24.0 (33346288)|SYSTEM_METHOD_EXIT|[30]|CommunityProdController.__sfdc_prodList(List<Product2>)
01:11:24.0 (33351060)|STATEMENT_EXECUTE|[32]
01:11:24.0 (33359523)|HEAP_ALLOCATE|[32]|Bytes:4
01:11:24.0 (33414492)|SYSTEM_METHOD_ENTRY|[32]|CommunityProdController.__sfdc_prod_pbEntry(Map<Id,PricebookEntry>)
01:11:24.0 (33566689)|VARIABLE_ASSIGNMENT|[EXTERNAL]|this|{"con":"0x1c477ae5","currentUser":"0x30f665c2","currentUserId":"00524000005uNfKAAU","prodList":"0x5256351a"}|0x2f94b216
01:11:24.0 (33582679)|VARIABLE_ASSIGNMENT|[EXTERNAL]|value|{}|0x764198f1
01:11:24.0 (33592650)|VARIABLE_ASSIGNMENT|[6]|this.prod_pbEntry|{}|0x2f94b216
01:11:24.0 (33599318)|SYSTEM_METHOD_EXIT|[32]|CommunityProdController.__sfdc_prod_pbEntry(Map<Id,PricebookEntry>)
01:11:24.0 (33602550)|STATEMENT_EXECUTE|[33]
01:11:24.0 (33608733)|HEAP_ALLOCATE|[33]|Bytes:4
01:11:24.0 (33643288)|SYSTEM_CONSTRUCTOR_ENTRY|[33]|<init>()
01:11:24.0 (33661151)|SYSTEM_CONSTRUCTOR_EXIT|[33]|<init>()
01:11:24.0 (33678524)|SYSTEM_METHOD_ENTRY|[33]|CommunityProdController.__sfdc_prodListDisp(List<Product2>)
01:11:24.0 (33801675)|VARIABLE_ASSIGNMENT|[EXTERNAL]|this|{"con":"0x1c477ae5","currentUser":"0x30f665c2","currentUserId":"00524000005uNfKAAU","prod_pbEntry":"0x764198f1","prodList":"0x5256351a"}|0x2f94b216
01:11:24.0 (33809243)|HEAP_ALLOCATE|[EXTERNAL]|Bytes:4
01:11:24.0 (33815378)|VARIABLE_ASSIGNMENT|[EXTERNAL]|value|[]|0x7d9b2a7a
01:11:24.0 (33824433)|VARIABLE_ASSIGNMENT|[5]|this.prodListDisp|[]|0x2f94b216
01:11:24.0 (33829986)|SYSTEM_METHOD_EXIT|[33]|CommunityProdController.__sfdc_prodListDisp(List<Product2>)
01:11:24.0 (33839137)|SYSTEM_METHOD_ENTRY|[36]|CommunityProdController.__sfdc_prodList()
01:11:24.0 (33966724)|VARIABLE_ASSIGNMENT|[EXTERNAL]|this|{"con":"0x1c477ae5","currentUser":"0x30f665c2","currentUserId":"00524000005uNfKAAU","prod_pbEntry":"0x764198f1","prodList":"0x5256351a","prodListDisp":"0x7d9b2a7a"}|0x2f94b216
01:11:24.0 (33977602)|SYSTEM_METHOD_EXIT|[36]|CommunityProdController.__sfdc_prodList()
01:11:24.0 (33987591)|SYSTEM_METHOD_ENTRY|[36]|List<Product2>.iterator()
01:11:24.0 (34073326)|SYSTEM_METHOD_EXIT|[36]|List<Product2>.iterator()
01:11:24.0 (34090662)|SYSTEM_METHOD_ENTRY|[36]|system.ListIterator.hasNext()
01:11:24.0 (34105246)|HEAP_ALLOCATE|[36]|Bytes:5
01:11:24.0 (34111289)|SYSTEM_METHOD_EXIT|[36]|system.ListIterator.hasNext()
01:11:24.0 (34145152)|HEAP_ALLOCATE|[36]|Bytes:28
01:11:24.0 (34153703)|VARIABLE_SCOPE_BEGIN|[36]|p|Product2|true|false
01:11:24.0 (34174012)|VARIABLE_ASSIGNMENT|[36]|p|{"Id":"01t24000002t81MAAQ","IsActive":true,"Name":"First Partners - Don (5 more) ...","ProductCode":"FPD3D200","CommunityProdDetail_ (2 more) ...":"\u003Ca href=\"http://test (80 more) ...","DisplayOnCommunity__ (1 more) ...":true}|0x1c2428c3
01:11:24.0 (34178496)|STATEMENT_EXECUTE|[37]
01:11:24.0 (34179860)|STATEMENT_EXECUTE|[38]
01:11:24.0 (34183590)|HEAP_ALLOCATE|[38]|Bytes:182
01:11:24.0 (34189371)|HEAP_ALLOCATE|[38]|Bytes:4
01:11:24.0 (35176559)|SOQL_EXECUTE_BEGIN|[38]|Aggregations:0|SELECT Id, IsActive, IsDeleted, Name, Pricebook2Id, Product2Id, ProductCode, UnitPrice, UseStandardPrice FROM PricebookEntry WHERE (Product2Id = :tmpVar1 AND isActive = TRUE) LIMIT 1
01:11:24.0 (35184481)|LIMIT_USAGE|[38]|SOQL|3|100
01:11:24.0 (35191369)|LIMIT_USAGE|[38]|AGGS|0|300
01:11:24.0 (38070614)|SOQL_EXECUTE_END|[38]|Rows:1
01:11:24.0 (38078590)|LIMIT_USAGE|[38]|SOQL_ROWS|10|50000
01:11:24.0 (38090624)|HEAP_ALLOCATE|[38]|Bytes:8
01:11:24.0 (38108273)|HEAP_ALLOCATE|[38]|Bytes:257
01:11:24.0 (38138055)|HEAP_ALLOCATE|[38]|Bytes:8
01:11:24.0 (38171977)|SYSTEM_METHOD_ENTRY|[38]|CommunityProdController.__sfdc_pbEntry(List<PricebookEntry>)
01:11:24.0 (38335537)|VARIABLE_ASSIGNMENT|[EXTERNAL]|this|{"con":"0x1c477ae5","currentUser":"0x30f665c2","currentUserId":"00524000005uNfKAAU","prod_pbEntry":"0x764198f1","prodList":"0x5256351a","prodListDisp":"0x7d9b2a7a"}|0x2f94b216
01:11:24.0 (38360073)|VARIABLE_ASSIGNMENT|[EXTERNAL]|value|[{"Id":"01u24000002VVBTAA4","IsActive":true,"IsDeleted":false,"Name":"First Partners - Don (5 more) ...","Pricebook2Id":"01s24000003Olw1AAC","Product2Id":"01t24000002t81MAAQ","ProductCode":"FPD3D200","UnitPrice":200.00,"UseStandardPrice":false}]|0x15065a7d
01:11:24.0 (38378931)|VARIABLE_ASSIGNMENT|[7]|this.pbEntry|[{"Id":"01u24000002VVBTAA4","IsActive":true,"IsDeleted":false,"Name":"First Partners - Don (5 more) ...","Pricebook2Id":"01s24000003Olw1AAC","Product2Id":"01t24000002t81MAAQ","ProductCode":"FPD3D200","UnitPrice":200.00,"UseStandardPrice":false}]|0x2f94b216
01:11:24.0 (38387577)|SYSTEM_METHOD_EXIT|[38]|CommunityProdController.__sfdc_pbEntry(List<PricebookEntry>)
01:11:24.0 (38396618)|SYSTEM_METHOD_ENTRY|[40]|CommunityProdController.__sfdc_pbEntry()
01:11:24.0 (38539539)|VARIABLE_ASSIGNMENT|[EXTERNAL]|this|{"con":"0x1c477ae5","currentUser":"0x30f665c2","currentUserId":"00524000005uNfKAAU","pbEntry":"0x15065a7d","prod_pbEntry":"0x764198f1","prodList":"0x5256351a","prodListDisp":"0x7d9b2a7a"}|0x2f94b216
01:11:24.0 (38551000)|SYSTEM_METHOD_EXIT|[40]|CommunityProdController.__sfdc_pbEntry()
01:11:24.0 (38586694)|SYSTEM_METHOD_ENTRY|[40]|List<PricebookEntry>.size()
01:11:24.0 (38592923)|SYSTEM_METHOD_EXIT|[40]|List<PricebookEntry>.size()
01:11:24.0 (38600535)|STATEMENT_EXECUTE|[41]
01:11:24.0 (38602131)|STATEMENT_EXECUTE|[42]
01:11:24.0 (38608238)|SYSTEM_METHOD_ENTRY|[42]|CommunityProdController.__sfdc_prod_pbEntry()
01:11:24.0 (38741991)|VARIABLE_ASSIGNMENT|[EXTERNAL]|this|{"con":"0x1c477ae5","currentUser":"0x30f665c2","currentUserId":"00524000005uNfKAAU","pbEntry":"0x15065a7d","prod_pbEntry":"0x764198f1","prodList":"0x5256351a","prodListDisp":"0x7d9b2a7a"}|0x2f94b216
01:11:24.0 (38751869)|SYSTEM_METHOD_EXIT|[42]|CommunityProdController.__sfdc_prod_pbEntry()
01:11:24.0 (38765944)|SYSTEM_METHOD_ENTRY|[42]|CommunityProdController.__sfdc_pbEntry()
01:11:24.0 (38882272)|VARIABLE_ASSIGNMENT|[EXTERNAL]|this|{"con":"0x1c477ae5","currentUser":"0x30f665c2","currentUserId":"00524000005uNfKAAU","pbEntry":"0x15065a7d","prod_pbEntry":"0x764198f1","prodList":"0x5256351a","prodListDisp":"0x7d9b2a7a"}|0x2f94b216
01:11:24.0 (38890365)|SYSTEM_METHOD_EXIT|[42]|CommunityProdController.__sfdc_pbEntry()
01:11:24.0 (38920269)|HEAP_ALLOCATE|[42]|Bytes:40
01:11:24.0 (38945788)|SYSTEM_METHOD_ENTRY|[42]|Map<Id,PricebookEntry>.put(Object, Object)
01:11:24.0 (38952861)|HEAP_ALLOCATE|[EXTERNAL]|Bytes:-4
01:11:24.0 (38961590)|SYSTEM_METHOD_EXIT|[42]|Map<Id,PricebookEntry>.put(Object, Object)
01:11:24.0 (38964138)|STATEMENT_EXECUTE|[43]
01:11:24.0 (38971196)|SYSTEM_METHOD_ENTRY|[43]|CommunityProdController.__sfdc_prodListDisp()
01:11:24.0 (39106993)|VARIABLE_ASSIGNMENT|[EXTERNAL]|this|{"con":"0x1c477ae5","currentUser":"0x30f665c2","currentUserId":"00524000005uNfKAAU","pbEntry":"0x15065a7d","prod_pbEntry":"0x764198f1","prodList":"0x5256351a","prodListDisp":"0x7d9b2a7a"}|0x2f94b216
01:11:24.0 (39117273)|SYSTEM_METHOD_EXIT|[43]|CommunityProdController.__sfdc_prodListDisp()
01:11:24.0 (39128986)|SYSTEM_METHOD_ENTRY|[43]|List<Product2>.add(Object)
01:11:24.0 (39134226)|HEAP_ALLOCATE|[EXTERNAL]|Bytes:4
01:11:24.0 (39140453)|SYSTEM_METHOD_EXIT|[43]|List<Product2>.add(Object)
01:11:24.0 (39143453)|STATEMENT_EXECUTE|[58]
01:11:24.0 (39147309)|SYSTEM_METHOD_ENTRY|[58]|CommunityProdController.__sfdc_pbEntry()
01:11:24.0 (39272773)|VARIABLE_ASSIGNMENT|[EXTERNAL]|this|{"con":"0x1c477ae5","currentUser":"0x30f665c2","currentUserId":"00524000005uNfKAAU","pbEntry":"0x15065a7d","prod_pbEntry":"0x764198f1","prodList":"0x5256351a","prodListDisp":"0x7d9b2a7a"}|0x2f94b216
01:11:24.0 (39280937)|SYSTEM_METHOD_EXIT|[58]|CommunityProdController.__sfdc_pbEntry()
01:11:24.0 (39287239)|SYSTEM_METHOD_ENTRY|[58]|List<PricebookEntry>.clear()
01:11:24.0 (39291293)|SYSTEM_METHOD_EXIT|[58]|List<PricebookEntry>.clear()
01:11:24.0 (39298639)|SYSTEM_METHOD_ENTRY|[36]|system.ListIterator.hasNext()
01:11:24.0 (39309104)|HEAP_ALLOCATE|[36]|Bytes:5
01:11:24.0 (39314342)|SYSTEM_METHOD_EXIT|[36]|system.ListIterator.hasNext()
01:11:24.0 (39335703)|HEAP_ALLOCATE|[36]|Bytes:28
01:11:24.0 (39343068)|VARIABLE_SCOPE_BEGIN|[36]|p|Product2|true|false
01:11:24.0 (39359715)|VARIABLE_ASSIGNMENT|[36]|p|{"Description":"This is for First Pa (75 more) ...","Id":"01t24000002t6w2AAA","IsActive":true,"Name":"First Partners - Ful (9 more) ...","ProductCode":"FPFL12000","DisplayOnCommunity__ (1 more) ...":true}|0x683250c2
01:11:24.0 (39363668)|STATEMENT_EXECUTE|[37]
01:11:24.0 (39364901)|STATEMENT_EXECUTE|[38]
01:11:24.0 (39369960)|HEAP_ALLOCATE|[38]|Bytes:4
01:11:24.0 (39604348)|SOQL_EXECUTE_BEGIN|[38]|Aggregations:0|SELECT Id, IsActive, IsDeleted, Name, Pricebook2Id, Product2Id, ProductCode, UnitPrice, UseStandardPrice FROM PricebookEntry WHERE (Product2Id = :tmpVar1 AND isActive = TRUE) LIMIT 1
01:11:24.0 (39610801)|LIMIT_USAGE|[38]|SOQL|4|100
01:11:24.0 (39617255)|LIMIT_USAGE|[38]|AGGS|0|300
01:11:24.0 (41749553)|SOQL_EXECUTE_END|[38]|Rows:1
01:11:24.0 (41755532)|LIMIT_USAGE|[38]|SOQL_ROWS|11|50000
01:11:24.0 (41764775)|HEAP_ALLOCATE|[38]|Bytes:8
01:11:24.0 (41780233)|HEAP_ALLOCATE|[38]|Bytes:262
01:11:24.0 (41794803)|HEAP_ALLOCATE|[38]|Bytes:8
01:11:24.0 (41807260)|SYSTEM_METHOD_ENTRY|[38]|CommunityProdController.__sfdc_pbEntry(List<PricebookEntry>)
01:11:24.0 (41950775)|VARIABLE_ASSIGNMENT|[EXTERNAL]|this|{"con":"0x1c477ae5","currentUser":"0x30f665c2","currentUserId":"00524000005uNfKAAU","pbEntry":"0x15065a7d","prod_pbEntry":"0x764198f1","prodList":"0x5256351a","prodListDisp":"0x7d9b2a7a"}|0x2f94b216
01:11:24.0 (41970677)|VARIABLE_ASSIGNMENT|[EXTERNAL]|value|[{"Id":"01u24000002VUygAAG","IsActive":true,"IsDeleted":false,"Name":"First Partners - Ful (9 more) ...","Pricebook2Id":"01s24000003Olw1AAC","Product2Id":"01t24000002t6w2AAA","ProductCode":"FPFL12000","UnitPrice":1200.00,"UseStandardPrice":false}]|0x44252896
01:11:24.0 (41986024)|VARIABLE_ASSIGNMENT|[7]|this.pbEntry|[{"Id":"01u24000002VUygAAG","IsActive":true,"IsDeleted":false,"Name":"First Partners - Ful (9 more) ...","Pricebook2Id":"01s24000003Olw1AAC","Product2Id":"01t24000002t6w2AAA","ProductCode":"FPFL12000","UnitPrice":1200.00,"UseStandardPrice":false}]|0x2f94b216
01:11:24.0 (41993817)|SYSTEM_METHOD_EXIT|[38]|CommunityProdController.__sfdc_pbEntry(List<PricebookEntry>)
01:11:24.0 (41999094)|SYSTEM_METHOD_ENTRY|[40]|CommunityProdController.__sfdc_pbEntry()
01:11:24.0 (42118627)|VARIABLE_ASSIGNMENT|[EXTERNAL]|this|{"con":"0x1c477ae5","currentUser":"0x30f665c2","currentUserId":"00524000005uNfKAAU","pbEntry":"0x44252896","prod_pbEntry":"0x764198f1","prodList":"0x5256351a","prodListDisp":"0x7d9b2a7a"}|0x2f94b216
01:11:24.0 (42127639)|SYSTEM_METHOD_EXIT|[40]|CommunityProdController.__sfdc_pbEntry()
01:11:24.0 (42133554)|SYSTEM_METHOD_ENTRY|[40]|List<PricebookEntry>.size()
01:11:24.0 (42137613)|SYSTEM_METHOD_EXIT|[40]|List<PricebookEntry>.size()
01:11:24.0 (42141929)|STATEMENT_EXECUTE|[41]
01:11:24.0 (42143386)|STATEMENT_EXECUTE|[42]
01:11:24.0 (42145957)|SYSTEM_METHOD_ENTRY|[42]|CommunityProdController.__sfdc_prod_pbEntry()
01:11:24.0 (42262859)|VARIABLE_ASSIGNMENT|[EXTERNAL]|this|{"con":"0x1c477ae5","currentUser":"0x30f665c2","currentUserId":"00524000005uNfKAAU","pbEntry":"0x44252896","prod_pbEntry":"0x764198f1","prodList":"0x5256351a","prodListDisp":"0x7d9b2a7a"}|0x2f94b216
01:11:24.0 (42271166)|SYSTEM_METHOD_EXIT|[42]|CommunityProdController.__sfdc_prod_pbEntry()
01:11:24.0 (42280287)|SYSTEM_METHOD_ENTRY|[42]|CommunityProdController.__sfdc_pbEntry()
01:11:24.0 (42393679)|VARIABLE_ASSIGNMENT|[EXTERNAL]|this|{"con":"0x1c477ae5","currentUser":"0x30f665c2","currentUserId":"00524000005uNfKAAU","pbEntry":"0x44252896","prod_pbEntry":"0x764198f1","prodList":"0x5256351a","prodListDisp":"0x7d9b2a7a"}|0x2f94b216
01:11:24.0 (42401438)|SYSTEM_METHOD_EXIT|[42]|CommunityProdController.__sfdc_pbEntry()
01:11:24.0 (42419831)|HEAP_ALLOCATE|[42]|Bytes:40
01:11:24.0 (42443400)|SYSTEM_METHOD_ENTRY|[42]|Map<Id,PricebookEntry>.put(Object, Object)
01:11:24.0 (42448091)|HEAP_ALLOCATE|[EXTERNAL]|Bytes:-4
01:11:24.0 (42456017)|SYSTEM_METHOD_EXIT|[42]|Map<Id,PricebookEntry>.put(Object, Object)
01:11:24.0 (42458617)|STATEMENT_EXECUTE|[43]
01:11:24.0 (42461538)|SYSTEM_METHOD_ENTRY|[43]|CommunityProdController.__sfdc_prodListDisp()
01:11:24.0 (42580872)|VARIABLE_ASSIGNMENT|[EXTERNAL]|this|{"con":"0x1c477ae5","currentUser":"0x30f665c2","currentUserId":"00524000005uNfKAAU","pbEntry":"0x44252896","prod_pbEntry":"0x764198f1","prodList":"0x5256351a","prodListDisp":"0x7d9b2a7a"}|0x2f94b216
01:11:24.0 (42588674)|SYSTEM_METHOD_EXIT|[43]|CommunityProdController.__sfdc_prodListDisp()
01:11:24.0 (42599262)|SYSTEM_METHOD_ENTRY|[43]|List<Product2>.add(Object)
01:11:24.0 (42602949)|HEAP_ALLOCATE|[EXTERNAL]|Bytes:4
01:11:24.0 (42608545)|SYSTEM_METHOD_EXIT|[43]|List<Product2>.add(Object)
01:11:24.0 (42614121)|STATEMENT_EXECUTE|[58]
01:11:24.0 (42617286)|SYSTEM_METHOD_ENTRY|[58]|CommunityProdController.__sfdc_pbEntry()
01:11:24.0 (42733703)|VARIABLE_ASSIGNMENT|[EXTERNAL]|this|{"con":"0x1c477ae5","currentUser":"0x30f665c2","currentUserId":"00524000005uNfKAAU","pbEntry":"0x44252896","prod_pbEntry":"0x764198f1","prodList":"0x5256351a","prodListDisp":"0x7d9b2a7a"}|0x2f94b216
01:11:24.0 (42741259)|SYSTEM_METHOD_EXIT|[58]|CommunityProdController.__sfdc_pbEntry()
01:11:24.0 (42746075)|SYSTEM_METHOD_ENTRY|[58]|List<PricebookEntry>.clear()
01:11:24.0 (42749415)|SYSTEM_METHOD_EXIT|[58]|List<PricebookEntry>.clear()
01:11:24.0 (42754382)|SYSTEM_METHOD_ENTRY|[36]|system.ListIterator.hasNext()
01:11:24.0 (42761162)|HEAP_ALLOCATE|[36]|Bytes:5
01:11:24.0 (42766132)|SYSTEM_METHOD_EXIT|[36]|system.ListIterator.hasNext()
01:11:24.0 (42785182)|HEAP_ALLOCATE|[36]|Bytes:24
01:11:24.0 (42792068)|VARIABLE_SCOPE_BEGIN|[36]|p|Product2|true|false
01:11:24.0 (42805995)|VARIABLE_ASSIGNMENT|[36]|p|{"Id":"01t24000002t7sxAAA","IsActive":true,"Name":"First Partners - Ini (36 more) ...","ProductCode":"FPSFHC-PB","DisplayOnCommunity__ (1 more) ...":true}|0x7c525ef0
01:11:24.0 (42809439)|STATEMENT_EXECUTE|[37]
01:11:24.0 (42810599)|STATEMENT_EXECUTE|[38]
01:11:24.0 (42814727)|HEAP_ALLOCATE|[38]|Bytes:4
01:11:24.0 (43025779)|SOQL_EXECUTE_BEGIN|[38]|Aggregations:0|SELECT Id, IsActive, IsDeleted, Name, Pricebook2Id, Product2Id, ProductCode, UnitPrice, UseStandardPrice FROM PricebookEntry WHERE (Product2Id = :tmpVar1 AND isActive = TRUE) LIMIT 1
01:11:24.0 (43032980)|LIMIT_USAGE|[38]|SOQL|5|100
01:11:24.0 (43039463)|LIMIT_USAGE|[38]|AGGS|0|300
01:11:24.0 (45117492)|SOQL_EXECUTE_END|[38]|Rows:1
01:11:24.0 (45124363)|LIMIT_USAGE|[38]|SOQL_ROWS|12|50000
01:11:24.0 (45136714)|HEAP_ALLOCATE|[38]|Bytes:8
01:11:24.0 (45155348)|HEAP_ALLOCATE|[38]|Bytes:289
01:11:24.0 (45174264)|HEAP_ALLOCATE|[38]|Bytes:8
01:11:24.0 (45190220)|SYSTEM_METHOD_ENTRY|[38]|CommunityProdController.__sfdc_pbEntry(List<PricebookEntry>)
01:11:24.0 (45361225)|VARIABLE_ASSIGNMENT|[EXTERNAL]|this|{"con":"0x1c477ae5","currentUser":"0x30f665c2","currentUserId":"00524000005uNfKAAU","pbEntry":"0x44252896","prod_pbEntry":"0x764198f1","prodList":"0x5256351a","prodListDisp":"0x7d9b2a7a"}|0x2f94b216
01:11:24.0 (45389434)|VARIABLE_ASSIGNMENT|[EXTERNAL]|value|[{"Id":"01u24000002VVAuAAO","IsActive":true,"IsDeleted":false,"Name":"First Partners - Ini (36 more) ...","Pricebook2Id":"01s24000003Olw1AAC","Product2Id":"01t24000002t7sxAAA","ProductCode":"FPSFHC-PB","UnitPrice":0.00,"UseStandardPrice":false}]|0x778116cc
01:11:24.0 (45417728)|VARIABLE_ASSIGNMENT|[7]|this.pbEntry|[{"Id":"01u24000002VVAuAAO","IsActive":true,"IsDeleted":false,"Name":"First Partners - Ini (36 more) ...","Pricebook2Id":"01s24000003Olw1AAC","Product2Id":"01t24000002t7sxAAA","ProductCode":"FPSFHC-PB","UnitPrice":0.00,"UseStandardPrice":false}]|0x2f94b216
01:11:24.0 (45428735)|SYSTEM_METHOD_EXIT|[38]|CommunityProdController.__sfdc_pbEntry(List<PricebookEntry>)
01:11:24.0 (45435145)|SYSTEM_METHOD_ENTRY|[40]|CommunityProdController.__sfdc_pbEntry()
01:11:24.0 (45593729)|VARIABLE_ASSIGNMENT|[EXTERNAL]|this|{"con":"0x1c477ae5","currentUser":"0x30f665c2","currentUserId":"00524000005uNfKAAU","pbEntry":"0x778116cc","prod_pbEntry":"0x764198f1","prodList":"0x5256351a","prodListDisp":"0x7d9b2a7a"}|0x2f94b216
01:11:24.0 (45607104)|SYSTEM_METHOD_EXIT|[40]|CommunityProdController.__sfdc_pbEntry()
01:11:24.0 (45616563)|SYSTEM_METHOD_ENTRY|[40]|List<PricebookEntry>.size()
01:11:24.0 (45623399)|SYSTEM_METHOD_EXIT|[40]|List<PricebookEntry>.size()
01:11:24.0 (45629152)|STATEMENT_EXECUTE|[41]
01:11:24.0 (45631164)|STATEMENT_EXECUTE|[42]
01:11:24.0 (45636353)|SYSTEM_METHOD_ENTRY|[42]|CommunityProdController.__sfdc_prod_pbEntry()
01:11:24.0 (45789451)|VARIABLE_ASSIGNMENT|[EXTERNAL]|this|{"con":"0x1c477ae5","currentUser":"0x30f665c2","currentUserId":"00524000005uNfKAAU","pbEntry":"0x778116cc","prod_pbEntry":"0x764198f1","prodList":"0x5256351a","prodListDisp":"0x7d9b2a7a"}|0x2f94b216
01:11:24.0 (45799549)|SYSTEM_METHOD_EXIT|[42]|CommunityProdController.__sfdc_prod_pbEntry()
01:11:24.0 (45809465)|SYSTEM_METHOD_ENTRY|[42]|CommunityProdController.__sfdc_pbEntry()
01:11:24.0 (45953831)|VARIABLE_ASSIGNMENT|[EXTERNAL]|this|{"con":"0x1c477ae5","currentUser":"0x30f665c2","currentUserId":"00524000005uNfKAAU","pbEntry":"0x778116cc","prod_pbEntry":"0x764198f1","prodList":"0x5256351a","prodListDisp":"0x7d9b2a7a"}|0x2f94b216
01:11:24.0 (45965353)|SYSTEM_METHOD_EXIT|[42]|CommunityProdController.__sfdc_pbEntry()
01:11:24.0 (45992029)|HEAP_ALLOCATE|[42]|Bytes:40
01:11:24.0 (46019196)|SYSTEM_METHOD_ENTRY|[42]|Map<Id,PricebookEntry>.put(Object, Object)
01:11:24.0 (46027757)|HEAP_ALLOCATE|[EXTERNAL]|Bytes:-4
01:11:24.0 (46042242)|SYSTEM_METHOD_EXIT|[42]|Map<Id,PricebookEntry>.put(Object, Object)
01:11:24.0 (46046308)|STATEMENT_EXECUTE|[43]
01:11:24.0 (46051265)|SYSTEM_METHOD_ENTRY|[43]|CommunityProdController.__sfdc_prodListDisp()
01:11:24.0 (46203129)|VARIABLE_ASSIGNMENT|[EXTERNAL]|this|{"con":"0x1c477ae5","currentUser":"0x30f665c2","currentUserId":"00524000005uNfKAAU","pbEntry":"0x778116cc","prod_pbEntry":"0x764198f1","prodList":"0x5256351a","prodListDisp":"0x7d9b2a7a"}|0x2f94b216
01:11:24.0 (46213163)|SYSTEM_METHOD_EXIT|[43]|CommunityProdController.__sfdc_prodListDisp()
01:11:24.0 (46224194)|SYSTEM_METHOD_ENTRY|[43]|List<Product2>.add(Object)
01:11:24.0 (46228095)|HEAP_ALLOCATE|[EXTERNAL]|Bytes:4
01:11:24.0 (46234535)|SYSTEM_METHOD_EXIT|[43]|List<Product2>.add(Object)
01:11:24.0 (46238113)|STATEMENT_EXECUTE|[58]
01:11:24.0 (46242745)|SYSTEM_METHOD_ENTRY|[58]|CommunityProdController.__sfdc_pbEntry()
01:11:24.0 (46391346)|VARIABLE_ASSIGNMENT|[EXTERNAL]|this|{"con":"0x1c477ae5","currentUser":"0x30f665c2","currentUserId":"00524000005uNfKAAU","pbEntry":"0x778116cc","prod_pbEntry":"0x764198f1","prodList":"0x5256351a","prodListDisp":"0x7d9b2a7a"}|0x2f94b216
01:11:24.0 (46404526)|SYSTEM_METHOD_EXIT|[58]|CommunityProdController.__sfdc_pbEntry()
01:11:24.0 (46413020)|SYSTEM_METHOD_ENTRY|[58]|List<PricebookEntry>.clear()
01:11:24.0 (46418681)|SYSTEM_METHOD_EXIT|[58]|List<PricebookEntry>.clear()
01:11:24.0 (46426210)|SYSTEM_METHOD_ENTRY|[36]|system.ListIterator.hasNext()
01:11:24.0 (46434242)|HEAP_ALLOCATE|[36]|Bytes:5
01:11:24.0 (46439445)|SYSTEM_METHOD_EXIT|[36]|system.ListIterator.hasNext()
01:11:24.0 (46460492)|HEAP_ALLOCATE|[36]|Bytes:24
01:11:24.0 (46467260)|VARIABLE_SCOPE_BEGIN|[36]|p|Product2|true|false
01:11:24.0 (46489302)|VARIABLE_ASSIGNMENT|[36]|p|{"Id":"01t24000002t7s9AAA","IsActive":true,"Name":"First Partners - Ini (33 more) ...","ProductCode":"FPSMI-PB","DisplayOnCommunity__ (1 more) ...":true}|0x346f0760
01:11:24.0 (46494379)|STATEMENT_EXECUTE|[37]
01:11:24.0 (46496235)|STATEMENT_EXECUTE|[38]
01:11:24.0 (46501779)|HEAP_ALLOCATE|[38]|Bytes:4
01:11:24.0 (46790508)|SOQL_EXECUTE_BEGIN|[38]|Aggregations:0|SELECT Id, IsActive, IsDeleted, Name, Pricebook2Id, Product2Id, ProductCode, UnitPrice, UseStandardPrice FROM PricebookEntry WHERE (Product2Id = :tmpVar1 AND isActive = TRUE) LIMIT 1
01:11:24.0 (46797609)|LIMIT_USAGE|[38]|SOQL|6|100
01:11:24.0 (46804503)|LIMIT_USAGE|[38]|AGGS|0|300
01:11:24.0 (49202941)|SOQL_EXECUTE_END|[38]|Rows:1
01:11:24.0 (49209351)|LIMIT_USAGE|[38]|SOQL_ROWS|13|50000
01:11:24.0 (49219386)|HEAP_ALLOCATE|[38]|Bytes:8
01:11:24.0 (49233420)|HEAP_ALLOCATE|[38]|Bytes:285
01:11:24.0 (49246492)|HEAP_ALLOCATE|[38]|Bytes:8
01:11:24.0 (49259234)|SYSTEM_METHOD_ENTRY|[38]|CommunityProdController.__sfdc_pbEntry(List<PricebookEntry>)
01:11:24.0 (49437598)|VARIABLE_ASSIGNMENT|[EXTERNAL]|this|{"con":"0x1c477ae5","currentUser":"0x30f665c2","currentUserId":"00524000005uNfKAAU","pbEntry":"0x778116cc","prod_pbEntry":"0x764198f1","prodList":"0x5256351a","prodListDisp":"0x7d9b2a7a"}|0x2f94b216
01:11:24.0 (49460034)|VARIABLE_ASSIGNMENT|[EXTERNAL]|value|[{"Id":"01u24000002VVAQAA4","IsActive":true,"IsDeleted":false,"Name":"First Partners - Ini (33 more) ...","Pricebook2Id":"01s24000003Olw1AAC","Product2Id":"01t24000002t7s9AAA","ProductCode":"FPSMI-PB","UnitPrice":0.00,"UseStandardPrice":false}]|0x40149da4
01:11:24.0 (49482306)|VARIABLE_ASSIGNMENT|[7]|this.pbEntry|[{"Id":"01u24000002VVAQAA4","IsActive":true,"IsDeleted":false,"Name":"First Partners - Ini (33 more) ...","Pricebook2Id":"01s24000003Olw1AAC","Product2Id":"01t24000002t7s9AAA","ProductCode":"FPSMI-PB","UnitPrice":0.00,"UseStandardPrice":false}]|0x2f94b216
01:11:24.0 (49490839)|SYSTEM_METHOD_EXIT|[38]|CommunityProdController.__sfdc_pbEntry(List<PricebookEntry>)
01:11:24.0 (49497096)|SYSTEM_METHOD_ENTRY|[40]|CommunityProdController.__sfdc_pbEntry()
01:11:24.0 (49661939)|VARIABLE_ASSIGNMENT|[EXTERNAL]|this|{"con":"0x1c477ae5","currentUser":"0x30f665c2","currentUserId":"00524000005uNfKAAU","pbEntry":"0x40149da4","prod_pbEntry":"0x764198f1","prodList":"0x5256351a","prodListDisp":"0x7d9b2a7a"}|0x2f94b216
01:11:24.0 (49674335)|SYSTEM_METHOD_EXIT|[40]|CommunityProdController.__sfdc_pbEntry()
01:11:24.0 (49681383)|SYSTEM_METHOD_ENTRY|[40]|List<PricebookEntry>.size()
01:11:24.0 (49685947)|SYSTEM_METHOD_EXIT|[40]|List<PricebookEntry>.size()
01:11:24.0 (49689833)|STATEMENT_EXECUTE|[41]
01:11:24.0 (49691275)|STATEMENT_EXECUTE|[42]
01:11:24.0 (49694104)|SYSTEM_METHOD_ENTRY|[42]|CommunityProdController.__sfdc_prod_pbEntry()
01:11:24.0 (49844587)|VARIABLE_ASSIGNMENT|[EXTERNAL]|this|{"con":"0x1c477ae5","currentUser":"0x30f665c2","currentUserId":"00524000005uNfKAAU","pbEntry":"0x40149da4","prod_pbEntry":"0x764198f1","prodList":"0x5256351a","prodListDisp":"0x7d9b2a7a"}|0x2f94b216
01:11:24.0 (49858473)|SYSTEM_METHOD_EXIT|[42]|CommunityProdController.__sfdc_prod_pbEntry()
01:11:24.0 (49872486)|SYSTEM_METHOD_ENTRY|[42]|CommunityProdController.__sfdc_pbEntry()
01:11:24.0 (50025763)|VARIABLE_ASSIGNMENT|[EXTERNAL]|this|{"con":"0x1c477ae5","currentUser":"0x30f665c2","currentUserId":"00524000005uNfKAAU","pbEntry":"0x40149da4","prod_pbEntry":"0x764198f1","prodList":"0x5256351a","prodListDisp":"0x7d9b2a7a"}|0x2f94b216
01:11:24.0 (50035552)|SYSTEM_METHOD_EXIT|[42]|CommunityProdController.__sfdc_pbEntry()
01:11:24.0 (50055358)|HEAP_ALLOCATE|[42]|Bytes:40
01:11:24.0 (50078448)|SYSTEM_METHOD_ENTRY|[42]|Map<Id,PricebookEntry>.put(Object, Object)
01:11:24.0 (50085294)|HEAP_ALLOCATE|[EXTERNAL]|Bytes:-4
01:11:24.0 (50098945)|SYSTEM_METHOD_EXIT|[42]|Map<Id,PricebookEntry>.put(Object, Object)
01:11:24.0 (50275726)|STATEMENT_EXECUTE|[43]
01:11:24.0 (50285361)|SYSTEM_METHOD_ENTRY|[43]|CommunityProdController.__sfdc_prodListDisp()
01:11:24.0 (50466004)|VARIABLE_ASSIGNMENT|[EXTERNAL]|this|{"con":"0x1c477ae5","currentUser":"0x30f665c2","currentUserId":"00524000005uNfKAAU","pbEntry":"0x40149da4","prod_pbEntry":"0x764198f1","prodList":"0x5256351a","prodListDisp":"0x7d9b2a7a"}|0x2f94b216
01:11:24.0 (50484990)|SYSTEM_METHOD_EXIT|[43]|CommunityProdController.__sfdc_prodListDisp()
01:11:24.0 (50503897)|SYSTEM_METHOD_ENTRY|[43]|List<Product2>.add(Object)
01:11:24.0 (50510087)|HEAP_ALLOCATE|[EXTERNAL]|Bytes:4
01:11:24.0 (50520396)|SYSTEM_METHOD_EXIT|[43]|List<Product2>.add(Object)
01:11:24.0 (50524618)|STATEMENT_EXECUTE|[58]
01:11:24.0 (50530173)|SYSTEM_METHOD_ENTRY|[58]|CommunityProdController.__sfdc_pbEntry()
01:11:24.0 (50726128)|VARIABLE_ASSIGNMENT|[EXTERNAL]|this|{"con":"0x1c477ae5","currentUser":"0x30f665c2","currentUserId":"00524000005uNfKAAU","pbEntry":"0x40149da4","prod_pbEntry":"0x764198f1","prodList":"0x5256351a","prodListDisp":"0x7d9b2a7a"}|0x2f94b216
01:11:24.0 (50740610)|SYSTEM_METHOD_EXIT|[58]|CommunityProdController.__sfdc_pbEntry()
01:11:24.0 (50753435)|SYSTEM_METHOD_ENTRY|[58]|List<PricebookEntry>.clear()
01:11:24.0 (50760778)|SYSTEM_METHOD_EXIT|[58]|List<PricebookEntry>.clear()
01:11:24.0 (50767259)|SYSTEM_METHOD_ENTRY|[36]|system.ListIterator.hasNext()
01:11:24.0 (50774383)|HEAP_ALLOCATE|[36]|Bytes:5
01:11:24.0 (50779641)|SYSTEM_METHOD_EXIT|[36]|system.ListIterator.hasNext()
01:11:24.0 (50800445)|HEAP_ALLOCATE|[36]|Bytes:24
01:11:24.0 (50807406)|VARIABLE_SCOPE_BEGIN|[36]|p|Product2|true|false
01:11:24.0 (50831667)|VARIABLE_ASSIGNMENT|[36]|p|{"Id":"01t24000002t7rpAAA","IsActive":true,"Name":"First Partners - Mon (23 more) ...","ProductCode":"FPMWS-PB","DisplayOnCommunity__ (1 more) ...":true}|0x930431e
01:11:24.0 (50837032)|STATEMENT_EXECUTE|[37]
01:11:24.0 (50838846)|STATEMENT_EXECUTE|[38]
01:11:24.0 (50844470)|HEAP_ALLOCATE|[38]|Bytes:4
01:11:24.0 (51160518)|SOQL_EXECUTE_BEGIN|[38]|Aggregations:0|SELECT Id, IsActive, IsDeleted, Name, Pricebook2Id, Product2Id, ProductCode, UnitPrice, UseStandardPrice FROM PricebookEntry WHERE (Product2Id = :tmpVar1 AND isActive = TRUE) LIMIT 1
01:11:24.0 (51167968)|LIMIT_USAGE|[38]|SOQL|7|100
01:11:24.0 (51174652)|LIMIT_USAGE|[38]|AGGS|0|300
01:11:24.0 (56179887)|SOQL_EXECUTE_END|[38]|Rows:1
01:11:24.0 (56188575)|LIMIT_USAGE|[38]|SOQL_ROWS|14|50000
01:11:24.0 (56201757)|HEAP_ALLOCATE|[38]|Bytes:8
01:11:24.0 (56217451)|HEAP_ALLOCATE|[38]|Bytes:275
01:11:24.0 (56231464)|HEAP_ALLOCATE|[38]|Bytes:8
01:11:24.0 (56244114)|SYSTEM_METHOD_ENTRY|[38]|CommunityProdController.__sfdc_pbEntry(List<PricebookEntry>)
01:11:24.0 (56425929)|VARIABLE_ASSIGNMENT|[EXTERNAL]|this|{"con":"0x1c477ae5","currentUser":"0x30f665c2","currentUserId":"00524000005uNfKAAU","pbEntry":"0x40149da4","prod_pbEntry":"0x764198f1","prodList":"0x5256351a","prodListDisp":"0x7d9b2a7a"}|0x2f94b216
01:11:24.0 (56447531)|VARIABLE_ASSIGNMENT|[EXTERNAL]|value|[{"Id":"01u24000002VVALAA4","IsActive":true,"IsDeleted":false,"Name":"First Partners - Mon (23 more) ...","Pricebook2Id":"01s24000003Olw1AAC","Product2Id":"01t24000002t7rpAAA","ProductCode":"FPMWS-PB","UnitPrice":0.00,"UseStandardPrice":false}]|0x5afd8c
01:11:24.0 (56464834)|VARIABLE_ASSIGNMENT|[7]|this.pbEntry|[{"Id":"01u24000002VVALAA4","IsActive":true,"IsDeleted":false,"Name":"First Partners - Mon (23 more) ...","Pricebook2Id":"01s24000003Olw1AAC","Product2Id":"01t24000002t7rpAAA","ProductCode":"FPMWS-PB","UnitPrice":0.00,"UseStandardPrice":false}]|0x2f94b216
01:11:24.0 (56478198)|SYSTEM_METHOD_EXIT|[38]|CommunityProdController.__sfdc_pbEntry(List<PricebookEntry>)
01:11:24.0 (56484200)|SYSTEM_METHOD_ENTRY|[40]|CommunityProdController.__sfdc_pbEntry()
01:11:24.0 (56650392)|VARIABLE_ASSIGNMENT|[EXTERNAL]|this|{"con":"0x1c477ae5","currentUser":"0x30f665c2","currentUserId":"00524000005uNfKAAU","pbEntry":"0x5afd8c","prod_pbEntry":"0x764198f1","prodList":"0x5256351a","prodListDisp":"0x7d9b2a7a"}|0x2f94b216
01:11:24.0 (56662209)|SYSTEM_METHOD_EXIT|[40]|CommunityProdController.__sfdc_pbEntry()
01:11:24.0 (56669529)|SYSTEM_METHOD_ENTRY|[40]|List<PricebookEntry>.size()
01:11:24.0 (56673862)|SYSTEM_METHOD_EXIT|[40]|List<PricebookEntry>.size()
01:11:24.0 (56677744)|STATEMENT_EXECUTE|[41]
01:11:24.0 (56679179)|STATEMENT_EXECUTE|[42]
01:11:24.0 (56682114)|SYSTEM_METHOD_ENTRY|[42]|CommunityProdController.__sfdc_prod_pbEntry()
01:11:24.0 (56834647)|VARIABLE_ASSIGNMENT|[EXTERNAL]|this|{"con":"0x1c477ae5","currentUser":"0x30f665c2","currentUserId":"00524000005uNfKAAU","pbEntry":"0x5afd8c","prod_pbEntry":"0x764198f1","prodList":"0x5256351a","prodListDisp":"0x7d9b2a7a"}|0x2f94b216
01:11:24.0 (56847558)|SYSTEM_METHOD_EXIT|[42]|CommunityProdController.__sfdc_prod_pbEntry()
01:11:24.0 (56861749)|SYSTEM_METHOD_ENTRY|[42]|CommunityProdController.__sfdc_pbEntry()
01:11:24.0 (57011711)|VARIABLE_ASSIGNMENT|[EXTERNAL]|this|{"con":"0x1c477ae5","currentUser":"0x30f665c2","currentUserId":"00524000005uNfKAAU","pbEntry":"0x5afd8c","prod_pbEntry":"0x764198f1","prodList":"0x5256351a","prodListDisp":"0x7d9b2a7a"}|0x2f94b216
01:11:24.0 (57021255)|SYSTEM_METHOD_EXIT|[42]|CommunityProdController.__sfdc_pbEntry()
01:11:24.0 (57041716)|HEAP_ALLOCATE|[42]|Bytes:40
01:11:24.0 (57060880)|SYSTEM_METHOD_ENTRY|[42]|Map<Id,PricebookEntry>.put(Object, Object)
01:11:24.0 (57067356)|HEAP_ALLOCATE|[EXTERNAL]|Bytes:-4
01:11:24.0 (57080091)|SYSTEM_METHOD_EXIT|[42]|Map<Id,PricebookEntry>.put(Object, Object)
01:11:24.0 (57084640)|STATEMENT_EXECUTE|[43]
01:11:24.0 (57090406)|SYSTEM_METHOD_ENTRY|[43]|CommunityProdController.__sfdc_prodListDisp()
01:11:24.0 (57254517)|VARIABLE_ASSIGNMENT|[EXTERNAL]|this|{"con":"0x1c477ae5","currentUser":"0x30f665c2","currentUserId":"00524000005uNfKAAU","pbEntry":"0x5afd8c","prod_pbEntry":"0x764198f1","prodList":"0x5256351a","prodListDisp":"0x7d9b2a7a"}|0x2f94b216
01:11:24.0 (57264047)|SYSTEM_METHOD_EXIT|[43]|CommunityProdController.__sfdc_prodListDisp()
01:11:24.0 (57276090)|SYSTEM_METHOD_ENTRY|[43]|List<Product2>.add(Object)
01:11:24.0 (57279900)|HEAP_ALLOCATE|[EXTERNAL]|Bytes:4
01:11:24.0 (57286049)|SYSTEM_METHOD_EXIT|[43]|List<Product2>.add(Object)
01:11:24.0 (57288817)|STATEMENT_EXECUTE|[58]
01:11:24.0 (57291998)|SYSTEM_METHOD_ENTRY|[58]|CommunityProdController.__sfdc_pbEntry()
01:11:24.0 (57449550)|VARIABLE_ASSIGNMENT|[EXTERNAL]|this|{"con":"0x1c477ae5","currentUser":"0x30f665c2","currentUserId":"00524000005uNfKAAU","pbEntry":"0x5afd8c","prod_pbEntry":"0x764198f1","prodList":"0x5256351a","prodListDisp":"0x7d9b2a7a"}|0x2f94b216
01:11:24.0 (57460887)|SYSTEM_METHOD_EXIT|[58]|CommunityProdController.__sfdc_pbEntry()
01:11:24.0 (57466934)|SYSTEM_METHOD_ENTRY|[58]|List<PricebookEntry>.clear()
01:11:24.0 (57475065)|SYSTEM_METHOD_EXIT|[58]|List<PricebookEntry>.clear()
01:11:24.0 (57480045)|SYSTEM_METHOD_ENTRY|[36]|system.ListIterator.hasNext()
01:11:24.0 (57486762)|HEAP_ALLOCATE|[36]|Bytes:5
01:11:24.0 (57491892)|SYSTEM_METHOD_EXIT|[36]|system.ListIterator.hasNext()
01:11:24.0 (57512606)|HEAP_ALLOCATE|[36]|Bytes:28
01:11:24.0 (57521680)|VARIABLE_SCOPE_BEGIN|[36]|p|Product2|true|false
01:11:24.0 (57546530)|VARIABLE_ASSIGNMENT|[36]|p|{"Description":"This is for First Pa (75 more) ...","Id":"01t24000002t7jvAAA","IsActive":true,"Name":"First Partners - Mul (23 more) ...","ProductCode":"FPMSO600","DisplayOnCommunity__ (1 more) ...":true}|0x737ea6ba
01:11:24.0 (57552751)|STATEMENT_EXECUTE|[37]
01:11:24.0 (57554973)|STATEMENT_EXECUTE|[38]
01:11:24.0 (57560565)|HEAP_ALLOCATE|[38]|Bytes:4
01:11:24.0 (57823330)|SOQL_EXECUTE_BEGIN|[38]|Aggregations:0|SELECT Id, IsActive, IsDeleted, Name, Pricebook2Id, Product2Id, ProductCode, UnitPrice, UseStandardPrice FROM PricebookEntry WHERE (Product2Id = :tmpVar1 AND isActive = TRUE) LIMIT 1
01:11:24.0 (57829850)|LIMIT_USAGE|[38]|SOQL|8|100
01:11:24.0 (57836047)|LIMIT_USAGE|[38]|AGGS|0|300
01:11:24.0 (60453087)|SOQL_EXECUTE_END|[38]|Rows:1
01:11:24.0 (60460794)|LIMIT_USAGE|[38]|SOQL_ROWS|15|50000
01:11:24.0 (60479381)|HEAP_ALLOCATE|[38]|Bytes:8
01:11:24.0 (60497308)|HEAP_ALLOCATE|[38]|Bytes:275
01:11:24.0 (60513998)|HEAP_ALLOCATE|[38]|Bytes:8
01:11:24.0 (60527293)|SYSTEM_METHOD_ENTRY|[38]|CommunityProdController.__sfdc_pbEntry(List<PricebookEntry>)
01:11:24.0 (60697823)|VARIABLE_ASSIGNMENT|[EXTERNAL]|this|{"con":"0x1c477ae5","currentUser":"0x30f665c2","currentUserId":"00524000005uNfKAAU","pbEntry":"0x5afd8c","prod_pbEntry":"0x764198f1","prodList":"0x5256351a","prodListDisp":"0x7d9b2a7a"}|0x2f94b216
01:11:24.0 (60730907)|VARIABLE_ASSIGNMENT|[EXTERNAL]|value|[{"Id":"01u24000002VV8yAAG","IsActive":true,"IsDeleted":false,"Name":"First Partners - Mul (23 more) ...","Pricebook2Id":"01s24000003Olw1AAC","Product2Id":"01t24000002t7jvAAA","ProductCode":"FPMSO600","UnitPrice":600.00,"UseStandardPrice":false}]|0x56a8410e
01:11:24.0 (60752959)|VARIABLE_ASSIGNMENT|[7]|this.pbEntry|[{"Id":"01u24000002VV8yAAG","IsActive":true,"IsDeleted":false,"Name":"First Partners - Mul (23 more) ...","Pricebook2Id":"01s24000003Olw1AAC","Product2Id":"01t24000002t7jvAAA","ProductCode":"FPMSO600","UnitPrice":600.00,"UseStandardPrice":false}]|0x2f94b216
01:11:24.0 (60762535)|SYSTEM_METHOD_EXIT|[38]|CommunityProdController.__sfdc_pbEntry(List<PricebookEntry>)
01:11:24.0 (60768441)|SYSTEM_METHOD_ENTRY|[40]|CommunityProdController.__sfdc_pbEntry()
01:11:24.0 (60924461)|VARIABLE_ASSIGNMENT|[EXTERNAL]|this|{"con":"0x1c477ae5","currentUser":"0x30f665c2","currentUserId":"00524000005uNfKAAU","pbEntry":"0x56a8410e","prod_pbEntry":"0x764198f1","prodList":"0x5256351a","prodListDisp":"0x7d9b2a7a"}|0x2f94b216
01:11:24.0 (60938374)|SYSTEM_METHOD_EXIT|[40]|CommunityProdController.__sfdc_pbEntry()
01:11:24.0 (60948352)|SYSTEM_METHOD_ENTRY|[40]|List<PricebookEntry>.size()
01:11:24.0 (60955075)|SYSTEM_METHOD_EXIT|[40]|List<PricebookEntry>.size()
01:11:24.0 (60960083)|STATEMENT_EXECUTE|[41]
01:11:24.0 (60961594)|STATEMENT_EXECUTE|[42]
01:11:24.0 (60965318)|SYSTEM_METHOD_ENTRY|[42]|CommunityProdController.__sfdc_prod_pbEntry()
01:11:24.0 (61114994)|VARIABLE_ASSIGNMENT|[EXTERNAL]|this|{"con":"0x1c477ae5","currentUser":"0x30f665c2","currentUserId":"00524000005uNfKAAU","pbEntry":"0x56a8410e","prod_pbEntry":"0x764198f1","prodList":"0x5256351a","prodListDisp":"0x7d9b2a7a"}|0x2f94b216
01:11:24.0 (61124718)|SYSTEM_METHOD_EXIT|[42]|CommunityProdController.__sfdc_prod_pbEntry()
01:11:24.0 (61134734)|SYSTEM_METHOD_ENTRY|[42]|CommunityProdController.__sfdc_pbEntry()
01:11:24.0 (61288368)|VARIABLE_ASSIGNMENT|[EXTERNAL]|this|{"con":"0x1c477ae5","currentUser":"0x30f665c2","currentUserId":"00524000005uNfKAAU","pbEntry":"0x56a8410e","prod_pbEntry":"0x764198f1","prodList":"0x5256351a","prodListDisp":"0x7d9b2a7a"}|0x2f94b216
01:11:24.0 (61300356)|SYSTEM_METHOD_EXIT|[42]|CommunityProdController.__sfdc_pbEntry()
01:11:24.0 (61322842)|HEAP_ALLOCATE|[42]|Bytes:40
01:11:24.0 (61343083)|SYSTEM_METHOD_ENTRY|[42]|Map<Id,PricebookEntry>.put(Object, Object)
01:11:24.0 (61348316)|HEAP_ALLOCATE|[EXTERNAL]|Bytes:-4
01:11:24.0 (61356532)|SYSTEM_METHOD_EXIT|[42]|Map<Id,PricebookEntry>.put(Object, Object)
01:11:24.0 (61359725)|STATEMENT_EXECUTE|[43]
01:11:24.0 (61363453)|SYSTEM_METHOD_ENTRY|[43]|CommunityProdController.__sfdc_prodListDisp()
01:11:24.0 (61529183)|VARIABLE_ASSIGNMENT|[EXTERNAL]|this|{"con":"0x1c477ae5","currentUser":"0x30f665c2","currentUserId":"00524000005uNfKAAU","pbEntry":"0x56a8410e","prod_pbEntry":"0x764198f1","prodList":"0x5256351a","prodListDisp":"0x7d9b2a7a"}|0x2f94b216
01:11:24.0 (61540185)|SYSTEM_METHOD_EXIT|[43]|CommunityProdController.__sfdc_prodListDisp()
01:11:24.0 (61552605)|SYSTEM_METHOD_ENTRY|[43]|List<Product2>.add(Object)
01:11:24.0 (61557391)|HEAP_ALLOCATE|[EXTERNAL]|Bytes:4
01:11:24.0 (61564380)|SYSTEM_METHOD_EXIT|[43]|List<Product2>.add(Object)
01:11:24.0 (61567187)|STATEMENT_EXECUTE|[58]
01:11:24.0 (61570231)|SYSTEM_METHOD_ENTRY|[58]|CommunityProdController.__sfdc_pbEntry()
01:11:24.0 (61724673)|VARIABLE_ASSIGNMENT|[EXTERNAL]|this|{"con":"0x1c477ae5","currentUser":"0x30f665c2","currentUserId":"00524000005uNfKAAU","pbEntry":"0x56a8410e","prod_pbEntry":"0x764198f1","prodList":"0x5256351a","prodListDisp":"0x7d9b2a7a"}|0x2f94b216
01:11:24.0 (61737985)|SYSTEM_METHOD_EXIT|[58]|CommunityProdController.__sfdc_pbEntry()
01:11:24.0 (61745830)|SYSTEM_METHOD_ENTRY|[58]|List<PricebookEntry>.clear()
01:11:24.0 (61751258)|SYSTEM_METHOD_EXIT|[58]|List<PricebookEntry>.clear()
01:11:24.0 (61756369)|SYSTEM_METHOD_ENTRY|[36]|system.ListIterator.hasNext()
01:11:24.0 (61763174)|HEAP_ALLOCATE|[36]|Bytes:5
01:11:24.0 (61768209)|SYSTEM_METHOD_EXIT|[36]|system.ListIterator.hasNext()
01:11:24.0 (61788503)|HEAP_ALLOCATE|[36]|Bytes:24
01:11:24.0 (61795072)|VARIABLE_SCOPE_BEGIN|[36]|p|Product2|true|false
01:11:24.0 (61812555)|VARIABLE_ASSIGNMENT|[36]|p|{"Id":"01t24000002t7ssAAA","IsActive":true,"Name":"First Partners - Soc (21 more) ...","ProductCode":"FPSMC400","DisplayOnCommunity__ (1 more) ...":true}|0x1d35d3fb
01:11:24.0 (61817741)|STATEMENT_EXECUTE|[37]
01:11:24.0 (61819502)|STATEMENT_EXECUTE|[38]
01:11:24.0 (61824729)|HEAP_ALLOCATE|[38]|Bytes:4
01:11:24.0 (62101778)|SOQL_EXECUTE_BEGIN|[38]|Aggregations:0|SELECT Id, IsActive, IsDeleted, Name, Pricebook2Id, Product2Id, ProductCode, UnitPrice, UseStandardPrice FROM PricebookEntry WHERE (Product2Id = :tmpVar1 AND isActive = TRUE) LIMIT 1
01:11:24.0 (62110035)|LIMIT_USAGE|[38]|SOQL|9|100
01:11:24.0 (62117102)|LIMIT_USAGE|[38]|AGGS|0|300
01:11:24.0 (64760393)|SOQL_EXECUTE_END|[38]|Rows:1
01:11:24.0 (64768192)|LIMIT_USAGE|[38]|SOQL_ROWS|16|50000
01:11:24.0 (64782070)|HEAP_ALLOCATE|[38]|Bytes:8
01:11:24.0 (64799868)|HEAP_ALLOCATE|[38]|Bytes:273
01:11:24.0 (64817078)|HEAP_ALLOCATE|[38]|Bytes:8
01:11:24.0 (64830416)|SYSTEM_METHOD_ENTRY|[38]|CommunityProdController.__sfdc_pbEntry(List<PricebookEntry>)
01:11:24.0 (65021261)|VARIABLE_ASSIGNMENT|[EXTERNAL]|this|{"con":"0x1c477ae5","currentUser":"0x30f665c2","currentUserId":"00524000005uNfKAAU","pbEntry":"0x56a8410e","prod_pbEntry":"0x764198f1","prodList":"0x5256351a","prodListDisp":"0x7d9b2a7a"}|0x2f94b216
01:11:24.0 (65050544)|VARIABLE_ASSIGNMENT|[EXTERNAL]|value|[{"Id":"01u24000002VVAkAAO","IsActive":true,"IsDeleted":false,"Name":"First Partners - Soc (21 more) ...","Pricebook2Id":"01s24000003Olw1AAC","Product2Id":"01t24000002t7ssAAA","ProductCode":"FPSMC400","UnitPrice":400.00,"UseStandardPrice":false}]|0x11b2d83b
01:11:24.0 (65078369)|VARIABLE_ASSIGNMENT|[7]|this.pbEntry|[{"Id":"01u24000002VVAkAAO","IsActive":true,"IsDeleted":false,"Name":"First Partners - Soc (21 more) ...","Pricebook2Id":"01s24000003Olw1AAC","Product2Id":"01t24000002t7ssAAA","ProductCode":"FPSMC400","UnitPrice":400.00,"UseStandardPrice":false}]|0x2f94b216
01:11:24.0 (65090564)|SYSTEM_METHOD_EXIT|[38]|CommunityProdController.__sfdc_pbEntry(List<PricebookEntry>)
01:11:24.0 (65096946)|SYSTEM_METHOD_ENTRY|[40]|CommunityProdController.__sfdc_pbEntry()
01:11:24.0 (65259506)|VARIABLE_ASSIGNMENT|[EXTERNAL]|this|{"con":"0x1c477ae5","currentUser":"0x30f665c2","currentUserId":"00524000005uNfKAAU","pbEntry":"0x11b2d83b","prod_pbEntry":"0x764198f1","prodList":"0x5256351a","prodListDisp":"0x7d9b2a7a"}|0x2f94b216
01:11:24.0 (65270316)|SYSTEM_METHOD_EXIT|[40]|CommunityProdController.__sfdc_pbEntry()
01:11:24.0 (65279089)|SYSTEM_METHOD_ENTRY|[40]|List<PricebookEntry>.size()
01:11:24.0 (65285409)|SYSTEM_METHOD_EXIT|[40]|List<PricebookEntry>.size()
01:11:24.0 (65290768)|STATEMENT_EXECUTE|[41]
01:11:24.0 (65293032)|STATEMENT_EXECUTE|[42]
01:11:24.0 (65298590)|SYSTEM_METHOD_ENTRY|[42]|CommunityProdController.__sfdc_prod_pbEntry()
01:11:24.0 (65477839)|VARIABLE_ASSIGNMENT|[EXTERNAL]|this|{"con":"0x1c477ae5","currentUser":"0x30f665c2","currentUserId":"00524000005uNfKAAU","pbEntry":"0x11b2d83b","prod_pbEntry":"0x764198f1","prodList":"0x5256351a","prodListDisp":"0x7d9b2a7a"}|0x2f94b216
01:11:24.0 (65490147)|SYSTEM_METHOD_EXIT|[42]|CommunityProdController.__sfdc_prod_pbEntry()
01:11:24.0 (65500765)|SYSTEM_METHOD_ENTRY|[42]|CommunityProdController.__sfdc_pbEntry()
01:11:24.0 (65674633)|VARIABLE_ASSIGNMENT|[EXTERNAL]|this|{"con":"0x1c477ae5","currentUser":"0x30f665c2","currentUserId":"00524000005uNfKAAU","pbEntry":"0x11b2d83b","prod_pbEntry":"0x764198f1","prodList":"0x5256351a","prodListDisp":"0x7d9b2a7a"}|0x2f94b216
01:11:24.0 (65687875)|SYSTEM_METHOD_EXIT|[42]|CommunityProdController.__sfdc_pbEntry()
01:11:24.0 (65715673)|HEAP_ALLOCATE|[42]|Bytes:40
01:11:24.0 (65736483)|SYSTEM_METHOD_ENTRY|[42]|Map<Id,PricebookEntry>.put(Object, Object)
01:11:24.0 (65743253)|HEAP_ALLOCATE|[EXTERNAL]|Bytes:-4
01:11:24.0 (65755911)|SYSTEM_METHOD_EXIT|[42]|Map<Id,PricebookEntry>.put(Object, Object)
01:11:24.0 (65760373)|STATEMENT_EXECUTE|[43]
01:11:24.0 (65766271)|SYSTEM_METHOD_ENTRY|[43]|CommunityProdController.__sfdc_prodListDisp()
01:11:24.0 (65943876)|VARIABLE_ASSIGNMENT|[EXTERNAL]|this|{"con":"0x1c477ae5","currentUser":"0x30f665c2","currentUserId":"00524000005uNfKAAU","pbEntry":"0x11b2d83b","prod_pbEntry":"0x764198f1","prodList":"0x5256351a","prodListDisp":"0x7d9b2a7a"}|0x2f94b216
01:11:24.0 (65954824)|SYSTEM_METHOD_EXIT|[43]|CommunityProdController.__sfdc_prodListDisp()
01:11:24.0 (65968094)|SYSTEM_METHOD_ENTRY|[43]|List<Product2>.add(Object)
01:11:24.0 (65972198)|HEAP_ALLOCATE|[EXTERNAL]|Bytes:4
01:11:24.0 (65981309)|SYSTEM_METHOD_EXIT|[43]|List<Product2>.add(Object)
01:11:24.0 (65985145)|STATEMENT_EXECUTE|[58]
01:11:24.0 (65989956)|SYSTEM_METHOD_ENTRY|[58]|CommunityProdController.__sfdc_pbEntry()
01:11:24.0 (66168843)|VARIABLE_ASSIGNMENT|[EXTERNAL]|this|{"con":"0x1c477ae5","currentUser":"0x30f665c2","currentUserId":"00524000005uNfKAAU","pbEntry":"0x11b2d83b","prod_pbEntry":"0x764198f1","prodList":"0x5256351a","prodListDisp":"0x7d9b2a7a"}|0x2f94b216
01:11:24.0 (66182109)|SYSTEM_METHOD_EXIT|[58]|CommunityProdController.__sfdc_pbEntry()
01:11:24.0 (66188589)|SYSTEM_METHOD_ENTRY|[58]|List<PricebookEntry>.clear()
01:11:24.0 (66194122)|SYSTEM_METHOD_EXIT|[58]|List<PricebookEntry>.clear()
01:11:24.0 (66201337)|SYSTEM_METHOD_ENTRY|[36]|system.ListIterator.hasNext()
01:11:24.0 (66210857)|HEAP_ALLOCATE|[36]|Bytes:5
01:11:24.0 (66219004)|SYSTEM_METHOD_EXIT|[36]|system.ListIterator.hasNext()
01:11:24.0 (66244214)|HEAP_ALLOCATE|[36]|Bytes:28
01:11:24.0 (66254226)|VARIABLE_SCOPE_BEGIN|[36]|p|Product2|true|false
01:11:24.0 (66280496)|VARIABLE_ASSIGNMENT|[36]|p|{"Description":"This is for First Pa (75 more) ...","Id":"01t24000002rJluAAE","IsActive":true,"Name":"First Partners - Soc (8 more) ...","ProductCode":"FPSO1200","DisplayOnCommunity__ (1 more) ...":true}|0x51ad933a
01:11:24.0 (66286708)|STATEMENT_EXECUTE|[37]
01:11:24.0 (66288754)|STATEMENT_EXECUTE|[38]
01:11:24.0 (66293948)|HEAP_ALLOCATE|[38]|Bytes:4
01:11:24.0 (66596303)|SOQL_EXECUTE_BEGIN|[38]|Aggregations:0|SELECT Id, IsActive, IsDeleted, Name, Pricebook2Id, Product2Id, ProductCode, UnitPrice, UseStandardPrice FROM PricebookEntry WHERE (Product2Id = :tmpVar1 AND isActive = TRUE) LIMIT 1
01:11:24.0 (66604973)|LIMIT_USAGE|[38]|SOQL|10|100
01:11:24.0 (66614059)|LIMIT_USAGE|[38]|AGGS|0|300
01:11:24.0 (69268165)|SOQL_EXECUTE_END|[38]|Rows:1
01:11:24.0 (69274810)|LIMIT_USAGE|[38]|SOQL_ROWS|17|50000
01:11:24.0 (69284514)|HEAP_ALLOCATE|[38]|Bytes:8
01:11:24.0 (69300120)|HEAP_ALLOCATE|[38]|Bytes:260
01:11:24.0 (69313504)|HEAP_ALLOCATE|[38]|Bytes:8
01:11:24.0 (69326073)|SYSTEM_METHOD_ENTRY|[38]|CommunityProdController.__sfdc_pbEntry(List<PricebookEntry>)
01:11:24.0 (69480315)|VARIABLE_ASSIGNMENT|[EXTERNAL]|this|{"con":"0x1c477ae5","currentUser":"0x30f665c2","currentUserId":"00524000005uNfKAAU","pbEntry":"0x11b2d83b","prod_pbEntry":"0x764198f1","prodList":"0x5256351a","prodListDisp":"0x7d9b2a7a"}|0x2f94b216
01:11:24.0 (69501966)|VARIABLE_ASSIGNMENT|[EXTERNAL]|value|[{"Id":"01u24000001whHLAAY","IsActive":true,"IsDeleted":false,"Name":"First Partners - Soc (8 more) ...","Pricebook2Id":"01s24000003Olw1AAC","Product2Id":"01t24000002rJluAAE","ProductCode":"FPSO1200","UnitPrice":1200.00,"UseStandardPrice":false}]|0x24a32389
01:11:24.0 (69517891)|VARIABLE_ASSIGNMENT|[7]|this.pbEntry|[{"Id":"01u24000001whHLAAY","IsActive":true,"IsDeleted":false,"Name":"First Partners - Soc (8 more) ...","Pricebook2Id":"01s24000003Olw1AAC","Product2Id":"01t24000002rJluAAE","ProductCode":"FPSO1200","UnitPrice":1200.00,"UseStandardPrice":false}]|0x2f94b216
01:11:24.0 (69526232)|SYSTEM_METHOD_EXIT|[38]|CommunityProdController.__sfdc_pbEntry(List<PricebookEntry>)
01:11:24.0 (69531701)|SYSTEM_METHOD_ENTRY|[40]|CommunityProdController.__sfdc_pbEntry()
01:11:24.0 (69658689)|VARIABLE_ASSIGNMENT|[EXTERNAL]|this|{"con":"0x1c477ae5","currentUser":"0x30f665c2","currentUserId":"00524000005uNfKAAU","pbEntry":"0x24a32389","prod_pbEntry":"0x764198f1","prodList":"0x5256351a","prodListDisp":"0x7d9b2a7a"}|0x2f94b216
01:11:24.0 (69667378)|SYSTEM_METHOD_EXIT|[40]|CommunityProdController.__sfdc_pbEntry()
01:11:24.0 (69673346)|SYSTEM_METHOD_ENTRY|[40]|List<PricebookEntry>.size()
01:11:24.0 (69677606)|SYSTEM_METHOD_EXIT|[40]|List<PricebookEntry>.size()
01:11:24.0 (69681626)|STATEMENT_EXECUTE|[41]
01:11:24.0 (69683051)|STATEMENT_EXECUTE|[42]
01:11:24.0 (69685685)|SYSTEM_METHOD_ENTRY|[42]|CommunityProdController.__sfdc_prod_pbEntry()
01:11:24.0 (69808881)|VARIABLE_ASSIGNMENT|[EXTERNAL]|this|{"con":"0x1c477ae5","currentUser":"0x30f665c2","currentUserId":"00524000005uNfKAAU","pbEntry":"0x24a32389","prod_pbEntry":"0x764198f1","prodList":"0x5256351a","prodListDisp":"0x7d9b2a7a"}|0x2f94b216
01:11:24.0 (69816758)|SYSTEM_METHOD_EXIT|[42]|CommunityProdController.__sfdc_prod_pbEntry()
01:11:24.0 (69826070)|SYSTEM_METHOD_ENTRY|[42]|CommunityProdController.__sfdc_pbEntry()
01:11:24.0 (69945651)|VARIABLE_ASSIGNMENT|[EXTERNAL]|this|{"con":"0x1c477ae5","currentUser":"0x30f665c2","currentUserId":"00524000005uNfKAAU","pbEntry":"0x24a32389","prod_pbEntry":"0x764198f1","prodList":"0x5256351a","prodListDisp":"0x7d9b2a7a"}|0x2f94b216
01:11:24.0 (69952887)|SYSTEM_METHOD_EXIT|[42]|CommunityProdController.__sfdc_pbEntry()
01:11:24.0 (69972379)|HEAP_ALLOCATE|[42]|Bytes:40
01:11:24.0 (69992516)|SYSTEM_METHOD_ENTRY|[42]|Map<Id,PricebookEntry>.put(Object, Object)
01:11:24.0 (69997486)|HEAP_ALLOCATE|[EXTERNAL]|Bytes:-4
01:11:24.0 (70005801)|SYSTEM_METHOD_EXIT|[42]|Map<Id,PricebookEntry>.put(Object, Object)
01:11:24.0 (70009027)|STATEMENT_EXECUTE|[43]
01:11:24.0 (70012348)|SYSTEM_METHOD_ENTRY|[43]|CommunityProdController.__sfdc_prodListDisp()
01:11:24.0 (70137279)|VARIABLE_ASSIGNMENT|[EXTERNAL]|this|{"con":"0x1c477ae5","currentUser":"0x30f665c2","currentUserId":"00524000005uNfKAAU","pbEntry":"0x24a32389","prod_pbEntry":"0x764198f1","prodList":"0x5256351a","prodListDisp":"0x7d9b2a7a"}|0x2f94b216
01:11:24.0 (70144980)|SYSTEM_METHOD_EXIT|[43]|CommunityProdController.__sfdc_prodListDisp()
01:11:24.0 (70155190)|SYSTEM_METHOD_ENTRY|[43]|List<Product2>.add(Object)
01:11:24.0 (70158796)|HEAP_ALLOCATE|[EXTERNAL]|Bytes:4
01:11:24.0 (70164223)|SYSTEM_METHOD_EXIT|[43]|List<Product2>.add(Object)
01:11:24.0 (70166793)|STATEMENT_EXECUTE|[58]
01:11:24.0 (70169797)|SYSTEM_METHOD_ENTRY|[58]|CommunityProdController.__sfdc_pbEntry()
01:11:24.0 (70289179)|VARIABLE_ASSIGNMENT|[EXTERNAL]|this|{"con":"0x1c477ae5","currentUser":"0x30f665c2","currentUserId":"00524000005uNfKAAU","pbEntry":"0x24a32389","prod_pbEntry":"0x764198f1","prodList":"0x5256351a","prodListDisp":"0x7d9b2a7a"}|0x2f94b216
01:11:24.0 (70296153)|SYSTEM_METHOD_EXIT|[58]|CommunityProdController.__sfdc_pbEntry()
01:11:24.0 (70300717)|SYSTEM_METHOD_ENTRY|[58]|List<PricebookEntry>.clear()
01:11:24.0 (70304051)|SYSTEM_METHOD_EXIT|[58]|List<PricebookEntry>.clear()
01:11:24.0 (70308718)|SYSTEM_METHOD_ENTRY|[36]|system.ListIterator.hasNext()
01:11:24.0 (70314617)|HEAP_ALLOCATE|[36]|Bytes:5
01:11:24.0 (70319383)|SYSTEM_METHOD_EXIT|[36]|system.ListIterator.hasNext()
01:11:24.0 (70329510)|VARIABLE_ASSIGNMENT|[36]|p|null|
01:11:24.0 (70332260)|STATEMENT_EXECUTE|[61]
01:11:24.0 (70334617)|HEAP_ALLOCATE|[61]|Bytes:11
01:11:24.0 (70340266)|SYSTEM_METHOD_ENTRY|[61]|CommunityProdController.__sfdc_prod_pbEntry()
01:11:24.0 (70480184)|VARIABLE_ASSIGNMENT|[EXTERNAL]|this|{"con":"0x1c477ae5","currentUser":"0x30f665c2","currentUserId":"00524000005uNfKAAU","pbEntry":"0x24a32389","prod_pbEntry":"0x764198f1","prodList":"0x5256351a","prodListDisp":"0x7d9b2a7a"}|0x2f94b216
01:11:24.0 (70487777)|SYSTEM_METHOD_EXIT|[61]|CommunityProdController.__sfdc_prod_pbEntry()
01:11:24.0 (70518970)|SYSTEM_METHOD_ENTRY|[61]|String.valueOf(Object)
01:11:24.0 (70712414)|HEAP_ALLOCATE|[61]|Bytes:2124
01:11:24.0 (70725358)|SYSTEM_METHOD_EXIT|[61]|String.valueOf(Object)
01:11:24.0 (70736794)|HEAP_ALLOCATE|[61]|Bytes:2135
01:11:24.0 (70755870)|SYSTEM_METHOD_ENTRY|[61]|System.debug(ANY)
01:11:24.0 (70765166)|USER_DEBUG|[61]|DEBUG|PB Entry : {01t24000002rJluAAE=PricebookEntry:{Id=01u24000001whHLAAY, IsActive=true, IsDeleted=false, Name=First Partners - Social Only, Pricebook2Id=01s24000003Olw1AAC, Product2Id=01t24000002rJluAAE, ProductCode=FPSO1200, UnitPrice=1200.00, UseStandardPrice=false}, 01t24000002t6w2AAA=PricebookEntry:{Id=01u24000002VUygAAG, IsActive=true, IsDeleted=false, Name=First Partners - Full Licence, Pricebook2Id=01s24000003Olw1AAC, Product2Id=01t24000002t6w2AAA, ProductCode=FPFL12000, UnitPrice=1200.00, UseStandardPrice=false}, 01t24000002t7jvAAA=PricebookEntry:{Id=01u24000002VV8yAAG, IsActive=true, IsDeleted=false, Name=First Partners - Multiple Seats Social Only, Pricebook2Id=01s24000003Olw1AAC, Product2Id=01t24000002t7jvAAA, ProductCode=FPMSO600, UnitPrice=600.00, UseStandardPrice=false}, 01t24000002t7rpAAA=PricebookEntry:{Id=01u24000002VVALAA4, IsActive=true, IsDeleted=false, Name=First Partners - Monthly Pro-bono Workshops, Pricebook2Id=01s24000003Olw1AAC, Product2Id=01t24000002t7rpAAA, ProductCode=FPMWS-PB, UnitPrice=0.00, UseStandardPrice=false}, 01t24000002t7s9AAA=PricebookEntry:{Id=01u24000002VVAQAA4, IsActive=true, IsDeleted=false, Name=First Partners - Initial Pro-bono Social Media Impact, Pricebook2Id=01s24000003Olw1AAC, Product2Id=01t24000002t7s9AAA, ProductCode=FPSMI-PB, UnitPrice=0.00, UseStandardPrice=false}, 01t24000002t7ssAAA=PricebookEntry:{Id=01u24000002VVAkAAO, IsActive=true, IsDeleted=false, Name=First Partners - Social Media Consultancy, Pricebook2Id=01s24000003Olw1AAC, Product2Id=01t24000002t7ssAAA, ProductCode=FPSMC400, UnitPrice=400.00, UseStandardPrice=false}, 01t24000002t7sxAAA=PricebookEntry:{Id=01u24000002VVAuAAO, IsActive=true, IsDeleted=false, Name=First Partners - Initial Pro-bono Salesforce Healthcheck, Pricebook2Id=01s24000003Olw1AAC, Product2Id=01t24000002t7sxAAA, ProductCode=FPSFHC-PB, UnitPrice=0.00, UseStandardPrice=false}, 01t24000002t81MAAQ=PricebookEntry:{Id=01u24000002VVBTAA4, IsActive=true, IsDeleted=false, Name=First Partners - Donor 3D, Pricebook2Id=01s24000003Olw1AAC, Product2Id=01t24000002t81MAAQ, ProductCode=FPD3D200, UnitPrice=200.00, UseStandardPrice=false}}
01:11:24.0 (70778684)|SYSTEM_METHOD_EXIT|[61]|System.debug(ANY)
01:11:24.0 (70781594)|STATEMENT_EXECUTE|[63]
01:11:24.0 (70788108)|SYSTEM_METHOD_ENTRY|[63]|ApexPages.currentPage()
01:11:24.0 (70828860)|HEAP_ALLOCATE|[63]|Bytes:27
01:11:24.0 (70833221)|SYSTEM_METHOD_EXIT|[63]|ApexPages.currentPage()
01:11:24.0 (70850805)|SYSTEM_METHOD_ENTRY|[63]|System.PageReference.getCookies()
01:11:24.0 (70871849)|HEAP_ALLOCATE|[63]|Bytes:40
01:11:24.0 (70904622)|SYSTEM_METHOD_EXIT|[63]|System.PageReference.getCookies()
01:11:24.0 (70908445)|HEAP_ALLOCATE|[63]|Bytes:11
01:11:24.0 (70922479)|SYSTEM_METHOD_ENTRY|[63]|Map<String,System.Cookie>.get(Object)
01:11:24.0 (70934581)|SYSTEM_METHOD_EXIT|[63]|Map<String,System.Cookie>.get(Object)
01:11:24.0 (70939398)|VARIABLE_SCOPE_BEGIN|[63]|goppIdCookie|System.Cookie|true|false
01:11:24.0 (71015378)|VARIABLE_ASSIGNMENT|[63]|goppIdCookie|"common.apex.api.net.CookieValue@99d143a"|0x99d143a
01:11:24.0 (71019978)|STATEMENT_EXECUTE|[64]
01:11:24.0 (71023215)|HEAP_ALLOCATE|[64]|Bytes:25
01:11:24.0 (71042046)|SYSTEM_METHOD_ENTRY|[64]|String.valueOf(Object)
01:11:24.0 (71073627)|HEAP_ALLOCATE|[64]|Bytes:78
01:11:24.0 (71082729)|SYSTEM_METHOD_EXIT|[64]|String.valueOf(Object)
01:11:24.0 (71087700)|HEAP_ALLOCATE|[64]|Bytes:103
01:11:24.0 (71096282)|SYSTEM_METHOD_ENTRY|[64]|System.debug(ANY)
01:11:24.0 (71100323)|USER_DEBUG|[64]|DEBUG|get cookie opp id value: System.Cookie[oppIdCookie=0069E000002l5OwQAI;path=/;expires=-1;isSecure=false]
01:11:24.0 (71103774)|SYSTEM_METHOD_EXIT|[64]|System.debug(ANY)
01:11:24.0 (71106215)|STATEMENT_EXECUTE|[65]
01:11:24.0 (71120474)|HEAP_ALLOCATE|[65]|Bytes:4
01:11:24.0 (71208507)|SYSTEM_METHOD_ENTRY|[65]|CommunityProdController.__sfdc_newOpp(Opportunity)
01:11:24.0 (71364050)|VARIABLE_ASSIGNMENT|[EXTERNAL]|this|{"con":"0x1c477ae5","currentUser":"0x30f665c2","currentUserId":"00524000005uNfKAAU","pbEntry":"0x24a32389","prod_pbEntry":"0x764198f1","prodList":"0x5256351a","prodListDisp":"0x7d9b2a7a"}|0x2f94b216
01:11:24.0 (71375349)|VARIABLE_ASSIGNMENT|[EXTERNAL]|value|{}|0x38f2f9ae
01:11:24.0 (71384899)|VARIABLE_ASSIGNMENT|[79]|this.newOpp|{}|0x2f94b216
01:11:24.0 (71390834)|SYSTEM_METHOD_EXIT|[65]|CommunityProdController.__sfdc_newOpp(Opportunity)
01:11:24.0 (71394509)|STATEMENT_EXECUTE|[75]
01:11:24.0 (71406626)|SYSTEM_METHOD_ENTRY|[75]|System.Cookie.getValue()
01:11:24.0 (71426876)|HEAP_ALLOCATE|[75]|Bytes:18
01:11:24.0 (71430699)|SYSTEM_METHOD_EXIT|[75]|System.Cookie.getValue()
01:11:24.0 (71437587)|HEAP_ALLOCATE|[75]|Bytes:4
01:11:24.0 (71447636)|SYSTEM_METHOD_ENTRY|[75]|CommunityProdController.__sfdc_newOpp()
01:11:24.0 (71580022)|VARIABLE_ASSIGNMENT|[EXTERNAL]|this|{"con":"0x1c477ae5","currentUser":"0x30f665c2","currentUserId":"00524000005uNfKAAU","newOpp":"0x38f2f9ae","pbEntry":"0x24a32389","prod_pbEntry":"0x764198f1","prodList":"0x5256351a","prodListDisp":"0x7d9b2a7a"}|0x2f94b216
01:11:24.0 (71592140)|SYSTEM_METHOD_EXIT|[75]|CommunityProdController.__sfdc_newOpp()
01:11:24.0 (72400182)|VARIABLE_ASSIGNMENT|[75]|this.Id|"0069E000002l5OwQAI"|0x38f2f9ae
01:11:24.0 (72422477)|VF_APEX_CALL_END|CommunityProdController <init>
01:11:24.0 (72457227)|VF_APEX_CALL_START|[EXTERNAL]|01p9E000000Dmea|CommunityProdController get(prodListDisp)
01:11:24.0 (72463028)|SYSTEM_MODE_ENTER|true
01:11:24.0 (72470321)|VF_APEX_CALL_START|[EXTERNAL]|01p9E000000Dmea|prodListDisp
01:11:24.0 (72480387)|VF_APEX_CALL_END|prodListDisp
01:11:24.0 (72488663)|VF_APEX_CALL_END|CommunityProdController get(prodListDisp)
01:11:24.0 (73928582)|VF_EVALUATE_FORMULA_BEGIN|0669E000000Cuyk|#{URLFOR($Resource.Bootstrap337, 'bootstrap-3.3.7-dist/css/bootstrap.min.css')}
01:11:24.0 (74222063)|VF_EVALUATE_FORMULA_END
01:11:24.0 (74239447)|VF_EVALUATE_FORMULA_BEGIN|0669E000000Cuyk|#{URLFOR($Resource.Bootstrap337, 'bootstrap-3.3.7-dist/css/bootstrap.min.css')}
01:11:24.0 (74265523)|VF_EVALUATE_FORMULA_END
01:11:24.0 (74278529)|VF_EVALUATE_FORMULA_BEGIN|0669E000000Cuyk|#{URLFOR($Resource.Bootstrap337, 'bootstrap-3.3.7-dist/js/bootstrap.min.js')}
01:11:24.0 (74297049)|VF_EVALUATE_FORMULA_END
01:11:24.74 (74403002)|VF_APEX_CALL_START|[EXTERNAL]|/apexpage/pagemessagescomponentcontroller.apex set(conEscape,null)
01:11:24.74 (74412741)|SYSTEM_MODE_ENTER|true
01:11:24.74 (74420527)|VF_APEX_CALL_START|[EXTERNAL]|PageMessagesComponentController set(conEscape,null)
01:11:24.74 (74441039)|VF_APEX_CALL_START|[EXTERNAL]|PageMessagesComponentController invoke(setconEscape)
01:11:24.74 (74471914)|HEAP_ALLOCATE|[EXTERNAL]|Bytes:8
01:11:24.74 (74478629)|VARIABLE_SCOPE_BEGIN|[88]|this|ApexPage.PageMessagesComponentController|true|false
01:11:24.74 (74500309)|VARIABLE_ASSIGNMENT|[88]|this|{}|0x26038c31
01:11:24.74 (74503103)|VARIABLE_SCOPE_BEGIN|[88]|escape|Boolean|false|false
01:11:24.74 (74506098)|VARIABLE_ASSIGNMENT|[88]|escape|null
01:11:24.74 (74614257)|VF_APEX_CALL_START|[EXTERNAL]|/apexpage/pagemessagescomponentcontroller.apex get(severities)
01:11:24.74 (74621409)|SYSTEM_MODE_ENTER|true
01:11:24.74 (74629470)|VF_APEX_CALL_START|[EXTERNAL]|PageMessagesComponentController invoke(getseverities)
01:11:24.74 (74644300)|HEAP_ALLOCATE|[EXTERNAL]|Bytes:8
01:11:24.74 (74649162)|VARIABLE_SCOPE_BEGIN|[2]|this|ApexPage.PageMessagesComponentController|true|false
01:11:24.74 (74665580)|VARIABLE_ASSIGNMENT|[2]|this|{}|0x26038c31
01:11:24.0 (75369974)|VF_EVALUATE_FORMULA_BEGIN|0669E000000Cuyk|#{prod_pbEntry[pr.id].UnitPrice}
01:11:24.0 (75429610)|VF_APEX_CALL_START|[EXTERNAL]|01p9E000000Dmea|CommunityProdController get(prod_pbEntry)
01:11:24.0 (75435192)|SYSTEM_MODE_ENTER|true
01:11:24.0 (75441652)|VF_APEX_CALL_START|[EXTERNAL]|01p9E000000Dmea|prod_pbEntry
01:11:24.0 (75456188)|VF_APEX_CALL_END|prod_pbEntry
01:11:24.0 (75467560)|VF_APEX_CALL_END|CommunityProdController get(prod_pbEntry)
01:11:24.0 (75671650)|VF_EVALUATE_FORMULA_END
01:11:24.0 (77527431)|VF_EVALUATE_FORMULA_BEGIN|0669E000000Cuyk|#{prod_pbEntry[pr.id].UnitPrice}
01:11:24.0 (77671924)|VF_EVALUATE_FORMULA_END
01:11:24.0 (78389067)|VF_EVALUATE_FORMULA_BEGIN|0669E000000Cuyk|#{prod_pbEntry[pr.id].UnitPrice}
01:11:24.0 (78533393)|VF_EVALUATE_FORMULA_END
01:11:24.0 (79233267)|VF_EVALUATE_FORMULA_BEGIN|0669E000000Cuyk|#{prod_pbEntry[pr.id].UnitPrice}
01:11:24.0 (79371829)|VF_EVALUATE_FORMULA_END
01:11:24.0 (80085777)|VF_EVALUATE_FORMULA_BEGIN|0669E000000Cuyk|#{prod_pbEntry[pr.id].UnitPrice}
01:11:24.0 (80223070)|VF_EVALUATE_FORMULA_END
01:11:24.0 (80918053)|VF_EVALUATE_FORMULA_BEGIN|0669E000000Cuyk|#{prod_pbEntry[pr.id].UnitPrice}
01:11:24.0 (81055497)|VF_EVALUATE_FORMULA_END
01:11:24.0 (81750687)|VF_EVALUATE_FORMULA_BEGIN|0669E000000Cuyk|#{prod_pbEntry[pr.id].UnitPrice}
01:11:24.0 (81885960)|VF_EVALUATE_FORMULA_END
01:11:24.0 (82584997)|VF_EVALUATE_FORMULA_BEGIN|0669E000000Cuyk|#{prod_pbEntry[pr.id].UnitPrice}
01:11:24.0 (82717835)|VF_EVALUATE_FORMULA_END
01:11:24.0 (83634588)|VF_SERIALIZE_VIEWSTATE_BEGIN|0669E000000Cuyk
01:11:24.0 (88319282)|VF_SERIALIZE_VIEWSTATE_END
01:11:24.91 (91028558)|CUMULATIVE_LIMIT_USAGE
01:11:24.91 (91028558)|LIMIT_USAGE_FOR_NS|(default)|
  Number of SOQL queries: 10 out of 100
  Number of query rows: 17 out of 50000
  Number of SOSL queries: 0 out of 20
  Number of DML statements: 0 out of 150
  Number of DML rows: 0 out of 10000
  Maximum CPU time: 0 out of 10000
  Maximum heap size: 0 out of 6000000
  Number of callouts: 0 out of 100
  Number of Email Invocations: 0 out of 10
  Number of future calls: 0 out of 50
  Number of queueable jobs added to the queue: 0 out of 50
  Number of Mobile Apex push calls: 0 out of 10

01:11:24.91 (91028558)|TOTAL_EMAIL_RECIPIENTS_QUEUED|0
01:11:24.91 (91028558)|STATIC_VARIABLE_LIST|
  char[]:DigitTens:0
  long:serialVersionUID:0
  long:serialVersionUID:0
  String:_sfdcAdditionalCodeLocations:0
  String:_sfdcAdditionalCodeLocations:0
  double:MAX_VALUE:0
  Boolean:FALSE:0
  long:serialVersionUID:0
  String:__sfdcInnerTypes:0
  double:MIN_VALUE:0
  int:SIZE:0
  double:NEGATIVE_INFINITY:0
  int:MAX_VALUE:0
  char[]:digits:0
  double:NaN:0
  Boolean:TRUE:0
  int:MIN_VALUE:0
  char[]:DigitOnes:0
  String:_sfdcAdditionalCodeLocations:0
  int:BYTES:0
  int:MIN_EXPONENT:0
  int[]:sizeTable:0
  int:MAX_EXPONENT:0
  String:_sfdcAdditionalCodeLocations:0
  String:_sfdcSuppressedCodeLocations:0
  int:SIZE:0
  double:POSITIVE_INFINITY:0
  String:__sfdcProperties:0
  double:MIN_NORMAL:0
  int:BYTES:0

01:11:24.91 (91028558)|CUMULATIVE_LIMIT_USAGE_END

01:11:24.0 (91155901)|CODE_UNIT_FINISHED|VF: /apex/communityProducts
01:11:24.0 (91954310)|EXECUTION_FINISHED
01:11:24.93 (93493725)|CUMULATIVE_PROFILING_BEGIN
01:11:24.93 (93493725)|CUMULATIVE_PROFILING|SOQL operations|
Class.CommunityProdController.<init>: line 38, column 1: [SELECT Id,IsActive,IsDeleted,Name,Pricebook2Id,Product2Id,ProductCode,UnitPrice,UseStandardPrice FROM PricebookEntry WHERE Product2Id = :p.id and isActive = true limit 1]: executed 16 times in 27 ms
Class.CommunityProdController.<init>: line 30, column 1: [SELECT Description,Id,IsActive,Name,DisplayUrl,ProductCode,CommunityProdDetail__c,DisplayOnCommunity__c   FROM Product2 where isActive = true and DisplayOnCommunity__c =true order by name Limit 10 ]: executed 2 times in 6 ms

01:11:24.93 (93493725)|CUMULATIVE_PROFILING|No profiling information for SOSL operations
01:11:24.93 (93493725)|CUMULATIVE_PROFILING|No profiling information for DML operations
01:11:24.93 (93493725)|CUMULATIVE_PROFILING|method invocations|
External entry point: public void <init>(): executed 1 time in 56 ms
Class.CommunityProdController.<init>: line 22, column 1: public Id __sfdc_currentUserId(): executed 3 times in 9 ms
Class.CommunityProdController.<init>: line 40, column 1: public List<PricebookEntry> __sfdc_pbEntry(): executed 16 times in 4 ms
Class.CommunityProdController.<init>: line 58, column 1: public List<PricebookEntry> __sfdc_pbEntry(): executed 16 times in 2 ms
Class.CommunityProdController.<init>: line 42, column 1: public Map<Id,PricebookEntry> __sfdc_prod_pbEntry(): executed 24 times in 1 ms
Class.CommunityProdController.<init>: line 43, column 1: public List<Product2> __sfdc_prodListDisp(): executed 16 times in 1 ms
Class.CommunityProdController.<init>: line 61, column 1: public Map<Id,PricebookEntry> __sfdc_prod_pbEntry(): executed 3 times in 1 ms
Class.CommunityProdController.<init>: line 32, column 1: public void __sfdc_prod_pbEntry(Map<Id,PricebookEntry>): executed 1 time in 0 ms
Class.CommunityProdController.<init>: line 64, column 1: public static String valueOf(Object): executed 2 times in 0 ms
Class.CommunityProdController.<init>: line 33, column 1: global public List<Product2>(): executed 2 times in 0 ms
Class.CommunityProdController.<init>: line 65, column 1: public void __sfdc_newOpp(Opportunity): executed 1 time in 0 ms

01:11:24.93 (93493725)|CUMULATIVE_PROFILING_END
