39.0 APEX_CODE,FINEST;APEX_PROFILING,FINEST;CALLOUT,FINEST;DB,FINEST;SYSTEM,FINE;VALIDATION,INFO;VISUALFORCE,FINER;WAVE,INFO;WORKFLOW,FINER
05:33:18.0 (267131)|USER_INFO|[EXTERNAL]|00524000005uNfK|neela@lightful.com.commundev|Line Is. Time|GMT+14:00
05:33:18.0 (290471)|EXECUTION_STARTED
05:33:18.0 (295007)|CODE_UNIT_STARTED|[EXTERNAL]|0669E000000CvHr|VF: /apex/communityCheckout
05:33:18.0 (738876)|VF_DESERIALIZE_VIEWSTATE_BEGIN|0669E000000CvHr
05:33:18.0 (9380750)|HEAP_ALLOCATE|[72]|Bytes:3
05:33:18.0 (9420824)|HEAP_ALLOCATE|[77]|Bytes:152
05:33:18.0 (9439198)|HEAP_ALLOCATE|[342]|Bytes:408
05:33:18.0 (9461769)|HEAP_ALLOCATE|[355]|Bytes:408
05:33:18.0 (9485200)|HEAP_ALLOCATE|[467]|Bytes:48
05:33:18.0 (9522815)|HEAP_ALLOCATE|[139]|Bytes:6
05:33:18.0 (14476983)|VF_DESERIALIZE_VIEWSTATE_END
05:33:18.18 (18988602)|VF_APEX_CALL_START|[EXTERNAL]|/apexpage/pagemessagescomponentcontroller.apex get(severities)
05:33:18.18 (19005298)|SYSTEM_MODE_ENTER|true
05:33:18.18 (19029815)|VF_APEX_CALL_START|[EXTERNAL]|PageMessagesComponentController invoke(getseverities)
05:33:18.18 (19055710)|HEAP_ALLOCATE|[EXTERNAL]|Bytes:38
05:33:18.18 (19062301)|HEAP_ALLOCATE|[EXTERNAL]|Bytes:7
05:33:18.18 (19070776)|SYSTEM_METHOD_ENTRY|[1]|PageMessagesComponentController.PageMessagesComponentController()
05:33:18.18 (19074416)|STATEMENT_EXECUTE|[1]
05:33:18.19 (19806158)|VF_APEX_CALL_START|[EXTERNAL]|/apexpage/pagemessagescomponentcontroller.apex set(conEscape,null)
05:33:18.19 (19815146)|SYSTEM_MODE_ENTER|true
05:33:18.19 (19824112)|VF_APEX_CALL_START|[EXTERNAL]|PageMessagesComponentController set(conEscape,null)
05:33:18.19 (19840585)|VF_APEX_CALL_START|[EXTERNAL]|PageMessagesComponentController invoke(setconEscape)
05:33:18.19 (19859641)|HEAP_ALLOCATE|[EXTERNAL]|Bytes:8
05:33:18.19 (19865739)|VARIABLE_SCOPE_BEGIN|[88]|this|ApexPage.PageMessagesComponentController|true|false
05:33:18.19 (19897262)|VARIABLE_ASSIGNMENT|[88]|this|{}|0x61a193c
05:33:18.19 (19899974)|VARIABLE_SCOPE_BEGIN|[88]|escape|Boolean|false|false
05:33:18.19 (19904523)|VARIABLE_ASSIGNMENT|[88]|escape|null
05:33:18.0 (20069686)|VF_APEX_CALL_START|[EXTERNAL]|01p9E000000Dmea|CommunityProdController get(getOLI)
05:33:18.0 (20075556)|SYSTEM_MODE_ENTER|true
05:33:18.0 (20085983)|VF_APEX_CALL_START|[EXTERNAL]|01p9E000000Dmea|getOLI
05:33:18.0 (20095857)|HEAP_ALLOCATE|[EXTERNAL]|Bytes:560
05:33:18.0 (20102625)|HEAP_ALLOCATE|[EXTERNAL]|Bytes:92
05:33:18.0 (20105485)|HEAP_ALLOCATE|[EXTERNAL]|Bytes:35
05:33:18.0 (20112434)|METHOD_ENTRY|[1]|01p9E000000Dmea|CommunityProdController.CommunityProdController()
05:33:18.0 (20115182)|STATEMENT_EXECUTE|[1]
05:33:18.0 (20118879)|STATEMENT_EXECUTE|[1]
05:33:18.0 (20121814)|METHOD_EXIT|[1]|CommunityProdController
05:33:18.0 (20129498)|VF_APEX_CALL_END|getOLI
05:33:18.0 (20141639)|VF_APEX_CALL_END|CommunityProdController get(getOLI)
05:33:18.20 (20492353)|VF_APEX_CALL_START|[EXTERNAL]|/apexpage/pagemessagescomponentcontroller.apex set(conEscape,null)
05:33:18.20 (20500750)|SYSTEM_MODE_ENTER|true
05:33:18.20 (20507673)|VF_APEX_CALL_START|[EXTERNAL]|PageMessagesComponentController set(conEscape,null)
05:33:18.20 (20523917)|VF_APEX_CALL_START|[EXTERNAL]|PageMessagesComponentController invoke(setconEscape)
05:33:18.20 (20540982)|HEAP_ALLOCATE|[EXTERNAL]|Bytes:8
05:33:18.20 (20545536)|VARIABLE_SCOPE_BEGIN|[88]|this|ApexPage.PageMessagesComponentController|true|false
05:33:18.20 (20562145)|VARIABLE_ASSIGNMENT|[88]|this|{}|0x61a193c
05:33:18.20 (20564337)|VARIABLE_SCOPE_BEGIN|[88]|escape|Boolean|false|false
05:33:18.20 (20567472)|VARIABLE_ASSIGNMENT|[88]|escape|null
05:33:18.0 (20704662)|VF_APEX_CALL_START|[EXTERNAL]|CommunityProdController set(delOppProdId,00k9E000003HqfQQAS)
05:33:18.0 (20710728)|SYSTEM_MODE_ENTER|true
05:33:18.0 (20716375)|VF_APEX_CALL_START|[EXTERNAL]|CommunityProdController set(delOppProdId,00k9E000003HqfQQAS)
05:33:18.0 (20732816)|HEAP_ALLOCATE|[EXTERNAL]|Bytes:18
05:33:18.0 (20741833)|HEAP_ALLOCATE|[EXTERNAL]|Bytes:104
05:33:18.0 (20755164)|VARIABLE_ASSIGNMENT|[EXTERNAL]|this.delOppProdId|"00k9E000003HqfQQAS"|0x5b8d754f
05:33:18.0 (20760749)|VF_APEX_CALL_END|CommunityProdController set(delOppProdId,00k9E000003HqfQQAS)
05:33:18.0 (20772136)|VF_APEX_CALL_END|CommunityProdController set(delOppProdId,00k9E000003HqfQQAS)
05:33:18.0 (21058369)|VF_APEX_CALL_START|[EXTERNAL]|01p9E000000Dmea|CommunityProdController invoke(deleteOppProd)
05:33:18.0 (21085854)|HEAP_ALLOCATE|[EXTERNAL]|Bytes:104
05:33:18.0 (21092087)|VARIABLE_SCOPE_BEGIN|[146]|this|CommunityProdController|true|false
05:33:18.0 (21400708)|VARIABLE_ASSIGNMENT|[146]|this|{"con":"0x7129dc07","currentUser":"0x691b8e01","currentUserId":"00524000005uNfKAAU","delOppProdId":"00k9E000003HqfQQAS","getOLI":"0x789b1975","newOpp":"0x17065f9","oppValueSummary":"0x3e065834","pbEntry":"0xbd8b273","prod_pbEntry":"0x2b2842cc","prodList":"0x2975b5fd","prodListDisp":"0x25be8f1f"}|0x5b8d754f
05:33:18.0 (21410454)|STATEMENT_EXECUTE|[147]
05:33:18.0 (21412348)|STATEMENT_EXECUTE|[148]
05:33:18.0 (21415667)|HEAP_ALLOCATE|[148]|Bytes:18
05:33:18.0 (21428709)|SYSTEM_METHOD_ENTRY|[148]|CommunityProdController.__sfdc_delOppProdId()
05:33:18.0 (21598854)|VARIABLE_ASSIGNMENT|[EXTERNAL]|this|{"con":"0x7129dc07","currentUser":"0x691b8e01","currentUserId":"00524000005uNfKAAU","delOppProdId":"00k9E000003HqfQQAS","getOLI":"0x789b1975","newOpp":"0x17065f9","oppValueSummary":"0x3e065834","pbEntry":"0xbd8b273","prod_pbEntry":"0x2b2842cc","prodList":"0x2975b5fd","prodListDisp":"0x25be8f1f"}|0x5b8d754f
05:33:18.0 (21612256)|SYSTEM_METHOD_EXIT|[148]|CommunityProdController.__sfdc_delOppProdId()
05:33:18.0 (21627917)|HEAP_ALLOCATE|[148]|Bytes:36
05:33:18.0 (21645271)|SYSTEM_METHOD_ENTRY|[148]|System.debug(ANY)
05:33:18.0 (21651734)|USER_DEBUG|[148]|DEBUG|del opp prod id : 00k9E000003HqfQQAS
05:33:18.0 (21656408)|SYSTEM_METHOD_EXIT|[148]|System.debug(ANY)
05:33:18.0 (21659370)|STATEMENT_EXECUTE|[149]
05:33:18.0 (21663429)|HEAP_ALLOCATE|[149]|Bytes:27
05:33:18.0 (21671552)|SYSTEM_METHOD_ENTRY|[149]|CommunityProdController.__sfdc_getOLI()
05:33:18.0 (21815547)|VARIABLE_ASSIGNMENT|[EXTERNAL]|this|{"con":"0x7129dc07","currentUser":"0x691b8e01","currentUserId":"00524000005uNfKAAU","delOppProdId":"00k9E000003HqfQQAS","getOLI":"0x789b1975","newOpp":"0x17065f9","oppValueSummary":"0x3e065834","pbEntry":"0xbd8b273","prod_pbEntry":"0x2b2842cc","prodList":"0x2975b5fd","prodListDisp":"0x25be8f1f"}|0x5b8d754f
05:33:18.0 (21826507)|SYSTEM_METHOD_EXIT|[149]|CommunityProdController.__sfdc_getOLI()
05:33:18.0 (21851468)|SYSTEM_METHOD_ENTRY|[149]|String.valueOf(Object)
05:33:18.0 (22465161)|HEAP_ALLOCATE|[149]|Bytes:532
05:33:18.0 (22484964)|SYSTEM_METHOD_EXIT|[149]|String.valueOf(Object)
05:33:18.0 (22492962)|HEAP_ALLOCATE|[149]|Bytes:559
05:33:18.0 (22501611)|SYSTEM_METHOD_ENTRY|[149]|System.debug(ANY)
05:33:18.0 (22506206)|USER_DEBUG|[149]|DEBUG|getOLI values before delete(OpportunityLineItem:{Id=00k9E000003HqyCQAS, ListPrice=600.00, Name=Opp_null_1490613688425 First Partners - Multiple Seats Social Only, OpportunityId=0069E000002lBcbQAE, Product2Id=01t24000002t7jvAAA, ProductCode=FPMSO600, Quantity=1.00, TotalPrice=600.00, UnitPrice=600.00}, OpportunityLineItem:{Id=00k9E000003HqfQQAS, ListPrice=200.00, Name=Opp_null_1490613688425 First Partners - Donor 3D, OpportunityId=0069E000002lBcbQAE, Product2Id=01t24000002t81MAAQ, ProductCode=FPD3D200, Quantity=1.00, TotalPrice=200.00, UnitPrice=200.00})
05:33:18.0 (22511954)|SYSTEM_METHOD_EXIT|[149]|System.debug(ANY)
05:33:18.0 (22514439)|STATEMENT_EXECUTE|[151]
05:33:18.0 (22517443)|HEAP_ALLOCATE|[151]|Bytes:144
05:33:18.0 (22524157)|HEAP_ALLOCATE|[151]|Bytes:4
05:33:18.0 (22531803)|HEAP_ALLOCATE|[151]|Bytes:7
05:33:18.0 (22536921)|SYSTEM_METHOD_ENTRY|[151]|CommunityProdController.__sfdc_delOppProdId()
05:33:18.0 (22694055)|VARIABLE_ASSIGNMENT|[EXTERNAL]|this|{"con":"0x7129dc07","currentUser":"0x691b8e01","currentUserId":"00524000005uNfKAAU","delOppProdId":"00k9E000003HqfQQAS","getOLI":"0x789b1975","newOpp":"0x17065f9","oppValueSummary":"0x3e065834","pbEntry":"0xbd8b273","prod_pbEntry":"0x2b2842cc","prodList":"0x2975b5fd","prodListDisp":"0x25be8f1f"}|0x5b8d754f
05:33:18.0 (22704458)|SYSTEM_METHOD_EXIT|[151]|CommunityProdController.__sfdc_delOppProdId()
05:33:18.0 (22979849)|SOQL_EXECUTE_BEGIN|[151]|Aggregations:0|SELECT Id, ListPrice, Name, OpportunityId, Product2Id, ProductCode, Quantity, TotalPrice, UnitPrice FROM OpportunityLineItem WHERE id = :tmpVar1
05:33:18.0 (22987011)|LIMIT_USAGE|[151]|SOQL|1|100
05:33:18.0 (22994626)|LIMIT_USAGE|[151]|AGGS|0|300
05:33:18.0 (26081637)|SOQL_EXECUTE_END|[151]|Rows:1
05:33:18.0 (26087818)|LIMIT_USAGE|[151]|SOQL_ROWS|1|50000
05:33:18.0 (26098416)|HEAP_ALLOCATE|[151]|Bytes:8
05:33:18.0 (26115356)|HEAP_ALLOCATE|[151]|Bytes:371
05:33:18.0 (26138651)|HEAP_ALLOCATE|[151]|Bytes:8
05:33:18.0 (26147831)|HEAP_ALLOCATE|[151]|Bytes:45
05:33:18.0 (26186412)|HEAP_ALLOCATE|[151]|Bytes:40
05:33:18.0 (26209306)|SYSTEM_METHOD_ENTRY|[151]|CommunityProdController.__sfdc_delOppProd(OpportunityLineItem)
05:33:18.0 (26363580)|VARIABLE_ASSIGNMENT|[EXTERNAL]|this|{"con":"0x7129dc07","currentUser":"0x691b8e01","currentUserId":"00524000005uNfKAAU","delOppProdId":"00k9E000003HqfQQAS","getOLI":"0x789b1975","newOpp":"0x17065f9","oppValueSummary":"0x3e065834","pbEntry":"0xbd8b273","prod_pbEntry":"0x2b2842cc","prodList":"0x2975b5fd","prodListDisp":"0x25be8f1f"}|0x5b8d754f
05:33:18.0 (26383472)|VARIABLE_ASSIGNMENT|[EXTERNAL]|value|{"Id":"00k9E000003HqfQQAS","ListPrice":200.00,"Name":"Opp_null_14906136884 (28 more) ...","OpportunityId":"0069E000002lBcbQAE","Product2Id":"01t24000002t81MAAQ","ProductCode":"FPD3D200","Quantity":1.00,"TotalPrice":200.00,"UnitPrice":200.00}|0x26412fb7
05:33:18.0 (26400200)|VARIABLE_ASSIGNMENT|[22]|this.delOppProd|{"Id":"00k9E000003HqfQQAS","ListPrice":200.00,"Name":"Opp_null_14906136884 (28 more) ...","OpportunityId":"0069E000002lBcbQAE","Product2Id":"01t24000002t81MAAQ","ProductCode":"FPD3D200","Quantity":1.00,"TotalPrice":200.00,"UnitPrice":200.00}|0x5b8d754f
05:33:18.0 (26408733)|SYSTEM_METHOD_EXIT|[151]|CommunityProdController.__sfdc_delOppProd(OpportunityLineItem)
05:33:18.0 (26412698)|STATEMENT_EXECUTE|[153]
05:33:18.0 (26419698)|SYSTEM_METHOD_ENTRY|[153]|CommunityProdController.__sfdc_delOppProd()
05:33:18.0 (26562292)|VARIABLE_ASSIGNMENT|[EXTERNAL]|this|{"con":"0x7129dc07","currentUser":"0x691b8e01","currentUserId":"00524000005uNfKAAU","delOppProd":"0x26412fb7","delOppProdId":"00k9E000003HqfQQAS","getOLI":"0x789b1975","newOpp":"0x17065f9","oppValueSummary":"0x3e065834","pbEntry":"0xbd8b273","prod_pbEntry":"0x2b2842cc","prodList":"0x2975b5fd","prodListDisp":"0x25be8f1f"}|0x5b8d754f
05:33:18.0 (26572871)|SYSTEM_METHOD_EXIT|[153]|CommunityProdController.__sfdc_delOppProd()
05:33:18.0 (26592096)|HEAP_ALLOCATE|[153]|Bytes:8
05:33:18.0 (26601846)|HEAP_ALLOCATE|[153]|Bytes:8
05:33:18.0 (26607252)|DML_BEGIN|[153]|Op:Delete|Type:OpportunityLineItem|Rows:1
05:33:18.0 (26613099)|LIMIT_USAGE|[153]|DML|1|150
05:33:18.0 (26619608)|LIMIT_USAGE|[153]|DML_ROWS|1|10000
05:33:18.0 (26626592)|HEAP_ALLOCATE|[EXTERNAL]|Bytes:8
05:33:18.0 (115783144)|DML_END|[153]
05:33:18.0 (115804820)|STATEMENT_EXECUTE|[156]
05:33:18.0 (115817700)|SYSTEM_METHOD_ENTRY|[156]|CommunityProdController.__sfdc_getOLI()
05:33:18.0 (116081019)|VARIABLE_ASSIGNMENT|[EXTERNAL]|this|{"con":"0x7129dc07","currentUser":"0x691b8e01","currentUserId":"00524000005uNfKAAU","delOppProd":"0x26412fb7","delOppProdId":"00k9E000003HqfQQAS","getOLI":"0x789b1975","newOpp":"0x17065f9","oppValueSummary":"0x3e065834","pbEntry":"0xbd8b273","prod_pbEntry":"0x2b2842cc","prodList":"0x2975b5fd","prodListDisp":"0x25be8f1f"}|0x5b8d754f
05:33:18.0 (116098400)|SYSTEM_METHOD_EXIT|[156]|CommunityProdController.__sfdc_getOLI()
05:33:18.0 (116118934)|SYSTEM_METHOD_ENTRY|[156]|List<OpportunityLineItem>.clear()
05:33:18.0 (116128443)|SYSTEM_METHOD_EXIT|[156]|List<OpportunityLineItem>.clear()
05:33:18.0 (116133257)|STATEMENT_EXECUTE|[157]
05:33:18.0 (116139819)|HEAP_ALLOCATE|[157]|Bytes:155
05:33:18.0 (116148505)|HEAP_ALLOCATE|[157]|Bytes:4
05:33:18.0 (116172288)|SYSTEM_METHOD_ENTRY|[157]|CommunityProdController.__sfdc_newOpp()
05:33:18.0 (116416231)|VARIABLE_ASSIGNMENT|[EXTERNAL]|this|{"con":"0x7129dc07","currentUser":"0x691b8e01","currentUserId":"00524000005uNfKAAU","delOppProd":"0x26412fb7","delOppProdId":"00k9E000003HqfQQAS","getOLI":"0x789b1975","newOpp":"0x17065f9","oppValueSummary":"0x3e065834","pbEntry":"0xbd8b273","prod_pbEntry":"0x2b2842cc","prodList":"0x2975b5fd","prodListDisp":"0x25be8f1f"}|0x5b8d754f
05:33:18.0 (116440001)|SYSTEM_METHOD_EXIT|[157]|CommunityProdController.__sfdc_newOpp()
05:33:18.0 (116962257)|SOQL_EXECUTE_BEGIN|[157]|Aggregations:0|SELECT Id, ListPrice, Name, OpportunityId, Product2Id, ProductCode, Quantity, TotalPrice, UnitPrice FROM OpportunityLineItem WHERE opportunityId = :tmpVar1
05:33:18.0 (116972881)|LIMIT_USAGE|[157]|SOQL|2|100
05:33:18.0 (116985432)|LIMIT_USAGE|[157]|AGGS|0|300
05:33:18.0 (121135582)|SOQL_EXECUTE_END|[157]|Rows:1
05:33:18.0 (121146399)|LIMIT_USAGE|[157]|SOQL_ROWS|2|50000
05:33:18.0 (121157229)|HEAP_ALLOCATE|[157]|Bytes:8
05:33:18.0 (121174252)|HEAP_ALLOCATE|[157]|Bytes:389
05:33:18.0 (121192063)|HEAP_ALLOCATE|[157]|Bytes:8
05:33:18.0 (121235658)|SYSTEM_METHOD_ENTRY|[157]|CommunityProdController.__sfdc_getOLI(List<OpportunityLineItem>)
05:33:18.0 (121440631)|VARIABLE_ASSIGNMENT|[EXTERNAL]|this|{"con":"0x7129dc07","currentUser":"0x691b8e01","currentUserId":"00524000005uNfKAAU","delOppProd":"0x26412fb7","delOppProdId":"00k9E000003HqfQQAS","getOLI":"0x789b1975","newOpp":"0x17065f9","oppValueSummary":"0x3e065834","pbEntry":"0xbd8b273","prod_pbEntry":"0x2b2842cc","prodList":"0x2975b5fd","prodListDisp":"0x25be8f1f"}|0x5b8d754f
05:33:18.0 (121469983)|VARIABLE_ASSIGNMENT|[EXTERNAL]|value|[{"Id":"00k9E000003HqyCQAS","ListPrice":600.00,"Name":"Opp_null_14906136884 (46 more) ...","OpportunityId":"0069E000002lBcbQAE","Product2Id":"01t24000002t7jvAAA","ProductCode":"FPMSO600","Quantity":1.00,"TotalPrice":600.00,"UnitPrice":600.00}]|0x21336c2b
05:33:18.0 (121490087)|VARIABLE_ASSIGNMENT|[9]|this.getOLI|[{"Id":"00k9E000003HqyCQAS","ListPrice":600.00,"Name":"Opp_null_14906136884 (46 more) ...","OpportunityId":"0069E000002lBcbQAE","Product2Id":"01t24000002t7jvAAA","ProductCode":"FPMSO600","Quantity":1.00,"TotalPrice":600.00,"UnitPrice":600.00}]|0x5b8d754f
05:33:18.0 (121499204)|SYSTEM_METHOD_EXIT|[157]|CommunityProdController.__sfdc_getOLI(List<OpportunityLineItem>)
05:33:18.0 (121504130)|STATEMENT_EXECUTE|[159]
05:33:18.0 (121508010)|HEAP_ALLOCATE|[159]|Bytes:129
05:33:18.0 (121514226)|HEAP_ALLOCATE|[159]|Bytes:4
05:33:18.0 (121526042)|SYSTEM_METHOD_ENTRY|[159]|CommunityProdController.__sfdc_newOpp()
05:33:18.0 (121705711)|VARIABLE_ASSIGNMENT|[EXTERNAL]|this|{"con":"0x7129dc07","currentUser":"0x691b8e01","currentUserId":"00524000005uNfKAAU","delOppProd":"0x26412fb7","delOppProdId":"00k9E000003HqfQQAS","getOLI":"0x21336c2b","newOpp":"0x17065f9","oppValueSummary":"0x3e065834","pbEntry":"0xbd8b273","prod_pbEntry":"0x2b2842cc","prodList":"0x2975b5fd","prodListDisp":"0x25be8f1f"}|0x5b8d754f
05:33:18.0 (121723011)|SYSTEM_METHOD_EXIT|[159]|CommunityProdController.__sfdc_newOpp()
05:33:18.0 (122002783)|SOQL_EXECUTE_BEGIN|[159]|Aggregations:0|SELECT AccountId, Amount, Amount_VAT__c, CloseDate, Description, Id, Name, StageName, VAT__c FROM Opportunity WHERE id = :tmpVar1
05:33:18.0 (122009756)|LIMIT_USAGE|[159]|SOQL|3|100
05:33:18.0 (122016918)|LIMIT_USAGE|[159]|AGGS|0|300
05:33:18.0 (144855786)|SOQL_EXECUTE_END|[159]|Rows:1
05:33:18.0 (144867278)|LIMIT_USAGE|[159]|SOQL_ROWS|3|50000
05:33:18.0 (144887836)|HEAP_ALLOCATE|[159]|Bytes:8
05:33:18.0 (144899838)|HEAP_ALLOCATE|[159]|Bytes:245
05:33:18.0 (144983799)|HEAP_ALLOCATE|[159]|Bytes:8
05:33:18.0 (145002197)|HEAP_ALLOCATE|[159]|Bytes:37
05:33:18.0 (145070119)|HEAP_ALLOCATE|[159]|Bytes:32
05:33:18.0 (145114209)|SYSTEM_METHOD_ENTRY|[159]|CommunityProdController.__sfdc_oppValueSummary(Opportunity)
05:33:18.0 (145365443)|VARIABLE_ASSIGNMENT|[EXTERNAL]|this|{"con":"0x7129dc07","currentUser":"0x691b8e01","currentUserId":"00524000005uNfKAAU","delOppProd":"0x26412fb7","delOppProdId":"00k9E000003HqfQQAS","getOLI":"0x21336c2b","newOpp":"0x17065f9","oppValueSummary":"0x3e065834","pbEntry":"0xbd8b273","prod_pbEntry":"0x2b2842cc","prodList":"0x2975b5fd","prodListDisp":"0x25be8f1f"}|0x5b8d754f
05:33:18.0 (145405608)|VARIABLE_ASSIGNMENT|[EXTERNAL]|value|{"Amount":600.00,"Amount_VAT__c":720.00,"CloseDate":"2017-04-28T00:00:00.000Z","Id":"0069E000002lBcbQAE","Name":"Opp_null_14906136884 (2 more) ...","StageName":"Prospecting","VAT__c":120.00}|0x15715924
05:33:18.0 (145430891)|VARIABLE_ASSIGNMENT|[12]|this.oppValueSummary|{"Amount":600.00,"Amount_VAT__c":720.00,"CloseDate":"2017-04-28T00:00:00.000Z","Id":"0069E000002lBcbQAE","Name":"Opp_null_14906136884 (2 more) ...","StageName":"Prospecting","VAT__c":120.00}|0x5b8d754f
05:33:18.0 (145440591)|SYSTEM_METHOD_EXIT|[159]|CommunityProdController.__sfdc_oppValueSummary(Opportunity)
05:33:18.0 (215528567)|VF_APEX_CALL_END|CommunityProdController invoke(deleteOppProd)
05:33:18.228 (228085141)|VF_APEX_CALL_START|[EXTERNAL]|/apexpage/pagemessagescomponentcontroller.apex set(conEscape,null)
05:33:18.228 (228104916)|SYSTEM_MODE_ENTER|true
05:33:18.228 (228130159)|VF_APEX_CALL_START|[EXTERNAL]|PageMessagesComponentController set(conEscape,null)
05:33:18.228 (228170445)|VF_APEX_CALL_START|[EXTERNAL]|PageMessagesComponentController invoke(setconEscape)
05:33:18.228 (228207333)|HEAP_ALLOCATE|[EXTERNAL]|Bytes:8
05:33:18.228 (228224567)|VARIABLE_SCOPE_BEGIN|[88]|this|ApexPage.PageMessagesComponentController|true|false
05:33:18.228 (228257176)|VARIABLE_ASSIGNMENT|[88]|this|{}|0x61a193c
05:33:18.228 (228267945)|VARIABLE_SCOPE_BEGIN|[88]|escape|Boolean|false|false
05:33:18.228 (228274411)|VARIABLE_ASSIGNMENT|[88]|escape|null
05:33:18.228 (228439107)|VF_APEX_CALL_START|[EXTERNAL]|/apexpage/pagemessagescomponentcontroller.apex get(severities)
05:33:18.228 (228452228)|SYSTEM_MODE_ENTER|true
05:33:18.228 (228466304)|VF_APEX_CALL_START|[EXTERNAL]|PageMessagesComponentController invoke(getseverities)
05:33:18.228 (228489185)|HEAP_ALLOCATE|[EXTERNAL]|Bytes:8
05:33:18.228 (228495542)|VARIABLE_SCOPE_BEGIN|[2]|this|ApexPage.PageMessagesComponentController|true|false
05:33:18.228 (228516530)|VARIABLE_ASSIGNMENT|[2]|this|{}|0x61a193c
05:33:18.0 (229054046)|VF_APEX_CALL_START|[EXTERNAL]|01p9E000000Dmea|CommunityProdController get(getOLI)
05:33:18.0 (229062185)|SYSTEM_MODE_ENTER|true
05:33:18.0 (229071634)|VF_APEX_CALL_START|[EXTERNAL]|01p9E000000Dmea|getOLI
05:33:18.0 (229092860)|VF_APEX_CALL_END|getOLI
05:33:18.0 (229112607)|VF_APEX_CALL_END|CommunityProdController get(getOLI)
05:33:18.0 (232568210)|VF_APEX_CALL_START|[EXTERNAL]|01p9E000000Dmea|CommunityProdController get(oppValueSummary)
05:33:18.0 (232575401)|SYSTEM_MODE_ENTER|true
05:33:18.0 (232582219)|VF_APEX_CALL_START|[EXTERNAL]|01p9E000000Dmea|oppValueSummary
05:33:18.0 (232592981)|VF_APEX_CALL_END|oppValueSummary
05:33:18.0 (232606963)|VF_APEX_CALL_END|CommunityProdController get(oppValueSummary)
05:33:18.0 (234397691)|VF_SERIALIZE_VIEWSTATE_BEGIN|0669E000000CvHr
05:33:18.0 (238491988)|VF_SERIALIZE_VIEWSTATE_END
05:33:18.240 (240943108)|CUMULATIVE_LIMIT_USAGE
05:33:18.240 (240943108)|LIMIT_USAGE_FOR_NS|(default)|
  Number of SOQL queries: 3 out of 100
  Number of query rows: 3 out of 50000
  Number of SOSL queries: 0 out of 20
  Number of DML statements: 1 out of 150
  Number of DML rows: 1 out of 10000
  Maximum CPU time: 0 out of 10000
  Maximum heap size: 0 out of 6000000
  Number of callouts: 0 out of 100
  Number of Email Invocations: 0 out of 10
  Number of future calls: 0 out of 50
  Number of queueable jobs added to the queue: 0 out of 50
  Number of Mobile Apex push calls: 0 out of 10

05:33:18.240 (240943108)|TOTAL_EMAIL_RECIPIENTS_QUEUED|0
05:33:18.240 (240943108)|STATIC_VARIABLE_LIST|
  char[]:DigitTens:0
  long:serialVersionUID:0
  long:serialVersionUID:0
  double:MAX_VALUE:0
  Boolean:FALSE:0
  long:serialVersionUID:0
  String:__sfdcInnerTypes:0
  double:MIN_VALUE:0
  int:SIZE:0
  double:NEGATIVE_INFINITY:0
  int:MAX_VALUE:0
  char[]:digits:0
  double:NaN:0
  Boolean:TRUE:0
  int:MIN_VALUE:0
  char[]:DigitOnes:0
  String:_sfdcAdditionalCodeLocations:0
  int:BYTES:0
  int:MIN_EXPONENT:0
  int[]:sizeTable:0
  int:MAX_EXPONENT:0
  String:_sfdcAdditionalCodeLocations:0
  String:_sfdcSuppressedCodeLocations:0
  int:SIZE:0
  double:POSITIVE_INFINITY:0
  String:__sfdcProperties:0
  double:MIN_NORMAL:0
  int:BYTES:0

05:33:18.240 (240943108)|CUMULATIVE_LIMIT_USAGE_END

05:33:18.0 (241096566)|CODE_UNIT_FINISHED|VF: /apex/communityCheckout
05:33:18.0 (242007683)|EXECUTION_FINISHED
05:33:18.243 (243604477)|CUMULATIVE_PROFILING_BEGIN
05:33:18.243 (243604477)|CUMULATIVE_PROFILING|No profiling information for SOQL operations
05:33:18.243 (243604477)|CUMULATIVE_PROFILING|No profiling information for SOSL operations
05:33:18.243 (243604477)|CUMULATIVE_PROFILING|No profiling information for DML operations
05:33:18.243 (243604477)|CUMULATIVE_PROFILING|method invocations|
External entry point: public void deleteOppProd(): executed 1 time in 124 ms
Class.CommunityProdController.deleteOppProd: line 153, column 1: public OpportunityLineItem __sfdc_delOppProd(): executed 2 times in 89 ms
Class.CommunityProdController.deleteOppProd: line 159, column 1: public Opportunity __sfdc_newOpp(): executed 3 times in 24 ms
Class.CommunityProdController.deleteOppProd: line 157, column 1: public Opportunity __sfdc_newOpp(): executed 3 times in 5 ms
Class.CommunityProdController.deleteOppProd: line 151, column 1: public String __sfdc_delOppProdId(): executed 3 times in 4 ms
Class.CommunityProdController.deleteOppProd: line 149, column 1: public List<OpportunityLineItem> __sfdc_getOLI(): executed 3 times in 1 ms
Class.CommunityProdController.deleteOppProd: line 156, column 1: public List<OpportunityLineItem> __sfdc_getOLI(): executed 2 times in 1 ms
Class.CommunityProdController.deleteOppProd: line 148, column 1: public String __sfdc_delOppProdId(): executed 2 times in 0 ms

05:33:18.243 (243604477)|CUMULATIVE_PROFILING_END
