39.0 APEX_CODE,FINEST;APEX_PROFILING,FINEST;CALLOUT,FINEST;DB,FINEST;SYSTEM,FINE;VALIDATION,INFO;VISUALFORCE,FINER;WAVE,INFO;WORKFLOW,FINER
23:50:18.0 (279425)|USER_INFO|[EXTERNAL]|00524000005uNfK|neela@lightful.com.commundev|Line Is. Time|GMT+14:00
23:50:18.0 (299274)|EXECUTION_STARTED
23:50:18.0 (303712)|CODE_UNIT_STARTED|[EXTERNAL]|0669E000000Cv0R|VF: /apex/communityCaseMgmt
23:50:18.0 (757655)|VF_DESERIALIZE_VIEWSTATE_BEGIN|0669E000000Cv0R
23:50:18.0 (5563849)|HEAP_ALLOCATE|[72]|Bytes:3
23:50:18.0 (5587041)|HEAP_ALLOCATE|[77]|Bytes:152
23:50:18.0 (5597658)|HEAP_ALLOCATE|[342]|Bytes:408
23:50:18.0 (5610758)|HEAP_ALLOCATE|[355]|Bytes:408
23:50:18.0 (5623379)|HEAP_ALLOCATE|[467]|Bytes:48
23:50:18.0 (5645434)|HEAP_ALLOCATE|[139]|Bytes:6
23:50:18.0 (6765526)|HEAP_ALLOCATE|[50]|Bytes:5
23:50:18.0 (6783020)|HEAP_ALLOCATE|[56]|Bytes:5
23:50:18.0 (6790554)|HEAP_ALLOCATE|[64]|Bytes:7
23:50:18.0 (9879252)|VF_DESERIALIZE_VIEWSTATE_END
23:50:18.12 (12124558)|VF_APEX_CALL_START|[EXTERNAL]|/apexpage/pagemessagescomponentcontroller.apex get(severities)
23:50:18.12 (12137092)|SYSTEM_MODE_ENTER|true
23:50:18.12 (12159358)|VF_APEX_CALL_START|[EXTERNAL]|PageMessagesComponentController invoke(getseverities)
23:50:18.12 (12186427)|HEAP_ALLOCATE|[EXTERNAL]|Bytes:38
23:50:18.12 (12192206)|HEAP_ALLOCATE|[EXTERNAL]|Bytes:7
23:50:18.12 (12199465)|SYSTEM_METHOD_ENTRY|[1]|PageMessagesComponentController.PageMessagesComponentController()
23:50:18.12 (12203100)|STATEMENT_EXECUTE|[1]
23:50:18.12 (12874290)|VF_APEX_CALL_START|[EXTERNAL]|/apexpage/pagemessagescomponentcontroller.apex set(conEscape,null)
23:50:18.12 (12882274)|SYSTEM_MODE_ENTER|true
23:50:18.12 (12891061)|VF_APEX_CALL_START|[EXTERNAL]|PageMessagesComponentController set(conEscape,null)
23:50:18.12 (12910644)|VF_APEX_CALL_START|[EXTERNAL]|PageMessagesComponentController invoke(setconEscape)
23:50:18.12 (12930881)|HEAP_ALLOCATE|[EXTERNAL]|Bytes:8
23:50:18.12 (12935712)|VARIABLE_SCOPE_BEGIN|[88]|this|ApexPage.PageMessagesComponentController|true|false
23:50:18.12 (12965905)|VARIABLE_ASSIGNMENT|[88]|this|{}|0x30afa5bd
23:50:18.12 (12969979)|VARIABLE_SCOPE_BEGIN|[88]|escape|Boolean|false|false
23:50:18.12 (12974700)|VARIABLE_ASSIGNMENT|[88]|escape|null
23:50:18.0 (13109381)|VF_APEX_CALL_START|[EXTERNAL]|01p9E000000Dmpd|communityCaseMgmtController get(myCases)
23:50:18.0 (13114897)|SYSTEM_MODE_ENTER|true
23:50:18.0 (13123668)|VF_APEX_CALL_START|[EXTERNAL]|01p9E000000Dmpd|myCases
23:50:18.0 (13133495)|HEAP_ALLOCATE|[EXTERNAL]|Bytes:412
23:50:18.0 (13141246)|HEAP_ALLOCATE|[EXTERNAL]|Bytes:76
23:50:18.0 (13144096)|HEAP_ALLOCATE|[EXTERNAL]|Bytes:27
23:50:18.0 (13149497)|METHOD_ENTRY|[1]|01p9E000000Dmpd|communityCaseMgmtController.communityCaseMgmtController()
23:50:18.0 (13152292)|STATEMENT_EXECUTE|[1]
23:50:18.0 (13155348)|STATEMENT_EXECUTE|[1]
23:50:18.0 (13158519)|METHOD_EXIT|[1]|communityCaseMgmtController
23:50:18.0 (13165418)|VF_APEX_CALL_END|myCases
23:50:18.0 (13176698)|VF_APEX_CALL_END|communityCaseMgmtController get(myCases)
23:50:18.0 (13420090)|VF_APEX_CALL_START|[EXTERNAL]|01p9E000000Dmpd|communityCaseMgmtController get(relatedAccId)
23:50:18.0 (13425362)|SYSTEM_MODE_ENTER|true
23:50:18.0 (13430222)|VF_APEX_CALL_START|[EXTERNAL]|01p9E000000Dmpd|relatedAccId
23:50:18.0 (13437461)|VF_APEX_CALL_END|relatedAccId
23:50:18.0 (13447151)|VF_APEX_CALL_END|communityCaseMgmtController get(relatedAccId)
23:50:18.0 (13525319)|VF_EVALUATE_FORMULA_BEGIN|0669E000000Cv0R|#{myOrgCases[accid]}
23:50:18.0 (13577172)|VF_APEX_CALL_START|[EXTERNAL]|01p9E000000Dmpd|communityCaseMgmtController get(myOrgCases)
23:50:18.0 (13583302)|SYSTEM_MODE_ENTER|true
23:50:18.0 (13588887)|VF_APEX_CALL_START|[EXTERNAL]|01p9E000000Dmpd|myOrgCases
23:50:18.0 (13596314)|VF_APEX_CALL_END|myOrgCases
23:50:18.0 (13605274)|VF_APEX_CALL_END|communityCaseMgmtController get(myOrgCases)
23:50:18.0 (13679477)|VF_EVALUATE_FORMULA_END
23:50:18.0 (13689026)|VF_EVALUATE_FORMULA_BEGIN|0669E000000Cv0R|#{myOrgCases[accid]}
23:50:18.0 (13710908)|VF_EVALUATE_FORMULA_END
23:50:18.0 (13794349)|VF_EVALUATE_FORMULA_BEGIN|0669E000000Cv0R|#{myOrgCases[accid]}
23:50:18.0 (13829616)|VF_EVALUATE_FORMULA_END
23:50:18.0 (13835379)|VF_EVALUATE_FORMULA_BEGIN|0669E000000Cv0R|#{myOrgCases[accid]}
23:50:18.0 (13848651)|VF_EVALUATE_FORMULA_END
23:50:18.0 (14032150)|VF_APEX_CALL_START|[EXTERNAL]|01p9E000000Dmpd|communityCaseMgmtController get(newcaseOwner)
23:50:18.0 (14038896)|SYSTEM_MODE_ENTER|true
23:50:18.0 (14044582)|VF_APEX_CALL_START|[EXTERNAL]|01p9E000000Dmpd|newcaseOwner
23:50:18.0 (14053162)|VF_APEX_CALL_END|newcaseOwner
23:50:18.0 (14064242)|VF_APEX_CALL_END|communityCaseMgmtController get(newcaseOwner)
23:50:18.0 (17324418)|VF_APEX_CALL_START|[EXTERNAL]|01p9E000000Dmpd|communityCaseMgmtController get(newCase)
23:50:18.0 (17331374)|SYSTEM_MODE_ENTER|true
23:50:18.0 (17337709)|VF_APEX_CALL_START|[EXTERNAL]|01p9E000000Dmpd|newCase
23:50:18.0 (17346585)|VF_APEX_CALL_END|newCase
23:50:18.0 (17359082)|VF_APEX_CALL_END|communityCaseMgmtController get(newCase)
23:50:18.0 (20554535)|VF_EVALUATE_FORMULA_BEGIN|0669E000000Cv0R|#{myOrgCases[accid]}
23:50:18.0 (20584475)|VF_EVALUATE_FORMULA_END
23:50:18.0 (20593512)|VF_EVALUATE_FORMULA_BEGIN|0669E000000Cv0R|#{myOrgCases[accid]}
23:50:18.0 (20607720)|VF_EVALUATE_FORMULA_END
23:50:18.21 (21814562)|VF_APEX_CALL_START|[EXTERNAL]|/apexpage/pagemessagescomponentcontroller.apex set(conEscape,null)
23:50:18.21 (21823257)|SYSTEM_MODE_ENTER|true
23:50:18.21 (21832459)|VF_APEX_CALL_START|[EXTERNAL]|PageMessagesComponentController set(conEscape,null)
23:50:18.21 (21851646)|VF_APEX_CALL_START|[EXTERNAL]|PageMessagesComponentController invoke(setconEscape)
23:50:18.21 (21871520)|HEAP_ALLOCATE|[EXTERNAL]|Bytes:8
23:50:18.21 (21876487)|VARIABLE_SCOPE_BEGIN|[88]|this|ApexPage.PageMessagesComponentController|true|false
23:50:18.21 (21902065)|VARIABLE_ASSIGNMENT|[88]|this|{}|0x30afa5bd
23:50:18.21 (21905266)|VARIABLE_SCOPE_BEGIN|[88]|escape|Boolean|false|false
23:50:18.21 (21909391)|VARIABLE_ASSIGNMENT|[88]|escape|null
23:50:18.0 (22714842)|VF_APEX_CALL_START|[EXTERNAL]|communityCaseMgmtController set(qViewCaseId,5009E00000206zGQAQ)
23:50:18.0 (22720776)|SYSTEM_MODE_ENTER|true
23:50:18.0 (22726626)|VF_APEX_CALL_START|[EXTERNAL]|communityCaseMgmtController set(qViewCaseId,5009E00000206zGQAQ)
23:50:18.0 (22742159)|HEAP_ALLOCATE|[EXTERNAL]|Bytes:4
23:50:18.0 (22746644)|HEAP_ALLOCATE|[EXTERNAL]|Bytes:72
23:50:18.0 (22875968)|VARIABLE_ASSIGNMENT|[EXTERNAL]|this.qViewCaseId|"5009E00000206zGQAQ"|0x694f43ee
23:50:18.0 (22883618)|VF_APEX_CALL_END|communityCaseMgmtController set(qViewCaseId,5009E00000206zGQAQ)
23:50:18.0 (22895855)|VF_APEX_CALL_END|communityCaseMgmtController set(qViewCaseId,5009E00000206zGQAQ)
23:50:18.0 (23147486)|VF_APEX_CALL_START|[EXTERNAL]|01p9E000000Dmpd|communityCaseMgmtController invoke(quickViewCase)
23:50:18.0 (23179992)|HEAP_ALLOCATE|[EXTERNAL]|Bytes:72
23:50:18.0 (23186283)|VARIABLE_SCOPE_BEGIN|[137]|this|communityCaseMgmtController|true|false
23:50:18.0 (23349756)|VARIABLE_ASSIGNMENT|[137]|this|{"accCaseCount":"0x3a33a4ac","accName":"0x271b0bc2","con":"0x1ffe8962","conRelatedAccsList":"0x1f46531f","currentUser":"0x38f7929f","currentUserId":"00524000005uNfKAAU","myCases":"0x474dcb58","myOrgCases":"0x146b8fdf","newCase":"0x2c93ff4a","newCaseOwner":"0x1e09f6c","qViewCaseId":"5009E00000206zGQAQ","relatedAccId":"0x1ac5a438","showCreateCase":false}|0x694f43ee
23:50:18.0 (23359769)|STATEMENT_EXECUTE|[138]
23:50:18.0 (23361426)|STATEMENT_EXECUTE|[139]
23:50:18.0 (23365118)|HEAP_ALLOCATE|[139]|Bytes:19
23:50:18.0 (23382204)|SYSTEM_METHOD_ENTRY|[139]|communityCaseMgmtController.__sfdc_qViewCaseId()
23:50:18.0 (23520824)|VARIABLE_ASSIGNMENT|[EXTERNAL]|this|{"accCaseCount":"0x3a33a4ac","accName":"0x271b0bc2","con":"0x1ffe8962","conRelatedAccsList":"0x1f46531f","currentUser":"0x38f7929f","currentUserId":"00524000005uNfKAAU","myCases":"0x474dcb58","myOrgCases":"0x146b8fdf","newCase":"0x2c93ff4a","newCaseOwner":"0x1e09f6c","qViewCaseId":"5009E00000206zGQAQ","relatedAccId":"0x1ac5a438","showCreateCase":false}|0x694f43ee
23:50:18.0 (23535369)|SYSTEM_METHOD_EXIT|[139]|communityCaseMgmtController.__sfdc_qViewCaseId()
23:50:18.0 (23568689)|SYSTEM_METHOD_ENTRY|[139]|String.valueOf(Object)
23:50:18.0 (23574200)|HEAP_ALLOCATE|[139]|Bytes:18
23:50:18.0 (23582673)|SYSTEM_METHOD_EXIT|[139]|String.valueOf(Object)
23:50:18.0 (23593149)|HEAP_ALLOCATE|[139]|Bytes:37
23:50:18.0 (23610509)|SYSTEM_METHOD_ENTRY|[139]|System.debug(ANY)
23:50:18.0 (23616815)|USER_DEBUG|[139]|DEBUG|viewing the case : 5009E00000206zGQAQ
23:50:18.0 (23621062)|SYSTEM_METHOD_EXIT|[139]|System.debug(ANY)
23:50:18.0 (23623783)|STATEMENT_EXECUTE|[140]
23:50:18.0 (23626889)|HEAP_ALLOCATE|[140]|Bytes:117
23:50:18.0 (23634697)|HEAP_ALLOCATE|[140]|Bytes:4
23:50:18.0 (23642842)|HEAP_ALLOCATE|[140]|Bytes:7
23:50:18.0 (23649570)|SYSTEM_METHOD_ENTRY|[140]|communityCaseMgmtController.__sfdc_qViewCaseId()
23:50:18.0 (23782742)|VARIABLE_ASSIGNMENT|[EXTERNAL]|this|{"accCaseCount":"0x3a33a4ac","accName":"0x271b0bc2","con":"0x1ffe8962","conRelatedAccsList":"0x1f46531f","currentUser":"0x38f7929f","currentUserId":"00524000005uNfKAAU","myCases":"0x474dcb58","myOrgCases":"0x146b8fdf","newCase":"0x2c93ff4a","newCaseOwner":"0x1e09f6c","qViewCaseId":"5009E00000206zGQAQ","relatedAccId":"0x1ac5a438","showCreateCase":false}|0x694f43ee
23:50:18.0 (23791692)|SYSTEM_METHOD_EXIT|[140]|communityCaseMgmtController.__sfdc_qViewCaseId()
23:50:18.0 (24077366)|SOQL_EXECUTE_BEGIN|[140]|Aggregations:0|SELECT id, reason, subject, status, CaseNumber, Issue_Type__c, CreatedById, Description FROM case WHERE id = :tmpVar1
23:50:18.0 (24085050)|LIMIT_USAGE|[140]|SOQL|1|100
23:50:18.0 (24094660)|LIMIT_USAGE|[140]|AGGS|0|300
23:50:18.0 (28080242)|SOQL_EXECUTE_END|[140]|Rows:1
23:50:18.0 (28086786)|LIMIT_USAGE|[140]|SOQL_ROWS|1|50000
23:50:18.0 (28097763)|HEAP_ALLOCATE|[140]|Bytes:8
23:50:18.0 (28106497)|HEAP_ALLOCATE|[140]|Bytes:205
23:50:18.0 (28133510)|HEAP_ALLOCATE|[140]|Bytes:8
23:50:18.0 (28142090)|HEAP_ALLOCATE|[140]|Bytes:30
23:50:18.0 (28198733)|HEAP_ALLOCATE|[140]|Bytes:32
23:50:18.0 (28224308)|SYSTEM_METHOD_ENTRY|[140]|communityCaseMgmtController.__sfdc_qViewcase(Case)
23:50:18.0 (28370332)|VARIABLE_ASSIGNMENT|[EXTERNAL]|this|{"accCaseCount":"0x3a33a4ac","accName":"0x271b0bc2","con":"0x1ffe8962","conRelatedAccsList":"0x1f46531f","currentUser":"0x38f7929f","currentUserId":"00524000005uNfKAAU","myCases":"0x474dcb58","myOrgCases":"0x146b8fdf","newCase":"0x2c93ff4a","newCaseOwner":"0x1e09f6c","qViewCaseId":"5009E00000206zGQAQ","relatedAccId":"0x1ac5a438","showCreateCase":false}|0x694f43ee
23:50:18.0 (28389498)|VARIABLE_ASSIGNMENT|[EXTERNAL]|value|{"Id":"5009E00000206zGQAQ","Subject":"testing related acc  (4 more) ...","Status":"New","CaseNumber":"00001214","CreatedById":"00524000005uNfKAAU","Description":"testing related acc  (4 more) ...","RecordTypeId":"012240000002nYhAAI"}|0x193af06c
23:50:18.0 (28407875)|VARIABLE_ASSIGNMENT|[133]|this.qViewcase|{"Id":"5009E00000206zGQAQ","Subject":"testing related acc  (4 more) ...","Status":"New","CaseNumber":"00001214","CreatedById":"00524000005uNfKAAU","Description":"testing related acc  (4 more) ...","RecordTypeId":"012240000002nYhAAI"}|0x694f43ee
23:50:18.0 (28415795)|SYSTEM_METHOD_EXIT|[140]|communityCaseMgmtController.__sfdc_qViewcase(Case)
23:50:18.0 (28419682)|STATEMENT_EXECUTE|[142]
23:50:18.0 (28422994)|HEAP_ALLOCATE|[142]|Bytes:52
23:50:18.0 (28428201)|HEAP_ALLOCATE|[142]|Bytes:4
23:50:18.0 (28438456)|SYSTEM_METHOD_ENTRY|[142]|communityCaseMgmtController.__sfdc_qViewcase()
23:50:18.0 (28577944)|VARIABLE_ASSIGNMENT|[EXTERNAL]|this|{"accCaseCount":"0x3a33a4ac","accName":"0x271b0bc2","con":"0x1ffe8962","conRelatedAccsList":"0x1f46531f","currentUser":"0x38f7929f","currentUserId":"00524000005uNfKAAU","myCases":"0x474dcb58","myOrgCases":"0x146b8fdf","newCase":"0x2c93ff4a","newCaseOwner":"0x1e09f6c","qViewcase":"0x193af06c","qViewCaseId":"5009E00000206zGQAQ","relatedAccId":"0x1ac5a438","showCreateCase":false}|0x694f43ee
23:50:18.0 (28589389)|SYSTEM_METHOD_EXIT|[142]|communityCaseMgmtController.__sfdc_qViewcase()
23:50:18.0 (30896921)|SOQL_EXECUTE_BEGIN|[142]|Aggregations:0|SELECT id, name, email FROM user WHERE id = :tmpVar1
23:50:18.0 (30903304)|LIMIT_USAGE|[142]|SOQL|2|100
23:50:18.0 (30909298)|LIMIT_USAGE|[142]|AGGS|0|300
23:50:18.0 (33164625)|SOQL_EXECUTE_END|[142]|Rows:1
23:50:18.0 (33171557)|LIMIT_USAGE|[142]|SOQL_ROWS|2|50000
23:50:18.0 (33183361)|HEAP_ALLOCATE|[142]|Bytes:8
23:50:18.0 (33196201)|HEAP_ALLOCATE|[142]|Bytes:72
23:50:18.0 (33255345)|HEAP_ALLOCATE|[142]|Bytes:8
23:50:18.0 (33265497)|HEAP_ALLOCATE|[142]|Bytes:30
23:50:18.0 (33309166)|HEAP_ALLOCATE|[142]|Bytes:16
23:50:18.0 (33333953)|SYSTEM_METHOD_ENTRY|[142]|communityCaseMgmtController.__sfdc_caseOwner(User)
23:50:18.0 (33493819)|VARIABLE_ASSIGNMENT|[EXTERNAL]|this|{"accCaseCount":"0x3a33a4ac","accName":"0x271b0bc2","con":"0x1ffe8962","conRelatedAccsList":"0x1f46531f","currentUser":"0x38f7929f","currentUserId":"00524000005uNfKAAU","myCases":"0x474dcb58","myOrgCases":"0x146b8fdf","newCase":"0x2c93ff4a","newCaseOwner":"0x1e09f6c","qViewcase":"0x193af06c","qViewCaseId":"5009E00000206zGQAQ","relatedAccId":"0x1ac5a438","showCreateCase":false}|0x694f43ee
23:50:18.0 (33507690)|VARIABLE_ASSIGNMENT|[EXTERNAL]|value|{"Id":"00524000005uNfKAAU","Name":"Neela SN","Email":"neela@lightful.com"}|0x68ec365b
23:50:18.0 (33518942)|VARIABLE_ASSIGNMENT|[135]|this.caseOwner|{"Id":"00524000005uNfKAAU","Name":"Neela SN","Email":"neela@lightful.com"}|0x694f43ee
23:50:18.0 (33526254)|SYSTEM_METHOD_EXIT|[142]|communityCaseMgmtController.__sfdc_caseOwner(User)
23:50:18.0 (33550492)|VF_APEX_CALL_END|communityCaseMgmtController invoke(quickViewCase)
23:50:18.41 (41196292)|VF_APEX_CALL_START|[EXTERNAL]|/apexpage/pagemessagescomponentcontroller.apex set(conEscape,null)
23:50:18.41 (41207669)|SYSTEM_MODE_ENTER|true
23:50:18.41 (41217475)|VF_APEX_CALL_START|[EXTERNAL]|PageMessagesComponentController set(conEscape,null)
23:50:18.41 (41238808)|VF_APEX_CALL_START|[EXTERNAL]|PageMessagesComponentController invoke(setconEscape)
23:50:18.41 (41263000)|HEAP_ALLOCATE|[EXTERNAL]|Bytes:8
23:50:18.41 (41268761)|VARIABLE_SCOPE_BEGIN|[88]|this|ApexPage.PageMessagesComponentController|true|false
23:50:18.41 (41287167)|VARIABLE_ASSIGNMENT|[88]|this|{}|0x30afa5bd
23:50:18.41 (41290047)|VARIABLE_SCOPE_BEGIN|[88]|escape|Boolean|false|false
23:50:18.41 (41294144)|VARIABLE_ASSIGNMENT|[88]|escape|null
23:50:18.41 (41375823)|VF_APEX_CALL_START|[EXTERNAL]|/apexpage/pagemessagescomponentcontroller.apex get(severities)
23:50:18.41 (41382492)|SYSTEM_MODE_ENTER|true
23:50:18.41 (41391257)|VF_APEX_CALL_START|[EXTERNAL]|PageMessagesComponentController invoke(getseverities)
23:50:18.41 (41405504)|HEAP_ALLOCATE|[EXTERNAL]|Bytes:8
23:50:18.41 (41409199)|VARIABLE_SCOPE_BEGIN|[2]|this|ApexPage.PageMessagesComponentController|true|false
23:50:18.41 (41421628)|VARIABLE_ASSIGNMENT|[2]|this|{}|0x30afa5bd
23:50:18.0 (41720483)|VF_APEX_CALL_START|[EXTERNAL]|01p9E000000Dmpd|communityCaseMgmtController get(myCases)
23:50:18.0 (41726249)|SYSTEM_MODE_ENTER|true
23:50:18.0 (41731371)|VF_APEX_CALL_START|[EXTERNAL]|01p9E000000Dmpd|myCases
23:50:18.0 (41739608)|VF_APEX_CALL_END|myCases
23:50:18.0 (41748552)|VF_APEX_CALL_END|communityCaseMgmtController get(myCases)
23:50:18.0 (42101304)|VF_APEX_CALL_START|[EXTERNAL]|01p9E000000Dmpd|communityCaseMgmtController get(relatedAccId)
23:50:18.0 (42106275)|SYSTEM_MODE_ENTER|true
23:50:18.0 (42110994)|VF_APEX_CALL_START|[EXTERNAL]|01p9E000000Dmpd|relatedAccId
23:50:18.0 (42118061)|VF_APEX_CALL_END|relatedAccId
23:50:18.0 (42126525)|VF_APEX_CALL_END|communityCaseMgmtController get(relatedAccId)
23:50:18.0 (42192794)|VF_EVALUATE_FORMULA_BEGIN|0669E000000Cv0R|#{myOrgCases[accid]}
23:50:18.0 (42205583)|VF_APEX_CALL_START|[EXTERNAL]|01p9E000000Dmpd|communityCaseMgmtController get(myOrgCases)
23:50:18.0 (42209253)|SYSTEM_MODE_ENTER|true
23:50:18.0 (42213722)|VF_APEX_CALL_START|[EXTERNAL]|01p9E000000Dmpd|myOrgCases
23:50:18.0 (42219751)|VF_APEX_CALL_END|myOrgCases
23:50:18.0 (42227479)|VF_APEX_CALL_END|communityCaseMgmtController get(myOrgCases)
23:50:18.0 (42248784)|VF_EVALUATE_FORMULA_END
23:50:18.0 (42269644)|VF_EVALUATE_FORMULA_BEGIN|0669E000000Cv0R|#{myOrgCases[accid]}
23:50:18.0 (42283536)|VF_EVALUATE_FORMULA_END
23:50:18.0 (42287727)|VF_EVALUATE_FORMULA_BEGIN|0669E000000Cv0R|#{myOrgCases[accid]}
23:50:18.0 (42297559)|VF_EVALUATE_FORMULA_END
23:50:18.0 (42379532)|VF_EVALUATE_FORMULA_BEGIN|0669E000000Cv0R|#{myOrgCases[accid]}
23:50:18.0 (42397325)|VF_EVALUATE_FORMULA_END
23:50:18.0 (42403691)|VF_EVALUATE_FORMULA_BEGIN|0669E000000Cv0R|#{myOrgCases[accid]}
23:50:18.0 (42415239)|VF_EVALUATE_FORMULA_END
23:50:18.0 (42418843)|VF_EVALUATE_FORMULA_BEGIN|0669E000000Cv0R|#{myOrgCases[accid]}
23:50:18.0 (42429474)|VF_EVALUATE_FORMULA_END
23:50:18.0 (42444166)|VF_EVALUATE_FORMULA_BEGIN|0669E000000Cv0R|#{myOrgCases[accid]}
23:50:18.0 (42456155)|VF_EVALUATE_FORMULA_END
23:50:18.0 (42459719)|VF_EVALUATE_FORMULA_BEGIN|0669E000000Cv0R|#{myOrgCases[accid]}
23:50:18.0 (42470443)|VF_EVALUATE_FORMULA_END
23:50:18.0 (42764713)|VF_APEX_CALL_START|[EXTERNAL]|01p9E000000Dmpd|communityCaseMgmtController get(newcaseOwner)
23:50:18.0 (42768976)|SYSTEM_MODE_ENTER|true
23:50:18.0 (42773228)|VF_APEX_CALL_START|[EXTERNAL]|01p9E000000Dmpd|newcaseOwner
23:50:18.0 (42779618)|VF_APEX_CALL_END|newcaseOwner
23:50:18.0 (42788696)|VF_APEX_CALL_END|communityCaseMgmtController get(newcaseOwner)
23:50:18.0 (43613277)|VF_APEX_CALL_START|[EXTERNAL]|01p9E000000Dmpd|communityCaseMgmtController get(newCase)
23:50:18.0 (43619405)|SYSTEM_MODE_ENTER|true
23:50:18.0 (43624733)|VF_APEX_CALL_START|[EXTERNAL]|01p9E000000Dmpd|newCase
23:50:18.0 (43632842)|VF_APEX_CALL_END|newCase
23:50:18.0 (43642958)|VF_APEX_CALL_END|communityCaseMgmtController get(newCase)
23:50:18.0 (46188063)|VF_EVALUATE_FORMULA_BEGIN|0669E000000Cv0R|#{if(showCreateCase == false,  "block", "none")}
23:50:18.0 (46233520)|VF_APEX_CALL_START|[EXTERNAL]|01p9E000000Dmpd|communityCaseMgmtController get(showCreateCase)
23:50:18.0 (46238957)|SYSTEM_MODE_ENTER|true
23:50:18.0 (46244327)|VF_APEX_CALL_START|[EXTERNAL]|01p9E000000Dmpd|showCreateCase
23:50:18.0 (46252693)|VF_APEX_CALL_END|showCreateCase
23:50:18.0 (46264297)|VF_APEX_CALL_END|communityCaseMgmtController get(showCreateCase)
23:50:18.0 (46274560)|VF_EVALUATE_FORMULA_END
23:50:18.0 (46338437)|VF_EVALUATE_FORMULA_BEGIN|0669E000000Cv0R|#{if(accCaseCount[accid] > 0,  "block", "none")}
23:50:18.0 (46385508)|VF_APEX_CALL_START|[EXTERNAL]|01p9E000000Dmpd|communityCaseMgmtController get(accCaseCount)
23:50:18.0 (46389642)|SYSTEM_MODE_ENTER|true
23:50:18.0 (46394066)|VF_APEX_CALL_START|[EXTERNAL]|01p9E000000Dmpd|accCaseCount
23:50:18.0 (46401487)|VF_APEX_CALL_END|accCaseCount
23:50:18.0 (46411120)|VF_APEX_CALL_END|communityCaseMgmtController get(accCaseCount)
23:50:18.0 (46429387)|VF_EVALUATE_FORMULA_END
23:50:18.0 (46438431)|VF_EVALUATE_FORMULA_BEGIN|0669E000000Cv0R|#{accName[accid]}
23:50:18.0 (46469831)|VF_APEX_CALL_START|[EXTERNAL]|01p9E000000Dmpd|communityCaseMgmtController get(accName)
23:50:18.0 (46473386)|SYSTEM_MODE_ENTER|true
23:50:18.0 (46477115)|VF_APEX_CALL_START|[EXTERNAL]|01p9E000000Dmpd|accName
23:50:18.0 (46482741)|VF_APEX_CALL_END|accName
23:50:18.0 (46490189)|VF_APEX_CALL_END|communityCaseMgmtController get(accName)
23:50:18.0 (46503553)|VF_EVALUATE_FORMULA_END
23:50:18.0 (46526422)|VF_EVALUATE_FORMULA_BEGIN|0669E000000Cv0R|#{myOrgCases[accid]}
23:50:18.0 (46542132)|VF_EVALUATE_FORMULA_END
23:50:18.0 (46546669)|VF_EVALUATE_FORMULA_BEGIN|0669E000000Cv0R|#{myOrgCases[accid]}
23:50:18.0 (46556531)|VF_EVALUATE_FORMULA_END
23:50:18.0 (48278702)|VF_EVALUATE_FORMULA_BEGIN|0669E000000Cv0R|#{if(accCaseCount[accid] > 0,  "block", "none")}
23:50:18.0 (48307554)|VF_EVALUATE_FORMULA_END
23:50:18.0 (48315565)|VF_EVALUATE_FORMULA_BEGIN|0669E000000Cv0R|#{accName[accid]}
23:50:18.0 (48328185)|VF_EVALUATE_FORMULA_END
23:50:18.0 (48345927)|VF_EVALUATE_FORMULA_BEGIN|0669E000000Cv0R|#{myOrgCases[accid]}
23:50:18.0 (48362541)|VF_EVALUATE_FORMULA_END
23:50:18.0 (48367026)|VF_EVALUATE_FORMULA_BEGIN|0669E000000Cv0R|#{myOrgCases[accid]}
23:50:18.0 (48379168)|VF_EVALUATE_FORMULA_END
23:50:18.0 (56078519)|VF_APEX_CALL_START|[EXTERNAL]|01p9E000000Dmpd|communityCaseMgmtController get(qViewCaseId)
23:50:18.0 (56086100)|SYSTEM_MODE_ENTER|true
23:50:18.0 (56092871)|VF_APEX_CALL_START|[EXTERNAL]|01p9E000000Dmpd|qViewCaseId
23:50:18.0 (56103535)|VF_APEX_CALL_END|qViewCaseId
23:50:18.0 (56114576)|VF_APEX_CALL_END|communityCaseMgmtController get(qViewCaseId)
23:50:18.0 (56175277)|VF_APEX_CALL_START|[EXTERNAL]|01p9E000000Dmpd|communityCaseMgmtController get(caseOwner)
23:50:18.0 (56179364)|SYSTEM_MODE_ENTER|true
23:50:18.0 (56184088)|VF_APEX_CALL_START|[EXTERNAL]|01p9E000000Dmpd|caseOwner
23:50:18.0 (56191035)|VF_APEX_CALL_END|caseOwner
23:50:18.0 (56198970)|VF_APEX_CALL_END|communityCaseMgmtController get(caseOwner)
23:50:18.0 (62993718)|VF_APEX_CALL_START|[EXTERNAL]|01p9E000000Dmpd|communityCaseMgmtController get(qViewcase)
23:50:18.0 (63001545)|SYSTEM_MODE_ENTER|true
23:50:18.0 (63007682)|VF_APEX_CALL_START|[EXTERNAL]|01p9E000000Dmpd|qViewcase
23:50:18.0 (63017693)|VF_APEX_CALL_END|qViewcase
23:50:18.0 (63030340)|VF_APEX_CALL_END|communityCaseMgmtController get(qViewcase)
23:50:18.0 (65454495)|VF_SERIALIZE_VIEWSTATE_BEGIN|0669E000000Cv0R
23:50:18.0 (69704317)|VF_SERIALIZE_VIEWSTATE_END
23:50:18.0 (71393289)|VF_EVALUATE_FORMULA_BEGIN|0669E000000Cv0R|#{myOrgCases[accid]}
23:50:18.0 (71437734)|VF_EVALUATE_FORMULA_END
23:50:18.0 (71449897)|VF_EVALUATE_FORMULA_BEGIN|0669E000000Cv0R|#{myOrgCases[accid]}
23:50:18.0 (71477430)|VF_EVALUATE_FORMULA_END
23:50:18.0 (71551823)|VF_EVALUATE_FORMULA_BEGIN|0669E000000Cv0R|#{myOrgCases[accid]}
23:50:18.0 (71584782)|VF_EVALUATE_FORMULA_END
23:50:18.0 (71593931)|VF_EVALUATE_FORMULA_BEGIN|0669E000000Cv0R|#{myOrgCases[accid]}
23:50:18.0 (71619080)|VF_EVALUATE_FORMULA_END
23:50:18.0 (71648294)|VF_EVALUATE_FORMULA_BEGIN|0669E000000Cv0R|#{myOrgCases[accid]}
23:50:18.0 (71679936)|VF_EVALUATE_FORMULA_END
23:50:18.0 (71689253)|VF_EVALUATE_FORMULA_BEGIN|0669E000000Cv0R|#{myOrgCases[accid]}
23:50:18.0 (71713924)|VF_EVALUATE_FORMULA_END
23:50:18.72 (72954164)|CUMULATIVE_LIMIT_USAGE
23:50:18.72 (72954164)|LIMIT_USAGE_FOR_NS|(default)|
  Number of SOQL queries: 2 out of 100
  Number of query rows: 2 out of 50000
  Number of SOSL queries: 0 out of 20
  Number of DML statements: 0 out of 150
  Number of DML rows: 0 out of 10000
  Maximum CPU time: 0 out of 10000
  Maximum heap size: 0 out of 6000000
  Number of callouts: 0 out of 100
  Number of Email Invocations: 0 out of 10
  Number of future calls: 0 out of 50
  Number of queueable jobs added to the queue: 0 out of 50
  Number of Mobile Apex push calls: 0 out of 10

23:50:18.72 (72954164)|TOTAL_EMAIL_RECIPIENTS_QUEUED|0
23:50:18.72 (72954164)|STATIC_VARIABLE_LIST|
  char[]:DigitTens:0
  long:serialVersionUID:0
  long:serialVersionUID:0
  double:MAX_VALUE:0
  Boolean:FALSE:0
  long:serialVersionUID:0
  String:__sfdcInnerTypes:0
  String:_sfdcSuppressedCodeLocations:0
  double:MIN_VALUE:0
  int:SIZE:0
  double:NEGATIVE_INFINITY:0
  int:MAX_VALUE:0
  String:_sfdcAdditionalCodeLocations:0
  char[]:digits:0
  double:NaN:0
  Boolean:TRUE:0
  int:MIN_VALUE:0
  char[]:DigitOnes:0
  int:BYTES:0
  int:MIN_EXPONENT:0
  int[]:sizeTable:0
  int:MAX_EXPONENT:0
  String:_sfdcAdditionalCodeLocations:0
  String:__sfdcProperties:0
  int:SIZE:0
  double:POSITIVE_INFINITY:0
  double:MIN_NORMAL:0
  int:BYTES:0

23:50:18.72 (72954164)|CUMULATIVE_LIMIT_USAGE_END

23:50:18.0 (73130005)|CODE_UNIT_FINISHED|VF: /apex/communityCaseMgmt
23:50:18.0 (73923768)|EXECUTION_FINISHED
23:50:18.75 (75458771)|CUMULATIVE_PROFILING_BEGIN
23:50:18.75 (75458771)|CUMULATIVE_PROFILING|No profiling information for SOQL operations
23:50:18.75 (75458771)|CUMULATIVE_PROFILING|No profiling information for SOSL operations
23:50:18.75 (75458771)|CUMULATIVE_PROFILING|No profiling information for DML operations
23:50:18.75 (75458771)|CUMULATIVE_PROFILING|method invocations|
External entry point: public void quickViewCase(): executed 1 time in 10 ms
Class.communityCaseMgmtController.quickViewCase: line 140, column 1: public Id __sfdc_qViewCaseId(): executed 3 times in 5 ms
Class.communityCaseMgmtController.quickViewCase: line 142, column 1: public Case __sfdc_qViewcase(): executed 3 times in 5 ms
Class.communityCaseMgmtController.quickViewCase: line 139, column 1: public Id __sfdc_qViewCaseId(): executed 3 times in 0 ms

23:50:18.75 (75458771)|CUMULATIVE_PROFILING_END
