39.0 APEX_CODE,FINEST;APEX_PROFILING,FINEST;CALLOUT,FINEST;DB,FINEST;SYSTEM,FINE;VALIDATION,INFO;VISUALFORCE,FINER;WAVE,INFO;WORKFLOW,FINER
06:42:34.0 (50470)|USER_INFO|[EXTERNAL]|00524000005uNfK|neela@lightful.com.commundev|Line Is. Time|GMT+14:00
06:42:34.0 (72498)|EXECUTION_STARTED
06:42:34.0 (76621)|CODE_UNIT_STARTED|[EXTERNAL]|0669E000000Cuyk|VF: /apex/communityProducts
06:42:34.8 (8053580)|VF_APEX_CALL_START|[EXTERNAL]|/apexpage/pagemessagescomponentcontroller.apex <init>
06:42:34.8 (8068306)|SYSTEM_MODE_ENTER|true
06:42:34.8 (8163905)|HEAP_ALLOCATE|[72]|Bytes:3
06:42:34.8 (8190541)|HEAP_ALLOCATE|[77]|Bytes:152
06:42:34.8 (8202839)|HEAP_ALLOCATE|[342]|Bytes:408
06:42:34.8 (8216932)|HEAP_ALLOCATE|[355]|Bytes:408
06:42:34.8 (8229401)|HEAP_ALLOCATE|[467]|Bytes:48
06:42:34.8 (8447261)|VF_APEX_CALL_START|[EXTERNAL]|/apexpage/pagemessagescomponentcontroller.apex set(conEscape,null)
06:42:34.8 (8455914)|SYSTEM_MODE_ENTER|true
06:42:34.8 (8464169)|VF_APEX_CALL_START|[EXTERNAL]|PageMessagesComponentController set(conEscape,null)
06:42:34.8 (8480677)|VF_APEX_CALL_START|[EXTERNAL]|PageMessagesComponentController invoke(setconEscape)
06:42:34.8 (8502287)|HEAP_ALLOCATE|[EXTERNAL]|Bytes:8
06:42:34.8 (8508081)|VARIABLE_SCOPE_BEGIN|[88]|this|ApexPage.PageMessagesComponentController|true|false
06:42:34.8 (8537281)|VARIABLE_ASSIGNMENT|[88]|this|{}|0x3382660
06:42:34.8 (8540412)|VARIABLE_SCOPE_BEGIN|[88]|escape|Boolean|false|false
06:42:34.8 (8544316)|VARIABLE_ASSIGNMENT|[88]|escape|null
06:42:34.8 (8696748)|VF_APEX_CALL_START|[EXTERNAL]|/apexpage/pagemessagescomponentcontroller.apex get(severities)
06:42:34.8 (8704577)|SYSTEM_MODE_ENTER|true
06:42:34.8 (8713820)|VF_APEX_CALL_START|[EXTERNAL]|PageMessagesComponentController invoke(getseverities)
06:42:34.8 (8729058)|HEAP_ALLOCATE|[EXTERNAL]|Bytes:8
06:42:34.8 (8738441)|VARIABLE_SCOPE_BEGIN|[2]|this|ApexPage.PageMessagesComponentController|true|false
06:42:34.8 (8754318)|VARIABLE_ASSIGNMENT|[2]|this|{}|0x3382660
06:42:34.0 (12256469)|VF_APEX_CALL_START|[EXTERNAL]|01p9E000000Dmea|CommunityProdController <init>
06:42:34.0 (12264120)|SYSTEM_MODE_ENTER|true
06:42:34.0 (12460445)|HEAP_ALLOCATE|[EXTERNAL]|Bytes:500
06:42:34.0 (12465952)|HEAP_ALLOCATE|[EXTERNAL]|Bytes:79
06:42:34.0 (12468453)|HEAP_ALLOCATE|[EXTERNAL]|Bytes:11
06:42:34.0 (12475574)|METHOD_ENTRY|[1]|01p9E000000Dmea|CommunityProdController.CommunityProdController()
06:42:34.0 (12478338)|STATEMENT_EXECUTE|[1]
06:42:34.0 (12481288)|STATEMENT_EXECUTE|[1]
06:42:34.0 (12485293)|METHOD_EXIT|[1]|CommunityProdController
06:42:34.0 (12595021)|HEAP_ALLOCATE|[EXTERNAL]|Bytes:92
06:42:34.0 (12600749)|VARIABLE_SCOPE_BEGIN|[19]|this|CommunityProdController|true|false
06:42:34.0 (12696476)|VARIABLE_ASSIGNMENT|[19]|this|{}|0x464f9fb4
06:42:34.0 (12702337)|STATEMENT_EXECUTE|[1]
06:42:34.0 (12703493)|STATEMENT_EXECUTE|[4]
06:42:34.0 (12704545)|STATEMENT_EXECUTE|[5]
06:42:34.0 (12705470)|STATEMENT_EXECUTE|[6]
06:42:34.0 (12706417)|STATEMENT_EXECUTE|[7]
06:42:34.0 (12707349)|STATEMENT_EXECUTE|[11]
06:42:34.0 (12708416)|STATEMENT_EXECUTE|[12]
06:42:34.0 (12709339)|STATEMENT_EXECUTE|[13]
06:42:34.0 (12710324)|STATEMENT_EXECUTE|[15]
06:42:34.0 (12711282)|STATEMENT_EXECUTE|[16]
06:42:34.0 (12712183)|STATEMENT_EXECUTE|[17]
06:42:34.0 (12713075)|STATEMENT_EXECUTE|[63]
06:42:34.0 (12714059)|STATEMENT_EXECUTE|[64]
06:42:34.0 (12715032)|STATEMENT_EXECUTE|[99]
06:42:34.0 (12715985)|STATEMENT_EXECUTE|[100]
06:42:34.0 (12717084)|STATEMENT_EXECUTE|[101]
06:42:34.0 (12718001)|STATEMENT_EXECUTE|[102]
06:42:34.0 (12719015)|STATEMENT_EXECUTE|[103]
06:42:34.0 (12719930)|STATEMENT_EXECUTE|[105]
06:42:34.0 (12720987)|STATEMENT_EXECUTE|[106]
06:42:34.0 (12722147)|STATEMENT_EXECUTE|[107]
06:42:34.0 (12723123)|STATEMENT_EXECUTE|[108]
06:42:34.0 (12724141)|STATEMENT_EXECUTE|[109]
06:42:34.0 (12740935)|STATEMENT_EXECUTE|[20]
06:42:34.0 (12742216)|STATEMENT_EXECUTE|[21]
06:42:34.0 (12773930)|HEAP_ALLOCATE|[21]|Bytes:85
06:42:34.0 (12781517)|SYSTEM_METHOD_ENTRY|[1]|UserInfo.UserInfo()
06:42:34.0 (12783666)|STATEMENT_EXECUTE|[1]
06:42:34.0 (12788228)|SYSTEM_METHOD_EXIT|[1]|UserInfo
06:42:34.0 (12797185)|METHOD_ENTRY|[21]||System.UserInfo.getUserId()
06:42:34.0 (12850382)|METHOD_EXIT|[21]||System.UserInfo.getUserId()
06:42:34.0 (12863874)|HEAP_ALLOCATE|[21]|Bytes:4
06:42:34.0 (12878620)|SYSTEM_METHOD_ENTRY|[21]|CommunityProdController.__sfdc_currentUserId(Id)
06:42:34.0 (12912797)|VARIABLE_ASSIGNMENT|[EXTERNAL]|this|{}|0x464f9fb4
06:42:34.0 (13061173)|VARIABLE_ASSIGNMENT|[EXTERNAL]|value|"00524000005uNfKAAU"
06:42:34.0 (13129546)|VARIABLE_ASSIGNMENT|[15]|this.currentUserId|"00524000005uNfKAAU"|0x464f9fb4
06:42:34.0 (13138188)|SYSTEM_METHOD_EXIT|[21]|CommunityProdController.__sfdc_currentUserId(Id)
06:42:34.0 (13142082)|STATEMENT_EXECUTE|[22]
06:42:34.0 (13145810)|HEAP_ALLOCATE|[22]|Bytes:105
06:42:34.0 (13153771)|HEAP_ALLOCATE|[22]|Bytes:4
06:42:34.0 (13160542)|HEAP_ALLOCATE|[22]|Bytes:7
06:42:34.0 (13168052)|SYSTEM_METHOD_ENTRY|[22]|CommunityProdController.__sfdc_currentUserId()
06:42:34.0 (13296996)|VARIABLE_ASSIGNMENT|[EXTERNAL]|this|{"currentUserId":"00524000005uNfKAAU"}|0x464f9fb4
06:42:34.0 (13306068)|SYSTEM_METHOD_EXIT|[22]|CommunityProdController.__sfdc_currentUserId()
06:42:34.0 (14101304)|SOQL_EXECUTE_BEGIN|[22]|Aggregations:0|SELECT id, name, firstname, lastname, contactid, fullphotourl, phone, email FROM user WHERE id = :tmpVar1
06:42:34.0 (14109548)|LIMIT_USAGE|[22]|SOQL|1|100
06:42:34.0 (14116291)|LIMIT_USAGE|[22]|AGGS|0|300
06:42:34.0 (17061975)|SOQL_EXECUTE_END|[22]|Rows:1
06:42:34.0 (17069668)|LIMIT_USAGE|[22]|SOQL_ROWS|1|50000
06:42:34.0 (17081214)|HEAP_ALLOCATE|[22]|Bytes:8
06:42:34.0 (17095805)|HEAP_ALLOCATE|[22]|Bytes:183
06:42:34.0 (17133051)|HEAP_ALLOCATE|[22]|Bytes:8
06:42:34.0 (17142283)|HEAP_ALLOCATE|[22]|Bytes:30
06:42:34.0 (17184115)|HEAP_ALLOCATE|[22]|Bytes:28
06:42:34.0 (17207005)|SYSTEM_METHOD_ENTRY|[22]|CommunityProdController.__sfdc_currentUser(User)
06:42:34.0 (17357663)|VARIABLE_ASSIGNMENT|[EXTERNAL]|this|{"currentUserId":"00524000005uNfKAAU"}|0x464f9fb4
06:42:34.0 (17375777)|VARIABLE_ASSIGNMENT|[EXTERNAL]|value|{"Id":"00524000005uNfKAAU","Name":"Neela SN","FirstName":"Neela","LastName":"SN","FullPhotoUrl":"https://c.cs88.conte (43 more) ...","Email":"neela@lightful.com"}|0x520177f9
06:42:34.0 (17388746)|VARIABLE_ASSIGNMENT|[16]|this.currentUser|{"Id":"00524000005uNfKAAU","Name":"Neela SN","FirstName":"Neela","LastName":"SN","FullPhotoUrl":"https://c.cs88.conte (43 more) ...","Email":"neela@lightful.com"}|0x464f9fb4
06:42:34.0 (17396637)|SYSTEM_METHOD_EXIT|[22]|CommunityProdController.__sfdc_currentUser(User)
06:42:34.0 (17405653)|SYSTEM_METHOD_ENTRY|[24]|CommunityProdController.__sfdc_currentUser()
06:42:34.0 (17532001)|VARIABLE_ASSIGNMENT|[EXTERNAL]|this|{"currentUser":"0x520177f9","currentUserId":"00524000005uNfKAAU"}|0x464f9fb4
06:42:34.0 (17541622)|SYSTEM_METHOD_EXIT|[24]|CommunityProdController.__sfdc_currentUser()
06:42:34.0 (17552362)|STATEMENT_EXECUTE|[27]
06:42:34.0 (17565078)|HEAP_ALLOCATE|[27]|Bytes:4
06:42:34.0 (17658164)|SYSTEM_METHOD_ENTRY|[27]|CommunityProdController.__sfdc_con(Contact)
06:42:34.0 (17790519)|VARIABLE_ASSIGNMENT|[EXTERNAL]|this|{"currentUser":"0x520177f9","currentUserId":"00524000005uNfKAAU"}|0x464f9fb4
06:42:34.0 (17800513)|VARIABLE_ASSIGNMENT|[EXTERNAL]|value|{}|0x2a1c49ad
06:42:34.0 (17808197)|VARIABLE_ASSIGNMENT|[17]|this.con|{}|0x464f9fb4
06:42:34.0 (17814468)|SYSTEM_METHOD_EXIT|[27]|CommunityProdController.__sfdc_con(Contact)
06:42:34.0 (17818503)|STATEMENT_EXECUTE|[29]
06:42:34.0 (17822292)|HEAP_ALLOCATE|[29]|Bytes:220
06:42:34.0 (17827678)|HEAP_ALLOCATE|[29]|Bytes:4
06:42:34.0 (18848363)|SOQL_EXECUTE_BEGIN|[29]|Aggregations:0|SELECT Description, Id, IsActive, Name, DisplayUrl, ProductCode, CommunityProdDetail__c, DisplayOnCommunity__c FROM Product2 WHERE (isActive = TRUE AND DisplayOnCommunity__c = TRUE) ORDER BY name ASC NULLS FIRST LIMIT 10
06:42:34.0 (18856255)|LIMIT_USAGE|[29]|SOQL|2|100
06:42:34.0 (18869975)|LIMIT_USAGE|[29]|AGGS|0|300
06:42:34.0 (22358300)|SOQL_EXECUTE_END|[29]|Rows:8
06:42:34.0 (22364899)|LIMIT_USAGE|[29]|SOQL_ROWS|9|50000
06:42:34.0 (22375181)|HEAP_ALLOCATE|[29]|Bytes:36
06:42:34.0 (22393332)|HEAP_ALLOCATE|[29]|Bytes:1616
06:42:34.0 (22414361)|HEAP_ALLOCATE|[29]|Bytes:36
06:42:34.0 (22439561)|SYSTEM_METHOD_ENTRY|[29]|CommunityProdController.__sfdc_prodList(List<Product2>)
06:42:34.0 (22574487)|VARIABLE_ASSIGNMENT|[EXTERNAL]|this|{"con":"0x2a1c49ad","currentUser":"0x520177f9","currentUserId":"00524000005uNfKAAU"}|0x464f9fb4
06:42:34.0 (22587881)|VARIABLE_ASSIGNMENT|[EXTERNAL]|value|"List of size 8 too large to display"|0x48348f56
06:42:34.0 (22597570)|VARIABLE_ASSIGNMENT|[4]|this.prodList|"List of size 8 too large to display"|0x464f9fb4
06:42:34.0 (22604436)|SYSTEM_METHOD_EXIT|[29]|CommunityProdController.__sfdc_prodList(List<Product2>)
06:42:34.0 (22608782)|STATEMENT_EXECUTE|[31]
06:42:34.0 (22613481)|HEAP_ALLOCATE|[31]|Bytes:4
06:42:34.0 (22651674)|SYSTEM_METHOD_ENTRY|[31]|CommunityProdController.__sfdc_prod_pbEntry(Map<Id,PricebookEntry>)
06:42:34.0 (22841575)|VARIABLE_ASSIGNMENT|[EXTERNAL]|this|{"con":"0x2a1c49ad","currentUser":"0x520177f9","currentUserId":"00524000005uNfKAAU","prodList":"0x48348f56"}|0x464f9fb4
06:42:34.0 (22858780)|VARIABLE_ASSIGNMENT|[EXTERNAL]|value|{}|0x705507f1
06:42:34.0 (22877760)|VARIABLE_ASSIGNMENT|[6]|this.prod_pbEntry|{}|0x464f9fb4
06:42:34.0 (22888068)|SYSTEM_METHOD_EXIT|[31]|CommunityProdController.__sfdc_prod_pbEntry(Map<Id,PricebookEntry>)
06:42:34.0 (22893737)|STATEMENT_EXECUTE|[32]
06:42:34.0 (22899913)|HEAP_ALLOCATE|[32]|Bytes:4
06:42:34.0 (22929557)|SYSTEM_CONSTRUCTOR_ENTRY|[32]|<init>()
06:42:34.0 (22945061)|SYSTEM_CONSTRUCTOR_EXIT|[32]|<init>()
06:42:34.0 (22962450)|SYSTEM_METHOD_ENTRY|[32]|CommunityProdController.__sfdc_prodListDisp(List<Product2>)
06:42:34.0 (23094086)|VARIABLE_ASSIGNMENT|[EXTERNAL]|this|{"con":"0x2a1c49ad","currentUser":"0x520177f9","currentUserId":"00524000005uNfKAAU","prod_pbEntry":"0x705507f1","prodList":"0x48348f56"}|0x464f9fb4
06:42:34.0 (23101707)|HEAP_ALLOCATE|[EXTERNAL]|Bytes:4
06:42:34.0 (23107330)|VARIABLE_ASSIGNMENT|[EXTERNAL]|value|[]|0xd986419
06:42:34.0 (23115829)|VARIABLE_ASSIGNMENT|[5]|this.prodListDisp|[]|0x464f9fb4
06:42:34.0 (23122138)|SYSTEM_METHOD_EXIT|[32]|CommunityProdController.__sfdc_prodListDisp(List<Product2>)
06:42:34.0 (23131393)|SYSTEM_METHOD_ENTRY|[35]|CommunityProdController.__sfdc_prodList()
06:42:34.0 (23261926)|VARIABLE_ASSIGNMENT|[EXTERNAL]|this|{"con":"0x2a1c49ad","currentUser":"0x520177f9","currentUserId":"00524000005uNfKAAU","prod_pbEntry":"0x705507f1","prodList":"0x48348f56","prodListDisp":"0xd986419"}|0x464f9fb4
06:42:34.0 (23271990)|SYSTEM_METHOD_EXIT|[35]|CommunityProdController.__sfdc_prodList()
06:42:34.0 (23280556)|SYSTEM_METHOD_ENTRY|[35]|List<Product2>.iterator()
06:42:34.0 (23354024)|SYSTEM_METHOD_EXIT|[35]|List<Product2>.iterator()
06:42:34.0 (23367401)|SYSTEM_METHOD_ENTRY|[35]|system.ListIterator.hasNext()
06:42:34.0 (23375449)|HEAP_ALLOCATE|[35]|Bytes:5
06:42:34.0 (23380996)|SYSTEM_METHOD_EXIT|[35]|system.ListIterator.hasNext()
06:42:34.0 (23409018)|HEAP_ALLOCATE|[35]|Bytes:28
06:42:34.0 (23417635)|VARIABLE_SCOPE_BEGIN|[35]|p|Product2|true|false
06:42:34.0 (23437348)|VARIABLE_ASSIGNMENT|[35]|p|{"Id":"01t24000002t81MAAQ","IsActive":true,"Name":"First Partners - Don (5 more) ...","ProductCode":"FPD3D200","CommunityProdDetail_ (2 more) ...":"\u003Ca href=\"http://test (80 more) ...","DisplayOnCommunity__ (1 more) ...":true}|0xca01169
06:42:34.0 (23441829)|STATEMENT_EXECUTE|[36]
06:42:34.0 (23443433)|STATEMENT_EXECUTE|[37]
06:42:34.0 (23446799)|HEAP_ALLOCATE|[37]|Bytes:182
06:42:34.0 (23451804)|HEAP_ALLOCATE|[37]|Bytes:4
06:42:34.0 (24196630)|SOQL_EXECUTE_BEGIN|[37]|Aggregations:0|SELECT Id, IsActive, IsDeleted, Name, Pricebook2Id, Product2Id, ProductCode, UnitPrice, UseStandardPrice FROM PricebookEntry WHERE (Product2Id = :tmpVar1 AND isActive = TRUE) LIMIT 1
06:42:34.0 (24203850)|LIMIT_USAGE|[37]|SOQL|3|100
06:42:34.0 (24210505)|LIMIT_USAGE|[37]|AGGS|0|300
06:42:34.0 (26632454)|SOQL_EXECUTE_END|[37]|Rows:1
06:42:34.0 (26638577)|LIMIT_USAGE|[37]|SOQL_ROWS|10|50000
06:42:34.0 (26648873)|HEAP_ALLOCATE|[37]|Bytes:8
06:42:34.0 (26660924)|HEAP_ALLOCATE|[37]|Bytes:257
06:42:34.0 (26681989)|HEAP_ALLOCATE|[37]|Bytes:8
06:42:34.0 (26707317)|SYSTEM_METHOD_ENTRY|[37]|CommunityProdController.__sfdc_pbEntry(List<PricebookEntry>)
06:42:34.0 (26857407)|VARIABLE_ASSIGNMENT|[EXTERNAL]|this|{"con":"0x2a1c49ad","currentUser":"0x520177f9","currentUserId":"00524000005uNfKAAU","prod_pbEntry":"0x705507f1","prodList":"0x48348f56","prodListDisp":"0xd986419"}|0x464f9fb4
06:42:34.0 (26883186)|VARIABLE_ASSIGNMENT|[EXTERNAL]|value|[{"Id":"01u24000002VVBTAA4","IsActive":true,"IsDeleted":false,"Name":"First Partners - Don (5 more) ...","Pricebook2Id":"01s24000003Olw1AAC","Product2Id":"01t24000002t81MAAQ","ProductCode":"FPD3D200","UnitPrice":200.00,"UseStandardPrice":false}]|0x1902abca
06:42:34.0 (26900155)|VARIABLE_ASSIGNMENT|[7]|this.pbEntry|[{"Id":"01u24000002VVBTAA4","IsActive":true,"IsDeleted":false,"Name":"First Partners - Don (5 more) ...","Pricebook2Id":"01s24000003Olw1AAC","Product2Id":"01t24000002t81MAAQ","ProductCode":"FPD3D200","UnitPrice":200.00,"UseStandardPrice":false}]|0x464f9fb4
06:42:34.0 (26908912)|SYSTEM_METHOD_EXIT|[37]|CommunityProdController.__sfdc_pbEntry(List<PricebookEntry>)
06:42:34.0 (26917899)|SYSTEM_METHOD_ENTRY|[39]|CommunityProdController.__sfdc_pbEntry()
06:42:34.0 (27055921)|VARIABLE_ASSIGNMENT|[EXTERNAL]|this|{"con":"0x2a1c49ad","currentUser":"0x520177f9","currentUserId":"00524000005uNfKAAU","pbEntry":"0x1902abca","prod_pbEntry":"0x705507f1","prodList":"0x48348f56","prodListDisp":"0xd986419"}|0x464f9fb4
06:42:34.0 (27067017)|SYSTEM_METHOD_EXIT|[39]|CommunityProdController.__sfdc_pbEntry()
06:42:34.0 (27092014)|SYSTEM_METHOD_ENTRY|[39]|List<PricebookEntry>.size()
06:42:34.0 (27097808)|SYSTEM_METHOD_EXIT|[39]|List<PricebookEntry>.size()
06:42:34.0 (27103295)|STATEMENT_EXECUTE|[40]
06:42:34.0 (27104902)|STATEMENT_EXECUTE|[41]
06:42:34.0 (27111061)|SYSTEM_METHOD_ENTRY|[41]|CommunityProdController.__sfdc_prod_pbEntry()
06:42:34.0 (27245715)|VARIABLE_ASSIGNMENT|[EXTERNAL]|this|{"con":"0x2a1c49ad","currentUser":"0x520177f9","currentUserId":"00524000005uNfKAAU","pbEntry":"0x1902abca","prod_pbEntry":"0x705507f1","prodList":"0x48348f56","prodListDisp":"0xd986419"}|0x464f9fb4
06:42:34.0 (27255219)|SYSTEM_METHOD_EXIT|[41]|CommunityProdController.__sfdc_prod_pbEntry()
06:42:34.0 (27266548)|SYSTEM_METHOD_ENTRY|[41]|CommunityProdController.__sfdc_pbEntry()
06:42:34.0 (27382715)|VARIABLE_ASSIGNMENT|[EXTERNAL]|this|{"con":"0x2a1c49ad","currentUser":"0x520177f9","currentUserId":"00524000005uNfKAAU","pbEntry":"0x1902abca","prod_pbEntry":"0x705507f1","prodList":"0x48348f56","prodListDisp":"0xd986419"}|0x464f9fb4
06:42:34.0 (27390768)|SYSTEM_METHOD_EXIT|[41]|CommunityProdController.__sfdc_pbEntry()
06:42:34.0 (27418704)|HEAP_ALLOCATE|[41]|Bytes:40
06:42:34.0 (27440827)|SYSTEM_METHOD_ENTRY|[41]|Map<Id,PricebookEntry>.put(Object, Object)
06:42:34.0 (27447875)|HEAP_ALLOCATE|[EXTERNAL]|Bytes:-4
06:42:34.0 (27456425)|SYSTEM_METHOD_EXIT|[41]|Map<Id,PricebookEntry>.put(Object, Object)
06:42:34.0 (27459254)|STATEMENT_EXECUTE|[42]
06:42:34.0 (27466135)|SYSTEM_METHOD_ENTRY|[42]|CommunityProdController.__sfdc_prodListDisp()
06:42:34.0 (27651554)|VARIABLE_ASSIGNMENT|[EXTERNAL]|this|{"con":"0x2a1c49ad","currentUser":"0x520177f9","currentUserId":"00524000005uNfKAAU","pbEntry":"0x1902abca","prod_pbEntry":"0x705507f1","prodList":"0x48348f56","prodListDisp":"0xd986419"}|0x464f9fb4
06:42:34.0 (27667690)|SYSTEM_METHOD_EXIT|[42]|CommunityProdController.__sfdc_prodListDisp()
06:42:34.0 (27687597)|SYSTEM_METHOD_ENTRY|[42]|List<Product2>.add(Object)
06:42:34.0 (27695294)|HEAP_ALLOCATE|[EXTERNAL]|Bytes:4
06:42:34.0 (27706593)|SYSTEM_METHOD_EXIT|[42]|List<Product2>.add(Object)
06:42:34.0 (27711757)|STATEMENT_EXECUTE|[57]
06:42:34.0 (27719092)|SYSTEM_METHOD_ENTRY|[57]|CommunityProdController.__sfdc_pbEntry()
06:42:34.0 (27863097)|VARIABLE_ASSIGNMENT|[EXTERNAL]|this|{"con":"0x2a1c49ad","currentUser":"0x520177f9","currentUserId":"00524000005uNfKAAU","pbEntry":"0x1902abca","prod_pbEntry":"0x705507f1","prodList":"0x48348f56","prodListDisp":"0xd986419"}|0x464f9fb4
06:42:34.0 (27876467)|SYSTEM_METHOD_EXIT|[57]|CommunityProdController.__sfdc_pbEntry()
06:42:34.0 (27884275)|SYSTEM_METHOD_ENTRY|[57]|List<PricebookEntry>.clear()
06:42:34.0 (27888369)|SYSTEM_METHOD_EXIT|[57]|List<PricebookEntry>.clear()
06:42:34.0 (27893478)|SYSTEM_METHOD_ENTRY|[35]|system.ListIterator.hasNext()
06:42:34.0 (27900216)|HEAP_ALLOCATE|[35]|Bytes:5
06:42:34.0 (27904681)|SYSTEM_METHOD_EXIT|[35]|system.ListIterator.hasNext()
06:42:34.0 (27925724)|HEAP_ALLOCATE|[35]|Bytes:28
06:42:34.0 (27933242)|VARIABLE_SCOPE_BEGIN|[35]|p|Product2|true|false
06:42:34.0 (27949229)|VARIABLE_ASSIGNMENT|[35]|p|{"Description":"This is for First Pa (75 more) ...","Id":"01t24000002t6w2AAA","IsActive":true,"Name":"First Partners - Ful (9 more) ...","ProductCode":"FPFL12000","DisplayOnCommunity__ (1 more) ...":true}|0x6dab445
06:42:34.0 (27953101)|STATEMENT_EXECUTE|[36]
06:42:34.0 (27954420)|STATEMENT_EXECUTE|[37]
06:42:34.0 (27958485)|HEAP_ALLOCATE|[37]|Bytes:4
06:42:34.0 (28171154)|SOQL_EXECUTE_BEGIN|[37]|Aggregations:0|SELECT Id, IsActive, IsDeleted, Name, Pricebook2Id, Product2Id, ProductCode, UnitPrice, UseStandardPrice FROM PricebookEntry WHERE (Product2Id = :tmpVar1 AND isActive = TRUE) LIMIT 1
06:42:34.0 (28177959)|LIMIT_USAGE|[37]|SOQL|4|100
06:42:34.0 (28184341)|LIMIT_USAGE|[37]|AGGS|0|300
06:42:34.0 (30265996)|SOQL_EXECUTE_END|[37]|Rows:1
06:42:34.0 (30272390)|LIMIT_USAGE|[37]|SOQL_ROWS|11|50000
06:42:34.0 (30281915)|HEAP_ALLOCATE|[37]|Bytes:8
06:42:34.0 (30294732)|HEAP_ALLOCATE|[37]|Bytes:262
06:42:34.0 (30307216)|HEAP_ALLOCATE|[37]|Bytes:8
06:42:34.0 (30320807)|SYSTEM_METHOD_ENTRY|[37]|CommunityProdController.__sfdc_pbEntry(List<PricebookEntry>)
06:42:34.0 (30467676)|VARIABLE_ASSIGNMENT|[EXTERNAL]|this|{"con":"0x2a1c49ad","currentUser":"0x520177f9","currentUserId":"00524000005uNfKAAU","pbEntry":"0x1902abca","prod_pbEntry":"0x705507f1","prodList":"0x48348f56","prodListDisp":"0xd986419"}|0x464f9fb4
06:42:34.0 (30488506)|VARIABLE_ASSIGNMENT|[EXTERNAL]|value|[{"Id":"01u24000002VUygAAG","IsActive":true,"IsDeleted":false,"Name":"First Partners - Ful (9 more) ...","Pricebook2Id":"01s24000003Olw1AAC","Product2Id":"01t24000002t6w2AAA","ProductCode":"FPFL12000","UnitPrice":1200.00,"UseStandardPrice":false}]|0x324889f6
06:42:34.0 (30503635)|VARIABLE_ASSIGNMENT|[7]|this.pbEntry|[{"Id":"01u24000002VUygAAG","IsActive":true,"IsDeleted":false,"Name":"First Partners - Ful (9 more) ...","Pricebook2Id":"01s24000003Olw1AAC","Product2Id":"01t24000002t6w2AAA","ProductCode":"FPFL12000","UnitPrice":1200.00,"UseStandardPrice":false}]|0x464f9fb4
06:42:34.0 (30511846)|SYSTEM_METHOD_EXIT|[37]|CommunityProdController.__sfdc_pbEntry(List<PricebookEntry>)
06:42:34.0 (30518146)|SYSTEM_METHOD_ENTRY|[39]|CommunityProdController.__sfdc_pbEntry()
06:42:34.0 (30638999)|VARIABLE_ASSIGNMENT|[EXTERNAL]|this|{"con":"0x2a1c49ad","currentUser":"0x520177f9","currentUserId":"00524000005uNfKAAU","pbEntry":"0x324889f6","prod_pbEntry":"0x705507f1","prodList":"0x48348f56","prodListDisp":"0xd986419"}|0x464f9fb4
06:42:34.0 (30648051)|SYSTEM_METHOD_EXIT|[39]|CommunityProdController.__sfdc_pbEntry()
06:42:34.0 (30654319)|SYSTEM_METHOD_ENTRY|[39]|List<PricebookEntry>.size()
06:42:34.0 (30658496)|SYSTEM_METHOD_EXIT|[39]|List<PricebookEntry>.size()
06:42:34.0 (30662594)|STATEMENT_EXECUTE|[40]
06:42:34.0 (30664049)|STATEMENT_EXECUTE|[41]
06:42:34.0 (30667279)|SYSTEM_METHOD_ENTRY|[41]|CommunityProdController.__sfdc_prod_pbEntry()
06:42:34.0 (30790609)|VARIABLE_ASSIGNMENT|[EXTERNAL]|this|{"con":"0x2a1c49ad","currentUser":"0x520177f9","currentUserId":"00524000005uNfKAAU","pbEntry":"0x324889f6","prod_pbEntry":"0x705507f1","prodList":"0x48348f56","prodListDisp":"0xd986419"}|0x464f9fb4
06:42:34.0 (30799068)|SYSTEM_METHOD_EXIT|[41]|CommunityProdController.__sfdc_prod_pbEntry()
06:42:34.0 (30809136)|SYSTEM_METHOD_ENTRY|[41]|CommunityProdController.__sfdc_pbEntry()
06:42:34.0 (30925992)|VARIABLE_ASSIGNMENT|[EXTERNAL]|this|{"con":"0x2a1c49ad","currentUser":"0x520177f9","currentUserId":"00524000005uNfKAAU","pbEntry":"0x324889f6","prod_pbEntry":"0x705507f1","prodList":"0x48348f56","prodListDisp":"0xd986419"}|0x464f9fb4
06:42:34.0 (30933936)|SYSTEM_METHOD_EXIT|[41]|CommunityProdController.__sfdc_pbEntry()
06:42:34.0 (30954132)|HEAP_ALLOCATE|[41]|Bytes:40
06:42:34.0 (30972921)|SYSTEM_METHOD_ENTRY|[41]|Map<Id,PricebookEntry>.put(Object, Object)
06:42:34.0 (30978589)|HEAP_ALLOCATE|[EXTERNAL]|Bytes:-4
06:42:34.0 (30987062)|SYSTEM_METHOD_EXIT|[41]|Map<Id,PricebookEntry>.put(Object, Object)
06:42:34.0 (30990349)|STATEMENT_EXECUTE|[42]
06:42:34.0 (30993998)|SYSTEM_METHOD_ENTRY|[42]|CommunityProdController.__sfdc_prodListDisp()
06:42:34.0 (31116023)|VARIABLE_ASSIGNMENT|[EXTERNAL]|this|{"con":"0x2a1c49ad","currentUser":"0x520177f9","currentUserId":"00524000005uNfKAAU","pbEntry":"0x324889f6","prod_pbEntry":"0x705507f1","prodList":"0x48348f56","prodListDisp":"0xd986419"}|0x464f9fb4
06:42:34.0 (31124576)|SYSTEM_METHOD_EXIT|[42]|CommunityProdController.__sfdc_prodListDisp()
06:42:34.0 (31135292)|SYSTEM_METHOD_ENTRY|[42]|List<Product2>.add(Object)
06:42:34.0 (31139677)|HEAP_ALLOCATE|[EXTERNAL]|Bytes:4
06:42:34.0 (31145206)|SYSTEM_METHOD_EXIT|[42]|List<Product2>.add(Object)
06:42:34.0 (31148044)|STATEMENT_EXECUTE|[57]
06:42:34.0 (31150976)|SYSTEM_METHOD_ENTRY|[57]|CommunityProdController.__sfdc_pbEntry()
06:42:34.0 (31270451)|VARIABLE_ASSIGNMENT|[EXTERNAL]|this|{"con":"0x2a1c49ad","currentUser":"0x520177f9","currentUserId":"00524000005uNfKAAU","pbEntry":"0x324889f6","prod_pbEntry":"0x705507f1","prodList":"0x48348f56","prodListDisp":"0xd986419"}|0x464f9fb4
06:42:34.0 (31278572)|SYSTEM_METHOD_EXIT|[57]|CommunityProdController.__sfdc_pbEntry()
06:42:34.0 (31283796)|SYSTEM_METHOD_ENTRY|[57]|List<PricebookEntry>.clear()
06:42:34.0 (31287546)|SYSTEM_METHOD_EXIT|[57]|List<PricebookEntry>.clear()
06:42:34.0 (31292751)|SYSTEM_METHOD_ENTRY|[35]|system.ListIterator.hasNext()
06:42:34.0 (31299033)|HEAP_ALLOCATE|[35]|Bytes:5
06:42:34.0 (31303617)|SYSTEM_METHOD_EXIT|[35]|system.ListIterator.hasNext()
06:42:34.0 (31323667)|HEAP_ALLOCATE|[35]|Bytes:24
06:42:34.0 (31331060)|VARIABLE_SCOPE_BEGIN|[35]|p|Product2|true|false
06:42:34.0 (31344493)|VARIABLE_ASSIGNMENT|[35]|p|{"Id":"01t24000002t7sxAAA","IsActive":true,"Name":"First Partners - Ini (36 more) ...","ProductCode":"FPSFHC-PB","DisplayOnCommunity__ (1 more) ...":true}|0xbea8a9e
06:42:34.0 (31347537)|STATEMENT_EXECUTE|[36]
06:42:34.0 (31348733)|STATEMENT_EXECUTE|[37]
06:42:34.0 (31352878)|HEAP_ALLOCATE|[37]|Bytes:4
06:42:34.0 (31567930)|SOQL_EXECUTE_BEGIN|[37]|Aggregations:0|SELECT Id, IsActive, IsDeleted, Name, Pricebook2Id, Product2Id, ProductCode, UnitPrice, UseStandardPrice FROM PricebookEntry WHERE (Product2Id = :tmpVar1 AND isActive = TRUE) LIMIT 1
06:42:34.0 (31574482)|LIMIT_USAGE|[37]|SOQL|5|100
06:42:34.0 (31580981)|LIMIT_USAGE|[37]|AGGS|0|300
06:42:34.0 (33646122)|SOQL_EXECUTE_END|[37]|Rows:1
06:42:34.0 (33652006)|LIMIT_USAGE|[37]|SOQL_ROWS|12|50000
06:42:34.0 (33661557)|HEAP_ALLOCATE|[37]|Bytes:8
06:42:34.0 (33673817)|HEAP_ALLOCATE|[37]|Bytes:289
06:42:34.0 (33686034)|HEAP_ALLOCATE|[37]|Bytes:8
06:42:34.0 (33698914)|SYSTEM_METHOD_ENTRY|[37]|CommunityProdController.__sfdc_pbEntry(List<PricebookEntry>)
06:42:34.0 (33848046)|VARIABLE_ASSIGNMENT|[EXTERNAL]|this|{"con":"0x2a1c49ad","currentUser":"0x520177f9","currentUserId":"00524000005uNfKAAU","pbEntry":"0x324889f6","prod_pbEntry":"0x705507f1","prodList":"0x48348f56","prodListDisp":"0xd986419"}|0x464f9fb4
06:42:34.0 (33872921)|VARIABLE_ASSIGNMENT|[EXTERNAL]|value|[{"Id":"01u24000002VVAuAAO","IsActive":true,"IsDeleted":false,"Name":"First Partners - Ini (36 more) ...","Pricebook2Id":"01s24000003Olw1AAC","Product2Id":"01t24000002t7sxAAA","ProductCode":"FPSFHC-PB","UnitPrice":0.00,"UseStandardPrice":false}]|0xe1ef116
06:42:34.0 (33888155)|VARIABLE_ASSIGNMENT|[7]|this.pbEntry|[{"Id":"01u24000002VVAuAAO","IsActive":true,"IsDeleted":false,"Name":"First Partners - Ini (36 more) ...","Pricebook2Id":"01s24000003Olw1AAC","Product2Id":"01t24000002t7sxAAA","ProductCode":"FPSFHC-PB","UnitPrice":0.00,"UseStandardPrice":false}]|0x464f9fb4
06:42:34.0 (33896442)|SYSTEM_METHOD_EXIT|[37]|CommunityProdController.__sfdc_pbEntry(List<PricebookEntry>)
06:42:34.0 (33902318)|SYSTEM_METHOD_ENTRY|[39]|CommunityProdController.__sfdc_pbEntry()
06:42:34.0 (34024282)|VARIABLE_ASSIGNMENT|[EXTERNAL]|this|{"con":"0x2a1c49ad","currentUser":"0x520177f9","currentUserId":"00524000005uNfKAAU","pbEntry":"0xe1ef116","prod_pbEntry":"0x705507f1","prodList":"0x48348f56","prodListDisp":"0xd986419"}|0x464f9fb4
06:42:34.0 (34033661)|SYSTEM_METHOD_EXIT|[39]|CommunityProdController.__sfdc_pbEntry()
06:42:34.0 (34040060)|SYSTEM_METHOD_ENTRY|[39]|List<PricebookEntry>.size()
06:42:34.0 (34044185)|SYSTEM_METHOD_EXIT|[39]|List<PricebookEntry>.size()
06:42:34.0 (34048351)|STATEMENT_EXECUTE|[40]
06:42:34.0 (34049751)|STATEMENT_EXECUTE|[41]
06:42:34.0 (34052884)|SYSTEM_METHOD_ENTRY|[41]|CommunityProdController.__sfdc_prod_pbEntry()
06:42:34.0 (34169545)|VARIABLE_ASSIGNMENT|[EXTERNAL]|this|{"con":"0x2a1c49ad","currentUser":"0x520177f9","currentUserId":"00524000005uNfKAAU","pbEntry":"0xe1ef116","prod_pbEntry":"0x705507f1","prodList":"0x48348f56","prodListDisp":"0xd986419"}|0x464f9fb4
06:42:34.0 (34177111)|SYSTEM_METHOD_EXIT|[41]|CommunityProdController.__sfdc_prod_pbEntry()
06:42:34.0 (34186811)|SYSTEM_METHOD_ENTRY|[41]|CommunityProdController.__sfdc_pbEntry()
06:42:34.0 (34301622)|VARIABLE_ASSIGNMENT|[EXTERNAL]|this|{"con":"0x2a1c49ad","currentUser":"0x520177f9","currentUserId":"00524000005uNfKAAU","pbEntry":"0xe1ef116","prod_pbEntry":"0x705507f1","prodList":"0x48348f56","prodListDisp":"0xd986419"}|0x464f9fb4
06:42:34.0 (34308986)|SYSTEM_METHOD_EXIT|[41]|CommunityProdController.__sfdc_pbEntry()
06:42:34.0 (34328604)|HEAP_ALLOCATE|[41]|Bytes:40
06:42:34.0 (34347140)|SYSTEM_METHOD_ENTRY|[41]|Map<Id,PricebookEntry>.put(Object, Object)
06:42:34.0 (34352126)|HEAP_ALLOCATE|[EXTERNAL]|Bytes:-4
06:42:34.0 (34360430)|SYSTEM_METHOD_EXIT|[41]|Map<Id,PricebookEntry>.put(Object, Object)
06:42:34.0 (34363506)|STATEMENT_EXECUTE|[42]
06:42:34.0 (34367083)|SYSTEM_METHOD_ENTRY|[42]|CommunityProdController.__sfdc_prodListDisp()
06:42:34.0 (34487209)|VARIABLE_ASSIGNMENT|[EXTERNAL]|this|{"con":"0x2a1c49ad","currentUser":"0x520177f9","currentUserId":"00524000005uNfKAAU","pbEntry":"0xe1ef116","prod_pbEntry":"0x705507f1","prodList":"0x48348f56","prodListDisp":"0xd986419"}|0x464f9fb4
06:42:34.0 (34506050)|SYSTEM_METHOD_EXIT|[42]|CommunityProdController.__sfdc_prodListDisp()
06:42:34.0 (34522679)|SYSTEM_METHOD_ENTRY|[42]|List<Product2>.add(Object)
06:42:34.0 (34528263)|HEAP_ALLOCATE|[EXTERNAL]|Bytes:4
06:42:34.0 (34537769)|SYSTEM_METHOD_EXIT|[42]|List<Product2>.add(Object)
06:42:34.0 (34542106)|STATEMENT_EXECUTE|[57]
06:42:34.0 (34547564)|SYSTEM_METHOD_ENTRY|[57]|CommunityProdController.__sfdc_pbEntry()
06:42:34.0 (34721824)|VARIABLE_ASSIGNMENT|[EXTERNAL]|this|{"con":"0x2a1c49ad","currentUser":"0x520177f9","currentUserId":"00524000005uNfKAAU","pbEntry":"0xe1ef116","prod_pbEntry":"0x705507f1","prodList":"0x48348f56","prodListDisp":"0xd986419"}|0x464f9fb4
06:42:34.0 (34732234)|SYSTEM_METHOD_EXIT|[57]|CommunityProdController.__sfdc_pbEntry()
06:42:34.0 (34738883)|SYSTEM_METHOD_ENTRY|[57]|List<PricebookEntry>.clear()
06:42:34.0 (34742836)|SYSTEM_METHOD_EXIT|[57]|List<PricebookEntry>.clear()
06:42:34.0 (34748061)|SYSTEM_METHOD_ENTRY|[35]|system.ListIterator.hasNext()
06:42:34.0 (34754728)|HEAP_ALLOCATE|[35]|Bytes:5
06:42:34.0 (34759622)|SYSTEM_METHOD_EXIT|[35]|system.ListIterator.hasNext()
06:42:34.0 (34780880)|HEAP_ALLOCATE|[35]|Bytes:24
06:42:34.0 (34789238)|VARIABLE_SCOPE_BEGIN|[35]|p|Product2|true|false
06:42:34.0 (34803773)|VARIABLE_ASSIGNMENT|[35]|p|{"Id":"01t24000002t7s9AAA","IsActive":true,"Name":"First Partners - Ini (33 more) ...","ProductCode":"FPSMI-PB","DisplayOnCommunity__ (1 more) ...":true}|0x1957e95a
06:42:34.0 (34807180)|STATEMENT_EXECUTE|[36]
06:42:34.0 (34808427)|STATEMENT_EXECUTE|[37]
06:42:34.0 (34812664)|HEAP_ALLOCATE|[37]|Bytes:4
06:42:34.0 (35037264)|SOQL_EXECUTE_BEGIN|[37]|Aggregations:0|SELECT Id, IsActive, IsDeleted, Name, Pricebook2Id, Product2Id, ProductCode, UnitPrice, UseStandardPrice FROM PricebookEntry WHERE (Product2Id = :tmpVar1 AND isActive = TRUE) LIMIT 1
06:42:34.0 (35043692)|LIMIT_USAGE|[37]|SOQL|6|100
06:42:34.0 (35050088)|LIMIT_USAGE|[37]|AGGS|0|300
06:42:34.0 (37159769)|SOQL_EXECUTE_END|[37]|Rows:1
06:42:34.0 (37165861)|LIMIT_USAGE|[37]|SOQL_ROWS|13|50000
06:42:34.0 (37174943)|HEAP_ALLOCATE|[37]|Bytes:8
06:42:34.0 (37187489)|HEAP_ALLOCATE|[37]|Bytes:285
06:42:34.0 (37199838)|HEAP_ALLOCATE|[37]|Bytes:8
06:42:34.0 (37212602)|SYSTEM_METHOD_ENTRY|[37]|CommunityProdController.__sfdc_pbEntry(List<PricebookEntry>)
06:42:34.0 (37357908)|VARIABLE_ASSIGNMENT|[EXTERNAL]|this|{"con":"0x2a1c49ad","currentUser":"0x520177f9","currentUserId":"00524000005uNfKAAU","pbEntry":"0xe1ef116","prod_pbEntry":"0x705507f1","prodList":"0x48348f56","prodListDisp":"0xd986419"}|0x464f9fb4
06:42:34.0 (37378114)|VARIABLE_ASSIGNMENT|[EXTERNAL]|value|[{"Id":"01u24000002VVAQAA4","IsActive":true,"IsDeleted":false,"Name":"First Partners - Ini (33 more) ...","Pricebook2Id":"01s24000003Olw1AAC","Product2Id":"01t24000002t7s9AAA","ProductCode":"FPSMI-PB","UnitPrice":0.00,"UseStandardPrice":false}]|0x25150e06
06:42:34.0 (37393223)|VARIABLE_ASSIGNMENT|[7]|this.pbEntry|[{"Id":"01u24000002VVAQAA4","IsActive":true,"IsDeleted":false,"Name":"First Partners - Ini (33 more) ...","Pricebook2Id":"01s24000003Olw1AAC","Product2Id":"01t24000002t7s9AAA","ProductCode":"FPSMI-PB","UnitPrice":0.00,"UseStandardPrice":false}]|0x464f9fb4
06:42:34.0 (37400927)|SYSTEM_METHOD_EXIT|[37]|CommunityProdController.__sfdc_pbEntry(List<PricebookEntry>)
06:42:34.0 (37407173)|SYSTEM_METHOD_ENTRY|[39]|CommunityProdController.__sfdc_pbEntry()
06:42:34.0 (37528888)|VARIABLE_ASSIGNMENT|[EXTERNAL]|this|{"con":"0x2a1c49ad","currentUser":"0x520177f9","currentUserId":"00524000005uNfKAAU","pbEntry":"0x25150e06","prod_pbEntry":"0x705507f1","prodList":"0x48348f56","prodListDisp":"0xd986419"}|0x464f9fb4
06:42:34.0 (37537387)|SYSTEM_METHOD_EXIT|[39]|CommunityProdController.__sfdc_pbEntry()
06:42:34.0 (37543690)|SYSTEM_METHOD_ENTRY|[39]|List<PricebookEntry>.size()
06:42:34.0 (37547958)|SYSTEM_METHOD_EXIT|[39]|List<PricebookEntry>.size()
06:42:34.0 (37552281)|STATEMENT_EXECUTE|[40]
06:42:34.0 (37553708)|STATEMENT_EXECUTE|[41]
06:42:34.0 (37556714)|SYSTEM_METHOD_ENTRY|[41]|CommunityProdController.__sfdc_prod_pbEntry()
06:42:34.0 (37672479)|VARIABLE_ASSIGNMENT|[EXTERNAL]|this|{"con":"0x2a1c49ad","currentUser":"0x520177f9","currentUserId":"00524000005uNfKAAU","pbEntry":"0x25150e06","prod_pbEntry":"0x705507f1","prodList":"0x48348f56","prodListDisp":"0xd986419"}|0x464f9fb4
06:42:34.0 (37680654)|SYSTEM_METHOD_EXIT|[41]|CommunityProdController.__sfdc_prod_pbEntry()
06:42:34.0 (37690314)|SYSTEM_METHOD_ENTRY|[41]|CommunityProdController.__sfdc_pbEntry()
06:42:34.0 (37809161)|VARIABLE_ASSIGNMENT|[EXTERNAL]|this|{"con":"0x2a1c49ad","currentUser":"0x520177f9","currentUserId":"00524000005uNfKAAU","pbEntry":"0x25150e06","prod_pbEntry":"0x705507f1","prodList":"0x48348f56","prodListDisp":"0xd986419"}|0x464f9fb4
06:42:34.0 (37816961)|SYSTEM_METHOD_EXIT|[41]|CommunityProdController.__sfdc_pbEntry()
06:42:34.0 (37836757)|HEAP_ALLOCATE|[41]|Bytes:40
06:42:34.0 (37854558)|SYSTEM_METHOD_ENTRY|[41]|Map<Id,PricebookEntry>.put(Object, Object)
06:42:34.0 (37859521)|HEAP_ALLOCATE|[EXTERNAL]|Bytes:-4
06:42:34.0 (37872508)|SYSTEM_METHOD_EXIT|[41]|Map<Id,PricebookEntry>.put(Object, Object)
06:42:34.0 (37875680)|STATEMENT_EXECUTE|[42]
06:42:34.0 (37879275)|SYSTEM_METHOD_ENTRY|[42]|CommunityProdController.__sfdc_prodListDisp()
06:42:34.0 (38001666)|VARIABLE_ASSIGNMENT|[EXTERNAL]|this|{"con":"0x2a1c49ad","currentUser":"0x520177f9","currentUserId":"00524000005uNfKAAU","pbEntry":"0x25150e06","prod_pbEntry":"0x705507f1","prodList":"0x48348f56","prodListDisp":"0xd986419"}|0x464f9fb4
06:42:34.0 (38010683)|SYSTEM_METHOD_EXIT|[42]|CommunityProdController.__sfdc_prodListDisp()
06:42:34.0 (38021425)|SYSTEM_METHOD_ENTRY|[42]|List<Product2>.add(Object)
06:42:34.0 (38024849)|HEAP_ALLOCATE|[EXTERNAL]|Bytes:4
06:42:34.0 (38030265)|SYSTEM_METHOD_EXIT|[42]|List<Product2>.add(Object)
06:42:34.0 (38032923)|STATEMENT_EXECUTE|[57]
06:42:34.0 (38035797)|SYSTEM_METHOD_ENTRY|[57]|CommunityProdController.__sfdc_pbEntry()
06:42:34.0 (38195828)|VARIABLE_ASSIGNMENT|[EXTERNAL]|this|{"con":"0x2a1c49ad","currentUser":"0x520177f9","currentUserId":"00524000005uNfKAAU","pbEntry":"0x25150e06","prod_pbEntry":"0x705507f1","prodList":"0x48348f56","prodListDisp":"0xd986419"}|0x464f9fb4
06:42:34.0 (38208581)|SYSTEM_METHOD_EXIT|[57]|CommunityProdController.__sfdc_pbEntry()
06:42:34.0 (38217740)|SYSTEM_METHOD_ENTRY|[57]|List<PricebookEntry>.clear()
06:42:34.0 (38223633)|SYSTEM_METHOD_EXIT|[57]|List<PricebookEntry>.clear()
06:42:34.0 (38231283)|SYSTEM_METHOD_ENTRY|[35]|system.ListIterator.hasNext()
06:42:34.0 (38240207)|HEAP_ALLOCATE|[35]|Bytes:5
06:42:34.0 (38247313)|SYSTEM_METHOD_EXIT|[35]|system.ListIterator.hasNext()
06:42:34.0 (38275620)|HEAP_ALLOCATE|[35]|Bytes:24
06:42:34.0 (38286341)|VARIABLE_SCOPE_BEGIN|[35]|p|Product2|true|false
06:42:34.0 (38303003)|VARIABLE_ASSIGNMENT|[35]|p|{"Id":"01t24000002t7rpAAA","IsActive":true,"Name":"First Partners - Mon (23 more) ...","ProductCode":"FPMWS-PB","DisplayOnCommunity__ (1 more) ...":true}|0x15f09840
06:42:34.0 (38306221)|STATEMENT_EXECUTE|[36]
06:42:34.0 (38307436)|STATEMENT_EXECUTE|[37]
06:42:34.0 (38311543)|HEAP_ALLOCATE|[37]|Bytes:4
06:42:34.0 (38525228)|SOQL_EXECUTE_BEGIN|[37]|Aggregations:0|SELECT Id, IsActive, IsDeleted, Name, Pricebook2Id, Product2Id, ProductCode, UnitPrice, UseStandardPrice FROM PricebookEntry WHERE (Product2Id = :tmpVar1 AND isActive = TRUE) LIMIT 1
06:42:34.0 (38531338)|LIMIT_USAGE|[37]|SOQL|7|100
06:42:34.0 (38537664)|LIMIT_USAGE|[37]|AGGS|0|300
06:42:34.0 (40651723)|SOQL_EXECUTE_END|[37]|Rows:1
06:42:34.0 (40659656)|LIMIT_USAGE|[37]|SOQL_ROWS|14|50000
06:42:34.0 (40673098)|HEAP_ALLOCATE|[37]|Bytes:8
06:42:34.0 (40691560)|HEAP_ALLOCATE|[37]|Bytes:275
06:42:34.0 (40705491)|HEAP_ALLOCATE|[37]|Bytes:8
06:42:34.0 (40719343)|SYSTEM_METHOD_ENTRY|[37]|CommunityProdController.__sfdc_pbEntry(List<PricebookEntry>)
06:42:34.0 (40895450)|VARIABLE_ASSIGNMENT|[EXTERNAL]|this|{"con":"0x2a1c49ad","currentUser":"0x520177f9","currentUserId":"00524000005uNfKAAU","pbEntry":"0x25150e06","prod_pbEntry":"0x705507f1","prodList":"0x48348f56","prodListDisp":"0xd986419"}|0x464f9fb4
06:42:34.0 (40915534)|VARIABLE_ASSIGNMENT|[EXTERNAL]|value|[{"Id":"01u24000002VVALAA4","IsActive":true,"IsDeleted":false,"Name":"First Partners - Mon (23 more) ...","Pricebook2Id":"01s24000003Olw1AAC","Product2Id":"01t24000002t7rpAAA","ProductCode":"FPMWS-PB","UnitPrice":0.00,"UseStandardPrice":false}]|0x7f990312
06:42:34.0 (40931397)|VARIABLE_ASSIGNMENT|[7]|this.pbEntry|[{"Id":"01u24000002VVALAA4","IsActive":true,"IsDeleted":false,"Name":"First Partners - Mon (23 more) ...","Pricebook2Id":"01s24000003Olw1AAC","Product2Id":"01t24000002t7rpAAA","ProductCode":"FPMWS-PB","UnitPrice":0.00,"UseStandardPrice":false}]|0x464f9fb4
06:42:34.0 (40939888)|SYSTEM_METHOD_EXIT|[37]|CommunityProdController.__sfdc_pbEntry(List<PricebookEntry>)
06:42:34.0 (40946446)|SYSTEM_METHOD_ENTRY|[39]|CommunityProdController.__sfdc_pbEntry()
06:42:34.0 (41067826)|VARIABLE_ASSIGNMENT|[EXTERNAL]|this|{"con":"0x2a1c49ad","currentUser":"0x520177f9","currentUserId":"00524000005uNfKAAU","pbEntry":"0x7f990312","prod_pbEntry":"0x705507f1","prodList":"0x48348f56","prodListDisp":"0xd986419"}|0x464f9fb4
06:42:34.0 (41076872)|SYSTEM_METHOD_EXIT|[39]|CommunityProdController.__sfdc_pbEntry()
06:42:34.0 (41083665)|SYSTEM_METHOD_ENTRY|[39]|List<PricebookEntry>.size()
06:42:34.0 (41087960)|SYSTEM_METHOD_EXIT|[39]|List<PricebookEntry>.size()
06:42:34.0 (41092119)|STATEMENT_EXECUTE|[40]
06:42:34.0 (41093716)|STATEMENT_EXECUTE|[41]
06:42:34.0 (41097010)|SYSTEM_METHOD_ENTRY|[41]|CommunityProdController.__sfdc_prod_pbEntry()
06:42:34.0 (41214680)|VARIABLE_ASSIGNMENT|[EXTERNAL]|this|{"con":"0x2a1c49ad","currentUser":"0x520177f9","currentUserId":"00524000005uNfKAAU","pbEntry":"0x7f990312","prod_pbEntry":"0x705507f1","prodList":"0x48348f56","prodListDisp":"0xd986419"}|0x464f9fb4
06:42:34.0 (41222976)|SYSTEM_METHOD_EXIT|[41]|CommunityProdController.__sfdc_prod_pbEntry()
06:42:34.0 (41233189)|SYSTEM_METHOD_ENTRY|[41]|CommunityProdController.__sfdc_pbEntry()
06:42:34.0 (41364172)|VARIABLE_ASSIGNMENT|[EXTERNAL]|this|{"con":"0x2a1c49ad","currentUser":"0x520177f9","currentUserId":"00524000005uNfKAAU","pbEntry":"0x7f990312","prod_pbEntry":"0x705507f1","prodList":"0x48348f56","prodListDisp":"0xd986419"}|0x464f9fb4
06:42:34.0 (41372548)|SYSTEM_METHOD_EXIT|[41]|CommunityProdController.__sfdc_pbEntry()
06:42:34.0 (41393104)|HEAP_ALLOCATE|[41]|Bytes:40
06:42:34.0 (41411880)|SYSTEM_METHOD_ENTRY|[41]|Map<Id,PricebookEntry>.put(Object, Object)
06:42:34.0 (41416726)|HEAP_ALLOCATE|[EXTERNAL]|Bytes:-4
06:42:34.0 (41425116)|SYSTEM_METHOD_EXIT|[41]|Map<Id,PricebookEntry>.put(Object, Object)
06:42:34.0 (41428163)|STATEMENT_EXECUTE|[42]
06:42:34.0 (41432783)|SYSTEM_METHOD_ENTRY|[42]|CommunityProdController.__sfdc_prodListDisp()
06:42:34.0 (41572847)|VARIABLE_ASSIGNMENT|[EXTERNAL]|this|{"con":"0x2a1c49ad","currentUser":"0x520177f9","currentUserId":"00524000005uNfKAAU","pbEntry":"0x7f990312","prod_pbEntry":"0x705507f1","prodList":"0x48348f56","prodListDisp":"0xd986419"}|0x464f9fb4
06:42:34.0 (41593036)|SYSTEM_METHOD_EXIT|[42]|CommunityProdController.__sfdc_prodListDisp()
06:42:34.0 (41605331)|SYSTEM_METHOD_ENTRY|[42]|List<Product2>.add(Object)
06:42:34.0 (41609278)|HEAP_ALLOCATE|[EXTERNAL]|Bytes:4
06:42:34.0 (41614776)|SYSTEM_METHOD_EXIT|[42]|List<Product2>.add(Object)
06:42:34.0 (41617588)|STATEMENT_EXECUTE|[57]
06:42:34.0 (41620784)|SYSTEM_METHOD_ENTRY|[57]|CommunityProdController.__sfdc_pbEntry()
06:42:34.0 (41747889)|VARIABLE_ASSIGNMENT|[EXTERNAL]|this|{"con":"0x2a1c49ad","currentUser":"0x520177f9","currentUserId":"00524000005uNfKAAU","pbEntry":"0x7f990312","prod_pbEntry":"0x705507f1","prodList":"0x48348f56","prodListDisp":"0xd986419"}|0x464f9fb4
06:42:34.0 (41756227)|SYSTEM_METHOD_EXIT|[57]|CommunityProdController.__sfdc_pbEntry()
06:42:34.0 (41761526)|SYSTEM_METHOD_ENTRY|[57]|List<PricebookEntry>.clear()
06:42:34.0 (41765517)|SYSTEM_METHOD_EXIT|[57]|List<PricebookEntry>.clear()
06:42:34.0 (41770718)|SYSTEM_METHOD_ENTRY|[35]|system.ListIterator.hasNext()
06:42:34.0 (41777259)|HEAP_ALLOCATE|[35]|Bytes:5
06:42:34.0 (41781959)|SYSTEM_METHOD_EXIT|[35]|system.ListIterator.hasNext()
06:42:34.0 (41805259)|HEAP_ALLOCATE|[35]|Bytes:28
06:42:34.0 (41814733)|VARIABLE_SCOPE_BEGIN|[35]|p|Product2|true|false
06:42:34.0 (41829962)|VARIABLE_ASSIGNMENT|[35]|p|{"Description":"This is for First Pa (75 more) ...","Id":"01t24000002t7jvAAA","IsActive":true,"Name":"First Partners - Mul (23 more) ...","ProductCode":"FPMSO600","DisplayOnCommunity__ (1 more) ...":true}|0x46db6e27
06:42:34.0 (41833463)|STATEMENT_EXECUTE|[36]
06:42:34.0 (41834669)|STATEMENT_EXECUTE|[37]
06:42:34.0 (41838795)|HEAP_ALLOCATE|[37]|Bytes:4
06:42:34.0 (42107835)|SOQL_EXECUTE_BEGIN|[37]|Aggregations:0|SELECT Id, IsActive, IsDeleted, Name, Pricebook2Id, Product2Id, ProductCode, UnitPrice, UseStandardPrice FROM PricebookEntry WHERE (Product2Id = :tmpVar1 AND isActive = TRUE) LIMIT 1
06:42:34.0 (42115192)|LIMIT_USAGE|[37]|SOQL|8|100
06:42:34.0 (42121721)|LIMIT_USAGE|[37]|AGGS|0|300
06:42:34.0 (44157017)|SOQL_EXECUTE_END|[37]|Rows:1
06:42:34.0 (44163094)|LIMIT_USAGE|[37]|SOQL_ROWS|15|50000
06:42:34.0 (44172550)|HEAP_ALLOCATE|[37]|Bytes:8
06:42:34.0 (44185097)|HEAP_ALLOCATE|[37]|Bytes:275
06:42:34.0 (44197487)|HEAP_ALLOCATE|[37]|Bytes:8
06:42:34.0 (44210344)|SYSTEM_METHOD_ENTRY|[37]|CommunityProdController.__sfdc_pbEntry(List<PricebookEntry>)
06:42:34.0 (44356342)|VARIABLE_ASSIGNMENT|[EXTERNAL]|this|{"con":"0x2a1c49ad","currentUser":"0x520177f9","currentUserId":"00524000005uNfKAAU","pbEntry":"0x7f990312","prod_pbEntry":"0x705507f1","prodList":"0x48348f56","prodListDisp":"0xd986419"}|0x464f9fb4
06:42:34.0 (44375141)|VARIABLE_ASSIGNMENT|[EXTERNAL]|value|[{"Id":"01u24000002VV8yAAG","IsActive":true,"IsDeleted":false,"Name":"First Partners - Mul (23 more) ...","Pricebook2Id":"01s24000003Olw1AAC","Product2Id":"01t24000002t7jvAAA","ProductCode":"FPMSO600","UnitPrice":600.00,"UseStandardPrice":false}]|0x4f41bd72
06:42:34.0 (44390682)|VARIABLE_ASSIGNMENT|[7]|this.pbEntry|[{"Id":"01u24000002VV8yAAG","IsActive":true,"IsDeleted":false,"Name":"First Partners - Mul (23 more) ...","Pricebook2Id":"01s24000003Olw1AAC","Product2Id":"01t24000002t7jvAAA","ProductCode":"FPMSO600","UnitPrice":600.00,"UseStandardPrice":false}]|0x464f9fb4
06:42:34.0 (44399148)|SYSTEM_METHOD_EXIT|[37]|CommunityProdController.__sfdc_pbEntry(List<PricebookEntry>)
06:42:34.0 (44405113)|SYSTEM_METHOD_ENTRY|[39]|CommunityProdController.__sfdc_pbEntry()
06:42:34.0 (44524738)|VARIABLE_ASSIGNMENT|[EXTERNAL]|this|{"con":"0x2a1c49ad","currentUser":"0x520177f9","currentUserId":"00524000005uNfKAAU","pbEntry":"0x4f41bd72","prod_pbEntry":"0x705507f1","prodList":"0x48348f56","prodListDisp":"0xd986419"}|0x464f9fb4
06:42:34.0 (44533466)|SYSTEM_METHOD_EXIT|[39]|CommunityProdController.__sfdc_pbEntry()
06:42:34.0 (44540004)|SYSTEM_METHOD_ENTRY|[39]|List<PricebookEntry>.size()
06:42:34.0 (44544176)|SYSTEM_METHOD_EXIT|[39]|List<PricebookEntry>.size()
06:42:34.0 (44548354)|STATEMENT_EXECUTE|[40]
06:42:34.0 (44549701)|STATEMENT_EXECUTE|[41]
06:42:34.0 (44553001)|SYSTEM_METHOD_ENTRY|[41]|CommunityProdController.__sfdc_prod_pbEntry()
06:42:34.0 (44668810)|VARIABLE_ASSIGNMENT|[EXTERNAL]|this|{"con":"0x2a1c49ad","currentUser":"0x520177f9","currentUserId":"00524000005uNfKAAU","pbEntry":"0x4f41bd72","prod_pbEntry":"0x705507f1","prodList":"0x48348f56","prodListDisp":"0xd986419"}|0x464f9fb4
06:42:34.0 (44677051)|SYSTEM_METHOD_EXIT|[41]|CommunityProdController.__sfdc_prod_pbEntry()
06:42:34.0 (44686980)|SYSTEM_METHOD_ENTRY|[41]|CommunityProdController.__sfdc_pbEntry()
06:42:34.0 (44804574)|VARIABLE_ASSIGNMENT|[EXTERNAL]|this|{"con":"0x2a1c49ad","currentUser":"0x520177f9","currentUserId":"00524000005uNfKAAU","pbEntry":"0x4f41bd72","prod_pbEntry":"0x705507f1","prodList":"0x48348f56","prodListDisp":"0xd986419"}|0x464f9fb4
06:42:34.0 (44812541)|SYSTEM_METHOD_EXIT|[41]|CommunityProdController.__sfdc_pbEntry()
06:42:34.0 (44832166)|HEAP_ALLOCATE|[41]|Bytes:40
06:42:34.0 (44853486)|SYSTEM_METHOD_ENTRY|[41]|Map<Id,PricebookEntry>.put(Object, Object)
06:42:34.0 (44858696)|HEAP_ALLOCATE|[EXTERNAL]|Bytes:-4
06:42:34.0 (44871057)|SYSTEM_METHOD_EXIT|[41]|Map<Id,PricebookEntry>.put(Object, Object)
06:42:34.0 (44874311)|STATEMENT_EXECUTE|[42]
06:42:34.0 (44878141)|SYSTEM_METHOD_ENTRY|[42]|CommunityProdController.__sfdc_prodListDisp()
06:42:34.0 (44999269)|VARIABLE_ASSIGNMENT|[EXTERNAL]|this|{"con":"0x2a1c49ad","currentUser":"0x520177f9","currentUserId":"00524000005uNfKAAU","pbEntry":"0x4f41bd72","prod_pbEntry":"0x705507f1","prodList":"0x48348f56","prodListDisp":"0xd986419"}|0x464f9fb4
06:42:34.0 (45007168)|SYSTEM_METHOD_EXIT|[42]|CommunityProdController.__sfdc_prodListDisp()
06:42:34.0 (45018577)|SYSTEM_METHOD_ENTRY|[42]|List<Product2>.add(Object)
06:42:34.0 (45021961)|HEAP_ALLOCATE|[EXTERNAL]|Bytes:4
06:42:34.0 (45027522)|SYSTEM_METHOD_EXIT|[42]|List<Product2>.add(Object)
06:42:34.0 (45030179)|STATEMENT_EXECUTE|[57]
06:42:34.0 (45033134)|SYSTEM_METHOD_ENTRY|[57]|CommunityProdController.__sfdc_pbEntry()
06:42:34.0 (45186205)|VARIABLE_ASSIGNMENT|[EXTERNAL]|this|{"con":"0x2a1c49ad","currentUser":"0x520177f9","currentUserId":"00524000005uNfKAAU","pbEntry":"0x4f41bd72","prod_pbEntry":"0x705507f1","prodList":"0x48348f56","prodListDisp":"0xd986419"}|0x464f9fb4
06:42:34.0 (45198837)|SYSTEM_METHOD_EXIT|[57]|CommunityProdController.__sfdc_pbEntry()
06:42:34.0 (45208268)|SYSTEM_METHOD_ENTRY|[57]|List<PricebookEntry>.clear()
06:42:34.0 (45213694)|SYSTEM_METHOD_EXIT|[57]|List<PricebookEntry>.clear()
06:42:34.0 (45221177)|SYSTEM_METHOD_ENTRY|[35]|system.ListIterator.hasNext()
06:42:34.0 (45230014)|HEAP_ALLOCATE|[35]|Bytes:5
06:42:34.0 (45237202)|SYSTEM_METHOD_EXIT|[35]|system.ListIterator.hasNext()
06:42:34.0 (45265049)|HEAP_ALLOCATE|[35]|Bytes:24
06:42:34.0 (45275883)|VARIABLE_SCOPE_BEGIN|[35]|p|Product2|true|false
06:42:34.0 (45295601)|VARIABLE_ASSIGNMENT|[35]|p|{"Id":"01t24000002t7ssAAA","IsActive":true,"Name":"First Partners - Soc (21 more) ...","ProductCode":"FPSMC400","DisplayOnCommunity__ (1 more) ...":true}|0x19bab218
06:42:34.0 (45300827)|STATEMENT_EXECUTE|[36]
06:42:34.0 (45302581)|STATEMENT_EXECUTE|[37]
06:42:34.0 (45306930)|HEAP_ALLOCATE|[37]|Bytes:4
06:42:34.0 (45539745)|SOQL_EXECUTE_BEGIN|[37]|Aggregations:0|SELECT Id, IsActive, IsDeleted, Name, Pricebook2Id, Product2Id, ProductCode, UnitPrice, UseStandardPrice FROM PricebookEntry WHERE (Product2Id = :tmpVar1 AND isActive = TRUE) LIMIT 1
06:42:34.0 (45546468)|LIMIT_USAGE|[37]|SOQL|9|100
06:42:34.0 (45553137)|LIMIT_USAGE|[37]|AGGS|0|300
06:42:34.0 (47764593)|SOQL_EXECUTE_END|[37]|Rows:1
06:42:34.0 (47770713)|LIMIT_USAGE|[37]|SOQL_ROWS|16|50000
06:42:34.0 (47781773)|HEAP_ALLOCATE|[37]|Bytes:8
06:42:34.0 (47798164)|HEAP_ALLOCATE|[37]|Bytes:273
06:42:34.0 (47810777)|HEAP_ALLOCATE|[37]|Bytes:8
06:42:34.0 (47823721)|SYSTEM_METHOD_ENTRY|[37]|CommunityProdController.__sfdc_pbEntry(List<PricebookEntry>)
06:42:34.0 (47988047)|VARIABLE_ASSIGNMENT|[EXTERNAL]|this|{"con":"0x2a1c49ad","currentUser":"0x520177f9","currentUserId":"00524000005uNfKAAU","pbEntry":"0x4f41bd72","prod_pbEntry":"0x705507f1","prodList":"0x48348f56","prodListDisp":"0xd986419"}|0x464f9fb4
06:42:34.0 (48008927)|VARIABLE_ASSIGNMENT|[EXTERNAL]|value|[{"Id":"01u24000002VVAkAAO","IsActive":true,"IsDeleted":false,"Name":"First Partners - Soc (21 more) ...","Pricebook2Id":"01s24000003Olw1AAC","Product2Id":"01t24000002t7ssAAA","ProductCode":"FPSMC400","UnitPrice":400.00,"UseStandardPrice":false}]|0x5b52322d
06:42:34.0 (48025267)|VARIABLE_ASSIGNMENT|[7]|this.pbEntry|[{"Id":"01u24000002VVAkAAO","IsActive":true,"IsDeleted":false,"Name":"First Partners - Soc (21 more) ...","Pricebook2Id":"01s24000003Olw1AAC","Product2Id":"01t24000002t7ssAAA","ProductCode":"FPSMC400","UnitPrice":400.00,"UseStandardPrice":false}]|0x464f9fb4
06:42:34.0 (48034699)|SYSTEM_METHOD_EXIT|[37]|CommunityProdController.__sfdc_pbEntry(List<PricebookEntry>)
06:42:34.0 (48041064)|SYSTEM_METHOD_ENTRY|[39]|CommunityProdController.__sfdc_pbEntry()
06:42:34.0 (48193222)|VARIABLE_ASSIGNMENT|[EXTERNAL]|this|{"con":"0x2a1c49ad","currentUser":"0x520177f9","currentUserId":"00524000005uNfKAAU","pbEntry":"0x5b52322d","prod_pbEntry":"0x705507f1","prodList":"0x48348f56","prodListDisp":"0xd986419"}|0x464f9fb4
06:42:34.0 (48203169)|SYSTEM_METHOD_EXIT|[39]|CommunityProdController.__sfdc_pbEntry()
06:42:34.0 (48210196)|SYSTEM_METHOD_ENTRY|[39]|List<PricebookEntry>.size()
06:42:34.0 (48214688)|SYSTEM_METHOD_EXIT|[39]|List<PricebookEntry>.size()
06:42:34.0 (48219277)|STATEMENT_EXECUTE|[40]
06:42:34.0 (48220731)|STATEMENT_EXECUTE|[41]
06:42:34.0 (48224080)|SYSTEM_METHOD_ENTRY|[41]|CommunityProdController.__sfdc_prod_pbEntry()
06:42:34.0 (48343900)|VARIABLE_ASSIGNMENT|[EXTERNAL]|this|{"con":"0x2a1c49ad","currentUser":"0x520177f9","currentUserId":"00524000005uNfKAAU","pbEntry":"0x5b52322d","prod_pbEntry":"0x705507f1","prodList":"0x48348f56","prodListDisp":"0xd986419"}|0x464f9fb4
06:42:34.0 (48352203)|SYSTEM_METHOD_EXIT|[41]|CommunityProdController.__sfdc_prod_pbEntry()
06:42:34.0 (48362155)|SYSTEM_METHOD_ENTRY|[41]|CommunityProdController.__sfdc_pbEntry()
06:42:34.0 (48480218)|VARIABLE_ASSIGNMENT|[EXTERNAL]|this|{"con":"0x2a1c49ad","currentUser":"0x520177f9","currentUserId":"00524000005uNfKAAU","pbEntry":"0x5b52322d","prod_pbEntry":"0x705507f1","prodList":"0x48348f56","prodListDisp":"0xd986419"}|0x464f9fb4
06:42:34.0 (48488021)|SYSTEM_METHOD_EXIT|[41]|CommunityProdController.__sfdc_pbEntry()
06:42:34.0 (48508289)|HEAP_ALLOCATE|[41]|Bytes:40
06:42:34.0 (48526624)|SYSTEM_METHOD_ENTRY|[41]|Map<Id,PricebookEntry>.put(Object, Object)
06:42:34.0 (48531687)|HEAP_ALLOCATE|[EXTERNAL]|Bytes:-4
06:42:34.0 (48540177)|SYSTEM_METHOD_EXIT|[41]|Map<Id,PricebookEntry>.put(Object, Object)
06:42:34.0 (48543566)|STATEMENT_EXECUTE|[42]
06:42:34.0 (48547213)|SYSTEM_METHOD_ENTRY|[42]|CommunityProdController.__sfdc_prodListDisp()
06:42:34.0 (48671683)|VARIABLE_ASSIGNMENT|[EXTERNAL]|this|{"con":"0x2a1c49ad","currentUser":"0x520177f9","currentUserId":"00524000005uNfKAAU","pbEntry":"0x5b52322d","prod_pbEntry":"0x705507f1","prodList":"0x48348f56","prodListDisp":"0xd986419"}|0x464f9fb4
06:42:34.0 (48679740)|SYSTEM_METHOD_EXIT|[42]|CommunityProdController.__sfdc_prodListDisp()
06:42:34.0 (48690444)|SYSTEM_METHOD_ENTRY|[42]|List<Product2>.add(Object)
06:42:34.0 (48694081)|HEAP_ALLOCATE|[EXTERNAL]|Bytes:4
06:42:34.0 (48701114)|SYSTEM_METHOD_EXIT|[42]|List<Product2>.add(Object)
06:42:34.0 (48705279)|STATEMENT_EXECUTE|[57]
06:42:34.0 (48710027)|SYSTEM_METHOD_ENTRY|[57]|CommunityProdController.__sfdc_pbEntry()
06:42:34.0 (48897593)|VARIABLE_ASSIGNMENT|[EXTERNAL]|this|{"con":"0x2a1c49ad","currentUser":"0x520177f9","currentUserId":"00524000005uNfKAAU","pbEntry":"0x5b52322d","prod_pbEntry":"0x705507f1","prodList":"0x48348f56","prodListDisp":"0xd986419"}|0x464f9fb4
06:42:34.0 (48910843)|SYSTEM_METHOD_EXIT|[57]|CommunityProdController.__sfdc_pbEntry()
06:42:34.0 (48920163)|SYSTEM_METHOD_ENTRY|[57]|List<PricebookEntry>.clear()
06:42:34.0 (48925951)|SYSTEM_METHOD_EXIT|[57]|List<PricebookEntry>.clear()
06:42:34.0 (48931751)|SYSTEM_METHOD_ENTRY|[35]|system.ListIterator.hasNext()
06:42:34.0 (48938607)|HEAP_ALLOCATE|[35]|Bytes:5
06:42:34.0 (48943629)|SYSTEM_METHOD_EXIT|[35]|system.ListIterator.hasNext()
06:42:34.0 (48966736)|HEAP_ALLOCATE|[35]|Bytes:28
06:42:34.0 (48974682)|VARIABLE_SCOPE_BEGIN|[35]|p|Product2|true|false
06:42:34.0 (48991575)|VARIABLE_ASSIGNMENT|[35]|p|{"Description":"This is for First Pa (75 more) ...","Id":"01t24000002rJluAAE","IsActive":true,"Name":"First Partners - Soc (8 more) ...","ProductCode":"FPSO1200","DisplayOnCommunity__ (1 more) ...":true}|0x3f01954c
06:42:34.0 (48995294)|STATEMENT_EXECUTE|[36]
06:42:34.0 (48996568)|STATEMENT_EXECUTE|[37]
06:42:34.0 (49001006)|HEAP_ALLOCATE|[37]|Bytes:4
06:42:34.0 (49241917)|SOQL_EXECUTE_BEGIN|[37]|Aggregations:0|SELECT Id, IsActive, IsDeleted, Name, Pricebook2Id, Product2Id, ProductCode, UnitPrice, UseStandardPrice FROM PricebookEntry WHERE (Product2Id = :tmpVar1 AND isActive = TRUE) LIMIT 1
06:42:34.0 (49248739)|LIMIT_USAGE|[37]|SOQL|10|100
06:42:34.0 (49255598)|LIMIT_USAGE|[37]|AGGS|0|300
06:42:34.0 (51362720)|SOQL_EXECUTE_END|[37]|Rows:1
06:42:34.0 (51368757)|LIMIT_USAGE|[37]|SOQL_ROWS|17|50000
06:42:34.0 (51378031)|HEAP_ALLOCATE|[37]|Bytes:8
06:42:34.0 (51389808)|HEAP_ALLOCATE|[37]|Bytes:260
06:42:34.0 (51402320)|HEAP_ALLOCATE|[37]|Bytes:8
06:42:34.0 (51414800)|SYSTEM_METHOD_ENTRY|[37]|CommunityProdController.__sfdc_pbEntry(List<PricebookEntry>)
06:42:34.0 (51558610)|VARIABLE_ASSIGNMENT|[EXTERNAL]|this|{"con":"0x2a1c49ad","currentUser":"0x520177f9","currentUserId":"00524000005uNfKAAU","pbEntry":"0x5b52322d","prod_pbEntry":"0x705507f1","prodList":"0x48348f56","prodListDisp":"0xd986419"}|0x464f9fb4
06:42:34.0 (51578367)|VARIABLE_ASSIGNMENT|[EXTERNAL]|value|[{"Id":"01u24000001whHLAAY","IsActive":true,"IsDeleted":false,"Name":"First Partners - Soc (8 more) ...","Pricebook2Id":"01s24000003Olw1AAC","Product2Id":"01t24000002rJluAAE","ProductCode":"FPSO1200","UnitPrice":1200.00,"UseStandardPrice":false}]|0x1e188f68
06:42:34.0 (51593532)|VARIABLE_ASSIGNMENT|[7]|this.pbEntry|[{"Id":"01u24000001whHLAAY","IsActive":true,"IsDeleted":false,"Name":"First Partners - Soc (8 more) ...","Pricebook2Id":"01s24000003Olw1AAC","Product2Id":"01t24000002rJluAAE","ProductCode":"FPSO1200","UnitPrice":1200.00,"UseStandardPrice":false}]|0x464f9fb4
06:42:34.0 (51601323)|SYSTEM_METHOD_EXIT|[37]|CommunityProdController.__sfdc_pbEntry(List<PricebookEntry>)
06:42:34.0 (51607244)|SYSTEM_METHOD_ENTRY|[39]|CommunityProdController.__sfdc_pbEntry()
06:42:34.0 (51728097)|VARIABLE_ASSIGNMENT|[EXTERNAL]|this|{"con":"0x2a1c49ad","currentUser":"0x520177f9","currentUserId":"00524000005uNfKAAU","pbEntry":"0x1e188f68","prod_pbEntry":"0x705507f1","prodList":"0x48348f56","prodListDisp":"0xd986419"}|0x464f9fb4
06:42:34.0 (51736960)|SYSTEM_METHOD_EXIT|[39]|CommunityProdController.__sfdc_pbEntry()
06:42:34.0 (51743211)|SYSTEM_METHOD_ENTRY|[39]|List<PricebookEntry>.size()
06:42:34.0 (51747550)|SYSTEM_METHOD_EXIT|[39]|List<PricebookEntry>.size()
06:42:34.0 (51751953)|STATEMENT_EXECUTE|[40]
06:42:34.0 (51753358)|STATEMENT_EXECUTE|[41]
06:42:34.0 (51756447)|SYSTEM_METHOD_ENTRY|[41]|CommunityProdController.__sfdc_prod_pbEntry()
06:42:34.0 (51879398)|VARIABLE_ASSIGNMENT|[EXTERNAL]|this|{"con":"0x2a1c49ad","currentUser":"0x520177f9","currentUserId":"00524000005uNfKAAU","pbEntry":"0x1e188f68","prod_pbEntry":"0x705507f1","prodList":"0x48348f56","prodListDisp":"0xd986419"}|0x464f9fb4
06:42:34.0 (51888114)|SYSTEM_METHOD_EXIT|[41]|CommunityProdController.__sfdc_prod_pbEntry()
06:42:34.0 (51898256)|SYSTEM_METHOD_ENTRY|[41]|CommunityProdController.__sfdc_pbEntry()
06:42:34.0 (52014361)|VARIABLE_ASSIGNMENT|[EXTERNAL]|this|{"con":"0x2a1c49ad","currentUser":"0x520177f9","currentUserId":"00524000005uNfKAAU","pbEntry":"0x1e188f68","prod_pbEntry":"0x705507f1","prodList":"0x48348f56","prodListDisp":"0xd986419"}|0x464f9fb4
06:42:34.0 (52022355)|SYSTEM_METHOD_EXIT|[41]|CommunityProdController.__sfdc_pbEntry()
06:42:34.0 (52041964)|HEAP_ALLOCATE|[41]|Bytes:40
06:42:34.0 (52060323)|SYSTEM_METHOD_ENTRY|[41]|Map<Id,PricebookEntry>.put(Object, Object)
06:42:34.0 (52064966)|HEAP_ALLOCATE|[EXTERNAL]|Bytes:-4
06:42:34.0 (52073074)|SYSTEM_METHOD_EXIT|[41]|Map<Id,PricebookEntry>.put(Object, Object)
06:42:34.0 (52075825)|STATEMENT_EXECUTE|[42]
06:42:34.0 (52079377)|SYSTEM_METHOD_ENTRY|[42]|CommunityProdController.__sfdc_prodListDisp()
06:42:34.0 (52200547)|VARIABLE_ASSIGNMENT|[EXTERNAL]|this|{"con":"0x2a1c49ad","currentUser":"0x520177f9","currentUserId":"00524000005uNfKAAU","pbEntry":"0x1e188f68","prod_pbEntry":"0x705507f1","prodList":"0x48348f56","prodListDisp":"0xd986419"}|0x464f9fb4
06:42:34.0 (52208540)|SYSTEM_METHOD_EXIT|[42]|CommunityProdController.__sfdc_prodListDisp()
06:42:34.0 (52219503)|SYSTEM_METHOD_ENTRY|[42]|List<Product2>.add(Object)
06:42:34.0 (52223010)|HEAP_ALLOCATE|[EXTERNAL]|Bytes:4
06:42:34.0 (52228340)|SYSTEM_METHOD_EXIT|[42]|List<Product2>.add(Object)
06:42:34.0 (52231072)|STATEMENT_EXECUTE|[57]
06:42:34.0 (52233954)|SYSTEM_METHOD_ENTRY|[57]|CommunityProdController.__sfdc_pbEntry()
06:42:34.0 (52349786)|VARIABLE_ASSIGNMENT|[EXTERNAL]|this|{"con":"0x2a1c49ad","currentUser":"0x520177f9","currentUserId":"00524000005uNfKAAU","pbEntry":"0x1e188f68","prod_pbEntry":"0x705507f1","prodList":"0x48348f56","prodListDisp":"0xd986419"}|0x464f9fb4
06:42:34.0 (52357007)|SYSTEM_METHOD_EXIT|[57]|CommunityProdController.__sfdc_pbEntry()
06:42:34.0 (52362350)|SYSTEM_METHOD_ENTRY|[57]|List<PricebookEntry>.clear()
06:42:34.0 (52365867)|SYSTEM_METHOD_EXIT|[57]|List<PricebookEntry>.clear()
06:42:34.0 (52370824)|SYSTEM_METHOD_ENTRY|[35]|system.ListIterator.hasNext()
06:42:34.0 (52377179)|HEAP_ALLOCATE|[35]|Bytes:5
06:42:34.0 (52381777)|SYSTEM_METHOD_EXIT|[35]|system.ListIterator.hasNext()
06:42:34.0 (52389596)|VARIABLE_ASSIGNMENT|[35]|p|null|
06:42:34.0 (52392816)|STATEMENT_EXECUTE|[60]
06:42:34.0 (52396236)|HEAP_ALLOCATE|[60]|Bytes:11
06:42:34.0 (52402678)|SYSTEM_METHOD_ENTRY|[60]|CommunityProdController.__sfdc_prod_pbEntry()
06:42:34.0 (52530584)|VARIABLE_ASSIGNMENT|[EXTERNAL]|this|{"con":"0x2a1c49ad","currentUser":"0x520177f9","currentUserId":"00524000005uNfKAAU","pbEntry":"0x1e188f68","prod_pbEntry":"0x705507f1","prodList":"0x48348f56","prodListDisp":"0xd986419"}|0x464f9fb4
06:42:34.0 (52538466)|SYSTEM_METHOD_EXIT|[60]|CommunityProdController.__sfdc_prod_pbEntry()
06:42:34.0 (52568940)|SYSTEM_METHOD_ENTRY|[60]|String.valueOf(Object)
06:42:34.0 (52748847)|HEAP_ALLOCATE|[60]|Bytes:2124
06:42:34.0 (52762055)|SYSTEM_METHOD_EXIT|[60]|String.valueOf(Object)
06:42:34.0 (52773325)|HEAP_ALLOCATE|[60]|Bytes:2135
06:42:34.0 (52797098)|SYSTEM_METHOD_ENTRY|[60]|System.debug(ANY)
06:42:34.0 (52805131)|USER_DEBUG|[60]|DEBUG|PB Entry : {01t24000002rJluAAE=PricebookEntry:{Id=01u24000001whHLAAY, IsActive=true, IsDeleted=false, Name=First Partners - Social Only, Pricebook2Id=01s24000003Olw1AAC, Product2Id=01t24000002rJluAAE, ProductCode=FPSO1200, UnitPrice=1200.00, UseStandardPrice=false}, 01t24000002t6w2AAA=PricebookEntry:{Id=01u24000002VUygAAG, IsActive=true, IsDeleted=false, Name=First Partners - Full Licence, Pricebook2Id=01s24000003Olw1AAC, Product2Id=01t24000002t6w2AAA, ProductCode=FPFL12000, UnitPrice=1200.00, UseStandardPrice=false}, 01t24000002t7jvAAA=PricebookEntry:{Id=01u24000002VV8yAAG, IsActive=true, IsDeleted=false, Name=First Partners - Multiple Seats Social Only, Pricebook2Id=01s24000003Olw1AAC, Product2Id=01t24000002t7jvAAA, ProductCode=FPMSO600, UnitPrice=600.00, UseStandardPrice=false}, 01t24000002t7rpAAA=PricebookEntry:{Id=01u24000002VVALAA4, IsActive=true, IsDeleted=false, Name=First Partners - Monthly Pro-bono Workshops, Pricebook2Id=01s24000003Olw1AAC, Product2Id=01t24000002t7rpAAA, ProductCode=FPMWS-PB, UnitPrice=0.00, UseStandardPrice=false}, 01t24000002t7s9AAA=PricebookEntry:{Id=01u24000002VVAQAA4, IsActive=true, IsDeleted=false, Name=First Partners - Initial Pro-bono Social Media Impact, Pricebook2Id=01s24000003Olw1AAC, Product2Id=01t24000002t7s9AAA, ProductCode=FPSMI-PB, UnitPrice=0.00, UseStandardPrice=false}, 01t24000002t7ssAAA=PricebookEntry:{Id=01u24000002VVAkAAO, IsActive=true, IsDeleted=false, Name=First Partners - Social Media Consultancy, Pricebook2Id=01s24000003Olw1AAC, Product2Id=01t24000002t7ssAAA, ProductCode=FPSMC400, UnitPrice=400.00, UseStandardPrice=false}, 01t24000002t7sxAAA=PricebookEntry:{Id=01u24000002VVAuAAO, IsActive=true, IsDeleted=false, Name=First Partners - Initial Pro-bono Salesforce Healthcheck, Pricebook2Id=01s24000003Olw1AAC, Product2Id=01t24000002t7sxAAA, ProductCode=FPSFHC-PB, UnitPrice=0.00, UseStandardPrice=false}, 01t24000002t81MAAQ=PricebookEntry:{Id=01u24000002VVBTAA4, IsActive=true, IsDeleted=false, Name=First Partners - Donor 3D, Pricebook2Id=01s24000003Olw1AAC, Product2Id=01t24000002t81MAAQ, ProductCode=FPD3D200, UnitPrice=200.00, UseStandardPrice=false}}
06:42:34.0 (52818405)|SYSTEM_METHOD_EXIT|[60]|System.debug(ANY)
06:42:34.0 (52834648)|VF_APEX_CALL_END|CommunityProdController <init>
06:42:34.0 (52880815)|VF_APEX_CALL_START|[EXTERNAL]|01p9E000000Dmea|CommunityProdController get(prodListDisp)
06:42:34.0 (52886933)|SYSTEM_MODE_ENTER|true
06:42:34.0 (52896183)|VF_APEX_CALL_START|[EXTERNAL]|01p9E000000Dmea|prodListDisp
06:42:34.0 (52904150)|VF_APEX_CALL_END|prodListDisp
06:42:34.0 (52912095)|VF_APEX_CALL_END|CommunityProdController get(prodListDisp)
06:42:34.0 (54002443)|VF_EVALUATE_FORMULA_BEGIN|0669E000000Cuyk|#{URLFOR($Resource.Bootstrap337, 'bootstrap-3.3.7-dist/css/bootstrap.min.css')}
06:42:34.0 (54296611)|VF_EVALUATE_FORMULA_END
06:42:34.0 (54313253)|VF_EVALUATE_FORMULA_BEGIN|0669E000000Cuyk|#{URLFOR($Resource.Bootstrap337, 'bootstrap-3.3.7-dist/css/bootstrap.min.css')}
06:42:34.0 (54331932)|VF_EVALUATE_FORMULA_END
06:42:34.0 (54342657)|VF_EVALUATE_FORMULA_BEGIN|0669E000000Cuyk|#{URLFOR($Resource.Bootstrap337, 'bootstrap-3.3.7-dist/js/bootstrap.min.js')}
06:42:34.0 (54365557)|VF_EVALUATE_FORMULA_END
06:42:34.54 (54482766)|VF_APEX_CALL_START|[EXTERNAL]|/apexpage/pagemessagescomponentcontroller.apex set(conEscape,null)
06:42:34.54 (54495371)|SYSTEM_MODE_ENTER|true
06:42:34.54 (54504543)|VF_APEX_CALL_START|[EXTERNAL]|PageMessagesComponentController set(conEscape,null)
06:42:34.54 (54524625)|VF_APEX_CALL_START|[EXTERNAL]|PageMessagesComponentController invoke(setconEscape)
06:42:34.54 (54547838)|HEAP_ALLOCATE|[EXTERNAL]|Bytes:8
06:42:34.54 (54553193)|VARIABLE_SCOPE_BEGIN|[88]|this|ApexPage.PageMessagesComponentController|true|false
06:42:34.54 (54572636)|VARIABLE_ASSIGNMENT|[88]|this|{}|0x3382660
06:42:34.54 (54575360)|VARIABLE_SCOPE_BEGIN|[88]|escape|Boolean|false|false
06:42:34.54 (54578258)|VARIABLE_ASSIGNMENT|[88]|escape|null
06:42:34.54 (54676914)|VF_APEX_CALL_START|[EXTERNAL]|/apexpage/pagemessagescomponentcontroller.apex get(severities)
06:42:34.54 (54684172)|SYSTEM_MODE_ENTER|true
06:42:34.54 (54692292)|VF_APEX_CALL_START|[EXTERNAL]|PageMessagesComponentController invoke(getseverities)
06:42:34.54 (54706957)|HEAP_ALLOCATE|[EXTERNAL]|Bytes:8
06:42:34.54 (54711304)|VARIABLE_SCOPE_BEGIN|[2]|this|ApexPage.PageMessagesComponentController|true|false
06:42:34.54 (54724996)|VARIABLE_ASSIGNMENT|[2]|this|{}|0x3382660
06:42:34.0 (55420824)|VF_EVALUATE_FORMULA_BEGIN|0669E000000Cuyk|#{prod_pbEntry[pr.id].UnitPrice}
06:42:34.0 (55481344)|VF_APEX_CALL_START|[EXTERNAL]|01p9E000000Dmea|CommunityProdController get(prod_pbEntry)
06:42:34.0 (55487003)|SYSTEM_MODE_ENTER|true
06:42:34.0 (55493701)|VF_APEX_CALL_START|[EXTERNAL]|01p9E000000Dmea|prod_pbEntry
06:42:34.0 (55502719)|VF_APEX_CALL_END|prod_pbEntry
06:42:34.0 (55513434)|VF_APEX_CALL_END|CommunityProdController get(prod_pbEntry)
06:42:34.0 (55719976)|VF_EVALUATE_FORMULA_END
06:42:34.0 (57507102)|VF_EVALUATE_FORMULA_BEGIN|0669E000000Cuyk|#{prod_pbEntry[pr.id].UnitPrice}
06:42:34.0 (57660298)|VF_EVALUATE_FORMULA_END
06:42:34.0 (58384955)|VF_EVALUATE_FORMULA_BEGIN|0669E000000Cuyk|#{prod_pbEntry[pr.id].UnitPrice}
06:42:34.0 (58529633)|VF_EVALUATE_FORMULA_END
06:42:34.0 (59341359)|VF_EVALUATE_FORMULA_BEGIN|0669E000000Cuyk|#{prod_pbEntry[pr.id].UnitPrice}
06:42:34.0 (59493230)|VF_EVALUATE_FORMULA_END
06:42:34.0 (60212411)|VF_EVALUATE_FORMULA_BEGIN|0669E000000Cuyk|#{prod_pbEntry[pr.id].UnitPrice}
06:42:34.0 (60358578)|VF_EVALUATE_FORMULA_END
06:42:34.0 (61075119)|VF_EVALUATE_FORMULA_BEGIN|0669E000000Cuyk|#{prod_pbEntry[pr.id].UnitPrice}
06:42:34.0 (61219206)|VF_EVALUATE_FORMULA_END
06:42:34.0 (61924173)|VF_EVALUATE_FORMULA_BEGIN|0669E000000Cuyk|#{prod_pbEntry[pr.id].UnitPrice}
06:42:34.0 (62066020)|VF_EVALUATE_FORMULA_END
06:42:34.0 (62765092)|VF_EVALUATE_FORMULA_BEGIN|0669E000000Cuyk|#{prod_pbEntry[pr.id].UnitPrice}
06:42:34.0 (62926401)|VF_EVALUATE_FORMULA_END
06:42:34.0 (63806942)|VF_SERIALIZE_VIEWSTATE_BEGIN|0669E000000Cuyk
06:42:34.0 (67509095)|VF_SERIALIZE_VIEWSTATE_END
06:42:34.69 (69837510)|CUMULATIVE_LIMIT_USAGE
06:42:34.69 (69837510)|LIMIT_USAGE_FOR_NS|(default)|
  Number of SOQL queries: 10 out of 100
  Number of query rows: 17 out of 50000
  Number of SOSL queries: 0 out of 20
  Number of DML statements: 0 out of 150
  Number of DML rows: 0 out of 10000
  Maximum CPU time: 0 out of 10000
  Maximum heap size: 0 out of 6000000
  Number of callouts: 0 out of 100
  Number of Email Invocations: 0 out of 10
  Number of future calls: 0 out of 50
  Number of queueable jobs added to the queue: 0 out of 50
  Number of Mobile Apex push calls: 0 out of 10

06:42:34.69 (69837510)|TOTAL_EMAIL_RECIPIENTS_QUEUED|0
06:42:34.69 (69837510)|STATIC_VARIABLE_LIST|
  char[]:DigitTens:0
  long:serialVersionUID:0
  long:serialVersionUID:0
  String:_sfdcAdditionalCodeLocations:0
  String:_sfdcAdditionalCodeLocations:0
  double:MAX_VALUE:0
  Boolean:FALSE:0
  long:serialVersionUID:0
  String:__sfdcInnerTypes:0
  double:MIN_VALUE:0
  int:SIZE:0
  double:NEGATIVE_INFINITY:0
  int:MAX_VALUE:0
  char[]:digits:0
  double:NaN:0
  Boolean:TRUE:0
  int:MIN_VALUE:0
  char[]:DigitOnes:0
  String:_sfdcAdditionalCodeLocations:0
  int:BYTES:0
  int:MIN_EXPONENT:0
  int[]:sizeTable:0
  int:MAX_EXPONENT:0
  String:_sfdcAdditionalCodeLocations:0
  String:_sfdcSuppressedCodeLocations:0
  int:SIZE:0
  double:POSITIVE_INFINITY:0
  String:__sfdcProperties:0
  double:MIN_NORMAL:0
  int:BYTES:0

06:42:34.69 (69837510)|CUMULATIVE_LIMIT_USAGE_END

06:42:34.0 (69957888)|CODE_UNIT_FINISHED|VF: /apex/communityProducts
06:42:34.0 (70784206)|EXECUTION_FINISHED
06:42:34.72 (72204615)|CUMULATIVE_PROFILING_BEGIN
06:42:34.72 (72204615)|CUMULATIVE_PROFILING|SOQL operations|
Class.CommunityProdController.<init>: line 37, column 1: [SELECT Id,IsActive,IsDeleted,Name,Pricebook2Id,Product2Id,ProductCode,UnitPrice,UseStandardPrice FROM PricebookEntry WHERE Product2Id = :p.id and isActive = true limit 1]: executed 16 times in 21 ms
Class.CommunityProdController.<init>: line 29, column 1: [SELECT Description,Id,IsActive,Name,DisplayUrl,ProductCode,CommunityProdDetail__c,DisplayOnCommunity__c   FROM Product2 where isActive = true and DisplayOnCommunity__c =true order by name Limit 10 ]: executed 2 times in 5 ms

06:42:34.72 (72204615)|CUMULATIVE_PROFILING|No profiling information for SOSL operations
06:42:34.72 (72204615)|CUMULATIVE_PROFILING|No profiling information for DML operations
06:42:34.72 (72204615)|CUMULATIVE_PROFILING|method invocations|
External entry point: public void <init>(): executed 1 time in 40 ms
Class.CommunityProdController.<init>: line 22, column 1: public Id __sfdc_currentUserId(): executed 3 times in 5 ms
Class.CommunityProdController.<init>: line 41, column 1: public Map<Id,PricebookEntry> __sfdc_prod_pbEntry(): executed 24 times in 3 ms
Class.CommunityProdController.<init>: line 35, column 1: public List<Product2> __sfdc_prodList(): executed 11 times in 1 ms
Class.CommunityProdController.<init>: line 57, column 1: public List<PricebookEntry> __sfdc_pbEntry(): executed 16 times in 1 ms
Class.CommunityProdController.<init>: line 32, column 1: global public List<Product2>(): executed 2 times in 0 ms
Class.CommunityProdController.<init>: line 39, column 1: public List<PricebookEntry> __sfdc_pbEntry(): executed 16 times in 0 ms
Class.CommunityProdController.<init>: line 42, column 1: public List<Product2> __sfdc_prodListDisp(): executed 16 times in 0 ms
Class.CommunityProdController.<init>: line 21, column 1: global static String getUserId(): executed 2 times in 0 ms
Class.CommunityProdController.<init>: line 24, column 1: public User __sfdc_currentUser(): executed 1 time in 0 ms
Class.CommunityProdController.<init>: line 27, column 1: public void __sfdc_con(Contact): executed 1 time in 0 ms

06:42:34.72 (72204615)|CUMULATIVE_PROFILING_END
