39.0 APEX_CODE,FINEST;APEX_PROFILING,FINEST;CALLOUT,FINEST;DB,FINEST;SYSTEM,FINE;VALIDATION,INFO;VISUALFORCE,FINER;WAVE,INFO;WORKFLOW,FINER
00:54:54.0 (58879)|USER_INFO|[EXTERNAL]|00524000005uNfK|neela@lightful.com.commundev|Line Is. Time|GMT+14:00
00:54:54.0 (90084)|EXECUTION_STARTED
00:54:54.0 (94234)|CODE_UNIT_STARTED|[EXTERNAL]|0669E000000Cuyk|VF: /apex/communityProducts
00:54:54.8 (8608488)|VF_APEX_CALL_START|[EXTERNAL]|/apexpage/pagemessagescomponentcontroller.apex <init>
00:54:54.8 (8626113)|SYSTEM_MODE_ENTER|true
00:54:54.8 (8759592)|HEAP_ALLOCATE|[72]|Bytes:3
00:54:54.8 (8802694)|HEAP_ALLOCATE|[77]|Bytes:152
00:54:54.8 (8820330)|HEAP_ALLOCATE|[342]|Bytes:408
00:54:54.8 (8841035)|HEAP_ALLOCATE|[355]|Bytes:408
00:54:54.8 (8859210)|HEAP_ALLOCATE|[467]|Bytes:48
00:54:54.9 (9122636)|VF_APEX_CALL_START|[EXTERNAL]|/apexpage/pagemessagescomponentcontroller.apex set(conEscape,null)
00:54:54.9 (9131489)|SYSTEM_MODE_ENTER|true
00:54:54.9 (9141586)|VF_APEX_CALL_START|[EXTERNAL]|PageMessagesComponentController set(conEscape,null)
00:54:54.9 (9159794)|VF_APEX_CALL_START|[EXTERNAL]|PageMessagesComponentController invoke(setconEscape)
00:54:54.9 (9186144)|HEAP_ALLOCATE|[EXTERNAL]|Bytes:8
00:54:54.9 (9192015)|VARIABLE_SCOPE_BEGIN|[88]|this|ApexPage.PageMessagesComponentController|true|false
00:54:54.9 (9229630)|VARIABLE_ASSIGNMENT|[88]|this|{}|0x33118b11
00:54:54.9 (9232771)|VARIABLE_SCOPE_BEGIN|[88]|escape|Boolean|false|false
00:54:54.9 (9237597)|VARIABLE_ASSIGNMENT|[88]|escape|null
00:54:54.9 (9416939)|VF_APEX_CALL_START|[EXTERNAL]|/apexpage/pagemessagescomponentcontroller.apex get(severities)
00:54:54.9 (9424929)|SYSTEM_MODE_ENTER|true
00:54:54.9 (9435248)|VF_APEX_CALL_START|[EXTERNAL]|PageMessagesComponentController invoke(getseverities)
00:54:54.9 (9451520)|HEAP_ALLOCATE|[EXTERNAL]|Bytes:8
00:54:54.9 (9458723)|VARIABLE_SCOPE_BEGIN|[2]|this|ApexPage.PageMessagesComponentController|true|false
00:54:54.9 (9473504)|VARIABLE_ASSIGNMENT|[2]|this|{}|0x33118b11
00:54:54.0 (10485905)|VF_APEX_CALL_START|[EXTERNAL]|01p9E000000Dmea|CommunityProdController <init>
00:54:54.0 (10493080)|SYSTEM_MODE_ENTER|true
00:54:54.0 (10705870)|HEAP_ALLOCATE|[EXTERNAL]|Bytes:520
00:54:54.0 (10711729)|HEAP_ALLOCATE|[EXTERNAL]|Bytes:84
00:54:54.0 (10714259)|HEAP_ALLOCATE|[EXTERNAL]|Bytes:16
00:54:54.0 (10720801)|METHOD_ENTRY|[1]|01p9E000000Dmea|CommunityProdController.CommunityProdController()
00:54:54.0 (10723586)|STATEMENT_EXECUTE|[1]
00:54:54.0 (10727387)|STATEMENT_EXECUTE|[1]
00:54:54.0 (10731097)|METHOD_EXIT|[1]|CommunityProdController
00:54:54.0 (10736258)|HEAP_ALLOCATE|[EXTERNAL]|Bytes:96
00:54:54.0 (10739704)|VARIABLE_SCOPE_BEGIN|[20]|this|CommunityProdController|true|false
00:54:54.0 (10814827)|VARIABLE_ASSIGNMENT|[20]|this|{}|0x48f1c8c1
00:54:54.0 (10821101)|STATEMENT_EXECUTE|[1]
00:54:54.0 (10822650)|STATEMENT_EXECUTE|[4]
00:54:54.0 (10823892)|STATEMENT_EXECUTE|[5]
00:54:54.0 (10824928)|STATEMENT_EXECUTE|[6]
00:54:54.0 (10825838)|STATEMENT_EXECUTE|[7]
00:54:54.0 (10826846)|STATEMENT_EXECUTE|[11]
00:54:54.0 (10827912)|STATEMENT_EXECUTE|[12]
00:54:54.0 (10828888)|STATEMENT_EXECUTE|[13]
00:54:54.0 (10829937)|STATEMENT_EXECUTE|[15]
00:54:54.0 (10830972)|STATEMENT_EXECUTE|[16]
00:54:54.0 (10831868)|STATEMENT_EXECUTE|[17]
00:54:54.0 (10832873)|STATEMENT_EXECUTE|[18]
00:54:54.0 (10833993)|STATEMENT_EXECUTE|[74]
00:54:54.0 (10834891)|STATEMENT_EXECUTE|[75]
00:54:54.0 (10835982)|STATEMENT_EXECUTE|[130]
00:54:54.0 (10837019)|STATEMENT_EXECUTE|[131]
00:54:54.0 (10837984)|STATEMENT_EXECUTE|[132]
00:54:54.0 (10839021)|STATEMENT_EXECUTE|[133]
00:54:54.0 (10839944)|STATEMENT_EXECUTE|[134]
00:54:54.0 (10841312)|STATEMENT_EXECUTE|[136]
00:54:54.0 (10842578)|STATEMENT_EXECUTE|[137]
00:54:54.0 (10843479)|STATEMENT_EXECUTE|[138]
00:54:54.0 (10844486)|STATEMENT_EXECUTE|[139]
00:54:54.0 (10852931)|STATEMENT_EXECUTE|[140]
00:54:54.0 (10867313)|STATEMENT_EXECUTE|[21]
00:54:54.0 (10868669)|STATEMENT_EXECUTE|[22]
00:54:54.0 (10901610)|HEAP_ALLOCATE|[22]|Bytes:85
00:54:54.0 (10909729)|SYSTEM_METHOD_ENTRY|[1]|UserInfo.UserInfo()
00:54:54.0 (10911925)|STATEMENT_EXECUTE|[1]
00:54:54.0 (10916486)|SYSTEM_METHOD_EXIT|[1]|UserInfo
00:54:54.0 (10925389)|METHOD_ENTRY|[22]||System.UserInfo.getUserId()
00:54:54.0 (10963102)|METHOD_EXIT|[22]||System.UserInfo.getUserId()
00:54:54.0 (10979630)|HEAP_ALLOCATE|[22]|Bytes:4
00:54:54.0 (10990313)|SYSTEM_METHOD_ENTRY|[22]|CommunityProdController.__sfdc_currentUserId(Id)
00:54:54.0 (11026553)|VARIABLE_ASSIGNMENT|[EXTERNAL]|this|{}|0x48f1c8c1
00:54:54.0 (11244403)|VARIABLE_ASSIGNMENT|[EXTERNAL]|value|"00524000005uNfKAAU"
00:54:54.0 (11313595)|VARIABLE_ASSIGNMENT|[15]|this.currentUserId|"00524000005uNfKAAU"|0x48f1c8c1
00:54:54.0 (11321966)|SYSTEM_METHOD_EXIT|[22]|CommunityProdController.__sfdc_currentUserId(Id)
00:54:54.0 (11325840)|STATEMENT_EXECUTE|[23]
00:54:54.0 (11329095)|HEAP_ALLOCATE|[23]|Bytes:105
00:54:54.0 (11336948)|HEAP_ALLOCATE|[23]|Bytes:4
00:54:54.0 (11344204)|HEAP_ALLOCATE|[23]|Bytes:7
00:54:54.0 (11350537)|SYSTEM_METHOD_ENTRY|[23]|CommunityProdController.__sfdc_currentUserId()
00:54:54.0 (11485956)|VARIABLE_ASSIGNMENT|[EXTERNAL]|this|{"currentUserId":"00524000005uNfKAAU"}|0x48f1c8c1
00:54:54.0 (11494320)|SYSTEM_METHOD_EXIT|[23]|CommunityProdController.__sfdc_currentUserId()
00:54:54.0 (12514388)|SOQL_EXECUTE_BEGIN|[23]|Aggregations:0|SELECT id, name, firstname, lastname, contactid, fullphotourl, phone, email FROM user WHERE id = :tmpVar1
00:54:54.0 (12524813)|LIMIT_USAGE|[23]|SOQL|1|100
00:54:54.0 (12533575)|LIMIT_USAGE|[23]|AGGS|0|300
00:54:54.0 (18647904)|SOQL_EXECUTE_END|[23]|Rows:1
00:54:54.0 (18654620)|LIMIT_USAGE|[23]|SOQL_ROWS|1|50000
00:54:54.0 (18668208)|HEAP_ALLOCATE|[23]|Bytes:8
00:54:54.0 (18684501)|HEAP_ALLOCATE|[23]|Bytes:183
00:54:54.0 (18741891)|HEAP_ALLOCATE|[23]|Bytes:8
00:54:54.0 (18755725)|HEAP_ALLOCATE|[23]|Bytes:30
00:54:54.0 (18813163)|HEAP_ALLOCATE|[23]|Bytes:28
00:54:54.0 (18826863)|SYSTEM_METHOD_ENTRY|[23]|CommunityProdController.__sfdc_currentUser(User)
00:54:54.0 (18970372)|VARIABLE_ASSIGNMENT|[EXTERNAL]|this|{"currentUserId":"00524000005uNfKAAU"}|0x48f1c8c1
00:54:54.0 (18988708)|VARIABLE_ASSIGNMENT|[EXTERNAL]|value|{"Id":"00524000005uNfKAAU","Name":"Neela SN","FirstName":"Neela","LastName":"SN","FullPhotoUrl":"https://c.cs88.conte (43 more) ...","Email":"neela@lightful.com"}|0x29a7e153
00:54:54.0 (19003232)|VARIABLE_ASSIGNMENT|[16]|this.currentUser|{"Id":"00524000005uNfKAAU","Name":"Neela SN","FirstName":"Neela","LastName":"SN","FullPhotoUrl":"https://c.cs88.conte (43 more) ...","Email":"neela@lightful.com"}|0x48f1c8c1
00:54:54.0 (19010820)|SYSTEM_METHOD_EXIT|[23]|CommunityProdController.__sfdc_currentUser(User)
00:54:54.0 (19018571)|SYSTEM_METHOD_ENTRY|[26]|CommunityProdController.__sfdc_currentUser()
00:54:54.0 (19146450)|VARIABLE_ASSIGNMENT|[EXTERNAL]|this|{"currentUser":"0x29a7e153","currentUserId":"00524000005uNfKAAU"}|0x48f1c8c1
00:54:54.0 (19154737)|SYSTEM_METHOD_EXIT|[26]|CommunityProdController.__sfdc_currentUser()
00:54:54.0 (19166715)|STATEMENT_EXECUTE|[29]
00:54:54.0 (19193647)|HEAP_ALLOCATE|[29]|Bytes:4
00:54:54.0 (19296522)|SYSTEM_METHOD_ENTRY|[29]|CommunityProdController.__sfdc_con(Contact)
00:54:54.0 (19426149)|VARIABLE_ASSIGNMENT|[EXTERNAL]|this|{"currentUser":"0x29a7e153","currentUserId":"00524000005uNfKAAU"}|0x48f1c8c1
00:54:54.0 (19436450)|VARIABLE_ASSIGNMENT|[EXTERNAL]|value|{}|0x207cabbe
00:54:54.0 (19443923)|VARIABLE_ASSIGNMENT|[17]|this.con|{}|0x48f1c8c1
00:54:54.0 (19449385)|SYSTEM_METHOD_EXIT|[29]|CommunityProdController.__sfdc_con(Contact)
00:54:54.0 (19452829)|STATEMENT_EXECUTE|[31]
00:54:54.0 (19456158)|HEAP_ALLOCATE|[31]|Bytes:220
00:54:54.0 (19461877)|HEAP_ALLOCATE|[31]|Bytes:4
00:54:54.0 (19894390)|SOQL_EXECUTE_BEGIN|[31]|Aggregations:0|SELECT Description, Id, IsActive, Name, DisplayUrl, ProductCode, CommunityProdDetail__c, DisplayOnCommunity__c FROM Product2 WHERE (isActive = TRUE AND DisplayOnCommunity__c = TRUE) ORDER BY name ASC NULLS FIRST LIMIT 10
00:54:54.0 (19902083)|LIMIT_USAGE|[31]|SOQL|2|100
00:54:54.0 (19908388)|LIMIT_USAGE|[31]|AGGS|0|300
00:54:54.0 (24033922)|SOQL_EXECUTE_END|[31]|Rows:8
00:54:54.0 (24040250)|LIMIT_USAGE|[31]|SOQL_ROWS|9|50000
00:54:54.0 (24052012)|HEAP_ALLOCATE|[31]|Bytes:36
00:54:54.0 (24070419)|HEAP_ALLOCATE|[31]|Bytes:1616
00:54:54.0 (24109577)|HEAP_ALLOCATE|[31]|Bytes:36
00:54:54.0 (24127769)|SYSTEM_METHOD_ENTRY|[31]|CommunityProdController.__sfdc_prodList(List<Product2>)
00:54:54.0 (24270682)|VARIABLE_ASSIGNMENT|[EXTERNAL]|this|{"con":"0x207cabbe","currentUser":"0x29a7e153","currentUserId":"00524000005uNfKAAU"}|0x48f1c8c1
00:54:54.0 (24283596)|VARIABLE_ASSIGNMENT|[EXTERNAL]|value|"List of size 8 too large to display"|0x499e3cbd
00:54:54.0 (24293941)|VARIABLE_ASSIGNMENT|[4]|this.prodList|"List of size 8 too large to display"|0x48f1c8c1
00:54:54.0 (24300083)|SYSTEM_METHOD_EXIT|[31]|CommunityProdController.__sfdc_prodList(List<Product2>)
00:54:54.0 (24303723)|STATEMENT_EXECUTE|[33]
00:54:54.0 (24370912)|HEAP_ALLOCATE|[33]|Bytes:4
00:54:54.0 (24408424)|SYSTEM_METHOD_ENTRY|[33]|CommunityProdController.__sfdc_prod_pbEntry(Map<Id,PricebookEntry>)
00:54:54.0 (24553015)|VARIABLE_ASSIGNMENT|[EXTERNAL]|this|{"con":"0x207cabbe","currentUser":"0x29a7e153","currentUserId":"00524000005uNfKAAU","prodList":"0x499e3cbd"}|0x48f1c8c1
00:54:54.0 (24563961)|VARIABLE_ASSIGNMENT|[EXTERNAL]|value|{}|0x41614c8c
00:54:54.0 (24572813)|VARIABLE_ASSIGNMENT|[6]|this.prod_pbEntry|{}|0x48f1c8c1
00:54:54.0 (24578828)|SYSTEM_METHOD_EXIT|[33]|CommunityProdController.__sfdc_prod_pbEntry(Map<Id,PricebookEntry>)
00:54:54.0 (24582126)|STATEMENT_EXECUTE|[34]
00:54:54.0 (24587488)|HEAP_ALLOCATE|[34]|Bytes:4
00:54:54.0 (24620715)|SYSTEM_CONSTRUCTOR_ENTRY|[34]|<init>()
00:54:54.0 (24638279)|SYSTEM_CONSTRUCTOR_EXIT|[34]|<init>()
00:54:54.0 (24647691)|SYSTEM_METHOD_ENTRY|[34]|CommunityProdController.__sfdc_prodListDisp(List<Product2>)
00:54:54.0 (24780623)|VARIABLE_ASSIGNMENT|[EXTERNAL]|this|{"con":"0x207cabbe","currentUser":"0x29a7e153","currentUserId":"00524000005uNfKAAU","prod_pbEntry":"0x41614c8c","prodList":"0x499e3cbd"}|0x48f1c8c1
00:54:54.0 (24787680)|HEAP_ALLOCATE|[EXTERNAL]|Bytes:4
00:54:54.0 (24793956)|VARIABLE_ASSIGNMENT|[EXTERNAL]|value|[]|0x38b46b28
00:54:54.0 (24801597)|VARIABLE_ASSIGNMENT|[5]|this.prodListDisp|[]|0x48f1c8c1
00:54:54.0 (24806664)|SYSTEM_METHOD_EXIT|[34]|CommunityProdController.__sfdc_prodListDisp(List<Product2>)
00:54:54.0 (24815383)|SYSTEM_METHOD_ENTRY|[37]|CommunityProdController.__sfdc_prodList()
00:54:54.0 (24943492)|VARIABLE_ASSIGNMENT|[EXTERNAL]|this|{"con":"0x207cabbe","currentUser":"0x29a7e153","currentUserId":"00524000005uNfKAAU","prod_pbEntry":"0x41614c8c","prodList":"0x499e3cbd","prodListDisp":"0x38b46b28"}|0x48f1c8c1
00:54:54.0 (24951677)|SYSTEM_METHOD_EXIT|[37]|CommunityProdController.__sfdc_prodList()
00:54:54.0 (24959809)|SYSTEM_METHOD_ENTRY|[37]|List<Product2>.iterator()
00:54:54.0 (25046799)|SYSTEM_METHOD_EXIT|[37]|List<Product2>.iterator()
00:54:54.0 (25064761)|SYSTEM_METHOD_ENTRY|[37]|system.ListIterator.hasNext()
00:54:54.0 (25076618)|HEAP_ALLOCATE|[37]|Bytes:5
00:54:54.0 (25081831)|SYSTEM_METHOD_EXIT|[37]|system.ListIterator.hasNext()
00:54:54.0 (25114403)|HEAP_ALLOCATE|[37]|Bytes:28
00:54:54.0 (25123509)|VARIABLE_SCOPE_BEGIN|[37]|p|Product2|true|false
00:54:54.0 (25147589)|VARIABLE_ASSIGNMENT|[37]|p|{"Id":"01t24000002t81MAAQ","IsActive":true,"Name":"First Partners - Don (5 more) ...","ProductCode":"FPD3D200","CommunityProdDetail_ (2 more) ...":"\u003Ca href=\"http://test (80 more) ...","DisplayOnCommunity__ (1 more) ...":true}|0x60d01c79
00:54:54.0 (25152980)|STATEMENT_EXECUTE|[38]
00:54:54.0 (25154342)|STATEMENT_EXECUTE|[39]
00:54:54.0 (25157209)|HEAP_ALLOCATE|[39]|Bytes:182
00:54:54.0 (25162826)|HEAP_ALLOCATE|[39]|Bytes:4
00:54:54.0 (25509378)|SOQL_EXECUTE_BEGIN|[39]|Aggregations:0|SELECT Id, IsActive, IsDeleted, Name, Pricebook2Id, Product2Id, ProductCode, UnitPrice, UseStandardPrice FROM PricebookEntry WHERE (Product2Id = :tmpVar1 AND isActive = TRUE) LIMIT 1
00:54:54.0 (25515478)|LIMIT_USAGE|[39]|SOQL|3|100
00:54:54.0 (25521086)|LIMIT_USAGE|[39]|AGGS|0|300
00:54:54.0 (28223658)|SOQL_EXECUTE_END|[39]|Rows:1
00:54:54.0 (28229587)|LIMIT_USAGE|[39]|SOQL_ROWS|10|50000
00:54:54.0 (28240272)|HEAP_ALLOCATE|[39]|Bytes:8
00:54:54.0 (28254301)|HEAP_ALLOCATE|[39]|Bytes:257
00:54:54.0 (28289646)|HEAP_ALLOCATE|[39]|Bytes:8
00:54:54.0 (28306189)|SYSTEM_METHOD_ENTRY|[39]|CommunityProdController.__sfdc_pbEntry(List<PricebookEntry>)
00:54:54.0 (28451595)|VARIABLE_ASSIGNMENT|[EXTERNAL]|this|{"con":"0x207cabbe","currentUser":"0x29a7e153","currentUserId":"00524000005uNfKAAU","prod_pbEntry":"0x41614c8c","prodList":"0x499e3cbd","prodListDisp":"0x38b46b28"}|0x48f1c8c1
00:54:54.0 (28475225)|VARIABLE_ASSIGNMENT|[EXTERNAL]|value|[{"Id":"01u24000002VVBTAA4","IsActive":true,"IsDeleted":false,"Name":"First Partners - Don (5 more) ...","Pricebook2Id":"01s24000003Olw1AAC","Product2Id":"01t24000002t81MAAQ","ProductCode":"FPD3D200","UnitPrice":200.00,"UseStandardPrice":false}]|0x5cf0379
00:54:54.0 (28492499)|VARIABLE_ASSIGNMENT|[7]|this.pbEntry|[{"Id":"01u24000002VVBTAA4","IsActive":true,"IsDeleted":false,"Name":"First Partners - Don (5 more) ...","Pricebook2Id":"01s24000003Olw1AAC","Product2Id":"01t24000002t81MAAQ","ProductCode":"FPD3D200","UnitPrice":200.00,"UseStandardPrice":false}]|0x48f1c8c1
00:54:54.0 (28500621)|SYSTEM_METHOD_EXIT|[39]|CommunityProdController.__sfdc_pbEntry(List<PricebookEntry>)
00:54:54.0 (28508023)|SYSTEM_METHOD_ENTRY|[41]|CommunityProdController.__sfdc_pbEntry()
00:54:54.0 (28645178)|VARIABLE_ASSIGNMENT|[EXTERNAL]|this|{"con":"0x207cabbe","currentUser":"0x29a7e153","currentUserId":"00524000005uNfKAAU","pbEntry":"0x5cf0379","prod_pbEntry":"0x41614c8c","prodList":"0x499e3cbd","prodListDisp":"0x38b46b28"}|0x48f1c8c1
00:54:54.0 (28654091)|SYSTEM_METHOD_EXIT|[41]|CommunityProdController.__sfdc_pbEntry()
00:54:54.0 (28683191)|SYSTEM_METHOD_ENTRY|[41]|List<PricebookEntry>.size()
00:54:54.0 (28688610)|SYSTEM_METHOD_EXIT|[41]|List<PricebookEntry>.size()
00:54:54.0 (28695001)|STATEMENT_EXECUTE|[42]
00:54:54.0 (28696528)|STATEMENT_EXECUTE|[43]
00:54:54.0 (28701467)|SYSTEM_METHOD_ENTRY|[43]|CommunityProdController.__sfdc_prod_pbEntry()
00:54:54.0 (28839990)|VARIABLE_ASSIGNMENT|[EXTERNAL]|this|{"con":"0x207cabbe","currentUser":"0x29a7e153","currentUserId":"00524000005uNfKAAU","pbEntry":"0x5cf0379","prod_pbEntry":"0x41614c8c","prodList":"0x499e3cbd","prodListDisp":"0x38b46b28"}|0x48f1c8c1
00:54:54.0 (28848199)|SYSTEM_METHOD_EXIT|[43]|CommunityProdController.__sfdc_prod_pbEntry()
00:54:54.0 (28859192)|SYSTEM_METHOD_ENTRY|[43]|CommunityProdController.__sfdc_pbEntry()
00:54:54.0 (28978119)|VARIABLE_ASSIGNMENT|[EXTERNAL]|this|{"con":"0x207cabbe","currentUser":"0x29a7e153","currentUserId":"00524000005uNfKAAU","pbEntry":"0x5cf0379","prod_pbEntry":"0x41614c8c","prodList":"0x499e3cbd","prodListDisp":"0x38b46b28"}|0x48f1c8c1
00:54:54.0 (28985886)|SYSTEM_METHOD_EXIT|[43]|CommunityProdController.__sfdc_pbEntry()
00:54:54.0 (29017895)|HEAP_ALLOCATE|[43]|Bytes:40
00:54:54.0 (29050095)|SYSTEM_METHOD_ENTRY|[43]|Map<Id,PricebookEntry>.put(Object, Object)
00:54:54.0 (29057982)|HEAP_ALLOCATE|[EXTERNAL]|Bytes:-4
00:54:54.0 (29067085)|SYSTEM_METHOD_EXIT|[43]|Map<Id,PricebookEntry>.put(Object, Object)
00:54:54.0 (29070005)|STATEMENT_EXECUTE|[44]
00:54:54.0 (29076338)|SYSTEM_METHOD_ENTRY|[44]|CommunityProdController.__sfdc_prodListDisp()
00:54:54.0 (29210453)|VARIABLE_ASSIGNMENT|[EXTERNAL]|this|{"con":"0x207cabbe","currentUser":"0x29a7e153","currentUserId":"00524000005uNfKAAU","pbEntry":"0x5cf0379","prod_pbEntry":"0x41614c8c","prodList":"0x499e3cbd","prodListDisp":"0x38b46b28"}|0x48f1c8c1
00:54:54.0 (29218880)|SYSTEM_METHOD_EXIT|[44]|CommunityProdController.__sfdc_prodListDisp()
00:54:54.0 (29231873)|SYSTEM_METHOD_ENTRY|[44]|List<Product2>.add(Object)
00:54:54.0 (29238264)|HEAP_ALLOCATE|[EXTERNAL]|Bytes:4
00:54:54.0 (29244478)|SYSTEM_METHOD_EXIT|[44]|List<Product2>.add(Object)
00:54:54.0 (29248029)|STATEMENT_EXECUTE|[59]
00:54:54.0 (29251953)|SYSTEM_METHOD_ENTRY|[59]|CommunityProdController.__sfdc_pbEntry()
00:54:54.0 (29379560)|VARIABLE_ASSIGNMENT|[EXTERNAL]|this|{"con":"0x207cabbe","currentUser":"0x29a7e153","currentUserId":"00524000005uNfKAAU","pbEntry":"0x5cf0379","prod_pbEntry":"0x41614c8c","prodList":"0x499e3cbd","prodListDisp":"0x38b46b28"}|0x48f1c8c1
00:54:54.0 (29386703)|SYSTEM_METHOD_EXIT|[59]|CommunityProdController.__sfdc_pbEntry()
00:54:54.0 (29392950)|SYSTEM_METHOD_ENTRY|[59]|List<PricebookEntry>.clear()
00:54:54.0 (29396800)|SYSTEM_METHOD_EXIT|[59]|List<PricebookEntry>.clear()
00:54:54.0 (29402133)|SYSTEM_METHOD_ENTRY|[37]|system.ListIterator.hasNext()
00:54:54.0 (29409458)|HEAP_ALLOCATE|[37]|Bytes:5
00:54:54.0 (29413760)|SYSTEM_METHOD_EXIT|[37]|system.ListIterator.hasNext()
00:54:54.0 (29434074)|HEAP_ALLOCATE|[37]|Bytes:28
00:54:54.0 (29442038)|VARIABLE_SCOPE_BEGIN|[37]|p|Product2|true|false
00:54:54.0 (29457833)|VARIABLE_ASSIGNMENT|[37]|p|{"Description":"This is for First Pa (75 more) ...","Id":"01t24000002t6w2AAA","IsActive":true,"Name":"First Partners - Ful (9 more) ...","ProductCode":"FPFL12000","DisplayOnCommunity__ (1 more) ...":true}|0x57d2905d
00:54:54.0 (29461289)|STATEMENT_EXECUTE|[38]
00:54:54.0 (29465152)|STATEMENT_EXECUTE|[39]
00:54:54.0 (29469124)|HEAP_ALLOCATE|[39]|Bytes:4
00:54:54.0 (29693776)|SOQL_EXECUTE_BEGIN|[39]|Aggregations:0|SELECT Id, IsActive, IsDeleted, Name, Pricebook2Id, Product2Id, ProductCode, UnitPrice, UseStandardPrice FROM PricebookEntry WHERE (Product2Id = :tmpVar1 AND isActive = TRUE) LIMIT 1
00:54:54.0 (29699430)|LIMIT_USAGE|[39]|SOQL|4|100
00:54:54.0 (29705398)|LIMIT_USAGE|[39]|AGGS|0|300
00:54:54.0 (31931180)|SOQL_EXECUTE_END|[39]|Rows:1
00:54:54.0 (31936877)|LIMIT_USAGE|[39]|SOQL_ROWS|11|50000
00:54:54.0 (31946819)|HEAP_ALLOCATE|[39]|Bytes:8
00:54:54.0 (31959365)|HEAP_ALLOCATE|[39]|Bytes:262
00:54:54.0 (31972048)|HEAP_ALLOCATE|[39]|Bytes:8
00:54:54.0 (31984889)|SYSTEM_METHOD_ENTRY|[39]|CommunityProdController.__sfdc_pbEntry(List<PricebookEntry>)
00:54:54.0 (32131451)|VARIABLE_ASSIGNMENT|[EXTERNAL]|this|{"con":"0x207cabbe","currentUser":"0x29a7e153","currentUserId":"00524000005uNfKAAU","pbEntry":"0x5cf0379","prod_pbEntry":"0x41614c8c","prodList":"0x499e3cbd","prodListDisp":"0x38b46b28"}|0x48f1c8c1
00:54:54.0 (32151112)|VARIABLE_ASSIGNMENT|[EXTERNAL]|value|[{"Id":"01u24000002VUygAAG","IsActive":true,"IsDeleted":false,"Name":"First Partners - Ful (9 more) ...","Pricebook2Id":"01s24000003Olw1AAC","Product2Id":"01t24000002t6w2AAA","ProductCode":"FPFL12000","UnitPrice":1200.00,"UseStandardPrice":false}]|0x46f6b9ed
00:54:54.0 (32166286)|VARIABLE_ASSIGNMENT|[7]|this.pbEntry|[{"Id":"01u24000002VUygAAG","IsActive":true,"IsDeleted":false,"Name":"First Partners - Ful (9 more) ...","Pricebook2Id":"01s24000003Olw1AAC","Product2Id":"01t24000002t6w2AAA","ProductCode":"FPFL12000","UnitPrice":1200.00,"UseStandardPrice":false}]|0x48f1c8c1
00:54:54.0 (32173509)|SYSTEM_METHOD_EXIT|[39]|CommunityProdController.__sfdc_pbEntry(List<PricebookEntry>)
00:54:54.0 (32178662)|SYSTEM_METHOD_ENTRY|[41]|CommunityProdController.__sfdc_pbEntry()
00:54:54.0 (32301413)|VARIABLE_ASSIGNMENT|[EXTERNAL]|this|{"con":"0x207cabbe","currentUser":"0x29a7e153","currentUserId":"00524000005uNfKAAU","pbEntry":"0x46f6b9ed","prod_pbEntry":"0x41614c8c","prodList":"0x499e3cbd","prodListDisp":"0x38b46b28"}|0x48f1c8c1
00:54:54.0 (32309830)|SYSTEM_METHOD_EXIT|[41]|CommunityProdController.__sfdc_pbEntry()
00:54:54.0 (32315749)|SYSTEM_METHOD_ENTRY|[41]|List<PricebookEntry>.size()
00:54:54.0 (32319663)|SYSTEM_METHOD_EXIT|[41]|List<PricebookEntry>.size()
00:54:54.0 (32323712)|STATEMENT_EXECUTE|[42]
00:54:54.0 (32325093)|STATEMENT_EXECUTE|[43]
00:54:54.0 (32327953)|SYSTEM_METHOD_ENTRY|[43]|CommunityProdController.__sfdc_prod_pbEntry()
00:54:54.0 (32446330)|VARIABLE_ASSIGNMENT|[EXTERNAL]|this|{"con":"0x207cabbe","currentUser":"0x29a7e153","currentUserId":"00524000005uNfKAAU","pbEntry":"0x46f6b9ed","prod_pbEntry":"0x41614c8c","prodList":"0x499e3cbd","prodListDisp":"0x38b46b28"}|0x48f1c8c1
00:54:54.0 (32453700)|SYSTEM_METHOD_EXIT|[43]|CommunityProdController.__sfdc_prod_pbEntry()
00:54:54.0 (32462962)|SYSTEM_METHOD_ENTRY|[43]|CommunityProdController.__sfdc_pbEntry()
00:54:54.0 (32582769)|VARIABLE_ASSIGNMENT|[EXTERNAL]|this|{"con":"0x207cabbe","currentUser":"0x29a7e153","currentUserId":"00524000005uNfKAAU","pbEntry":"0x46f6b9ed","prod_pbEntry":"0x41614c8c","prodList":"0x499e3cbd","prodListDisp":"0x38b46b28"}|0x48f1c8c1
00:54:54.0 (32589676)|SYSTEM_METHOD_EXIT|[43]|CommunityProdController.__sfdc_pbEntry()
00:54:54.0 (32609400)|HEAP_ALLOCATE|[43]|Bytes:40
00:54:54.0 (32628866)|SYSTEM_METHOD_ENTRY|[43]|Map<Id,PricebookEntry>.put(Object, Object)
00:54:54.0 (32633827)|HEAP_ALLOCATE|[EXTERNAL]|Bytes:-4
00:54:54.0 (32641987)|SYSTEM_METHOD_EXIT|[43]|Map<Id,PricebookEntry>.put(Object, Object)
00:54:54.0 (32644649)|STATEMENT_EXECUTE|[44]
00:54:54.0 (32647722)|SYSTEM_METHOD_ENTRY|[44]|CommunityProdController.__sfdc_prodListDisp()
00:54:54.0 (32777165)|VARIABLE_ASSIGNMENT|[EXTERNAL]|this|{"con":"0x207cabbe","currentUser":"0x29a7e153","currentUserId":"00524000005uNfKAAU","pbEntry":"0x46f6b9ed","prod_pbEntry":"0x41614c8c","prodList":"0x499e3cbd","prodListDisp":"0x38b46b28"}|0x48f1c8c1
00:54:54.0 (32784044)|SYSTEM_METHOD_EXIT|[44]|CommunityProdController.__sfdc_prodListDisp()
00:54:54.0 (32795255)|SYSTEM_METHOD_ENTRY|[44]|List<Product2>.add(Object)
00:54:54.0 (32799537)|HEAP_ALLOCATE|[EXTERNAL]|Bytes:4
00:54:54.0 (32804946)|SYSTEM_METHOD_EXIT|[44]|List<Product2>.add(Object)
00:54:54.0 (32807911)|STATEMENT_EXECUTE|[59]
00:54:54.0 (32810647)|SYSTEM_METHOD_ENTRY|[59]|CommunityProdController.__sfdc_pbEntry()
00:54:54.0 (32932516)|VARIABLE_ASSIGNMENT|[EXTERNAL]|this|{"con":"0x207cabbe","currentUser":"0x29a7e153","currentUserId":"00524000005uNfKAAU","pbEntry":"0x46f6b9ed","prod_pbEntry":"0x41614c8c","prodList":"0x499e3cbd","prodListDisp":"0x38b46b28"}|0x48f1c8c1
00:54:54.0 (32938914)|SYSTEM_METHOD_EXIT|[59]|CommunityProdController.__sfdc_pbEntry()
00:54:54.0 (32943577)|SYSTEM_METHOD_ENTRY|[59]|List<PricebookEntry>.clear()
00:54:54.0 (32947151)|SYSTEM_METHOD_EXIT|[59]|List<PricebookEntry>.clear()
00:54:54.0 (32951810)|SYSTEM_METHOD_ENTRY|[37]|system.ListIterator.hasNext()
00:54:54.0 (32958587)|HEAP_ALLOCATE|[37]|Bytes:5
00:54:54.0 (32962816)|SYSTEM_METHOD_EXIT|[37]|system.ListIterator.hasNext()
00:54:54.0 (32982750)|HEAP_ALLOCATE|[37]|Bytes:24
00:54:54.0 (32990443)|VARIABLE_SCOPE_BEGIN|[37]|p|Product2|true|false
00:54:54.0 (33004194)|VARIABLE_ASSIGNMENT|[37]|p|{"Id":"01t24000002t7sxAAA","IsActive":true,"Name":"First Partners - Ini (36 more) ...","ProductCode":"FPSFHC-PB","DisplayOnCommunity__ (1 more) ...":true}|0x6853844c
00:54:54.0 (33007848)|STATEMENT_EXECUTE|[38]
00:54:54.0 (33009034)|STATEMENT_EXECUTE|[39]
00:54:54.0 (33012959)|HEAP_ALLOCATE|[39]|Bytes:4
00:54:54.0 (33228818)|SOQL_EXECUTE_BEGIN|[39]|Aggregations:0|SELECT Id, IsActive, IsDeleted, Name, Pricebook2Id, Product2Id, ProductCode, UnitPrice, UseStandardPrice FROM PricebookEntry WHERE (Product2Id = :tmpVar1 AND isActive = TRUE) LIMIT 1
00:54:54.0 (33235066)|LIMIT_USAGE|[39]|SOQL|5|100
00:54:54.0 (33241081)|LIMIT_USAGE|[39]|AGGS|0|300
00:54:54.0 (35336028)|SOQL_EXECUTE_END|[39]|Rows:1
00:54:54.0 (35341964)|LIMIT_USAGE|[39]|SOQL_ROWS|12|50000
00:54:54.0 (35351817)|HEAP_ALLOCATE|[39]|Bytes:8
00:54:54.0 (35364736)|HEAP_ALLOCATE|[39]|Bytes:289
00:54:54.0 (35377206)|HEAP_ALLOCATE|[39]|Bytes:8
00:54:54.0 (35389825)|SYSTEM_METHOD_ENTRY|[39]|CommunityProdController.__sfdc_pbEntry(List<PricebookEntry>)
00:54:54.0 (35536469)|VARIABLE_ASSIGNMENT|[EXTERNAL]|this|{"con":"0x207cabbe","currentUser":"0x29a7e153","currentUserId":"00524000005uNfKAAU","pbEntry":"0x46f6b9ed","prod_pbEntry":"0x41614c8c","prodList":"0x499e3cbd","prodListDisp":"0x38b46b28"}|0x48f1c8c1
00:54:54.0 (35555993)|VARIABLE_ASSIGNMENT|[EXTERNAL]|value|[{"Id":"01u24000002VVAuAAO","IsActive":true,"IsDeleted":false,"Name":"First Partners - Ini (36 more) ...","Pricebook2Id":"01s24000003Olw1AAC","Product2Id":"01t24000002t7sxAAA","ProductCode":"FPSFHC-PB","UnitPrice":0.00,"UseStandardPrice":false}]|0x25848117
00:54:54.0 (35571160)|VARIABLE_ASSIGNMENT|[7]|this.pbEntry|[{"Id":"01u24000002VVAuAAO","IsActive":true,"IsDeleted":false,"Name":"First Partners - Ini (36 more) ...","Pricebook2Id":"01s24000003Olw1AAC","Product2Id":"01t24000002t7sxAAA","ProductCode":"FPSFHC-PB","UnitPrice":0.00,"UseStandardPrice":false}]|0x48f1c8c1
00:54:54.0 (35581421)|SYSTEM_METHOD_EXIT|[39]|CommunityProdController.__sfdc_pbEntry(List<PricebookEntry>)
00:54:54.0 (35586602)|SYSTEM_METHOD_ENTRY|[41]|CommunityProdController.__sfdc_pbEntry()
00:54:54.0 (35713761)|VARIABLE_ASSIGNMENT|[EXTERNAL]|this|{"con":"0x207cabbe","currentUser":"0x29a7e153","currentUserId":"00524000005uNfKAAU","pbEntry":"0x25848117","prod_pbEntry":"0x41614c8c","prodList":"0x499e3cbd","prodListDisp":"0x38b46b28"}|0x48f1c8c1
00:54:54.0 (35722371)|SYSTEM_METHOD_EXIT|[41]|CommunityProdController.__sfdc_pbEntry()
00:54:54.0 (35728516)|SYSTEM_METHOD_ENTRY|[41]|List<PricebookEntry>.size()
00:54:54.0 (35732502)|SYSTEM_METHOD_EXIT|[41]|List<PricebookEntry>.size()
00:54:54.0 (35736724)|STATEMENT_EXECUTE|[42]
00:54:54.0 (35738068)|STATEMENT_EXECUTE|[43]
00:54:54.0 (35740834)|SYSTEM_METHOD_ENTRY|[43]|CommunityProdController.__sfdc_prod_pbEntry()
00:54:54.0 (35865220)|VARIABLE_ASSIGNMENT|[EXTERNAL]|this|{"con":"0x207cabbe","currentUser":"0x29a7e153","currentUserId":"00524000005uNfKAAU","pbEntry":"0x25848117","prod_pbEntry":"0x41614c8c","prodList":"0x499e3cbd","prodListDisp":"0x38b46b28"}|0x48f1c8c1
00:54:54.0 (35872557)|SYSTEM_METHOD_EXIT|[43]|CommunityProdController.__sfdc_prod_pbEntry()
00:54:54.0 (35881633)|SYSTEM_METHOD_ENTRY|[43]|CommunityProdController.__sfdc_pbEntry()
00:54:54.0 (35999336)|VARIABLE_ASSIGNMENT|[EXTERNAL]|this|{"con":"0x207cabbe","currentUser":"0x29a7e153","currentUserId":"00524000005uNfKAAU","pbEntry":"0x25848117","prod_pbEntry":"0x41614c8c","prodList":"0x499e3cbd","prodListDisp":"0x38b46b28"}|0x48f1c8c1
00:54:54.0 (36005572)|SYSTEM_METHOD_EXIT|[43]|CommunityProdController.__sfdc_pbEntry()
00:54:54.0 (36025639)|HEAP_ALLOCATE|[43]|Bytes:40
00:54:54.0 (36045387)|SYSTEM_METHOD_ENTRY|[43]|Map<Id,PricebookEntry>.put(Object, Object)
00:54:54.0 (36050646)|HEAP_ALLOCATE|[EXTERNAL]|Bytes:-4
00:54:54.0 (36058826)|SYSTEM_METHOD_EXIT|[43]|Map<Id,PricebookEntry>.put(Object, Object)
00:54:54.0 (36061603)|STATEMENT_EXECUTE|[44]
00:54:54.0 (36064950)|SYSTEM_METHOD_ENTRY|[44]|CommunityProdController.__sfdc_prodListDisp()
00:54:54.0 (36187674)|VARIABLE_ASSIGNMENT|[EXTERNAL]|this|{"con":"0x207cabbe","currentUser":"0x29a7e153","currentUserId":"00524000005uNfKAAU","pbEntry":"0x25848117","prod_pbEntry":"0x41614c8c","prodList":"0x499e3cbd","prodListDisp":"0x38b46b28"}|0x48f1c8c1
00:54:54.0 (36195044)|SYSTEM_METHOD_EXIT|[44]|CommunityProdController.__sfdc_prodListDisp()
00:54:54.0 (36206022)|SYSTEM_METHOD_ENTRY|[44]|List<Product2>.add(Object)
00:54:54.0 (36210217)|HEAP_ALLOCATE|[EXTERNAL]|Bytes:4
00:54:54.0 (36215762)|SYSTEM_METHOD_EXIT|[44]|List<Product2>.add(Object)
00:54:54.0 (36218259)|STATEMENT_EXECUTE|[59]
00:54:54.0 (36220863)|SYSTEM_METHOD_ENTRY|[59]|CommunityProdController.__sfdc_pbEntry()
00:54:54.0 (36338797)|VARIABLE_ASSIGNMENT|[EXTERNAL]|this|{"con":"0x207cabbe","currentUser":"0x29a7e153","currentUserId":"00524000005uNfKAAU","pbEntry":"0x25848117","prod_pbEntry":"0x41614c8c","prodList":"0x499e3cbd","prodListDisp":"0x38b46b28"}|0x48f1c8c1
00:54:54.0 (36345312)|SYSTEM_METHOD_EXIT|[59]|CommunityProdController.__sfdc_pbEntry()
00:54:54.0 (36349932)|SYSTEM_METHOD_ENTRY|[59]|List<PricebookEntry>.clear()
00:54:54.0 (36356062)|SYSTEM_METHOD_EXIT|[59]|List<PricebookEntry>.clear()
00:54:54.0 (36361122)|SYSTEM_METHOD_ENTRY|[37]|system.ListIterator.hasNext()
00:54:54.0 (36368121)|HEAP_ALLOCATE|[37]|Bytes:5
00:54:54.0 (36372215)|SYSTEM_METHOD_EXIT|[37]|system.ListIterator.hasNext()
00:54:54.0 (36391692)|HEAP_ALLOCATE|[37]|Bytes:24
00:54:54.0 (36399159)|VARIABLE_SCOPE_BEGIN|[37]|p|Product2|true|false
00:54:54.0 (36412721)|VARIABLE_ASSIGNMENT|[37]|p|{"Id":"01t24000002t7s9AAA","IsActive":true,"Name":"First Partners - Ini (33 more) ...","ProductCode":"FPSMI-PB","DisplayOnCommunity__ (1 more) ...":true}|0x3f6ee05e
00:54:54.0 (36415795)|STATEMENT_EXECUTE|[38]
00:54:54.0 (36416940)|STATEMENT_EXECUTE|[39]
00:54:54.0 (36421018)|HEAP_ALLOCATE|[39]|Bytes:4
00:54:54.0 (36633849)|SOQL_EXECUTE_BEGIN|[39]|Aggregations:0|SELECT Id, IsActive, IsDeleted, Name, Pricebook2Id, Product2Id, ProductCode, UnitPrice, UseStandardPrice FROM PricebookEntry WHERE (Product2Id = :tmpVar1 AND isActive = TRUE) LIMIT 1
00:54:54.0 (36639597)|LIMIT_USAGE|[39]|SOQL|6|100
00:54:54.0 (36645804)|LIMIT_USAGE|[39]|AGGS|0|300
00:54:54.0 (38711005)|SOQL_EXECUTE_END|[39]|Rows:1
00:54:54.0 (38716716)|LIMIT_USAGE|[39]|SOQL_ROWS|13|50000
00:54:54.0 (38726553)|HEAP_ALLOCATE|[39]|Bytes:8
00:54:54.0 (38739755)|HEAP_ALLOCATE|[39]|Bytes:285
00:54:54.0 (38756940)|HEAP_ALLOCATE|[39]|Bytes:8
00:54:54.0 (38769664)|SYSTEM_METHOD_ENTRY|[39]|CommunityProdController.__sfdc_pbEntry(List<PricebookEntry>)
00:54:54.0 (38916843)|VARIABLE_ASSIGNMENT|[EXTERNAL]|this|{"con":"0x207cabbe","currentUser":"0x29a7e153","currentUserId":"00524000005uNfKAAU","pbEntry":"0x25848117","prod_pbEntry":"0x41614c8c","prodList":"0x499e3cbd","prodListDisp":"0x38b46b28"}|0x48f1c8c1
00:54:54.0 (38935747)|VARIABLE_ASSIGNMENT|[EXTERNAL]|value|[{"Id":"01u24000002VVAQAA4","IsActive":true,"IsDeleted":false,"Name":"First Partners - Ini (33 more) ...","Pricebook2Id":"01s24000003Olw1AAC","Product2Id":"01t24000002t7s9AAA","ProductCode":"FPSMI-PB","UnitPrice":0.00,"UseStandardPrice":false}]|0x7395b957
00:54:54.0 (38951163)|VARIABLE_ASSIGNMENT|[7]|this.pbEntry|[{"Id":"01u24000002VVAQAA4","IsActive":true,"IsDeleted":false,"Name":"First Partners - Ini (33 more) ...","Pricebook2Id":"01s24000003Olw1AAC","Product2Id":"01t24000002t7s9AAA","ProductCode":"FPSMI-PB","UnitPrice":0.00,"UseStandardPrice":false}]|0x48f1c8c1
00:54:54.0 (38958282)|SYSTEM_METHOD_EXIT|[39]|CommunityProdController.__sfdc_pbEntry(List<PricebookEntry>)
00:54:54.0 (38963867)|SYSTEM_METHOD_ENTRY|[41]|CommunityProdController.__sfdc_pbEntry()
00:54:54.0 (39087611)|VARIABLE_ASSIGNMENT|[EXTERNAL]|this|{"con":"0x207cabbe","currentUser":"0x29a7e153","currentUserId":"00524000005uNfKAAU","pbEntry":"0x7395b957","prod_pbEntry":"0x41614c8c","prodList":"0x499e3cbd","prodListDisp":"0x38b46b28"}|0x48f1c8c1
00:54:54.0 (39096047)|SYSTEM_METHOD_EXIT|[41]|CommunityProdController.__sfdc_pbEntry()
00:54:54.0 (39101979)|SYSTEM_METHOD_ENTRY|[41]|List<PricebookEntry>.size()
00:54:54.0 (39105678)|SYSTEM_METHOD_EXIT|[41]|List<PricebookEntry>.size()
00:54:54.0 (39109740)|STATEMENT_EXECUTE|[42]
00:54:54.0 (39111107)|STATEMENT_EXECUTE|[43]
00:54:54.0 (39113880)|SYSTEM_METHOD_ENTRY|[43]|CommunityProdController.__sfdc_prod_pbEntry()
00:54:54.0 (39236943)|VARIABLE_ASSIGNMENT|[EXTERNAL]|this|{"con":"0x207cabbe","currentUser":"0x29a7e153","currentUserId":"00524000005uNfKAAU","pbEntry":"0x7395b957","prod_pbEntry":"0x41614c8c","prodList":"0x499e3cbd","prodListDisp":"0x38b46b28"}|0x48f1c8c1
00:54:54.0 (39244079)|SYSTEM_METHOD_EXIT|[43]|CommunityProdController.__sfdc_prod_pbEntry()
00:54:54.0 (39253809)|SYSTEM_METHOD_ENTRY|[43]|CommunityProdController.__sfdc_pbEntry()
00:54:54.0 (39371362)|VARIABLE_ASSIGNMENT|[EXTERNAL]|this|{"con":"0x207cabbe","currentUser":"0x29a7e153","currentUserId":"00524000005uNfKAAU","pbEntry":"0x7395b957","prod_pbEntry":"0x41614c8c","prodList":"0x499e3cbd","prodListDisp":"0x38b46b28"}|0x48f1c8c1
00:54:54.0 (39377760)|SYSTEM_METHOD_EXIT|[43]|CommunityProdController.__sfdc_pbEntry()
00:54:54.0 (39396694)|HEAP_ALLOCATE|[43]|Bytes:40
00:54:54.0 (39416574)|SYSTEM_METHOD_ENTRY|[43]|Map<Id,PricebookEntry>.put(Object, Object)
00:54:54.0 (39421743)|HEAP_ALLOCATE|[EXTERNAL]|Bytes:-4
00:54:54.0 (39429920)|SYSTEM_METHOD_EXIT|[43]|Map<Id,PricebookEntry>.put(Object, Object)
00:54:54.0 (39432497)|STATEMENT_EXECUTE|[44]
00:54:54.0 (39435720)|SYSTEM_METHOD_ENTRY|[44]|CommunityProdController.__sfdc_prodListDisp()
00:54:54.0 (39558281)|VARIABLE_ASSIGNMENT|[EXTERNAL]|this|{"con":"0x207cabbe","currentUser":"0x29a7e153","currentUserId":"00524000005uNfKAAU","pbEntry":"0x7395b957","prod_pbEntry":"0x41614c8c","prodList":"0x499e3cbd","prodListDisp":"0x38b46b28"}|0x48f1c8c1
00:54:54.0 (39566110)|SYSTEM_METHOD_EXIT|[44]|CommunityProdController.__sfdc_prodListDisp()
00:54:54.0 (39577069)|SYSTEM_METHOD_ENTRY|[44]|List<Product2>.add(Object)
00:54:54.0 (39581035)|HEAP_ALLOCATE|[EXTERNAL]|Bytes:4
00:54:54.0 (39586389)|SYSTEM_METHOD_EXIT|[44]|List<Product2>.add(Object)
00:54:54.0 (39589084)|STATEMENT_EXECUTE|[59]
00:54:54.0 (39591647)|SYSTEM_METHOD_ENTRY|[59]|CommunityProdController.__sfdc_pbEntry()
00:54:54.0 (39713659)|VARIABLE_ASSIGNMENT|[EXTERNAL]|this|{"con":"0x207cabbe","currentUser":"0x29a7e153","currentUserId":"00524000005uNfKAAU","pbEntry":"0x7395b957","prod_pbEntry":"0x41614c8c","prodList":"0x499e3cbd","prodListDisp":"0x38b46b28"}|0x48f1c8c1
00:54:54.0 (39720581)|SYSTEM_METHOD_EXIT|[59]|CommunityProdController.__sfdc_pbEntry()
00:54:54.0 (39725352)|SYSTEM_METHOD_ENTRY|[59]|List<PricebookEntry>.clear()
00:54:54.0 (39729001)|SYSTEM_METHOD_EXIT|[59]|List<PricebookEntry>.clear()
00:54:54.0 (39734108)|SYSTEM_METHOD_ENTRY|[37]|system.ListIterator.hasNext()
00:54:54.0 (39740815)|HEAP_ALLOCATE|[37]|Bytes:5
00:54:54.0 (39745140)|SYSTEM_METHOD_EXIT|[37]|system.ListIterator.hasNext()
00:54:54.0 (39769182)|HEAP_ALLOCATE|[37]|Bytes:24
00:54:54.0 (39776720)|VARIABLE_SCOPE_BEGIN|[37]|p|Product2|true|false
00:54:54.0 (39790786)|VARIABLE_ASSIGNMENT|[37]|p|{"Id":"01t24000002t7rpAAA","IsActive":true,"Name":"First Partners - Mon (23 more) ...","ProductCode":"FPMWS-PB","DisplayOnCommunity__ (1 more) ...":true}|0x5f3d001e
00:54:54.0 (39793912)|STATEMENT_EXECUTE|[38]
00:54:54.0 (39795037)|STATEMENT_EXECUTE|[39]
00:54:54.0 (39798982)|HEAP_ALLOCATE|[39]|Bytes:4
00:54:54.0 (40013288)|SOQL_EXECUTE_BEGIN|[39]|Aggregations:0|SELECT Id, IsActive, IsDeleted, Name, Pricebook2Id, Product2Id, ProductCode, UnitPrice, UseStandardPrice FROM PricebookEntry WHERE (Product2Id = :tmpVar1 AND isActive = TRUE) LIMIT 1
00:54:54.0 (40019618)|LIMIT_USAGE|[39]|SOQL|7|100
00:54:54.0 (40025545)|LIMIT_USAGE|[39]|AGGS|0|300
00:54:54.0 (42191902)|SOQL_EXECUTE_END|[39]|Rows:1
00:54:54.0 (42197515)|LIMIT_USAGE|[39]|SOQL_ROWS|14|50000
00:54:54.0 (42207435)|HEAP_ALLOCATE|[39]|Bytes:8
00:54:54.0 (42220431)|HEAP_ALLOCATE|[39]|Bytes:275
00:54:54.0 (42235354)|HEAP_ALLOCATE|[39]|Bytes:8
00:54:54.0 (42249270)|SYSTEM_METHOD_ENTRY|[39]|CommunityProdController.__sfdc_pbEntry(List<PricebookEntry>)
00:54:54.0 (42397503)|VARIABLE_ASSIGNMENT|[EXTERNAL]|this|{"con":"0x207cabbe","currentUser":"0x29a7e153","currentUserId":"00524000005uNfKAAU","pbEntry":"0x7395b957","prod_pbEntry":"0x41614c8c","prodList":"0x499e3cbd","prodListDisp":"0x38b46b28"}|0x48f1c8c1
00:54:54.0 (42419099)|VARIABLE_ASSIGNMENT|[EXTERNAL]|value|[{"Id":"01u24000002VVALAA4","IsActive":true,"IsDeleted":false,"Name":"First Partners - Mon (23 more) ...","Pricebook2Id":"01s24000003Olw1AAC","Product2Id":"01t24000002t7rpAAA","ProductCode":"FPMWS-PB","UnitPrice":0.00,"UseStandardPrice":false}]|0x45ef1608
00:54:54.0 (42434297)|VARIABLE_ASSIGNMENT|[7]|this.pbEntry|[{"Id":"01u24000002VVALAA4","IsActive":true,"IsDeleted":false,"Name":"First Partners - Mon (23 more) ...","Pricebook2Id":"01s24000003Olw1AAC","Product2Id":"01t24000002t7rpAAA","ProductCode":"FPMWS-PB","UnitPrice":0.00,"UseStandardPrice":false}]|0x48f1c8c1
00:54:54.0 (42442254)|SYSTEM_METHOD_EXIT|[39]|CommunityProdController.__sfdc_pbEntry(List<PricebookEntry>)
00:54:54.0 (42447325)|SYSTEM_METHOD_ENTRY|[41]|CommunityProdController.__sfdc_pbEntry()
00:54:54.0 (42574119)|VARIABLE_ASSIGNMENT|[EXTERNAL]|this|{"con":"0x207cabbe","currentUser":"0x29a7e153","currentUserId":"00524000005uNfKAAU","pbEntry":"0x45ef1608","prod_pbEntry":"0x41614c8c","prodList":"0x499e3cbd","prodListDisp":"0x38b46b28"}|0x48f1c8c1
00:54:54.0 (42581796)|SYSTEM_METHOD_EXIT|[41]|CommunityProdController.__sfdc_pbEntry()
00:54:54.0 (42587623)|SYSTEM_METHOD_ENTRY|[41]|List<PricebookEntry>.size()
00:54:54.0 (42591158)|SYSTEM_METHOD_EXIT|[41]|List<PricebookEntry>.size()
00:54:54.0 (42595573)|STATEMENT_EXECUTE|[42]
00:54:54.0 (42597090)|STATEMENT_EXECUTE|[43]
00:54:54.0 (42599872)|SYSTEM_METHOD_ENTRY|[43]|CommunityProdController.__sfdc_prod_pbEntry()
00:54:54.0 (42721815)|VARIABLE_ASSIGNMENT|[EXTERNAL]|this|{"con":"0x207cabbe","currentUser":"0x29a7e153","currentUserId":"00524000005uNfKAAU","pbEntry":"0x45ef1608","prod_pbEntry":"0x41614c8c","prodList":"0x499e3cbd","prodListDisp":"0x38b46b28"}|0x48f1c8c1
00:54:54.0 (42729321)|SYSTEM_METHOD_EXIT|[43]|CommunityProdController.__sfdc_prod_pbEntry()
00:54:54.0 (42738614)|SYSTEM_METHOD_ENTRY|[43]|CommunityProdController.__sfdc_pbEntry()
00:54:54.0 (42863269)|VARIABLE_ASSIGNMENT|[EXTERNAL]|this|{"con":"0x207cabbe","currentUser":"0x29a7e153","currentUserId":"00524000005uNfKAAU","pbEntry":"0x45ef1608","prod_pbEntry":"0x41614c8c","prodList":"0x499e3cbd","prodListDisp":"0x38b46b28"}|0x48f1c8c1
00:54:54.0 (42870079)|SYSTEM_METHOD_EXIT|[43]|CommunityProdController.__sfdc_pbEntry()
00:54:54.0 (42889955)|HEAP_ALLOCATE|[43]|Bytes:40
00:54:54.0 (42910419)|SYSTEM_METHOD_ENTRY|[43]|Map<Id,PricebookEntry>.put(Object, Object)
00:54:54.0 (42915269)|HEAP_ALLOCATE|[EXTERNAL]|Bytes:-4
00:54:54.0 (42923562)|SYSTEM_METHOD_EXIT|[43]|Map<Id,PricebookEntry>.put(Object, Object)
00:54:54.0 (42926502)|STATEMENT_EXECUTE|[44]
00:54:54.0 (42930239)|SYSTEM_METHOD_ENTRY|[44]|CommunityProdController.__sfdc_prodListDisp()
00:54:54.0 (43054322)|VARIABLE_ASSIGNMENT|[EXTERNAL]|this|{"con":"0x207cabbe","currentUser":"0x29a7e153","currentUserId":"00524000005uNfKAAU","pbEntry":"0x45ef1608","prod_pbEntry":"0x41614c8c","prodList":"0x499e3cbd","prodListDisp":"0x38b46b28"}|0x48f1c8c1
00:54:54.0 (43061721)|SYSTEM_METHOD_EXIT|[44]|CommunityProdController.__sfdc_prodListDisp()
00:54:54.0 (43072183)|SYSTEM_METHOD_ENTRY|[44]|List<Product2>.add(Object)
00:54:54.0 (43076308)|HEAP_ALLOCATE|[EXTERNAL]|Bytes:4
00:54:54.0 (43082077)|SYSTEM_METHOD_EXIT|[44]|List<Product2>.add(Object)
00:54:54.0 (43084755)|STATEMENT_EXECUTE|[59]
00:54:54.0 (43087329)|SYSTEM_METHOD_ENTRY|[59]|CommunityProdController.__sfdc_pbEntry()
00:54:54.0 (43206628)|VARIABLE_ASSIGNMENT|[EXTERNAL]|this|{"con":"0x207cabbe","currentUser":"0x29a7e153","currentUserId":"00524000005uNfKAAU","pbEntry":"0x45ef1608","prod_pbEntry":"0x41614c8c","prodList":"0x499e3cbd","prodListDisp":"0x38b46b28"}|0x48f1c8c1
00:54:54.0 (43213036)|SYSTEM_METHOD_EXIT|[59]|CommunityProdController.__sfdc_pbEntry()
00:54:54.0 (43218005)|SYSTEM_METHOD_ENTRY|[59]|List<PricebookEntry>.clear()
00:54:54.0 (43221291)|SYSTEM_METHOD_EXIT|[59]|List<PricebookEntry>.clear()
00:54:54.0 (43226058)|SYSTEM_METHOD_ENTRY|[37]|system.ListIterator.hasNext()
00:54:54.0 (43232897)|HEAP_ALLOCATE|[37]|Bytes:5
00:54:54.0 (43237072)|SYSTEM_METHOD_EXIT|[37]|system.ListIterator.hasNext()
00:54:54.0 (43256525)|HEAP_ALLOCATE|[37]|Bytes:28
00:54:54.0 (43264640)|VARIABLE_SCOPE_BEGIN|[37]|p|Product2|true|false
00:54:54.0 (43279711)|VARIABLE_ASSIGNMENT|[37]|p|{"Description":"This is for First Pa (75 more) ...","Id":"01t24000002t7jvAAA","IsActive":true,"Name":"First Partners - Mul (23 more) ...","ProductCode":"FPMSO600","DisplayOnCommunity__ (1 more) ...":true}|0x1cae23dc
00:54:54.0 (43282735)|STATEMENT_EXECUTE|[38]
00:54:54.0 (43283954)|STATEMENT_EXECUTE|[39]
00:54:54.0 (43287883)|HEAP_ALLOCATE|[39]|Bytes:4
00:54:54.0 (43505586)|SOQL_EXECUTE_BEGIN|[39]|Aggregations:0|SELECT Id, IsActive, IsDeleted, Name, Pricebook2Id, Product2Id, ProductCode, UnitPrice, UseStandardPrice FROM PricebookEntry WHERE (Product2Id = :tmpVar1 AND isActive = TRUE) LIMIT 1
00:54:54.0 (43510972)|LIMIT_USAGE|[39]|SOQL|8|100
00:54:54.0 (43516803)|LIMIT_USAGE|[39]|AGGS|0|300
00:54:54.0 (45650473)|SOQL_EXECUTE_END|[39]|Rows:1
00:54:54.0 (45656496)|LIMIT_USAGE|[39]|SOQL_ROWS|15|50000
00:54:54.0 (45666690)|HEAP_ALLOCATE|[39]|Bytes:8
00:54:54.0 (45679066)|HEAP_ALLOCATE|[39]|Bytes:275
00:54:54.0 (45691334)|HEAP_ALLOCATE|[39]|Bytes:8
00:54:54.0 (45704515)|SYSTEM_METHOD_ENTRY|[39]|CommunityProdController.__sfdc_pbEntry(List<PricebookEntry>)
00:54:54.0 (45859334)|VARIABLE_ASSIGNMENT|[EXTERNAL]|this|{"con":"0x207cabbe","currentUser":"0x29a7e153","currentUserId":"00524000005uNfKAAU","pbEntry":"0x45ef1608","prod_pbEntry":"0x41614c8c","prodList":"0x499e3cbd","prodListDisp":"0x38b46b28"}|0x48f1c8c1
00:54:54.0 (45878940)|VARIABLE_ASSIGNMENT|[EXTERNAL]|value|[{"Id":"01u24000002VV8yAAG","IsActive":true,"IsDeleted":false,"Name":"First Partners - Mul (23 more) ...","Pricebook2Id":"01s24000003Olw1AAC","Product2Id":"01t24000002t7jvAAA","ProductCode":"FPMSO600","UnitPrice":600.00,"UseStandardPrice":false}]|0x384a0a40
00:54:54.0 (45894861)|VARIABLE_ASSIGNMENT|[7]|this.pbEntry|[{"Id":"01u24000002VV8yAAG","IsActive":true,"IsDeleted":false,"Name":"First Partners - Mul (23 more) ...","Pricebook2Id":"01s24000003Olw1AAC","Product2Id":"01t24000002t7jvAAA","ProductCode":"FPMSO600","UnitPrice":600.00,"UseStandardPrice":false}]|0x48f1c8c1
00:54:54.0 (45902601)|SYSTEM_METHOD_EXIT|[39]|CommunityProdController.__sfdc_pbEntry(List<PricebookEntry>)
00:54:54.0 (45907898)|SYSTEM_METHOD_ENTRY|[41]|CommunityProdController.__sfdc_pbEntry()
00:54:54.0 (46033632)|VARIABLE_ASSIGNMENT|[EXTERNAL]|this|{"con":"0x207cabbe","currentUser":"0x29a7e153","currentUserId":"00524000005uNfKAAU","pbEntry":"0x384a0a40","prod_pbEntry":"0x41614c8c","prodList":"0x499e3cbd","prodListDisp":"0x38b46b28"}|0x48f1c8c1
00:54:54.0 (46042367)|SYSTEM_METHOD_EXIT|[41]|CommunityProdController.__sfdc_pbEntry()
00:54:54.0 (46048275)|SYSTEM_METHOD_ENTRY|[41]|List<PricebookEntry>.size()
00:54:54.0 (46052010)|SYSTEM_METHOD_EXIT|[41]|List<PricebookEntry>.size()
00:54:54.0 (46056226)|STATEMENT_EXECUTE|[42]
00:54:54.0 (46057598)|STATEMENT_EXECUTE|[43]
00:54:54.0 (46060353)|SYSTEM_METHOD_ENTRY|[43]|CommunityProdController.__sfdc_prod_pbEntry()
00:54:54.0 (46182243)|VARIABLE_ASSIGNMENT|[EXTERNAL]|this|{"con":"0x207cabbe","currentUser":"0x29a7e153","currentUserId":"00524000005uNfKAAU","pbEntry":"0x384a0a40","prod_pbEntry":"0x41614c8c","prodList":"0x499e3cbd","prodListDisp":"0x38b46b28"}|0x48f1c8c1
00:54:54.0 (46189594)|SYSTEM_METHOD_EXIT|[43]|CommunityProdController.__sfdc_prod_pbEntry()
00:54:54.0 (46198733)|SYSTEM_METHOD_ENTRY|[43]|CommunityProdController.__sfdc_pbEntry()
00:54:54.0 (46315779)|VARIABLE_ASSIGNMENT|[EXTERNAL]|this|{"con":"0x207cabbe","currentUser":"0x29a7e153","currentUserId":"00524000005uNfKAAU","pbEntry":"0x384a0a40","prod_pbEntry":"0x41614c8c","prodList":"0x499e3cbd","prodListDisp":"0x38b46b28"}|0x48f1c8c1
00:54:54.0 (46322293)|SYSTEM_METHOD_EXIT|[43]|CommunityProdController.__sfdc_pbEntry()
00:54:54.0 (46341658)|HEAP_ALLOCATE|[43]|Bytes:40
00:54:54.0 (46361539)|SYSTEM_METHOD_ENTRY|[43]|Map<Id,PricebookEntry>.put(Object, Object)
00:54:54.0 (46366829)|HEAP_ALLOCATE|[EXTERNAL]|Bytes:-4
00:54:54.0 (46375139)|SYSTEM_METHOD_EXIT|[43]|Map<Id,PricebookEntry>.put(Object, Object)
00:54:54.0 (46378261)|STATEMENT_EXECUTE|[44]
00:54:54.0 (46381623)|SYSTEM_METHOD_ENTRY|[44]|CommunityProdController.__sfdc_prodListDisp()
00:54:54.0 (46504906)|VARIABLE_ASSIGNMENT|[EXTERNAL]|this|{"con":"0x207cabbe","currentUser":"0x29a7e153","currentUserId":"00524000005uNfKAAU","pbEntry":"0x384a0a40","prod_pbEntry":"0x41614c8c","prodList":"0x499e3cbd","prodListDisp":"0x38b46b28"}|0x48f1c8c1
00:54:54.0 (46511828)|SYSTEM_METHOD_EXIT|[44]|CommunityProdController.__sfdc_prodListDisp()
00:54:54.0 (46522273)|SYSTEM_METHOD_ENTRY|[44]|List<Product2>.add(Object)
00:54:54.0 (46526443)|HEAP_ALLOCATE|[EXTERNAL]|Bytes:4
00:54:54.0 (46532044)|SYSTEM_METHOD_EXIT|[44]|List<Product2>.add(Object)
00:54:54.0 (46534627)|STATEMENT_EXECUTE|[59]
00:54:54.0 (46537083)|SYSTEM_METHOD_ENTRY|[59]|CommunityProdController.__sfdc_pbEntry()
00:54:54.0 (46655923)|VARIABLE_ASSIGNMENT|[EXTERNAL]|this|{"con":"0x207cabbe","currentUser":"0x29a7e153","currentUserId":"00524000005uNfKAAU","pbEntry":"0x384a0a40","prod_pbEntry":"0x41614c8c","prodList":"0x499e3cbd","prodListDisp":"0x38b46b28"}|0x48f1c8c1
00:54:54.0 (46663485)|SYSTEM_METHOD_EXIT|[59]|CommunityProdController.__sfdc_pbEntry()
00:54:54.0 (46668124)|SYSTEM_METHOD_ENTRY|[59]|List<PricebookEntry>.clear()
00:54:54.0 (46671495)|SYSTEM_METHOD_EXIT|[59]|List<PricebookEntry>.clear()
00:54:54.0 (46676522)|SYSTEM_METHOD_ENTRY|[37]|system.ListIterator.hasNext()
00:54:54.0 (46683374)|HEAP_ALLOCATE|[37]|Bytes:5
00:54:54.0 (46687686)|SYSTEM_METHOD_EXIT|[37]|system.ListIterator.hasNext()
00:54:54.0 (46707377)|HEAP_ALLOCATE|[37]|Bytes:24
00:54:54.0 (46714550)|VARIABLE_SCOPE_BEGIN|[37]|p|Product2|true|false
00:54:54.0 (46727911)|VARIABLE_ASSIGNMENT|[37]|p|{"Id":"01t24000002t7ssAAA","IsActive":true,"Name":"First Partners - Soc (21 more) ...","ProductCode":"FPSMC400","DisplayOnCommunity__ (1 more) ...":true}|0x682ba5e1
00:54:54.0 (46731279)|STATEMENT_EXECUTE|[38]
00:54:54.0 (46732422)|STATEMENT_EXECUTE|[39]
00:54:54.0 (46736374)|HEAP_ALLOCATE|[39]|Bytes:4
00:54:54.0 (46950914)|SOQL_EXECUTE_BEGIN|[39]|Aggregations:0|SELECT Id, IsActive, IsDeleted, Name, Pricebook2Id, Product2Id, ProductCode, UnitPrice, UseStandardPrice FROM PricebookEntry WHERE (Product2Id = :tmpVar1 AND isActive = TRUE) LIMIT 1
00:54:54.0 (46957272)|LIMIT_USAGE|[39]|SOQL|9|100
00:54:54.0 (46963206)|LIMIT_USAGE|[39]|AGGS|0|300
00:54:54.0 (49091322)|SOQL_EXECUTE_END|[39]|Rows:1
00:54:54.0 (49097068)|LIMIT_USAGE|[39]|SOQL_ROWS|16|50000
00:54:54.0 (49107245)|HEAP_ALLOCATE|[39]|Bytes:8
00:54:54.0 (49119917)|HEAP_ALLOCATE|[39]|Bytes:273
00:54:54.0 (49132978)|HEAP_ALLOCATE|[39]|Bytes:8
00:54:54.0 (49146075)|SYSTEM_METHOD_ENTRY|[39]|CommunityProdController.__sfdc_pbEntry(List<PricebookEntry>)
00:54:54.0 (49299705)|VARIABLE_ASSIGNMENT|[EXTERNAL]|this|{"con":"0x207cabbe","currentUser":"0x29a7e153","currentUserId":"00524000005uNfKAAU","pbEntry":"0x384a0a40","prod_pbEntry":"0x41614c8c","prodList":"0x499e3cbd","prodListDisp":"0x38b46b28"}|0x48f1c8c1
00:54:54.0 (49319219)|VARIABLE_ASSIGNMENT|[EXTERNAL]|value|[{"Id":"01u24000002VVAkAAO","IsActive":true,"IsDeleted":false,"Name":"First Partners - Soc (21 more) ...","Pricebook2Id":"01s24000003Olw1AAC","Product2Id":"01t24000002t7ssAAA","ProductCode":"FPSMC400","UnitPrice":400.00,"UseStandardPrice":false}]|0x7733d565
00:54:54.0 (49335432)|VARIABLE_ASSIGNMENT|[7]|this.pbEntry|[{"Id":"01u24000002VVAkAAO","IsActive":true,"IsDeleted":false,"Name":"First Partners - Soc (21 more) ...","Pricebook2Id":"01s24000003Olw1AAC","Product2Id":"01t24000002t7ssAAA","ProductCode":"FPSMC400","UnitPrice":400.00,"UseStandardPrice":false}]|0x48f1c8c1
00:54:54.0 (49343927)|SYSTEM_METHOD_EXIT|[39]|CommunityProdController.__sfdc_pbEntry(List<PricebookEntry>)
00:54:54.0 (49349407)|SYSTEM_METHOD_ENTRY|[41]|CommunityProdController.__sfdc_pbEntry()
00:54:54.0 (49473583)|VARIABLE_ASSIGNMENT|[EXTERNAL]|this|{"con":"0x207cabbe","currentUser":"0x29a7e153","currentUserId":"00524000005uNfKAAU","pbEntry":"0x7733d565","prod_pbEntry":"0x41614c8c","prodList":"0x499e3cbd","prodListDisp":"0x38b46b28"}|0x48f1c8c1
00:54:54.0 (49481857)|SYSTEM_METHOD_EXIT|[41]|CommunityProdController.__sfdc_pbEntry()
00:54:54.0 (49487919)|SYSTEM_METHOD_ENTRY|[41]|List<PricebookEntry>.size()
00:54:54.0 (49491665)|SYSTEM_METHOD_EXIT|[41]|List<PricebookEntry>.size()
00:54:54.0 (49495867)|STATEMENT_EXECUTE|[42]
00:54:54.0 (49497250)|STATEMENT_EXECUTE|[43]
00:54:54.0 (49500741)|SYSTEM_METHOD_ENTRY|[43]|CommunityProdController.__sfdc_prod_pbEntry()
00:54:54.0 (49619376)|VARIABLE_ASSIGNMENT|[EXTERNAL]|this|{"con":"0x207cabbe","currentUser":"0x29a7e153","currentUserId":"00524000005uNfKAAU","pbEntry":"0x7733d565","prod_pbEntry":"0x41614c8c","prodList":"0x499e3cbd","prodListDisp":"0x38b46b28"}|0x48f1c8c1
00:54:54.0 (49626212)|SYSTEM_METHOD_EXIT|[43]|CommunityProdController.__sfdc_prod_pbEntry()
00:54:54.0 (49635514)|SYSTEM_METHOD_ENTRY|[43]|CommunityProdController.__sfdc_pbEntry()
00:54:54.0 (49756690)|VARIABLE_ASSIGNMENT|[EXTERNAL]|this|{"con":"0x207cabbe","currentUser":"0x29a7e153","currentUserId":"00524000005uNfKAAU","pbEntry":"0x7733d565","prod_pbEntry":"0x41614c8c","prodList":"0x499e3cbd","prodListDisp":"0x38b46b28"}|0x48f1c8c1
00:54:54.0 (49763151)|SYSTEM_METHOD_EXIT|[43]|CommunityProdController.__sfdc_pbEntry()
00:54:54.0 (49782928)|HEAP_ALLOCATE|[43]|Bytes:40
00:54:54.0 (49804384)|SYSTEM_METHOD_ENTRY|[43]|Map<Id,PricebookEntry>.put(Object, Object)
00:54:54.0 (49810281)|HEAP_ALLOCATE|[EXTERNAL]|Bytes:-4
00:54:54.0 (49818584)|SYSTEM_METHOD_EXIT|[43]|Map<Id,PricebookEntry>.put(Object, Object)
00:54:54.0 (49821468)|STATEMENT_EXECUTE|[44]
00:54:54.0 (49824741)|SYSTEM_METHOD_ENTRY|[44]|CommunityProdController.__sfdc_prodListDisp()
00:54:54.0 (49948293)|VARIABLE_ASSIGNMENT|[EXTERNAL]|this|{"con":"0x207cabbe","currentUser":"0x29a7e153","currentUserId":"00524000005uNfKAAU","pbEntry":"0x7733d565","prod_pbEntry":"0x41614c8c","prodList":"0x499e3cbd","prodListDisp":"0x38b46b28"}|0x48f1c8c1
00:54:54.0 (49955334)|SYSTEM_METHOD_EXIT|[44]|CommunityProdController.__sfdc_prodListDisp()
00:54:54.0 (49965863)|SYSTEM_METHOD_ENTRY|[44]|List<Product2>.add(Object)
00:54:54.0 (49969898)|HEAP_ALLOCATE|[EXTERNAL]|Bytes:4
00:54:54.0 (49975354)|SYSTEM_METHOD_EXIT|[44]|List<Product2>.add(Object)
00:54:54.0 (49977793)|STATEMENT_EXECUTE|[59]
00:54:54.0 (49980469)|SYSTEM_METHOD_ENTRY|[59]|CommunityProdController.__sfdc_pbEntry()
00:54:54.0 (50098889)|VARIABLE_ASSIGNMENT|[EXTERNAL]|this|{"con":"0x207cabbe","currentUser":"0x29a7e153","currentUserId":"00524000005uNfKAAU","pbEntry":"0x7733d565","prod_pbEntry":"0x41614c8c","prodList":"0x499e3cbd","prodListDisp":"0x38b46b28"}|0x48f1c8c1
00:54:54.0 (50106687)|SYSTEM_METHOD_EXIT|[59]|CommunityProdController.__sfdc_pbEntry()
00:54:54.0 (50111494)|SYSTEM_METHOD_ENTRY|[59]|List<PricebookEntry>.clear()
00:54:54.0 (50114938)|SYSTEM_METHOD_EXIT|[59]|List<PricebookEntry>.clear()
00:54:54.0 (50119798)|SYSTEM_METHOD_ENTRY|[37]|system.ListIterator.hasNext()
00:54:54.0 (50126171)|HEAP_ALLOCATE|[37]|Bytes:5
00:54:54.0 (50130341)|SYSTEM_METHOD_EXIT|[37]|system.ListIterator.hasNext()
00:54:54.0 (50150447)|HEAP_ALLOCATE|[37]|Bytes:28
00:54:54.0 (50157822)|VARIABLE_SCOPE_BEGIN|[37]|p|Product2|true|false
00:54:54.0 (50176748)|VARIABLE_ASSIGNMENT|[37]|p|{"Description":"This is for First Pa (75 more) ...","Id":"01t24000002rJluAAE","IsActive":true,"Name":"First Partners - Soc (8 more) ...","ProductCode":"FPSO1200","DisplayOnCommunity__ (1 more) ...":true}|0x200fd4aa
00:54:54.0 (50180530)|STATEMENT_EXECUTE|[38]
00:54:54.0 (50181754)|STATEMENT_EXECUTE|[39]
00:54:54.0 (50186150)|HEAP_ALLOCATE|[39]|Bytes:4
00:54:54.0 (50399784)|SOQL_EXECUTE_BEGIN|[39]|Aggregations:0|SELECT Id, IsActive, IsDeleted, Name, Pricebook2Id, Product2Id, ProductCode, UnitPrice, UseStandardPrice FROM PricebookEntry WHERE (Product2Id = :tmpVar1 AND isActive = TRUE) LIMIT 1
00:54:54.0 (50405443)|LIMIT_USAGE|[39]|SOQL|10|100
00:54:54.0 (50411330)|LIMIT_USAGE|[39]|AGGS|0|300
00:54:54.0 (52614203)|SOQL_EXECUTE_END|[39]|Rows:1
00:54:54.0 (52619990)|LIMIT_USAGE|[39]|SOQL_ROWS|17|50000
00:54:54.0 (52629959)|HEAP_ALLOCATE|[39]|Bytes:8
00:54:54.0 (52644002)|HEAP_ALLOCATE|[39]|Bytes:260
00:54:54.0 (52656862)|HEAP_ALLOCATE|[39]|Bytes:8
00:54:54.0 (52669515)|SYSTEM_METHOD_ENTRY|[39]|CommunityProdController.__sfdc_pbEntry(List<PricebookEntry>)
00:54:54.0 (52821394)|VARIABLE_ASSIGNMENT|[EXTERNAL]|this|{"con":"0x207cabbe","currentUser":"0x29a7e153","currentUserId":"00524000005uNfKAAU","pbEntry":"0x7733d565","prod_pbEntry":"0x41614c8c","prodList":"0x499e3cbd","prodListDisp":"0x38b46b28"}|0x48f1c8c1
00:54:54.0 (52840263)|VARIABLE_ASSIGNMENT|[EXTERNAL]|value|[{"Id":"01u24000001whHLAAY","IsActive":true,"IsDeleted":false,"Name":"First Partners - Soc (8 more) ...","Pricebook2Id":"01s24000003Olw1AAC","Product2Id":"01t24000002rJluAAE","ProductCode":"FPSO1200","UnitPrice":1200.00,"UseStandardPrice":false}]|0x7e9b4bb7
00:54:54.0 (52856763)|VARIABLE_ASSIGNMENT|[7]|this.pbEntry|[{"Id":"01u24000001whHLAAY","IsActive":true,"IsDeleted":false,"Name":"First Partners - Soc (8 more) ...","Pricebook2Id":"01s24000003Olw1AAC","Product2Id":"01t24000002rJluAAE","ProductCode":"FPSO1200","UnitPrice":1200.00,"UseStandardPrice":false}]|0x48f1c8c1
00:54:54.0 (52864479)|SYSTEM_METHOD_EXIT|[39]|CommunityProdController.__sfdc_pbEntry(List<PricebookEntry>)
00:54:54.0 (52869952)|SYSTEM_METHOD_ENTRY|[41]|CommunityProdController.__sfdc_pbEntry()
00:54:54.0 (53000075)|VARIABLE_ASSIGNMENT|[EXTERNAL]|this|{"con":"0x207cabbe","currentUser":"0x29a7e153","currentUserId":"00524000005uNfKAAU","pbEntry":"0x7e9b4bb7","prod_pbEntry":"0x41614c8c","prodList":"0x499e3cbd","prodListDisp":"0x38b46b28"}|0x48f1c8c1
00:54:54.0 (53008764)|SYSTEM_METHOD_EXIT|[41]|CommunityProdController.__sfdc_pbEntry()
00:54:54.0 (53014980)|SYSTEM_METHOD_ENTRY|[41]|List<PricebookEntry>.size()
00:54:54.0 (53019209)|SYSTEM_METHOD_EXIT|[41]|List<PricebookEntry>.size()
00:54:54.0 (53023390)|STATEMENT_EXECUTE|[42]
00:54:54.0 (53024776)|STATEMENT_EXECUTE|[43]
00:54:54.0 (53027554)|SYSTEM_METHOD_ENTRY|[43]|CommunityProdController.__sfdc_prod_pbEntry()
00:54:54.0 (53146113)|VARIABLE_ASSIGNMENT|[EXTERNAL]|this|{"con":"0x207cabbe","currentUser":"0x29a7e153","currentUserId":"00524000005uNfKAAU","pbEntry":"0x7e9b4bb7","prod_pbEntry":"0x41614c8c","prodList":"0x499e3cbd","prodListDisp":"0x38b46b28"}|0x48f1c8c1
00:54:54.0 (53153571)|SYSTEM_METHOD_EXIT|[43]|CommunityProdController.__sfdc_prod_pbEntry()
00:54:54.0 (53162761)|SYSTEM_METHOD_ENTRY|[43]|CommunityProdController.__sfdc_pbEntry()
00:54:54.0 (53279702)|VARIABLE_ASSIGNMENT|[EXTERNAL]|this|{"con":"0x207cabbe","currentUser":"0x29a7e153","currentUserId":"00524000005uNfKAAU","pbEntry":"0x7e9b4bb7","prod_pbEntry":"0x41614c8c","prodList":"0x499e3cbd","prodListDisp":"0x38b46b28"}|0x48f1c8c1
00:54:54.0 (53286117)|SYSTEM_METHOD_EXIT|[43]|CommunityProdController.__sfdc_pbEntry()
00:54:54.0 (53305760)|HEAP_ALLOCATE|[43]|Bytes:40
00:54:54.0 (53325423)|SYSTEM_METHOD_ENTRY|[43]|Map<Id,PricebookEntry>.put(Object, Object)
00:54:54.0 (53330430)|HEAP_ALLOCATE|[EXTERNAL]|Bytes:-4
00:54:54.0 (53338655)|SYSTEM_METHOD_EXIT|[43]|Map<Id,PricebookEntry>.put(Object, Object)
00:54:54.0 (53341462)|STATEMENT_EXECUTE|[44]
00:54:54.0 (53344731)|SYSTEM_METHOD_ENTRY|[44]|CommunityProdController.__sfdc_prodListDisp()
00:54:54.0 (53467257)|VARIABLE_ASSIGNMENT|[EXTERNAL]|this|{"con":"0x207cabbe","currentUser":"0x29a7e153","currentUserId":"00524000005uNfKAAU","pbEntry":"0x7e9b4bb7","prod_pbEntry":"0x41614c8c","prodList":"0x499e3cbd","prodListDisp":"0x38b46b28"}|0x48f1c8c1
00:54:54.0 (53474062)|SYSTEM_METHOD_EXIT|[44]|CommunityProdController.__sfdc_prodListDisp()
00:54:54.0 (53484859)|SYSTEM_METHOD_ENTRY|[44]|List<Product2>.add(Object)
00:54:54.0 (53488802)|HEAP_ALLOCATE|[EXTERNAL]|Bytes:4
00:54:54.0 (53494474)|SYSTEM_METHOD_EXIT|[44]|List<Product2>.add(Object)
00:54:54.0 (53497613)|STATEMENT_EXECUTE|[59]
00:54:54.0 (53500465)|SYSTEM_METHOD_ENTRY|[59]|CommunityProdController.__sfdc_pbEntry()
00:54:54.0 (53622179)|VARIABLE_ASSIGNMENT|[EXTERNAL]|this|{"con":"0x207cabbe","currentUser":"0x29a7e153","currentUserId":"00524000005uNfKAAU","pbEntry":"0x7e9b4bb7","prod_pbEntry":"0x41614c8c","prodList":"0x499e3cbd","prodListDisp":"0x38b46b28"}|0x48f1c8c1
00:54:54.0 (53628633)|SYSTEM_METHOD_EXIT|[59]|CommunityProdController.__sfdc_pbEntry()
00:54:54.0 (53633454)|SYSTEM_METHOD_ENTRY|[59]|List<PricebookEntry>.clear()
00:54:54.0 (53636694)|SYSTEM_METHOD_EXIT|[59]|List<PricebookEntry>.clear()
00:54:54.0 (53641585)|SYSTEM_METHOD_ENTRY|[37]|system.ListIterator.hasNext()
00:54:54.0 (53648368)|HEAP_ALLOCATE|[37]|Bytes:5
00:54:54.0 (53652487)|SYSTEM_METHOD_EXIT|[37]|system.ListIterator.hasNext()
00:54:54.0 (53660821)|VARIABLE_ASSIGNMENT|[37]|p|null|
00:54:54.0 (53664414)|STATEMENT_EXECUTE|[62]
00:54:54.0 (53667538)|HEAP_ALLOCATE|[62]|Bytes:11
00:54:54.0 (53677342)|SYSTEM_METHOD_ENTRY|[62]|CommunityProdController.__sfdc_prod_pbEntry()
00:54:54.0 (53823985)|VARIABLE_ASSIGNMENT|[EXTERNAL]|this|{"con":"0x207cabbe","currentUser":"0x29a7e153","currentUserId":"00524000005uNfKAAU","pbEntry":"0x7e9b4bb7","prod_pbEntry":"0x41614c8c","prodList":"0x499e3cbd","prodListDisp":"0x38b46b28"}|0x48f1c8c1
00:54:54.0 (53831555)|SYSTEM_METHOD_EXIT|[62]|CommunityProdController.__sfdc_prod_pbEntry()
00:54:54.0 (53870182)|SYSTEM_METHOD_ENTRY|[62]|String.valueOf(Object)
00:54:54.0 (54064975)|HEAP_ALLOCATE|[62]|Bytes:2124
00:54:54.0 (54079240)|SYSTEM_METHOD_EXIT|[62]|String.valueOf(Object)
00:54:54.0 (54090932)|HEAP_ALLOCATE|[62]|Bytes:2135
00:54:54.0 (54116828)|SYSTEM_METHOD_ENTRY|[62]|System.debug(ANY)
00:54:54.0 (54126288)|USER_DEBUG|[62]|DEBUG|PB Entry : {01t24000002rJluAAE=PricebookEntry:{Id=01u24000001whHLAAY, IsActive=true, IsDeleted=false, Name=First Partners - Social Only, Pricebook2Id=01s24000003Olw1AAC, Product2Id=01t24000002rJluAAE, ProductCode=FPSO1200, UnitPrice=1200.00, UseStandardPrice=false}, 01t24000002t6w2AAA=PricebookEntry:{Id=01u24000002VUygAAG, IsActive=true, IsDeleted=false, Name=First Partners - Full Licence, Pricebook2Id=01s24000003Olw1AAC, Product2Id=01t24000002t6w2AAA, ProductCode=FPFL12000, UnitPrice=1200.00, UseStandardPrice=false}, 01t24000002t7jvAAA=PricebookEntry:{Id=01u24000002VV8yAAG, IsActive=true, IsDeleted=false, Name=First Partners - Multiple Seats Social Only, Pricebook2Id=01s24000003Olw1AAC, Product2Id=01t24000002t7jvAAA, ProductCode=FPMSO600, UnitPrice=600.00, UseStandardPrice=false}, 01t24000002t7rpAAA=PricebookEntry:{Id=01u24000002VVALAA4, IsActive=true, IsDeleted=false, Name=First Partners - Monthly Pro-bono Workshops, Pricebook2Id=01s24000003Olw1AAC, Product2Id=01t24000002t7rpAAA, ProductCode=FPMWS-PB, UnitPrice=0.00, UseStandardPrice=false}, 01t24000002t7s9AAA=PricebookEntry:{Id=01u24000002VVAQAA4, IsActive=true, IsDeleted=false, Name=First Partners - Initial Pro-bono Social Media Impact, Pricebook2Id=01s24000003Olw1AAC, Product2Id=01t24000002t7s9AAA, ProductCode=FPSMI-PB, UnitPrice=0.00, UseStandardPrice=false}, 01t24000002t7ssAAA=PricebookEntry:{Id=01u24000002VVAkAAO, IsActive=true, IsDeleted=false, Name=First Partners - Social Media Consultancy, Pricebook2Id=01s24000003Olw1AAC, Product2Id=01t24000002t7ssAAA, ProductCode=FPSMC400, UnitPrice=400.00, UseStandardPrice=false}, 01t24000002t7sxAAA=PricebookEntry:{Id=01u24000002VVAuAAO, IsActive=true, IsDeleted=false, Name=First Partners - Initial Pro-bono Salesforce Healthcheck, Pricebook2Id=01s24000003Olw1AAC, Product2Id=01t24000002t7sxAAA, ProductCode=FPSFHC-PB, UnitPrice=0.00, UseStandardPrice=false}, 01t24000002t81MAAQ=PricebookEntry:{Id=01u24000002VVBTAA4, IsActive=true, IsDeleted=false, Name=First Partners - Donor 3D, Pricebook2Id=01s24000003Olw1AAC, Product2Id=01t24000002t81MAAQ, ProductCode=FPD3D200, UnitPrice=200.00, UseStandardPrice=false}}
00:54:54.0 (54138954)|SYSTEM_METHOD_EXIT|[62]|System.debug(ANY)
00:54:54.0 (54141694)|STATEMENT_EXECUTE|[64]
00:54:54.0 (54187735)|HEAP_ALLOCATE|[64]|Bytes:4
00:54:54.0 (54288812)|SYSTEM_METHOD_ENTRY|[64]|CommunityProdController.__sfdc_newOpp(Opportunity)
00:54:54.0 (54438403)|VARIABLE_ASSIGNMENT|[EXTERNAL]|this|{"con":"0x207cabbe","currentUser":"0x29a7e153","currentUserId":"00524000005uNfKAAU","pbEntry":"0x7e9b4bb7","prod_pbEntry":"0x41614c8c","prodList":"0x499e3cbd","prodListDisp":"0x38b46b28"}|0x48f1c8c1
00:54:54.0 (54448427)|VARIABLE_ASSIGNMENT|[EXTERNAL]|value|{}|0x75a76cc9
00:54:54.0 (54457556)|VARIABLE_ASSIGNMENT|[74]|this.newOpp|{}|0x48f1c8c1
00:54:54.0 (54463386)|SYSTEM_METHOD_EXIT|[64]|CommunityProdController.__sfdc_newOpp(Opportunity)
00:54:54.0 (54466450)|STATEMENT_EXECUTE|[66]
00:54:54.0 (54473553)|SYSTEM_METHOD_ENTRY|[66]|CommunityProdController.__sfdc_con()
00:54:54.0 (54604656)|VARIABLE_ASSIGNMENT|[EXTERNAL]|this|{"con":"0x207cabbe","currentUser":"0x29a7e153","currentUserId":"00524000005uNfKAAU","newOpp":"0x75a76cc9","pbEntry":"0x7e9b4bb7","prod_pbEntry":"0x41614c8c","prodList":"0x499e3cbd","prodListDisp":"0x38b46b28"}|0x48f1c8c1
00:54:54.0 (54613455)|SYSTEM_METHOD_EXIT|[66]|CommunityProdController.__sfdc_con()
00:54:54.0 (54622390)|SYSTEM_METHOD_ENTRY|[66]|CommunityProdController.__sfdc_newOpp()
00:54:54.0 (54740515)|VARIABLE_ASSIGNMENT|[EXTERNAL]|this|{"con":"0x207cabbe","currentUser":"0x29a7e153","currentUserId":"00524000005uNfKAAU","newOpp":"0x75a76cc9","pbEntry":"0x7e9b4bb7","prod_pbEntry":"0x41614c8c","prodList":"0x499e3cbd","prodListDisp":"0x38b46b28"}|0x48f1c8c1
00:54:54.0 (54747636)|SYSTEM_METHOD_EXIT|[66]|CommunityProdController.__sfdc_newOpp()
00:54:54.0 (54992993)|VARIABLE_ASSIGNMENT|[66]|this.AccountId|null|0x75a76cc9
00:54:54.0 (54996757)|STATEMENT_EXECUTE|[67]
00:54:54.0 (55000344)|HEAP_ALLOCATE|[67]|Bytes:4
00:54:54.0 (55010353)|SYSTEM_METHOD_ENTRY|[67]|CommunityProdController.__sfdc_con()
00:54:54.0 (55157318)|VARIABLE_ASSIGNMENT|[EXTERNAL]|this|{"con":"0x207cabbe","currentUser":"0x29a7e153","currentUserId":"00524000005uNfKAAU","newOpp":"0x75a76cc9","pbEntry":"0x7e9b4bb7","prod_pbEntry":"0x41614c8c","prodList":"0x499e3cbd","prodListDisp":"0x38b46b28"}|0x48f1c8c1
00:54:54.0 (55166409)|SYSTEM_METHOD_EXIT|[67]|CommunityProdController.__sfdc_con()
00:54:54.0 (55186340)|SYSTEM_METHOD_ENTRY|[67]|String.valueOf(Object)
00:54:54.0 (55194531)|SYSTEM_METHOD_EXIT|[67]|String.valueOf(Object)
00:54:54.0 (55198138)|HEAP_ALLOCATE|[67]|Bytes:1
00:54:54.0 (55217232)|SYSTEM_METHOD_ENTRY|[67]|com.salesforce.api.interop.apex.bcl.DatetimeMethods.now()
00:54:54.0 (55226863)|HEAP_ALLOCATE|[67]|Bytes:56
00:54:54.0 (55230436)|SYSTEM_METHOD_EXIT|[67]|com.salesforce.api.interop.apex.bcl.DatetimeMethods.now()
00:54:54.0 (55238219)|SYSTEM_METHOD_ENTRY|[67]|com.salesforce.api.interop.apex.bcl.DatetimeMethods.getTime()
00:54:54.0 (55275882)|HEAP_ALLOCATE|[74]|Bytes:4
00:54:54.0 (55297926)|HEAP_ALLOCATE|[67]|Bytes:12
00:54:54.0 (55301912)|SYSTEM_METHOD_EXIT|[67]|com.salesforce.api.interop.apex.bcl.DatetimeMethods.getTime()
00:54:54.0 (55316997)|SYSTEM_METHOD_ENTRY|[67]|String.valueOf(Object)
00:54:54.0 (55321021)|HEAP_ALLOCATE|[67]|Bytes:13
00:54:54.0 (55327594)|SYSTEM_METHOD_EXIT|[67]|String.valueOf(Object)
00:54:54.0 (55335735)|HEAP_ALLOCATE|[67]|Bytes:22
00:54:54.0 (55340458)|SYSTEM_METHOD_ENTRY|[67]|CommunityProdController.__sfdc_newOpp()
00:54:54.0 (55474918)|VARIABLE_ASSIGNMENT|[EXTERNAL]|this|{"con":"0x207cabbe","currentUser":"0x29a7e153","currentUserId":"00524000005uNfKAAU","newOpp":"0x75a76cc9","pbEntry":"0x7e9b4bb7","prod_pbEntry":"0x41614c8c","prodList":"0x499e3cbd","prodListDisp":"0x38b46b28"}|0x48f1c8c1
00:54:54.0 (55482964)|SYSTEM_METHOD_EXIT|[67]|CommunityProdController.__sfdc_newOpp()
00:54:54.0 (55526422)|VARIABLE_ASSIGNMENT|[67]|this.Name|"Opp_null_14903528940 (2 more) ..."|0x75a76cc9
00:54:54.0 (55529559)|STATEMENT_EXECUTE|[68]
00:54:54.0 (55540677)|SYSTEM_METHOD_ENTRY|[68]|System.today()
00:54:54.0 (55563822)|HEAP_ALLOCATE|[68]|Bytes:4
00:54:54.0 (55568385)|SYSTEM_METHOD_EXIT|[68]|System.today()
00:54:54.0 (55591552)|SYSTEM_METHOD_ENTRY|[68]|com.salesforce.api.interop.apex.bcl.DateMethods.addMonths(Integer)
00:54:54.0 (55599398)|HEAP_ALLOCATE|[68]|Bytes:4
00:54:54.0 (55604764)|SYSTEM_METHOD_EXIT|[68]|com.salesforce.api.interop.apex.bcl.DateMethods.addMonths(Integer)
00:54:54.0 (55609953)|SYSTEM_METHOD_ENTRY|[68]|CommunityProdController.__sfdc_newOpp()
00:54:54.0 (55744476)|VARIABLE_ASSIGNMENT|[EXTERNAL]|this|{"con":"0x207cabbe","currentUser":"0x29a7e153","currentUserId":"00524000005uNfKAAU","newOpp":"0x75a76cc9","pbEntry":"0x7e9b4bb7","prod_pbEntry":"0x41614c8c","prodList":"0x499e3cbd","prodListDisp":"0x38b46b28"}|0x48f1c8c1
00:54:54.0 (55756098)|SYSTEM_METHOD_EXIT|[68]|CommunityProdController.__sfdc_newOpp()
00:54:54.0 (55813356)|VARIABLE_ASSIGNMENT|[68]|this.CloseDate|"2017-04-25T00:00:00.000Z"|0x75a76cc9
00:54:54.0 (55816529)|STATEMENT_EXECUTE|[69]
00:54:54.0 (55819714)|HEAP_ALLOCATE|[69]|Bytes:11
00:54:54.0 (55826946)|SYSTEM_METHOD_ENTRY|[69]|CommunityProdController.__sfdc_newOpp()
00:54:54.0 (55963425)|VARIABLE_ASSIGNMENT|[EXTERNAL]|this|{"con":"0x207cabbe","currentUser":"0x29a7e153","currentUserId":"00524000005uNfKAAU","newOpp":"0x75a76cc9","pbEntry":"0x7e9b4bb7","prod_pbEntry":"0x41614c8c","prodList":"0x499e3cbd","prodListDisp":"0x38b46b28"}|0x48f1c8c1
00:54:54.0 (55970835)|SYSTEM_METHOD_EXIT|[69]|CommunityProdController.__sfdc_newOpp()
00:54:54.0 (56004082)|VARIABLE_ASSIGNMENT|[69]|this.StageName|"Prospecting"|0x75a76cc9
00:54:54.0 (56021428)|VF_APEX_CALL_END|CommunityProdController <init>
00:54:54.0 (56076380)|VF_APEX_CALL_START|[EXTERNAL]|01p9E000000Dmea|CommunityProdController get(prodListDisp)
00:54:54.0 (56082871)|SYSTEM_MODE_ENTER|true
00:54:54.0 (56092207)|VF_APEX_CALL_START|[EXTERNAL]|01p9E000000Dmea|prodListDisp
00:54:54.0 (56099413)|VF_APEX_CALL_END|prodListDisp
00:54:54.0 (56107788)|VF_APEX_CALL_END|CommunityProdController get(prodListDisp)
00:54:54.0 (57418277)|VF_EVALUATE_FORMULA_BEGIN|0669E000000Cuyk|#{URLFOR($Resource.Bootstrap337, 'bootstrap-3.3.7-dist/css/bootstrap.min.css')}
00:54:54.0 (57497321)|VF_EVALUATE_FORMULA_END
00:54:54.0 (57513620)|VF_EVALUATE_FORMULA_BEGIN|0669E000000Cuyk|#{URLFOR($Resource.Bootstrap337, 'bootstrap-3.3.7-dist/css/bootstrap.min.css')}
00:54:54.0 (57529492)|VF_EVALUATE_FORMULA_END
00:54:54.0 (57540384)|VF_EVALUATE_FORMULA_BEGIN|0669E000000Cuyk|#{URLFOR($Resource.Bootstrap337, 'bootstrap-3.3.7-dist/js/bootstrap.min.js')}
00:54:54.0 (57557257)|VF_EVALUATE_FORMULA_END
00:54:54.57 (57684598)|VF_APEX_CALL_START|[EXTERNAL]|/apexpage/pagemessagescomponentcontroller.apex set(conEscape,null)
00:54:54.57 (57696017)|SYSTEM_MODE_ENTER|true
00:54:54.57 (57705768)|VF_APEX_CALL_START|[EXTERNAL]|PageMessagesComponentController set(conEscape,null)
00:54:54.57 (57727823)|VF_APEX_CALL_START|[EXTERNAL]|PageMessagesComponentController invoke(setconEscape)
00:54:54.57 (57759289)|HEAP_ALLOCATE|[EXTERNAL]|Bytes:8
00:54:54.57 (57765984)|VARIABLE_SCOPE_BEGIN|[88]|this|ApexPage.PageMessagesComponentController|true|false
00:54:54.57 (57787525)|VARIABLE_ASSIGNMENT|[88]|this|{}|0x33118b11
00:54:54.57 (57790419)|VARIABLE_SCOPE_BEGIN|[88]|escape|Boolean|false|false
00:54:54.57 (57793940)|VARIABLE_ASSIGNMENT|[88]|escape|null
00:54:54.57 (57899122)|VF_APEX_CALL_START|[EXTERNAL]|/apexpage/pagemessagescomponentcontroller.apex get(severities)
00:54:54.57 (57906586)|SYSTEM_MODE_ENTER|true
00:54:54.57 (57915216)|VF_APEX_CALL_START|[EXTERNAL]|PageMessagesComponentController invoke(getseverities)
00:54:54.57 (57930280)|HEAP_ALLOCATE|[EXTERNAL]|Bytes:8
00:54:54.57 (57935461)|VARIABLE_SCOPE_BEGIN|[2]|this|ApexPage.PageMessagesComponentController|true|false
00:54:54.57 (57948672)|VARIABLE_ASSIGNMENT|[2]|this|{}|0x33118b11
00:54:54.0 (58668004)|VF_EVALUATE_FORMULA_BEGIN|0669E000000Cuyk|#{prod_pbEntry[pr.id].UnitPrice}
00:54:54.0 (58733777)|VF_APEX_CALL_START|[EXTERNAL]|01p9E000000Dmea|CommunityProdController get(prod_pbEntry)
00:54:54.0 (58739395)|SYSTEM_MODE_ENTER|true
00:54:54.0 (58746339)|VF_APEX_CALL_START|[EXTERNAL]|01p9E000000Dmea|prod_pbEntry
00:54:54.0 (58759039)|VF_APEX_CALL_END|prod_pbEntry
00:54:54.0 (58770264)|VF_APEX_CALL_END|CommunityProdController get(prod_pbEntry)
00:54:54.0 (58970542)|VF_EVALUATE_FORMULA_END
00:54:54.0 (60625583)|VF_EVALUATE_FORMULA_BEGIN|0669E000000Cuyk|#{prod_pbEntry[pr.id].UnitPrice}
00:54:54.0 (60778636)|VF_EVALUATE_FORMULA_END
00:54:54.0 (61483996)|VF_EVALUATE_FORMULA_BEGIN|0669E000000Cuyk|#{prod_pbEntry[pr.id].UnitPrice}
00:54:54.0 (61629178)|VF_EVALUATE_FORMULA_END
00:54:54.0 (62304796)|VF_EVALUATE_FORMULA_BEGIN|0669E000000Cuyk|#{prod_pbEntry[pr.id].UnitPrice}
00:54:54.0 (62443420)|VF_EVALUATE_FORMULA_END
00:54:54.0 (63122374)|VF_EVALUATE_FORMULA_BEGIN|0669E000000Cuyk|#{prod_pbEntry[pr.id].UnitPrice}
00:54:54.0 (63260001)|VF_EVALUATE_FORMULA_END
00:54:54.0 (63931396)|VF_EVALUATE_FORMULA_BEGIN|0669E000000Cuyk|#{prod_pbEntry[pr.id].UnitPrice}
00:54:54.0 (64072811)|VF_EVALUATE_FORMULA_END
00:54:54.0 (64733039)|VF_EVALUATE_FORMULA_BEGIN|0669E000000Cuyk|#{prod_pbEntry[pr.id].UnitPrice}
00:54:54.0 (64874967)|VF_EVALUATE_FORMULA_END
00:54:54.0 (65552137)|VF_EVALUATE_FORMULA_BEGIN|0669E000000Cuyk|#{prod_pbEntry[pr.id].UnitPrice}
00:54:54.0 (65688895)|VF_EVALUATE_FORMULA_END
00:54:54.0 (66587809)|VF_SERIALIZE_VIEWSTATE_BEGIN|0669E000000Cuyk
00:54:54.0 (69645765)|VF_SERIALIZE_VIEWSTATE_END
00:54:54.72 (72234945)|CUMULATIVE_LIMIT_USAGE
00:54:54.72 (72234945)|LIMIT_USAGE_FOR_NS|(default)|
  Number of SOQL queries: 10 out of 100
  Number of query rows: 17 out of 50000
  Number of SOSL queries: 0 out of 20
  Number of DML statements: 0 out of 150
  Number of DML rows: 0 out of 10000
  Maximum CPU time: 0 out of 10000
  Maximum heap size: 0 out of 6000000
  Number of callouts: 0 out of 100
  Number of Email Invocations: 0 out of 10
  Number of future calls: 0 out of 50
  Number of queueable jobs added to the queue: 0 out of 50
  Number of Mobile Apex push calls: 0 out of 10

00:54:54.72 (72234945)|TOTAL_EMAIL_RECIPIENTS_QUEUED|0
00:54:54.72 (72234945)|STATIC_VARIABLE_LIST|
  char[]:DigitTens:0
  long:serialVersionUID:0
  long:serialVersionUID:0
  String:_sfdcAdditionalCodeLocations:0
  String:_sfdcAdditionalCodeLocations:0
  double:MAX_VALUE:0
  Boolean:FALSE:0
  long:serialVersionUID:0
  long:MIN_VALUE:0
  String:__sfdcInnerTypes:0
  double:MIN_VALUE:0
  int:SIZE:0
  long:MAX_VALUE:0
  double:NEGATIVE_INFINITY:0
  int:MAX_VALUE:0
  int:SIZE:0
  char[]:digits:0
  double:NaN:0
  Boolean:TRUE:0
  int:BYTES:0
  long:serialVersionUID:0
  int:MIN_VALUE:0
  char[]:DigitOnes:0
  String:_sfdcAdditionalCodeLocations:0
  int:BYTES:0
  int:MIN_EXPONENT:0
  int[]:sizeTable:0
  int:MAX_EXPONENT:0
  String:_sfdcAdditionalCodeLocations:0
  String:_sfdcSuppressedCodeLocations:0
  int:SIZE:0
  double:POSITIVE_INFINITY:0
  String:__sfdcProperties:0
  double:MIN_NORMAL:0
  int:BYTES:0

00:54:54.72 (72234945)|CUMULATIVE_LIMIT_USAGE_END

00:54:54.0 (72376692)|CODE_UNIT_FINISHED|VF: /apex/communityProducts
00:54:54.0 (73477731)|EXECUTION_FINISHED
00:54:54.75 (75542809)|CUMULATIVE_PROFILING_BEGIN
00:54:54.75 (75542809)|CUMULATIVE_PROFILING|SOQL operations|
Class.CommunityProdController.<init>: line 39, column 1: [SELECT Id,IsActive,IsDeleted,Name,Pricebook2Id,Product2Id,ProductCode,UnitPrice,UseStandardPrice FROM PricebookEntry WHERE Product2Id = :p.id and isActive = true limit 1]: executed 16 times in 22 ms
Class.CommunityProdController.<init>: line 31, column 1: [SELECT Description,Id,IsActive,Name,DisplayUrl,ProductCode,CommunityProdDetail__c,DisplayOnCommunity__c   FROM Product2 where isActive = true and DisplayOnCommunity__c =true order by name Limit 10 ]: executed 2 times in 5 ms

00:54:54.75 (75542809)|CUMULATIVE_PROFILING|No profiling information for SOSL operations
00:54:54.75 (75542809)|CUMULATIVE_PROFILING|No profiling information for DML operations
00:54:54.75 (75542809)|CUMULATIVE_PROFILING|method invocations|
External entry point: public void <init>(): executed 1 time in 45 ms
Class.CommunityProdController.<init>: line 23, column 1: public Id __sfdc_currentUserId(): executed 3 times in 8 ms
Class.CommunityProdController.<init>: line 41, column 1: public List<PricebookEntry> __sfdc_pbEntry(): executed 16 times in 2 ms
Class.CommunityProdController.<init>: line 43, column 1: public Map<Id,PricebookEntry> __sfdc_prod_pbEntry(): executed 24 times in 2 ms
Class.CommunityProdController.<init>: line 59, column 1: public List<PricebookEntry> __sfdc_pbEntry(): executed 16 times in 2 ms
Class.CommunityProdController.<init>: line 33, column 1: public void __sfdc_prod_pbEntry(Map<Id,PricebookEntry>): executed 1 time in 1 ms
Class.CommunityProdController.<init>: line 66, column 1: public Contact __sfdc_con(): executed 2 times in 1 ms
Class.CommunityProdController.<init>: line 68, column 1: global public static Date today(): executed 3 times in 1 ms
Class.CommunityProdController.<init>: line 64, column 1: public void __sfdc_newOpp(Opportunity): executed 1 time in 0 ms
Class.CommunityProdController.<init>: line 34, column 1: global public List<Product2>(): executed 2 times in 0 ms
Class.CommunityProdController.<init>: line 67, column 1: public Contact __sfdc_con(): executed 6 times in 0 ms

00:54:54.75 (75542809)|CUMULATIVE_PROFILING_END
