39.0 APEX_CODE,FINEST;APEX_PROFILING,FINEST;CALLOUT,FINEST;DB,FINEST;SYSTEM,FINE;VALIDATION,INFO;VISUALFORCE,FINER;WAVE,INFO;WORKFLOW,FINER
16:30:34.0 (355414)|USER_INFO|[EXTERNAL]|00524000001Gj8w|russell@lightful.xyz.commundev|Greenwich Mean Time|GMT+01:00
16:30:34.0 (384182)|EXECUTION_STARTED
16:30:34.0 (388139)|CODE_UNIT_STARTED|[EXTERNAL]|VisualForce View State
16:30:34.0 (5637081)|HEAP_ALLOCATE|[72]|Bytes:3
16:30:34.0 (5678282)|HEAP_ALLOCATE|[77]|Bytes:152
16:30:34.0 (5692185)|HEAP_ALLOCATE|[342]|Bytes:408
16:30:34.0 (5706681)|HEAP_ALLOCATE|[355]|Bytes:408
16:30:34.0 (5720074)|HEAP_ALLOCATE|[467]|Bytes:48
16:30:34.0 (5746522)|HEAP_ALLOCATE|[139]|Bytes:6
16:30:34.0 (7480150)|CODE_UNIT_FINISHED|VisualForce View State
16:30:34.0 (8391361)|EXECUTION_FINISHED
16:30:34.292 (292415879)|USER_INFO|[EXTERNAL]|00524000001Gj8w|russell@lightful.xyz.commundev|Greenwich Mean Time|GMT+01:00
16:30:34.292 (302941524)|VF_APEX_CALL_START|[EXTERNAL]|/apexpage/pagemessagecomponentcontroller.apex set(conEscape,null)
16:30:34.292 (302963364)|SYSTEM_MODE_ENTER|true
16:30:34.292 (304162307)|VF_APEX_CALL_START|[EXTERNAL]|pagemessagecomponentcontroller set(conEscape,null)
16:30:34.292 (305176825)|VF_APEX_CALL_START|[EXTERNAL]|pagemessagecomponentcontroller invoke(setconEscape)
16:30:34.292 (305234588)|HEAP_ALLOCATE|[EXTERNAL]|Bytes:120
16:30:34.292 (305249752)|HEAP_ALLOCATE|[EXTERNAL]|Bytes:10
16:30:34.292 (305265505)|SYSTEM_METHOD_ENTRY|[1]|pagemessagecomponentcontroller.pagemessagecomponentcontroller()
16:30:34.292 (305269509)|STATEMENT_EXECUTE|[1]
16:30:34.324 (324379113)|CUMULATIVE_LIMIT_USAGE
16:30:34.324 (324379113)|LIMIT_USAGE_FOR_NS|(default)|
  Number of SOQL queries: 0 out of 100
  Number of query rows: 0 out of 50000
  Number of SOSL queries: 0 out of 20
  Number of DML statements: 0 out of 150
  Number of DML rows: 0 out of 10000
  Maximum CPU time: 0 out of 10000
  Maximum heap size: 0 out of 6000000
  Number of callouts: 0 out of 100
  Number of Email Invocations: 0 out of 10
  Number of future calls: 0 out of 50
  Number of queueable jobs added to the queue: 0 out of 50
  Number of Mobile Apex push calls: 0 out of 10

16:30:34.324 (324379113)|CUMULATIVE_LIMIT_USAGE_END

