39.0 APEX_CODE,FINEST;APEX_PROFILING,FINEST;CALLOUT,FINEST;DB,FINEST;SYSTEM,FINE;VALIDATION,INFO;VISUALFORCE,FINER;WAVE,INFO;WORKFLOW,FINER
05:32:17.0 (51836)|USER_INFO|[EXTERNAL]|00524000005uNfK|neela@lightful.com.commundev|Line Is. Time|GMT+14:00
05:32:17.0 (79221)|EXECUTION_STARTED
05:32:17.0 (82681)|CODE_UNIT_STARTED|[EXTERNAL]|0669E000000CvHr|VF: /apex/communityCheckout
05:32:17.0 (171596)|VF_DESERIALIZE_VIEWSTATE_BEGIN|0669E000000CvHr
05:32:17.0 (6008977)|HEAP_ALLOCATE|[72]|Bytes:3
05:32:17.0 (6050473)|HEAP_ALLOCATE|[77]|Bytes:152
05:32:17.0 (6066730)|HEAP_ALLOCATE|[342]|Bytes:408
05:32:17.0 (6082475)|HEAP_ALLOCATE|[355]|Bytes:408
05:32:17.0 (6106748)|HEAP_ALLOCATE|[467]|Bytes:48
05:32:17.0 (6143793)|HEAP_ALLOCATE|[139]|Bytes:6
05:32:17.0 (9478430)|VF_DESERIALIZE_VIEWSTATE_END
05:32:17.13 (13453358)|VF_APEX_CALL_START|[EXTERNAL]|/apexpage/pagemessagescomponentcontroller.apex get(severities)
05:32:17.13 (13466674)|SYSTEM_MODE_ENTER|true
05:32:17.13 (13487354)|VF_APEX_CALL_START|[EXTERNAL]|PageMessagesComponentController invoke(getseverities)
05:32:17.13 (13517407)|HEAP_ALLOCATE|[EXTERNAL]|Bytes:38
05:32:17.13 (13524598)|HEAP_ALLOCATE|[EXTERNAL]|Bytes:7
05:32:17.13 (13533387)|SYSTEM_METHOD_ENTRY|[1]|PageMessagesComponentController.PageMessagesComponentController()
05:32:17.13 (13537420)|STATEMENT_EXECUTE|[1]
05:32:17.14 (14238876)|VF_APEX_CALL_START|[EXTERNAL]|/apexpage/pagemessagescomponentcontroller.apex set(conEscape,null)
05:32:17.14 (14247865)|SYSTEM_MODE_ENTER|true
05:32:17.14 (14256771)|VF_APEX_CALL_START|[EXTERNAL]|PageMessagesComponentController set(conEscape,null)
05:32:17.14 (14274386)|VF_APEX_CALL_START|[EXTERNAL]|PageMessagesComponentController invoke(setconEscape)
05:32:17.14 (14294008)|HEAP_ALLOCATE|[EXTERNAL]|Bytes:8
05:32:17.14 (14299338)|VARIABLE_SCOPE_BEGIN|[88]|this|ApexPage.PageMessagesComponentController|true|false
05:32:17.14 (14329450)|VARIABLE_ASSIGNMENT|[88]|this|{}|0x6898995c
05:32:17.14 (14332254)|VARIABLE_SCOPE_BEGIN|[88]|escape|Boolean|false|false
05:32:17.14 (14336143)|VARIABLE_ASSIGNMENT|[88]|escape|null
05:32:17.0 (14463459)|VF_APEX_CALL_START|[EXTERNAL]|01p9E000000Dmea|CommunityProdController get(getOLI)
05:32:17.0 (14469528)|SYSTEM_MODE_ENTER|true
05:32:17.0 (14479143)|VF_APEX_CALL_START|[EXTERNAL]|01p9E000000Dmea|getOLI
05:32:17.0 (14487974)|HEAP_ALLOCATE|[EXTERNAL]|Bytes:560
05:32:17.0 (14495121)|HEAP_ALLOCATE|[EXTERNAL]|Bytes:92
05:32:17.0 (14498206)|HEAP_ALLOCATE|[EXTERNAL]|Bytes:35
05:32:17.0 (14504556)|METHOD_ENTRY|[1]|01p9E000000Dmea|CommunityProdController.CommunityProdController()
05:32:17.0 (14507380)|STATEMENT_EXECUTE|[1]
05:32:17.0 (14510778)|STATEMENT_EXECUTE|[1]
05:32:17.0 (14514020)|METHOD_EXIT|[1]|CommunityProdController
05:32:17.0 (14521382)|VF_APEX_CALL_END|getOLI
05:32:17.0 (14534306)|VF_APEX_CALL_END|CommunityProdController get(getOLI)
05:32:17.14 (14851863)|VF_APEX_CALL_START|[EXTERNAL]|/apexpage/pagemessagescomponentcontroller.apex set(conEscape,null)
05:32:17.14 (14859925)|SYSTEM_MODE_ENTER|true
05:32:17.14 (14866318)|VF_APEX_CALL_START|[EXTERNAL]|PageMessagesComponentController set(conEscape,null)
05:32:17.14 (14882884)|VF_APEX_CALL_START|[EXTERNAL]|PageMessagesComponentController invoke(setconEscape)
05:32:17.14 (14900395)|HEAP_ALLOCATE|[EXTERNAL]|Bytes:8
05:32:17.14 (14904619)|VARIABLE_SCOPE_BEGIN|[88]|this|ApexPage.PageMessagesComponentController|true|false
05:32:17.14 (14921680)|VARIABLE_ASSIGNMENT|[88]|this|{}|0x6898995c
05:32:17.14 (14923920)|VARIABLE_SCOPE_BEGIN|[88]|escape|Boolean|false|false
05:32:17.14 (14926815)|VARIABLE_ASSIGNMENT|[88]|escape|null
05:32:17.0 (15047889)|VF_APEX_CALL_START|[EXTERNAL]|CommunityProdController set(delOppProdId,00k9E000003HqfVQAS)
05:32:17.0 (15057731)|SYSTEM_MODE_ENTER|true
05:32:17.0 (15063896)|VF_APEX_CALL_START|[EXTERNAL]|CommunityProdController set(delOppProdId,00k9E000003HqfVQAS)
05:32:17.0 (15081804)|HEAP_ALLOCATE|[EXTERNAL]|Bytes:18
05:32:17.0 (15084779)|HEAP_ALLOCATE|[EXTERNAL]|Bytes:104
05:32:17.0 (15097922)|VARIABLE_ASSIGNMENT|[EXTERNAL]|this.delOppProdId|"00k9E000003HqfVQAS"|0x67d14069
05:32:17.0 (15104174)|VF_APEX_CALL_END|CommunityProdController set(delOppProdId,00k9E000003HqfVQAS)
05:32:17.0 (15115901)|VF_APEX_CALL_END|CommunityProdController set(delOppProdId,00k9E000003HqfVQAS)
05:32:17.0 (15291831)|VF_APEX_CALL_START|[EXTERNAL]|01p9E000000Dmea|CommunityProdController invoke(deleteOppProd)
05:32:17.0 (15312211)|HEAP_ALLOCATE|[EXTERNAL]|Bytes:104
05:32:17.0 (15316968)|VARIABLE_SCOPE_BEGIN|[146]|this|CommunityProdController|true|false
05:32:17.0 (15578374)|VARIABLE_ASSIGNMENT|[146]|this|{"con":"0x2e58883e","currentUser":"0x43e75794","currentUserId":"00524000005uNfKAAU","delOppProdId":"00k9E000003HqfVQAS","getOLI":"0x78f68db2","newOpp":"0x52f50c7c","oppValueSummary":"0x38067764","pbEntry":"0x4124dc07","prod_pbEntry":"0xd73528c","prodList":"0x779f39b2","prodListDisp":"0x7c29cd72"}|0x67d14069
05:32:17.0 (15588783)|STATEMENT_EXECUTE|[147]
05:32:17.0 (15590333)|STATEMENT_EXECUTE|[148]
05:32:17.0 (15593698)|HEAP_ALLOCATE|[148]|Bytes:18
05:32:17.0 (15606955)|SYSTEM_METHOD_ENTRY|[148]|CommunityProdController.__sfdc_delOppProdId()
05:32:17.0 (15751406)|VARIABLE_ASSIGNMENT|[EXTERNAL]|this|{"con":"0x2e58883e","currentUser":"0x43e75794","currentUserId":"00524000005uNfKAAU","delOppProdId":"00k9E000003HqfVQAS","getOLI":"0x78f68db2","newOpp":"0x52f50c7c","oppValueSummary":"0x38067764","pbEntry":"0x4124dc07","prod_pbEntry":"0xd73528c","prodList":"0x779f39b2","prodListDisp":"0x7c29cd72"}|0x67d14069
05:32:17.0 (15762708)|SYSTEM_METHOD_EXIT|[148]|CommunityProdController.__sfdc_delOppProdId()
05:32:17.0 (15777991)|HEAP_ALLOCATE|[148]|Bytes:36
05:32:17.0 (15791817)|SYSTEM_METHOD_ENTRY|[148]|System.debug(ANY)
05:32:17.0 (15799321)|USER_DEBUG|[148]|DEBUG|del opp prod id : 00k9E000003HqfVQAS
05:32:17.0 (15802977)|SYSTEM_METHOD_EXIT|[148]|System.debug(ANY)
05:32:17.0 (15805894)|STATEMENT_EXECUTE|[149]
05:32:17.0 (15808554)|HEAP_ALLOCATE|[149]|Bytes:27
05:32:17.0 (15815332)|SYSTEM_METHOD_ENTRY|[149]|CommunityProdController.__sfdc_getOLI()
05:32:17.0 (15950956)|VARIABLE_ASSIGNMENT|[EXTERNAL]|this|{"con":"0x2e58883e","currentUser":"0x43e75794","currentUserId":"00524000005uNfKAAU","delOppProdId":"00k9E000003HqfVQAS","getOLI":"0x78f68db2","newOpp":"0x52f50c7c","oppValueSummary":"0x38067764","pbEntry":"0x4124dc07","prod_pbEntry":"0xd73528c","prodList":"0x779f39b2","prodListDisp":"0x7c29cd72"}|0x67d14069
05:32:17.0 (15959670)|SYSTEM_METHOD_EXIT|[149]|CommunityProdController.__sfdc_getOLI()
05:32:17.0 (15985418)|SYSTEM_METHOD_ENTRY|[149]|String.valueOf(Object)
05:32:17.0 (16185277)|HEAP_ALLOCATE|[149]|Bytes:522
05:32:17.0 (16200937)|SYSTEM_METHOD_EXIT|[149]|String.valueOf(Object)
05:32:17.0 (16208321)|HEAP_ALLOCATE|[149]|Bytes:549
05:32:17.0 (16216433)|SYSTEM_METHOD_ENTRY|[149]|System.debug(ANY)
05:32:17.0 (16221340)|USER_DEBUG|[149]|DEBUG|getOLI values before delete(OpportunityLineItem:{Id=00k9E000003HqfVQAS, ListPrice=1200.00, Name=Opp_null_1490613688425 First Partners - Full Licence, OpportunityId=0069E000002lBcbQAE, Product2Id=01t24000002t6w2AAA, ProductCode=FPFL12000, Quantity=1.00, TotalPrice=1200.00, UnitPrice=1200.00}, OpportunityLineItem:{Id=00k9E000003HqfQQAS, ListPrice=200.00, Name=Opp_null_1490613688425 First Partners - Donor 3D, OpportunityId=0069E000002lBcbQAE, Product2Id=01t24000002t81MAAQ, ProductCode=FPD3D200, Quantity=1.00, TotalPrice=200.00, UnitPrice=200.00})
05:32:17.0 (16226769)|SYSTEM_METHOD_EXIT|[149]|System.debug(ANY)
05:32:17.0 (16229606)|STATEMENT_EXECUTE|[151]
05:32:17.0 (16232068)|HEAP_ALLOCATE|[151]|Bytes:144
05:32:17.0 (16239078)|HEAP_ALLOCATE|[151]|Bytes:4
05:32:17.0 (16245832)|HEAP_ALLOCATE|[151]|Bytes:7
05:32:17.0 (16250676)|SYSTEM_METHOD_ENTRY|[151]|CommunityProdController.__sfdc_delOppProdId()
05:32:17.0 (16404514)|VARIABLE_ASSIGNMENT|[EXTERNAL]|this|{"con":"0x2e58883e","currentUser":"0x43e75794","currentUserId":"00524000005uNfKAAU","delOppProdId":"00k9E000003HqfVQAS","getOLI":"0x78f68db2","newOpp":"0x52f50c7c","oppValueSummary":"0x38067764","pbEntry":"0x4124dc07","prod_pbEntry":"0xd73528c","prodList":"0x779f39b2","prodListDisp":"0x7c29cd72"}|0x67d14069
05:32:17.0 (16413755)|SYSTEM_METHOD_EXIT|[151]|CommunityProdController.__sfdc_delOppProdId()
05:32:17.0 (16698349)|SOQL_EXECUTE_BEGIN|[151]|Aggregations:0|SELECT Id, ListPrice, Name, OpportunityId, Product2Id, ProductCode, Quantity, TotalPrice, UnitPrice FROM OpportunityLineItem WHERE id = :tmpVar1
05:32:17.0 (16706369)|LIMIT_USAGE|[151]|SOQL|1|100
05:32:17.0 (16716043)|LIMIT_USAGE|[151]|AGGS|0|300
05:32:17.0 (36910011)|SOQL_EXECUTE_END|[151]|Rows:1
05:32:17.0 (36922460)|LIMIT_USAGE|[151]|SOQL_ROWS|1|50000
05:32:17.0 (36938822)|HEAP_ALLOCATE|[151]|Bytes:8
05:32:17.0 (36958253)|HEAP_ALLOCATE|[151]|Bytes:376
05:32:17.0 (36990110)|HEAP_ALLOCATE|[151]|Bytes:8
05:32:17.0 (37006323)|HEAP_ALLOCATE|[151]|Bytes:45
05:32:17.0 (37071152)|HEAP_ALLOCATE|[151]|Bytes:40
05:32:17.0 (37117991)|SYSTEM_METHOD_ENTRY|[151]|CommunityProdController.__sfdc_delOppProd(OpportunityLineItem)
05:32:17.0 (37461246)|VARIABLE_ASSIGNMENT|[EXTERNAL]|this|{"con":"0x2e58883e","currentUser":"0x43e75794","currentUserId":"00524000005uNfKAAU","delOppProdId":"00k9E000003HqfVQAS","getOLI":"0x78f68db2","newOpp":"0x52f50c7c","oppValueSummary":"0x38067764","pbEntry":"0x4124dc07","prod_pbEntry":"0xd73528c","prodList":"0x779f39b2","prodListDisp":"0x7c29cd72"}|0x67d14069
05:32:17.0 (37494056)|VARIABLE_ASSIGNMENT|[EXTERNAL]|value|{"Id":"00k9E000003HqfVQAS","ListPrice":1200.00,"Name":"Opp_null_14906136884 (32 more) ...","OpportunityId":"0069E000002lBcbQAE","Product2Id":"01t24000002t6w2AAA","ProductCode":"FPFL12000","Quantity":1.00,"TotalPrice":1200.00,"UnitPrice":1200.00}|0x27dccd9f
05:32:17.0 (37525907)|VARIABLE_ASSIGNMENT|[22]|this.delOppProd|{"Id":"00k9E000003HqfVQAS","ListPrice":1200.00,"Name":"Opp_null_14906136884 (32 more) ...","OpportunityId":"0069E000002lBcbQAE","Product2Id":"01t24000002t6w2AAA","ProductCode":"FPFL12000","Quantity":1.00,"TotalPrice":1200.00,"UnitPrice":1200.00}|0x67d14069
05:32:17.0 (37538111)|SYSTEM_METHOD_EXIT|[151]|CommunityProdController.__sfdc_delOppProd(OpportunityLineItem)
05:32:17.0 (37545792)|STATEMENT_EXECUTE|[153]
05:32:17.0 (37557718)|SYSTEM_METHOD_ENTRY|[153]|CommunityProdController.__sfdc_delOppProd()
05:32:17.0 (37794818)|VARIABLE_ASSIGNMENT|[EXTERNAL]|this|{"con":"0x2e58883e","currentUser":"0x43e75794","currentUserId":"00524000005uNfKAAU","delOppProd":"0x27dccd9f","delOppProdId":"00k9E000003HqfVQAS","getOLI":"0x78f68db2","newOpp":"0x52f50c7c","oppValueSummary":"0x38067764","pbEntry":"0x4124dc07","prod_pbEntry":"0xd73528c","prodList":"0x779f39b2","prodListDisp":"0x7c29cd72"}|0x67d14069
05:32:17.0 (37815302)|SYSTEM_METHOD_EXIT|[153]|CommunityProdController.__sfdc_delOppProd()
05:32:17.0 (37843288)|HEAP_ALLOCATE|[153]|Bytes:8
05:32:17.0 (37856533)|HEAP_ALLOCATE|[153]|Bytes:8
05:32:17.0 (37862912)|DML_BEGIN|[153]|Op:Delete|Type:OpportunityLineItem|Rows:1
05:32:17.0 (37929302)|EXCEPTION_THROWN|[153]|System.LimitException: DML currently not allowed
05:32:17.0 (38048502)|HEAP_ALLOCATE|[153]|Bytes:29
05:32:17.0 (38143099)|FATAL_ERROR|System.LimitException: DML currently not allowed

Class.CommunityProdController.deleteOppProd: line 153, column 1
05:32:17.0 (38157468)|VF_APEX_CALL_END|CommunityProdController invoke(deleteOppProd)
05:32:17.48 (48964396)|CUMULATIVE_PROFILING_BEGIN
05:32:17.48 (48964396)|CUMULATIVE_PROFILING|No profiling information for SOQL operations
05:32:17.48 (48964396)|CUMULATIVE_PROFILING|No profiling information for SOSL operations
05:32:17.48 (48964396)|CUMULATIVE_PROFILING|No profiling information for DML operations
05:32:17.48 (48964396)|CUMULATIVE_PROFILING|method invocations|
External entry point: public void deleteOppProd(): executed 1 time in 22 ms
Class.CommunityProdController.deleteOppProd: line 151, column 1: public String __sfdc_delOppProdId(): executed 3 times in 21 ms
Class.CommunityProdController.deleteOppProd: line 149, column 1: public List<OpportunityLineItem> __sfdc_getOLI(): executed 3 times in 1 ms
Class.CommunityProdController.deleteOppProd: line 148, column 1: public String __sfdc_delOppProdId(): executed 2 times in 0 ms
Class.CommunityProdController.deleteOppProd: line 153, column 1: public OpportunityLineItem __sfdc_delOppProd(): executed 2 times in 0 ms

05:32:17.48 (48964396)|CUMULATIVE_PROFILING_END
