39.0 APEX_CODE,FINEST;APEX_PROFILING,FINEST;CALLOUT,FINEST;DB,FINEST;SYSTEM,FINE;VALIDATION,INFO;VISUALFORCE,FINER;WAVE,INFO;WORKFLOW,FINER
00:26:49.0 (323235)|USER_INFO|[EXTERNAL]|00524000005uNfK|neela@lightful.com.commundev|Line Is. Time|GMT+14:00
00:26:49.0 (343416)|EXECUTION_STARTED
00:26:49.0 (346654)|CODE_UNIT_STARTED|[EXTERNAL]|0669E000000Cv0R|VF: /apex/communityCaseMgmt
00:26:49.12 (12796734)|VF_APEX_CALL_START|[EXTERNAL]|/apexpage/pagemessagescomponentcontroller.apex <init>
00:26:49.12 (12812762)|SYSTEM_MODE_ENTER|true
00:26:49.12 (12927719)|HEAP_ALLOCATE|[72]|Bytes:3
00:26:49.12 (12967016)|HEAP_ALLOCATE|[77]|Bytes:152
00:26:49.12 (12984211)|HEAP_ALLOCATE|[342]|Bytes:408
00:26:49.12 (13007363)|HEAP_ALLOCATE|[355]|Bytes:408
00:26:49.12 (13029794)|HEAP_ALLOCATE|[467]|Bytes:48
00:26:49.13 (13270102)|VF_APEX_CALL_START|[EXTERNAL]|/apexpage/pagemessagescomponentcontroller.apex set(conEscape,null)
00:26:49.13 (13278326)|SYSTEM_MODE_ENTER|true
00:26:49.13 (13288503)|VF_APEX_CALL_START|[EXTERNAL]|PageMessagesComponentController set(conEscape,null)
00:26:49.13 (13305804)|VF_APEX_CALL_START|[EXTERNAL]|PageMessagesComponentController invoke(setconEscape)
00:26:49.13 (13328440)|HEAP_ALLOCATE|[EXTERNAL]|Bytes:8
00:26:49.13 (13334384)|VARIABLE_SCOPE_BEGIN|[88]|this|ApexPage.PageMessagesComponentController|true|false
00:26:49.13 (13399472)|VARIABLE_ASSIGNMENT|[88]|this|{}|0x439b7f75
00:26:49.13 (13403857)|VARIABLE_SCOPE_BEGIN|[88]|escape|Boolean|false|false
00:26:49.13 (13409650)|VARIABLE_ASSIGNMENT|[88]|escape|null
00:26:49.13 (13563627)|VF_APEX_CALL_START|[EXTERNAL]|/apexpage/pagemessagescomponentcontroller.apex get(severities)
00:26:49.13 (13571284)|SYSTEM_MODE_ENTER|true
00:26:49.13 (13580915)|VF_APEX_CALL_START|[EXTERNAL]|PageMessagesComponentController invoke(getseverities)
00:26:49.13 (13596552)|HEAP_ALLOCATE|[EXTERNAL]|Bytes:8
00:26:49.13 (13601105)|VARIABLE_SCOPE_BEGIN|[2]|this|ApexPage.PageMessagesComponentController|true|false
00:26:49.13 (13615721)|VARIABLE_ASSIGNMENT|[2]|this|{}|0x439b7f75
00:26:49.0 (58143780)|VF_APEX_CALL_START|[EXTERNAL]|01p9E000000Dmpd|communityCaseMgmtController <init>
00:26:49.0 (58158712)|SYSTEM_MODE_ENTER|true
00:26:49.0 (58391976)|HEAP_ALLOCATE|[EXTERNAL]|Bytes:484
00:26:49.0 (58401188)|HEAP_ALLOCATE|[EXTERNAL]|Bytes:92
00:26:49.0 (58404015)|HEAP_ALLOCATE|[EXTERNAL]|Bytes:34
00:26:49.0 (58415490)|METHOD_ENTRY|[1]|01p9E000000Dmpd|communityCaseMgmtController.communityCaseMgmtController()
00:26:49.0 (58419357)|STATEMENT_EXECUTE|[1]
00:26:49.0 (58425535)|STATEMENT_EXECUTE|[1]
00:26:49.0 (58433373)|METHOD_EXIT|[1]|communityCaseMgmtController
00:26:49.0 (58589949)|HEAP_ALLOCATE|[EXTERNAL]|Bytes:88
00:26:49.0 (58597522)|VARIABLE_SCOPE_BEGIN|[21]|this|communityCaseMgmtController|true|false
00:26:49.0 (58706352)|VARIABLE_ASSIGNMENT|[21]|this|{}|0x70a3e6d
00:26:49.0 (58714700)|STATEMENT_EXECUTE|[1]
00:26:49.0 (58716040)|STATEMENT_EXECUTE|[3]
00:26:49.0 (58717555)|STATEMENT_EXECUTE|[4]
00:26:49.0 (58718488)|STATEMENT_EXECUTE|[5]
00:26:49.0 (58719380)|STATEMENT_EXECUTE|[6]
00:26:49.0 (58720306)|STATEMENT_EXECUTE|[7]
00:26:49.0 (58721282)|STATEMENT_EXECUTE|[8]
00:26:49.0 (58722167)|STATEMENT_EXECUTE|[9]
00:26:49.0 (58723067)|STATEMENT_EXECUTE|[11]
00:26:49.0 (58724187)|STATEMENT_EXECUTE|[12]
00:26:49.0 (58725208)|STATEMENT_EXECUTE|[13]
00:26:49.0 (58726109)|STATEMENT_EXECUTE|[15]
00:26:49.0 (58727156)|STATEMENT_EXECUTE|[17]
00:26:49.0 (58728059)|STATEMENT_EXECUTE|[18]
00:26:49.0 (58728956)|STATEMENT_EXECUTE|[19]
00:26:49.0 (58729856)|STATEMENT_EXECUTE|[148]
00:26:49.0 (58731054)|STATEMENT_EXECUTE|[149]
00:26:49.0 (58731949)|STATEMENT_EXECUTE|[150]
00:26:49.0 (58733104)|STATEMENT_EXECUTE|[151]
00:26:49.0 (58734061)|STATEMENT_EXECUTE|[152]
00:26:49.0 (58734958)|STATEMENT_EXECUTE|[153]
00:26:49.0 (58735899)|STATEMENT_EXECUTE|[154]
00:26:49.0 (58759001)|STATEMENT_EXECUTE|[22]
00:26:49.0 (58760318)|STATEMENT_EXECUTE|[23]
00:26:49.0 (58810114)|HEAP_ALLOCATE|[23]|Bytes:85
00:26:49.0 (58819159)|SYSTEM_METHOD_ENTRY|[1]|UserInfo.UserInfo()
00:26:49.0 (58821501)|STATEMENT_EXECUTE|[1]
00:26:49.0 (58826871)|SYSTEM_METHOD_EXIT|[1]|UserInfo
00:26:49.0 (58837813)|METHOD_ENTRY|[23]||System.UserInfo.getUserId()
00:26:49.0 (58918580)|METHOD_EXIT|[23]||System.UserInfo.getUserId()
00:26:49.0 (58933911)|HEAP_ALLOCATE|[23]|Bytes:4
00:26:49.0 (58948783)|SYSTEM_METHOD_ENTRY|[23]|communityCaseMgmtController.__sfdc_currentUserId(Id)
00:26:49.0 (58981080)|VARIABLE_ASSIGNMENT|[EXTERNAL]|this|{}|0x70a3e6d
00:26:49.0 (59125726)|VARIABLE_ASSIGNMENT|[EXTERNAL]|value|"00524000005uNfKAAU"
00:26:49.0 (59194398)|VARIABLE_ASSIGNMENT|[11]|this.currentUserId|"00524000005uNfKAAU"|0x70a3e6d
00:26:49.0 (59202484)|SYSTEM_METHOD_EXIT|[23]|communityCaseMgmtController.__sfdc_currentUserId(Id)
00:26:49.0 (59205966)|STATEMENT_EXECUTE|[24]
00:26:49.0 (59210525)|HEAP_ALLOCATE|[24]|Bytes:105
00:26:49.0 (59221641)|HEAP_ALLOCATE|[24]|Bytes:4
00:26:49.0 (59231419)|HEAP_ALLOCATE|[24]|Bytes:7
00:26:49.0 (59238219)|SYSTEM_METHOD_ENTRY|[24]|communityCaseMgmtController.__sfdc_currentUserId()
00:26:49.0 (59363371)|VARIABLE_ASSIGNMENT|[EXTERNAL]|this|{"currentUserId":"00524000005uNfKAAU"}|0x70a3e6d
00:26:49.0 (59372876)|SYSTEM_METHOD_EXIT|[24]|communityCaseMgmtController.__sfdc_currentUserId()
00:26:49.0 (59662571)|SOQL_EXECUTE_BEGIN|[24]|Aggregations:0|SELECT id, name, firstname, lastname, contactid, fullphotourl, phone, email FROM user WHERE id = :tmpVar1
00:26:49.0 (59671864)|LIMIT_USAGE|[24]|SOQL|1|100
00:26:49.0 (59681258)|LIMIT_USAGE|[24]|AGGS|0|300
00:26:49.0 (62642580)|SOQL_EXECUTE_END|[24]|Rows:1
00:26:49.0 (62648812)|LIMIT_USAGE|[24]|SOQL_ROWS|1|50000
00:26:49.0 (62660448)|HEAP_ALLOCATE|[24]|Bytes:8
00:26:49.0 (62676183)|HEAP_ALLOCATE|[24]|Bytes:183
00:26:49.0 (62717237)|HEAP_ALLOCATE|[24]|Bytes:8
00:26:49.0 (62726403)|HEAP_ALLOCATE|[24]|Bytes:30
00:26:49.0 (62783259)|HEAP_ALLOCATE|[24]|Bytes:28
00:26:49.0 (62803326)|SYSTEM_METHOD_ENTRY|[24]|communityCaseMgmtController.__sfdc_currentUser(User)
00:26:49.0 (62928860)|VARIABLE_ASSIGNMENT|[EXTERNAL]|this|{"currentUserId":"00524000005uNfKAAU"}|0x70a3e6d
00:26:49.0 (62947965)|VARIABLE_ASSIGNMENT|[EXTERNAL]|value|{"Id":"00524000005uNfKAAU","Name":"Neela SN","FirstName":"Neela","LastName":"SN","FullPhotoUrl":"https://c.cs88.conte (43 more) ...","Email":"neela@lightful.com"}|0x7c235ff2
00:26:49.0 (62961745)|VARIABLE_ASSIGNMENT|[12]|this.currentUser|{"Id":"00524000005uNfKAAU","Name":"Neela SN","FirstName":"Neela","LastName":"SN","FullPhotoUrl":"https://c.cs88.conte (43 more) ...","Email":"neela@lightful.com"}|0x70a3e6d
00:26:49.0 (62968841)|SYSTEM_METHOD_EXIT|[24]|communityCaseMgmtController.__sfdc_currentUser(User)
00:26:49.0 (62972498)|STATEMENT_EXECUTE|[25]
00:26:49.0 (62987489)|HEAP_ALLOCATE|[25]|Bytes:4
00:26:49.0 (63092646)|SYSTEM_METHOD_ENTRY|[25]|communityCaseMgmtController.__sfdc_newCaseOwner(Contact)
00:26:49.0 (63228827)|VARIABLE_ASSIGNMENT|[EXTERNAL]|this|{"currentUser":"0x7c235ff2","currentUserId":"00524000005uNfKAAU"}|0x70a3e6d
00:26:49.0 (63239621)|VARIABLE_ASSIGNMENT|[EXTERNAL]|value|{}|0x46f96a7d
00:26:49.0 (63247992)|VARIABLE_ASSIGNMENT|[6]|this.newCaseOwner|{}|0x70a3e6d
00:26:49.0 (63253711)|SYSTEM_METHOD_EXIT|[25]|communityCaseMgmtController.__sfdc_newCaseOwner(Contact)
00:26:49.0 (63257308)|STATEMENT_EXECUTE|[27]
00:26:49.0 (63272487)|SYSTEM_METHOD_ENTRY|[27]|communityCaseMgmtController.__sfdc_showCreateCase(Boolean)
00:26:49.0 (63391804)|VARIABLE_ASSIGNMENT|[EXTERNAL]|this|{"currentUser":"0x7c235ff2","currentUserId":"00524000005uNfKAAU","newCaseOwner":"0x46f96a7d"}|0x70a3e6d
00:26:49.0 (63405524)|VARIABLE_ASSIGNMENT|[EXTERNAL]|value|false
00:26:49.0 (63410312)|HEAP_ALLOCATE|[17]|Bytes:5
00:26:49.0 (63415858)|VARIABLE_ASSIGNMENT|[17]|this.showCreateCase|false|0x70a3e6d
00:26:49.0 (63421009)|SYSTEM_METHOD_EXIT|[27]|communityCaseMgmtController.__sfdc_showCreateCase(Boolean)
00:26:49.0 (63424109)|STATEMENT_EXECUTE|[29]
00:26:49.0 (63429412)|HEAP_ALLOCATE|[29]|Bytes:4
00:26:49.0 (63453588)|SYSTEM_CONSTRUCTOR_ENTRY|[29]|<init>()
00:26:49.0 (63473884)|SYSTEM_CONSTRUCTOR_EXIT|[29]|<init>()
00:26:49.0 (63493811)|SYSTEM_METHOD_ENTRY|[29]|communityCaseMgmtController.__sfdc_conRelatedAccsList(List<AccountContactRelation>)
00:26:49.0 (63606240)|VARIABLE_ASSIGNMENT|[EXTERNAL]|this|{"currentUser":"0x7c235ff2","currentUserId":"00524000005uNfKAAU","newCaseOwner":"0x46f96a7d","showCreateCase":false}|0x70a3e6d
00:26:49.0 (63614006)|HEAP_ALLOCATE|[EXTERNAL]|Bytes:4
00:26:49.0 (63620775)|VARIABLE_ASSIGNMENT|[EXTERNAL]|value|[]|0x756d5f9e
00:26:49.0 (63627822)|VARIABLE_ASSIGNMENT|[18]|this.conRelatedAccsList|[]|0x70a3e6d
00:26:49.0 (63633328)|SYSTEM_METHOD_EXIT|[29]|communityCaseMgmtController.__sfdc_conRelatedAccsList(List<AccountContactRelation>)
00:26:49.0 (63636473)|STATEMENT_EXECUTE|[30]
00:26:49.0 (63641056)|HEAP_ALLOCATE|[30]|Bytes:4
00:26:49.0 (63678581)|SYSTEM_METHOD_ENTRY|[30]|communityCaseMgmtController.__sfdc_myOrgCases(Map<Id,List<Case>>)
00:26:49.0 (63805331)|VARIABLE_ASSIGNMENT|[EXTERNAL]|this|{"conRelatedAccsList":"0x756d5f9e","currentUser":"0x7c235ff2","currentUserId":"00524000005uNfKAAU","newCaseOwner":"0x46f96a7d","showCreateCase":false}|0x70a3e6d
00:26:49.0 (63818381)|VARIABLE_ASSIGNMENT|[EXTERNAL]|value|{}|0x3b56a3b6
00:26:49.0 (63825712)|VARIABLE_ASSIGNMENT|[5]|this.myOrgCases|{}|0x70a3e6d
00:26:49.0 (63830945)|SYSTEM_METHOD_EXIT|[30]|communityCaseMgmtController.__sfdc_myOrgCases(Map<Id,List<Case>>)
00:26:49.0 (63833803)|STATEMENT_EXECUTE|[31]
00:26:49.0 (63837314)|HEAP_ALLOCATE|[31]|Bytes:4
00:26:49.0 (63855272)|SYSTEM_METHOD_ENTRY|[31]|communityCaseMgmtController.__sfdc_accName(Map<Id,String>)
00:26:49.0 (63983098)|VARIABLE_ASSIGNMENT|[EXTERNAL]|this|{"conRelatedAccsList":"0x756d5f9e","currentUser":"0x7c235ff2","currentUserId":"00524000005uNfKAAU","myOrgCases":"0x3b56a3b6","newCaseOwner":"0x46f96a7d","showCreateCase":false}|0x70a3e6d
00:26:49.0 (63991392)|VARIABLE_ASSIGNMENT|[EXTERNAL]|value|{}|0x5170f372
00:26:49.0 (63997748)|VARIABLE_ASSIGNMENT|[7]|this.accName|{}|0x70a3e6d
00:26:49.0 (64002605)|SYSTEM_METHOD_EXIT|[31]|communityCaseMgmtController.__sfdc_accName(Map<Id,String>)
00:26:49.0 (64005889)|STATEMENT_EXECUTE|[32]
00:26:49.0 (64009609)|HEAP_ALLOCATE|[32]|Bytes:4
00:26:49.0 (64024987)|SYSTEM_METHOD_ENTRY|[32]|communityCaseMgmtController.__sfdc_accCaseCount(Map<Id,Integer>)
00:26:49.0 (64151616)|VARIABLE_ASSIGNMENT|[EXTERNAL]|this|{"accName":"0x5170f372","conRelatedAccsList":"0x756d5f9e","currentUser":"0x7c235ff2","currentUserId":"00524000005uNfKAAU","myOrgCases":"0x3b56a3b6","newCaseOwner":"0x46f96a7d","showCreateCase":false}|0x70a3e6d
00:26:49.0 (64159325)|VARIABLE_ASSIGNMENT|[EXTERNAL]|value|{}|0x741a3377
00:26:49.0 (64165805)|VARIABLE_ASSIGNMENT|[9]|this.accCaseCount|{}|0x70a3e6d
00:26:49.0 (64170650)|SYSTEM_METHOD_EXIT|[32]|communityCaseMgmtController.__sfdc_accCaseCount(Map<Id,Integer>)
00:26:49.0 (64177020)|SYSTEM_METHOD_ENTRY|[34]|communityCaseMgmtController.__sfdc_currentUser()
00:26:49.0 (64299434)|VARIABLE_ASSIGNMENT|[EXTERNAL]|this|{"accCaseCount":"0x741a3377","accName":"0x5170f372","conRelatedAccsList":"0x756d5f9e","currentUser":"0x7c235ff2","currentUserId":"00524000005uNfKAAU","myOrgCases":"0x3b56a3b6","newCaseOwner":"0x46f96a7d","showCreateCase":false}|0x70a3e6d
00:26:49.0 (64309740)|SYSTEM_METHOD_EXIT|[34]|communityCaseMgmtController.__sfdc_currentUser()
00:26:49.0 (64320801)|STATEMENT_EXECUTE|[44]
00:26:49.0 (64322207)|STATEMENT_EXECUTE|[45]
00:26:49.0 (64333355)|HEAP_ALLOCATE|[45]|Bytes:4
00:26:49.0 (64359004)|SYSTEM_METHOD_ENTRY|[45]|communityCaseMgmtController.__sfdc_con(Contact)
00:26:49.0 (64496527)|VARIABLE_ASSIGNMENT|[EXTERNAL]|this|{"accCaseCount":"0x741a3377","accName":"0x5170f372","conRelatedAccsList":"0x756d5f9e","currentUser":"0x7c235ff2","currentUserId":"00524000005uNfKAAU","myOrgCases":"0x3b56a3b6","newCaseOwner":"0x46f96a7d","showCreateCase":false}|0x70a3e6d
00:26:49.0 (64505821)|VARIABLE_ASSIGNMENT|[EXTERNAL]|value|{}|0x1b3f963f
00:26:49.0 (64512357)|VARIABLE_ASSIGNMENT|[13]|this.con|{}|0x70a3e6d
00:26:49.0 (64517109)|SYSTEM_METHOD_EXIT|[45]|communityCaseMgmtController.__sfdc_con(Contact)
00:26:49.0 (64519845)|STATEMENT_EXECUTE|[46]
00:26:49.0 (64523741)|SYSTEM_METHOD_ENTRY|[46]|communityCaseMgmtController.__sfdc_currentUser()
00:26:49.0 (64646664)|VARIABLE_ASSIGNMENT|[EXTERNAL]|this|{"accCaseCount":"0x741a3377","accName":"0x5170f372","con":"0x1b3f963f","conRelatedAccsList":"0x756d5f9e","currentUser":"0x7c235ff2","currentUserId":"00524000005uNfKAAU","myOrgCases":"0x3b56a3b6","newCaseOwner":"0x46f96a7d","showCreateCase":false}|0x70a3e6d
00:26:49.0 (64654130)|SYSTEM_METHOD_EXIT|[46]|communityCaseMgmtController.__sfdc_currentUser()
00:26:49.0 (64684456)|SYSTEM_METHOD_ENTRY|[46]|communityCaseMgmtController.__sfdc_newCaseOwner()
00:26:49.0 (64804669)|VARIABLE_ASSIGNMENT|[EXTERNAL]|this|{"accCaseCount":"0x741a3377","accName":"0x5170f372","con":"0x1b3f963f","conRelatedAccsList":"0x756d5f9e","currentUser":"0x7c235ff2","currentUserId":"00524000005uNfKAAU","myOrgCases":"0x3b56a3b6","newCaseOwner":"0x46f96a7d","showCreateCase":false}|0x70a3e6d
00:26:49.0 (64813481)|SYSTEM_METHOD_EXIT|[46]|communityCaseMgmtController.__sfdc_newCaseOwner()
00:26:49.0 (64863135)|VARIABLE_ASSIGNMENT|[46]|this.FirstName|"Neela"|0x46f96a7d
00:26:49.0 (64866082)|STATEMENT_EXECUTE|[47]
00:26:49.0 (64871831)|SYSTEM_METHOD_ENTRY|[47]|communityCaseMgmtController.__sfdc_currentUser()
00:26:49.0 (65000480)|VARIABLE_ASSIGNMENT|[EXTERNAL]|this|{"accCaseCount":"0x741a3377","accName":"0x5170f372","con":"0x1b3f963f","conRelatedAccsList":"0x756d5f9e","currentUser":"0x7c235ff2","currentUserId":"00524000005uNfKAAU","myOrgCases":"0x3b56a3b6","newCaseOwner":"0x46f96a7d","showCreateCase":false}|0x70a3e6d
00:26:49.0 (65009256)|SYSTEM_METHOD_EXIT|[47]|communityCaseMgmtController.__sfdc_currentUser()
00:26:49.0 (65030111)|SYSTEM_METHOD_ENTRY|[47]|communityCaseMgmtController.__sfdc_newCaseOwner()
00:26:49.0 (65146022)|VARIABLE_ASSIGNMENT|[EXTERNAL]|this|{"accCaseCount":"0x741a3377","accName":"0x5170f372","con":"0x1b3f963f","conRelatedAccsList":"0x756d5f9e","currentUser":"0x7c235ff2","currentUserId":"00524000005uNfKAAU","myOrgCases":"0x3b56a3b6","newCaseOwner":"0x46f96a7d","showCreateCase":false}|0x70a3e6d
00:26:49.0 (65153615)|SYSTEM_METHOD_EXIT|[47]|communityCaseMgmtController.__sfdc_newCaseOwner()
00:26:49.0 (65179776)|VARIABLE_ASSIGNMENT|[47]|this.LastName|"SN"|0x46f96a7d
00:26:49.0 (65181880)|STATEMENT_EXECUTE|[48]
00:26:49.0 (65186783)|SYSTEM_METHOD_ENTRY|[48]|communityCaseMgmtController.__sfdc_currentUser()
00:26:49.0 (65311862)|VARIABLE_ASSIGNMENT|[EXTERNAL]|this|{"accCaseCount":"0x741a3377","accName":"0x5170f372","con":"0x1b3f963f","conRelatedAccsList":"0x756d5f9e","currentUser":"0x7c235ff2","currentUserId":"00524000005uNfKAAU","myOrgCases":"0x3b56a3b6","newCaseOwner":"0x46f96a7d","showCreateCase":false}|0x70a3e6d
00:26:49.0 (65319301)|SYSTEM_METHOD_EXIT|[48]|communityCaseMgmtController.__sfdc_currentUser()
00:26:49.0 (65339311)|SYSTEM_METHOD_ENTRY|[48]|communityCaseMgmtController.__sfdc_newCaseOwner()
00:26:49.0 (65454420)|VARIABLE_ASSIGNMENT|[EXTERNAL]|this|{"accCaseCount":"0x741a3377","accName":"0x5170f372","con":"0x1b3f963f","conRelatedAccsList":"0x756d5f9e","currentUser":"0x7c235ff2","currentUserId":"00524000005uNfKAAU","myOrgCases":"0x3b56a3b6","newCaseOwner":"0x46f96a7d","showCreateCase":false}|0x70a3e6d
00:26:49.0 (65461775)|SYSTEM_METHOD_EXIT|[48]|communityCaseMgmtController.__sfdc_newCaseOwner()
00:26:49.0 (65495086)|VARIABLE_ASSIGNMENT|[48]|this.Email|"neela@lightful.com"|0x46f96a7d
00:26:49.0 (65497387)|STATEMENT_EXECUTE|[51]
00:26:49.0 (65501293)|HEAP_ALLOCATE|[51]|Bytes:118
00:26:49.0 (65507302)|HEAP_ALLOCATE|[51]|Bytes:4
00:26:49.0 (65725052)|SOQL_EXECUTE_BEGIN|[51]|Aggregations:0|SELECT AccountId, ContactId, IsActive, IsDirect, Roles FROM AccountContactRelation WHERE ContactId = '0039E000004AdCP'
00:26:49.0 (65731106)|LIMIT_USAGE|[51]|SOQL|2|100
00:26:49.0 (65737936)|LIMIT_USAGE|[51]|AGGS|0|300
00:26:49.0 (70066091)|SOQL_EXECUTE_END|[51]|Rows:2
00:26:49.0 (70071907)|LIMIT_USAGE|[51]|SOQL_ROWS|3|50000
00:26:49.0 (70081069)|HEAP_ALLOCATE|[51]|Bytes:12
00:26:49.0 (70094673)|HEAP_ALLOCATE|[51]|Bytes:246
00:26:49.0 (70116671)|HEAP_ALLOCATE|[51]|Bytes:12
00:26:49.0 (70129831)|SYSTEM_METHOD_ENTRY|[51]|communityCaseMgmtController.__sfdc_conRelatedAccsList(List<AccountContactRelation>)
00:26:49.0 (70274884)|VARIABLE_ASSIGNMENT|[EXTERNAL]|this|{"accCaseCount":"0x741a3377","accName":"0x5170f372","con":"0x1b3f963f","conRelatedAccsList":"0x756d5f9e","currentUser":"0x7c235ff2","currentUserId":"00524000005uNfKAAU","myOrgCases":"0x3b56a3b6","newCaseOwner":"0x46f96a7d","showCreateCase":false}|0x70a3e6d
00:26:49.0 (70293703)|VARIABLE_ASSIGNMENT|[EXTERNAL]|value|[{"AccountId":"0019E000006wqt7QAA","ContactId":"0039E000004AdCPQA0","IsActive":true,"IsDirect":false,"Id":"07k9E000000f4JJQAY"},{"AccountId":"0019E000005FzZJQA0","ContactId":"0039E000004AdCPQA0","IsActive":true,"IsDirect":true,"Id":"07k9E000000f4IpQAI"}]|0x7e877913
00:26:49.0 (70307518)|VARIABLE_ASSIGNMENT|[18]|this.conRelatedAccsList|[{"AccountId":"0019E000006wqt7QAA","ContactId":"0039E000004AdCPQA0","IsActive":true,"IsDirect":false,"Id":"07k9E000000f4JJQAY"},{"AccountId":"0019E000005FzZJQA0","ContactId":"0039E000004AdCPQA0","IsActive":true,"IsDirect":true,"Id":"07k9E000000f4IpQAI"}]|0x70a3e6d
00:26:49.0 (70315411)|SYSTEM_METHOD_EXIT|[51]|communityCaseMgmtController.__sfdc_conRelatedAccsList(List<AccountContactRelation>)
00:26:49.0 (70319106)|STATEMENT_EXECUTE|[55]
00:26:49.0 (70322554)|HEAP_ALLOCATE|[55]|Bytes:168
00:26:49.0 (70328228)|HEAP_ALLOCATE|[55]|Bytes:4
00:26:49.0 (70335863)|SYSTEM_METHOD_ENTRY|[55]|communityCaseMgmtController.__sfdc_currentUserId()
00:26:49.0 (70468339)|VARIABLE_ASSIGNMENT|[EXTERNAL]|this|{"accCaseCount":"0x741a3377","accName":"0x5170f372","con":"0x1b3f963f","conRelatedAccsList":"0x7e877913","currentUser":"0x7c235ff2","currentUserId":"00524000005uNfKAAU","myOrgCases":"0x3b56a3b6","newCaseOwner":"0x46f96a7d","showCreateCase":false}|0x70a3e6d
00:26:49.0 (70477071)|SYSTEM_METHOD_EXIT|[55]|communityCaseMgmtController.__sfdc_currentUserId()
00:26:49.0 (70754895)|SOQL_EXECUTE_BEGIN|[55]|Aggregations:0|SELECT CaseNumber, ContactEmail, ContactId, CreatedById, Description, Priority, Reason, Subject, Issue_Type__c, accountid, status FROM Case WHERE CreatedById = :tmpVar1
00:26:49.0 (70760916)|LIMIT_USAGE|[55]|SOQL|3|100
00:26:49.0 (70767565)|LIMIT_USAGE|[55]|AGGS|0|300
00:26:49.0 (75204287)|SOQL_EXECUTE_END|[55]|Rows:6
00:26:49.0 (75210556)|LIMIT_USAGE|[55]|SOQL_ROWS|9|50000
00:26:49.0 (75220064)|HEAP_ALLOCATE|[55]|Bytes:28
00:26:49.0 (75242953)|HEAP_ALLOCATE|[55]|Bytes:2224
00:26:49.0 (75264401)|HEAP_ALLOCATE|[55]|Bytes:28
00:26:49.0 (75288758)|SYSTEM_METHOD_ENTRY|[55]|communityCaseMgmtController.__sfdc_myCases(List<Case>)
00:26:49.0 (75437099)|VARIABLE_ASSIGNMENT|[EXTERNAL]|this|{"accCaseCount":"0x741a3377","accName":"0x5170f372","con":"0x1b3f963f","conRelatedAccsList":"0x7e877913","currentUser":"0x7c235ff2","currentUserId":"00524000005uNfKAAU","myOrgCases":"0x3b56a3b6","newCaseOwner":"0x46f96a7d","showCreateCase":false}|0x70a3e6d
00:26:49.0 (75449095)|VARIABLE_ASSIGNMENT|[EXTERNAL]|value|"List of size 6 too large to display"|0x70d2bb63
00:26:49.0 (75458746)|VARIABLE_ASSIGNMENT|[4]|this.myCases|"List of size 6 too large to display"|0x70a3e6d
00:26:49.0 (75465374)|SYSTEM_METHOD_EXIT|[55]|communityCaseMgmtController.__sfdc_myCases(List<Case>)
00:26:49.0 (75469172)|STATEMENT_EXECUTE|[57]
00:26:49.0 (75486787)|HEAP_ALLOCATE|[57]|Bytes:4
00:26:49.0 (75563015)|SYSTEM_METHOD_ENTRY|[57]|communityCaseMgmtController.__sfdc_newCase(Case)
00:26:49.0 (75712719)|VARIABLE_ASSIGNMENT|[EXTERNAL]|this|{"accCaseCount":"0x741a3377","accName":"0x5170f372","con":"0x1b3f963f","conRelatedAccsList":"0x7e877913","currentUser":"0x7c235ff2","currentUserId":"00524000005uNfKAAU","myCases":"0x70d2bb63","myOrgCases":"0x3b56a3b6","newCaseOwner":"0x46f96a7d","showCreateCase":false}|0x70a3e6d
00:26:49.0 (75723206)|VARIABLE_ASSIGNMENT|[EXTERNAL]|value|{}|0x5728dbb4
00:26:49.0 (75731296)|VARIABLE_ASSIGNMENT|[3]|this.newCase|{}|0x70a3e6d
00:26:49.0 (75736875)|SYSTEM_METHOD_EXIT|[57]|communityCaseMgmtController.__sfdc_newCase(Case)
00:26:49.0 (75739888)|STATEMENT_EXECUTE|[58]
00:26:49.0 (75745508)|HEAP_ALLOCATE|[58]|Bytes:4
00:26:49.0 (75754896)|SYSTEM_CONSTRUCTOR_ENTRY|[58]|<init>()
00:26:49.0 (75769738)|SYSTEM_CONSTRUCTOR_EXIT|[58]|<init>()
00:26:49.0 (75782816)|SYSTEM_METHOD_ENTRY|[58]|communityCaseMgmtController.__sfdc_relatedAccId(List<Id>)
00:26:49.0 (75909121)|VARIABLE_ASSIGNMENT|[EXTERNAL]|this|{"accCaseCount":"0x741a3377","accName":"0x5170f372","con":"0x1b3f963f","conRelatedAccsList":"0x7e877913","currentUser":"0x7c235ff2","currentUserId":"00524000005uNfKAAU","myCases":"0x70d2bb63","myOrgCases":"0x3b56a3b6","newCase":"0x5728dbb4","newCaseOwner":"0x46f96a7d","showCreateCase":false}|0x70a3e6d
00:26:49.0 (75934705)|HEAP_ALLOCATE|[EXTERNAL]|Bytes:4
00:26:49.0 (75942555)|VARIABLE_ASSIGNMENT|[EXTERNAL]|value|[]|0xa1e471b
00:26:49.0 (75950794)|VARIABLE_ASSIGNMENT|[8]|this.relatedAccId|[]|0x70a3e6d
00:26:49.0 (75956741)|SYSTEM_METHOD_EXIT|[58]|communityCaseMgmtController.__sfdc_relatedAccId(List<Id>)
00:26:49.0 (75959762)|STATEMENT_EXECUTE|[60]
00:26:49.0 (75963092)|HEAP_ALLOCATE|[60]|Bytes:21
00:26:49.0 (75970625)|SYSTEM_METHOD_ENTRY|[60]|communityCaseMgmtController.__sfdc_newCase()
00:26:49.0 (76106326)|VARIABLE_ASSIGNMENT|[EXTERNAL]|this|{"accCaseCount":"0x741a3377","accName":"0x5170f372","con":"0x1b3f963f","conRelatedAccsList":"0x7e877913","currentUser":"0x7c235ff2","currentUserId":"00524000005uNfKAAU","myCases":"0x70d2bb63","myOrgCases":"0x3b56a3b6","newCase":"0x5728dbb4","newCaseOwner":"0x46f96a7d","relatedAccId":"0xa1e471b","showCreateCase":false}|0x70a3e6d
00:26:49.0 (76117164)|SYSTEM_METHOD_EXIT|[60]|communityCaseMgmtController.__sfdc_newCase()
00:26:49.0 (76150984)|SYSTEM_METHOD_ENTRY|[60]|String.valueOf(Object)
00:26:49.0 (76161031)|SYSTEM_METHOD_EXIT|[60]|String.valueOf(Object)
00:26:49.0 (76165472)|SYSTEM_METHOD_ENTRY|[60]|communityCaseMgmtController.__sfdc_newCase()
00:26:49.0 (76288886)|VARIABLE_ASSIGNMENT|[EXTERNAL]|this|{"accCaseCount":"0x741a3377","accName":"0x5170f372","con":"0x1b3f963f","conRelatedAccsList":"0x7e877913","currentUser":"0x7c235ff2","currentUserId":"00524000005uNfKAAU","myCases":"0x70d2bb63","myOrgCases":"0x3b56a3b6","newCase":"0x5728dbb4","newCaseOwner":"0x46f96a7d","relatedAccId":"0xa1e471b","showCreateCase":false}|0x70a3e6d
00:26:49.0 (76296833)|SYSTEM_METHOD_EXIT|[60]|communityCaseMgmtController.__sfdc_newCase()
00:26:49.0 (76309768)|HEAP_ALLOCATE|[60]|Bytes:29
00:26:49.0 (76329911)|SYSTEM_METHOD_ENTRY|[60]|System.debug(ANY)
00:26:49.0 (76341059)|USER_DEBUG|[60]|DEBUG|contact of case is : nullnull
00:26:49.0 (76345239)|SYSTEM_METHOD_EXIT|[60]|System.debug(ANY)
00:26:49.0 (76347847)|STATEMENT_EXECUTE|[61]
00:26:49.0 (76350725)|HEAP_ALLOCATE|[61]|Bytes:37
00:26:49.0 (76358157)|SYSTEM_METHOD_ENTRY|[61]|communityCaseMgmtController.__sfdc_conRelatedAccsList()
00:26:49.0 (76497725)|VARIABLE_ASSIGNMENT|[EXTERNAL]|this|{"accCaseCount":"0x741a3377","accName":"0x5170f372","con":"0x1b3f963f","conRelatedAccsList":"0x7e877913","currentUser":"0x7c235ff2","currentUserId":"00524000005uNfKAAU","myCases":"0x70d2bb63","myOrgCases":"0x3b56a3b6","newCase":"0x5728dbb4","newCaseOwner":"0x46f96a7d","relatedAccId":"0xa1e471b","showCreateCase":false}|0x70a3e6d
00:26:49.0 (76507956)|SYSTEM_METHOD_EXIT|[61]|communityCaseMgmtController.__sfdc_conRelatedAccsList()
00:26:49.0 (76522660)|SYSTEM_METHOD_ENTRY|[61]|String.valueOf(Object)
00:26:49.0 (76574766)|HEAP_ALLOCATE|[61]|Bytes:277
00:26:49.0 (76585245)|SYSTEM_METHOD_EXIT|[61]|String.valueOf(Object)
00:26:49.0 (76593911)|HEAP_ALLOCATE|[61]|Bytes:314
00:26:49.0 (76601551)|SYSTEM_METHOD_ENTRY|[61]|System.debug(ANY)
00:26:49.0 (76605626)|USER_DEBUG|[61]|DEBUG|Related accounts of the contact is : (AccountContactRelation:{AccountId=0019E000006wqt7QAA, ContactId=0039E000004AdCPQA0, IsActive=true, IsDirect=false, Id=07k9E000000f4JJQAY}, AccountContactRelation:{AccountId=0019E000005FzZJQA0, ContactId=0039E000004AdCPQA0, IsActive=true, IsDirect=true, Id=07k9E000000f4IpQAI})
00:26:49.0 (76610172)|SYSTEM_METHOD_EXIT|[61]|System.debug(ANY)
00:26:49.0 (76612512)|STATEMENT_EXECUTE|[63]
00:26:49.0 (76617019)|HEAP_ALLOCATE|[63]|Bytes:4
00:26:49.0 (76656547)|SYSTEM_METHOD_ENTRY|[63]|communityCaseMgmtController.__sfdc_qViewCaseComment(Map<Id,List<CaseComment>>)
00:26:49.0 (76803310)|VARIABLE_ASSIGNMENT|[EXTERNAL]|this|{"accCaseCount":"0x741a3377","accName":"0x5170f372","con":"0x1b3f963f","conRelatedAccsList":"0x7e877913","currentUser":"0x7c235ff2","currentUserId":"00524000005uNfKAAU","myCases":"0x70d2bb63","myOrgCases":"0x3b56a3b6","newCase":"0x5728dbb4","newCaseOwner":"0x46f96a7d","relatedAccId":"0xa1e471b","showCreateCase":false}|0x70a3e6d
00:26:49.0 (76813545)|VARIABLE_ASSIGNMENT|[EXTERNAL]|value|{}|0x70968039
00:26:49.0 (76822015)|VARIABLE_ASSIGNMENT|[151]|this.qViewCaseComment|{}|0x70a3e6d
00:26:49.0 (76827685)|SYSTEM_METHOD_EXIT|[63]|communityCaseMgmtController.__sfdc_qViewCaseComment(Map<Id,List<CaseComment>>)
00:26:49.0 (76833328)|SYSTEM_METHOD_ENTRY|[66]|communityCaseMgmtController.__sfdc_conRelatedAccsList()
00:26:49.0 (76962907)|VARIABLE_ASSIGNMENT|[EXTERNAL]|this|{"accCaseCount":"0x741a3377","accName":"0x5170f372","con":"0x1b3f963f","conRelatedAccsList":"0x7e877913","currentUser":"0x7c235ff2","currentUserId":"00524000005uNfKAAU","myCases":"0x70d2bb63","myOrgCases":"0x3b56a3b6","newCase":"0x5728dbb4","newCaseOwner":"0x46f96a7d","qViewCaseComment":"0x70968039","relatedAccId":"0xa1e471b","showCreateCase":false}|0x70a3e6d
00:26:49.0 (76971749)|SYSTEM_METHOD_EXIT|[66]|communityCaseMgmtController.__sfdc_conRelatedAccsList()
00:26:49.0 (76980574)|SYSTEM_METHOD_ENTRY|[66]|List<AccountContactRelation>.size()
00:26:49.0 (76984089)|SYSTEM_METHOD_EXIT|[66]|List<AccountContactRelation>.size()
00:26:49.0 (76990871)|STATEMENT_EXECUTE|[67]
00:26:49.0 (76995675)|SYSTEM_METHOD_ENTRY|[69]|communityCaseMgmtController.__sfdc_conRelatedAccsList()
00:26:49.0 (77124827)|VARIABLE_ASSIGNMENT|[EXTERNAL]|this|{"accCaseCount":"0x741a3377","accName":"0x5170f372","con":"0x1b3f963f","conRelatedAccsList":"0x7e877913","currentUser":"0x7c235ff2","currentUserId":"00524000005uNfKAAU","myCases":"0x70d2bb63","myOrgCases":"0x3b56a3b6","newCase":"0x5728dbb4","newCaseOwner":"0x46f96a7d","qViewCaseComment":"0x70968039","relatedAccId":"0xa1e471b","showCreateCase":false}|0x70a3e6d
00:26:49.0 (77133942)|SYSTEM_METHOD_EXIT|[69]|communityCaseMgmtController.__sfdc_conRelatedAccsList()
00:26:49.0 (77139538)|SYSTEM_METHOD_ENTRY|[69]|List<AccountContactRelation>.iterator()
00:26:49.0 (77222398)|SYSTEM_METHOD_EXIT|[69]|List<AccountContactRelation>.iterator()
00:26:49.0 (77238018)|SYSTEM_METHOD_ENTRY|[69]|system.ListIterator.hasNext()
00:26:49.0 (77248876)|HEAP_ALLOCATE|[69]|Bytes:5
00:26:49.0 (77254579)|SYSTEM_METHOD_EXIT|[69]|system.ListIterator.hasNext()
00:26:49.0 (77286870)|HEAP_ALLOCATE|[69]|Bytes:24
00:26:49.0 (77296131)|VARIABLE_SCOPE_BEGIN|[69]|a|AccountContactRelation|true|false
00:26:49.0 (77310198)|VARIABLE_ASSIGNMENT|[69]|a|{"AccountId":"0019E000006wqt7QAA","ContactId":"0039E000004AdCPQA0","IsActive":true,"IsDirect":false,"Id":"07k9E000000f4JJQAY"}|0x389dd7bd
00:26:49.0 (77313707)|STATEMENT_EXECUTE|[69]
00:26:49.0 (77315072)|STATEMENT_EXECUTE|[70]
00:26:49.0 (77322974)|SYSTEM_METHOD_ENTRY|[70]|communityCaseMgmtController.__sfdc_relatedAccId()
00:26:49.0 (77464378)|VARIABLE_ASSIGNMENT|[EXTERNAL]|this|{"accCaseCount":"0x741a3377","accName":"0x5170f372","con":"0x1b3f963f","conRelatedAccsList":"0x7e877913","currentUser":"0x7c235ff2","currentUserId":"00524000005uNfKAAU","myCases":"0x70d2bb63","myOrgCases":"0x3b56a3b6","newCase":"0x5728dbb4","newCaseOwner":"0x46f96a7d","qViewCaseComment":"0x70968039","relatedAccId":"0xa1e471b","showCreateCase":false}|0x70a3e6d
00:26:49.0 (77475168)|SYSTEM_METHOD_EXIT|[70]|communityCaseMgmtController.__sfdc_relatedAccId()
00:26:49.0 (77518811)|SYSTEM_METHOD_ENTRY|[70]|List<Id>.add(Object)
00:26:49.0 (77526381)|HEAP_ALLOCATE|[EXTERNAL]|Bytes:4
00:26:49.0 (77533307)|SYSTEM_METHOD_EXIT|[70]|List<Id>.add(Object)
00:26:49.0 (77535963)|STATEMENT_EXECUTE|[71]
00:26:49.0 (77538931)|HEAP_ALLOCATE|[71]|Bytes:48
00:26:49.0 (77546971)|HEAP_ALLOCATE|[71]|Bytes:4
00:26:49.0 (77688920)|SOQL_EXECUTE_BEGIN|[71]|Aggregations:0|SELECT id, name FROM account WHERE id = :tmpVar1
00:26:49.0 (77694156)|LIMIT_USAGE|[71]|SOQL|4|100
00:26:49.0 (77700492)|LIMIT_USAGE|[71]|AGGS|0|300
00:26:49.0 (79425433)|SOQL_EXECUTE_END|[71]|Rows:1
00:26:49.0 (79431256)|LIMIT_USAGE|[71]|SOQL_ROWS|10|50000
00:26:49.0 (79440566)|HEAP_ALLOCATE|[71]|Bytes:8
00:26:49.0 (79450776)|HEAP_ALLOCATE|[71]|Bytes:83
00:26:49.0 (79504169)|HEAP_ALLOCATE|[71]|Bytes:8
00:26:49.0 (79512973)|HEAP_ALLOCATE|[71]|Bytes:33
00:26:49.0 (79553915)|HEAP_ALLOCATE|[71]|Bytes:16
00:26:49.0 (79559440)|VARIABLE_SCOPE_BEGIN|[71]|acc|Account|true|false
00:26:49.0 (79574226)|VARIABLE_ASSIGNMENT|[71]|acc|{"Id":"0019E000006wqt7QAA","Name":"LightfulTest","RecordTypeId":"01224000000gEQBAA2"}|0x3f033c52
00:26:49.0 (79577748)|STATEMENT_EXECUTE|[72]
00:26:49.0 (79588403)|SYSTEM_METHOD_ENTRY|[72]|communityCaseMgmtController.__sfdc_accName()
00:26:49.0 (79747511)|VARIABLE_ASSIGNMENT|[EXTERNAL]|this|{"accCaseCount":"0x741a3377","accName":"0x5170f372","con":"0x1b3f963f","conRelatedAccsList":"0x7e877913","currentUser":"0x7c235ff2","currentUserId":"00524000005uNfKAAU","myCases":"0x70d2bb63","myOrgCases":"0x3b56a3b6","newCase":"0x5728dbb4","newCaseOwner":"0x46f96a7d","qViewCaseComment":"0x70968039","relatedAccId":"0xa1e471b","showCreateCase":false}|0x70a3e6d
00:26:49.0 (79759562)|SYSTEM_METHOD_EXIT|[72]|communityCaseMgmtController.__sfdc_accName()
00:26:49.0 (79809141)|SYSTEM_METHOD_ENTRY|[72]|Map<Id,String>.put(Object, Object)
00:26:49.0 (79816718)|HEAP_ALLOCATE|[EXTERNAL]|Bytes:-4
00:26:49.0 (79825171)|SYSTEM_METHOD_EXIT|[72]|Map<Id,String>.put(Object, Object)
00:26:49.0 (79828125)|STATEMENT_EXECUTE|[73]
00:26:49.0 (79831441)|HEAP_ALLOCATE|[73]|Bytes:174
00:26:49.0 (79836465)|HEAP_ALLOCATE|[73]|Bytes:4
00:26:49.0 (80058403)|SOQL_EXECUTE_BEGIN|[73]|Aggregations:0|SELECT CaseNumber, ContactEmail, ContactId, CreatedById, Description, Priority, Reason, Subject, origin, Issue_Type__c, accountid, status FROM Case WHERE accountid = :tmpVar1
00:26:49.0 (80064995)|LIMIT_USAGE|[73]|SOQL|5|100
00:26:49.0 (80071399)|LIMIT_USAGE|[73]|AGGS|0|300
00:26:49.0 (83868915)|SOQL_EXECUTE_END|[73]|Rows:1
00:26:49.0 (83875118)|LIMIT_USAGE|[73]|SOQL_ROWS|11|50000
00:26:49.0 (83884848)|HEAP_ALLOCATE|[73]|Bytes:8
00:26:49.0 (83895185)|HEAP_ALLOCATE|[73]|Bytes:335
00:26:49.0 (83908048)|HEAP_ALLOCATE|[73]|Bytes:8
00:26:49.0 (83916254)|VARIABLE_SCOPE_BEGIN|[73]|ocase|List<Case>|true|false
00:26:49.0 (83941227)|VARIABLE_ASSIGNMENT|[73]|ocase|[{"CaseNumber":"00001214","ContactEmail":"services@lightful.co (1 more) ...","ContactId":"0039E0000037h4mQAA","CreatedById":"00524000005uNfKAAU","Description":"testing related acc  (4 more) ...","Priority":"Medium","Subject":"testing related acc  (4 more) ...","Origin":"Web","AccountId":"0019E000006wqt7QAA","Status":"New","Id":"5009E00000206zGQAQ","RecordTypeId":"012240000002nYhAAI"}]|0x2a7a65ed
00:26:49.0 (83945572)|STATEMENT_EXECUTE|[75]
00:26:49.0 (83957779)|SYSTEM_METHOD_ENTRY|[75]|communityCaseMgmtController.__sfdc_myOrgCases()
00:26:49.0 (84118461)|VARIABLE_ASSIGNMENT|[EXTERNAL]|this|{"accCaseCount":"0x741a3377","accName":"0x5170f372","con":"0x1b3f963f","conRelatedAccsList":"0x7e877913","currentUser":"0x7c235ff2","currentUserId":"00524000005uNfKAAU","myCases":"0x70d2bb63","myOrgCases":"0x3b56a3b6","newCase":"0x5728dbb4","newCaseOwner":"0x46f96a7d","qViewCaseComment":"0x70968039","relatedAccId":"0xa1e471b","showCreateCase":false}|0x70a3e6d
00:26:49.0 (84131764)|SYSTEM_METHOD_EXIT|[75]|communityCaseMgmtController.__sfdc_myOrgCases()
00:26:49.0 (84159252)|SYSTEM_METHOD_ENTRY|[75]|Map<Id,List<Case>>.put(Object, Object)
00:26:49.0 (84165215)|HEAP_ALLOCATE|[EXTERNAL]|Bytes:-4
00:26:49.0 (84173134)|SYSTEM_METHOD_EXIT|[75]|Map<Id,List<Case>>.put(Object, Object)
00:26:49.0 (84176366)|STATEMENT_EXECUTE|[78]
00:26:49.0 (84184847)|SYSTEM_METHOD_ENTRY|[78]|communityCaseMgmtController.__sfdc_accCaseCount()
00:26:49.0 (84325087)|VARIABLE_ASSIGNMENT|[EXTERNAL]|this|{"accCaseCount":"0x741a3377","accName":"0x5170f372","con":"0x1b3f963f","conRelatedAccsList":"0x7e877913","currentUser":"0x7c235ff2","currentUserId":"00524000005uNfKAAU","myCases":"0x70d2bb63","myOrgCases":"0x3b56a3b6","newCase":"0x5728dbb4","newCaseOwner":"0x46f96a7d","qViewCaseComment":"0x70968039","relatedAccId":"0xa1e471b","showCreateCase":false}|0x70a3e6d
00:26:49.0 (84336083)|SYSTEM_METHOD_EXIT|[78]|communityCaseMgmtController.__sfdc_accCaseCount()
00:26:49.0 (84365846)|SYSTEM_METHOD_ENTRY|[78]|List<Case>.size()
00:26:49.0 (84370890)|SYSTEM_METHOD_EXIT|[78]|List<Case>.size()
00:26:49.0 (84384901)|SYSTEM_METHOD_ENTRY|[78]|Map<Id,Integer>.put(Object, Object)
00:26:49.0 (84389155)|HEAP_ALLOCATE|[78]|Bytes:4
00:26:49.0 (84394471)|HEAP_ALLOCATE|[EXTERNAL]|Bytes:-4
00:26:49.0 (84401758)|SYSTEM_METHOD_EXIT|[78]|Map<Id,Integer>.put(Object, Object)
00:26:49.0 (84407675)|SYSTEM_METHOD_ENTRY|[81]|List<Case>.iterator()
00:26:49.0 (84477060)|SYSTEM_METHOD_EXIT|[81]|List<Case>.iterator()
00:26:49.0 (84495440)|SYSTEM_METHOD_ENTRY|[81]|system.ListIterator.hasNext()
00:26:49.0 (84504078)|HEAP_ALLOCATE|[81]|Bytes:5
00:26:49.0 (84508993)|SYSTEM_METHOD_EXIT|[81]|system.ListIterator.hasNext()
00:26:49.0 (84531324)|HEAP_ALLOCATE|[81]|Bytes:52
00:26:49.0 (84540016)|VARIABLE_SCOPE_BEGIN|[81]|c|Case|true|false
00:26:49.0 (84561083)|VARIABLE_ASSIGNMENT|[81]|c|{"CaseNumber":"00001214","ContactEmail":"services@lightful.co (1 more) ...","ContactId":"0039E0000037h4mQAA","CreatedById":"00524000005uNfKAAU","Description":"testing related acc  (4 more) ...","Priority":"Medium","Subject":"testing related acc  (4 more) ...","Origin":"Web","AccountId":"0019E000006wqt7QAA","Status":"New","Id":"5009E00000206zGQAQ","RecordTypeId":"012240000002nYhAAI"}|0x4194d30
00:26:49.0 (84566171)|STATEMENT_EXECUTE|[81]
00:26:49.0 (84567533)|STATEMENT_EXECUTE|[82]
00:26:49.0 (84578400)|SYSTEM_METHOD_ENTRY|[82]|communityCaseMgmtController.__sfdc_qViewCaseComment()
00:26:49.0 (84725868)|VARIABLE_ASSIGNMENT|[EXTERNAL]|this|{"accCaseCount":"0x741a3377","accName":"0x5170f372","con":"0x1b3f963f","conRelatedAccsList":"0x7e877913","currentUser":"0x7c235ff2","currentUserId":"00524000005uNfKAAU","myCases":"0x70d2bb63","myOrgCases":"0x3b56a3b6","newCase":"0x5728dbb4","newCaseOwner":"0x46f96a7d","qViewCaseComment":"0x70968039","relatedAccId":"0xa1e471b","showCreateCase":false}|0x70a3e6d
00:26:49.0 (84737223)|SYSTEM_METHOD_EXIT|[82]|communityCaseMgmtController.__sfdc_qViewCaseComment()
00:26:49.0 (84777783)|SYSTEM_METHOD_ENTRY|[82]|Map<Id,List<CaseComment>>.put(Object, Object)
00:26:49.0 (84782807)|HEAP_ALLOCATE|[EXTERNAL]|Bytes:-4
00:26:49.0 (84790587)|SYSTEM_METHOD_EXIT|[82]|Map<Id,List<CaseComment>>.put(Object, Object)
00:26:49.0 (84796889)|SYSTEM_METHOD_ENTRY|[81]|system.ListIterator.hasNext()
00:26:49.0 (84802103)|HEAP_ALLOCATE|[81]|Bytes:5
00:26:49.0 (84806601)|SYSTEM_METHOD_EXIT|[81]|system.ListIterator.hasNext()
00:26:49.0 (84815125)|VARIABLE_ASSIGNMENT|[81]|c|null|
00:26:49.0 (84820890)|SYSTEM_METHOD_ENTRY|[69]|system.ListIterator.hasNext()
00:26:49.0 (84823553)|HEAP_ALLOCATE|[69]|Bytes:5
00:26:49.0 (84826539)|SYSTEM_METHOD_EXIT|[69]|system.ListIterator.hasNext()
00:26:49.0 (84842278)|HEAP_ALLOCATE|[69]|Bytes:24
00:26:49.0 (84848334)|VARIABLE_SCOPE_BEGIN|[69]|a|AccountContactRelation|true|false
00:26:49.0 (84860322)|VARIABLE_ASSIGNMENT|[69]|a|{"AccountId":"0019E000005FzZJQA0","ContactId":"0039E000004AdCPQA0","IsActive":true,"IsDirect":true,"Id":"07k9E000000f4IpQAI"}|0x7f9f2d6a
00:26:49.0 (84863545)|STATEMENT_EXECUTE|[69]
00:26:49.0 (84864862)|STATEMENT_EXECUTE|[70]
00:26:49.0 (84868867)|SYSTEM_METHOD_ENTRY|[70]|communityCaseMgmtController.__sfdc_relatedAccId()
00:26:49.0 (85001683)|VARIABLE_ASSIGNMENT|[EXTERNAL]|this|{"accCaseCount":"0x741a3377","accName":"0x5170f372","con":"0x1b3f963f","conRelatedAccsList":"0x7e877913","currentUser":"0x7c235ff2","currentUserId":"00524000005uNfKAAU","myCases":"0x70d2bb63","myOrgCases":"0x3b56a3b6","newCase":"0x5728dbb4","newCaseOwner":"0x46f96a7d","qViewCaseComment":"0x70968039","relatedAccId":"0xa1e471b","showCreateCase":false}|0x70a3e6d
00:26:49.0 (85011313)|SYSTEM_METHOD_EXIT|[70]|communityCaseMgmtController.__sfdc_relatedAccId()
00:26:49.0 (85028552)|SYSTEM_METHOD_ENTRY|[70]|List<Id>.add(Object)
00:26:49.0 (85033843)|HEAP_ALLOCATE|[EXTERNAL]|Bytes:4
00:26:49.0 (85039428)|SYSTEM_METHOD_EXIT|[70]|List<Id>.add(Object)
00:26:49.0 (85041916)|STATEMENT_EXECUTE|[71]
00:26:49.0 (85046713)|HEAP_ALLOCATE|[71]|Bytes:4
00:26:49.0 (85165425)|SOQL_EXECUTE_BEGIN|[71]|Aggregations:0|SELECT id, name FROM account WHERE id = :tmpVar1
00:26:49.0 (85170998)|LIMIT_USAGE|[71]|SOQL|6|100
00:26:49.0 (85177455)|LIMIT_USAGE|[71]|AGGS|0|300
00:26:49.0 (86724368)|SOQL_EXECUTE_END|[71]|Rows:1
00:26:49.0 (86730256)|LIMIT_USAGE|[71]|SOQL_ROWS|12|50000
00:26:49.0 (86739703)|HEAP_ALLOCATE|[71]|Bytes:8
00:26:49.0 (86749459)|HEAP_ALLOCATE|[71]|Bytes:89
00:26:49.0 (86761423)|HEAP_ALLOCATE|[71]|Bytes:8
00:26:49.0 (86783691)|HEAP_ALLOCATE|[71]|Bytes:16
00:26:49.0 (86788805)|VARIABLE_SCOPE_BEGIN|[71]|acc|Account|true|false
00:26:49.0 (86803494)|VARIABLE_ASSIGNMENT|[71]|acc|{"Id":"0019E000005FzZJQA0","Name":"neela@lightful.xyz","RecordTypeId":"01224000000gEQBAA2"}|0x345ed354
00:26:49.0 (86806790)|STATEMENT_EXECUTE|[72]
00:26:49.0 (86813578)|SYSTEM_METHOD_ENTRY|[72]|communityCaseMgmtController.__sfdc_accName()
00:26:49.0 (86960018)|VARIABLE_ASSIGNMENT|[EXTERNAL]|this|{"accCaseCount":"0x741a3377","accName":"0x5170f372","con":"0x1b3f963f","conRelatedAccsList":"0x7e877913","currentUser":"0x7c235ff2","currentUserId":"00524000005uNfKAAU","myCases":"0x70d2bb63","myOrgCases":"0x3b56a3b6","newCase":"0x5728dbb4","newCaseOwner":"0x46f96a7d","qViewCaseComment":"0x70968039","relatedAccId":"0xa1e471b","showCreateCase":false}|0x70a3e6d
00:26:49.0 (86970421)|SYSTEM_METHOD_EXIT|[72]|communityCaseMgmtController.__sfdc_accName()
00:26:49.0 (86996453)|SYSTEM_METHOD_ENTRY|[72]|Map<Id,String>.put(Object, Object)
00:26:49.0 (87001388)|HEAP_ALLOCATE|[EXTERNAL]|Bytes:-4
00:26:49.0 (87010268)|SYSTEM_METHOD_EXIT|[72]|Map<Id,String>.put(Object, Object)
00:26:49.0 (87013175)|STATEMENT_EXECUTE|[73]
00:26:49.0 (87017714)|HEAP_ALLOCATE|[73]|Bytes:4
00:26:49.0 (87233086)|SOQL_EXECUTE_BEGIN|[73]|Aggregations:0|SELECT CaseNumber, ContactEmail, ContactId, CreatedById, Description, Priority, Reason, Subject, origin, Issue_Type__c, accountid, status FROM Case WHERE accountid = :tmpVar1
00:26:49.0 (87239612)|LIMIT_USAGE|[73]|SOQL|7|100
00:26:49.0 (87246320)|LIMIT_USAGE|[73]|AGGS|0|300
00:26:49.0 (90626812)|SOQL_EXECUTE_END|[73]|Rows:5
00:26:49.0 (90632692)|LIMIT_USAGE|[73]|SOQL_ROWS|17|50000
00:26:49.0 (90642125)|HEAP_ALLOCATE|[73]|Bytes:24
00:26:49.0 (90663599)|HEAP_ALLOCATE|[73]|Bytes:2007
00:26:49.0 (90675092)|HEAP_ALLOCATE|[73]|Bytes:24
00:26:49.0 (90683425)|VARIABLE_SCOPE_BEGIN|[73]|ocase|List<Case>|true|false
00:26:49.0 (90744237)|VARIABLE_ASSIGNMENT|[73]|ocase|[{"CaseNumber":"00001207","ContactEmail":"neela@lightful.xyz","ContactId":"0039E000004AdCPQA0","CreatedById":"00524000005uNfKAAU","Description":"test community type  (9 more) ...","Priority":"Medium","Reason":"Lightful Community","Subject":"test community type  (4 more) ...","Origin":"Communities","Issue_Type__c":"Community issue","AccountId":"0019E000005FzZJQA0","Status":"New","Id":"5009E000001w1IMQAY","RecordTypeId":"012240000002nYhAAI"},{"CaseNumber":"00001206","ContactEmail":"neela@lightful.xyz","ContactId":"0039E000004AdCPQA0","CreatedById":"00524000005uNfKAAU","Description":"dummy test values\r\n\r (24 more) ...","Priority":"Medium","Reason":"Lightful Community","Subject":"Testing Vfpage case  (8 more) ...","Origin":"Communities","Issue_Type__c":"Community question","AccountId":"0019E000005FzZJQA0","Status":"New","Id":"5009E000001w1I2QAI","RecordTypeId":"012240000002nYhAAI"},{"CaseNumber":"00001205","ContactEmail":"neela@lightful.xyz","ContactId":"0039E000004AdCPQA0","CreatedById":"00524000005uNfKAAU","Description":"test case creation f (10 more) ...","Priority":"Medium","Reason":"Lightful Community","Subject":"Testing Vfpage","Origin":"Communities","Issue_Type__c":"Community issue","AccountId":"0019E000005FzZJQA0","Status":"New","Id":"5009E000001w1HiQAI","RecordTypeId":"012240000002nYhAAI"},{"CaseNumber":"00001204","ContactEmail":"neela@lightful.xyz","ContactId":"0039E000004AdCPQA0","CreatedById":"00524000005uNfKAAU","Description":"Testing community ca (15 more) ...","Priority":"Medium","Reason":"My Lightful Account","Subject":"Test","Origin":"Communities","Issue_Type__c":"Problems logging in","AccountId":"0019E000005FzZJQA0","Status":"New","Id":"5009E000001vvt0QAA","RecordTypeId":"012240000002nYhAAI"},{"CaseNumber":"00001203","ContactEmail":"neela@lightful.xyz","ContactId":"0039E000004AdCPQA0","CreatedById":"00524000005uNfKAAU","Description":"Testing community ca (2 more) ...","Priority":"Medium","Reason":"My Lightful Account","Subject":"Test","Origin":"Communities","Issue_Type__c":"Problems logging in","AccountId":"0019E000005FzZJQA0","Status":"New","Id":"5009E000001vvsbQAA","RecordTypeId":"012240000002nYhAAI"}]|0x7acce158
00:26:49.0 (90757259)|STATEMENT_EXECUTE|[75]
00:26:49.0 (90764787)|SYSTEM_METHOD_ENTRY|[75]|communityCaseMgmtController.__sfdc_myOrgCases()
00:26:49.0 (90913319)|VARIABLE_ASSIGNMENT|[EXTERNAL]|this|{"accCaseCount":"0x741a3377","accName":"0x5170f372","con":"0x1b3f963f","conRelatedAccsList":"0x7e877913","currentUser":"0x7c235ff2","currentUserId":"00524000005uNfKAAU","myCases":"0x70d2bb63","myOrgCases":"0x3b56a3b6","newCase":"0x5728dbb4","newCaseOwner":"0x46f96a7d","qViewCaseComment":"0x70968039","relatedAccId":"0xa1e471b","showCreateCase":false}|0x70a3e6d
00:26:49.0 (90923723)|SYSTEM_METHOD_EXIT|[75]|communityCaseMgmtController.__sfdc_myOrgCases()
00:26:49.0 (90946149)|SYSTEM_METHOD_ENTRY|[75]|Map<Id,List<Case>>.put(Object, Object)
00:26:49.0 (90951402)|HEAP_ALLOCATE|[EXTERNAL]|Bytes:-4
00:26:49.0 (90959330)|SYSTEM_METHOD_EXIT|[75]|Map<Id,List<Case>>.put(Object, Object)
00:26:49.0 (90962165)|STATEMENT_EXECUTE|[78]
00:26:49.0 (90966007)|SYSTEM_METHOD_ENTRY|[78]|communityCaseMgmtController.__sfdc_accCaseCount()
00:26:49.0 (91094293)|VARIABLE_ASSIGNMENT|[EXTERNAL]|this|{"accCaseCount":"0x741a3377","accName":"0x5170f372","con":"0x1b3f963f","conRelatedAccsList":"0x7e877913","currentUser":"0x7c235ff2","currentUserId":"00524000005uNfKAAU","myCases":"0x70d2bb63","myOrgCases":"0x3b56a3b6","newCase":"0x5728dbb4","newCaseOwner":"0x46f96a7d","qViewCaseComment":"0x70968039","relatedAccId":"0xa1e471b","showCreateCase":false}|0x70a3e6d
00:26:49.0 (91103788)|SYSTEM_METHOD_EXIT|[78]|communityCaseMgmtController.__sfdc_accCaseCount()
00:26:49.0 (91113724)|SYSTEM_METHOD_ENTRY|[78]|List<Case>.size()
00:26:49.0 (91117114)|SYSTEM_METHOD_EXIT|[78]|List<Case>.size()
00:26:49.0 (91127535)|SYSTEM_METHOD_ENTRY|[78]|Map<Id,Integer>.put(Object, Object)
00:26:49.0 (91130466)|HEAP_ALLOCATE|[78]|Bytes:4
00:26:49.0 (91134986)|HEAP_ALLOCATE|[EXTERNAL]|Bytes:-4
00:26:49.0 (91141869)|SYSTEM_METHOD_EXIT|[78]|Map<Id,Integer>.put(Object, Object)
00:26:49.0 (91146245)|SYSTEM_METHOD_ENTRY|[81]|List<Case>.iterator()
00:26:49.0 (91150611)|SYSTEM_METHOD_EXIT|[81]|List<Case>.iterator()
00:26:49.0 (91155756)|SYSTEM_METHOD_ENTRY|[81]|system.ListIterator.hasNext()
00:26:49.0 (91161501)|HEAP_ALLOCATE|[81]|Bytes:5
00:26:49.0 (91165703)|SYSTEM_METHOD_EXIT|[81]|system.ListIterator.hasNext()
00:26:49.0 (91184364)|HEAP_ALLOCATE|[81]|Bytes:60
00:26:49.0 (91191085)|VARIABLE_SCOPE_BEGIN|[81]|c|Case|true|false
00:26:49.0 (91211164)|VARIABLE_ASSIGNMENT|[81]|c|{"CaseNumber":"00001207","ContactEmail":"neela@lightful.xyz","ContactId":"0039E000004AdCPQA0","CreatedById":"00524000005uNfKAAU","Description":"test community type  (9 more) ...","Priority":"Medium","Reason":"Lightful Community","Subject":"test community type  (4 more) ...","Origin":"Communities","Issue_Type__c":"Community issue","AccountId":"0019E000005FzZJQA0","Status":"New","Id":"5009E000001w1IMQAY","RecordTypeId":"012240000002nYhAAI"}|0x172cfa4b
00:26:49.0 (91215715)|STATEMENT_EXECUTE|[81]
00:26:49.0 (91217057)|STATEMENT_EXECUTE|[82]
00:26:49.0 (91221127)|SYSTEM_METHOD_ENTRY|[82]|communityCaseMgmtController.__sfdc_qViewCaseComment()
00:26:49.0 (91350602)|VARIABLE_ASSIGNMENT|[EXTERNAL]|this|{"accCaseCount":"0x741a3377","accName":"0x5170f372","con":"0x1b3f963f","conRelatedAccsList":"0x7e877913","currentUser":"0x7c235ff2","currentUserId":"00524000005uNfKAAU","myCases":"0x70d2bb63","myOrgCases":"0x3b56a3b6","newCase":"0x5728dbb4","newCaseOwner":"0x46f96a7d","qViewCaseComment":"0x70968039","relatedAccId":"0xa1e471b","showCreateCase":false}|0x70a3e6d
00:26:49.0 (91359364)|SYSTEM_METHOD_EXIT|[82]|communityCaseMgmtController.__sfdc_qViewCaseComment()
00:26:49.0 (91378868)|SYSTEM_METHOD_ENTRY|[82]|Map<Id,List<CaseComment>>.put(Object, Object)
00:26:49.0 (91382748)|HEAP_ALLOCATE|[EXTERNAL]|Bytes:-4
00:26:49.0 (91389904)|SYSTEM_METHOD_EXIT|[82]|Map<Id,List<CaseComment>>.put(Object, Object)
00:26:49.0 (91394944)|SYSTEM_METHOD_ENTRY|[81]|system.ListIterator.hasNext()
00:26:49.0 (91400111)|HEAP_ALLOCATE|[81]|Bytes:5
00:26:49.0 (91404066)|SYSTEM_METHOD_EXIT|[81]|system.ListIterator.hasNext()
00:26:49.0 (91419365)|HEAP_ALLOCATE|[81]|Bytes:60
00:26:49.0 (91425024)|VARIABLE_SCOPE_BEGIN|[81]|c|Case|true|false
00:26:49.0 (91444574)|VARIABLE_ASSIGNMENT|[81]|c|{"CaseNumber":"00001206","ContactEmail":"neela@lightful.xyz","ContactId":"0039E000004AdCPQA0","CreatedById":"00524000005uNfKAAU","Description":"dummy test values\r\n\r (24 more) ...","Priority":"Medium","Reason":"Lightful Community","Subject":"Testing Vfpage case  (8 more) ...","Origin":"Communities","Issue_Type__c":"Community question","AccountId":"0019E000005FzZJQA0","Status":"New","Id":"5009E000001w1I2QAI","RecordTypeId":"012240000002nYhAAI"}|0x13efe810
00:26:49.0 (91448455)|STATEMENT_EXECUTE|[81]
00:26:49.0 (91449750)|STATEMENT_EXECUTE|[82]
00:26:49.0 (91453582)|SYSTEM_METHOD_ENTRY|[82]|communityCaseMgmtController.__sfdc_qViewCaseComment()
00:26:49.0 (91587359)|VARIABLE_ASSIGNMENT|[EXTERNAL]|this|{"accCaseCount":"0x741a3377","accName":"0x5170f372","con":"0x1b3f963f","conRelatedAccsList":"0x7e877913","currentUser":"0x7c235ff2","currentUserId":"00524000005uNfKAAU","myCases":"0x70d2bb63","myOrgCases":"0x3b56a3b6","newCase":"0x5728dbb4","newCaseOwner":"0x46f96a7d","qViewCaseComment":"0x70968039","relatedAccId":"0xa1e471b","showCreateCase":false}|0x70a3e6d
00:26:49.0 (91595724)|SYSTEM_METHOD_EXIT|[82]|communityCaseMgmtController.__sfdc_qViewCaseComment()
00:26:49.0 (91614185)|SYSTEM_METHOD_ENTRY|[82]|Map<Id,List<CaseComment>>.put(Object, Object)
00:26:49.0 (91617922)|HEAP_ALLOCATE|[EXTERNAL]|Bytes:-4
00:26:49.0 (91625123)|SYSTEM_METHOD_EXIT|[82]|Map<Id,List<CaseComment>>.put(Object, Object)
00:26:49.0 (91629867)|SYSTEM_METHOD_ENTRY|[81]|system.ListIterator.hasNext()
00:26:49.0 (91634390)|HEAP_ALLOCATE|[81]|Bytes:5
00:26:49.0 (91638069)|SYSTEM_METHOD_EXIT|[81]|system.ListIterator.hasNext()
00:26:49.0 (91652799)|HEAP_ALLOCATE|[81]|Bytes:60
00:26:49.0 (91657949)|VARIABLE_SCOPE_BEGIN|[81]|c|Case|true|false
00:26:49.0 (91675197)|VARIABLE_ASSIGNMENT|[81]|c|{"CaseNumber":"00001205","ContactEmail":"neela@lightful.xyz","ContactId":"0039E000004AdCPQA0","CreatedById":"00524000005uNfKAAU","Description":"test case creation f (10 more) ...","Priority":"Medium","Reason":"Lightful Community","Subject":"Testing Vfpage","Origin":"Communities","Issue_Type__c":"Community issue","AccountId":"0019E000005FzZJQA0","Status":"New","Id":"5009E000001w1HiQAI","RecordTypeId":"012240000002nYhAAI"}|0x186083b6
00:26:49.0 (91679760)|STATEMENT_EXECUTE|[81]
00:26:49.0 (91681037)|STATEMENT_EXECUTE|[82]
00:26:49.0 (91684736)|SYSTEM_METHOD_ENTRY|[82]|communityCaseMgmtController.__sfdc_qViewCaseComment()
00:26:49.0 (91811189)|VARIABLE_ASSIGNMENT|[EXTERNAL]|this|{"accCaseCount":"0x741a3377","accName":"0x5170f372","con":"0x1b3f963f","conRelatedAccsList":"0x7e877913","currentUser":"0x7c235ff2","currentUserId":"00524000005uNfKAAU","myCases":"0x70d2bb63","myOrgCases":"0x3b56a3b6","newCase":"0x5728dbb4","newCaseOwner":"0x46f96a7d","qViewCaseComment":"0x70968039","relatedAccId":"0xa1e471b","showCreateCase":false}|0x70a3e6d
00:26:49.0 (91819265)|SYSTEM_METHOD_EXIT|[82]|communityCaseMgmtController.__sfdc_qViewCaseComment()
00:26:49.0 (91836383)|SYSTEM_METHOD_ENTRY|[82]|Map<Id,List<CaseComment>>.put(Object, Object)
00:26:49.0 (91840128)|HEAP_ALLOCATE|[EXTERNAL]|Bytes:-4
00:26:49.0 (91846948)|SYSTEM_METHOD_EXIT|[82]|Map<Id,List<CaseComment>>.put(Object, Object)
00:26:49.0 (91851385)|SYSTEM_METHOD_ENTRY|[81]|system.ListIterator.hasNext()
00:26:49.0 (91855554)|HEAP_ALLOCATE|[81]|Bytes:5
00:26:49.0 (91859143)|SYSTEM_METHOD_EXIT|[81]|system.ListIterator.hasNext()
00:26:49.0 (91873284)|HEAP_ALLOCATE|[81]|Bytes:60
00:26:49.0 (91878165)|VARIABLE_SCOPE_BEGIN|[81]|c|Case|true|false
00:26:49.0 (91894903)|VARIABLE_ASSIGNMENT|[81]|c|{"CaseNumber":"00001204","ContactEmail":"neela@lightful.xyz","ContactId":"0039E000004AdCPQA0","CreatedById":"00524000005uNfKAAU","Description":"Testing community ca (15 more) ...","Priority":"Medium","Reason":"My Lightful Account","Subject":"Test","Origin":"Communities","Issue_Type__c":"Problems logging in","AccountId":"0019E000005FzZJQA0","Status":"New","Id":"5009E000001vvt0QAA","RecordTypeId":"012240000002nYhAAI"}|0x351a0671
00:26:49.0 (91898776)|STATEMENT_EXECUTE|[81]
00:26:49.0 (91900274)|STATEMENT_EXECUTE|[82]
00:26:49.0 (91903818)|SYSTEM_METHOD_ENTRY|[82]|communityCaseMgmtController.__sfdc_qViewCaseComment()
00:26:49.0 (92028140)|VARIABLE_ASSIGNMENT|[EXTERNAL]|this|{"accCaseCount":"0x741a3377","accName":"0x5170f372","con":"0x1b3f963f","conRelatedAccsList":"0x7e877913","currentUser":"0x7c235ff2","currentUserId":"00524000005uNfKAAU","myCases":"0x70d2bb63","myOrgCases":"0x3b56a3b6","newCase":"0x5728dbb4","newCaseOwner":"0x46f96a7d","qViewCaseComment":"0x70968039","relatedAccId":"0xa1e471b","showCreateCase":false}|0x70a3e6d
00:26:49.0 (92036650)|SYSTEM_METHOD_EXIT|[82]|communityCaseMgmtController.__sfdc_qViewCaseComment()
00:26:49.0 (92053264)|SYSTEM_METHOD_ENTRY|[82]|Map<Id,List<CaseComment>>.put(Object, Object)
00:26:49.0 (92056728)|HEAP_ALLOCATE|[EXTERNAL]|Bytes:-4
00:26:49.0 (92063263)|SYSTEM_METHOD_EXIT|[82]|Map<Id,List<CaseComment>>.put(Object, Object)
00:26:49.0 (92067567)|SYSTEM_METHOD_ENTRY|[81]|system.ListIterator.hasNext()
00:26:49.0 (92071813)|HEAP_ALLOCATE|[81]|Bytes:5
00:26:49.0 (92075500)|SYSTEM_METHOD_EXIT|[81]|system.ListIterator.hasNext()
00:26:49.0 (92089107)|HEAP_ALLOCATE|[81]|Bytes:60
00:26:49.0 (92094142)|VARIABLE_SCOPE_BEGIN|[81]|c|Case|true|false
00:26:49.0 (92110498)|VARIABLE_ASSIGNMENT|[81]|c|{"CaseNumber":"00001203","ContactEmail":"neela@lightful.xyz","ContactId":"0039E000004AdCPQA0","CreatedById":"00524000005uNfKAAU","Description":"Testing community ca (2 more) ...","Priority":"Medium","Reason":"My Lightful Account","Subject":"Test","Origin":"Communities","Issue_Type__c":"Problems logging in","AccountId":"0019E000005FzZJQA0","Status":"New","Id":"5009E000001vvsbQAA","RecordTypeId":"012240000002nYhAAI"}|0x45944c3b
00:26:49.0 (92114285)|STATEMENT_EXECUTE|[81]
00:26:49.0 (92115449)|STATEMENT_EXECUTE|[82]
00:26:49.0 (92118929)|SYSTEM_METHOD_ENTRY|[82]|communityCaseMgmtController.__sfdc_qViewCaseComment()
00:26:49.0 (92243308)|VARIABLE_ASSIGNMENT|[EXTERNAL]|this|{"accCaseCount":"0x741a3377","accName":"0x5170f372","con":"0x1b3f963f","conRelatedAccsList":"0x7e877913","currentUser":"0x7c235ff2","currentUserId":"00524000005uNfKAAU","myCases":"0x70d2bb63","myOrgCases":"0x3b56a3b6","newCase":"0x5728dbb4","newCaseOwner":"0x46f96a7d","qViewCaseComment":"0x70968039","relatedAccId":"0xa1e471b","showCreateCase":false}|0x70a3e6d
00:26:49.0 (92251197)|SYSTEM_METHOD_EXIT|[82]|communityCaseMgmtController.__sfdc_qViewCaseComment()
00:26:49.0 (92267681)|SYSTEM_METHOD_ENTRY|[82]|Map<Id,List<CaseComment>>.put(Object, Object)
00:26:49.0 (92271024)|HEAP_ALLOCATE|[EXTERNAL]|Bytes:-4
00:26:49.0 (92277382)|SYSTEM_METHOD_EXIT|[82]|Map<Id,List<CaseComment>>.put(Object, Object)
00:26:49.0 (92281640)|SYSTEM_METHOD_ENTRY|[81]|system.ListIterator.hasNext()
00:26:49.0 (92285926)|HEAP_ALLOCATE|[81]|Bytes:5
00:26:49.0 (92289388)|SYSTEM_METHOD_EXIT|[81]|system.ListIterator.hasNext()
00:26:49.0 (92295816)|VARIABLE_ASSIGNMENT|[81]|c|null|
00:26:49.0 (92300015)|SYSTEM_METHOD_ENTRY|[69]|system.ListIterator.hasNext()
00:26:49.0 (92302319)|HEAP_ALLOCATE|[69]|Bytes:5
00:26:49.0 (92305422)|SYSTEM_METHOD_EXIT|[69]|system.ListIterator.hasNext()
00:26:49.0 (92309032)|VARIABLE_ASSIGNMENT|[69]|a|null|
00:26:49.0 (92311108)|STATEMENT_EXECUTE|[85]
00:26:49.0 (92314158)|HEAP_ALLOCATE|[85]|Bytes:12
00:26:49.0 (92319103)|SYSTEM_METHOD_ENTRY|[85]|communityCaseMgmtController.__sfdc_myOrgCases()
00:26:49.0 (92453621)|VARIABLE_ASSIGNMENT|[EXTERNAL]|this|{"accCaseCount":"0x741a3377","accName":"0x5170f372","con":"0x1b3f963f","conRelatedAccsList":"0x7e877913","currentUser":"0x7c235ff2","currentUserId":"00524000005uNfKAAU","myCases":"0x70d2bb63","myOrgCases":"0x3b56a3b6","newCase":"0x5728dbb4","newCaseOwner":"0x46f96a7d","qViewCaseComment":"0x70968039","relatedAccId":"0xa1e471b","showCreateCase":false}|0x70a3e6d
00:26:49.0 (92461725)|SYSTEM_METHOD_EXIT|[85]|communityCaseMgmtController.__sfdc_myOrgCases()
00:26:49.0 (92478896)|SYSTEM_METHOD_ENTRY|[85]|String.valueOf(Object)
00:26:49.0 (92690027)|HEAP_ALLOCATE|[85]|Bytes:2314
00:26:49.0 (92702728)|SYSTEM_METHOD_EXIT|[85]|String.valueOf(Object)
00:26:49.0 (92711018)|HEAP_ALLOCATE|[85]|Bytes:2326
00:26:49.0 (92721350)|SYSTEM_METHOD_ENTRY|[85]|System.debug(ANY)
00:26:49.0 (92728154)|USER_DEBUG|[85]|DEBUG|Org cases : {0019E000005FzZJQA0=(Case:{CaseNumber=00001207, ContactEmail=neela@lightful.xyz, ContactId=0039E000004AdCPQA0, CreatedById=00524000005uNfKAAU, Description=test community type case desc, Priority=Medium, Reason=Lightful Community, Subject=test community type case, Origin=Communities, Issue_Type__c=Community issue, AccountId=0019E000005FzZJQA0, Status=New, Id=5009E000001w1IMQAY, RecordTypeId=012240000002nYhAAI}, Case:{CaseNumber=00001206, ContactEmail=neela@lightful.xyz, ContactId=0039E000004AdCPQA0, CreatedById=00524000005uNfKAAU, Description=dummy test values

jhbn nkll;,;
cn nm m k, Priority=Medium, Reason=Lightful Community, Subject=Testing Vfpage case creation, Origin=Communities, Issue_Type__c=Community question, AccountId=0019E000005FzZJQA0, Status=New, Id=5009E000001w1I2QAI, RecordTypeId=012240000002nYhAAI}, Case:{CaseNumber=00001205, ContactEmail=neela@lightful.xyz, ContactId=0039E000004AdCPQA0, CreatedById=00524000005uNfKAAU, Description=test case creation from vfpage, Priority=Medium, Reason=Lightful Community, Subject=Testing Vfpage, Origin=Communities, Issue_Type__c=Community issue, AccountId=0019E000005FzZJQA0, Status=New, Id=5009E000001w1HiQAI, RecordTypeId=012240000002nYhAAI}, Case:{CaseNumber=00001204, ContactEmail=neela@lightful.xyz, ContactId=0039E000004AdCPQA0, CreatedById=00524000005uNfKAAU, Description=Testing community case dummy values, Priority=Medium, Reason=My Lightful Account, Subject=Test, Origin=Communities, Issue_Type__c=Problems logging in, AccountId=0019E000005FzZJQA0, Status=New, Id=5009E000001vvt0QAA, RecordTypeId=012240000002nYhAAI}, Case:{CaseNumber=00001203, ContactEmail=neela@lightful.xyz, ContactId=0039E000004AdCPQA0, CreatedById=00524000005uNfKAAU, Description=Testing community case, Priority=Medium, Reason=My Lightful Account, Subject=Test, Origin=Communities, Issue_Type__c=Problems logging in, AccountId=0019E000005FzZJQA0, Status=New, Id=5009E000001vvsbQAA, RecordTypeId=012240000002nYhAAI}), 0019E000006wqt7QAA=(Case:{CaseNumber=00001214, ContactEmail=services@lightful.com, ContactId=0039E0000037h4mQAA, CreatedById=00524000005uNfKAAU, Description=testing related acc case, Priority=Medium, Subject=testing related acc case, Origin=Web, AccountId=0019E000006wqt7QAA, Status=New, Id=5009E00000206zGQAQ, RecordTypeId=012240000002nYhAAI})}
00:26:49.0 (92739526)|SYSTEM_METHOD_EXIT|[85]|System.debug(ANY)
00:26:49.0 (92742486)|STATEMENT_EXECUTE|[86]
00:26:49.0 (92745637)|HEAP_ALLOCATE|[86]|Bytes:33
00:26:49.0 (92750825)|SYSTEM_METHOD_ENTRY|[86]|communityCaseMgmtController.__sfdc_qViewCaseComment()
00:26:49.0 (92893721)|VARIABLE_ASSIGNMENT|[EXTERNAL]|this|{"accCaseCount":"0x741a3377","accName":"0x5170f372","con":"0x1b3f963f","conRelatedAccsList":"0x7e877913","currentUser":"0x7c235ff2","currentUserId":"00524000005uNfKAAU","myCases":"0x70d2bb63","myOrgCases":"0x3b56a3b6","newCase":"0x5728dbb4","newCaseOwner":"0x46f96a7d","qViewCaseComment":"0x70968039","relatedAccId":"0xa1e471b","showCreateCase":false}|0x70a3e6d
00:26:49.0 (92902331)|SYSTEM_METHOD_EXIT|[86]|communityCaseMgmtController.__sfdc_qViewCaseComment()
00:26:49.0 (92916454)|SYSTEM_METHOD_ENTRY|[86]|String.valueOf(Object)
00:26:49.0 (92924406)|HEAP_ALLOCATE|[86]|Bytes:150
00:26:49.0 (92931609)|SYSTEM_METHOD_EXIT|[86]|String.valueOf(Object)
00:26:49.0 (92935626)|HEAP_ALLOCATE|[86]|Bytes:183
00:26:49.0 (92942055)|SYSTEM_METHOD_ENTRY|[86]|System.debug(ANY)
00:26:49.0 (92946317)|USER_DEBUG|[86]|DEBUG|initial qViewCaseComment value : {5009E000001vvsbQAA=null, 5009E000001vvt0QAA=null, 5009E000001w1HiQAI=null, 5009E000001w1I2QAI=null, 5009E000001w1IMQAY=null, 5009E00000206zGQAQ=null}
00:26:49.0 (92949813)|SYSTEM_METHOD_EXIT|[86]|System.debug(ANY)
00:26:49.0 (92952575)|STATEMENT_EXECUTE|[88]
00:26:49.0 (92955357)|HEAP_ALLOCATE|[88]|Bytes:18
00:26:49.0 (92959857)|SYSTEM_METHOD_ENTRY|[88]|communityCaseMgmtController.__sfdc_accName()
00:26:49.0 (93093231)|VARIABLE_ASSIGNMENT|[EXTERNAL]|this|{"accCaseCount":"0x741a3377","accName":"0x5170f372","con":"0x1b3f963f","conRelatedAccsList":"0x7e877913","currentUser":"0x7c235ff2","currentUserId":"00524000005uNfKAAU","myCases":"0x70d2bb63","myOrgCases":"0x3b56a3b6","newCase":"0x5728dbb4","newCaseOwner":"0x46f96a7d","qViewCaseComment":"0x70968039","relatedAccId":"0xa1e471b","showCreateCase":false}|0x70a3e6d
00:26:49.0 (93101771)|SYSTEM_METHOD_EXIT|[88]|communityCaseMgmtController.__sfdc_accName()
00:26:49.0 (93115493)|SYSTEM_METHOD_ENTRY|[88]|String.valueOf(Object)
00:26:49.0 (93121263)|HEAP_ALLOCATE|[88]|Bytes:72
00:26:49.0 (93127807)|SYSTEM_METHOD_EXIT|[88]|String.valueOf(Object)
00:26:49.0 (93132146)|SYSTEM_METHOD_ENTRY|[88]|communityCaseMgmtController.__sfdc_accCaseCount()
00:26:49.0 (93253056)|VARIABLE_ASSIGNMENT|[EXTERNAL]|this|{"accCaseCount":"0x741a3377","accName":"0x5170f372","con":"0x1b3f963f","conRelatedAccsList":"0x7e877913","currentUser":"0x7c235ff2","currentUserId":"00524000005uNfKAAU","myCases":"0x70d2bb63","myOrgCases":"0x3b56a3b6","newCase":"0x5728dbb4","newCaseOwner":"0x46f96a7d","qViewCaseComment":"0x70968039","relatedAccId":"0xa1e471b","showCreateCase":false}|0x70a3e6d
00:26:49.0 (93261090)|SYSTEM_METHOD_EXIT|[88]|communityCaseMgmtController.__sfdc_accCaseCount()
00:26:49.0 (93276842)|SYSTEM_METHOD_ENTRY|[88]|String.valueOf(Object)
00:26:49.0 (93282522)|HEAP_ALLOCATE|[88]|Bytes:44
00:26:49.0 (93289058)|SYSTEM_METHOD_EXIT|[88]|String.valueOf(Object)
00:26:49.0 (93294995)|HEAP_ALLOCATE|[88]|Bytes:134
00:26:49.0 (93301588)|SYSTEM_METHOD_ENTRY|[88]|System.debug(ANY)
00:26:49.0 (93305559)|USER_DEBUG|[88]|DEBUG|Acc name and size {0019E000005FzZJQA0=neela@lightful.xyz, 0019E000006wqt7QAA=LightfulTest}{0019E000005FzZJQA0=5, 0019E000006wqt7QAA=1}
00:26:49.0 (93308818)|SYSTEM_METHOD_EXIT|[88]|System.debug(ANY)
00:26:49.0 (93311142)|STATEMENT_EXECUTE|[90]
00:26:49.0 (93328619)|SYSTEM_METHOD_ENTRY|[90]|communityCaseMgmtController.__sfdc_commentExist(Boolean)
00:26:49.0 (93467737)|VARIABLE_ASSIGNMENT|[EXTERNAL]|this|{"accCaseCount":"0x741a3377","accName":"0x5170f372","con":"0x1b3f963f","conRelatedAccsList":"0x7e877913","currentUser":"0x7c235ff2","currentUserId":"00524000005uNfKAAU","myCases":"0x70d2bb63","myOrgCases":"0x3b56a3b6","newCase":"0x5728dbb4","newCaseOwner":"0x46f96a7d","qViewCaseComment":"0x70968039","relatedAccId":"0xa1e471b","showCreateCase":false}|0x70a3e6d
00:26:49.0 (93478256)|VARIABLE_ASSIGNMENT|[EXTERNAL]|value|false
00:26:49.0 (93487288)|HEAP_ALLOCATE|[154]|Bytes:5
00:26:49.0 (93494508)|VARIABLE_ASSIGNMENT|[154]|this.commentExist|false|0x70a3e6d
00:26:49.0 (93500100)|SYSTEM_METHOD_EXIT|[90]|communityCaseMgmtController.__sfdc_commentExist(Boolean)
00:26:49.0 (93516132)|VF_APEX_CALL_END|communityCaseMgmtController <init>
00:26:49.0 (93566131)|VF_APEX_CALL_START|[EXTERNAL]|01p9E000000Dmpd|communityCaseMgmtController get(myCases)
00:26:49.0 (93572378)|SYSTEM_MODE_ENTER|true
00:26:49.0 (93581437)|VF_APEX_CALL_START|[EXTERNAL]|01p9E000000Dmpd|myCases
00:26:49.0 (93589412)|VF_APEX_CALL_END|myCases
00:26:49.0 (93597718)|VF_APEX_CALL_END|communityCaseMgmtController get(myCases)
00:26:49.0 (94528996)|VF_APEX_CALL_START|[EXTERNAL]|01p9E000000Dmpd|communityCaseMgmtController get(relatedAccId)
00:26:49.0 (94535747)|SYSTEM_MODE_ENTER|true
00:26:49.0 (94541698)|VF_APEX_CALL_START|[EXTERNAL]|01p9E000000Dmpd|relatedAccId
00:26:49.0 (94550423)|VF_APEX_CALL_END|relatedAccId
00:26:49.0 (94563281)|VF_APEX_CALL_END|communityCaseMgmtController get(relatedAccId)
00:26:49.0 (94660805)|VF_EVALUATE_FORMULA_BEGIN|0669E000000Cv0R|#{myOrgCases[accid]}
00:26:49.0 (94715447)|VF_APEX_CALL_START|[EXTERNAL]|01p9E000000Dmpd|communityCaseMgmtController get(myOrgCases)
00:26:49.0 (94720195)|SYSTEM_MODE_ENTER|true
00:26:49.0 (94725240)|VF_APEX_CALL_START|[EXTERNAL]|01p9E000000Dmpd|myOrgCases
00:26:49.0 (94733049)|VF_APEX_CALL_END|myOrgCases
00:26:49.0 (94743182)|VF_APEX_CALL_END|communityCaseMgmtController get(myOrgCases)
00:26:49.0 (94767494)|VF_EVALUATE_FORMULA_END
00:26:49.0 (94779139)|VF_EVALUATE_FORMULA_BEGIN|0669E000000Cv0R|#{myOrgCases[accid]}
00:26:49.0 (94792689)|VF_EVALUATE_FORMULA_END
00:26:49.0 (94796555)|VF_EVALUATE_FORMULA_BEGIN|0669E000000Cv0R|#{myOrgCases[accid]}
00:26:49.0 (94805403)|VF_EVALUATE_FORMULA_END
00:26:49.0 (94824022)|VF_EVALUATE_FORMULA_BEGIN|0669E000000Cv0R|#{myOrgCases[accid]}
00:26:49.0 (94835192)|VF_EVALUATE_FORMULA_END
00:26:49.0 (94839000)|VF_EVALUATE_FORMULA_BEGIN|0669E000000Cv0R|#{myOrgCases[accid]}
00:26:49.0 (94847378)|VF_EVALUATE_FORMULA_END
00:26:49.0 (94964416)|VF_EVALUATE_FORMULA_BEGIN|0669E000000Cv0R|#{myOrgCases[accid]}
00:26:49.0 (94985013)|VF_EVALUATE_FORMULA_END
00:26:49.0 (94992150)|VF_EVALUATE_FORMULA_BEGIN|0669E000000Cv0R|#{myOrgCases[accid]}
00:26:49.0 (95003648)|VF_EVALUATE_FORMULA_END
00:26:49.0 (95007716)|VF_EVALUATE_FORMULA_BEGIN|0669E000000Cv0R|#{myOrgCases[accid]}
00:26:49.0 (95018185)|VF_EVALUATE_FORMULA_END
00:26:49.0 (95032742)|VF_EVALUATE_FORMULA_BEGIN|0669E000000Cv0R|#{myOrgCases[accid]}
00:26:49.0 (95044718)|VF_EVALUATE_FORMULA_END
00:26:49.0 (95048337)|VF_EVALUATE_FORMULA_BEGIN|0669E000000Cv0R|#{myOrgCases[accid]}
00:26:49.0 (95058488)|VF_EVALUATE_FORMULA_END
00:26:49.0 (95326887)|VF_EVALUATE_FORMULA_BEGIN|0669E000000Cv0R|#{qViewCaseComment[qViewCaseId]}
00:26:49.0 (95384208)|VF_APEX_CALL_START|[EXTERNAL]|01p9E000000Dmpd|communityCaseMgmtController get(qViewCaseComment)
00:26:49.0 (95389255)|SYSTEM_MODE_ENTER|true
00:26:49.0 (95394714)|VF_APEX_CALL_START|[EXTERNAL]|01p9E000000Dmpd|qViewCaseComment
00:26:49.0 (95402297)|VF_APEX_CALL_END|qViewCaseComment
00:26:49.0 (95413796)|VF_APEX_CALL_END|communityCaseMgmtController get(qViewCaseComment)
00:26:49.0 (95436937)|VF_APEX_CALL_START|[EXTERNAL]|01p9E000000Dmpd|communityCaseMgmtController get(qViewCaseId)
00:26:49.0 (95440070)|SYSTEM_MODE_ENTER|true
00:26:49.0 (95443619)|VF_APEX_CALL_START|[EXTERNAL]|01p9E000000Dmpd|qViewCaseId
00:26:49.0 (95448543)|VF_APEX_CALL_END|qViewCaseId
00:26:49.0 (95455185)|VF_APEX_CALL_END|communityCaseMgmtController get(qViewCaseId)
00:26:49.0 (95539974)|VF_EVALUATE_FORMULA_END
00:26:49.151 (151951377)|CUMULATIVE_LIMIT_USAGE
00:26:49.151 (151951377)|LIMIT_USAGE_FOR_NS|(default)|
  Number of SOQL queries: 7 out of 100
  Number of query rows: 17 out of 50000
  Number of SOSL queries: 0 out of 20
  Number of DML statements: 0 out of 150
  Number of DML rows: 0 out of 10000
  Maximum CPU time: 0 out of 10000
  Maximum heap size: 0 out of 6000000
  Number of callouts: 0 out of 100
  Number of Email Invocations: 0 out of 10
  Number of future calls: 0 out of 50
  Number of queueable jobs added to the queue: 0 out of 50
  Number of Mobile Apex push calls: 0 out of 10

00:26:49.151 (151951377)|TOTAL_EMAIL_RECIPIENTS_QUEUED|0
00:26:49.151 (151951377)|STATIC_VARIABLE_LIST|
  char[]:DigitTens:0
  long:serialVersionUID:0
  long:serialVersionUID:0
  String:_sfdcAdditionalCodeLocations:0
  String:_sfdcAdditionalCodeLocations:0
  double:MAX_VALUE:0
  Boolean:FALSE:0
  long:serialVersionUID:0
  String:__sfdcInnerTypes:0
  String:_sfdcSuppressedCodeLocations:0
  double:MIN_VALUE:0
  int:SIZE:0
  double:NEGATIVE_INFINITY:0
  int:MAX_VALUE:0
  String:_sfdcAdditionalCodeLocations:0
  char[]:digits:0
  double:NaN:0
  Boolean:TRUE:0
  int:MIN_VALUE:0
  char[]:DigitOnes:0
  int:BYTES:0
  int:MIN_EXPONENT:0
  int[]:sizeTable:0
  int:MAX_EXPONENT:0
  String:_sfdcAdditionalCodeLocations:0
  String:__sfdcProperties:0
  int:SIZE:0
  double:POSITIVE_INFINITY:0
  double:MIN_NORMAL:0
  int:BYTES:0

00:26:49.151 (151951377)|CUMULATIVE_LIMIT_USAGE_END

00:26:49.0 (152083183)|CODE_UNIT_FINISHED|VF: /apex/communityCaseMgmt
00:26:49.0 (152864747)|EXECUTION_FINISHED
00:26:49.154 (154401751)|CUMULATIVE_PROFILING_BEGIN
00:26:49.154 (154401751)|CUMULATIVE_PROFILING|SOQL operations|
Class.communityCaseMgmtController.<init>: line 73, column 1: [SELECT CaseNumber,ContactEmail,ContactId,CreatedById,Description,Priority,Reason,Subject,origin,Issue_Type__c,accountid,status FROM Case where accountid= :a.accountid]: executed 2 times in 8 ms
Class.communityCaseMgmtController.<init>: line 51, column 1: [SELECT AccountId,ContactId,IsActive,IsDirect,Roles FROM AccountContactRelation WHERE ContactId = '0039E000004AdCP']: executed 2 times in 5 ms
Class.communityCaseMgmtController.<init>: line 71, column 1: [select id,name from account where id =:a.accountid]: executed 2 times in 3 ms

00:26:49.154 (154401751)|CUMULATIVE_PROFILING|No profiling information for SOSL operations
00:26:49.154 (154401751)|CUMULATIVE_PROFILING|No profiling information for DML operations
00:26:49.154 (154401751)|CUMULATIVE_PROFILING|method invocations|
External entry point: public void <init>(): executed 1 time in 35 ms
Class.communityCaseMgmtController.<init>: line 55, column 1: public Id __sfdc_currentUserId(): executed 3 times in 5 ms
Class.communityCaseMgmtController.<init>: line 24, column 1: public Id __sfdc_currentUserId(): executed 3 times in 4 ms
Class.communityCaseMgmtController.<init>: line 82, column 1: public Map<Id,List<CaseComment>> __sfdc_qViewCaseComment(): executed 12 times in 1 ms
Class.communityCaseMgmtController.<init>: line 85, column 1: public Map<Id,List<Case>> __sfdc_myOrgCases(): executed 3 times in 1 ms
Class.communityCaseMgmtController.<init>: line 29, column 1: global public List<AccountContactRelation>(): executed 2 times in 1 ms
Class.communityCaseMgmtController.<init>: line 46, column 1: public User __sfdc_currentUser(): executed 2 times in 1 ms
Class.communityCaseMgmtController.<init>: line 61, column 1: public List<AccountContactRelation> __sfdc_conRelatedAccsList(): executed 3 times in 1 ms
Class.communityCaseMgmtController.<init>: line 66, column 1: public List<AccountContactRelation> __sfdc_conRelatedAccsList(): executed 2 times in 0 ms
Class.communityCaseMgmtController.<init>: line 69, column 1: public List<AccountContactRelation> __sfdc_conRelatedAccsList(): executed 5 times in 0 ms
Class.communityCaseMgmtController.<init>: line 70, column 1: public List<Id> __sfdc_relatedAccId(): executed 4 times in 0 ms

00:26:49.154 (154401751)|CUMULATIVE_PROFILING_END
