39.0 APEX_CODE,FINEST;APEX_PROFILING,FINEST;CALLOUT,FINEST;DB,FINEST;SYSTEM,FINE;VALIDATION,INFO;VISUALFORCE,FINER;WAVE,INFO;WORKFLOW,FINER
05:40:25.0 (52940)|USER_INFO|[EXTERNAL]|00524000005uNfK|neela@lightful.com.commundev|Line Is. Time|GMT+14:00
05:40:25.0 (77982)|EXECUTION_STARTED
05:40:25.0 (81729)|CODE_UNIT_STARTED|[EXTERNAL]|0669E000000Cv0R|VF: /apex/communityCaseMgmt
05:40:25.0 (182849)|VF_DESERIALIZE_VIEWSTATE_BEGIN|0669E000000Cv0R
05:40:25.0 (5051126)|HEAP_ALLOCATE|[72]|Bytes:3
05:40:25.0 (5077067)|HEAP_ALLOCATE|[77]|Bytes:152
05:40:25.0 (5088639)|HEAP_ALLOCATE|[342]|Bytes:408
05:40:25.0 (5100659)|HEAP_ALLOCATE|[355]|Bytes:408
05:40:25.0 (5111806)|HEAP_ALLOCATE|[467]|Bytes:48
05:40:25.0 (5134959)|HEAP_ALLOCATE|[139]|Bytes:6
05:40:25.0 (6398386)|HEAP_ALLOCATE|[50]|Bytes:5
05:40:25.0 (6425879)|HEAP_ALLOCATE|[56]|Bytes:5
05:40:25.0 (6437396)|HEAP_ALLOCATE|[64]|Bytes:7
05:40:25.0 (9264657)|VF_DESERIALIZE_VIEWSTATE_END
05:40:25.11 (11711131)|VF_APEX_CALL_START|[EXTERNAL]|/apexpage/pagemessagescomponentcontroller.apex get(severities)
05:40:25.11 (11726224)|SYSTEM_MODE_ENTER|true
05:40:25.11 (11749041)|VF_APEX_CALL_START|[EXTERNAL]|PageMessagesComponentController invoke(getseverities)
05:40:25.11 (11778658)|HEAP_ALLOCATE|[EXTERNAL]|Bytes:38
05:40:25.11 (11785099)|HEAP_ALLOCATE|[EXTERNAL]|Bytes:7
05:40:25.11 (11793276)|SYSTEM_METHOD_ENTRY|[1]|PageMessagesComponentController.PageMessagesComponentController()
05:40:25.11 (11796494)|STATEMENT_EXECUTE|[1]
05:40:25.12 (12435673)|VF_APEX_CALL_START|[EXTERNAL]|/apexpage/pagemessagescomponentcontroller.apex set(conEscape,null)
05:40:25.12 (12444651)|SYSTEM_MODE_ENTER|true
05:40:25.12 (12453128)|VF_APEX_CALL_START|[EXTERNAL]|PageMessagesComponentController set(conEscape,null)
05:40:25.12 (12469704)|VF_APEX_CALL_START|[EXTERNAL]|PageMessagesComponentController invoke(setconEscape)
05:40:25.12 (12489625)|HEAP_ALLOCATE|[EXTERNAL]|Bytes:8
05:40:25.12 (12494541)|VARIABLE_SCOPE_BEGIN|[88]|this|ApexPage.PageMessagesComponentController|true|false
05:40:25.12 (12521851)|VARIABLE_ASSIGNMENT|[88]|this|{}|0x4431a943
05:40:25.12 (12524486)|VARIABLE_SCOPE_BEGIN|[88]|escape|Boolean|false|false
05:40:25.12 (12528561)|VARIABLE_ASSIGNMENT|[88]|escape|null
05:40:25.0 (12653252)|VF_APEX_CALL_START|[EXTERNAL]|01p9E000000Dmpd|communityCaseMgmtController get(myCases)
05:40:25.0 (12659591)|SYSTEM_MODE_ENTER|true
05:40:25.0 (12669361)|VF_APEX_CALL_START|[EXTERNAL]|01p9E000000Dmpd|myCases
05:40:25.0 (12679163)|HEAP_ALLOCATE|[EXTERNAL]|Bytes:368
05:40:25.0 (12685154)|HEAP_ALLOCATE|[EXTERNAL]|Bytes:60
05:40:25.0 (12687687)|HEAP_ALLOCATE|[EXTERNAL]|Bytes:23
05:40:25.0 (12693550)|METHOD_ENTRY|[1]|01p9E000000Dmpd|communityCaseMgmtController.communityCaseMgmtController()
05:40:25.0 (12696055)|STATEMENT_EXECUTE|[1]
05:40:25.0 (12698976)|STATEMENT_EXECUTE|[1]
05:40:25.0 (12702483)|METHOD_EXIT|[1]|communityCaseMgmtController
05:40:25.0 (12709184)|VF_APEX_CALL_END|myCases
05:40:25.0 (12722906)|VF_APEX_CALL_END|communityCaseMgmtController get(myCases)
05:40:25.0 (12993339)|VF_APEX_CALL_START|[EXTERNAL]|01p9E000000Dmpd|communityCaseMgmtController get(relatedAccId)
05:40:25.0 (12999700)|SYSTEM_MODE_ENTER|true
05:40:25.0 (13007900)|VF_APEX_CALL_START|[EXTERNAL]|01p9E000000Dmpd|relatedAccId
05:40:25.0 (13016635)|VF_APEX_CALL_END|relatedAccId
05:40:25.0 (13028840)|VF_APEX_CALL_END|communityCaseMgmtController get(relatedAccId)
05:40:25.0 (13102880)|VF_EVALUATE_FORMULA_BEGIN|0669E000000Cv0R|#{myOrgCases[accid]}
05:40:25.0 (13155080)|VF_APEX_CALL_START|[EXTERNAL]|01p9E000000Dmpd|communityCaseMgmtController get(myOrgCases)
05:40:25.0 (13160043)|SYSTEM_MODE_ENTER|true
05:40:25.0 (13165766)|VF_APEX_CALL_START|[EXTERNAL]|01p9E000000Dmpd|myOrgCases
05:40:25.0 (13173380)|VF_APEX_CALL_END|myOrgCases
05:40:25.0 (13184398)|VF_APEX_CALL_END|communityCaseMgmtController get(myOrgCases)
05:40:25.0 (13255792)|VF_EVALUATE_FORMULA_END
05:40:25.0 (13265060)|VF_EVALUATE_FORMULA_BEGIN|0669E000000Cv0R|#{myOrgCases[accid]}
05:40:25.0 (13288310)|VF_EVALUATE_FORMULA_END
05:40:25.0 (13378010)|VF_EVALUATE_FORMULA_BEGIN|0669E000000Cv0R|#{myOrgCases[accid]}
05:40:25.0 (13411485)|VF_EVALUATE_FORMULA_END
05:40:25.0 (13416774)|VF_EVALUATE_FORMULA_BEGIN|0669E000000Cv0R|#{myOrgCases[accid]}
05:40:25.0 (13430513)|VF_EVALUATE_FORMULA_END
05:40:25.0 (13597125)|VF_APEX_CALL_START|[EXTERNAL]|01p9E000000Dmpd|communityCaseMgmtController get(newcaseOwner)
05:40:25.0 (13602869)|SYSTEM_MODE_ENTER|true
05:40:25.0 (13608841)|VF_APEX_CALL_START|[EXTERNAL]|01p9E000000Dmpd|newcaseOwner
05:40:25.0 (13617157)|VF_APEX_CALL_END|newcaseOwner
05:40:25.0 (13629501)|VF_APEX_CALL_END|communityCaseMgmtController get(newcaseOwner)
05:40:25.0 (15178873)|VF_APEX_CALL_START|[EXTERNAL]|01p9E000000Dmpd|communityCaseMgmtController get(newCase)
05:40:25.0 (15185851)|SYSTEM_MODE_ENTER|true
05:40:25.0 (15192931)|VF_APEX_CALL_START|[EXTERNAL]|01p9E000000Dmpd|newCase
05:40:25.0 (15205601)|VF_APEX_CALL_END|newCase
05:40:25.0 (15218920)|VF_APEX_CALL_END|communityCaseMgmtController get(newCase)
05:40:25.0 (17127274)|VF_EVALUATE_FORMULA_BEGIN|0669E000000Cv0R|#{myOrgCases[accid]}
05:40:25.0 (17158747)|VF_EVALUATE_FORMULA_END
05:40:25.0 (17165564)|VF_EVALUATE_FORMULA_BEGIN|0669E000000Cv0R|#{myOrgCases[accid]}
05:40:25.0 (17178026)|VF_EVALUATE_FORMULA_END
05:40:25.18 (18356288)|VF_APEX_CALL_START|[EXTERNAL]|/apexpage/pagemessagescomponentcontroller.apex set(conEscape,null)
05:40:25.18 (18365512)|SYSTEM_MODE_ENTER|true
05:40:25.18 (18372360)|VF_APEX_CALL_START|[EXTERNAL]|PageMessagesComponentController set(conEscape,null)
05:40:25.18 (18389835)|VF_APEX_CALL_START|[EXTERNAL]|PageMessagesComponentController invoke(setconEscape)
05:40:25.18 (18409092)|HEAP_ALLOCATE|[EXTERNAL]|Bytes:8
05:40:25.18 (18414530)|VARIABLE_SCOPE_BEGIN|[88]|this|ApexPage.PageMessagesComponentController|true|false
05:40:25.18 (18431865)|VARIABLE_ASSIGNMENT|[88]|this|{}|0x4431a943
05:40:25.18 (18434434)|VARIABLE_SCOPE_BEGIN|[88]|escape|Boolean|false|false
05:40:25.18 (18437507)|VARIABLE_ASSIGNMENT|[88]|escape|null
05:40:25.0 (19251229)|VF_APEX_CALL_START|[EXTERNAL]|communityCaseMgmtController set(viewCaseId,5009E00000206zGQAQ)
05:40:25.0 (19258191)|SYSTEM_MODE_ENTER|true
05:40:25.0 (19264509)|VF_APEX_CALL_START|[EXTERNAL]|communityCaseMgmtController set(viewCaseId,5009E00000206zGQAQ)
05:40:25.0 (19278071)|HEAP_ALLOCATE|[EXTERNAL]|Bytes:4
05:40:25.0 (19281889)|HEAP_ALLOCATE|[EXTERNAL]|Bytes:60
05:40:25.0 (19389878)|VARIABLE_ASSIGNMENT|[EXTERNAL]|this.viewCaseId|"5009E00000206zGQAQ"|0x3f0beb93
05:40:25.0 (19397634)|VF_APEX_CALL_END|communityCaseMgmtController set(viewCaseId,5009E00000206zGQAQ)
05:40:25.0 (19412220)|VF_APEX_CALL_END|communityCaseMgmtController set(viewCaseId,5009E00000206zGQAQ)
05:40:25.0 (19607946)|VF_APEX_CALL_START|[EXTERNAL]|01p9E000000Dmpd|communityCaseMgmtController invoke(viewCase)
05:40:25.0 (19640121)|HEAP_ALLOCATE|[EXTERNAL]|Bytes:60
05:40:25.0 (19646218)|VARIABLE_SCOPE_BEGIN|[123]|this|communityCaseMgmtController|true|false
05:40:25.0 (19793550)|VARIABLE_ASSIGNMENT|[123]|this|{"accCaseCount":"0x2301077d","accName":"0x64ec1651","con":"0x25c151cb","conRelatedAccsList":"0x2bac2ebe","currentUser":"0xbdee59","currentUserId":"00524000005uNfKAAU","myCases":"0x4673e81","myOrgCases":"0x399722b9","newCase":"0x2b8778cf","newCaseOwner":"0x61946adf","relatedAccId":"0x1157914a","showCreateCase":false,"viewCaseId":"5009E00000206zGQAQ"}|0x3f0beb93
05:40:25.0 (19804583)|STATEMENT_EXECUTE|[124]
05:40:25.0 (19806187)|STATEMENT_EXECUTE|[125]
05:40:25.0 (19809817)|HEAP_ALLOCATE|[125]|Bytes:17
05:40:25.0 (19825136)|SYSTEM_METHOD_ENTRY|[125]|communityCaseMgmtController.__sfdc_viewCaseId()
05:40:25.0 (19958996)|VARIABLE_ASSIGNMENT|[EXTERNAL]|this|{"accCaseCount":"0x2301077d","accName":"0x64ec1651","con":"0x25c151cb","conRelatedAccsList":"0x2bac2ebe","currentUser":"0xbdee59","currentUserId":"00524000005uNfKAAU","myCases":"0x4673e81","myOrgCases":"0x399722b9","newCase":"0x2b8778cf","newCaseOwner":"0x61946adf","relatedAccId":"0x1157914a","showCreateCase":false,"viewCaseId":"5009E00000206zGQAQ"}|0x3f0beb93
05:40:25.0 (19973107)|SYSTEM_METHOD_EXIT|[125]|communityCaseMgmtController.__sfdc_viewCaseId()
05:40:25.0 (20008158)|SYSTEM_METHOD_ENTRY|[125]|String.valueOf(Object)
05:40:25.0 (20015265)|HEAP_ALLOCATE|[125]|Bytes:18
05:40:25.0 (20024318)|SYSTEM_METHOD_EXIT|[125]|String.valueOf(Object)
05:40:25.0 (20032449)|HEAP_ALLOCATE|[125]|Bytes:35
05:40:25.0 (20047258)|SYSTEM_METHOD_ENTRY|[125]|System.debug(ANY)
05:40:25.0 (20054828)|USER_DEBUG|[125]|DEBUG|current case id: 5009E00000206zGQAQ
05:40:25.0 (20058688)|SYSTEM_METHOD_EXIT|[125]|System.debug(ANY)
05:40:25.0 (20061233)|STATEMENT_EXECUTE|[127]
05:40:25.0 (20067001)|HEAP_ALLOCATE|[127]|Bytes:29
05:40:25.0 (20072335)|SYSTEM_METHOD_ENTRY|[127]|communityCaseMgmtController.__sfdc_viewCaseId()
05:40:25.0 (20194844)|VARIABLE_ASSIGNMENT|[EXTERNAL]|this|{"accCaseCount":"0x2301077d","accName":"0x64ec1651","con":"0x25c151cb","conRelatedAccsList":"0x2bac2ebe","currentUser":"0xbdee59","currentUserId":"00524000005uNfKAAU","myCases":"0x4673e81","myOrgCases":"0x399722b9","newCase":"0x2b8778cf","newCaseOwner":"0x61946adf","relatedAccId":"0x1157914a","showCreateCase":false,"viewCaseId":"5009E00000206zGQAQ"}|0x3f0beb93
05:40:25.0 (20204139)|SYSTEM_METHOD_EXIT|[127]|communityCaseMgmtController.__sfdc_viewCaseId()
05:40:25.0 (20218970)|SYSTEM_METHOD_ENTRY|[127]|String.valueOf(Object)
05:40:25.0 (20222637)|HEAP_ALLOCATE|[127]|Bytes:18
05:40:25.0 (20229264)|SYSTEM_METHOD_EXIT|[127]|String.valueOf(Object)
05:40:25.0 (20233038)|HEAP_ALLOCATE|[127]|Bytes:47
05:40:25.0 (20268982)|VARIABLE_SCOPE_BEGIN|[127]|p|System.PageReference|true|false
05:40:25.0 (20338118)|VARIABLE_ASSIGNMENT|[127]|p|"/apex/communityCaseDetail?id=5009E00000206zGQAQ"|0x4ba973df
05:40:25.0 (20342000)|STATEMENT_EXECUTE|[128]
05:40:25.0 (20363586)|VF_APEX_CALL_END|communityCaseMgmtController invoke(viewCase)
05:40:25.0 (91957487)|VF_EVALUATE_FORMULA_BEGIN|0669E000000Cv44|#{URLFOR($Resource.Bootstrap337, 'bootstrap-3.3.7-dist/css/bootstrap.min.css')}
05:40:25.0 (92055126)|VF_EVALUATE_FORMULA_END
05:40:25.0 (92075902)|VF_EVALUATE_FORMULA_BEGIN|0669E000000Cv44|#{URLFOR($Resource.Bootstrap337, 'bootstrap-3.3.7-dist/css/bootstrap.min.css')}
05:40:25.0 (92094521)|VF_EVALUATE_FORMULA_END
05:40:25.0 (92106868)|VF_EVALUATE_FORMULA_BEGIN|0669E000000Cv44|#{URLFOR($Resource.Bootstrap337, 'bootstrap-3.3.7-dist/js/bootstrap.min.js')}
05:40:25.0 (92172610)|VF_EVALUATE_FORMULA_END
05:40:25.0 (92782117)|VF_EVALUATE_FORMULA_BEGIN|0669E000000Cv44|#{IF(AND(s.isSingle,showDetail),s.message.detail,'')}
05:40:25.0 (92920524)|VF_EVALUATE_FORMULA_END
05:40:25.0 (92935855)|VF_EVALUATE_FORMULA_BEGIN|0669E000000Cv44|#{IF(AND(s.isSingle,showDetail),s.message.detail,'')}
05:40:25.0 (92944705)|VF_EVALUATE_FORMULA_END
05:40:25.0 (93040596)|VF_EVALUATE_FORMULA_BEGIN|0669E000000Cv44|#{IF(s.isSingle,s.message.summary,'')}
05:40:25.0 (93101271)|VF_EVALUATE_FORMULA_END
05:40:25.0 (93112127)|VF_EVALUATE_FORMULA_BEGIN|0669E000000Cv44|#{IF(s.isSingle,s.message.summary,'')}
05:40:25.0 (93118049)|VF_EVALUATE_FORMULA_END
05:40:25.0 (93219477)|VF_EVALUATE_FORMULA_BEGIN|0669E000000Cv44|#{IF(AND(s.isSingle,showDetail),s.message.detail,'')}
05:40:25.0 (93228950)|VF_EVALUATE_FORMULA_END
05:40:25.0 (93587042)|VF_EVALUATE_FORMULA_BEGIN|0669E000000Cv44|#{IF(s.isSingle,s.message.summary,'')}
05:40:25.0 (93598796)|VF_EVALUATE_FORMULA_END
05:40:25.0 (94717874)|VF_EVALUATE_FORMULA_BEGIN|0669E000000Cv44|#{IF(strength > 0,'msgIcon','')}
05:40:25.0 (94784711)|VF_EVALUATE_FORMULA_END
05:40:25.0 (94830336)|VF_EVALUATE_FORMULA_BEGIN|0669E000000Cv44|#{IF(OR(severity = 'ERROR', severity = 'FATAL'), 'color:#cc0000','')}
05:40:25.0 (94911140)|VF_EVALUATE_FORMULA_END
05:40:25.0 (95440660)|VF_EVALUATE_FORMULA_BEGIN|0669E000000Cv44|#{NOT(s.isSingle)}
05:40:25.0 (95491866)|VF_EVALUATE_FORMULA_END
05:40:25.0 (95784356)|VF_EVALUATE_FORMULA_BEGIN|0669E000000Cv44|#{msg.summary != ''}
05:40:25.0 (95842443)|VF_EVALUATE_FORMULA_END
05:40:25.0 (96014291)|VF_EVALUATE_FORMULA_BEGIN|0669E000000Cv44|#{AND(msg.detail != '',showDetail)}
05:40:25.0 (96088291)|VF_EVALUATE_FORMULA_END
05:40:25.0 (98337015)|VF_EVALUATE_FORMULA_BEGIN|0669E000000Cv44|#{if(AddNewComment== false, "block", "none")}
05:40:25.0 (98400025)|VF_EVALUATE_FORMULA_END
05:40:25.0 (98654208)|VF_EVALUATE_FORMULA_BEGIN|0669E000000Cv44|#{if(AddNewComment== true, "block", "none")}
05:40:25.0 (98712977)|VF_EVALUATE_FORMULA_END
05:40:25.0 (99678362)|VF_EVALUATE_FORMULA_BEGIN|0669E000000Cv44|#{commentUser[e.CreatedById]}
05:40:25.0 (99797702)|VF_EVALUATE_FORMULA_END
05:40:25.0 (99815909)|VF_EVALUATE_FORMULA_BEGIN|0669E000000Cv44|#{if(e.id==editCommentId, "block", "none")}
05:40:25.0 (99940888)|VF_EVALUATE_FORMULA_END
05:40:25.0 (100541256)|VF_EVALUATE_FORMULA_BEGIN|0669E000000Cv44|#{if(e.id!=editCommentId, "block", "none")}
05:40:25.0 (100658834)|VF_EVALUATE_FORMULA_END
05:40:25.0 (101154312)|VF_EVALUATE_FORMULA_BEGIN|0669E000000Cv44|#{if(e.id==editCommentId, "block", "none")}
05:40:25.0 (101204450)|VF_EVALUATE_FORMULA_END
05:40:25.0 (101643927)|VF_EVALUATE_FORMULA_BEGIN|0669E000000Cv44|#{if(e.id!=editCommentId, "block", "none")}
05:40:25.0 (101689556)|VF_EVALUATE_FORMULA_END
05:40:25.0 (102182833)|VF_EVALUATE_FORMULA_BEGIN|0669E000000Cv44|#{if(e.id==editCommentId, "block", "none")}
05:40:25.0 (102233477)|VF_EVALUATE_FORMULA_END
05:40:25.0 (102661427)|VF_EVALUATE_FORMULA_BEGIN|0669E000000Cv44|#{if(e.id!=editCommentId, "block", "none")}
05:40:25.0 (102709276)|VF_EVALUATE_FORMULA_END
05:40:25.0 (103959815)|VF_EVALUATE_FORMULA_BEGIN|0669E000000Cv44|#{if(AddNewComment== true, "block", "none")}
05:40:25.0 (103982181)|VF_EVALUATE_FORMULA_END
05:40:25.112 (112069194)|CUMULATIVE_LIMIT_USAGE
05:40:25.112 (112069194)|LIMIT_USAGE_FOR_NS|(default)|
  Number of SOQL queries: 0 out of 100
  Number of query rows: 0 out of 50000
  Number of SOSL queries: 0 out of 20
  Number of DML statements: 0 out of 150
  Number of DML rows: 0 out of 10000
  Maximum CPU time: 0 out of 10000
  Maximum heap size: 0 out of 6000000
  Number of callouts: 0 out of 100
  Number of Email Invocations: 0 out of 10
  Number of future calls: 0 out of 50
  Number of queueable jobs added to the queue: 0 out of 50
  Number of Mobile Apex push calls: 0 out of 10

05:40:25.112 (112069194)|TOTAL_EMAIL_RECIPIENTS_QUEUED|0
05:40:25.112 (112069194)|STATIC_VARIABLE_LIST|
  char[]:DigitTens:0
  long:serialVersionUID:0
  long:serialVersionUID:0
  double:MAX_VALUE:0
  Boolean:FALSE:0
  long:serialVersionUID:0
  String:__sfdcInnerTypes:0
  String:_sfdcSuppressedCodeLocations:0
  double:MIN_VALUE:0
  int:SIZE:0
  double:NEGATIVE_INFINITY:0
  int:MAX_VALUE:0
  String:_sfdcAdditionalCodeLocations:0
  char[]:digits:0
  double:NaN:0
  Boolean:TRUE:0
  int:MIN_VALUE:0
  char[]:DigitOnes:0
  int:BYTES:0
  int:MIN_EXPONENT:0
  int[]:sizeTable:0
  int:MAX_EXPONENT:0
  String:_sfdcAdditionalCodeLocations:0
  String:__sfdcProperties:0
  int:SIZE:0
  double:POSITIVE_INFINITY:0
  double:MIN_NORMAL:0
  int:BYTES:0

05:40:25.112 (112069194)|CUMULATIVE_LIMIT_USAGE_END

05:40:25.0 (112194258)|CODE_UNIT_FINISHED|VF: /apex/communityCaseMgmt
05:40:25.0 (113040722)|EXECUTION_FINISHED
05:40:25.114 (114501148)|CUMULATIVE_PROFILING_BEGIN
05:40:25.114 (114501148)|CUMULATIVE_PROFILING|No profiling information for SOQL operations
05:40:25.114 (114501148)|CUMULATIVE_PROFILING|No profiling information for SOSL operations
05:40:25.114 (114501148)|CUMULATIVE_PROFILING|No profiling information for DML operations
05:40:25.114 (114501148)|CUMULATIVE_PROFILING|method invocations|
External entry point: public System.PageReference viewCase(): executed 1 time in 1 ms
Class.communityCaseMgmtController.viewCase: line 125, column 1: public Id __sfdc_viewCaseId(): executed 3 times in 0 ms
Class.communityCaseMgmtController.viewCase: line 127, column 1: public Id __sfdc_viewCaseId(): executed 2 times in 0 ms

05:40:25.114 (114501148)|CUMULATIVE_PROFILING_END
