39.0 APEX_CODE,FINEST;APEX_PROFILING,FINEST;CALLOUT,FINEST;DB,FINEST;SYSTEM,FINE;VALIDATION,INFO;VISUALFORCE,FINER;WAVE,INFO;WORKFLOW,FINER
17:18:47.0 (298780)|USER_INFO|[EXTERNAL]|00524000001Gj8w|russell@lightful.xyz.commundev|Greenwich Mean Time|GMT+01:00
17:18:47.0 (324898)|EXECUTION_STARTED
17:18:47.0 (328111)|CODE_UNIT_STARTED|[EXTERNAL]|VisualForce View State
17:18:47.0 (5273509)|HEAP_ALLOCATE|[72]|Bytes:3
17:18:47.0 (5310098)|HEAP_ALLOCATE|[77]|Bytes:152
17:18:47.0 (5324685)|HEAP_ALLOCATE|[342]|Bytes:408
17:18:47.0 (5339799)|HEAP_ALLOCATE|[355]|Bytes:408
17:18:47.0 (5353087)|HEAP_ALLOCATE|[467]|Bytes:48
17:18:47.0 (5378887)|HEAP_ALLOCATE|[139]|Bytes:6
17:18:47.0 (7112249)|CODE_UNIT_FINISHED|VisualForce View State
17:18:47.0 (7978234)|EXECUTION_FINISHED
17:18:47.258 (258149165)|USER_INFO|[EXTERNAL]|00524000001Gj8w|russell@lightful.xyz.commundev|Greenwich Mean Time|GMT+01:00
17:18:47.258 (258837611)|VF_APEX_CALL_START|[EXTERNAL]|/apexpage/pagemessagecomponentcontroller.apex set(conEscape,null)
17:18:47.258 (258846096)|SYSTEM_MODE_ENTER|true
17:18:47.258 (260064597)|VF_APEX_CALL_START|[EXTERNAL]|pagemessagecomponentcontroller set(conEscape,null)
17:18:47.258 (260715499)|VF_APEX_CALL_START|[EXTERNAL]|pagemessagecomponentcontroller invoke(setconEscape)
17:18:47.258 (260758830)|HEAP_ALLOCATE|[EXTERNAL]|Bytes:120
17:18:47.258 (260771705)|HEAP_ALLOCATE|[EXTERNAL]|Bytes:10
17:18:47.258 (260782267)|SYSTEM_METHOD_ENTRY|[1]|pagemessagecomponentcontroller.pagemessagecomponentcontroller()
17:18:47.258 (260785912)|STATEMENT_EXECUTE|[1]
17:18:47.275 (275440088)|CUMULATIVE_LIMIT_USAGE
17:18:47.275 (275440088)|LIMIT_USAGE_FOR_NS|(default)|
  Number of SOQL queries: 0 out of 100
  Number of query rows: 0 out of 50000
  Number of SOSL queries: 0 out of 20
  Number of DML statements: 0 out of 150
  Number of DML rows: 0 out of 10000
  Maximum CPU time: 0 out of 10000
  Maximum heap size: 0 out of 6000000
  Number of callouts: 0 out of 100
  Number of Email Invocations: 0 out of 10
  Number of future calls: 0 out of 50
  Number of queueable jobs added to the queue: 0 out of 50
  Number of Mobile Apex push calls: 0 out of 10

17:18:47.275 (275440088)|CUMULATIVE_LIMIT_USAGE_END

