39.0 APEX_CODE,FINEST;APEX_PROFILING,FINEST;CALLOUT,FINEST;DB,FINEST;SYSTEM,FINE;VALIDATION,INFO;VISUALFORCE,FINER;WAVE,INFO;WORKFLOW,FINER
01:15:25.0 (306688)|USER_INFO|[EXTERNAL]|00524000005uNfK|neela@lightful.com.commundev|Line Is. Time|GMT+14:00
01:15:25.0 (333179)|EXECUTION_STARTED
01:15:25.0 (336897)|CODE_UNIT_STARTED|[EXTERNAL]|0669E000000Cuyk|VF: /apex/communityProducts
01:15:25.9 (9011618)|VF_APEX_CALL_START|[EXTERNAL]|/apexpage/pagemessagescomponentcontroller.apex <init>
01:15:25.9 (9025392)|SYSTEM_MODE_ENTER|true
01:15:25.9 (9152312)|HEAP_ALLOCATE|[72]|Bytes:3
01:15:25.9 (9194811)|HEAP_ALLOCATE|[77]|Bytes:152
01:15:25.9 (9210309)|HEAP_ALLOCATE|[342]|Bytes:408
01:15:25.9 (9224838)|HEAP_ALLOCATE|[355]|Bytes:408
01:15:25.9 (9237543)|HEAP_ALLOCATE|[467]|Bytes:48
01:15:25.9 (9504380)|VF_APEX_CALL_START|[EXTERNAL]|/apexpage/pagemessagescomponentcontroller.apex set(conEscape,null)
01:15:25.9 (9512851)|SYSTEM_MODE_ENTER|true
01:15:25.9 (9523212)|VF_APEX_CALL_START|[EXTERNAL]|PageMessagesComponentController set(conEscape,null)
01:15:25.9 (9541212)|VF_APEX_CALL_START|[EXTERNAL]|PageMessagesComponentController invoke(setconEscape)
01:15:25.9 (9566410)|HEAP_ALLOCATE|[EXTERNAL]|Bytes:8
01:15:25.9 (9571963)|VARIABLE_SCOPE_BEGIN|[88]|this|ApexPage.PageMessagesComponentController|true|false
01:15:25.9 (9603152)|VARIABLE_ASSIGNMENT|[88]|this|{}|0x77dc80b2
01:15:25.9 (9606005)|VARIABLE_SCOPE_BEGIN|[88]|escape|Boolean|false|false
01:15:25.9 (9610815)|VARIABLE_ASSIGNMENT|[88]|escape|null
01:15:25.9 (9786496)|VF_APEX_CALL_START|[EXTERNAL]|/apexpage/pagemessagescomponentcontroller.apex get(severities)
01:15:25.9 (9794090)|SYSTEM_MODE_ENTER|true
01:15:25.9 (9803717)|VF_APEX_CALL_START|[EXTERNAL]|PageMessagesComponentController invoke(getseverities)
01:15:25.9 (9819981)|HEAP_ALLOCATE|[EXTERNAL]|Bytes:8
01:15:25.9 (9824997)|VARIABLE_SCOPE_BEGIN|[2]|this|ApexPage.PageMessagesComponentController|true|false
01:15:25.9 (9838565)|VARIABLE_ASSIGNMENT|[2]|this|{}|0x77dc80b2
01:15:25.0 (35178368)|VF_APEX_CALL_START|[EXTERNAL]|01p9E000000Dmea|CommunityProdController <init>
01:15:25.0 (35185710)|SYSTEM_MODE_ENTER|true
01:15:25.0 (35368115)|HEAP_ALLOCATE|[EXTERNAL]|Bytes:496
01:15:25.0 (35374510)|HEAP_ALLOCATE|[EXTERNAL]|Bytes:81
01:15:25.0 (35377399)|HEAP_ALLOCATE|[EXTERNAL]|Bytes:20
01:15:25.0 (35385320)|METHOD_ENTRY|[1]|01p9E000000Dmea|CommunityProdController.CommunityProdController()
01:15:25.0 (35388146)|STATEMENT_EXECUTE|[1]
01:15:25.0 (35392024)|STATEMENT_EXECUTE|[1]
01:15:25.0 (35395740)|METHOD_EXIT|[1]|CommunityProdController
01:15:25.0 (35517533)|HEAP_ALLOCATE|[EXTERNAL]|Bytes:92
01:15:25.0 (35524070)|VARIABLE_SCOPE_BEGIN|[19]|this|CommunityProdController|true|false
01:15:25.0 (35622755)|VARIABLE_ASSIGNMENT|[19]|this|{}|0xf06767a
01:15:25.0 (35628633)|STATEMENT_EXECUTE|[1]
01:15:25.0 (35629785)|STATEMENT_EXECUTE|[4]
01:15:25.0 (35631046)|STATEMENT_EXECUTE|[5]
01:15:25.0 (35631993)|STATEMENT_EXECUTE|[6]
01:15:25.0 (35632883)|STATEMENT_EXECUTE|[7]
01:15:25.0 (35633829)|STATEMENT_EXECUTE|[11]
01:15:25.0 (35634905)|STATEMENT_EXECUTE|[12]
01:15:25.0 (35635783)|STATEMENT_EXECUTE|[13]
01:15:25.0 (35636698)|STATEMENT_EXECUTE|[15]
01:15:25.0 (35637658)|STATEMENT_EXECUTE|[16]
01:15:25.0 (35638555)|STATEMENT_EXECUTE|[17]
01:15:25.0 (35639555)|STATEMENT_EXECUTE|[79]
01:15:25.0 (35640473)|STATEMENT_EXECUTE|[80]
01:15:25.0 (35641366)|STATEMENT_EXECUTE|[134]
01:15:25.0 (35642425)|STATEMENT_EXECUTE|[135]
01:15:25.0 (35643355)|STATEMENT_EXECUTE|[136]
01:15:25.0 (35644276)|STATEMENT_EXECUTE|[137]
01:15:25.0 (35645195)|STATEMENT_EXECUTE|[138]
01:15:25.0 (35646091)|STATEMENT_EXECUTE|[140]
01:15:25.0 (35647217)|STATEMENT_EXECUTE|[141]
01:15:25.0 (35648161)|STATEMENT_EXECUTE|[142]
01:15:25.0 (35649074)|STATEMENT_EXECUTE|[143]
01:15:25.0 (35649988)|STATEMENT_EXECUTE|[144]
01:15:25.0 (35662419)|STATEMENT_EXECUTE|[20]
01:15:25.0 (35663579)|STATEMENT_EXECUTE|[21]
01:15:25.0 (35695661)|HEAP_ALLOCATE|[21]|Bytes:85
01:15:25.0 (35704069)|SYSTEM_METHOD_ENTRY|[1]|UserInfo.UserInfo()
01:15:25.0 (35706253)|STATEMENT_EXECUTE|[1]
01:15:25.0 (35710797)|SYSTEM_METHOD_EXIT|[1]|UserInfo
01:15:25.0 (35719754)|METHOD_ENTRY|[21]||System.UserInfo.getUserId()
01:15:25.0 (35778697)|METHOD_EXIT|[21]||System.UserInfo.getUserId()
01:15:25.0 (35796501)|HEAP_ALLOCATE|[21]|Bytes:4
01:15:25.0 (35811226)|SYSTEM_METHOD_ENTRY|[21]|CommunityProdController.__sfdc_currentUserId(Id)
01:15:25.0 (35843102)|VARIABLE_ASSIGNMENT|[EXTERNAL]|this|{}|0xf06767a
01:15:25.0 (36027290)|VARIABLE_ASSIGNMENT|[EXTERNAL]|value|"00524000005uNfKAAU"
01:15:25.0 (36105102)|VARIABLE_ASSIGNMENT|[15]|this.currentUserId|"00524000005uNfKAAU"|0xf06767a
01:15:25.0 (36114196)|SYSTEM_METHOD_EXIT|[21]|CommunityProdController.__sfdc_currentUserId(Id)
01:15:25.0 (36117723)|STATEMENT_EXECUTE|[22]
01:15:25.0 (36121110)|HEAP_ALLOCATE|[22]|Bytes:105
01:15:25.0 (36129646)|HEAP_ALLOCATE|[22]|Bytes:4
01:15:25.0 (36137144)|HEAP_ALLOCATE|[22]|Bytes:7
01:15:25.0 (36144263)|SYSTEM_METHOD_ENTRY|[22]|CommunityProdController.__sfdc_currentUserId()
01:15:25.0 (36278209)|VARIABLE_ASSIGNMENT|[EXTERNAL]|this|{"currentUserId":"00524000005uNfKAAU"}|0xf06767a
01:15:25.0 (36287996)|SYSTEM_METHOD_EXIT|[22]|CommunityProdController.__sfdc_currentUserId()
01:15:25.0 (38956037)|SOQL_EXECUTE_BEGIN|[22]|Aggregations:0|SELECT id, name, firstname, lastname, contactid, fullphotourl, phone, email FROM user WHERE id = :tmpVar1
01:15:25.0 (38965973)|LIMIT_USAGE|[22]|SOQL|1|100
01:15:25.0 (38974350)|LIMIT_USAGE|[22]|AGGS|0|300
01:15:25.0 (43310160)|SOQL_EXECUTE_END|[22]|Rows:1
01:15:25.0 (43316606)|LIMIT_USAGE|[22]|SOQL_ROWS|1|50000
01:15:25.0 (43328767)|HEAP_ALLOCATE|[22]|Bytes:8
01:15:25.0 (43344782)|HEAP_ALLOCATE|[22]|Bytes:183
01:15:25.0 (43381609)|HEAP_ALLOCATE|[22]|Bytes:8
01:15:25.0 (43390128)|HEAP_ALLOCATE|[22]|Bytes:30
01:15:25.0 (43438219)|HEAP_ALLOCATE|[22]|Bytes:28
01:15:25.0 (43460260)|SYSTEM_METHOD_ENTRY|[22]|CommunityProdController.__sfdc_currentUser(User)
01:15:25.0 (43589999)|VARIABLE_ASSIGNMENT|[EXTERNAL]|this|{"currentUserId":"00524000005uNfKAAU"}|0xf06767a
01:15:25.0 (43610514)|VARIABLE_ASSIGNMENT|[EXTERNAL]|value|{"Id":"00524000005uNfKAAU","Name":"Neela SN","FirstName":"Neela","LastName":"SN","FullPhotoUrl":"https://c.cs88.conte (43 more) ...","Email":"neela@lightful.com"}|0x45b0b574
01:15:25.0 (43624674)|VARIABLE_ASSIGNMENT|[16]|this.currentUser|{"Id":"00524000005uNfKAAU","Name":"Neela SN","FirstName":"Neela","LastName":"SN","FullPhotoUrl":"https://c.cs88.conte (43 more) ...","Email":"neela@lightful.com"}|0xf06767a
01:15:25.0 (43631928)|SYSTEM_METHOD_EXIT|[22]|CommunityProdController.__sfdc_currentUser(User)
01:15:25.0 (43640032)|SYSTEM_METHOD_ENTRY|[25]|CommunityProdController.__sfdc_currentUser()
01:15:25.0 (43763455)|VARIABLE_ASSIGNMENT|[EXTERNAL]|this|{"currentUser":"0x45b0b574","currentUserId":"00524000005uNfKAAU"}|0xf06767a
01:15:25.0 (43772613)|SYSTEM_METHOD_EXIT|[25]|CommunityProdController.__sfdc_currentUser()
01:15:25.0 (43783956)|STATEMENT_EXECUTE|[28]
01:15:25.0 (43797661)|HEAP_ALLOCATE|[28]|Bytes:4
01:15:25.0 (43900781)|SYSTEM_METHOD_ENTRY|[28]|CommunityProdController.__sfdc_con(Contact)
01:15:25.0 (44030868)|VARIABLE_ASSIGNMENT|[EXTERNAL]|this|{"currentUser":"0x45b0b574","currentUserId":"00524000005uNfKAAU"}|0xf06767a
01:15:25.0 (44049001)|VARIABLE_ASSIGNMENT|[EXTERNAL]|value|{}|0x20eea47f
01:15:25.0 (44057569)|VARIABLE_ASSIGNMENT|[17]|this.con|{}|0xf06767a
01:15:25.0 (44063337)|SYSTEM_METHOD_EXIT|[28]|CommunityProdController.__sfdc_con(Contact)
01:15:25.0 (44067290)|STATEMENT_EXECUTE|[30]
01:15:25.0 (44070600)|HEAP_ALLOCATE|[30]|Bytes:220
01:15:25.0 (44076107)|HEAP_ALLOCATE|[30]|Bytes:4
01:15:25.0 (44950349)|SOQL_EXECUTE_BEGIN|[30]|Aggregations:0|SELECT Description, Id, IsActive, Name, DisplayUrl, ProductCode, CommunityProdDetail__c, DisplayOnCommunity__c FROM Product2 WHERE (isActive = TRUE AND DisplayOnCommunity__c = TRUE) ORDER BY name ASC NULLS FIRST LIMIT 10
01:15:25.0 (44957186)|LIMIT_USAGE|[30]|SOQL|2|100
01:15:25.0 (44963371)|LIMIT_USAGE|[30]|AGGS|0|300
01:15:25.0 (48603673)|SOQL_EXECUTE_END|[30]|Rows:8
01:15:25.0 (48609565)|LIMIT_USAGE|[30]|SOQL_ROWS|9|50000
01:15:25.0 (48619850)|HEAP_ALLOCATE|[30]|Bytes:36
01:15:25.0 (48637291)|HEAP_ALLOCATE|[30]|Bytes:1616
01:15:25.0 (48658678)|HEAP_ALLOCATE|[30]|Bytes:36
01:15:25.0 (48683685)|SYSTEM_METHOD_ENTRY|[30]|CommunityProdController.__sfdc_prodList(List<Product2>)
01:15:25.0 (48816795)|VARIABLE_ASSIGNMENT|[EXTERNAL]|this|{"con":"0x20eea47f","currentUser":"0x45b0b574","currentUserId":"00524000005uNfKAAU"}|0xf06767a
01:15:25.0 (48830315)|VARIABLE_ASSIGNMENT|[EXTERNAL]|value|"List of size 8 too large to display"|0x7eb3eca1
01:15:25.0 (48840883)|VARIABLE_ASSIGNMENT|[4]|this.prodList|"List of size 8 too large to display"|0xf06767a
01:15:25.0 (48847161)|SYSTEM_METHOD_EXIT|[30]|CommunityProdController.__sfdc_prodList(List<Product2>)
01:15:25.0 (48850716)|STATEMENT_EXECUTE|[32]
01:15:25.0 (48855371)|HEAP_ALLOCATE|[32]|Bytes:4
01:15:25.0 (48895507)|SYSTEM_METHOD_ENTRY|[32]|CommunityProdController.__sfdc_prod_pbEntry(Map<Id,PricebookEntry>)
01:15:25.0 (49032316)|VARIABLE_ASSIGNMENT|[EXTERNAL]|this|{"con":"0x20eea47f","currentUser":"0x45b0b574","currentUserId":"00524000005uNfKAAU","prodList":"0x7eb3eca1"}|0xf06767a
01:15:25.0 (49050475)|VARIABLE_ASSIGNMENT|[EXTERNAL]|value|{}|0x7434dcf8
01:15:25.0 (49059886)|VARIABLE_ASSIGNMENT|[6]|this.prod_pbEntry|{}|0xf06767a
01:15:25.0 (49065602)|SYSTEM_METHOD_EXIT|[32]|CommunityProdController.__sfdc_prod_pbEntry(Map<Id,PricebookEntry>)
01:15:25.0 (49069214)|STATEMENT_EXECUTE|[33]
01:15:25.0 (49074267)|HEAP_ALLOCATE|[33]|Bytes:4
01:15:25.0 (49100550)|SYSTEM_CONSTRUCTOR_ENTRY|[33]|<init>()
01:15:25.0 (49115514)|SYSTEM_CONSTRUCTOR_EXIT|[33]|<init>()
01:15:25.0 (49130351)|SYSTEM_METHOD_ENTRY|[33]|CommunityProdController.__sfdc_prodListDisp(List<Product2>)
01:15:25.0 (49251824)|VARIABLE_ASSIGNMENT|[EXTERNAL]|this|{"con":"0x20eea47f","currentUser":"0x45b0b574","currentUserId":"00524000005uNfKAAU","prod_pbEntry":"0x7434dcf8","prodList":"0x7eb3eca1"}|0xf06767a
01:15:25.0 (49260557)|HEAP_ALLOCATE|[EXTERNAL]|Bytes:4
01:15:25.0 (49266339)|VARIABLE_ASSIGNMENT|[EXTERNAL]|value|[]|0x1d645c5d
01:15:25.0 (49274436)|VARIABLE_ASSIGNMENT|[5]|this.prodListDisp|[]|0xf06767a
01:15:25.0 (49279454)|SYSTEM_METHOD_EXIT|[33]|CommunityProdController.__sfdc_prodListDisp(List<Product2>)
01:15:25.0 (49287070)|SYSTEM_METHOD_ENTRY|[36]|CommunityProdController.__sfdc_prodList()
01:15:25.0 (49410561)|VARIABLE_ASSIGNMENT|[EXTERNAL]|this|{"con":"0x20eea47f","currentUser":"0x45b0b574","currentUserId":"00524000005uNfKAAU","prod_pbEntry":"0x7434dcf8","prodList":"0x7eb3eca1","prodListDisp":"0x1d645c5d"}|0xf06767a
01:15:25.0 (49420296)|SYSTEM_METHOD_EXIT|[36]|CommunityProdController.__sfdc_prodList()
01:15:25.0 (49427831)|SYSTEM_METHOD_ENTRY|[36]|List<Product2>.iterator()
01:15:25.0 (49513106)|SYSTEM_METHOD_EXIT|[36]|List<Product2>.iterator()
01:15:25.0 (49528885)|SYSTEM_METHOD_ENTRY|[36]|system.ListIterator.hasNext()
01:15:25.0 (49538881)|HEAP_ALLOCATE|[36]|Bytes:5
01:15:25.0 (49543907)|SYSTEM_METHOD_EXIT|[36]|system.ListIterator.hasNext()
01:15:25.0 (49573370)|HEAP_ALLOCATE|[36]|Bytes:28
01:15:25.0 (49582302)|VARIABLE_SCOPE_BEGIN|[36]|p|Product2|true|false
01:15:25.0 (49602275)|VARIABLE_ASSIGNMENT|[36]|p|{"Id":"01t24000002t81MAAQ","IsActive":true,"Name":"First Partners - Don (5 more) ...","ProductCode":"FPD3D200","CommunityProdDetail_ (2 more) ...":"\u003Ca href=\"http://test (80 more) ...","DisplayOnCommunity__ (1 more) ...":true}|0xb7ce879
01:15:25.0 (49607198)|STATEMENT_EXECUTE|[37]
01:15:25.0 (49608517)|STATEMENT_EXECUTE|[38]
01:15:25.0 (49611215)|HEAP_ALLOCATE|[38]|Bytes:182
01:15:25.0 (49616298)|HEAP_ALLOCATE|[38]|Bytes:4
01:15:25.0 (50236035)|SOQL_EXECUTE_BEGIN|[38]|Aggregations:0|SELECT Id, IsActive, IsDeleted, Name, Pricebook2Id, Product2Id, ProductCode, UnitPrice, UseStandardPrice FROM PricebookEntry WHERE (Product2Id = :tmpVar1 AND isActive = TRUE) LIMIT 1
01:15:25.0 (50242772)|LIMIT_USAGE|[38]|SOQL|3|100
01:15:25.0 (50248591)|LIMIT_USAGE|[38]|AGGS|0|300
01:15:25.0 (52730181)|SOQL_EXECUTE_END|[38]|Rows:1
01:15:25.0 (52736058)|LIMIT_USAGE|[38]|SOQL_ROWS|10|50000
01:15:25.0 (52746441)|HEAP_ALLOCATE|[38]|Bytes:8
01:15:25.0 (52759534)|HEAP_ALLOCATE|[38]|Bytes:257
01:15:25.0 (52781690)|HEAP_ALLOCATE|[38]|Bytes:8
01:15:25.0 (52806503)|SYSTEM_METHOD_ENTRY|[38]|CommunityProdController.__sfdc_pbEntry(List<PricebookEntry>)
01:15:25.0 (52950719)|VARIABLE_ASSIGNMENT|[EXTERNAL]|this|{"con":"0x20eea47f","currentUser":"0x45b0b574","currentUserId":"00524000005uNfKAAU","prod_pbEntry":"0x7434dcf8","prodList":"0x7eb3eca1","prodListDisp":"0x1d645c5d"}|0xf06767a
01:15:25.0 (52972063)|VARIABLE_ASSIGNMENT|[EXTERNAL]|value|[{"Id":"01u24000002VVBTAA4","IsActive":true,"IsDeleted":false,"Name":"First Partners - Don (5 more) ...","Pricebook2Id":"01s24000003Olw1AAC","Product2Id":"01t24000002t81MAAQ","ProductCode":"FPD3D200","UnitPrice":200.00,"UseStandardPrice":false}]|0x3b9dadc5
01:15:25.0 (52989761)|VARIABLE_ASSIGNMENT|[7]|this.pbEntry|[{"Id":"01u24000002VVBTAA4","IsActive":true,"IsDeleted":false,"Name":"First Partners - Don (5 more) ...","Pricebook2Id":"01s24000003Olw1AAC","Product2Id":"01t24000002t81MAAQ","ProductCode":"FPD3D200","UnitPrice":200.00,"UseStandardPrice":false}]|0xf06767a
01:15:25.0 (52997671)|SYSTEM_METHOD_EXIT|[38]|CommunityProdController.__sfdc_pbEntry(List<PricebookEntry>)
01:15:25.0 (53005585)|SYSTEM_METHOD_ENTRY|[40]|CommunityProdController.__sfdc_pbEntry()
01:15:25.0 (53144882)|VARIABLE_ASSIGNMENT|[EXTERNAL]|this|{"con":"0x20eea47f","currentUser":"0x45b0b574","currentUserId":"00524000005uNfKAAU","pbEntry":"0x3b9dadc5","prod_pbEntry":"0x7434dcf8","prodList":"0x7eb3eca1","prodListDisp":"0x1d645c5d"}|0xf06767a
01:15:25.0 (53155265)|SYSTEM_METHOD_EXIT|[40]|CommunityProdController.__sfdc_pbEntry()
01:15:25.0 (53179117)|SYSTEM_METHOD_ENTRY|[40]|List<PricebookEntry>.size()
01:15:25.0 (53184760)|SYSTEM_METHOD_EXIT|[40]|List<PricebookEntry>.size()
01:15:25.0 (53191005)|STATEMENT_EXECUTE|[41]
01:15:25.0 (53192527)|STATEMENT_EXECUTE|[42]
01:15:25.0 (53198032)|SYSTEM_METHOD_ENTRY|[42]|CommunityProdController.__sfdc_prod_pbEntry()
01:15:25.0 (53328848)|VARIABLE_ASSIGNMENT|[EXTERNAL]|this|{"con":"0x20eea47f","currentUser":"0x45b0b574","currentUserId":"00524000005uNfKAAU","pbEntry":"0x3b9dadc5","prod_pbEntry":"0x7434dcf8","prodList":"0x7eb3eca1","prodListDisp":"0x1d645c5d"}|0xf06767a
01:15:25.0 (53342242)|SYSTEM_METHOD_EXIT|[42]|CommunityProdController.__sfdc_prod_pbEntry()
01:15:25.0 (53355236)|SYSTEM_METHOD_ENTRY|[42]|CommunityProdController.__sfdc_pbEntry()
01:15:25.0 (53473038)|VARIABLE_ASSIGNMENT|[EXTERNAL]|this|{"con":"0x20eea47f","currentUser":"0x45b0b574","currentUserId":"00524000005uNfKAAU","pbEntry":"0x3b9dadc5","prod_pbEntry":"0x7434dcf8","prodList":"0x7eb3eca1","prodListDisp":"0x1d645c5d"}|0xf06767a
01:15:25.0 (53480571)|SYSTEM_METHOD_EXIT|[42]|CommunityProdController.__sfdc_pbEntry()
01:15:25.0 (53509135)|HEAP_ALLOCATE|[42]|Bytes:40
01:15:25.0 (53533265)|SYSTEM_METHOD_ENTRY|[42]|Map<Id,PricebookEntry>.put(Object, Object)
01:15:25.0 (53540588)|HEAP_ALLOCATE|[EXTERNAL]|Bytes:-4
01:15:25.0 (53549101)|SYSTEM_METHOD_EXIT|[42]|Map<Id,PricebookEntry>.put(Object, Object)
01:15:25.0 (53551683)|STATEMENT_EXECUTE|[43]
01:15:25.0 (53558416)|SYSTEM_METHOD_ENTRY|[43]|CommunityProdController.__sfdc_prodListDisp()
01:15:25.0 (53688574)|VARIABLE_ASSIGNMENT|[EXTERNAL]|this|{"con":"0x20eea47f","currentUser":"0x45b0b574","currentUserId":"00524000005uNfKAAU","pbEntry":"0x3b9dadc5","prod_pbEntry":"0x7434dcf8","prodList":"0x7eb3eca1","prodListDisp":"0x1d645c5d"}|0xf06767a
01:15:25.0 (53698035)|SYSTEM_METHOD_EXIT|[43]|CommunityProdController.__sfdc_prodListDisp()
01:15:25.0 (53710064)|SYSTEM_METHOD_ENTRY|[43]|List<Product2>.add(Object)
01:15:25.0 (53715735)|HEAP_ALLOCATE|[EXTERNAL]|Bytes:4
01:15:25.0 (53721129)|SYSTEM_METHOD_EXIT|[43]|List<Product2>.add(Object)
01:15:25.0 (53724753)|STATEMENT_EXECUTE|[58]
01:15:25.0 (53728751)|SYSTEM_METHOD_ENTRY|[58]|CommunityProdController.__sfdc_pbEntry()
01:15:25.0 (53849409)|VARIABLE_ASSIGNMENT|[EXTERNAL]|this|{"con":"0x20eea47f","currentUser":"0x45b0b574","currentUserId":"00524000005uNfKAAU","pbEntry":"0x3b9dadc5","prod_pbEntry":"0x7434dcf8","prodList":"0x7eb3eca1","prodListDisp":"0x1d645c5d"}|0xf06767a
01:15:25.0 (53856868)|SYSTEM_METHOD_EXIT|[58]|CommunityProdController.__sfdc_pbEntry()
01:15:25.0 (53863032)|SYSTEM_METHOD_ENTRY|[58]|List<PricebookEntry>.clear()
01:15:25.0 (53866764)|SYSTEM_METHOD_EXIT|[58]|List<PricebookEntry>.clear()
01:15:25.0 (53871676)|SYSTEM_METHOD_ENTRY|[36]|system.ListIterator.hasNext()
01:15:25.0 (53878302)|HEAP_ALLOCATE|[36]|Bytes:5
01:15:25.0 (53882917)|SYSTEM_METHOD_EXIT|[36]|system.ListIterator.hasNext()
01:15:25.0 (53901805)|HEAP_ALLOCATE|[36]|Bytes:28
01:15:25.0 (53909220)|VARIABLE_SCOPE_BEGIN|[36]|p|Product2|true|false
01:15:25.0 (53924104)|VARIABLE_ASSIGNMENT|[36]|p|{"Description":"This is for First Pa (75 more) ...","Id":"01t24000002t6w2AAA","IsActive":true,"Name":"First Partners - Ful (9 more) ...","ProductCode":"FPFL12000","DisplayOnCommunity__ (1 more) ...":true}|0x4d3b735d
01:15:25.0 (53927962)|STATEMENT_EXECUTE|[37]
01:15:25.0 (53929363)|STATEMENT_EXECUTE|[38]
01:15:25.0 (53933394)|HEAP_ALLOCATE|[38]|Bytes:4
01:15:25.0 (54138878)|SOQL_EXECUTE_BEGIN|[38]|Aggregations:0|SELECT Id, IsActive, IsDeleted, Name, Pricebook2Id, Product2Id, ProductCode, UnitPrice, UseStandardPrice FROM PricebookEntry WHERE (Product2Id = :tmpVar1 AND isActive = TRUE) LIMIT 1
01:15:25.0 (54145128)|LIMIT_USAGE|[38]|SOQL|4|100
01:15:25.0 (54151015)|LIMIT_USAGE|[38]|AGGS|0|300
01:15:25.0 (58313391)|SOQL_EXECUTE_END|[38]|Rows:1
01:15:25.0 (58319052)|LIMIT_USAGE|[38]|SOQL_ROWS|11|50000
01:15:25.0 (58328629)|HEAP_ALLOCATE|[38]|Bytes:8
01:15:25.0 (58340756)|HEAP_ALLOCATE|[38]|Bytes:262
01:15:25.0 (58353049)|HEAP_ALLOCATE|[38]|Bytes:8
01:15:25.0 (58365470)|SYSTEM_METHOD_ENTRY|[38]|CommunityProdController.__sfdc_pbEntry(List<PricebookEntry>)
01:15:25.0 (58506120)|VARIABLE_ASSIGNMENT|[EXTERNAL]|this|{"con":"0x20eea47f","currentUser":"0x45b0b574","currentUserId":"00524000005uNfKAAU","pbEntry":"0x3b9dadc5","prod_pbEntry":"0x7434dcf8","prodList":"0x7eb3eca1","prodListDisp":"0x1d645c5d"}|0xf06767a
01:15:25.0 (58525727)|VARIABLE_ASSIGNMENT|[EXTERNAL]|value|[{"Id":"01u24000002VUygAAG","IsActive":true,"IsDeleted":false,"Name":"First Partners - Ful (9 more) ...","Pricebook2Id":"01s24000003Olw1AAC","Product2Id":"01t24000002t6w2AAA","ProductCode":"FPFL12000","UnitPrice":1200.00,"UseStandardPrice":false}]|0x2538e6b0
01:15:25.0 (58542151)|VARIABLE_ASSIGNMENT|[7]|this.pbEntry|[{"Id":"01u24000002VUygAAG","IsActive":true,"IsDeleted":false,"Name":"First Partners - Ful (9 more) ...","Pricebook2Id":"01s24000003Olw1AAC","Product2Id":"01t24000002t6w2AAA","ProductCode":"FPFL12000","UnitPrice":1200.00,"UseStandardPrice":false}]|0xf06767a
01:15:25.0 (58549864)|SYSTEM_METHOD_EXIT|[38]|CommunityProdController.__sfdc_pbEntry(List<PricebookEntry>)
01:15:25.0 (58555186)|SYSTEM_METHOD_ENTRY|[40]|CommunityProdController.__sfdc_pbEntry()
01:15:25.0 (58672476)|VARIABLE_ASSIGNMENT|[EXTERNAL]|this|{"con":"0x20eea47f","currentUser":"0x45b0b574","currentUserId":"00524000005uNfKAAU","pbEntry":"0x2538e6b0","prod_pbEntry":"0x7434dcf8","prodList":"0x7eb3eca1","prodListDisp":"0x1d645c5d"}|0xf06767a
01:15:25.0 (58681265)|SYSTEM_METHOD_EXIT|[40]|CommunityProdController.__sfdc_pbEntry()
01:15:25.0 (58687369)|SYSTEM_METHOD_ENTRY|[40]|List<PricebookEntry>.size()
01:15:25.0 (58691277)|SYSTEM_METHOD_EXIT|[40]|List<PricebookEntry>.size()
01:15:25.0 (58695324)|STATEMENT_EXECUTE|[41]
01:15:25.0 (58696745)|STATEMENT_EXECUTE|[42]
01:15:25.0 (58699830)|SYSTEM_METHOD_ENTRY|[42]|CommunityProdController.__sfdc_prod_pbEntry()
01:15:25.0 (58812534)|VARIABLE_ASSIGNMENT|[EXTERNAL]|this|{"con":"0x20eea47f","currentUser":"0x45b0b574","currentUserId":"00524000005uNfKAAU","pbEntry":"0x2538e6b0","prod_pbEntry":"0x7434dcf8","prodList":"0x7eb3eca1","prodListDisp":"0x1d645c5d"}|0xf06767a
01:15:25.0 (58820659)|SYSTEM_METHOD_EXIT|[42]|CommunityProdController.__sfdc_prod_pbEntry()
01:15:25.0 (58830117)|SYSTEM_METHOD_ENTRY|[42]|CommunityProdController.__sfdc_pbEntry()
01:15:25.0 (58939881)|VARIABLE_ASSIGNMENT|[EXTERNAL]|this|{"con":"0x20eea47f","currentUser":"0x45b0b574","currentUserId":"00524000005uNfKAAU","pbEntry":"0x2538e6b0","prod_pbEntry":"0x7434dcf8","prodList":"0x7eb3eca1","prodListDisp":"0x1d645c5d"}|0xf06767a
01:15:25.0 (58947318)|SYSTEM_METHOD_EXIT|[42]|CommunityProdController.__sfdc_pbEntry()
01:15:25.0 (58965915)|HEAP_ALLOCATE|[42]|Bytes:40
01:15:25.0 (58985008)|SYSTEM_METHOD_ENTRY|[42]|Map<Id,PricebookEntry>.put(Object, Object)
01:15:25.0 (58989975)|HEAP_ALLOCATE|[EXTERNAL]|Bytes:-4
01:15:25.0 (58998123)|SYSTEM_METHOD_EXIT|[42]|Map<Id,PricebookEntry>.put(Object, Object)
01:15:25.0 (59000695)|STATEMENT_EXECUTE|[43]
01:15:25.0 (59004508)|SYSTEM_METHOD_ENTRY|[43]|CommunityProdController.__sfdc_prodListDisp()
01:15:25.0 (59127433)|VARIABLE_ASSIGNMENT|[EXTERNAL]|this|{"con":"0x20eea47f","currentUser":"0x45b0b574","currentUserId":"00524000005uNfKAAU","pbEntry":"0x2538e6b0","prod_pbEntry":"0x7434dcf8","prodList":"0x7eb3eca1","prodListDisp":"0x1d645c5d"}|0xf06767a
01:15:25.0 (59135207)|SYSTEM_METHOD_EXIT|[43]|CommunityProdController.__sfdc_prodListDisp()
01:15:25.0 (59145988)|SYSTEM_METHOD_ENTRY|[43]|List<Product2>.add(Object)
01:15:25.0 (59150248)|HEAP_ALLOCATE|[EXTERNAL]|Bytes:4
01:15:25.0 (59155403)|SYSTEM_METHOD_EXIT|[43]|List<Product2>.add(Object)
01:15:25.0 (59158078)|STATEMENT_EXECUTE|[58]
01:15:25.0 (59160827)|SYSTEM_METHOD_ENTRY|[58]|CommunityProdController.__sfdc_pbEntry()
01:15:25.0 (59273455)|VARIABLE_ASSIGNMENT|[EXTERNAL]|this|{"con":"0x20eea47f","currentUser":"0x45b0b574","currentUserId":"00524000005uNfKAAU","pbEntry":"0x2538e6b0","prod_pbEntry":"0x7434dcf8","prodList":"0x7eb3eca1","prodListDisp":"0x1d645c5d"}|0xf06767a
01:15:25.0 (59280376)|SYSTEM_METHOD_EXIT|[58]|CommunityProdController.__sfdc_pbEntry()
01:15:25.0 (59284965)|SYSTEM_METHOD_ENTRY|[58]|List<PricebookEntry>.clear()
01:15:25.0 (59288251)|SYSTEM_METHOD_EXIT|[58]|List<PricebookEntry>.clear()
01:15:25.0 (59293077)|SYSTEM_METHOD_ENTRY|[36]|system.ListIterator.hasNext()
01:15:25.0 (59298996)|HEAP_ALLOCATE|[36]|Bytes:5
01:15:25.0 (59303454)|SYSTEM_METHOD_EXIT|[36]|system.ListIterator.hasNext()
01:15:25.0 (59322206)|HEAP_ALLOCATE|[36]|Bytes:24
01:15:25.0 (59329587)|VARIABLE_SCOPE_BEGIN|[36]|p|Product2|true|false
01:15:25.0 (59343319)|VARIABLE_ASSIGNMENT|[36]|p|{"Id":"01t24000002t7sxAAA","IsActive":true,"Name":"First Partners - Ini (36 more) ...","ProductCode":"FPSFHC-PB","DisplayOnCommunity__ (1 more) ...":true}|0x5c930d1f
01:15:25.0 (59346318)|STATEMENT_EXECUTE|[37]
01:15:25.0 (59347446)|STATEMENT_EXECUTE|[38]
01:15:25.0 (59351507)|HEAP_ALLOCATE|[38]|Bytes:4
01:15:25.0 (59549252)|SOQL_EXECUTE_BEGIN|[38]|Aggregations:0|SELECT Id, IsActive, IsDeleted, Name, Pricebook2Id, Product2Id, ProductCode, UnitPrice, UseStandardPrice FROM PricebookEntry WHERE (Product2Id = :tmpVar1 AND isActive = TRUE) LIMIT 1
01:15:25.0 (59555383)|LIMIT_USAGE|[38]|SOQL|5|100
01:15:25.0 (59561039)|LIMIT_USAGE|[38]|AGGS|0|300
01:15:25.0 (63288874)|SOQL_EXECUTE_END|[38]|Rows:1
01:15:25.0 (63294363)|LIMIT_USAGE|[38]|SOQL_ROWS|12|50000
01:15:25.0 (63303969)|HEAP_ALLOCATE|[38]|Bytes:8
01:15:25.0 (63316248)|HEAP_ALLOCATE|[38]|Bytes:289
01:15:25.0 (63328576)|HEAP_ALLOCATE|[38]|Bytes:8
01:15:25.0 (63340765)|SYSTEM_METHOD_ENTRY|[38]|CommunityProdController.__sfdc_pbEntry(List<PricebookEntry>)
01:15:25.0 (63490018)|VARIABLE_ASSIGNMENT|[EXTERNAL]|this|{"con":"0x20eea47f","currentUser":"0x45b0b574","currentUserId":"00524000005uNfKAAU","pbEntry":"0x2538e6b0","prod_pbEntry":"0x7434dcf8","prodList":"0x7eb3eca1","prodListDisp":"0x1d645c5d"}|0xf06767a
01:15:25.0 (63510422)|VARIABLE_ASSIGNMENT|[EXTERNAL]|value|[{"Id":"01u24000002VVAuAAO","IsActive":true,"IsDeleted":false,"Name":"First Partners - Ini (36 more) ...","Pricebook2Id":"01s24000003Olw1AAC","Product2Id":"01t24000002t7sxAAA","ProductCode":"FPSFHC-PB","UnitPrice":0.00,"UseStandardPrice":false}]|0xa1221e6
01:15:25.0 (63525751)|VARIABLE_ASSIGNMENT|[7]|this.pbEntry|[{"Id":"01u24000002VVAuAAO","IsActive":true,"IsDeleted":false,"Name":"First Partners - Ini (36 more) ...","Pricebook2Id":"01s24000003Olw1AAC","Product2Id":"01t24000002t7sxAAA","ProductCode":"FPSFHC-PB","UnitPrice":0.00,"UseStandardPrice":false}]|0xf06767a
01:15:25.0 (63534116)|SYSTEM_METHOD_EXIT|[38]|CommunityProdController.__sfdc_pbEntry(List<PricebookEntry>)
01:15:25.0 (63539700)|SYSTEM_METHOD_ENTRY|[40]|CommunityProdController.__sfdc_pbEntry()
01:15:25.0 (63658235)|VARIABLE_ASSIGNMENT|[EXTERNAL]|this|{"con":"0x20eea47f","currentUser":"0x45b0b574","currentUserId":"00524000005uNfKAAU","pbEntry":"0xa1221e6","prod_pbEntry":"0x7434dcf8","prodList":"0x7eb3eca1","prodListDisp":"0x1d645c5d"}|0xf06767a
01:15:25.0 (63667227)|SYSTEM_METHOD_EXIT|[40]|CommunityProdController.__sfdc_pbEntry()
01:15:25.0 (63673720)|SYSTEM_METHOD_ENTRY|[40]|List<PricebookEntry>.size()
01:15:25.0 (63677440)|SYSTEM_METHOD_EXIT|[40]|List<PricebookEntry>.size()
01:15:25.0 (63681684)|STATEMENT_EXECUTE|[41]
01:15:25.0 (63683049)|STATEMENT_EXECUTE|[42]
01:15:25.0 (63685731)|SYSTEM_METHOD_ENTRY|[42]|CommunityProdController.__sfdc_prod_pbEntry()
01:15:25.0 (63799567)|VARIABLE_ASSIGNMENT|[EXTERNAL]|this|{"con":"0x20eea47f","currentUser":"0x45b0b574","currentUserId":"00524000005uNfKAAU","pbEntry":"0xa1221e6","prod_pbEntry":"0x7434dcf8","prodList":"0x7eb3eca1","prodListDisp":"0x1d645c5d"}|0xf06767a
01:15:25.0 (63807291)|SYSTEM_METHOD_EXIT|[42]|CommunityProdController.__sfdc_prod_pbEntry()
01:15:25.0 (63816434)|SYSTEM_METHOD_ENTRY|[42]|CommunityProdController.__sfdc_pbEntry()
01:15:25.0 (63927906)|VARIABLE_ASSIGNMENT|[EXTERNAL]|this|{"con":"0x20eea47f","currentUser":"0x45b0b574","currentUserId":"00524000005uNfKAAU","pbEntry":"0xa1221e6","prod_pbEntry":"0x7434dcf8","prodList":"0x7eb3eca1","prodListDisp":"0x1d645c5d"}|0xf06767a
01:15:25.0 (63935143)|SYSTEM_METHOD_EXIT|[42]|CommunityProdController.__sfdc_pbEntry()
01:15:25.0 (63954387)|HEAP_ALLOCATE|[42]|Bytes:40
01:15:25.0 (63973726)|SYSTEM_METHOD_ENTRY|[42]|Map<Id,PricebookEntry>.put(Object, Object)
01:15:25.0 (63978934)|HEAP_ALLOCATE|[EXTERNAL]|Bytes:-4
01:15:25.0 (63987238)|SYSTEM_METHOD_EXIT|[42]|Map<Id,PricebookEntry>.put(Object, Object)
01:15:25.0 (63990056)|STATEMENT_EXECUTE|[43]
01:15:25.0 (63993246)|SYSTEM_METHOD_ENTRY|[43]|CommunityProdController.__sfdc_prodListDisp()
01:15:25.0 (64116259)|VARIABLE_ASSIGNMENT|[EXTERNAL]|this|{"con":"0x20eea47f","currentUser":"0x45b0b574","currentUserId":"00524000005uNfKAAU","pbEntry":"0xa1221e6","prod_pbEntry":"0x7434dcf8","prodList":"0x7eb3eca1","prodListDisp":"0x1d645c5d"}|0xf06767a
01:15:25.0 (64124156)|SYSTEM_METHOD_EXIT|[43]|CommunityProdController.__sfdc_prodListDisp()
01:15:25.0 (64135107)|SYSTEM_METHOD_ENTRY|[43]|List<Product2>.add(Object)
01:15:25.0 (64138865)|HEAP_ALLOCATE|[EXTERNAL]|Bytes:4
01:15:25.0 (64144237)|SYSTEM_METHOD_EXIT|[43]|List<Product2>.add(Object)
01:15:25.0 (64147028)|STATEMENT_EXECUTE|[58]
01:15:25.0 (64149827)|SYSTEM_METHOD_ENTRY|[58]|CommunityProdController.__sfdc_pbEntry()
01:15:25.0 (64266626)|VARIABLE_ASSIGNMENT|[EXTERNAL]|this|{"con":"0x20eea47f","currentUser":"0x45b0b574","currentUserId":"00524000005uNfKAAU","pbEntry":"0xa1221e6","prod_pbEntry":"0x7434dcf8","prodList":"0x7eb3eca1","prodListDisp":"0x1d645c5d"}|0xf06767a
01:15:25.0 (64273801)|SYSTEM_METHOD_EXIT|[58]|CommunityProdController.__sfdc_pbEntry()
01:15:25.0 (64278692)|SYSTEM_METHOD_ENTRY|[58]|List<PricebookEntry>.clear()
01:15:25.0 (64281697)|SYSTEM_METHOD_EXIT|[58]|List<PricebookEntry>.clear()
01:15:25.0 (64286456)|SYSTEM_METHOD_ENTRY|[36]|system.ListIterator.hasNext()
01:15:25.0 (64292567)|HEAP_ALLOCATE|[36]|Bytes:5
01:15:25.0 (64297351)|SYSTEM_METHOD_EXIT|[36]|system.ListIterator.hasNext()
01:15:25.0 (64316278)|HEAP_ALLOCATE|[36]|Bytes:24
01:15:25.0 (64323028)|VARIABLE_SCOPE_BEGIN|[36]|p|Product2|true|false
01:15:25.0 (64337194)|VARIABLE_ASSIGNMENT|[36]|p|{"Id":"01t24000002t7s9AAA","IsActive":true,"Name":"First Partners - Ini (33 more) ...","ProductCode":"FPSMI-PB","DisplayOnCommunity__ (1 more) ...":true}|0x51571b05
01:15:25.0 (64340472)|STATEMENT_EXECUTE|[37]
01:15:25.0 (64341606)|STATEMENT_EXECUTE|[38]
01:15:25.0 (64345704)|HEAP_ALLOCATE|[38]|Bytes:4
01:15:25.0 (64551060)|SOQL_EXECUTE_BEGIN|[38]|Aggregations:0|SELECT Id, IsActive, IsDeleted, Name, Pricebook2Id, Product2Id, ProductCode, UnitPrice, UseStandardPrice FROM PricebookEntry WHERE (Product2Id = :tmpVar1 AND isActive = TRUE) LIMIT 1
01:15:25.0 (64556627)|LIMIT_USAGE|[38]|SOQL|6|100
01:15:25.0 (64562339)|LIMIT_USAGE|[38]|AGGS|0|300
01:15:25.0 (66543632)|SOQL_EXECUTE_END|[38]|Rows:1
01:15:25.0 (66549168)|LIMIT_USAGE|[38]|SOQL_ROWS|13|50000
01:15:25.0 (66558478)|HEAP_ALLOCATE|[38]|Bytes:8
01:15:25.0 (66570995)|HEAP_ALLOCATE|[38]|Bytes:285
01:15:25.0 (66583146)|HEAP_ALLOCATE|[38]|Bytes:8
01:15:25.0 (66595524)|SYSTEM_METHOD_ENTRY|[38]|CommunityProdController.__sfdc_pbEntry(List<PricebookEntry>)
01:15:25.0 (66735284)|VARIABLE_ASSIGNMENT|[EXTERNAL]|this|{"con":"0x20eea47f","currentUser":"0x45b0b574","currentUserId":"00524000005uNfKAAU","pbEntry":"0xa1221e6","prod_pbEntry":"0x7434dcf8","prodList":"0x7eb3eca1","prodListDisp":"0x1d645c5d"}|0xf06767a
01:15:25.0 (66753992)|VARIABLE_ASSIGNMENT|[EXTERNAL]|value|[{"Id":"01u24000002VVAQAA4","IsActive":true,"IsDeleted":false,"Name":"First Partners - Ini (33 more) ...","Pricebook2Id":"01s24000003Olw1AAC","Product2Id":"01t24000002t7s9AAA","ProductCode":"FPSMI-PB","UnitPrice":0.00,"UseStandardPrice":false}]|0x629c4c4d
01:15:25.0 (66769270)|VARIABLE_ASSIGNMENT|[7]|this.pbEntry|[{"Id":"01u24000002VVAQAA4","IsActive":true,"IsDeleted":false,"Name":"First Partners - Ini (33 more) ...","Pricebook2Id":"01s24000003Olw1AAC","Product2Id":"01t24000002t7s9AAA","ProductCode":"FPSMI-PB","UnitPrice":0.00,"UseStandardPrice":false}]|0xf06767a
01:15:25.0 (66776991)|SYSTEM_METHOD_EXIT|[38]|CommunityProdController.__sfdc_pbEntry(List<PricebookEntry>)
01:15:25.0 (66782369)|SYSTEM_METHOD_ENTRY|[40]|CommunityProdController.__sfdc_pbEntry()
01:15:25.0 (66900718)|VARIABLE_ASSIGNMENT|[EXTERNAL]|this|{"con":"0x20eea47f","currentUser":"0x45b0b574","currentUserId":"00524000005uNfKAAU","pbEntry":"0x629c4c4d","prod_pbEntry":"0x7434dcf8","prodList":"0x7eb3eca1","prodListDisp":"0x1d645c5d"}|0xf06767a
01:15:25.0 (66908688)|SYSTEM_METHOD_EXIT|[40]|CommunityProdController.__sfdc_pbEntry()
01:15:25.0 (66914755)|SYSTEM_METHOD_ENTRY|[40]|List<PricebookEntry>.size()
01:15:25.0 (66918484)|SYSTEM_METHOD_EXIT|[40]|List<PricebookEntry>.size()
01:15:25.0 (66922601)|STATEMENT_EXECUTE|[41]
01:15:25.0 (66924045)|STATEMENT_EXECUTE|[42]
01:15:25.0 (66926829)|SYSTEM_METHOD_ENTRY|[42]|CommunityProdController.__sfdc_prod_pbEntry()
01:15:25.0 (67047635)|VARIABLE_ASSIGNMENT|[EXTERNAL]|this|{"con":"0x20eea47f","currentUser":"0x45b0b574","currentUserId":"00524000005uNfKAAU","pbEntry":"0x629c4c4d","prod_pbEntry":"0x7434dcf8","prodList":"0x7eb3eca1","prodListDisp":"0x1d645c5d"}|0xf06767a
01:15:25.0 (67056842)|SYSTEM_METHOD_EXIT|[42]|CommunityProdController.__sfdc_prod_pbEntry()
01:15:25.0 (67067290)|SYSTEM_METHOD_ENTRY|[42]|CommunityProdController.__sfdc_pbEntry()
01:15:25.0 (67179736)|VARIABLE_ASSIGNMENT|[EXTERNAL]|this|{"con":"0x20eea47f","currentUser":"0x45b0b574","currentUserId":"00524000005uNfKAAU","pbEntry":"0x629c4c4d","prod_pbEntry":"0x7434dcf8","prodList":"0x7eb3eca1","prodListDisp":"0x1d645c5d"}|0xf06767a
01:15:25.0 (67186537)|SYSTEM_METHOD_EXIT|[42]|CommunityProdController.__sfdc_pbEntry()
01:15:25.0 (67206048)|HEAP_ALLOCATE|[42]|Bytes:40
01:15:25.0 (67228680)|SYSTEM_METHOD_ENTRY|[42]|Map<Id,PricebookEntry>.put(Object, Object)
01:15:25.0 (67234217)|HEAP_ALLOCATE|[EXTERNAL]|Bytes:-4
01:15:25.0 (67242535)|SYSTEM_METHOD_EXIT|[42]|Map<Id,PricebookEntry>.put(Object, Object)
01:15:25.0 (67245338)|STATEMENT_EXECUTE|[43]
01:15:25.0 (67248540)|SYSTEM_METHOD_ENTRY|[43]|CommunityProdController.__sfdc_prodListDisp()
01:15:25.0 (67366379)|VARIABLE_ASSIGNMENT|[EXTERNAL]|this|{"con":"0x20eea47f","currentUser":"0x45b0b574","currentUserId":"00524000005uNfKAAU","pbEntry":"0x629c4c4d","prod_pbEntry":"0x7434dcf8","prodList":"0x7eb3eca1","prodListDisp":"0x1d645c5d"}|0xf06767a
01:15:25.0 (67374185)|SYSTEM_METHOD_EXIT|[43]|CommunityProdController.__sfdc_prodListDisp()
01:15:25.0 (67384859)|SYSTEM_METHOD_ENTRY|[43]|List<Product2>.add(Object)
01:15:25.0 (67388638)|HEAP_ALLOCATE|[EXTERNAL]|Bytes:4
01:15:25.0 (67393867)|SYSTEM_METHOD_EXIT|[43]|List<Product2>.add(Object)
01:15:25.0 (67396426)|STATEMENT_EXECUTE|[58]
01:15:25.0 (67398949)|SYSTEM_METHOD_ENTRY|[58]|CommunityProdController.__sfdc_pbEntry()
01:15:25.0 (67510639)|VARIABLE_ASSIGNMENT|[EXTERNAL]|this|{"con":"0x20eea47f","currentUser":"0x45b0b574","currentUserId":"00524000005uNfKAAU","pbEntry":"0x629c4c4d","prod_pbEntry":"0x7434dcf8","prodList":"0x7eb3eca1","prodListDisp":"0x1d645c5d"}|0xf06767a
01:15:25.0 (67517418)|SYSTEM_METHOD_EXIT|[58]|CommunityProdController.__sfdc_pbEntry()
01:15:25.0 (67522225)|SYSTEM_METHOD_ENTRY|[58]|List<PricebookEntry>.clear()
01:15:25.0 (67525229)|SYSTEM_METHOD_EXIT|[58]|List<PricebookEntry>.clear()
01:15:25.0 (67530005)|SYSTEM_METHOD_ENTRY|[36]|system.ListIterator.hasNext()
01:15:25.0 (67536480)|HEAP_ALLOCATE|[36]|Bytes:5
01:15:25.0 (67540822)|SYSTEM_METHOD_EXIT|[36]|system.ListIterator.hasNext()
01:15:25.0 (67559901)|HEAP_ALLOCATE|[36]|Bytes:24
01:15:25.0 (67567067)|VARIABLE_SCOPE_BEGIN|[36]|p|Product2|true|false
01:15:25.0 (67580459)|VARIABLE_ASSIGNMENT|[36]|p|{"Id":"01t24000002t7rpAAA","IsActive":true,"Name":"First Partners - Mon (23 more) ...","ProductCode":"FPMWS-PB","DisplayOnCommunity__ (1 more) ...":true}|0x3d041e76
01:15:25.0 (67583902)|STATEMENT_EXECUTE|[37]
01:15:25.0 (67585126)|STATEMENT_EXECUTE|[38]
01:15:25.0 (67589274)|HEAP_ALLOCATE|[38]|Bytes:4
01:15:25.0 (67809274)|SOQL_EXECUTE_BEGIN|[38]|Aggregations:0|SELECT Id, IsActive, IsDeleted, Name, Pricebook2Id, Product2Id, ProductCode, UnitPrice, UseStandardPrice FROM PricebookEntry WHERE (Product2Id = :tmpVar1 AND isActive = TRUE) LIMIT 1
01:15:25.0 (67814938)|LIMIT_USAGE|[38]|SOQL|7|100
01:15:25.0 (67820759)|LIMIT_USAGE|[38]|AGGS|0|300
01:15:25.0 (69996030)|SOQL_EXECUTE_END|[38]|Rows:1
01:15:25.0 (70001524)|LIMIT_USAGE|[38]|SOQL_ROWS|14|50000
01:15:25.0 (70011115)|HEAP_ALLOCATE|[38]|Bytes:8
01:15:25.0 (70023408)|HEAP_ALLOCATE|[38]|Bytes:275
01:15:25.0 (70040023)|HEAP_ALLOCATE|[38]|Bytes:8
01:15:25.0 (70052401)|SYSTEM_METHOD_ENTRY|[38]|CommunityProdController.__sfdc_pbEntry(List<PricebookEntry>)
01:15:25.0 (70193974)|VARIABLE_ASSIGNMENT|[EXTERNAL]|this|{"con":"0x20eea47f","currentUser":"0x45b0b574","currentUserId":"00524000005uNfKAAU","pbEntry":"0x629c4c4d","prod_pbEntry":"0x7434dcf8","prodList":"0x7eb3eca1","prodListDisp":"0x1d645c5d"}|0xf06767a
01:15:25.0 (70213497)|VARIABLE_ASSIGNMENT|[EXTERNAL]|value|[{"Id":"01u24000002VVALAA4","IsActive":true,"IsDeleted":false,"Name":"First Partners - Mon (23 more) ...","Pricebook2Id":"01s24000003Olw1AAC","Product2Id":"01t24000002t7rpAAA","ProductCode":"FPMWS-PB","UnitPrice":0.00,"UseStandardPrice":false}]|0x4b74342b
01:15:25.0 (70229148)|VARIABLE_ASSIGNMENT|[7]|this.pbEntry|[{"Id":"01u24000002VVALAA4","IsActive":true,"IsDeleted":false,"Name":"First Partners - Mon (23 more) ...","Pricebook2Id":"01s24000003Olw1AAC","Product2Id":"01t24000002t7rpAAA","ProductCode":"FPMWS-PB","UnitPrice":0.00,"UseStandardPrice":false}]|0xf06767a
01:15:25.0 (70236748)|SYSTEM_METHOD_EXIT|[38]|CommunityProdController.__sfdc_pbEntry(List<PricebookEntry>)
01:15:25.0 (70242174)|SYSTEM_METHOD_ENTRY|[40]|CommunityProdController.__sfdc_pbEntry()
01:15:25.0 (70360199)|VARIABLE_ASSIGNMENT|[EXTERNAL]|this|{"con":"0x20eea47f","currentUser":"0x45b0b574","currentUserId":"00524000005uNfKAAU","pbEntry":"0x4b74342b","prod_pbEntry":"0x7434dcf8","prodList":"0x7eb3eca1","prodListDisp":"0x1d645c5d"}|0xf06767a
01:15:25.0 (70368410)|SYSTEM_METHOD_EXIT|[40]|CommunityProdController.__sfdc_pbEntry()
01:15:25.0 (70374128)|SYSTEM_METHOD_ENTRY|[40]|List<PricebookEntry>.size()
01:15:25.0 (70377908)|SYSTEM_METHOD_EXIT|[40]|List<PricebookEntry>.size()
01:15:25.0 (70381954)|STATEMENT_EXECUTE|[41]
01:15:25.0 (70383400)|STATEMENT_EXECUTE|[42]
01:15:25.0 (70386247)|SYSTEM_METHOD_ENTRY|[42]|CommunityProdController.__sfdc_prod_pbEntry()
01:15:25.0 (70498171)|VARIABLE_ASSIGNMENT|[EXTERNAL]|this|{"con":"0x20eea47f","currentUser":"0x45b0b574","currentUserId":"00524000005uNfKAAU","pbEntry":"0x4b74342b","prod_pbEntry":"0x7434dcf8","prodList":"0x7eb3eca1","prodListDisp":"0x1d645c5d"}|0xf06767a
01:15:25.0 (70505814)|SYSTEM_METHOD_EXIT|[42]|CommunityProdController.__sfdc_prod_pbEntry()
01:15:25.0 (70514752)|SYSTEM_METHOD_ENTRY|[42]|CommunityProdController.__sfdc_pbEntry()
01:15:25.0 (70624978)|VARIABLE_ASSIGNMENT|[EXTERNAL]|this|{"con":"0x20eea47f","currentUser":"0x45b0b574","currentUserId":"00524000005uNfKAAU","pbEntry":"0x4b74342b","prod_pbEntry":"0x7434dcf8","prodList":"0x7eb3eca1","prodListDisp":"0x1d645c5d"}|0xf06767a
01:15:25.0 (70632093)|SYSTEM_METHOD_EXIT|[42]|CommunityProdController.__sfdc_pbEntry()
01:15:25.0 (70651250)|HEAP_ALLOCATE|[42]|Bytes:40
01:15:25.0 (70670531)|SYSTEM_METHOD_ENTRY|[42]|Map<Id,PricebookEntry>.put(Object, Object)
01:15:25.0 (70675346)|HEAP_ALLOCATE|[EXTERNAL]|Bytes:-4
01:15:25.0 (70683183)|SYSTEM_METHOD_EXIT|[42]|Map<Id,PricebookEntry>.put(Object, Object)
01:15:25.0 (70685950)|STATEMENT_EXECUTE|[43]
01:15:25.0 (70689279)|SYSTEM_METHOD_ENTRY|[43]|CommunityProdController.__sfdc_prodListDisp()
01:15:25.0 (70810896)|VARIABLE_ASSIGNMENT|[EXTERNAL]|this|{"con":"0x20eea47f","currentUser":"0x45b0b574","currentUserId":"00524000005uNfKAAU","pbEntry":"0x4b74342b","prod_pbEntry":"0x7434dcf8","prodList":"0x7eb3eca1","prodListDisp":"0x1d645c5d"}|0xf06767a
01:15:25.0 (70818981)|SYSTEM_METHOD_EXIT|[43]|CommunityProdController.__sfdc_prodListDisp()
01:15:25.0 (70829497)|SYSTEM_METHOD_ENTRY|[43]|List<Product2>.add(Object)
01:15:25.0 (70833321)|HEAP_ALLOCATE|[EXTERNAL]|Bytes:4
01:15:25.0 (70838443)|SYSTEM_METHOD_EXIT|[43]|List<Product2>.add(Object)
01:15:25.0 (70841068)|STATEMENT_EXECUTE|[58]
01:15:25.0 (70843760)|SYSTEM_METHOD_ENTRY|[58]|CommunityProdController.__sfdc_pbEntry()
01:15:25.0 (70955950)|VARIABLE_ASSIGNMENT|[EXTERNAL]|this|{"con":"0x20eea47f","currentUser":"0x45b0b574","currentUserId":"00524000005uNfKAAU","pbEntry":"0x4b74342b","prod_pbEntry":"0x7434dcf8","prodList":"0x7eb3eca1","prodListDisp":"0x1d645c5d"}|0xf06767a
01:15:25.0 (70962814)|SYSTEM_METHOD_EXIT|[58]|CommunityProdController.__sfdc_pbEntry()
01:15:25.0 (70967336)|SYSTEM_METHOD_ENTRY|[58]|List<PricebookEntry>.clear()
01:15:25.0 (70971241)|SYSTEM_METHOD_EXIT|[58]|List<PricebookEntry>.clear()
01:15:25.0 (70976013)|SYSTEM_METHOD_ENTRY|[36]|system.ListIterator.hasNext()
01:15:25.0 (70981906)|HEAP_ALLOCATE|[36]|Bytes:5
01:15:25.0 (70986095)|SYSTEM_METHOD_EXIT|[36]|system.ListIterator.hasNext()
01:15:25.0 (71005521)|HEAP_ALLOCATE|[36]|Bytes:28
01:15:25.0 (71013110)|VARIABLE_SCOPE_BEGIN|[36]|p|Product2|true|false
01:15:25.0 (71027644)|VARIABLE_ASSIGNMENT|[36]|p|{"Description":"This is for First Pa (75 more) ...","Id":"01t24000002t7jvAAA","IsActive":true,"Name":"First Partners - Mul (23 more) ...","ProductCode":"FPMSO600","DisplayOnCommunity__ (1 more) ...":true}|0x2bb33310
01:15:25.0 (71031422)|STATEMENT_EXECUTE|[37]
01:15:25.0 (71032559)|STATEMENT_EXECUTE|[38]
01:15:25.0 (71041267)|HEAP_ALLOCATE|[38]|Bytes:4
01:15:25.0 (71243981)|SOQL_EXECUTE_BEGIN|[38]|Aggregations:0|SELECT Id, IsActive, IsDeleted, Name, Pricebook2Id, Product2Id, ProductCode, UnitPrice, UseStandardPrice FROM PricebookEntry WHERE (Product2Id = :tmpVar1 AND isActive = TRUE) LIMIT 1
01:15:25.0 (71249501)|LIMIT_USAGE|[38]|SOQL|8|100
01:15:25.0 (71255363)|LIMIT_USAGE|[38]|AGGS|0|300
01:15:25.0 (75086698)|SOQL_EXECUTE_END|[38]|Rows:1
01:15:25.0 (75092263)|LIMIT_USAGE|[38]|SOQL_ROWS|15|50000
01:15:25.0 (75101764)|HEAP_ALLOCATE|[38]|Bytes:8
01:15:25.0 (75113755)|HEAP_ALLOCATE|[38]|Bytes:275
01:15:25.0 (75126351)|HEAP_ALLOCATE|[38]|Bytes:8
01:15:25.0 (75138758)|SYSTEM_METHOD_ENTRY|[38]|CommunityProdController.__sfdc_pbEntry(List<PricebookEntry>)
01:15:25.0 (75279298)|VARIABLE_ASSIGNMENT|[EXTERNAL]|this|{"con":"0x20eea47f","currentUser":"0x45b0b574","currentUserId":"00524000005uNfKAAU","pbEntry":"0x4b74342b","prod_pbEntry":"0x7434dcf8","prodList":"0x7eb3eca1","prodListDisp":"0x1d645c5d"}|0xf06767a
01:15:25.0 (75298116)|VARIABLE_ASSIGNMENT|[EXTERNAL]|value|[{"Id":"01u24000002VV8yAAG","IsActive":true,"IsDeleted":false,"Name":"First Partners - Mul (23 more) ...","Pricebook2Id":"01s24000003Olw1AAC","Product2Id":"01t24000002t7jvAAA","ProductCode":"FPMSO600","UnitPrice":600.00,"UseStandardPrice":false}]|0x12a715f2
01:15:25.0 (75313421)|VARIABLE_ASSIGNMENT|[7]|this.pbEntry|[{"Id":"01u24000002VV8yAAG","IsActive":true,"IsDeleted":false,"Name":"First Partners - Mul (23 more) ...","Pricebook2Id":"01s24000003Olw1AAC","Product2Id":"01t24000002t7jvAAA","ProductCode":"FPMSO600","UnitPrice":600.00,"UseStandardPrice":false}]|0xf06767a
01:15:25.0 (75321461)|SYSTEM_METHOD_EXIT|[38]|CommunityProdController.__sfdc_pbEntry(List<PricebookEntry>)
01:15:25.0 (75326712)|SYSTEM_METHOD_ENTRY|[40]|CommunityProdController.__sfdc_pbEntry()
01:15:25.0 (75447804)|VARIABLE_ASSIGNMENT|[EXTERNAL]|this|{"con":"0x20eea47f","currentUser":"0x45b0b574","currentUserId":"00524000005uNfKAAU","pbEntry":"0x12a715f2","prod_pbEntry":"0x7434dcf8","prodList":"0x7eb3eca1","prodListDisp":"0x1d645c5d"}|0xf06767a
01:15:25.0 (75456122)|SYSTEM_METHOD_EXIT|[40]|CommunityProdController.__sfdc_pbEntry()
01:15:25.0 (75462157)|SYSTEM_METHOD_ENTRY|[40]|List<PricebookEntry>.size()
01:15:25.0 (75465829)|SYSTEM_METHOD_EXIT|[40]|List<PricebookEntry>.size()
01:15:25.0 (75469818)|STATEMENT_EXECUTE|[41]
01:15:25.0 (75471214)|STATEMENT_EXECUTE|[42]
01:15:25.0 (75474180)|SYSTEM_METHOD_ENTRY|[42]|CommunityProdController.__sfdc_prod_pbEntry()
01:15:25.0 (75587491)|VARIABLE_ASSIGNMENT|[EXTERNAL]|this|{"con":"0x20eea47f","currentUser":"0x45b0b574","currentUserId":"00524000005uNfKAAU","pbEntry":"0x12a715f2","prod_pbEntry":"0x7434dcf8","prodList":"0x7eb3eca1","prodListDisp":"0x1d645c5d"}|0xf06767a
01:15:25.0 (75595524)|SYSTEM_METHOD_EXIT|[42]|CommunityProdController.__sfdc_prod_pbEntry()
01:15:25.0 (75604634)|SYSTEM_METHOD_ENTRY|[42]|CommunityProdController.__sfdc_pbEntry()
01:15:25.0 (75715089)|VARIABLE_ASSIGNMENT|[EXTERNAL]|this|{"con":"0x20eea47f","currentUser":"0x45b0b574","currentUserId":"00524000005uNfKAAU","pbEntry":"0x12a715f2","prod_pbEntry":"0x7434dcf8","prodList":"0x7eb3eca1","prodListDisp":"0x1d645c5d"}|0xf06767a
01:15:25.0 (75721908)|SYSTEM_METHOD_EXIT|[42]|CommunityProdController.__sfdc_pbEntry()
01:15:25.0 (75740761)|HEAP_ALLOCATE|[42]|Bytes:40
01:15:25.0 (75760071)|SYSTEM_METHOD_ENTRY|[42]|Map<Id,PricebookEntry>.put(Object, Object)
01:15:25.0 (75765050)|HEAP_ALLOCATE|[EXTERNAL]|Bytes:-4
01:15:25.0 (75772997)|SYSTEM_METHOD_EXIT|[42]|Map<Id,PricebookEntry>.put(Object, Object)
01:15:25.0 (75775714)|STATEMENT_EXECUTE|[43]
01:15:25.0 (75779535)|SYSTEM_METHOD_ENTRY|[43]|CommunityProdController.__sfdc_prodListDisp()
01:15:25.0 (75896708)|VARIABLE_ASSIGNMENT|[EXTERNAL]|this|{"con":"0x20eea47f","currentUser":"0x45b0b574","currentUserId":"00524000005uNfKAAU","pbEntry":"0x12a715f2","prod_pbEntry":"0x7434dcf8","prodList":"0x7eb3eca1","prodListDisp":"0x1d645c5d"}|0xf06767a
01:15:25.0 (75903775)|SYSTEM_METHOD_EXIT|[43]|CommunityProdController.__sfdc_prodListDisp()
01:15:25.0 (75914108)|SYSTEM_METHOD_ENTRY|[43]|List<Product2>.add(Object)
01:15:25.0 (75918106)|HEAP_ALLOCATE|[EXTERNAL]|Bytes:4
01:15:25.0 (75923205)|SYSTEM_METHOD_EXIT|[43]|List<Product2>.add(Object)
01:15:25.0 (75925799)|STATEMENT_EXECUTE|[58]
01:15:25.0 (75928502)|SYSTEM_METHOD_ENTRY|[58]|CommunityProdController.__sfdc_pbEntry()
01:15:25.0 (76044770)|VARIABLE_ASSIGNMENT|[EXTERNAL]|this|{"con":"0x20eea47f","currentUser":"0x45b0b574","currentUserId":"00524000005uNfKAAU","pbEntry":"0x12a715f2","prod_pbEntry":"0x7434dcf8","prodList":"0x7eb3eca1","prodListDisp":"0x1d645c5d"}|0xf06767a
01:15:25.0 (76052791)|SYSTEM_METHOD_EXIT|[58]|CommunityProdController.__sfdc_pbEntry()
01:15:25.0 (76057787)|SYSTEM_METHOD_ENTRY|[58]|List<PricebookEntry>.clear()
01:15:25.0 (76061028)|SYSTEM_METHOD_EXIT|[58]|List<PricebookEntry>.clear()
01:15:25.0 (76065575)|SYSTEM_METHOD_ENTRY|[36]|system.ListIterator.hasNext()
01:15:25.0 (76071817)|HEAP_ALLOCATE|[36]|Bytes:5
01:15:25.0 (76076098)|SYSTEM_METHOD_EXIT|[36]|system.ListIterator.hasNext()
01:15:25.0 (76095543)|HEAP_ALLOCATE|[36]|Bytes:24
01:15:25.0 (76102763)|VARIABLE_SCOPE_BEGIN|[36]|p|Product2|true|false
01:15:25.0 (76116675)|VARIABLE_ASSIGNMENT|[36]|p|{"Id":"01t24000002t7ssAAA","IsActive":true,"Name":"First Partners - Soc (21 more) ...","ProductCode":"FPSMC400","DisplayOnCommunity__ (1 more) ...":true}|0x6f0c288c
01:15:25.0 (76120047)|STATEMENT_EXECUTE|[37]
01:15:25.0 (76121167)|STATEMENT_EXECUTE|[38]
01:15:25.0 (76125248)|HEAP_ALLOCATE|[38]|Bytes:4
01:15:25.0 (76323765)|SOQL_EXECUTE_BEGIN|[38]|Aggregations:0|SELECT Id, IsActive, IsDeleted, Name, Pricebook2Id, Product2Id, ProductCode, UnitPrice, UseStandardPrice FROM PricebookEntry WHERE (Product2Id = :tmpVar1 AND isActive = TRUE) LIMIT 1
01:15:25.0 (76329963)|LIMIT_USAGE|[38]|SOQL|9|100
01:15:25.0 (76335687)|LIMIT_USAGE|[38]|AGGS|0|300
01:15:25.0 (78459171)|SOQL_EXECUTE_END|[38]|Rows:1
01:15:25.0 (78465163)|LIMIT_USAGE|[38]|SOQL_ROWS|16|50000
01:15:25.0 (78475249)|HEAP_ALLOCATE|[38]|Bytes:8
01:15:25.0 (78487052)|HEAP_ALLOCATE|[38]|Bytes:273
01:15:25.0 (78499493)|HEAP_ALLOCATE|[38]|Bytes:8
01:15:25.0 (78511671)|SYSTEM_METHOD_ENTRY|[38]|CommunityProdController.__sfdc_pbEntry(List<PricebookEntry>)
01:15:25.0 (78651820)|VARIABLE_ASSIGNMENT|[EXTERNAL]|this|{"con":"0x20eea47f","currentUser":"0x45b0b574","currentUserId":"00524000005uNfKAAU","pbEntry":"0x12a715f2","prod_pbEntry":"0x7434dcf8","prodList":"0x7eb3eca1","prodListDisp":"0x1d645c5d"}|0xf06767a
01:15:25.0 (78671394)|VARIABLE_ASSIGNMENT|[EXTERNAL]|value|[{"Id":"01u24000002VVAkAAO","IsActive":true,"IsDeleted":false,"Name":"First Partners - Soc (21 more) ...","Pricebook2Id":"01s24000003Olw1AAC","Product2Id":"01t24000002t7ssAAA","ProductCode":"FPSMC400","UnitPrice":400.00,"UseStandardPrice":false}]|0x5ad4ddfb
01:15:25.0 (78687123)|VARIABLE_ASSIGNMENT|[7]|this.pbEntry|[{"Id":"01u24000002VVAkAAO","IsActive":true,"IsDeleted":false,"Name":"First Partners - Soc (21 more) ...","Pricebook2Id":"01s24000003Olw1AAC","Product2Id":"01t24000002t7ssAAA","ProductCode":"FPSMC400","UnitPrice":400.00,"UseStandardPrice":false}]|0xf06767a
01:15:25.0 (78695685)|SYSTEM_METHOD_EXIT|[38]|CommunityProdController.__sfdc_pbEntry(List<PricebookEntry>)
01:15:25.0 (78700995)|SYSTEM_METHOD_ENTRY|[40]|CommunityProdController.__sfdc_pbEntry()
01:15:25.0 (78818297)|VARIABLE_ASSIGNMENT|[EXTERNAL]|this|{"con":"0x20eea47f","currentUser":"0x45b0b574","currentUserId":"00524000005uNfKAAU","pbEntry":"0x5ad4ddfb","prod_pbEntry":"0x7434dcf8","prodList":"0x7eb3eca1","prodListDisp":"0x1d645c5d"}|0xf06767a
01:15:25.0 (78826356)|SYSTEM_METHOD_EXIT|[40]|CommunityProdController.__sfdc_pbEntry()
01:15:25.0 (78832137)|SYSTEM_METHOD_ENTRY|[40]|List<PricebookEntry>.size()
01:15:25.0 (78835916)|SYSTEM_METHOD_EXIT|[40]|List<PricebookEntry>.size()
01:15:25.0 (78839931)|STATEMENT_EXECUTE|[41]
01:15:25.0 (78841332)|STATEMENT_EXECUTE|[42]
01:15:25.0 (78844000)|SYSTEM_METHOD_ENTRY|[42]|CommunityProdController.__sfdc_prod_pbEntry()
01:15:25.0 (78960042)|VARIABLE_ASSIGNMENT|[EXTERNAL]|this|{"con":"0x20eea47f","currentUser":"0x45b0b574","currentUserId":"00524000005uNfKAAU","pbEntry":"0x5ad4ddfb","prod_pbEntry":"0x7434dcf8","prodList":"0x7eb3eca1","prodListDisp":"0x1d645c5d"}|0xf06767a
01:15:25.0 (78967752)|SYSTEM_METHOD_EXIT|[42]|CommunityProdController.__sfdc_prod_pbEntry()
01:15:25.0 (78977006)|SYSTEM_METHOD_ENTRY|[42]|CommunityProdController.__sfdc_pbEntry()
01:15:25.0 (79094297)|VARIABLE_ASSIGNMENT|[EXTERNAL]|this|{"con":"0x20eea47f","currentUser":"0x45b0b574","currentUserId":"00524000005uNfKAAU","pbEntry":"0x5ad4ddfb","prod_pbEntry":"0x7434dcf8","prodList":"0x7eb3eca1","prodListDisp":"0x1d645c5d"}|0xf06767a
01:15:25.0 (79102145)|SYSTEM_METHOD_EXIT|[42]|CommunityProdController.__sfdc_pbEntry()
01:15:25.0 (79121323)|HEAP_ALLOCATE|[42]|Bytes:40
01:15:25.0 (79140589)|SYSTEM_METHOD_ENTRY|[42]|Map<Id,PricebookEntry>.put(Object, Object)
01:15:25.0 (79145773)|HEAP_ALLOCATE|[EXTERNAL]|Bytes:-4
01:15:25.0 (79153870)|SYSTEM_METHOD_EXIT|[42]|Map<Id,PricebookEntry>.put(Object, Object)
01:15:25.0 (79157235)|STATEMENT_EXECUTE|[43]
01:15:25.0 (79160534)|SYSTEM_METHOD_ENTRY|[43]|CommunityProdController.__sfdc_prodListDisp()
01:15:25.0 (79278276)|VARIABLE_ASSIGNMENT|[EXTERNAL]|this|{"con":"0x20eea47f","currentUser":"0x45b0b574","currentUserId":"00524000005uNfKAAU","pbEntry":"0x5ad4ddfb","prod_pbEntry":"0x7434dcf8","prodList":"0x7eb3eca1","prodListDisp":"0x1d645c5d"}|0xf06767a
01:15:25.0 (79285725)|SYSTEM_METHOD_EXIT|[43]|CommunityProdController.__sfdc_prodListDisp()
01:15:25.0 (79295752)|SYSTEM_METHOD_ENTRY|[43]|List<Product2>.add(Object)
01:15:25.0 (79299788)|HEAP_ALLOCATE|[EXTERNAL]|Bytes:4
01:15:25.0 (79304836)|SYSTEM_METHOD_EXIT|[43]|List<Product2>.add(Object)
01:15:25.0 (79307176)|STATEMENT_EXECUTE|[58]
01:15:25.0 (79309752)|SYSTEM_METHOD_ENTRY|[58]|CommunityProdController.__sfdc_pbEntry()
01:15:25.0 (79421156)|VARIABLE_ASSIGNMENT|[EXTERNAL]|this|{"con":"0x20eea47f","currentUser":"0x45b0b574","currentUserId":"00524000005uNfKAAU","pbEntry":"0x5ad4ddfb","prod_pbEntry":"0x7434dcf8","prodList":"0x7eb3eca1","prodListDisp":"0x1d645c5d"}|0xf06767a
01:15:25.0 (79428338)|SYSTEM_METHOD_EXIT|[58]|CommunityProdController.__sfdc_pbEntry()
01:15:25.0 (79432801)|SYSTEM_METHOD_ENTRY|[58]|List<PricebookEntry>.clear()
01:15:25.0 (79435853)|SYSTEM_METHOD_EXIT|[58]|List<PricebookEntry>.clear()
01:15:25.0 (79440315)|SYSTEM_METHOD_ENTRY|[36]|system.ListIterator.hasNext()
01:15:25.0 (79446237)|HEAP_ALLOCATE|[36]|Bytes:5
01:15:25.0 (79450554)|SYSTEM_METHOD_EXIT|[36]|system.ListIterator.hasNext()
01:15:25.0 (79468976)|HEAP_ALLOCATE|[36]|Bytes:28
01:15:25.0 (79476158)|VARIABLE_SCOPE_BEGIN|[36]|p|Product2|true|false
01:15:25.0 (79491356)|VARIABLE_ASSIGNMENT|[36]|p|{"Description":"This is for First Pa (75 more) ...","Id":"01t24000002rJluAAE","IsActive":true,"Name":"First Partners - Soc (8 more) ...","ProductCode":"FPSO1200","DisplayOnCommunity__ (1 more) ...":true}|0x6ea895b
01:15:25.0 (79494881)|STATEMENT_EXECUTE|[37]
01:15:25.0 (79496047)|STATEMENT_EXECUTE|[38]
01:15:25.0 (79500605)|HEAP_ALLOCATE|[38]|Bytes:4
01:15:25.0 (79698707)|SOQL_EXECUTE_BEGIN|[38]|Aggregations:0|SELECT Id, IsActive, IsDeleted, Name, Pricebook2Id, Product2Id, ProductCode, UnitPrice, UseStandardPrice FROM PricebookEntry WHERE (Product2Id = :tmpVar1 AND isActive = TRUE) LIMIT 1
01:15:25.0 (79704308)|LIMIT_USAGE|[38]|SOQL|10|100
01:15:25.0 (79710081)|LIMIT_USAGE|[38]|AGGS|0|300
01:15:25.0 (81807505)|SOQL_EXECUTE_END|[38]|Rows:1
01:15:25.0 (81813196)|LIMIT_USAGE|[38]|SOQL_ROWS|17|50000
01:15:25.0 (81822391)|HEAP_ALLOCATE|[38]|Bytes:8
01:15:25.0 (81834918)|HEAP_ALLOCATE|[38]|Bytes:260
01:15:25.0 (81847084)|HEAP_ALLOCATE|[38]|Bytes:8
01:15:25.0 (81859384)|SYSTEM_METHOD_ENTRY|[38]|CommunityProdController.__sfdc_pbEntry(List<PricebookEntry>)
01:15:25.0 (82002322)|VARIABLE_ASSIGNMENT|[EXTERNAL]|this|{"con":"0x20eea47f","currentUser":"0x45b0b574","currentUserId":"00524000005uNfKAAU","pbEntry":"0x5ad4ddfb","prod_pbEntry":"0x7434dcf8","prodList":"0x7eb3eca1","prodListDisp":"0x1d645c5d"}|0xf06767a
01:15:25.0 (82022081)|VARIABLE_ASSIGNMENT|[EXTERNAL]|value|[{"Id":"01u24000001whHLAAY","IsActive":true,"IsDeleted":false,"Name":"First Partners - Soc (8 more) ...","Pricebook2Id":"01s24000003Olw1AAC","Product2Id":"01t24000002rJluAAE","ProductCode":"FPSO1200","UnitPrice":1200.00,"UseStandardPrice":false}]|0xa93d7b2
01:15:25.0 (82043378)|VARIABLE_ASSIGNMENT|[7]|this.pbEntry|[{"Id":"01u24000001whHLAAY","IsActive":true,"IsDeleted":false,"Name":"First Partners - Soc (8 more) ...","Pricebook2Id":"01s24000003Olw1AAC","Product2Id":"01t24000002rJluAAE","ProductCode":"FPSO1200","UnitPrice":1200.00,"UseStandardPrice":false}]|0xf06767a
01:15:25.0 (82054017)|SYSTEM_METHOD_EXIT|[38]|CommunityProdController.__sfdc_pbEntry(List<PricebookEntry>)
01:15:25.0 (82059426)|SYSTEM_METHOD_ENTRY|[40]|CommunityProdController.__sfdc_pbEntry()
01:15:25.0 (82181928)|VARIABLE_ASSIGNMENT|[EXTERNAL]|this|{"con":"0x20eea47f","currentUser":"0x45b0b574","currentUserId":"00524000005uNfKAAU","pbEntry":"0xa93d7b2","prod_pbEntry":"0x7434dcf8","prodList":"0x7eb3eca1","prodListDisp":"0x1d645c5d"}|0xf06767a
01:15:25.0 (82190186)|SYSTEM_METHOD_EXIT|[40]|CommunityProdController.__sfdc_pbEntry()
01:15:25.0 (82196223)|SYSTEM_METHOD_ENTRY|[40]|List<PricebookEntry>.size()
01:15:25.0 (82200065)|SYSTEM_METHOD_EXIT|[40]|List<PricebookEntry>.size()
01:15:25.0 (82204227)|STATEMENT_EXECUTE|[41]
01:15:25.0 (82205923)|STATEMENT_EXECUTE|[42]
01:15:25.0 (82208915)|SYSTEM_METHOD_ENTRY|[42]|CommunityProdController.__sfdc_prod_pbEntry()
01:15:25.0 (82322333)|VARIABLE_ASSIGNMENT|[EXTERNAL]|this|{"con":"0x20eea47f","currentUser":"0x45b0b574","currentUserId":"00524000005uNfKAAU","pbEntry":"0xa93d7b2","prod_pbEntry":"0x7434dcf8","prodList":"0x7eb3eca1","prodListDisp":"0x1d645c5d"}|0xf06767a
01:15:25.0 (82330017)|SYSTEM_METHOD_EXIT|[42]|CommunityProdController.__sfdc_prod_pbEntry()
01:15:25.0 (82339064)|SYSTEM_METHOD_ENTRY|[42]|CommunityProdController.__sfdc_pbEntry()
01:15:25.0 (82452400)|VARIABLE_ASSIGNMENT|[EXTERNAL]|this|{"con":"0x20eea47f","currentUser":"0x45b0b574","currentUserId":"00524000005uNfKAAU","pbEntry":"0xa93d7b2","prod_pbEntry":"0x7434dcf8","prodList":"0x7eb3eca1","prodListDisp":"0x1d645c5d"}|0xf06767a
01:15:25.0 (82459343)|SYSTEM_METHOD_EXIT|[42]|CommunityProdController.__sfdc_pbEntry()
01:15:25.0 (82478700)|HEAP_ALLOCATE|[42]|Bytes:40
01:15:25.0 (82497751)|SYSTEM_METHOD_ENTRY|[42]|Map<Id,PricebookEntry>.put(Object, Object)
01:15:25.0 (82503354)|HEAP_ALLOCATE|[EXTERNAL]|Bytes:-4
01:15:25.0 (82511461)|SYSTEM_METHOD_EXIT|[42]|Map<Id,PricebookEntry>.put(Object, Object)
01:15:25.0 (82514404)|STATEMENT_EXECUTE|[43]
01:15:25.0 (82517776)|SYSTEM_METHOD_ENTRY|[43]|CommunityProdController.__sfdc_prodListDisp()
01:15:25.0 (82634848)|VARIABLE_ASSIGNMENT|[EXTERNAL]|this|{"con":"0x20eea47f","currentUser":"0x45b0b574","currentUserId":"00524000005uNfKAAU","pbEntry":"0xa93d7b2","prod_pbEntry":"0x7434dcf8","prodList":"0x7eb3eca1","prodListDisp":"0x1d645c5d"}|0xf06767a
01:15:25.0 (82642475)|SYSTEM_METHOD_EXIT|[43]|CommunityProdController.__sfdc_prodListDisp()
01:15:25.0 (82653011)|SYSTEM_METHOD_ENTRY|[43]|List<Product2>.add(Object)
01:15:25.0 (82656953)|HEAP_ALLOCATE|[EXTERNAL]|Bytes:4
01:15:25.0 (82662052)|SYSTEM_METHOD_EXIT|[43]|List<Product2>.add(Object)
01:15:25.0 (82664660)|STATEMENT_EXECUTE|[58]
01:15:25.0 (82667330)|SYSTEM_METHOD_ENTRY|[58]|CommunityProdController.__sfdc_pbEntry()
01:15:25.0 (82780108)|VARIABLE_ASSIGNMENT|[EXTERNAL]|this|{"con":"0x20eea47f","currentUser":"0x45b0b574","currentUserId":"00524000005uNfKAAU","pbEntry":"0xa93d7b2","prod_pbEntry":"0x7434dcf8","prodList":"0x7eb3eca1","prodListDisp":"0x1d645c5d"}|0xf06767a
01:15:25.0 (82786880)|SYSTEM_METHOD_EXIT|[58]|CommunityProdController.__sfdc_pbEntry()
01:15:25.0 (82791423)|SYSTEM_METHOD_ENTRY|[58]|List<PricebookEntry>.clear()
01:15:25.0 (82794425)|SYSTEM_METHOD_EXIT|[58]|List<PricebookEntry>.clear()
01:15:25.0 (82799277)|SYSTEM_METHOD_ENTRY|[36]|system.ListIterator.hasNext()
01:15:25.0 (82807620)|HEAP_ALLOCATE|[36]|Bytes:5
01:15:25.0 (82812078)|SYSTEM_METHOD_EXIT|[36]|system.ListIterator.hasNext()
01:15:25.0 (82820273)|VARIABLE_ASSIGNMENT|[36]|p|null|
01:15:25.0 (82823779)|STATEMENT_EXECUTE|[61]
01:15:25.0 (82826630)|HEAP_ALLOCATE|[61]|Bytes:11
01:15:25.0 (82832958)|SYSTEM_METHOD_ENTRY|[61]|CommunityProdController.__sfdc_prod_pbEntry()
01:15:25.0 (82961806)|VARIABLE_ASSIGNMENT|[EXTERNAL]|this|{"con":"0x20eea47f","currentUser":"0x45b0b574","currentUserId":"00524000005uNfKAAU","pbEntry":"0xa93d7b2","prod_pbEntry":"0x7434dcf8","prodList":"0x7eb3eca1","prodListDisp":"0x1d645c5d"}|0xf06767a
01:15:25.0 (82970350)|SYSTEM_METHOD_EXIT|[61]|CommunityProdController.__sfdc_prod_pbEntry()
01:15:25.0 (83005740)|SYSTEM_METHOD_ENTRY|[61]|String.valueOf(Object)
01:15:25.0 (83194217)|HEAP_ALLOCATE|[61]|Bytes:2124
01:15:25.0 (83207649)|SYSTEM_METHOD_EXIT|[61]|String.valueOf(Object)
01:15:25.0 (83219073)|HEAP_ALLOCATE|[61]|Bytes:2135
01:15:25.0 (83240892)|SYSTEM_METHOD_ENTRY|[61]|System.debug(ANY)
01:15:25.0 (83249597)|USER_DEBUG|[61]|DEBUG|PB Entry : {01t24000002rJluAAE=PricebookEntry:{Id=01u24000001whHLAAY, IsActive=true, IsDeleted=false, Name=First Partners - Social Only, Pricebook2Id=01s24000003Olw1AAC, Product2Id=01t24000002rJluAAE, ProductCode=FPSO1200, UnitPrice=1200.00, UseStandardPrice=false}, 01t24000002t6w2AAA=PricebookEntry:{Id=01u24000002VUygAAG, IsActive=true, IsDeleted=false, Name=First Partners - Full Licence, Pricebook2Id=01s24000003Olw1AAC, Product2Id=01t24000002t6w2AAA, ProductCode=FPFL12000, UnitPrice=1200.00, UseStandardPrice=false}, 01t24000002t7jvAAA=PricebookEntry:{Id=01u24000002VV8yAAG, IsActive=true, IsDeleted=false, Name=First Partners - Multiple Seats Social Only, Pricebook2Id=01s24000003Olw1AAC, Product2Id=01t24000002t7jvAAA, ProductCode=FPMSO600, UnitPrice=600.00, UseStandardPrice=false}, 01t24000002t7rpAAA=PricebookEntry:{Id=01u24000002VVALAA4, IsActive=true, IsDeleted=false, Name=First Partners - Monthly Pro-bono Workshops, Pricebook2Id=01s24000003Olw1AAC, Product2Id=01t24000002t7rpAAA, ProductCode=FPMWS-PB, UnitPrice=0.00, UseStandardPrice=false}, 01t24000002t7s9AAA=PricebookEntry:{Id=01u24000002VVAQAA4, IsActive=true, IsDeleted=false, Name=First Partners - Initial Pro-bono Social Media Impact, Pricebook2Id=01s24000003Olw1AAC, Product2Id=01t24000002t7s9AAA, ProductCode=FPSMI-PB, UnitPrice=0.00, UseStandardPrice=false}, 01t24000002t7ssAAA=PricebookEntry:{Id=01u24000002VVAkAAO, IsActive=true, IsDeleted=false, Name=First Partners - Social Media Consultancy, Pricebook2Id=01s24000003Olw1AAC, Product2Id=01t24000002t7ssAAA, ProductCode=FPSMC400, UnitPrice=400.00, UseStandardPrice=false}, 01t24000002t7sxAAA=PricebookEntry:{Id=01u24000002VVAuAAO, IsActive=true, IsDeleted=false, Name=First Partners - Initial Pro-bono Salesforce Healthcheck, Pricebook2Id=01s24000003Olw1AAC, Product2Id=01t24000002t7sxAAA, ProductCode=FPSFHC-PB, UnitPrice=0.00, UseStandardPrice=false}, 01t24000002t81MAAQ=PricebookEntry:{Id=01u24000002VVBTAA4, IsActive=true, IsDeleted=false, Name=First Partners - Donor 3D, Pricebook2Id=01s24000003Olw1AAC, Product2Id=01t24000002t81MAAQ, ProductCode=FPD3D200, UnitPrice=200.00, UseStandardPrice=false}}
01:15:25.0 (83262676)|SYSTEM_METHOD_EXIT|[61]|System.debug(ANY)
01:15:25.0 (83265362)|STATEMENT_EXECUTE|[63]
01:15:25.0 (83273812)|SYSTEM_METHOD_ENTRY|[63]|ApexPages.currentPage()
01:15:25.0 (83326262)|HEAP_ALLOCATE|[63]|Bytes:27
01:15:25.0 (83330609)|SYSTEM_METHOD_EXIT|[63]|ApexPages.currentPage()
01:15:25.0 (83353943)|SYSTEM_METHOD_ENTRY|[63]|System.PageReference.getCookies()
01:15:25.0 (83378417)|HEAP_ALLOCATE|[63]|Bytes:40
01:15:25.0 (83415232)|SYSTEM_METHOD_EXIT|[63]|System.PageReference.getCookies()
01:15:25.0 (83419278)|HEAP_ALLOCATE|[63]|Bytes:11
01:15:25.0 (83433835)|SYSTEM_METHOD_ENTRY|[63]|Map<String,System.Cookie>.get(Object)
01:15:25.0 (83446929)|SYSTEM_METHOD_EXIT|[63]|Map<String,System.Cookie>.get(Object)
01:15:25.0 (83452787)|VARIABLE_SCOPE_BEGIN|[63]|goppIdCookie|System.Cookie|true|false
01:15:25.0 (83528216)|VARIABLE_ASSIGNMENT|[63]|goppIdCookie|"common.apex.api.net.CookieValue@63808feb"|0x63808feb
01:15:25.0 (83533891)|STATEMENT_EXECUTE|[64]
01:15:25.0 (83538504)|HEAP_ALLOCATE|[64]|Bytes:25
01:15:25.0 (83559006)|SYSTEM_METHOD_ENTRY|[64]|String.valueOf(Object)
01:15:25.0 (83588259)|HEAP_ALLOCATE|[64]|Bytes:78
01:15:25.0 (83597558)|SYSTEM_METHOD_EXIT|[64]|String.valueOf(Object)
01:15:25.0 (83602200)|HEAP_ALLOCATE|[64]|Bytes:103
01:15:25.0 (83609715)|SYSTEM_METHOD_ENTRY|[64]|System.debug(ANY)
01:15:25.0 (83613268)|USER_DEBUG|[64]|DEBUG|get cookie opp id value: System.Cookie[oppIdCookie=0069E000002l5KVQAY;path=/;expires=-1;isSecure=false]
01:15:25.0 (83616772)|SYSTEM_METHOD_EXIT|[64]|System.debug(ANY)
01:15:25.0 (83618770)|STATEMENT_EXECUTE|[65]
01:15:25.0 (83633153)|HEAP_ALLOCATE|[65]|Bytes:4
01:15:25.0 (83724464)|SYSTEM_METHOD_ENTRY|[65]|CommunityProdController.__sfdc_newOpp(Opportunity)
01:15:25.0 (83873730)|VARIABLE_ASSIGNMENT|[EXTERNAL]|this|{"con":"0x20eea47f","currentUser":"0x45b0b574","currentUserId":"00524000005uNfKAAU","pbEntry":"0xa93d7b2","prod_pbEntry":"0x7434dcf8","prodList":"0x7eb3eca1","prodListDisp":"0x1d645c5d"}|0xf06767a
01:15:25.0 (83885578)|VARIABLE_ASSIGNMENT|[EXTERNAL]|value|{}|0xb92b349
01:15:25.0 (83895936)|VARIABLE_ASSIGNMENT|[79]|this.newOpp|{}|0xf06767a
01:15:25.0 (83901707)|SYSTEM_METHOD_EXIT|[65]|CommunityProdController.__sfdc_newOpp(Opportunity)
01:15:25.0 (83905408)|STATEMENT_EXECUTE|[75]
01:15:25.0 (83916385)|SYSTEM_METHOD_ENTRY|[75]|System.Cookie.getValue()
01:15:25.0 (83932222)|HEAP_ALLOCATE|[75]|Bytes:18
01:15:25.0 (83935971)|SYSTEM_METHOD_EXIT|[75]|System.Cookie.getValue()
01:15:25.0 (83943663)|HEAP_ALLOCATE|[75]|Bytes:4
01:15:25.0 (83951309)|SYSTEM_METHOD_ENTRY|[75]|CommunityProdController.__sfdc_newOpp()
01:15:25.0 (84082518)|VARIABLE_ASSIGNMENT|[EXTERNAL]|this|{"con":"0x20eea47f","currentUser":"0x45b0b574","currentUserId":"00524000005uNfKAAU","newOpp":"0xb92b349","pbEntry":"0xa93d7b2","prod_pbEntry":"0x7434dcf8","prodList":"0x7eb3eca1","prodListDisp":"0x1d645c5d"}|0xf06767a
01:15:25.0 (84093015)|SYSTEM_METHOD_EXIT|[75]|CommunityProdController.__sfdc_newOpp()
01:15:25.0 (85009771)|VARIABLE_ASSIGNMENT|[75]|this.Id|"0069E000002l5KVQAY"|0xb92b349
01:15:25.0 (85030978)|VF_APEX_CALL_END|CommunityProdController <init>
01:15:25.0 (85082373)|VF_APEX_CALL_START|[EXTERNAL]|01p9E000000Dmea|CommunityProdController get(prodListDisp)
01:15:25.0 (85089119)|SYSTEM_MODE_ENTER|true
01:15:25.0 (85097798)|VF_APEX_CALL_START|[EXTERNAL]|01p9E000000Dmea|prodListDisp
01:15:25.0 (85105304)|VF_APEX_CALL_END|prodListDisp
01:15:25.0 (85113053)|VF_APEX_CALL_END|CommunityProdController get(prodListDisp)
01:15:25.0 (86299725)|VF_EVALUATE_FORMULA_BEGIN|0669E000000Cuyk|#{URLFOR($Resource.Bootstrap337, 'bootstrap-3.3.7-dist/css/bootstrap.min.css')}
01:15:25.0 (86550068)|VF_EVALUATE_FORMULA_END
01:15:25.0 (86568745)|VF_EVALUATE_FORMULA_BEGIN|0669E000000Cuyk|#{URLFOR($Resource.Bootstrap337, 'bootstrap-3.3.7-dist/css/bootstrap.min.css')}
01:15:25.0 (86585280)|VF_EVALUATE_FORMULA_END
01:15:25.0 (86595061)|VF_EVALUATE_FORMULA_BEGIN|0669E000000Cuyk|#{URLFOR($Resource.Bootstrap337, 'bootstrap-3.3.7-dist/js/bootstrap.min.js')}
01:15:25.0 (86613098)|VF_EVALUATE_FORMULA_END
01:15:25.86 (86743062)|VF_APEX_CALL_START|[EXTERNAL]|/apexpage/pagemessagescomponentcontroller.apex set(conEscape,null)
01:15:25.86 (86755601)|SYSTEM_MODE_ENTER|true
01:15:25.86 (86765872)|VF_APEX_CALL_START|[EXTERNAL]|PageMessagesComponentController set(conEscape,null)
01:15:25.86 (86787207)|VF_APEX_CALL_START|[EXTERNAL]|PageMessagesComponentController invoke(setconEscape)
01:15:25.86 (86813304)|HEAP_ALLOCATE|[EXTERNAL]|Bytes:8
01:15:25.86 (86820336)|VARIABLE_SCOPE_BEGIN|[88]|this|ApexPage.PageMessagesComponentController|true|false
01:15:25.86 (86841607)|VARIABLE_ASSIGNMENT|[88]|this|{}|0x77dc80b2
01:15:25.86 (86844210)|VARIABLE_SCOPE_BEGIN|[88]|escape|Boolean|false|false
01:15:25.86 (86847302)|VARIABLE_ASSIGNMENT|[88]|escape|null
01:15:25.86 (86952092)|VF_APEX_CALL_START|[EXTERNAL]|/apexpage/pagemessagescomponentcontroller.apex get(severities)
01:15:25.86 (86960960)|SYSTEM_MODE_ENTER|true
01:15:25.86 (86969734)|VF_APEX_CALL_START|[EXTERNAL]|PageMessagesComponentController invoke(getseverities)
01:15:25.86 (86985223)|HEAP_ALLOCATE|[EXTERNAL]|Bytes:8
01:15:25.86 (86990633)|VARIABLE_SCOPE_BEGIN|[2]|this|ApexPage.PageMessagesComponentController|true|false
01:15:25.86 (87004147)|VARIABLE_ASSIGNMENT|[2]|this|{}|0x77dc80b2
01:15:25.0 (87727790)|VF_EVALUATE_FORMULA_BEGIN|0669E000000Cuyk|#{prod_pbEntry[pr.id].UnitPrice}
01:15:25.0 (87791296)|VF_APEX_CALL_START|[EXTERNAL]|01p9E000000Dmea|CommunityProdController get(prod_pbEntry)
01:15:25.0 (87796764)|SYSTEM_MODE_ENTER|true
01:15:25.0 (87803560)|VF_APEX_CALL_START|[EXTERNAL]|01p9E000000Dmea|prod_pbEntry
01:15:25.0 (87811584)|VF_APEX_CALL_END|prod_pbEntry
01:15:25.0 (87821549)|VF_APEX_CALL_END|CommunityProdController get(prod_pbEntry)
01:15:25.0 (88022935)|VF_EVALUATE_FORMULA_END
01:15:25.0 (89959463)|VF_EVALUATE_FORMULA_BEGIN|0669E000000Cuyk|#{prod_pbEntry[pr.id].UnitPrice}
01:15:25.0 (90112999)|VF_EVALUATE_FORMULA_END
01:15:25.0 (90822756)|VF_EVALUATE_FORMULA_BEGIN|0669E000000Cuyk|#{prod_pbEntry[pr.id].UnitPrice}
01:15:25.0 (90963841)|VF_EVALUATE_FORMULA_END
01:15:25.0 (91659918)|VF_EVALUATE_FORMULA_BEGIN|0669E000000Cuyk|#{prod_pbEntry[pr.id].UnitPrice}
01:15:25.0 (91796404)|VF_EVALUATE_FORMULA_END
01:15:25.0 (92486765)|VF_EVALUATE_FORMULA_BEGIN|0669E000000Cuyk|#{prod_pbEntry[pr.id].UnitPrice}
01:15:25.0 (92623704)|VF_EVALUATE_FORMULA_END
01:15:25.0 (93375079)|VF_EVALUATE_FORMULA_BEGIN|0669E000000Cuyk|#{prod_pbEntry[pr.id].UnitPrice}
01:15:25.0 (93567417)|VF_EVALUATE_FORMULA_END
01:15:25.0 (94281806)|VF_EVALUATE_FORMULA_BEGIN|0669E000000Cuyk|#{prod_pbEntry[pr.id].UnitPrice}
01:15:25.0 (94421508)|VF_EVALUATE_FORMULA_END
01:15:25.0 (95164069)|VF_EVALUATE_FORMULA_BEGIN|0669E000000Cuyk|#{prod_pbEntry[pr.id].UnitPrice}
01:15:25.0 (95299007)|VF_EVALUATE_FORMULA_END
01:15:25.0 (96224692)|VF_SERIALIZE_VIEWSTATE_BEGIN|0669E000000Cuyk
01:15:25.0 (100090165)|VF_SERIALIZE_VIEWSTATE_END
01:15:25.102 (102681154)|CUMULATIVE_LIMIT_USAGE
01:15:25.102 (102681154)|LIMIT_USAGE_FOR_NS|(default)|
  Number of SOQL queries: 10 out of 100
  Number of query rows: 17 out of 50000
  Number of SOSL queries: 0 out of 20
  Number of DML statements: 0 out of 150
  Number of DML rows: 0 out of 10000
  Maximum CPU time: 0 out of 10000
  Maximum heap size: 0 out of 6000000
  Number of callouts: 0 out of 100
  Number of Email Invocations: 0 out of 10
  Number of future calls: 0 out of 50
  Number of queueable jobs added to the queue: 0 out of 50
  Number of Mobile Apex push calls: 0 out of 10

01:15:25.102 (102681154)|TOTAL_EMAIL_RECIPIENTS_QUEUED|0
01:15:25.102 (102681154)|STATIC_VARIABLE_LIST|
  char[]:DigitTens:0
  long:serialVersionUID:0
  long:serialVersionUID:0
  String:_sfdcAdditionalCodeLocations:0
  String:_sfdcAdditionalCodeLocations:0
  double:MAX_VALUE:0
  Boolean:FALSE:0
  long:serialVersionUID:0
  String:__sfdcInnerTypes:0
  double:MIN_VALUE:0
  int:SIZE:0
  double:NEGATIVE_INFINITY:0
  int:MAX_VALUE:0
  char[]:digits:0
  double:NaN:0
  Boolean:TRUE:0
  int:MIN_VALUE:0
  char[]:DigitOnes:0
  String:_sfdcAdditionalCodeLocations:0
  int:BYTES:0
  int:MIN_EXPONENT:0
  int[]:sizeTable:0
  int:MAX_EXPONENT:0
  String:_sfdcAdditionalCodeLocations:0
  String:_sfdcSuppressedCodeLocations:0
  int:SIZE:0
  double:POSITIVE_INFINITY:0
  String:__sfdcProperties:0
  double:MIN_NORMAL:0
  int:BYTES:0

01:15:25.102 (102681154)|CUMULATIVE_LIMIT_USAGE_END

01:15:25.0 (102815958)|CODE_UNIT_FINISHED|VF: /apex/communityProducts
01:15:25.0 (103929829)|EXECUTION_FINISHED
01:15:25.105 (105436494)|CUMULATIVE_PROFILING_BEGIN
01:15:25.105 (105436494)|CUMULATIVE_PROFILING|SOQL operations|
Class.CommunityProdController.<init>: line 38, column 1: [SELECT Id,IsActive,IsDeleted,Name,Pricebook2Id,Product2Id,ProductCode,UnitPrice,UseStandardPrice FROM PricebookEntry WHERE Product2Id = :p.id and isActive = true limit 1]: executed 16 times in 26 ms
Class.CommunityProdController.<init>: line 30, column 1: [SELECT Description,Id,IsActive,Name,DisplayUrl,ProductCode,CommunityProdDetail__c,DisplayOnCommunity__c   FROM Product2 where isActive = true and DisplayOnCommunity__c =true order by name Limit 10 ]: executed 2 times in 5 ms

01:15:25.105 (105436494)|CUMULATIVE_PROFILING|No profiling information for SOSL operations
01:15:25.105 (105436494)|CUMULATIVE_PROFILING|No profiling information for DML operations
01:15:25.105 (105436494)|CUMULATIVE_PROFILING|method invocations|
External entry point: public void <init>(): executed 1 time in 50 ms
Class.CommunityProdController.<init>: line 22, column 1: public Id __sfdc_currentUserId(): executed 3 times in 7 ms
Class.CommunityProdController.<init>: line 65, column 1: public void __sfdc_newOpp(Opportunity): executed 1 time in 1 ms
Class.CommunityProdController.<init>: line 40, column 1: public List<PricebookEntry> __sfdc_pbEntry(): executed 16 times in 1 ms
Class.CommunityProdController.<init>: line 42, column 1: public Map<Id,PricebookEntry> __sfdc_prod_pbEntry(): executed 24 times in 1 ms
Class.CommunityProdController.<init>: line 43, column 1: public List<Product2> __sfdc_prodListDisp(): executed 16 times in 1 ms
Class.CommunityProdController.<init>: line 21, column 1: global static String getUserId(): executed 2 times in 1 ms
Class.CommunityProdController.<init>: line 58, column 1: public List<PricebookEntry> __sfdc_pbEntry(): executed 16 times in 1 ms
Class.CommunityProdController.<init>: line 32, column 1: public void __sfdc_prod_pbEntry(Map<Id,PricebookEntry>): executed 1 time in 0 ms
Class.CommunityProdController.<init>: line 64, column 1: public static String valueOf(Object): executed 2 times in 0 ms
Class.CommunityProdController.<init>: line 33, column 1: global public List<Product2>(): executed 2 times in 0 ms

01:15:25.105 (105436494)|CUMULATIVE_PROFILING_END
