39.0 APEX_CODE,FINEST;APEX_PROFILING,FINEST;CALLOUT,FINEST;DB,FINEST;SYSTEM,FINE;VALIDATION,INFO;VISUALFORCE,FINER;WAVE,INFO;WORKFLOW,FINER
23:52:09.0 (246342)|USER_INFO|[EXTERNAL]|00524000005uNfK|neela@lightful.com.commundev|Line Is. Time|GMT+14:00
23:52:09.0 (268247)|EXECUTION_STARTED
23:52:09.0 (271950)|CODE_UNIT_STARTED|[EXTERNAL]|0669E000000Cv0R|VF: /apex/communityCaseMgmt
23:52:09.0 (794553)|VF_DESERIALIZE_VIEWSTATE_BEGIN|0669E000000Cv0R
23:52:09.0 (8085729)|HEAP_ALLOCATE|[72]|Bytes:3
23:52:09.0 (8121301)|HEAP_ALLOCATE|[77]|Bytes:152
23:52:09.0 (8132144)|HEAP_ALLOCATE|[342]|Bytes:408
23:52:09.0 (8145542)|HEAP_ALLOCATE|[355]|Bytes:408
23:52:09.0 (8157944)|HEAP_ALLOCATE|[467]|Bytes:48
23:52:09.0 (8180980)|HEAP_ALLOCATE|[139]|Bytes:6
23:52:09.0 (9306700)|HEAP_ALLOCATE|[50]|Bytes:5
23:52:09.0 (9329214)|HEAP_ALLOCATE|[56]|Bytes:5
23:52:09.0 (9336349)|HEAP_ALLOCATE|[64]|Bytes:7
23:52:09.0 (12350832)|VF_DESERIALIZE_VIEWSTATE_END
23:52:09.15 (15206571)|VF_APEX_CALL_START|[EXTERNAL]|/apexpage/pagemessagescomponentcontroller.apex get(severities)
23:52:09.15 (15218931)|SYSTEM_MODE_ENTER|true
23:52:09.15 (15243508)|VF_APEX_CALL_START|[EXTERNAL]|PageMessagesComponentController invoke(getseverities)
23:52:09.15 (15272032)|HEAP_ALLOCATE|[EXTERNAL]|Bytes:38
23:52:09.15 (15277133)|HEAP_ALLOCATE|[EXTERNAL]|Bytes:7
23:52:09.15 (15284622)|SYSTEM_METHOD_ENTRY|[1]|PageMessagesComponentController.PageMessagesComponentController()
23:52:09.15 (15288298)|STATEMENT_EXECUTE|[1]
23:52:09.15 (15967526)|VF_APEX_CALL_START|[EXTERNAL]|/apexpage/pagemessagescomponentcontroller.apex set(conEscape,null)
23:52:09.15 (15975713)|SYSTEM_MODE_ENTER|true
23:52:09.15 (15984677)|VF_APEX_CALL_START|[EXTERNAL]|PageMessagesComponentController set(conEscape,null)
23:52:09.15 (16000046)|VF_APEX_CALL_START|[EXTERNAL]|PageMessagesComponentController invoke(setconEscape)
23:52:09.15 (16020842)|HEAP_ALLOCATE|[EXTERNAL]|Bytes:8
23:52:09.15 (16025564)|VARIABLE_SCOPE_BEGIN|[88]|this|ApexPage.PageMessagesComponentController|true|false
23:52:09.15 (16062629)|VARIABLE_ASSIGNMENT|[88]|this|{}|0x5f24dcf5
23:52:09.15 (16065273)|VARIABLE_SCOPE_BEGIN|[88]|escape|Boolean|false|false
23:52:09.15 (16069562)|VARIABLE_ASSIGNMENT|[88]|escape|null
23:52:09.0 (16238703)|VF_APEX_CALL_START|[EXTERNAL]|01p9E000000Dmpd|communityCaseMgmtController get(myCases)
23:52:09.0 (16244718)|SYSTEM_MODE_ENTER|true
23:52:09.0 (16255750)|VF_APEX_CALL_START|[EXTERNAL]|01p9E000000Dmpd|myCases
23:52:09.0 (16265142)|HEAP_ALLOCATE|[EXTERNAL]|Bytes:412
23:52:09.0 (16283231)|HEAP_ALLOCATE|[EXTERNAL]|Bytes:76
23:52:09.0 (16286045)|HEAP_ALLOCATE|[EXTERNAL]|Bytes:27
23:52:09.0 (16292957)|METHOD_ENTRY|[1]|01p9E000000Dmpd|communityCaseMgmtController.communityCaseMgmtController()
23:52:09.0 (16295704)|STATEMENT_EXECUTE|[1]
23:52:09.0 (16299069)|STATEMENT_EXECUTE|[1]
23:52:09.0 (16302478)|METHOD_EXIT|[1]|communityCaseMgmtController
23:52:09.0 (16309095)|VF_APEX_CALL_END|myCases
23:52:09.0 (16320671)|VF_APEX_CALL_END|communityCaseMgmtController get(myCases)
23:52:09.0 (16600261)|VF_APEX_CALL_START|[EXTERNAL]|01p9E000000Dmpd|communityCaseMgmtController get(relatedAccId)
23:52:09.0 (16605603)|SYSTEM_MODE_ENTER|true
23:52:09.0 (16611304)|VF_APEX_CALL_START|[EXTERNAL]|01p9E000000Dmpd|relatedAccId
23:52:09.0 (16618737)|VF_APEX_CALL_END|relatedAccId
23:52:09.0 (16629031)|VF_APEX_CALL_END|communityCaseMgmtController get(relatedAccId)
23:52:09.0 (16706534)|VF_EVALUATE_FORMULA_BEGIN|0669E000000Cv0R|#{myOrgCases[accid]}
23:52:09.0 (16764497)|VF_APEX_CALL_START|[EXTERNAL]|01p9E000000Dmpd|communityCaseMgmtController get(myOrgCases)
23:52:09.0 (16769295)|SYSTEM_MODE_ENTER|true
23:52:09.0 (16774641)|VF_APEX_CALL_START|[EXTERNAL]|01p9E000000Dmpd|myOrgCases
23:52:09.0 (16781667)|VF_APEX_CALL_END|myOrgCases
23:52:09.0 (16790797)|VF_APEX_CALL_END|communityCaseMgmtController get(myOrgCases)
23:52:09.0 (16862998)|VF_EVALUATE_FORMULA_END
23:52:09.0 (16872292)|VF_EVALUATE_FORMULA_BEGIN|0669E000000Cv0R|#{myOrgCases[accid]}
23:52:09.0 (16892413)|VF_EVALUATE_FORMULA_END
23:52:09.0 (16960510)|VF_EVALUATE_FORMULA_BEGIN|0669E000000Cv0R|#{myOrgCases[accid]}
23:52:09.0 (17014746)|VF_EVALUATE_FORMULA_END
23:52:09.0 (17022579)|VF_EVALUATE_FORMULA_BEGIN|0669E000000Cv0R|#{myOrgCases[accid]}
23:52:09.0 (17046275)|VF_EVALUATE_FORMULA_END
23:52:09.0 (17261074)|VF_APEX_CALL_START|[EXTERNAL]|01p9E000000Dmpd|communityCaseMgmtController get(newcaseOwner)
23:52:09.0 (17268500)|SYSTEM_MODE_ENTER|true
23:52:09.0 (17274558)|VF_APEX_CALL_START|[EXTERNAL]|01p9E000000Dmpd|newcaseOwner
23:52:09.0 (17282699)|VF_APEX_CALL_END|newcaseOwner
23:52:09.0 (17293995)|VF_APEX_CALL_END|communityCaseMgmtController get(newcaseOwner)
23:52:09.0 (20402792)|VF_APEX_CALL_START|[EXTERNAL]|01p9E000000Dmpd|communityCaseMgmtController get(newCase)
23:52:09.0 (20409778)|SYSTEM_MODE_ENTER|true
23:52:09.0 (20416021)|VF_APEX_CALL_START|[EXTERNAL]|01p9E000000Dmpd|newCase
23:52:09.0 (20424256)|VF_APEX_CALL_END|newCase
23:52:09.0 (20435046)|VF_APEX_CALL_END|communityCaseMgmtController get(newCase)
23:52:09.0 (23518663)|VF_EVALUATE_FORMULA_BEGIN|0669E000000Cv0R|#{myOrgCases[accid]}
23:52:09.0 (23549904)|VF_EVALUATE_FORMULA_END
23:52:09.0 (23555946)|VF_EVALUATE_FORMULA_BEGIN|0669E000000Cv0R|#{myOrgCases[accid]}
23:52:09.0 (23567706)|VF_EVALUATE_FORMULA_END
23:52:09.24 (24900124)|VF_APEX_CALL_START|[EXTERNAL]|/apexpage/pagemessagescomponentcontroller.apex set(conEscape,null)
23:52:09.24 (24909548)|SYSTEM_MODE_ENTER|true
23:52:09.24 (24916835)|VF_APEX_CALL_START|[EXTERNAL]|PageMessagesComponentController set(conEscape,null)
23:52:09.24 (24933367)|VF_APEX_CALL_START|[EXTERNAL]|PageMessagesComponentController invoke(setconEscape)
23:52:09.24 (24952451)|HEAP_ALLOCATE|[EXTERNAL]|Bytes:8
23:52:09.24 (24958728)|VARIABLE_SCOPE_BEGIN|[88]|this|ApexPage.PageMessagesComponentController|true|false
23:52:09.24 (24978105)|VARIABLE_ASSIGNMENT|[88]|this|{}|0x5f24dcf5
23:52:09.24 (24980601)|VARIABLE_SCOPE_BEGIN|[88]|escape|Boolean|false|false
23:52:09.24 (24983905)|VARIABLE_ASSIGNMENT|[88]|escape|null
23:52:09.0 (25756814)|VF_APEX_CALL_START|[EXTERNAL]|communityCaseMgmtController set(qViewCaseId,5009E000001vvt0QAA)
23:52:09.0 (25762851)|SYSTEM_MODE_ENTER|true
23:52:09.0 (25769441)|VF_APEX_CALL_START|[EXTERNAL]|communityCaseMgmtController set(qViewCaseId,5009E000001vvt0QAA)
23:52:09.0 (25783735)|HEAP_ALLOCATE|[EXTERNAL]|Bytes:4
23:52:09.0 (25795645)|HEAP_ALLOCATE|[EXTERNAL]|Bytes:72
23:52:09.0 (25931552)|VARIABLE_ASSIGNMENT|[EXTERNAL]|this.qViewCaseId|"5009E000001vvt0QAA"|0x312bbd1f
23:52:09.0 (25939635)|VF_APEX_CALL_END|communityCaseMgmtController set(qViewCaseId,5009E000001vvt0QAA)
23:52:09.0 (25952821)|VF_APEX_CALL_END|communityCaseMgmtController set(qViewCaseId,5009E000001vvt0QAA)
23:52:09.0 (26215624)|VF_APEX_CALL_START|[EXTERNAL]|01p9E000000Dmpd|communityCaseMgmtController invoke(quickViewCase)
23:52:09.0 (26254800)|HEAP_ALLOCATE|[EXTERNAL]|Bytes:72
23:52:09.0 (26262755)|VARIABLE_SCOPE_BEGIN|[137]|this|communityCaseMgmtController|true|false
23:52:09.0 (26481927)|VARIABLE_ASSIGNMENT|[137]|this|{"accCaseCount":"0x1e34f217","accName":"0x1312c4f3","con":"0xc9ada45","conRelatedAccsList":"0x5b6a5710","currentUser":"0x62f7b220","currentUserId":"00524000005uNfKAAU","myCases":"0x67c7d7d1","myOrgCases":"0x6656ea8f","newCase":"0x3d55619e","newCaseOwner":"0x348e73f3","qViewCaseId":"5009E000001vvt0QAA","relatedAccId":"0x26918e04","showCreateCase":false}|0x312bbd1f
23:52:09.0 (26492989)|STATEMENT_EXECUTE|[138]
23:52:09.0 (26494604)|STATEMENT_EXECUTE|[139]
23:52:09.0 (26498844)|HEAP_ALLOCATE|[139]|Bytes:19
23:52:09.0 (26514501)|SYSTEM_METHOD_ENTRY|[139]|communityCaseMgmtController.__sfdc_qViewCaseId()
23:52:09.0 (26654255)|VARIABLE_ASSIGNMENT|[EXTERNAL]|this|{"accCaseCount":"0x1e34f217","accName":"0x1312c4f3","con":"0xc9ada45","conRelatedAccsList":"0x5b6a5710","currentUser":"0x62f7b220","currentUserId":"00524000005uNfKAAU","myCases":"0x67c7d7d1","myOrgCases":"0x6656ea8f","newCase":"0x3d55619e","newCaseOwner":"0x348e73f3","qViewCaseId":"5009E000001vvt0QAA","relatedAccId":"0x26918e04","showCreateCase":false}|0x312bbd1f
23:52:09.0 (26668085)|SYSTEM_METHOD_EXIT|[139]|communityCaseMgmtController.__sfdc_qViewCaseId()
23:52:09.0 (26704523)|SYSTEM_METHOD_ENTRY|[139]|String.valueOf(Object)
23:52:09.0 (26710754)|HEAP_ALLOCATE|[139]|Bytes:18
23:52:09.0 (26720372)|SYSTEM_METHOD_EXIT|[139]|String.valueOf(Object)
23:52:09.0 (26729197)|HEAP_ALLOCATE|[139]|Bytes:37
23:52:09.0 (26745235)|SYSTEM_METHOD_ENTRY|[139]|System.debug(ANY)
23:52:09.0 (26753229)|USER_DEBUG|[139]|DEBUG|viewing the case : 5009E000001vvt0QAA
23:52:09.0 (26757102)|SYSTEM_METHOD_EXIT|[139]|System.debug(ANY)
23:52:09.0 (26759830)|STATEMENT_EXECUTE|[140]
23:52:09.0 (26762773)|HEAP_ALLOCATE|[140]|Bytes:117
23:52:09.0 (26771846)|HEAP_ALLOCATE|[140]|Bytes:4
23:52:09.0 (26781451)|HEAP_ALLOCATE|[140]|Bytes:7
23:52:09.0 (26786323)|SYSTEM_METHOD_ENTRY|[140]|communityCaseMgmtController.__sfdc_qViewCaseId()
23:52:09.0 (26921247)|VARIABLE_ASSIGNMENT|[EXTERNAL]|this|{"accCaseCount":"0x1e34f217","accName":"0x1312c4f3","con":"0xc9ada45","conRelatedAccsList":"0x5b6a5710","currentUser":"0x62f7b220","currentUserId":"00524000005uNfKAAU","myCases":"0x67c7d7d1","myOrgCases":"0x6656ea8f","newCase":"0x3d55619e","newCaseOwner":"0x348e73f3","qViewCaseId":"5009E000001vvt0QAA","relatedAccId":"0x26918e04","showCreateCase":false}|0x312bbd1f
23:52:09.0 (26930465)|SYSTEM_METHOD_EXIT|[140]|communityCaseMgmtController.__sfdc_qViewCaseId()
23:52:09.0 (27212298)|SOQL_EXECUTE_BEGIN|[140]|Aggregations:0|SELECT id, reason, subject, status, CaseNumber, Issue_Type__c, CreatedById, Description FROM case WHERE id = :tmpVar1
23:52:09.0 (27221531)|LIMIT_USAGE|[140]|SOQL|1|100
23:52:09.0 (27230969)|LIMIT_USAGE|[140]|AGGS|0|300
23:52:09.0 (31455293)|SOQL_EXECUTE_END|[140]|Rows:1
23:52:09.0 (31465903)|LIMIT_USAGE|[140]|SOQL_ROWS|1|50000
23:52:09.0 (31483268)|HEAP_ALLOCATE|[140]|Bytes:8
23:52:09.0 (31494752)|HEAP_ALLOCATE|[140]|Bytes:261
23:52:09.0 (31539777)|HEAP_ALLOCATE|[140]|Bytes:8
23:52:09.0 (31554203)|HEAP_ALLOCATE|[140]|Bytes:30
23:52:09.0 (31611704)|HEAP_ALLOCATE|[140]|Bytes:40
23:52:09.0 (31645022)|SYSTEM_METHOD_ENTRY|[140]|communityCaseMgmtController.__sfdc_qViewcase(Case)
23:52:09.0 (31846450)|VARIABLE_ASSIGNMENT|[EXTERNAL]|this|{"accCaseCount":"0x1e34f217","accName":"0x1312c4f3","con":"0xc9ada45","conRelatedAccsList":"0x5b6a5710","currentUser":"0x62f7b220","currentUserId":"00524000005uNfKAAU","myCases":"0x67c7d7d1","myOrgCases":"0x6656ea8f","newCase":"0x3d55619e","newCaseOwner":"0x348e73f3","qViewCaseId":"5009E000001vvt0QAA","relatedAccId":"0x26918e04","showCreateCase":false}|0x312bbd1f
23:52:09.0 (31868745)|VARIABLE_ASSIGNMENT|[EXTERNAL]|value|{"Id":"5009E000001vvt0QAA","Reason":"My Lightful Account","Subject":"Test","Status":"New","CaseNumber":"00001204","Issue_Type__c":"Problems logging in","CreatedById":"00524000005uNfKAAU","Description":"Testing community ca (15 more) ...","RecordTypeId":"012240000002nYhAAI"}|0x6c84fcac
23:52:09.0 (31891813)|VARIABLE_ASSIGNMENT|[133]|this.qViewcase|{"Id":"5009E000001vvt0QAA","Reason":"My Lightful Account","Subject":"Test","Status":"New","CaseNumber":"00001204","Issue_Type__c":"Problems logging in","CreatedById":"00524000005uNfKAAU","Description":"Testing community ca (15 more) ...","RecordTypeId":"012240000002nYhAAI"}|0x312bbd1f
23:52:09.0 (31901286)|SYSTEM_METHOD_EXIT|[140]|communityCaseMgmtController.__sfdc_qViewcase(Case)
23:52:09.0 (31906137)|STATEMENT_EXECUTE|[142]
23:52:09.0 (31910649)|HEAP_ALLOCATE|[142]|Bytes:52
23:52:09.0 (31919131)|HEAP_ALLOCATE|[142]|Bytes:4
23:52:09.0 (31931297)|SYSTEM_METHOD_ENTRY|[142]|communityCaseMgmtController.__sfdc_qViewcase()
23:52:09.0 (32080659)|VARIABLE_ASSIGNMENT|[EXTERNAL]|this|{"accCaseCount":"0x1e34f217","accName":"0x1312c4f3","con":"0xc9ada45","conRelatedAccsList":"0x5b6a5710","currentUser":"0x62f7b220","currentUserId":"00524000005uNfKAAU","myCases":"0x67c7d7d1","myOrgCases":"0x6656ea8f","newCase":"0x3d55619e","newCaseOwner":"0x348e73f3","qViewcase":"0x6c84fcac","qViewCaseId":"5009E000001vvt0QAA","relatedAccId":"0x26918e04","showCreateCase":false}|0x312bbd1f
23:52:09.0 (32094690)|SYSTEM_METHOD_EXIT|[142]|communityCaseMgmtController.__sfdc_qViewcase()
23:52:09.0 (35106542)|SOQL_EXECUTE_BEGIN|[142]|Aggregations:0|SELECT id, name, email FROM user WHERE id = :tmpVar1
23:52:09.0 (35117572)|LIMIT_USAGE|[142]|SOQL|2|100
23:52:09.0 (35128905)|LIMIT_USAGE|[142]|AGGS|0|300
23:52:09.0 (37563855)|SOQL_EXECUTE_END|[142]|Rows:1
23:52:09.0 (37571528)|LIMIT_USAGE|[142]|SOQL_ROWS|2|50000
23:52:09.0 (37586078)|HEAP_ALLOCATE|[142]|Bytes:8
23:52:09.0 (37601233)|HEAP_ALLOCATE|[142]|Bytes:72
23:52:09.0 (37687834)|HEAP_ALLOCATE|[142]|Bytes:8
23:52:09.0 (37706046)|HEAP_ALLOCATE|[142]|Bytes:30
23:52:09.0 (37761803)|HEAP_ALLOCATE|[142]|Bytes:16
23:52:09.0 (37801219)|SYSTEM_METHOD_ENTRY|[142]|communityCaseMgmtController.__sfdc_caseOwner(User)
23:52:09.0 (38033701)|VARIABLE_ASSIGNMENT|[EXTERNAL]|this|{"accCaseCount":"0x1e34f217","accName":"0x1312c4f3","con":"0xc9ada45","conRelatedAccsList":"0x5b6a5710","currentUser":"0x62f7b220","currentUserId":"00524000005uNfKAAU","myCases":"0x67c7d7d1","myOrgCases":"0x6656ea8f","newCase":"0x3d55619e","newCaseOwner":"0x348e73f3","qViewcase":"0x6c84fcac","qViewCaseId":"5009E000001vvt0QAA","relatedAccId":"0x26918e04","showCreateCase":false}|0x312bbd1f
23:52:09.0 (38051876)|VARIABLE_ASSIGNMENT|[EXTERNAL]|value|{"Id":"00524000005uNfKAAU","Name":"Neela SN","Email":"neela@lightful.com"}|0x40983c13
23:52:09.0 (38069925)|VARIABLE_ASSIGNMENT|[135]|this.caseOwner|{"Id":"00524000005uNfKAAU","Name":"Neela SN","Email":"neela@lightful.com"}|0x312bbd1f
23:52:09.0 (38078483)|SYSTEM_METHOD_EXIT|[142]|communityCaseMgmtController.__sfdc_caseOwner(User)
23:52:09.0 (38119351)|VF_APEX_CALL_END|communityCaseMgmtController invoke(quickViewCase)
23:52:09.47 (47621670)|VF_APEX_CALL_START|[EXTERNAL]|/apexpage/pagemessagescomponentcontroller.apex set(conEscape,null)
23:52:09.47 (47637745)|SYSTEM_MODE_ENTER|true
23:52:09.47 (47648653)|VF_APEX_CALL_START|[EXTERNAL]|PageMessagesComponentController set(conEscape,null)
23:52:09.47 (47677901)|VF_APEX_CALL_START|[EXTERNAL]|PageMessagesComponentController invoke(setconEscape)
23:52:09.47 (47711061)|HEAP_ALLOCATE|[EXTERNAL]|Bytes:8
23:52:09.47 (47720565)|VARIABLE_SCOPE_BEGIN|[88]|this|ApexPage.PageMessagesComponentController|true|false
23:52:09.47 (47751815)|VARIABLE_ASSIGNMENT|[88]|this|{}|0x5f24dcf5
23:52:09.47 (47754383)|VARIABLE_SCOPE_BEGIN|[88]|escape|Boolean|false|false
23:52:09.47 (47758668)|VARIABLE_ASSIGNMENT|[88]|escape|null
23:52:09.47 (47855820)|VF_APEX_CALL_START|[EXTERNAL]|/apexpage/pagemessagescomponentcontroller.apex get(severities)
23:52:09.47 (47862704)|SYSTEM_MODE_ENTER|true
23:52:09.47 (47872124)|VF_APEX_CALL_START|[EXTERNAL]|PageMessagesComponentController invoke(getseverities)
23:52:09.47 (47886742)|HEAP_ALLOCATE|[EXTERNAL]|Bytes:8
23:52:09.47 (47890753)|VARIABLE_SCOPE_BEGIN|[2]|this|ApexPage.PageMessagesComponentController|true|false
23:52:09.47 (47904509)|VARIABLE_ASSIGNMENT|[2]|this|{}|0x5f24dcf5
23:52:09.0 (48259078)|VF_APEX_CALL_START|[EXTERNAL]|01p9E000000Dmpd|communityCaseMgmtController get(myCases)
23:52:09.0 (48265579)|SYSTEM_MODE_ENTER|true
23:52:09.0 (48271185)|VF_APEX_CALL_START|[EXTERNAL]|01p9E000000Dmpd|myCases
23:52:09.0 (48280137)|VF_APEX_CALL_END|myCases
23:52:09.0 (48289828)|VF_APEX_CALL_END|communityCaseMgmtController get(myCases)
23:52:09.0 (48652222)|VF_APEX_CALL_START|[EXTERNAL]|01p9E000000Dmpd|communityCaseMgmtController get(relatedAccId)
23:52:09.0 (48656729)|SYSTEM_MODE_ENTER|true
23:52:09.0 (48661290)|VF_APEX_CALL_START|[EXTERNAL]|01p9E000000Dmpd|relatedAccId
23:52:09.0 (48668090)|VF_APEX_CALL_END|relatedAccId
23:52:09.0 (48677163)|VF_APEX_CALL_END|communityCaseMgmtController get(relatedAccId)
23:52:09.0 (48748288)|VF_EVALUATE_FORMULA_BEGIN|0669E000000Cv0R|#{myOrgCases[accid]}
23:52:09.0 (48763543)|VF_APEX_CALL_START|[EXTERNAL]|01p9E000000Dmpd|communityCaseMgmtController get(myOrgCases)
23:52:09.0 (48767224)|SYSTEM_MODE_ENTER|true
23:52:09.0 (48771668)|VF_APEX_CALL_START|[EXTERNAL]|01p9E000000Dmpd|myOrgCases
23:52:09.0 (48778548)|VF_APEX_CALL_END|myOrgCases
23:52:09.0 (48786934)|VF_APEX_CALL_END|communityCaseMgmtController get(myOrgCases)
23:52:09.0 (48812474)|VF_EVALUATE_FORMULA_END
23:52:09.0 (48836593)|VF_EVALUATE_FORMULA_BEGIN|0669E000000Cv0R|#{myOrgCases[accid]}
23:52:09.0 (48852244)|VF_EVALUATE_FORMULA_END
23:52:09.0 (48856386)|VF_EVALUATE_FORMULA_BEGIN|0669E000000Cv0R|#{myOrgCases[accid]}
23:52:09.0 (48866066)|VF_EVALUATE_FORMULA_END
23:52:09.0 (48950120)|VF_EVALUATE_FORMULA_BEGIN|0669E000000Cv0R|#{myOrgCases[accid]}
23:52:09.0 (48968461)|VF_EVALUATE_FORMULA_END
23:52:09.0 (48975026)|VF_EVALUATE_FORMULA_BEGIN|0669E000000Cv0R|#{myOrgCases[accid]}
23:52:09.0 (48986621)|VF_EVALUATE_FORMULA_END
23:52:09.0 (48990063)|VF_EVALUATE_FORMULA_BEGIN|0669E000000Cv0R|#{myOrgCases[accid]}
23:52:09.0 (49000977)|VF_EVALUATE_FORMULA_END
23:52:09.0 (49015789)|VF_EVALUATE_FORMULA_BEGIN|0669E000000Cv0R|#{myOrgCases[accid]}
23:52:09.0 (49031328)|VF_EVALUATE_FORMULA_END
23:52:09.0 (49035544)|VF_EVALUATE_FORMULA_BEGIN|0669E000000Cv0R|#{myOrgCases[accid]}
23:52:09.0 (49047541)|VF_EVALUATE_FORMULA_END
23:52:09.0 (49361227)|VF_APEX_CALL_START|[EXTERNAL]|01p9E000000Dmpd|communityCaseMgmtController get(newcaseOwner)
23:52:09.0 (49365591)|SYSTEM_MODE_ENTER|true
23:52:09.0 (49370397)|VF_APEX_CALL_START|[EXTERNAL]|01p9E000000Dmpd|newcaseOwner
23:52:09.0 (49378279)|VF_APEX_CALL_END|newcaseOwner
23:52:09.0 (49387658)|VF_APEX_CALL_END|communityCaseMgmtController get(newcaseOwner)
23:52:09.0 (50296709)|VF_APEX_CALL_START|[EXTERNAL]|01p9E000000Dmpd|communityCaseMgmtController get(newCase)
23:52:09.0 (50302741)|SYSTEM_MODE_ENTER|true
23:52:09.0 (50308584)|VF_APEX_CALL_START|[EXTERNAL]|01p9E000000Dmpd|newCase
23:52:09.0 (50317376)|VF_APEX_CALL_END|newCase
23:52:09.0 (50328089)|VF_APEX_CALL_END|communityCaseMgmtController get(newCase)
23:52:09.0 (53353336)|VF_EVALUATE_FORMULA_BEGIN|0669E000000Cv0R|#{if(showCreateCase == false,  "block", "none")}
23:52:09.0 (53419547)|VF_APEX_CALL_START|[EXTERNAL]|01p9E000000Dmpd|communityCaseMgmtController get(showCreateCase)
23:52:09.0 (53427553)|SYSTEM_MODE_ENTER|true
23:52:09.0 (53437011)|VF_APEX_CALL_START|[EXTERNAL]|01p9E000000Dmpd|showCreateCase
23:52:09.0 (53446946)|VF_APEX_CALL_END|showCreateCase
23:52:09.0 (53459538)|VF_APEX_CALL_END|communityCaseMgmtController get(showCreateCase)
23:52:09.0 (53473110)|VF_EVALUATE_FORMULA_END
23:52:09.0 (53542547)|VF_EVALUATE_FORMULA_BEGIN|0669E000000Cv0R|#{if(accCaseCount[accid] > 0,  "block", "none")}
23:52:09.0 (53597035)|VF_APEX_CALL_START|[EXTERNAL]|01p9E000000Dmpd|communityCaseMgmtController get(accCaseCount)
23:52:09.0 (53601412)|SYSTEM_MODE_ENTER|true
23:52:09.0 (53606591)|VF_APEX_CALL_START|[EXTERNAL]|01p9E000000Dmpd|accCaseCount
23:52:09.0 (53614816)|VF_APEX_CALL_END|accCaseCount
23:52:09.0 (53625261)|VF_APEX_CALL_END|communityCaseMgmtController get(accCaseCount)
23:52:09.0 (53648173)|VF_EVALUATE_FORMULA_END
23:52:09.0 (53658337)|VF_EVALUATE_FORMULA_BEGIN|0669E000000Cv0R|#{accName[accid]}
23:52:09.0 (53696013)|VF_APEX_CALL_START|[EXTERNAL]|01p9E000000Dmpd|communityCaseMgmtController get(accName)
23:52:09.0 (53699912)|SYSTEM_MODE_ENTER|true
23:52:09.0 (53704397)|VF_APEX_CALL_START|[EXTERNAL]|01p9E000000Dmpd|accName
23:52:09.0 (53711329)|VF_APEX_CALL_END|accName
23:52:09.0 (53719913)|VF_APEX_CALL_END|communityCaseMgmtController get(accName)
23:52:09.0 (53736034)|VF_EVALUATE_FORMULA_END
23:52:09.0 (53759179)|VF_EVALUATE_FORMULA_BEGIN|0669E000000Cv0R|#{myOrgCases[accid]}
23:52:09.0 (53776044)|VF_EVALUATE_FORMULA_END
23:52:09.0 (53780157)|VF_EVALUATE_FORMULA_BEGIN|0669E000000Cv0R|#{myOrgCases[accid]}
23:52:09.0 (53790119)|VF_EVALUATE_FORMULA_END
23:52:09.0 (55635719)|VF_EVALUATE_FORMULA_BEGIN|0669E000000Cv0R|#{if(accCaseCount[accid] > 0,  "block", "none")}
23:52:09.0 (55665367)|VF_EVALUATE_FORMULA_END
23:52:09.0 (55673826)|VF_EVALUATE_FORMULA_BEGIN|0669E000000Cv0R|#{accName[accid]}
23:52:09.0 (55687233)|VF_EVALUATE_FORMULA_END
23:52:09.0 (55705498)|VF_EVALUATE_FORMULA_BEGIN|0669E000000Cv0R|#{myOrgCases[accid]}
23:52:09.0 (55723300)|VF_EVALUATE_FORMULA_END
23:52:09.0 (55727713)|VF_EVALUATE_FORMULA_BEGIN|0669E000000Cv0R|#{myOrgCases[accid]}
23:52:09.0 (55739644)|VF_EVALUATE_FORMULA_END
23:52:09.0 (61560470)|VF_APEX_CALL_START|[EXTERNAL]|01p9E000000Dmpd|communityCaseMgmtController get(caseOwner)
23:52:09.0 (61567378)|SYSTEM_MODE_ENTER|true
23:52:09.0 (61573866)|VF_APEX_CALL_START|[EXTERNAL]|01p9E000000Dmpd|caseOwner
23:52:09.0 (61583384)|VF_APEX_CALL_END|caseOwner
23:52:09.0 (61593739)|VF_APEX_CALL_END|communityCaseMgmtController get(caseOwner)
23:52:09.0 (69402357)|VF_APEX_CALL_START|[EXTERNAL]|01p9E000000Dmpd|communityCaseMgmtController get(qViewcase)
23:52:09.0 (69409326)|SYSTEM_MODE_ENTER|true
23:52:09.0 (69416445)|VF_APEX_CALL_START|[EXTERNAL]|01p9E000000Dmpd|qViewcase
23:52:09.0 (69426363)|VF_APEX_CALL_END|qViewcase
23:52:09.0 (69439205)|VF_APEX_CALL_END|communityCaseMgmtController get(qViewcase)
23:52:09.0 (72255354)|VF_SERIALIZE_VIEWSTATE_BEGIN|0669E000000Cv0R
23:52:09.0 (76156166)|VF_SERIALIZE_VIEWSTATE_END
23:52:09.0 (77345723)|VF_EVALUATE_FORMULA_BEGIN|0669E000000Cv0R|#{myOrgCases[accid]}
23:52:09.0 (77375819)|VF_EVALUATE_FORMULA_END
23:52:09.0 (77381543)|VF_EVALUATE_FORMULA_BEGIN|0669E000000Cv0R|#{myOrgCases[accid]}
23:52:09.0 (77393795)|VF_EVALUATE_FORMULA_END
23:52:09.0 (77432211)|VF_EVALUATE_FORMULA_BEGIN|0669E000000Cv0R|#{myOrgCases[accid]}
23:52:09.0 (77448594)|VF_EVALUATE_FORMULA_END
23:52:09.0 (77452528)|VF_EVALUATE_FORMULA_BEGIN|0669E000000Cv0R|#{myOrgCases[accid]}
23:52:09.0 (77463855)|VF_EVALUATE_FORMULA_END
23:52:09.0 (77477161)|VF_EVALUATE_FORMULA_BEGIN|0669E000000Cv0R|#{myOrgCases[accid]}
23:52:09.0 (77490282)|VF_EVALUATE_FORMULA_END
23:52:09.0 (77493909)|VF_EVALUATE_FORMULA_BEGIN|0669E000000Cv0R|#{myOrgCases[accid]}
23:52:09.0 (77505195)|VF_EVALUATE_FORMULA_END
23:52:09.78 (78806198)|CUMULATIVE_LIMIT_USAGE
23:52:09.78 (78806198)|LIMIT_USAGE_FOR_NS|(default)|
  Number of SOQL queries: 2 out of 100
  Number of query rows: 2 out of 50000
  Number of SOSL queries: 0 out of 20
  Number of DML statements: 0 out of 150
  Number of DML rows: 0 out of 10000
  Maximum CPU time: 0 out of 10000
  Maximum heap size: 0 out of 6000000
  Number of callouts: 0 out of 100
  Number of Email Invocations: 0 out of 10
  Number of future calls: 0 out of 50
  Number of queueable jobs added to the queue: 0 out of 50
  Number of Mobile Apex push calls: 0 out of 10

23:52:09.78 (78806198)|TOTAL_EMAIL_RECIPIENTS_QUEUED|0
23:52:09.78 (78806198)|STATIC_VARIABLE_LIST|
  char[]:DigitTens:0
  long:serialVersionUID:0
  long:serialVersionUID:0
  double:MAX_VALUE:0
  Boolean:FALSE:0
  long:serialVersionUID:0
  String:__sfdcInnerTypes:0
  String:_sfdcSuppressedCodeLocations:0
  double:MIN_VALUE:0
  int:SIZE:0
  double:NEGATIVE_INFINITY:0
  int:MAX_VALUE:0
  String:_sfdcAdditionalCodeLocations:0
  char[]:digits:0
  double:NaN:0
  Boolean:TRUE:0
  int:MIN_VALUE:0
  char[]:DigitOnes:0
  int:BYTES:0
  int:MIN_EXPONENT:0
  int[]:sizeTable:0
  int:MAX_EXPONENT:0
  String:_sfdcAdditionalCodeLocations:0
  String:__sfdcProperties:0
  int:SIZE:0
  double:POSITIVE_INFINITY:0
  double:MIN_NORMAL:0
  int:BYTES:0

23:52:09.78 (78806198)|CUMULATIVE_LIMIT_USAGE_END

23:52:09.0 (78934239)|CODE_UNIT_FINISHED|VF: /apex/communityCaseMgmt
23:52:09.0 (79910571)|EXECUTION_FINISHED
23:52:09.81 (81897115)|CUMULATIVE_PROFILING_BEGIN
23:52:09.81 (81897115)|CUMULATIVE_PROFILING|No profiling information for SOQL operations
23:52:09.81 (81897115)|CUMULATIVE_PROFILING|No profiling information for SOSL operations
23:52:09.81 (81897115)|CUMULATIVE_PROFILING|No profiling information for DML operations
23:52:09.81 (81897115)|CUMULATIVE_PROFILING|method invocations|
External entry point: public void quickViewCase(): executed 1 time in 12 ms
Class.communityCaseMgmtController.quickViewCase: line 140, column 1: public Id __sfdc_qViewCaseId(): executed 3 times in 6 ms
Class.communityCaseMgmtController.quickViewCase: line 142, column 1: public Case __sfdc_qViewcase(): executed 3 times in 6 ms
Class.communityCaseMgmtController.quickViewCase: line 139, column 1: public Id __sfdc_qViewCaseId(): executed 3 times in 0 ms

23:52:09.81 (81897115)|CUMULATIVE_PROFILING_END
