39.0 APEX_CODE,FINEST;APEX_PROFILING,FINEST;CALLOUT,FINEST;DB,FINEST;SYSTEM,FINE;VALIDATION,INFO;VISUALFORCE,FINER;WAVE,INFO;WORKFLOW,FINER
01:04:16.0 (280747)|USER_INFO|[EXTERNAL]|00524000005uNfK|neela@lightful.com.commundev|Line Is. Time|GMT+14:00
01:04:16.0 (304576)|EXECUTION_STARTED
01:04:16.0 (308468)|CODE_UNIT_STARTED|[EXTERNAL]|0669E000000Cuyk|VF: /apex/communityProducts
01:04:16.8 (8506078)|VF_APEX_CALL_START|[EXTERNAL]|/apexpage/pagemessagescomponentcontroller.apex <init>
01:04:16.8 (8519298)|SYSTEM_MODE_ENTER|true
01:04:16.8 (8620383)|HEAP_ALLOCATE|[72]|Bytes:3
01:04:16.8 (8647922)|HEAP_ALLOCATE|[77]|Bytes:152
01:04:16.8 (8659011)|HEAP_ALLOCATE|[342]|Bytes:408
01:04:16.8 (8672575)|HEAP_ALLOCATE|[355]|Bytes:408
01:04:16.8 (8683087)|HEAP_ALLOCATE|[467]|Bytes:48
01:04:16.8 (8933031)|VF_APEX_CALL_START|[EXTERNAL]|/apexpage/pagemessagescomponentcontroller.apex set(conEscape,null)
01:04:16.8 (8941174)|SYSTEM_MODE_ENTER|true
01:04:16.8 (8950132)|VF_APEX_CALL_START|[EXTERNAL]|PageMessagesComponentController set(conEscape,null)
01:04:16.8 (8967500)|VF_APEX_CALL_START|[EXTERNAL]|PageMessagesComponentController invoke(setconEscape)
01:04:16.8 (8990627)|HEAP_ALLOCATE|[EXTERNAL]|Bytes:8
01:04:16.8 (8995762)|VARIABLE_SCOPE_BEGIN|[88]|this|ApexPage.PageMessagesComponentController|true|false
01:04:16.8 (9063701)|VARIABLE_ASSIGNMENT|[88]|this|{}|0x4e438acd
01:04:16.8 (9068688)|VARIABLE_SCOPE_BEGIN|[88]|escape|Boolean|false|false
01:04:16.8 (9073395)|VARIABLE_ASSIGNMENT|[88]|escape|null
01:04:16.9 (9251793)|VF_APEX_CALL_START|[EXTERNAL]|/apexpage/pagemessagescomponentcontroller.apex get(severities)
01:04:16.9 (9259583)|SYSTEM_MODE_ENTER|true
01:04:16.9 (9268808)|VF_APEX_CALL_START|[EXTERNAL]|PageMessagesComponentController invoke(getseverities)
01:04:16.9 (9285115)|HEAP_ALLOCATE|[EXTERNAL]|Bytes:8
01:04:16.9 (9289341)|VARIABLE_SCOPE_BEGIN|[2]|this|ApexPage.PageMessagesComponentController|true|false
01:04:16.9 (9305439)|VARIABLE_ASSIGNMENT|[2]|this|{}|0x4e438acd
01:04:16.0 (50408068)|VF_APEX_CALL_START|[EXTERNAL]|01p9E000000Dmea|CommunityProdController <init>
01:04:16.0 (50426072)|SYSTEM_MODE_ENTER|true
01:04:16.0 (50655138)|HEAP_ALLOCATE|[EXTERNAL]|Bytes:496
01:04:16.0 (50664251)|HEAP_ALLOCATE|[EXTERNAL]|Bytes:81
01:04:16.0 (50666714)|HEAP_ALLOCATE|[EXTERNAL]|Bytes:20
01:04:16.0 (50679380)|METHOD_ENTRY|[1]|01p9E000000Dmea|CommunityProdController.CommunityProdController()
01:04:16.0 (50683676)|STATEMENT_EXECUTE|[1]
01:04:16.0 (50687895)|STATEMENT_EXECUTE|[1]
01:04:16.0 (50694314)|METHOD_EXIT|[1]|CommunityProdController
01:04:16.0 (50797000)|HEAP_ALLOCATE|[EXTERNAL]|Bytes:92
01:04:16.0 (50804596)|VARIABLE_SCOPE_BEGIN|[19]|this|CommunityProdController|true|false
01:04:16.0 (50935360)|VARIABLE_ASSIGNMENT|[19]|this|{}|0x3209aac8
01:04:16.0 (50942903)|STATEMENT_EXECUTE|[1]
01:04:16.0 (50944325)|STATEMENT_EXECUTE|[4]
01:04:16.0 (50945455)|STATEMENT_EXECUTE|[5]
01:04:16.0 (50946334)|STATEMENT_EXECUTE|[6]
01:04:16.0 (50947231)|STATEMENT_EXECUTE|[7]
01:04:16.0 (50948247)|STATEMENT_EXECUTE|[11]
01:04:16.0 (50949361)|STATEMENT_EXECUTE|[12]
01:04:16.0 (50950422)|STATEMENT_EXECUTE|[13]
01:04:16.0 (50951531)|STATEMENT_EXECUTE|[15]
01:04:16.0 (50952587)|STATEMENT_EXECUTE|[16]
01:04:16.0 (50953467)|STATEMENT_EXECUTE|[17]
01:04:16.0 (50954428)|STATEMENT_EXECUTE|[80]
01:04:16.0 (50955420)|STATEMENT_EXECUTE|[81]
01:04:16.0 (50956487)|STATEMENT_EXECUTE|[135]
01:04:16.0 (50957668)|STATEMENT_EXECUTE|[136]
01:04:16.0 (50958660)|STATEMENT_EXECUTE|[137]
01:04:16.0 (50959648)|STATEMENT_EXECUTE|[138]
01:04:16.0 (50960531)|STATEMENT_EXECUTE|[139]
01:04:16.0 (50961429)|STATEMENT_EXECUTE|[141]
01:04:16.0 (50962635)|STATEMENT_EXECUTE|[142]
01:04:16.0 (50963738)|STATEMENT_EXECUTE|[143]
01:04:16.0 (50964738)|STATEMENT_EXECUTE|[144]
01:04:16.0 (50965692)|STATEMENT_EXECUTE|[145]
01:04:16.0 (50984751)|STATEMENT_EXECUTE|[20]
01:04:16.0 (50985877)|STATEMENT_EXECUTE|[21]
01:04:16.0 (51028554)|HEAP_ALLOCATE|[21]|Bytes:85
01:04:16.0 (51039422)|SYSTEM_METHOD_ENTRY|[1]|UserInfo.UserInfo()
01:04:16.0 (51041740)|STATEMENT_EXECUTE|[1]
01:04:16.0 (51047126)|SYSTEM_METHOD_EXIT|[1]|UserInfo
01:04:16.0 (51058341)|METHOD_ENTRY|[21]||System.UserInfo.getUserId()
01:04:16.0 (51115466)|METHOD_EXIT|[21]||System.UserInfo.getUserId()
01:04:16.0 (51129710)|HEAP_ALLOCATE|[21]|Bytes:4
01:04:16.0 (51144984)|SYSTEM_METHOD_ENTRY|[21]|CommunityProdController.__sfdc_currentUserId(Id)
01:04:16.0 (51180201)|VARIABLE_ASSIGNMENT|[EXTERNAL]|this|{}|0x3209aac8
01:04:16.0 (51358314)|VARIABLE_ASSIGNMENT|[EXTERNAL]|value|"00524000005uNfKAAU"
01:04:16.0 (51434695)|VARIABLE_ASSIGNMENT|[15]|this.currentUserId|"00524000005uNfKAAU"|0x3209aac8
01:04:16.0 (51443623)|SYSTEM_METHOD_EXIT|[21]|CommunityProdController.__sfdc_currentUserId(Id)
01:04:16.0 (51447799)|STATEMENT_EXECUTE|[22]
01:04:16.0 (51451599)|HEAP_ALLOCATE|[22]|Bytes:105
01:04:16.0 (51459517)|HEAP_ALLOCATE|[22]|Bytes:4
01:04:16.0 (51467013)|HEAP_ALLOCATE|[22]|Bytes:7
01:04:16.0 (51474045)|SYSTEM_METHOD_ENTRY|[22]|CommunityProdController.__sfdc_currentUserId()
01:04:16.0 (51611913)|VARIABLE_ASSIGNMENT|[EXTERNAL]|this|{"currentUserId":"00524000005uNfKAAU"}|0x3209aac8
01:04:16.0 (51621168)|SYSTEM_METHOD_EXIT|[22]|CommunityProdController.__sfdc_currentUserId()
01:04:16.0 (51826411)|SOQL_EXECUTE_BEGIN|[22]|Aggregations:0|SELECT id, name, firstname, lastname, contactid, fullphotourl, phone, email FROM user WHERE id = :tmpVar1
01:04:16.0 (51832941)|LIMIT_USAGE|[22]|SOQL|1|100
01:04:16.0 (51839514)|LIMIT_USAGE|[22]|AGGS|0|300
01:04:16.0 (54442766)|SOQL_EXECUTE_END|[22]|Rows:1
01:04:16.0 (54449211)|LIMIT_USAGE|[22]|SOQL_ROWS|1|50000
01:04:16.0 (54458684)|HEAP_ALLOCATE|[22]|Bytes:8
01:04:16.0 (54471897)|HEAP_ALLOCATE|[22]|Bytes:183
01:04:16.0 (54507614)|HEAP_ALLOCATE|[22]|Bytes:8
01:04:16.0 (54516414)|HEAP_ALLOCATE|[22]|Bytes:30
01:04:16.0 (54557002)|HEAP_ALLOCATE|[22]|Bytes:28
01:04:16.0 (54578112)|SYSTEM_METHOD_ENTRY|[22]|CommunityProdController.__sfdc_currentUser(User)
01:04:16.0 (54707486)|VARIABLE_ASSIGNMENT|[EXTERNAL]|this|{"currentUserId":"00524000005uNfKAAU"}|0x3209aac8
01:04:16.0 (54727229)|VARIABLE_ASSIGNMENT|[EXTERNAL]|value|{"Id":"00524000005uNfKAAU","Name":"Neela SN","FirstName":"Neela","LastName":"SN","FullPhotoUrl":"https://c.cs88.conte (43 more) ...","Email":"neela@lightful.com"}|0x6c62da54
01:04:16.0 (54740991)|VARIABLE_ASSIGNMENT|[16]|this.currentUser|{"Id":"00524000005uNfKAAU","Name":"Neela SN","FirstName":"Neela","LastName":"SN","FullPhotoUrl":"https://c.cs88.conte (43 more) ...","Email":"neela@lightful.com"}|0x3209aac8
01:04:16.0 (54748127)|SYSTEM_METHOD_EXIT|[22]|CommunityProdController.__sfdc_currentUser(User)
01:04:16.0 (54756962)|SYSTEM_METHOD_ENTRY|[25]|CommunityProdController.__sfdc_currentUser()
01:04:16.0 (54886467)|VARIABLE_ASSIGNMENT|[EXTERNAL]|this|{"currentUser":"0x6c62da54","currentUserId":"00524000005uNfKAAU"}|0x3209aac8
01:04:16.0 (54895693)|SYSTEM_METHOD_EXIT|[25]|CommunityProdController.__sfdc_currentUser()
01:04:16.0 (54904353)|STATEMENT_EXECUTE|[28]
01:04:16.0 (54916352)|HEAP_ALLOCATE|[28]|Bytes:4
01:04:16.0 (55015562)|SYSTEM_METHOD_ENTRY|[28]|CommunityProdController.__sfdc_con(Contact)
01:04:16.0 (55148038)|VARIABLE_ASSIGNMENT|[EXTERNAL]|this|{"currentUser":"0x6c62da54","currentUserId":"00524000005uNfKAAU"}|0x3209aac8
01:04:16.0 (55163266)|VARIABLE_ASSIGNMENT|[EXTERNAL]|value|{}|0x3a85a33e
01:04:16.0 (55171367)|VARIABLE_ASSIGNMENT|[17]|this.con|{}|0x3209aac8
01:04:16.0 (55176992)|SYSTEM_METHOD_EXIT|[28]|CommunityProdController.__sfdc_con(Contact)
01:04:16.0 (55180451)|STATEMENT_EXECUTE|[30]
01:04:16.0 (55183902)|HEAP_ALLOCATE|[30]|Bytes:220
01:04:16.0 (55189409)|HEAP_ALLOCATE|[30]|Bytes:4
01:04:16.0 (55469984)|SOQL_EXECUTE_BEGIN|[30]|Aggregations:0|SELECT Description, Id, IsActive, Name, DisplayUrl, ProductCode, CommunityProdDetail__c, DisplayOnCommunity__c FROM Product2 WHERE (isActive = TRUE AND DisplayOnCommunity__c = TRUE) ORDER BY name ASC NULLS FIRST LIMIT 10
01:04:16.0 (55475892)|LIMIT_USAGE|[30]|SOQL|2|100
01:04:16.0 (55482274)|LIMIT_USAGE|[30]|AGGS|0|300
01:04:16.0 (59966696)|SOQL_EXECUTE_END|[30]|Rows:8
01:04:16.0 (59972980)|LIMIT_USAGE|[30]|SOQL_ROWS|9|50000
01:04:16.0 (59982501)|HEAP_ALLOCATE|[30]|Bytes:36
01:04:16.0 (59999187)|HEAP_ALLOCATE|[30]|Bytes:1616
01:04:16.0 (60104169)|HEAP_ALLOCATE|[30]|Bytes:36
01:04:16.0 (60134742)|SYSTEM_METHOD_ENTRY|[30]|CommunityProdController.__sfdc_prodList(List<Product2>)
01:04:16.0 (60273350)|VARIABLE_ASSIGNMENT|[EXTERNAL]|this|{"con":"0x3a85a33e","currentUser":"0x6c62da54","currentUserId":"00524000005uNfKAAU"}|0x3209aac8
01:04:16.0 (60286752)|VARIABLE_ASSIGNMENT|[EXTERNAL]|value|"List of size 8 too large to display"|0x1a10b416
01:04:16.0 (60309241)|VARIABLE_ASSIGNMENT|[4]|this.prodList|"List of size 8 too large to display"|0x3209aac8
01:04:16.0 (60318236)|SYSTEM_METHOD_EXIT|[30]|CommunityProdController.__sfdc_prodList(List<Product2>)
01:04:16.0 (60324039)|STATEMENT_EXECUTE|[32]
01:04:16.0 (60330763)|HEAP_ALLOCATE|[32]|Bytes:4
01:04:16.0 (60384155)|SYSTEM_METHOD_ENTRY|[32]|CommunityProdController.__sfdc_prod_pbEntry(Map<Id,PricebookEntry>)
01:04:16.0 (60534852)|VARIABLE_ASSIGNMENT|[EXTERNAL]|this|{"con":"0x3a85a33e","currentUser":"0x6c62da54","currentUserId":"00524000005uNfKAAU","prodList":"0x1a10b416"}|0x3209aac8
01:04:16.0 (60547294)|VARIABLE_ASSIGNMENT|[EXTERNAL]|value|{}|0x1e381963
01:04:16.0 (60556765)|VARIABLE_ASSIGNMENT|[6]|this.prod_pbEntry|{}|0x3209aac8
01:04:16.0 (60562969)|SYSTEM_METHOD_EXIT|[32]|CommunityProdController.__sfdc_prod_pbEntry(Map<Id,PricebookEntry>)
01:04:16.0 (60566584)|STATEMENT_EXECUTE|[33]
01:04:16.0 (60571524)|HEAP_ALLOCATE|[33]|Bytes:4
01:04:16.0 (60599562)|SYSTEM_CONSTRUCTOR_ENTRY|[33]|<init>()
01:04:16.0 (60616145)|SYSTEM_CONSTRUCTOR_EXIT|[33]|<init>()
01:04:16.0 (60632141)|SYSTEM_METHOD_ENTRY|[33]|CommunityProdController.__sfdc_prodListDisp(List<Product2>)
01:04:16.0 (60757796)|VARIABLE_ASSIGNMENT|[EXTERNAL]|this|{"con":"0x3a85a33e","currentUser":"0x6c62da54","currentUserId":"00524000005uNfKAAU","prod_pbEntry":"0x1e381963","prodList":"0x1a10b416"}|0x3209aac8
01:04:16.0 (60765564)|HEAP_ALLOCATE|[EXTERNAL]|Bytes:4
01:04:16.0 (60771254)|VARIABLE_ASSIGNMENT|[EXTERNAL]|value|[]|0x57d1778b
01:04:16.0 (60779101)|VARIABLE_ASSIGNMENT|[5]|this.prodListDisp|[]|0x3209aac8
01:04:16.0 (60794158)|SYSTEM_METHOD_EXIT|[33]|CommunityProdController.__sfdc_prodListDisp(List<Product2>)
01:04:16.0 (60807471)|SYSTEM_METHOD_ENTRY|[36]|CommunityProdController.__sfdc_prodList()
01:04:16.0 (61003878)|VARIABLE_ASSIGNMENT|[EXTERNAL]|this|{"con":"0x3a85a33e","currentUser":"0x6c62da54","currentUserId":"00524000005uNfKAAU","prod_pbEntry":"0x1e381963","prodList":"0x1a10b416","prodListDisp":"0x57d1778b"}|0x3209aac8
01:04:16.0 (61016438)|SYSTEM_METHOD_EXIT|[36]|CommunityProdController.__sfdc_prodList()
01:04:16.0 (61025314)|SYSTEM_METHOD_ENTRY|[36]|List<Product2>.iterator()
01:04:16.0 (61105781)|SYSTEM_METHOD_EXIT|[36]|List<Product2>.iterator()
01:04:16.0 (61119741)|SYSTEM_METHOD_ENTRY|[36]|system.ListIterator.hasNext()
01:04:16.0 (61128414)|HEAP_ALLOCATE|[36]|Bytes:5
01:04:16.0 (61134249)|SYSTEM_METHOD_EXIT|[36]|system.ListIterator.hasNext()
01:04:16.0 (61165596)|HEAP_ALLOCATE|[36]|Bytes:28
01:04:16.0 (61174328)|VARIABLE_SCOPE_BEGIN|[36]|p|Product2|true|false
01:04:16.0 (61196121)|VARIABLE_ASSIGNMENT|[36]|p|{"Id":"01t24000002t81MAAQ","IsActive":true,"Name":"First Partners - Don (5 more) ...","ProductCode":"FPD3D200","CommunityProdDetail_ (2 more) ...":"\u003Ca href=\"http://test (80 more) ...","DisplayOnCommunity__ (1 more) ...":true}|0x1ed461bd
01:04:16.0 (61200828)|STATEMENT_EXECUTE|[37]
01:04:16.0 (61202299)|STATEMENT_EXECUTE|[38]
01:04:16.0 (61205029)|HEAP_ALLOCATE|[38]|Bytes:182
01:04:16.0 (61210464)|HEAP_ALLOCATE|[38]|Bytes:4
01:04:16.0 (61496233)|SOQL_EXECUTE_BEGIN|[38]|Aggregations:0|SELECT Id, IsActive, IsDeleted, Name, Pricebook2Id, Product2Id, ProductCode, UnitPrice, UseStandardPrice FROM PricebookEntry WHERE (Product2Id = :tmpVar1 AND isActive = TRUE) LIMIT 1
01:04:16.0 (61502082)|LIMIT_USAGE|[38]|SOQL|3|100
01:04:16.0 (61508225)|LIMIT_USAGE|[38]|AGGS|0|300
01:04:16.0 (63956910)|SOQL_EXECUTE_END|[38]|Rows:1
01:04:16.0 (63962981)|LIMIT_USAGE|[38]|SOQL_ROWS|10|50000
01:04:16.0 (63972253)|HEAP_ALLOCATE|[38]|Bytes:8
01:04:16.0 (63983952)|HEAP_ALLOCATE|[38]|Bytes:257
01:04:16.0 (64005304)|HEAP_ALLOCATE|[38]|Bytes:8
01:04:16.0 (64031203)|SYSTEM_METHOD_ENTRY|[38]|CommunityProdController.__sfdc_pbEntry(List<PricebookEntry>)
01:04:16.0 (64174692)|VARIABLE_ASSIGNMENT|[EXTERNAL]|this|{"con":"0x3a85a33e","currentUser":"0x6c62da54","currentUserId":"00524000005uNfKAAU","prod_pbEntry":"0x1e381963","prodList":"0x1a10b416","prodListDisp":"0x57d1778b"}|0x3209aac8
01:04:16.0 (64196161)|VARIABLE_ASSIGNMENT|[EXTERNAL]|value|[{"Id":"01u24000002VVBTAA4","IsActive":true,"IsDeleted":false,"Name":"First Partners - Don (5 more) ...","Pricebook2Id":"01s24000003Olw1AAC","Product2Id":"01t24000002t81MAAQ","ProductCode":"FPD3D200","UnitPrice":200.00,"UseStandardPrice":false}]|0x1b30cfee
01:04:16.0 (64213613)|VARIABLE_ASSIGNMENT|[7]|this.pbEntry|[{"Id":"01u24000002VVBTAA4","IsActive":true,"IsDeleted":false,"Name":"First Partners - Don (5 more) ...","Pricebook2Id":"01s24000003Olw1AAC","Product2Id":"01t24000002t81MAAQ","ProductCode":"FPD3D200","UnitPrice":200.00,"UseStandardPrice":false}]|0x3209aac8
01:04:16.0 (64221542)|SYSTEM_METHOD_EXIT|[38]|CommunityProdController.__sfdc_pbEntry(List<PricebookEntry>)
01:04:16.0 (64229731)|SYSTEM_METHOD_ENTRY|[40]|CommunityProdController.__sfdc_pbEntry()
01:04:16.0 (64365795)|VARIABLE_ASSIGNMENT|[EXTERNAL]|this|{"con":"0x3a85a33e","currentUser":"0x6c62da54","currentUserId":"00524000005uNfKAAU","pbEntry":"0x1b30cfee","prod_pbEntry":"0x1e381963","prodList":"0x1a10b416","prodListDisp":"0x57d1778b"}|0x3209aac8
01:04:16.0 (64375617)|SYSTEM_METHOD_EXIT|[40]|CommunityProdController.__sfdc_pbEntry()
01:04:16.0 (64400760)|SYSTEM_METHOD_ENTRY|[40]|List<PricebookEntry>.size()
01:04:16.0 (64405953)|SYSTEM_METHOD_EXIT|[40]|List<PricebookEntry>.size()
01:04:16.0 (64410789)|STATEMENT_EXECUTE|[41]
01:04:16.0 (64412729)|STATEMENT_EXECUTE|[42]
01:04:16.0 (64423313)|SYSTEM_METHOD_ENTRY|[42]|CommunityProdController.__sfdc_prod_pbEntry()
01:04:16.0 (64558750)|VARIABLE_ASSIGNMENT|[EXTERNAL]|this|{"con":"0x3a85a33e","currentUser":"0x6c62da54","currentUserId":"00524000005uNfKAAU","pbEntry":"0x1b30cfee","prod_pbEntry":"0x1e381963","prodList":"0x1a10b416","prodListDisp":"0x57d1778b"}|0x3209aac8
01:04:16.0 (64567615)|SYSTEM_METHOD_EXIT|[42]|CommunityProdController.__sfdc_prod_pbEntry()
01:04:16.0 (64577931)|SYSTEM_METHOD_ENTRY|[42]|CommunityProdController.__sfdc_pbEntry()
01:04:16.0 (64693575)|VARIABLE_ASSIGNMENT|[EXTERNAL]|this|{"con":"0x3a85a33e","currentUser":"0x6c62da54","currentUserId":"00524000005uNfKAAU","pbEntry":"0x1b30cfee","prod_pbEntry":"0x1e381963","prodList":"0x1a10b416","prodListDisp":"0x57d1778b"}|0x3209aac8
01:04:16.0 (64701333)|SYSTEM_METHOD_EXIT|[42]|CommunityProdController.__sfdc_pbEntry()
01:04:16.0 (64730664)|HEAP_ALLOCATE|[42]|Bytes:40
01:04:16.0 (64754389)|SYSTEM_METHOD_ENTRY|[42]|Map<Id,PricebookEntry>.put(Object, Object)
01:04:16.0 (64760473)|HEAP_ALLOCATE|[EXTERNAL]|Bytes:-4
01:04:16.0 (64768281)|SYSTEM_METHOD_EXIT|[42]|Map<Id,PricebookEntry>.put(Object, Object)
01:04:16.0 (64770824)|STATEMENT_EXECUTE|[43]
01:04:16.0 (64777752)|SYSTEM_METHOD_ENTRY|[43]|CommunityProdController.__sfdc_prodListDisp()
01:04:16.0 (64910394)|VARIABLE_ASSIGNMENT|[EXTERNAL]|this|{"con":"0x3a85a33e","currentUser":"0x6c62da54","currentUserId":"00524000005uNfKAAU","pbEntry":"0x1b30cfee","prod_pbEntry":"0x1e381963","prodList":"0x1a10b416","prodListDisp":"0x57d1778b"}|0x3209aac8
01:04:16.0 (64919531)|SYSTEM_METHOD_EXIT|[43]|CommunityProdController.__sfdc_prodListDisp()
01:04:16.0 (64931549)|SYSTEM_METHOD_ENTRY|[43]|List<Product2>.add(Object)
01:04:16.0 (64937336)|HEAP_ALLOCATE|[EXTERNAL]|Bytes:4
01:04:16.0 (64942639)|SYSTEM_METHOD_EXIT|[43]|List<Product2>.add(Object)
01:04:16.0 (64945680)|STATEMENT_EXECUTE|[58]
01:04:16.0 (64949434)|SYSTEM_METHOD_ENTRY|[58]|CommunityProdController.__sfdc_pbEntry()
01:04:16.0 (65073447)|VARIABLE_ASSIGNMENT|[EXTERNAL]|this|{"con":"0x3a85a33e","currentUser":"0x6c62da54","currentUserId":"00524000005uNfKAAU","pbEntry":"0x1b30cfee","prod_pbEntry":"0x1e381963","prodList":"0x1a10b416","prodListDisp":"0x57d1778b"}|0x3209aac8
01:04:16.0 (65081464)|SYSTEM_METHOD_EXIT|[58]|CommunityProdController.__sfdc_pbEntry()
01:04:16.0 (65087892)|SYSTEM_METHOD_ENTRY|[58]|List<PricebookEntry>.clear()
01:04:16.0 (65091210)|SYSTEM_METHOD_EXIT|[58]|List<PricebookEntry>.clear()
01:04:16.0 (65095674)|SYSTEM_METHOD_ENTRY|[36]|system.ListIterator.hasNext()
01:04:16.0 (65102465)|HEAP_ALLOCATE|[36]|Bytes:5
01:04:16.0 (65107353)|SYSTEM_METHOD_EXIT|[36]|system.ListIterator.hasNext()
01:04:16.0 (65127923)|HEAP_ALLOCATE|[36]|Bytes:28
01:04:16.0 (65134768)|VARIABLE_SCOPE_BEGIN|[36]|p|Product2|true|false
01:04:16.0 (65150812)|VARIABLE_ASSIGNMENT|[36]|p|{"Description":"This is for First Pa (75 more) ...","Id":"01t24000002t6w2AAA","IsActive":true,"Name":"First Partners - Ful (9 more) ...","ProductCode":"FPFL12000","DisplayOnCommunity__ (1 more) ...":true}|0xc87c4de
01:04:16.0 (65154243)|STATEMENT_EXECUTE|[37]
01:04:16.0 (65155625)|STATEMENT_EXECUTE|[38]
01:04:16.0 (65159849)|HEAP_ALLOCATE|[38]|Bytes:4
01:04:16.0 (65370105)|SOQL_EXECUTE_BEGIN|[38]|Aggregations:0|SELECT Id, IsActive, IsDeleted, Name, Pricebook2Id, Product2Id, ProductCode, UnitPrice, UseStandardPrice FROM PricebookEntry WHERE (Product2Id = :tmpVar1 AND isActive = TRUE) LIMIT 1
01:04:16.0 (65375984)|LIMIT_USAGE|[38]|SOQL|4|100
01:04:16.0 (65382176)|LIMIT_USAGE|[38]|AGGS|0|300
01:04:16.0 (67410938)|SOQL_EXECUTE_END|[38]|Rows:1
01:04:16.0 (67421275)|LIMIT_USAGE|[38]|SOQL_ROWS|11|50000
01:04:16.0 (67431156)|HEAP_ALLOCATE|[38]|Bytes:8
01:04:16.0 (67442245)|HEAP_ALLOCATE|[38]|Bytes:262
01:04:16.0 (67455057)|HEAP_ALLOCATE|[38]|Bytes:8
01:04:16.0 (67467687)|SYSTEM_METHOD_ENTRY|[38]|CommunityProdController.__sfdc_pbEntry(List<PricebookEntry>)
01:04:16.0 (67611425)|VARIABLE_ASSIGNMENT|[EXTERNAL]|this|{"con":"0x3a85a33e","currentUser":"0x6c62da54","currentUserId":"00524000005uNfKAAU","pbEntry":"0x1b30cfee","prod_pbEntry":"0x1e381963","prodList":"0x1a10b416","prodListDisp":"0x57d1778b"}|0x3209aac8
01:04:16.0 (67631644)|VARIABLE_ASSIGNMENT|[EXTERNAL]|value|[{"Id":"01u24000002VUygAAG","IsActive":true,"IsDeleted":false,"Name":"First Partners - Ful (9 more) ...","Pricebook2Id":"01s24000003Olw1AAC","Product2Id":"01t24000002t6w2AAA","ProductCode":"FPFL12000","UnitPrice":1200.00,"UseStandardPrice":false}]|0x7edfc019
01:04:16.0 (67647261)|VARIABLE_ASSIGNMENT|[7]|this.pbEntry|[{"Id":"01u24000002VUygAAG","IsActive":true,"IsDeleted":false,"Name":"First Partners - Ful (9 more) ...","Pricebook2Id":"01s24000003Olw1AAC","Product2Id":"01t24000002t6w2AAA","ProductCode":"FPFL12000","UnitPrice":1200.00,"UseStandardPrice":false}]|0x3209aac8
01:04:16.0 (67654853)|SYSTEM_METHOD_EXIT|[38]|CommunityProdController.__sfdc_pbEntry(List<PricebookEntry>)
01:04:16.0 (67660784)|SYSTEM_METHOD_ENTRY|[40]|CommunityProdController.__sfdc_pbEntry()
01:04:16.0 (67780757)|VARIABLE_ASSIGNMENT|[EXTERNAL]|this|{"con":"0x3a85a33e","currentUser":"0x6c62da54","currentUserId":"00524000005uNfKAAU","pbEntry":"0x7edfc019","prod_pbEntry":"0x1e381963","prodList":"0x1a10b416","prodListDisp":"0x57d1778b"}|0x3209aac8
01:04:16.0 (67789302)|SYSTEM_METHOD_EXIT|[40]|CommunityProdController.__sfdc_pbEntry()
01:04:16.0 (67795610)|SYSTEM_METHOD_ENTRY|[40]|List<PricebookEntry>.size()
01:04:16.0 (67799524)|SYSTEM_METHOD_EXIT|[40]|List<PricebookEntry>.size()
01:04:16.0 (67803547)|STATEMENT_EXECUTE|[41]
01:04:16.0 (67804997)|STATEMENT_EXECUTE|[42]
01:04:16.0 (67807807)|SYSTEM_METHOD_ENTRY|[42]|CommunityProdController.__sfdc_prod_pbEntry()
01:04:16.0 (67956505)|VARIABLE_ASSIGNMENT|[EXTERNAL]|this|{"con":"0x3a85a33e","currentUser":"0x6c62da54","currentUserId":"00524000005uNfKAAU","pbEntry":"0x7edfc019","prod_pbEntry":"0x1e381963","prodList":"0x1a10b416","prodListDisp":"0x57d1778b"}|0x3209aac8
01:04:16.0 (67967596)|SYSTEM_METHOD_EXIT|[42]|CommunityProdController.__sfdc_prod_pbEntry()
01:04:16.0 (67977629)|SYSTEM_METHOD_ENTRY|[42]|CommunityProdController.__sfdc_pbEntry()
01:04:16.0 (68107420)|VARIABLE_ASSIGNMENT|[EXTERNAL]|this|{"con":"0x3a85a33e","currentUser":"0x6c62da54","currentUserId":"00524000005uNfKAAU","pbEntry":"0x7edfc019","prod_pbEntry":"0x1e381963","prodList":"0x1a10b416","prodListDisp":"0x57d1778b"}|0x3209aac8
01:04:16.0 (68115642)|SYSTEM_METHOD_EXIT|[42]|CommunityProdController.__sfdc_pbEntry()
01:04:16.0 (68136850)|HEAP_ALLOCATE|[42]|Bytes:40
01:04:16.0 (68155621)|SYSTEM_METHOD_ENTRY|[42]|Map<Id,PricebookEntry>.put(Object, Object)
01:04:16.0 (68160198)|HEAP_ALLOCATE|[EXTERNAL]|Bytes:-4
01:04:16.0 (68167748)|SYSTEM_METHOD_EXIT|[42]|Map<Id,PricebookEntry>.put(Object, Object)
01:04:16.0 (68170646)|STATEMENT_EXECUTE|[43]
01:04:16.0 (68174146)|SYSTEM_METHOD_ENTRY|[43]|CommunityProdController.__sfdc_prodListDisp()
01:04:16.0 (68308468)|VARIABLE_ASSIGNMENT|[EXTERNAL]|this|{"con":"0x3a85a33e","currentUser":"0x6c62da54","currentUserId":"00524000005uNfKAAU","pbEntry":"0x7edfc019","prod_pbEntry":"0x1e381963","prodList":"0x1a10b416","prodListDisp":"0x57d1778b"}|0x3209aac8
01:04:16.0 (68316387)|SYSTEM_METHOD_EXIT|[43]|CommunityProdController.__sfdc_prodListDisp()
01:04:16.0 (68327587)|SYSTEM_METHOD_ENTRY|[43]|List<Product2>.add(Object)
01:04:16.0 (68331952)|HEAP_ALLOCATE|[EXTERNAL]|Bytes:4
01:04:16.0 (68337124)|SYSTEM_METHOD_EXIT|[43]|List<Product2>.add(Object)
01:04:16.0 (68339544)|STATEMENT_EXECUTE|[58]
01:04:16.0 (68342482)|SYSTEM_METHOD_ENTRY|[58]|CommunityProdController.__sfdc_pbEntry()
01:04:16.0 (68463905)|VARIABLE_ASSIGNMENT|[EXTERNAL]|this|{"con":"0x3a85a33e","currentUser":"0x6c62da54","currentUserId":"00524000005uNfKAAU","pbEntry":"0x7edfc019","prod_pbEntry":"0x1e381963","prodList":"0x1a10b416","prodListDisp":"0x57d1778b"}|0x3209aac8
01:04:16.0 (68471044)|SYSTEM_METHOD_EXIT|[58]|CommunityProdController.__sfdc_pbEntry()
01:04:16.0 (68475611)|SYSTEM_METHOD_ENTRY|[58]|List<PricebookEntry>.clear()
01:04:16.0 (68478758)|SYSTEM_METHOD_EXIT|[58]|List<PricebookEntry>.clear()
01:04:16.0 (68483227)|SYSTEM_METHOD_ENTRY|[36]|system.ListIterator.hasNext()
01:04:16.0 (68490142)|HEAP_ALLOCATE|[36]|Bytes:5
01:04:16.0 (68494846)|SYSTEM_METHOD_EXIT|[36]|system.ListIterator.hasNext()
01:04:16.0 (68515877)|HEAP_ALLOCATE|[36]|Bytes:24
01:04:16.0 (68522834)|VARIABLE_SCOPE_BEGIN|[36]|p|Product2|true|false
01:04:16.0 (68537020)|VARIABLE_ASSIGNMENT|[36]|p|{"Id":"01t24000002t7sxAAA","IsActive":true,"Name":"First Partners - Ini (36 more) ...","ProductCode":"FPSFHC-PB","DisplayOnCommunity__ (1 more) ...":true}|0x6de41e92
01:04:16.0 (68540445)|STATEMENT_EXECUTE|[37]
01:04:16.0 (68541708)|STATEMENT_EXECUTE|[38]
01:04:16.0 (68545906)|HEAP_ALLOCATE|[38]|Bytes:4
01:04:16.0 (68755086)|SOQL_EXECUTE_BEGIN|[38]|Aggregations:0|SELECT Id, IsActive, IsDeleted, Name, Pricebook2Id, Product2Id, ProductCode, UnitPrice, UseStandardPrice FROM PricebookEntry WHERE (Product2Id = :tmpVar1 AND isActive = TRUE) LIMIT 1
01:04:16.0 (68760788)|LIMIT_USAGE|[38]|SOQL|5|100
01:04:16.0 (68766696)|LIMIT_USAGE|[38]|AGGS|0|300
01:04:16.0 (70966870)|SOQL_EXECUTE_END|[38]|Rows:1
01:04:16.0 (70973122)|LIMIT_USAGE|[38]|SOQL_ROWS|12|50000
01:04:16.0 (70983002)|HEAP_ALLOCATE|[38]|Bytes:8
01:04:16.0 (70995022)|HEAP_ALLOCATE|[38]|Bytes:289
01:04:16.0 (71008117)|HEAP_ALLOCATE|[38]|Bytes:8
01:04:16.0 (71020946)|SYSTEM_METHOD_ENTRY|[38]|CommunityProdController.__sfdc_pbEntry(List<PricebookEntry>)
01:04:16.0 (71165760)|VARIABLE_ASSIGNMENT|[EXTERNAL]|this|{"con":"0x3a85a33e","currentUser":"0x6c62da54","currentUserId":"00524000005uNfKAAU","pbEntry":"0x7edfc019","prod_pbEntry":"0x1e381963","prodList":"0x1a10b416","prodListDisp":"0x57d1778b"}|0x3209aac8
01:04:16.0 (71186455)|VARIABLE_ASSIGNMENT|[EXTERNAL]|value|[{"Id":"01u24000002VVAuAAO","IsActive":true,"IsDeleted":false,"Name":"First Partners - Ini (36 more) ...","Pricebook2Id":"01s24000003Olw1AAC","Product2Id":"01t24000002t7sxAAA","ProductCode":"FPSFHC-PB","UnitPrice":0.00,"UseStandardPrice":false}]|0x26a8ca94
01:04:16.0 (71202313)|VARIABLE_ASSIGNMENT|[7]|this.pbEntry|[{"Id":"01u24000002VVAuAAO","IsActive":true,"IsDeleted":false,"Name":"First Partners - Ini (36 more) ...","Pricebook2Id":"01s24000003Olw1AAC","Product2Id":"01t24000002t7sxAAA","ProductCode":"FPSFHC-PB","UnitPrice":0.00,"UseStandardPrice":false}]|0x3209aac8
01:04:16.0 (71209487)|SYSTEM_METHOD_EXIT|[38]|CommunityProdController.__sfdc_pbEntry(List<PricebookEntry>)
01:04:16.0 (71214881)|SYSTEM_METHOD_ENTRY|[40]|CommunityProdController.__sfdc_pbEntry()
01:04:16.0 (71340912)|VARIABLE_ASSIGNMENT|[EXTERNAL]|this|{"con":"0x3a85a33e","currentUser":"0x6c62da54","currentUserId":"00524000005uNfKAAU","pbEntry":"0x26a8ca94","prod_pbEntry":"0x1e381963","prodList":"0x1a10b416","prodListDisp":"0x57d1778b"}|0x3209aac8
01:04:16.0 (71349748)|SYSTEM_METHOD_EXIT|[40]|CommunityProdController.__sfdc_pbEntry()
01:04:16.0 (71355696)|SYSTEM_METHOD_ENTRY|[40]|List<PricebookEntry>.size()
01:04:16.0 (71359509)|SYSTEM_METHOD_EXIT|[40]|List<PricebookEntry>.size()
01:04:16.0 (71363459)|STATEMENT_EXECUTE|[41]
01:04:16.0 (71364879)|STATEMENT_EXECUTE|[42]
01:04:16.0 (71367996)|SYSTEM_METHOD_ENTRY|[42]|CommunityProdController.__sfdc_prod_pbEntry()
01:04:16.0 (71503461)|VARIABLE_ASSIGNMENT|[EXTERNAL]|this|{"con":"0x3a85a33e","currentUser":"0x6c62da54","currentUserId":"00524000005uNfKAAU","pbEntry":"0x26a8ca94","prod_pbEntry":"0x1e381963","prodList":"0x1a10b416","prodListDisp":"0x57d1778b"}|0x3209aac8
01:04:16.0 (71512817)|SYSTEM_METHOD_EXIT|[42]|CommunityProdController.__sfdc_prod_pbEntry()
01:04:16.0 (71523951)|SYSTEM_METHOD_ENTRY|[42]|CommunityProdController.__sfdc_pbEntry()
01:04:16.0 (71659283)|VARIABLE_ASSIGNMENT|[EXTERNAL]|this|{"con":"0x3a85a33e","currentUser":"0x6c62da54","currentUserId":"00524000005uNfKAAU","pbEntry":"0x26a8ca94","prod_pbEntry":"0x1e381963","prodList":"0x1a10b416","prodListDisp":"0x57d1778b"}|0x3209aac8
01:04:16.0 (71667415)|SYSTEM_METHOD_EXIT|[42]|CommunityProdController.__sfdc_pbEntry()
01:04:16.0 (71688565)|HEAP_ALLOCATE|[42]|Bytes:40
01:04:16.0 (71707690)|SYSTEM_METHOD_ENTRY|[42]|Map<Id,PricebookEntry>.put(Object, Object)
01:04:16.0 (71712306)|HEAP_ALLOCATE|[EXTERNAL]|Bytes:-4
01:04:16.0 (71719788)|SYSTEM_METHOD_EXIT|[42]|Map<Id,PricebookEntry>.put(Object, Object)
01:04:16.0 (71722722)|STATEMENT_EXECUTE|[43]
01:04:16.0 (71726371)|SYSTEM_METHOD_ENTRY|[43]|CommunityProdController.__sfdc_prodListDisp()
01:04:16.0 (71847065)|VARIABLE_ASSIGNMENT|[EXTERNAL]|this|{"con":"0x3a85a33e","currentUser":"0x6c62da54","currentUserId":"00524000005uNfKAAU","pbEntry":"0x26a8ca94","prod_pbEntry":"0x1e381963","prodList":"0x1a10b416","prodListDisp":"0x57d1778b"}|0x3209aac8
01:04:16.0 (71854906)|SYSTEM_METHOD_EXIT|[43]|CommunityProdController.__sfdc_prodListDisp()
01:04:16.0 (71865231)|SYSTEM_METHOD_ENTRY|[43]|List<Product2>.add(Object)
01:04:16.0 (71868974)|HEAP_ALLOCATE|[EXTERNAL]|Bytes:4
01:04:16.0 (71873987)|SYSTEM_METHOD_EXIT|[43]|List<Product2>.add(Object)
01:04:16.0 (71876415)|STATEMENT_EXECUTE|[58]
01:04:16.0 (71879179)|SYSTEM_METHOD_ENTRY|[58]|CommunityProdController.__sfdc_pbEntry()
01:04:16.0 (71993934)|VARIABLE_ASSIGNMENT|[EXTERNAL]|this|{"con":"0x3a85a33e","currentUser":"0x6c62da54","currentUserId":"00524000005uNfKAAU","pbEntry":"0x26a8ca94","prod_pbEntry":"0x1e381963","prodList":"0x1a10b416","prodListDisp":"0x57d1778b"}|0x3209aac8
01:04:16.0 (72001001)|SYSTEM_METHOD_EXIT|[58]|CommunityProdController.__sfdc_pbEntry()
01:04:16.0 (72006159)|SYSTEM_METHOD_ENTRY|[58]|List<PricebookEntry>.clear()
01:04:16.0 (72009244)|SYSTEM_METHOD_EXIT|[58]|List<PricebookEntry>.clear()
01:04:16.0 (72013852)|SYSTEM_METHOD_ENTRY|[36]|system.ListIterator.hasNext()
01:04:16.0 (72020775)|HEAP_ALLOCATE|[36]|Bytes:5
01:04:16.0 (72025404)|SYSTEM_METHOD_EXIT|[36]|system.ListIterator.hasNext()
01:04:16.0 (72045092)|HEAP_ALLOCATE|[36]|Bytes:24
01:04:16.0 (72051937)|VARIABLE_SCOPE_BEGIN|[36]|p|Product2|true|false
01:04:16.0 (72066448)|VARIABLE_ASSIGNMENT|[36]|p|{"Id":"01t24000002t7s9AAA","IsActive":true,"Name":"First Partners - Ini (33 more) ...","ProductCode":"FPSMI-PB","DisplayOnCommunity__ (1 more) ...":true}|0x5170291
01:04:16.0 (72069655)|STATEMENT_EXECUTE|[37]
01:04:16.0 (72070947)|STATEMENT_EXECUTE|[38]
01:04:16.0 (72074909)|HEAP_ALLOCATE|[38]|Bytes:4
01:04:16.0 (72287269)|SOQL_EXECUTE_BEGIN|[38]|Aggregations:0|SELECT Id, IsActive, IsDeleted, Name, Pricebook2Id, Product2Id, ProductCode, UnitPrice, UseStandardPrice FROM PricebookEntry WHERE (Product2Id = :tmpVar1 AND isActive = TRUE) LIMIT 1
01:04:16.0 (72292701)|LIMIT_USAGE|[38]|SOQL|6|100
01:04:16.0 (72298577)|LIMIT_USAGE|[38]|AGGS|0|300
01:04:16.0 (74364206)|SOQL_EXECUTE_END|[38]|Rows:1
01:04:16.0 (74370255)|LIMIT_USAGE|[38]|SOQL_ROWS|13|50000
01:04:16.0 (74379614)|HEAP_ALLOCATE|[38]|Bytes:8
01:04:16.0 (74391789)|HEAP_ALLOCATE|[38]|Bytes:285
01:04:16.0 (74404690)|HEAP_ALLOCATE|[38]|Bytes:8
01:04:16.0 (74420903)|SYSTEM_METHOD_ENTRY|[38]|CommunityProdController.__sfdc_pbEntry(List<PricebookEntry>)
01:04:16.0 (74567016)|VARIABLE_ASSIGNMENT|[EXTERNAL]|this|{"con":"0x3a85a33e","currentUser":"0x6c62da54","currentUserId":"00524000005uNfKAAU","pbEntry":"0x26a8ca94","prod_pbEntry":"0x1e381963","prodList":"0x1a10b416","prodListDisp":"0x57d1778b"}|0x3209aac8
01:04:16.0 (74586701)|VARIABLE_ASSIGNMENT|[EXTERNAL]|value|[{"Id":"01u24000002VVAQAA4","IsActive":true,"IsDeleted":false,"Name":"First Partners - Ini (33 more) ...","Pricebook2Id":"01s24000003Olw1AAC","Product2Id":"01t24000002t7s9AAA","ProductCode":"FPSMI-PB","UnitPrice":0.00,"UseStandardPrice":false}]|0x37aada57
01:04:16.0 (74602852)|VARIABLE_ASSIGNMENT|[7]|this.pbEntry|[{"Id":"01u24000002VVAQAA4","IsActive":true,"IsDeleted":false,"Name":"First Partners - Ini (33 more) ...","Pricebook2Id":"01s24000003Olw1AAC","Product2Id":"01t24000002t7s9AAA","ProductCode":"FPSMI-PB","UnitPrice":0.00,"UseStandardPrice":false}]|0x3209aac8
01:04:16.0 (74610274)|SYSTEM_METHOD_EXIT|[38]|CommunityProdController.__sfdc_pbEntry(List<PricebookEntry>)
01:04:16.0 (74620905)|SYSTEM_METHOD_ENTRY|[40]|CommunityProdController.__sfdc_pbEntry()
01:04:16.0 (74787294)|VARIABLE_ASSIGNMENT|[EXTERNAL]|this|{"con":"0x3a85a33e","currentUser":"0x6c62da54","currentUserId":"00524000005uNfKAAU","pbEntry":"0x37aada57","prod_pbEntry":"0x1e381963","prodList":"0x1a10b416","prodListDisp":"0x57d1778b"}|0x3209aac8
01:04:16.0 (74797163)|SYSTEM_METHOD_EXIT|[40]|CommunityProdController.__sfdc_pbEntry()
01:04:16.0 (74804009)|SYSTEM_METHOD_ENTRY|[40]|List<PricebookEntry>.size()
01:04:16.0 (74807983)|SYSTEM_METHOD_EXIT|[40]|List<PricebookEntry>.size()
01:04:16.0 (74811988)|STATEMENT_EXECUTE|[41]
01:04:16.0 (74813440)|STATEMENT_EXECUTE|[42]
01:04:16.0 (74816649)|SYSTEM_METHOD_ENTRY|[42]|CommunityProdController.__sfdc_prod_pbEntry()
01:04:16.0 (74963510)|VARIABLE_ASSIGNMENT|[EXTERNAL]|this|{"con":"0x3a85a33e","currentUser":"0x6c62da54","currentUserId":"00524000005uNfKAAU","pbEntry":"0x37aada57","prod_pbEntry":"0x1e381963","prodList":"0x1a10b416","prodListDisp":"0x57d1778b"}|0x3209aac8
01:04:16.0 (74981630)|SYSTEM_METHOD_EXIT|[42]|CommunityProdController.__sfdc_prod_pbEntry()
01:04:16.0 (74995532)|SYSTEM_METHOD_ENTRY|[42]|CommunityProdController.__sfdc_pbEntry()
01:04:16.0 (75128968)|VARIABLE_ASSIGNMENT|[EXTERNAL]|this|{"con":"0x3a85a33e","currentUser":"0x6c62da54","currentUserId":"00524000005uNfKAAU","pbEntry":"0x37aada57","prod_pbEntry":"0x1e381963","prodList":"0x1a10b416","prodListDisp":"0x57d1778b"}|0x3209aac8
01:04:16.0 (75146882)|SYSTEM_METHOD_EXIT|[42]|CommunityProdController.__sfdc_pbEntry()
01:04:16.0 (75175338)|HEAP_ALLOCATE|[42]|Bytes:40
01:04:16.0 (75202024)|SYSTEM_METHOD_ENTRY|[42]|Map<Id,PricebookEntry>.put(Object, Object)
01:04:16.0 (75208912)|HEAP_ALLOCATE|[EXTERNAL]|Bytes:-4
01:04:16.0 (75219892)|SYSTEM_METHOD_EXIT|[42]|Map<Id,PricebookEntry>.put(Object, Object)
01:04:16.0 (75224162)|STATEMENT_EXECUTE|[43]
01:04:16.0 (75229368)|SYSTEM_METHOD_ENTRY|[43]|CommunityProdController.__sfdc_prodListDisp()
01:04:16.0 (75412224)|VARIABLE_ASSIGNMENT|[EXTERNAL]|this|{"con":"0x3a85a33e","currentUser":"0x6c62da54","currentUserId":"00524000005uNfKAAU","pbEntry":"0x37aada57","prod_pbEntry":"0x1e381963","prodList":"0x1a10b416","prodListDisp":"0x57d1778b"}|0x3209aac8
01:04:16.0 (75427769)|SYSTEM_METHOD_EXIT|[43]|CommunityProdController.__sfdc_prodListDisp()
01:04:16.0 (75442672)|SYSTEM_METHOD_ENTRY|[43]|List<Product2>.add(Object)
01:04:16.0 (75448101)|HEAP_ALLOCATE|[EXTERNAL]|Bytes:4
01:04:16.0 (75456120)|SYSTEM_METHOD_EXIT|[43]|List<Product2>.add(Object)
01:04:16.0 (75460235)|STATEMENT_EXECUTE|[58]
01:04:16.0 (75464917)|SYSTEM_METHOD_ENTRY|[58]|CommunityProdController.__sfdc_pbEntry()
01:04:16.0 (75640862)|VARIABLE_ASSIGNMENT|[EXTERNAL]|this|{"con":"0x3a85a33e","currentUser":"0x6c62da54","currentUserId":"00524000005uNfKAAU","pbEntry":"0x37aada57","prod_pbEntry":"0x1e381963","prodList":"0x1a10b416","prodListDisp":"0x57d1778b"}|0x3209aac8
01:04:16.0 (75650565)|SYSTEM_METHOD_EXIT|[58]|CommunityProdController.__sfdc_pbEntry()
01:04:16.0 (75657872)|SYSTEM_METHOD_ENTRY|[58]|List<PricebookEntry>.clear()
01:04:16.0 (75662666)|SYSTEM_METHOD_EXIT|[58]|List<PricebookEntry>.clear()
01:04:16.0 (75669070)|SYSTEM_METHOD_ENTRY|[36]|system.ListIterator.hasNext()
01:04:16.0 (75677572)|HEAP_ALLOCATE|[36]|Bytes:5
01:04:16.0 (75683745)|SYSTEM_METHOD_EXIT|[36]|system.ListIterator.hasNext()
01:04:16.0 (75709181)|HEAP_ALLOCATE|[36]|Bytes:24
01:04:16.0 (75718405)|VARIABLE_SCOPE_BEGIN|[36]|p|Product2|true|false
01:04:16.0 (75737882)|VARIABLE_ASSIGNMENT|[36]|p|{"Id":"01t24000002t7rpAAA","IsActive":true,"Name":"First Partners - Mon (23 more) ...","ProductCode":"FPMWS-PB","DisplayOnCommunity__ (1 more) ...":true}|0x38f35207
01:04:16.0 (75742494)|STATEMENT_EXECUTE|[37]
01:04:16.0 (75744412)|STATEMENT_EXECUTE|[38]
01:04:16.0 (75749897)|HEAP_ALLOCATE|[38]|Bytes:4
01:04:16.0 (76062928)|SOQL_EXECUTE_BEGIN|[38]|Aggregations:0|SELECT Id, IsActive, IsDeleted, Name, Pricebook2Id, Product2Id, ProductCode, UnitPrice, UseStandardPrice FROM PricebookEntry WHERE (Product2Id = :tmpVar1 AND isActive = TRUE) LIMIT 1
01:04:16.0 (76071729)|LIMIT_USAGE|[38]|SOQL|7|100
01:04:16.0 (76094741)|LIMIT_USAGE|[38]|AGGS|0|300
01:04:16.0 (79796629)|SOQL_EXECUTE_END|[38]|Rows:1
01:04:16.0 (79804075)|LIMIT_USAGE|[38]|SOQL_ROWS|14|50000
01:04:16.0 (79816309)|HEAP_ALLOCATE|[38]|Bytes:8
01:04:16.0 (79831162)|HEAP_ALLOCATE|[38]|Bytes:275
01:04:16.0 (79846709)|HEAP_ALLOCATE|[38]|Bytes:8
01:04:16.0 (79862283)|SYSTEM_METHOD_ENTRY|[38]|CommunityProdController.__sfdc_pbEntry(List<PricebookEntry>)
01:04:16.0 (80069507)|VARIABLE_ASSIGNMENT|[EXTERNAL]|this|{"con":"0x3a85a33e","currentUser":"0x6c62da54","currentUserId":"00524000005uNfKAAU","pbEntry":"0x37aada57","prod_pbEntry":"0x1e381963","prodList":"0x1a10b416","prodListDisp":"0x57d1778b"}|0x3209aac8
01:04:16.0 (80097265)|VARIABLE_ASSIGNMENT|[EXTERNAL]|value|[{"Id":"01u24000002VVALAA4","IsActive":true,"IsDeleted":false,"Name":"First Partners - Mon (23 more) ...","Pricebook2Id":"01s24000003Olw1AAC","Product2Id":"01t24000002t7rpAAA","ProductCode":"FPMWS-PB","UnitPrice":0.00,"UseStandardPrice":false}]|0x3495fdca
01:04:16.0 (80121121)|VARIABLE_ASSIGNMENT|[7]|this.pbEntry|[{"Id":"01u24000002VVALAA4","IsActive":true,"IsDeleted":false,"Name":"First Partners - Mon (23 more) ...","Pricebook2Id":"01s24000003Olw1AAC","Product2Id":"01t24000002t7rpAAA","ProductCode":"FPMWS-PB","UnitPrice":0.00,"UseStandardPrice":false}]|0x3209aac8
01:04:16.0 (80131015)|SYSTEM_METHOD_EXIT|[38]|CommunityProdController.__sfdc_pbEntry(List<PricebookEntry>)
01:04:16.0 (80138603)|SYSTEM_METHOD_ENTRY|[40]|CommunityProdController.__sfdc_pbEntry()
01:04:16.0 (80323800)|VARIABLE_ASSIGNMENT|[EXTERNAL]|this|{"con":"0x3a85a33e","currentUser":"0x6c62da54","currentUserId":"00524000005uNfKAAU","pbEntry":"0x3495fdca","prod_pbEntry":"0x1e381963","prodList":"0x1a10b416","prodListDisp":"0x57d1778b"}|0x3209aac8
01:04:16.0 (80334926)|SYSTEM_METHOD_EXIT|[40]|CommunityProdController.__sfdc_pbEntry()
01:04:16.0 (80343148)|SYSTEM_METHOD_ENTRY|[40]|List<PricebookEntry>.size()
01:04:16.0 (80348685)|SYSTEM_METHOD_EXIT|[40]|List<PricebookEntry>.size()
01:04:16.0 (80353866)|STATEMENT_EXECUTE|[41]
01:04:16.0 (80355961)|STATEMENT_EXECUTE|[42]
01:04:16.0 (80360572)|SYSTEM_METHOD_ENTRY|[42]|CommunityProdController.__sfdc_prod_pbEntry()
01:04:16.0 (80545135)|VARIABLE_ASSIGNMENT|[EXTERNAL]|this|{"con":"0x3a85a33e","currentUser":"0x6c62da54","currentUserId":"00524000005uNfKAAU","pbEntry":"0x3495fdca","prod_pbEntry":"0x1e381963","prodList":"0x1a10b416","prodListDisp":"0x57d1778b"}|0x3209aac8
01:04:16.0 (80556000)|SYSTEM_METHOD_EXIT|[42]|CommunityProdController.__sfdc_prod_pbEntry()
01:04:16.0 (80567752)|SYSTEM_METHOD_ENTRY|[42]|CommunityProdController.__sfdc_pbEntry()
01:04:16.0 (80772536)|VARIABLE_ASSIGNMENT|[EXTERNAL]|this|{"con":"0x3a85a33e","currentUser":"0x6c62da54","currentUserId":"00524000005uNfKAAU","pbEntry":"0x3495fdca","prod_pbEntry":"0x1e381963","prodList":"0x1a10b416","prodListDisp":"0x57d1778b"}|0x3209aac8
01:04:16.0 (80783743)|SYSTEM_METHOD_EXIT|[42]|CommunityProdController.__sfdc_pbEntry()
01:04:16.0 (80810305)|HEAP_ALLOCATE|[42]|Bytes:40
01:04:16.0 (80836487)|SYSTEM_METHOD_ENTRY|[42]|Map<Id,PricebookEntry>.put(Object, Object)
01:04:16.0 (80842717)|HEAP_ALLOCATE|[EXTERNAL]|Bytes:-4
01:04:16.0 (80854291)|SYSTEM_METHOD_EXIT|[42]|Map<Id,PricebookEntry>.put(Object, Object)
01:04:16.0 (80858604)|STATEMENT_EXECUTE|[43]
01:04:16.0 (80863874)|SYSTEM_METHOD_ENTRY|[43]|CommunityProdController.__sfdc_prodListDisp()
01:04:16.0 (81048189)|VARIABLE_ASSIGNMENT|[EXTERNAL]|this|{"con":"0x3a85a33e","currentUser":"0x6c62da54","currentUserId":"00524000005uNfKAAU","pbEntry":"0x3495fdca","prod_pbEntry":"0x1e381963","prodList":"0x1a10b416","prodListDisp":"0x57d1778b"}|0x3209aac8
01:04:16.0 (81059756)|SYSTEM_METHOD_EXIT|[43]|CommunityProdController.__sfdc_prodListDisp()
01:04:16.0 (81074558)|SYSTEM_METHOD_ENTRY|[43]|List<Product2>.add(Object)
01:04:16.0 (81080007)|HEAP_ALLOCATE|[EXTERNAL]|Bytes:4
01:04:16.0 (81087750)|SYSTEM_METHOD_EXIT|[43]|List<Product2>.add(Object)
01:04:16.0 (81091356)|STATEMENT_EXECUTE|[58]
01:04:16.0 (81095460)|SYSTEM_METHOD_ENTRY|[58]|CommunityProdController.__sfdc_pbEntry()
01:04:16.0 (81273344)|VARIABLE_ASSIGNMENT|[EXTERNAL]|this|{"con":"0x3a85a33e","currentUser":"0x6c62da54","currentUserId":"00524000005uNfKAAU","pbEntry":"0x3495fdca","prod_pbEntry":"0x1e381963","prodList":"0x1a10b416","prodListDisp":"0x57d1778b"}|0x3209aac8
01:04:16.0 (81283820)|SYSTEM_METHOD_EXIT|[58]|CommunityProdController.__sfdc_pbEntry()
01:04:16.0 (81291186)|SYSTEM_METHOD_ENTRY|[58]|List<PricebookEntry>.clear()
01:04:16.0 (81296259)|SYSTEM_METHOD_EXIT|[58]|List<PricebookEntry>.clear()
01:04:16.0 (81302557)|SYSTEM_METHOD_ENTRY|[36]|system.ListIterator.hasNext()
01:04:16.0 (81311265)|HEAP_ALLOCATE|[36]|Bytes:5
01:04:16.0 (81318121)|SYSTEM_METHOD_EXIT|[36]|system.ListIterator.hasNext()
01:04:16.0 (81344777)|HEAP_ALLOCATE|[36]|Bytes:28
01:04:16.0 (81354518)|VARIABLE_SCOPE_BEGIN|[36]|p|Product2|true|false
01:04:16.0 (81376686)|VARIABLE_ASSIGNMENT|[36]|p|{"Description":"This is for First Pa (75 more) ...","Id":"01t24000002t7jvAAA","IsActive":true,"Name":"First Partners - Mul (23 more) ...","ProductCode":"FPMSO600","DisplayOnCommunity__ (1 more) ...":true}|0xa60c0f3
01:04:16.0 (81381495)|STATEMENT_EXECUTE|[37]
01:04:16.0 (81383375)|STATEMENT_EXECUTE|[38]
01:04:16.0 (81388736)|HEAP_ALLOCATE|[38]|Bytes:4
01:04:16.0 (81710655)|SOQL_EXECUTE_BEGIN|[38]|Aggregations:0|SELECT Id, IsActive, IsDeleted, Name, Pricebook2Id, Product2Id, ProductCode, UnitPrice, UseStandardPrice FROM PricebookEntry WHERE (Product2Id = :tmpVar1 AND isActive = TRUE) LIMIT 1
01:04:16.0 (81718441)|LIMIT_USAGE|[38]|SOQL|8|100
01:04:16.0 (81726002)|LIMIT_USAGE|[38]|AGGS|0|300
01:04:16.0 (84151942)|SOQL_EXECUTE_END|[38]|Rows:1
01:04:16.0 (84157992)|LIMIT_USAGE|[38]|SOQL_ROWS|15|50000
01:04:16.0 (84167700)|HEAP_ALLOCATE|[38]|Bytes:8
01:04:16.0 (84179019)|HEAP_ALLOCATE|[38]|Bytes:275
01:04:16.0 (84192103)|HEAP_ALLOCATE|[38]|Bytes:8
01:04:16.0 (84204284)|SYSTEM_METHOD_ENTRY|[38]|CommunityProdController.__sfdc_pbEntry(List<PricebookEntry>)
01:04:16.0 (84347919)|VARIABLE_ASSIGNMENT|[EXTERNAL]|this|{"con":"0x3a85a33e","currentUser":"0x6c62da54","currentUserId":"00524000005uNfKAAU","pbEntry":"0x3495fdca","prod_pbEntry":"0x1e381963","prodList":"0x1a10b416","prodListDisp":"0x57d1778b"}|0x3209aac8
01:04:16.0 (84368233)|VARIABLE_ASSIGNMENT|[EXTERNAL]|value|[{"Id":"01u24000002VV8yAAG","IsActive":true,"IsDeleted":false,"Name":"First Partners - Mul (23 more) ...","Pricebook2Id":"01s24000003Olw1AAC","Product2Id":"01t24000002t7jvAAA","ProductCode":"FPMSO600","UnitPrice":600.00,"UseStandardPrice":false}]|0x33a1a118
01:04:16.0 (84397472)|VARIABLE_ASSIGNMENT|[7]|this.pbEntry|[{"Id":"01u24000002VV8yAAG","IsActive":true,"IsDeleted":false,"Name":"First Partners - Mul (23 more) ...","Pricebook2Id":"01s24000003Olw1AAC","Product2Id":"01t24000002t7jvAAA","ProductCode":"FPMSO600","UnitPrice":600.00,"UseStandardPrice":false}]|0x3209aac8
01:04:16.0 (84405185)|SYSTEM_METHOD_EXIT|[38]|CommunityProdController.__sfdc_pbEntry(List<PricebookEntry>)
01:04:16.0 (84410960)|SYSTEM_METHOD_ENTRY|[40]|CommunityProdController.__sfdc_pbEntry()
01:04:16.0 (84539212)|VARIABLE_ASSIGNMENT|[EXTERNAL]|this|{"con":"0x3a85a33e","currentUser":"0x6c62da54","currentUserId":"00524000005uNfKAAU","pbEntry":"0x33a1a118","prod_pbEntry":"0x1e381963","prodList":"0x1a10b416","prodListDisp":"0x57d1778b"}|0x3209aac8
01:04:16.0 (84547907)|SYSTEM_METHOD_EXIT|[40]|CommunityProdController.__sfdc_pbEntry()
01:04:16.0 (84554309)|SYSTEM_METHOD_ENTRY|[40]|List<PricebookEntry>.size()
01:04:16.0 (84558020)|SYSTEM_METHOD_EXIT|[40]|List<PricebookEntry>.size()
01:04:16.0 (84562045)|STATEMENT_EXECUTE|[41]
01:04:16.0 (84563504)|STATEMENT_EXECUTE|[42]
01:04:16.0 (84566264)|SYSTEM_METHOD_ENTRY|[42]|CommunityProdController.__sfdc_prod_pbEntry()
01:04:16.0 (84681310)|VARIABLE_ASSIGNMENT|[EXTERNAL]|this|{"con":"0x3a85a33e","currentUser":"0x6c62da54","currentUserId":"00524000005uNfKAAU","pbEntry":"0x33a1a118","prod_pbEntry":"0x1e381963","prodList":"0x1a10b416","prodListDisp":"0x57d1778b"}|0x3209aac8
01:04:16.0 (84688889)|SYSTEM_METHOD_EXIT|[42]|CommunityProdController.__sfdc_prod_pbEntry()
01:04:16.0 (84698160)|SYSTEM_METHOD_ENTRY|[42]|CommunityProdController.__sfdc_pbEntry()
01:04:16.0 (84820958)|VARIABLE_ASSIGNMENT|[EXTERNAL]|this|{"con":"0x3a85a33e","currentUser":"0x6c62da54","currentUserId":"00524000005uNfKAAU","pbEntry":"0x33a1a118","prod_pbEntry":"0x1e381963","prodList":"0x1a10b416","prodListDisp":"0x57d1778b"}|0x3209aac8
01:04:16.0 (84828111)|SYSTEM_METHOD_EXIT|[42]|CommunityProdController.__sfdc_pbEntry()
01:04:16.0 (84849328)|HEAP_ALLOCATE|[42]|Bytes:40
01:04:16.0 (84868371)|SYSTEM_METHOD_ENTRY|[42]|Map<Id,PricebookEntry>.put(Object, Object)
01:04:16.0 (84872816)|HEAP_ALLOCATE|[EXTERNAL]|Bytes:-4
01:04:16.0 (84880107)|SYSTEM_METHOD_EXIT|[42]|Map<Id,PricebookEntry>.put(Object, Object)
01:04:16.0 (84882914)|STATEMENT_EXECUTE|[43]
01:04:16.0 (84886179)|SYSTEM_METHOD_ENTRY|[43]|CommunityProdController.__sfdc_prodListDisp()
01:04:16.0 (85007008)|VARIABLE_ASSIGNMENT|[EXTERNAL]|this|{"con":"0x3a85a33e","currentUser":"0x6c62da54","currentUserId":"00524000005uNfKAAU","pbEntry":"0x33a1a118","prod_pbEntry":"0x1e381963","prodList":"0x1a10b416","prodListDisp":"0x57d1778b"}|0x3209aac8
01:04:16.0 (85014720)|SYSTEM_METHOD_EXIT|[43]|CommunityProdController.__sfdc_prodListDisp()
01:04:16.0 (85024949)|SYSTEM_METHOD_ENTRY|[43]|List<Product2>.add(Object)
01:04:16.0 (85028780)|HEAP_ALLOCATE|[EXTERNAL]|Bytes:4
01:04:16.0 (85033946)|SYSTEM_METHOD_EXIT|[43]|List<Product2>.add(Object)
01:04:16.0 (85036302)|STATEMENT_EXECUTE|[58]
01:04:16.0 (85038833)|SYSTEM_METHOD_ENTRY|[58]|CommunityProdController.__sfdc_pbEntry()
01:04:16.0 (85152765)|VARIABLE_ASSIGNMENT|[EXTERNAL]|this|{"con":"0x3a85a33e","currentUser":"0x6c62da54","currentUserId":"00524000005uNfKAAU","pbEntry":"0x33a1a118","prod_pbEntry":"0x1e381963","prodList":"0x1a10b416","prodListDisp":"0x57d1778b"}|0x3209aac8
01:04:16.0 (85163447)|SYSTEM_METHOD_EXIT|[58]|CommunityProdController.__sfdc_pbEntry()
01:04:16.0 (85168502)|SYSTEM_METHOD_ENTRY|[58]|List<PricebookEntry>.clear()
01:04:16.0 (85171525)|SYSTEM_METHOD_EXIT|[58]|List<PricebookEntry>.clear()
01:04:16.0 (85176159)|SYSTEM_METHOD_ENTRY|[36]|system.ListIterator.hasNext()
01:04:16.0 (85183081)|HEAP_ALLOCATE|[36]|Bytes:5
01:04:16.0 (85187835)|SYSTEM_METHOD_EXIT|[36]|system.ListIterator.hasNext()
01:04:16.0 (85207842)|HEAP_ALLOCATE|[36]|Bytes:24
01:04:16.0 (85214755)|VARIABLE_SCOPE_BEGIN|[36]|p|Product2|true|false
01:04:16.0 (85229571)|VARIABLE_ASSIGNMENT|[36]|p|{"Id":"01t24000002t7ssAAA","IsActive":true,"Name":"First Partners - Soc (21 more) ...","ProductCode":"FPSMC400","DisplayOnCommunity__ (1 more) ...":true}|0x47bd5fa3
01:04:16.0 (85233035)|STATEMENT_EXECUTE|[37]
01:04:16.0 (85234334)|STATEMENT_EXECUTE|[38]
01:04:16.0 (85238556)|HEAP_ALLOCATE|[38]|Bytes:4
01:04:16.0 (85457689)|SOQL_EXECUTE_BEGIN|[38]|Aggregations:0|SELECT Id, IsActive, IsDeleted, Name, Pricebook2Id, Product2Id, ProductCode, UnitPrice, UseStandardPrice FROM PricebookEntry WHERE (Product2Id = :tmpVar1 AND isActive = TRUE) LIMIT 1
01:04:16.0 (85463297)|LIMIT_USAGE|[38]|SOQL|9|100
01:04:16.0 (85469663)|LIMIT_USAGE|[38]|AGGS|0|300
01:04:16.0 (87475876)|SOQL_EXECUTE_END|[38]|Rows:1
01:04:16.0 (87482062)|LIMIT_USAGE|[38]|SOQL_ROWS|16|50000
01:04:16.0 (87491574)|HEAP_ALLOCATE|[38]|Bytes:8
01:04:16.0 (87502695)|HEAP_ALLOCATE|[38]|Bytes:273
01:04:16.0 (87515520)|HEAP_ALLOCATE|[38]|Bytes:8
01:04:16.0 (87527635)|SYSTEM_METHOD_ENTRY|[38]|CommunityProdController.__sfdc_pbEntry(List<PricebookEntry>)
01:04:16.0 (87670503)|VARIABLE_ASSIGNMENT|[EXTERNAL]|this|{"con":"0x3a85a33e","currentUser":"0x6c62da54","currentUserId":"00524000005uNfKAAU","pbEntry":"0x33a1a118","prod_pbEntry":"0x1e381963","prodList":"0x1a10b416","prodListDisp":"0x57d1778b"}|0x3209aac8
01:04:16.0 (87690508)|VARIABLE_ASSIGNMENT|[EXTERNAL]|value|[{"Id":"01u24000002VVAkAAO","IsActive":true,"IsDeleted":false,"Name":"First Partners - Soc (21 more) ...","Pricebook2Id":"01s24000003Olw1AAC","Product2Id":"01t24000002t7ssAAA","ProductCode":"FPSMC400","UnitPrice":400.00,"UseStandardPrice":false}]|0x3c7d9f49
01:04:16.0 (87705395)|VARIABLE_ASSIGNMENT|[7]|this.pbEntry|[{"Id":"01u24000002VVAkAAO","IsActive":true,"IsDeleted":false,"Name":"First Partners - Soc (21 more) ...","Pricebook2Id":"01s24000003Olw1AAC","Product2Id":"01t24000002t7ssAAA","ProductCode":"FPSMC400","UnitPrice":400.00,"UseStandardPrice":false}]|0x3209aac8
01:04:16.0 (87713352)|SYSTEM_METHOD_EXIT|[38]|CommunityProdController.__sfdc_pbEntry(List<PricebookEntry>)
01:04:16.0 (87718685)|SYSTEM_METHOD_ENTRY|[40]|CommunityProdController.__sfdc_pbEntry()
01:04:16.0 (87839910)|VARIABLE_ASSIGNMENT|[EXTERNAL]|this|{"con":"0x3a85a33e","currentUser":"0x6c62da54","currentUserId":"00524000005uNfKAAU","pbEntry":"0x3c7d9f49","prod_pbEntry":"0x1e381963","prodList":"0x1a10b416","prodListDisp":"0x57d1778b"}|0x3209aac8
01:04:16.0 (87848845)|SYSTEM_METHOD_EXIT|[40]|CommunityProdController.__sfdc_pbEntry()
01:04:16.0 (87854766)|SYSTEM_METHOD_ENTRY|[40]|List<PricebookEntry>.size()
01:04:16.0 (87858559)|SYSTEM_METHOD_EXIT|[40]|List<PricebookEntry>.size()
01:04:16.0 (87862222)|STATEMENT_EXECUTE|[41]
01:04:16.0 (87863586)|STATEMENT_EXECUTE|[42]
01:04:16.0 (87866399)|SYSTEM_METHOD_ENTRY|[42]|CommunityProdController.__sfdc_prod_pbEntry()
01:04:16.0 (87981872)|VARIABLE_ASSIGNMENT|[EXTERNAL]|this|{"con":"0x3a85a33e","currentUser":"0x6c62da54","currentUserId":"00524000005uNfKAAU","pbEntry":"0x3c7d9f49","prod_pbEntry":"0x1e381963","prodList":"0x1a10b416","prodListDisp":"0x57d1778b"}|0x3209aac8
01:04:16.0 (87989275)|SYSTEM_METHOD_EXIT|[42]|CommunityProdController.__sfdc_prod_pbEntry()
01:04:16.0 (87998157)|SYSTEM_METHOD_ENTRY|[42]|CommunityProdController.__sfdc_pbEntry()
01:04:16.0 (88111702)|VARIABLE_ASSIGNMENT|[EXTERNAL]|this|{"con":"0x3a85a33e","currentUser":"0x6c62da54","currentUserId":"00524000005uNfKAAU","pbEntry":"0x3c7d9f49","prod_pbEntry":"0x1e381963","prodList":"0x1a10b416","prodListDisp":"0x57d1778b"}|0x3209aac8
01:04:16.0 (88119033)|SYSTEM_METHOD_EXIT|[42]|CommunityProdController.__sfdc_pbEntry()
01:04:16.0 (88139064)|HEAP_ALLOCATE|[42]|Bytes:40
01:04:16.0 (88157349)|SYSTEM_METHOD_ENTRY|[42]|Map<Id,PricebookEntry>.put(Object, Object)
01:04:16.0 (88161990)|HEAP_ALLOCATE|[EXTERNAL]|Bytes:-4
01:04:16.0 (88169917)|SYSTEM_METHOD_EXIT|[42]|Map<Id,PricebookEntry>.put(Object, Object)
01:04:16.0 (88172481)|STATEMENT_EXECUTE|[43]
01:04:16.0 (88175796)|SYSTEM_METHOD_ENTRY|[43]|CommunityProdController.__sfdc_prodListDisp()
01:04:16.0 (88298732)|VARIABLE_ASSIGNMENT|[EXTERNAL]|this|{"con":"0x3a85a33e","currentUser":"0x6c62da54","currentUserId":"00524000005uNfKAAU","pbEntry":"0x3c7d9f49","prod_pbEntry":"0x1e381963","prodList":"0x1a10b416","prodListDisp":"0x57d1778b"}|0x3209aac8
01:04:16.0 (88305710)|SYSTEM_METHOD_EXIT|[43]|CommunityProdController.__sfdc_prodListDisp()
01:04:16.0 (88316310)|SYSTEM_METHOD_ENTRY|[43]|List<Product2>.add(Object)
01:04:16.0 (88320137)|HEAP_ALLOCATE|[EXTERNAL]|Bytes:4
01:04:16.0 (88325398)|SYSTEM_METHOD_EXIT|[43]|List<Product2>.add(Object)
01:04:16.0 (88328159)|STATEMENT_EXECUTE|[58]
01:04:16.0 (88331078)|SYSTEM_METHOD_ENTRY|[58]|CommunityProdController.__sfdc_pbEntry()
01:04:16.0 (88449780)|VARIABLE_ASSIGNMENT|[EXTERNAL]|this|{"con":"0x3a85a33e","currentUser":"0x6c62da54","currentUserId":"00524000005uNfKAAU","pbEntry":"0x3c7d9f49","prod_pbEntry":"0x1e381963","prodList":"0x1a10b416","prodListDisp":"0x57d1778b"}|0x3209aac8
01:04:16.0 (88457043)|SYSTEM_METHOD_EXIT|[58]|CommunityProdController.__sfdc_pbEntry()
01:04:16.0 (88461616)|SYSTEM_METHOD_ENTRY|[58]|List<PricebookEntry>.clear()
01:04:16.0 (88464780)|SYSTEM_METHOD_EXIT|[58]|List<PricebookEntry>.clear()
01:04:16.0 (88469187)|SYSTEM_METHOD_ENTRY|[36]|system.ListIterator.hasNext()
01:04:16.0 (88475745)|HEAP_ALLOCATE|[36]|Bytes:5
01:04:16.0 (88480343)|SYSTEM_METHOD_EXIT|[36]|system.ListIterator.hasNext()
01:04:16.0 (88500781)|HEAP_ALLOCATE|[36]|Bytes:28
01:04:16.0 (88507553)|VARIABLE_SCOPE_BEGIN|[36]|p|Product2|true|false
01:04:16.0 (88523973)|VARIABLE_ASSIGNMENT|[36]|p|{"Description":"This is for First Pa (75 more) ...","Id":"01t24000002rJluAAE","IsActive":true,"Name":"First Partners - Soc (8 more) ...","ProductCode":"FPSO1200","DisplayOnCommunity__ (1 more) ...":true}|0x7a03ce4f
01:04:16.0 (88527257)|STATEMENT_EXECUTE|[37]
01:04:16.0 (88528831)|STATEMENT_EXECUTE|[38]
01:04:16.0 (88533115)|HEAP_ALLOCATE|[38]|Bytes:4
01:04:16.0 (88742111)|SOQL_EXECUTE_BEGIN|[38]|Aggregations:0|SELECT Id, IsActive, IsDeleted, Name, Pricebook2Id, Product2Id, ProductCode, UnitPrice, UseStandardPrice FROM PricebookEntry WHERE (Product2Id = :tmpVar1 AND isActive = TRUE) LIMIT 1
01:04:16.0 (88747460)|LIMIT_USAGE|[38]|SOQL|10|100
01:04:16.0 (88753435)|LIMIT_USAGE|[38]|AGGS|0|300
01:04:16.0 (90733609)|SOQL_EXECUTE_END|[38]|Rows:1
01:04:16.0 (90739875)|LIMIT_USAGE|[38]|SOQL_ROWS|17|50000
01:04:16.0 (90748963)|HEAP_ALLOCATE|[38]|Bytes:8
01:04:16.0 (90760821)|HEAP_ALLOCATE|[38]|Bytes:260
01:04:16.0 (90773798)|HEAP_ALLOCATE|[38]|Bytes:8
01:04:16.0 (90786134)|SYSTEM_METHOD_ENTRY|[38]|CommunityProdController.__sfdc_pbEntry(List<PricebookEntry>)
01:04:16.0 (90939631)|VARIABLE_ASSIGNMENT|[EXTERNAL]|this|{"con":"0x3a85a33e","currentUser":"0x6c62da54","currentUserId":"00524000005uNfKAAU","pbEntry":"0x3c7d9f49","prod_pbEntry":"0x1e381963","prodList":"0x1a10b416","prodListDisp":"0x57d1778b"}|0x3209aac8
01:04:16.0 (90960055)|VARIABLE_ASSIGNMENT|[EXTERNAL]|value|[{"Id":"01u24000001whHLAAY","IsActive":true,"IsDeleted":false,"Name":"First Partners - Soc (8 more) ...","Pricebook2Id":"01s24000003Olw1AAC","Product2Id":"01t24000002rJluAAE","ProductCode":"FPSO1200","UnitPrice":1200.00,"UseStandardPrice":false}]|0x37dda945
01:04:16.0 (90976633)|VARIABLE_ASSIGNMENT|[7]|this.pbEntry|[{"Id":"01u24000001whHLAAY","IsActive":true,"IsDeleted":false,"Name":"First Partners - Soc (8 more) ...","Pricebook2Id":"01s24000003Olw1AAC","Product2Id":"01t24000002rJluAAE","ProductCode":"FPSO1200","UnitPrice":1200.00,"UseStandardPrice":false}]|0x3209aac8
01:04:16.0 (90984099)|SYSTEM_METHOD_EXIT|[38]|CommunityProdController.__sfdc_pbEntry(List<PricebookEntry>)
01:04:16.0 (90989491)|SYSTEM_METHOD_ENTRY|[40]|CommunityProdController.__sfdc_pbEntry()
01:04:16.0 (91111880)|VARIABLE_ASSIGNMENT|[EXTERNAL]|this|{"con":"0x3a85a33e","currentUser":"0x6c62da54","currentUserId":"00524000005uNfKAAU","pbEntry":"0x37dda945","prod_pbEntry":"0x1e381963","prodList":"0x1a10b416","prodListDisp":"0x57d1778b"}|0x3209aac8
01:04:16.0 (91120750)|SYSTEM_METHOD_EXIT|[40]|CommunityProdController.__sfdc_pbEntry()
01:04:16.0 (91126827)|SYSTEM_METHOD_ENTRY|[40]|List<PricebookEntry>.size()
01:04:16.0 (91130844)|SYSTEM_METHOD_EXIT|[40]|List<PricebookEntry>.size()
01:04:16.0 (91134758)|STATEMENT_EXECUTE|[41]
01:04:16.0 (91136220)|STATEMENT_EXECUTE|[42]
01:04:16.0 (91138974)|SYSTEM_METHOD_ENTRY|[42]|CommunityProdController.__sfdc_prod_pbEntry()
01:04:16.0 (91254218)|VARIABLE_ASSIGNMENT|[EXTERNAL]|this|{"con":"0x3a85a33e","currentUser":"0x6c62da54","currentUserId":"00524000005uNfKAAU","pbEntry":"0x37dda945","prod_pbEntry":"0x1e381963","prodList":"0x1a10b416","prodListDisp":"0x57d1778b"}|0x3209aac8
01:04:16.0 (91261318)|SYSTEM_METHOD_EXIT|[42]|CommunityProdController.__sfdc_prod_pbEntry()
01:04:16.0 (91270434)|SYSTEM_METHOD_ENTRY|[42]|CommunityProdController.__sfdc_pbEntry()
01:04:16.0 (91383714)|VARIABLE_ASSIGNMENT|[EXTERNAL]|this|{"con":"0x3a85a33e","currentUser":"0x6c62da54","currentUserId":"00524000005uNfKAAU","pbEntry":"0x37dda945","prod_pbEntry":"0x1e381963","prodList":"0x1a10b416","prodListDisp":"0x57d1778b"}|0x3209aac8
01:04:16.0 (91390420)|SYSTEM_METHOD_EXIT|[42]|CommunityProdController.__sfdc_pbEntry()
01:04:16.0 (91410930)|HEAP_ALLOCATE|[42]|Bytes:40
01:04:16.0 (91434192)|SYSTEM_METHOD_ENTRY|[42]|Map<Id,PricebookEntry>.put(Object, Object)
01:04:16.0 (91438567)|HEAP_ALLOCATE|[EXTERNAL]|Bytes:-4
01:04:16.0 (91446074)|SYSTEM_METHOD_EXIT|[42]|Map<Id,PricebookEntry>.put(Object, Object)
01:04:16.0 (91448676)|STATEMENT_EXECUTE|[43]
01:04:16.0 (91451992)|SYSTEM_METHOD_ENTRY|[43]|CommunityProdController.__sfdc_prodListDisp()
01:04:16.0 (91573343)|VARIABLE_ASSIGNMENT|[EXTERNAL]|this|{"con":"0x3a85a33e","currentUser":"0x6c62da54","currentUserId":"00524000005uNfKAAU","pbEntry":"0x37dda945","prod_pbEntry":"0x1e381963","prodList":"0x1a10b416","prodListDisp":"0x57d1778b"}|0x3209aac8
01:04:16.0 (91580875)|SYSTEM_METHOD_EXIT|[43]|CommunityProdController.__sfdc_prodListDisp()
01:04:16.0 (91591392)|SYSTEM_METHOD_ENTRY|[43]|List<Product2>.add(Object)
01:04:16.0 (91595144)|HEAP_ALLOCATE|[EXTERNAL]|Bytes:4
01:04:16.0 (91600162)|SYSTEM_METHOD_EXIT|[43]|List<Product2>.add(Object)
01:04:16.0 (91602579)|STATEMENT_EXECUTE|[58]
01:04:16.0 (91605518)|SYSTEM_METHOD_ENTRY|[58]|CommunityProdController.__sfdc_pbEntry()
01:04:16.0 (91720671)|VARIABLE_ASSIGNMENT|[EXTERNAL]|this|{"con":"0x3a85a33e","currentUser":"0x6c62da54","currentUserId":"00524000005uNfKAAU","pbEntry":"0x37dda945","prod_pbEntry":"0x1e381963","prodList":"0x1a10b416","prodListDisp":"0x57d1778b"}|0x3209aac8
01:04:16.0 (91727518)|SYSTEM_METHOD_EXIT|[58]|CommunityProdController.__sfdc_pbEntry()
01:04:16.0 (91732147)|SYSTEM_METHOD_ENTRY|[58]|List<PricebookEntry>.clear()
01:04:16.0 (91735085)|SYSTEM_METHOD_EXIT|[58]|List<PricebookEntry>.clear()
01:04:16.0 (91739357)|SYSTEM_METHOD_ENTRY|[36]|system.ListIterator.hasNext()
01:04:16.0 (91745971)|HEAP_ALLOCATE|[36]|Bytes:5
01:04:16.0 (91750564)|SYSTEM_METHOD_EXIT|[36]|system.ListIterator.hasNext()
01:04:16.0 (91758126)|VARIABLE_ASSIGNMENT|[36]|p|null|
01:04:16.0 (91760721)|STATEMENT_EXECUTE|[61]
01:04:16.0 (91763225)|HEAP_ALLOCATE|[61]|Bytes:11
01:04:16.0 (91769658)|SYSTEM_METHOD_ENTRY|[61]|CommunityProdController.__sfdc_prod_pbEntry()
01:04:16.0 (91903546)|VARIABLE_ASSIGNMENT|[EXTERNAL]|this|{"con":"0x3a85a33e","currentUser":"0x6c62da54","currentUserId":"00524000005uNfKAAU","pbEntry":"0x37dda945","prod_pbEntry":"0x1e381963","prodList":"0x1a10b416","prodListDisp":"0x57d1778b"}|0x3209aac8
01:04:16.0 (91910980)|SYSTEM_METHOD_EXIT|[61]|CommunityProdController.__sfdc_prod_pbEntry()
01:04:16.0 (91945249)|SYSTEM_METHOD_ENTRY|[61]|String.valueOf(Object)
01:04:16.0 (92273738)|HEAP_ALLOCATE|[61]|Bytes:2124
01:04:16.0 (92298147)|SYSTEM_METHOD_EXIT|[61]|String.valueOf(Object)
01:04:16.0 (92313004)|HEAP_ALLOCATE|[61]|Bytes:2135
01:04:16.0 (92340756)|SYSTEM_METHOD_ENTRY|[61]|System.debug(ANY)
01:04:16.0 (92356125)|USER_DEBUG|[61]|DEBUG|PB Entry : {01t24000002rJluAAE=PricebookEntry:{Id=01u24000001whHLAAY, IsActive=true, IsDeleted=false, Name=First Partners - Social Only, Pricebook2Id=01s24000003Olw1AAC, Product2Id=01t24000002rJluAAE, ProductCode=FPSO1200, UnitPrice=1200.00, UseStandardPrice=false}, 01t24000002t6w2AAA=PricebookEntry:{Id=01u24000002VUygAAG, IsActive=true, IsDeleted=false, Name=First Partners - Full Licence, Pricebook2Id=01s24000003Olw1AAC, Product2Id=01t24000002t6w2AAA, ProductCode=FPFL12000, UnitPrice=1200.00, UseStandardPrice=false}, 01t24000002t7jvAAA=PricebookEntry:{Id=01u24000002VV8yAAG, IsActive=true, IsDeleted=false, Name=First Partners - Multiple Seats Social Only, Pricebook2Id=01s24000003Olw1AAC, Product2Id=01t24000002t7jvAAA, ProductCode=FPMSO600, UnitPrice=600.00, UseStandardPrice=false}, 01t24000002t7rpAAA=PricebookEntry:{Id=01u24000002VVALAA4, IsActive=true, IsDeleted=false, Name=First Partners - Monthly Pro-bono Workshops, Pricebook2Id=01s24000003Olw1AAC, Product2Id=01t24000002t7rpAAA, ProductCode=FPMWS-PB, UnitPrice=0.00, UseStandardPrice=false}, 01t24000002t7s9AAA=PricebookEntry:{Id=01u24000002VVAQAA4, IsActive=true, IsDeleted=false, Name=First Partners - Initial Pro-bono Social Media Impact, Pricebook2Id=01s24000003Olw1AAC, Product2Id=01t24000002t7s9AAA, ProductCode=FPSMI-PB, UnitPrice=0.00, UseStandardPrice=false}, 01t24000002t7ssAAA=PricebookEntry:{Id=01u24000002VVAkAAO, IsActive=true, IsDeleted=false, Name=First Partners - Social Media Consultancy, Pricebook2Id=01s24000003Olw1AAC, Product2Id=01t24000002t7ssAAA, ProductCode=FPSMC400, UnitPrice=400.00, UseStandardPrice=false}, 01t24000002t7sxAAA=PricebookEntry:{Id=01u24000002VVAuAAO, IsActive=true, IsDeleted=false, Name=First Partners - Initial Pro-bono Salesforce Healthcheck, Pricebook2Id=01s24000003Olw1AAC, Product2Id=01t24000002t7sxAAA, ProductCode=FPSFHC-PB, UnitPrice=0.00, UseStandardPrice=false}, 01t24000002t81MAAQ=PricebookEntry:{Id=01u24000002VVBTAA4, IsActive=true, IsDeleted=false, Name=First Partners - Donor 3D, Pricebook2Id=01s24000003Olw1AAC, Product2Id=01t24000002t81MAAQ, ProductCode=FPD3D200, UnitPrice=200.00, UseStandardPrice=false}}
01:04:16.0 (92378401)|SYSTEM_METHOD_EXIT|[61]|System.debug(ANY)
01:04:16.0 (92383497)|STATEMENT_EXECUTE|[63]
01:04:16.0 (92395380)|SYSTEM_METHOD_ENTRY|[63]|ApexPages.currentPage()
01:04:16.0 (92469196)|HEAP_ALLOCATE|[63]|Bytes:27
01:04:16.0 (92477180)|SYSTEM_METHOD_EXIT|[63]|ApexPages.currentPage()
01:04:16.0 (92505909)|SYSTEM_METHOD_ENTRY|[63]|System.PageReference.getCookies()
01:04:16.0 (92535560)|HEAP_ALLOCATE|[63]|Bytes:40
01:04:16.0 (92573960)|SYSTEM_METHOD_EXIT|[63]|System.PageReference.getCookies()
01:04:16.0 (92578058)|HEAP_ALLOCATE|[63]|Bytes:11
01:04:16.0 (92594843)|SYSTEM_METHOD_ENTRY|[63]|Map<String,System.Cookie>.get(Object)
01:04:16.0 (92607459)|SYSTEM_METHOD_EXIT|[63]|Map<String,System.Cookie>.get(Object)
01:04:16.0 (92613085)|VARIABLE_SCOPE_BEGIN|[63]|goppIdCookie|System.Cookie|true|false
01:04:16.0 (92682758)|VARIABLE_ASSIGNMENT|[63]|goppIdCookie|"common.apex.api.net.CookieValue@4bb9c21f"|0x4bb9c21f
01:04:16.0 (92686776)|STATEMENT_EXECUTE|[64]
01:04:16.0 (92690612)|HEAP_ALLOCATE|[64]|Bytes:25
01:04:16.0 (92711631)|SYSTEM_METHOD_ENTRY|[64]|String.valueOf(Object)
01:04:16.0 (92872201)|HEAP_ALLOCATE|[64]|Bytes:78
01:04:16.0 (92886436)|SYSTEM_METHOD_EXIT|[64]|String.valueOf(Object)
01:04:16.0 (92892561)|HEAP_ALLOCATE|[64]|Bytes:103
01:04:16.0 (92899407)|SYSTEM_METHOD_ENTRY|[64]|System.debug(ANY)
01:04:16.0 (92904081)|USER_DEBUG|[64]|DEBUG|get cookie opp id value: System.Cookie[oppIdCookie=0069E000002l5KVQAY;path=/;expires=-1;isSecure=false]
01:04:16.0 (92907232)|SYSTEM_METHOD_EXIT|[64]|System.debug(ANY)
01:04:16.0 (92910121)|STATEMENT_EXECUTE|[76]
01:04:16.0 (92921374)|SYSTEM_METHOD_ENTRY|[76]|System.Cookie.getValue()
01:04:16.0 (92936506)|HEAP_ALLOCATE|[76]|Bytes:18
01:04:16.0 (92940041)|SYSTEM_METHOD_EXIT|[76]|System.Cookie.getValue()
01:04:16.0 (92946785)|HEAP_ALLOCATE|[76]|Bytes:4
01:04:16.0 (92957961)|SYSTEM_METHOD_ENTRY|[76]|CommunityProdController.__sfdc_newOpp()
01:04:16.0 (93124513)|VARIABLE_ASSIGNMENT|[EXTERNAL]|this|{"con":"0x3a85a33e","currentUser":"0x6c62da54","currentUserId":"00524000005uNfKAAU","pbEntry":"0x37dda945","prod_pbEntry":"0x1e381963","prodList":"0x1a10b416","prodListDisp":"0x57d1778b"}|0x3209aac8
01:04:16.0 (93137758)|SYSTEM_METHOD_EXIT|[76]|CommunityProdController.__sfdc_newOpp()
01:04:16.0 (93182033)|HEAP_ALLOCATE|[76]|Bytes:41
01:04:16.0 (93373433)|FATAL_ERROR|System.NullPointerException: Attempt to de-reference a null object

Class.CommunityProdController.<init>: line 76, column 1
01:04:16.0 (93452027)|VF_APEX_CALL_END|CommunityProdController <init>
01:04:16.107 (107817102)|CUMULATIVE_PROFILING_BEGIN
01:04:16.107 (107817102)|CUMULATIVE_PROFILING|SOQL operations|
Class.CommunityProdController.<init>: line 38, column 1: [SELECT Id,IsActive,IsDeleted,Name,Pricebook2Id,Product2Id,ProductCode,UnitPrice,UseStandardPrice FROM PricebookEntry WHERE Product2Id = :p.id and isActive = true limit 1]: executed 16 times in 22 ms
Class.CommunityProdController.<init>: line 30, column 1: [SELECT Description,Id,IsActive,Name,DisplayUrl,ProductCode,CommunityProdDetail__c,DisplayOnCommunity__c   FROM Product2 where isActive = true and DisplayOnCommunity__c =true order by name Limit 10 ]: executed 2 times in 5 ms

01:04:16.107 (107817102)|CUMULATIVE_PROFILING|No profiling information for SOSL operations
01:04:16.107 (107817102)|CUMULATIVE_PROFILING|No profiling information for DML operations
01:04:16.107 (107817102)|CUMULATIVE_PROFILING|method invocations|
External entry point: public void <init>(): executed 1 time in 43 ms
Class.CommunityProdController.<init>: line 42, column 1: public Map<Id,PricebookEntry> __sfdc_prod_pbEntry(): executed 24 times in 3 ms
Class.CommunityProdController.<init>: line 22, column 1: public Id __sfdc_currentUserId(): executed 3 times in 3 ms
Class.CommunityProdController.<init>: line 58, column 1: public List<PricebookEntry> __sfdc_pbEntry(): executed 16 times in 2 ms
Class.CommunityProdController.<init>: line 36, column 1: public List<Product2> __sfdc_prodList(): executed 11 times in 1 ms
Class.CommunityProdController.<init>: line 40, column 1: public List<PricebookEntry> __sfdc_pbEntry(): executed 16 times in 1 ms
Class.CommunityProdController.<init>: line 43, column 1: public List<Product2> __sfdc_prodListDisp(): executed 16 times in 1 ms
Class.CommunityProdController.<init>: line 76, column 1: global String getValue(): executed 2 times in 1 ms
Class.CommunityProdController.<init>: line 28, column 1: public void __sfdc_con(Contact): executed 1 time in 1 ms
Class.CommunityProdController.<init>: line 61, column 1: public Map<Id,PricebookEntry> __sfdc_prod_pbEntry(): executed 3 times in 1 ms
Class.CommunityProdController.<init>: line 32, column 1: public void __sfdc_prod_pbEntry(Map<Id,PricebookEntry>): executed 1 time in 0 ms

01:04:16.107 (107817102)|CUMULATIVE_PROFILING_END
