39.0 APEX_CODE,FINEST;APEX_PROFILING,FINEST;CALLOUT,FINEST;DB,FINEST;SYSTEM,FINE;VALIDATION,INFO;VISUALFORCE,FINER;WAVE,INFO;WORKFLOW,FINER
05:34:26.0 (287112)|USER_INFO|[EXTERNAL]|00524000005uNfK|neela@lightful.com.commundev|Line Is. Time|GMT+14:00
05:34:26.0 (312547)|EXECUTION_STARTED
05:34:26.0 (316408)|CODE_UNIT_STARTED|[EXTERNAL]|0669E000000CvHr|VF: /apex/communityCheckout
05:34:26.0 (760602)|VF_DESERIALIZE_VIEWSTATE_BEGIN|0669E000000CvHr
05:34:26.0 (9081939)|HEAP_ALLOCATE|[72]|Bytes:3
05:34:26.0 (9122396)|HEAP_ALLOCATE|[77]|Bytes:152
05:34:26.0 (9135525)|HEAP_ALLOCATE|[342]|Bytes:408
05:34:26.0 (9148999)|HEAP_ALLOCATE|[355]|Bytes:408
05:34:26.0 (9162071)|HEAP_ALLOCATE|[467]|Bytes:48
05:34:26.0 (9188383)|HEAP_ALLOCATE|[139]|Bytes:6
05:34:26.0 (12643037)|VF_DESERIALIZE_VIEWSTATE_END
05:34:26.16 (16686622)|VF_APEX_CALL_START|[EXTERNAL]|/apexpage/pagemessagescomponentcontroller.apex get(severities)
05:34:26.16 (16703274)|SYSTEM_MODE_ENTER|true
05:34:26.16 (16727966)|VF_APEX_CALL_START|[EXTERNAL]|PageMessagesComponentController invoke(getseverities)
05:34:26.16 (16760777)|HEAP_ALLOCATE|[EXTERNAL]|Bytes:38
05:34:26.16 (16768073)|HEAP_ALLOCATE|[EXTERNAL]|Bytes:7
05:34:26.16 (16779651)|SYSTEM_METHOD_ENTRY|[1]|PageMessagesComponentController.PageMessagesComponentController()
05:34:26.16 (16783796)|STATEMENT_EXECUTE|[1]
05:34:26.17 (17564198)|VF_APEX_CALL_START|[EXTERNAL]|/apexpage/pagemessagescomponentcontroller.apex set(conEscape,null)
05:34:26.17 (17572682)|SYSTEM_MODE_ENTER|true
05:34:26.17 (17581582)|VF_APEX_CALL_START|[EXTERNAL]|PageMessagesComponentController set(conEscape,null)
05:34:26.17 (17598423)|VF_APEX_CALL_START|[EXTERNAL]|PageMessagesComponentController invoke(setconEscape)
05:34:26.17 (17617198)|HEAP_ALLOCATE|[EXTERNAL]|Bytes:8
05:34:26.17 (17622489)|VARIABLE_SCOPE_BEGIN|[88]|this|ApexPage.PageMessagesComponentController|true|false
05:34:26.17 (17653918)|VARIABLE_ASSIGNMENT|[88]|this|{}|0x471715d
05:34:26.17 (17656465)|VARIABLE_SCOPE_BEGIN|[88]|escape|Boolean|false|false
05:34:26.17 (17660715)|VARIABLE_ASSIGNMENT|[88]|escape|null
05:34:26.0 (17832510)|VF_APEX_CALL_START|[EXTERNAL]|01p9E000000Dmea|CommunityProdController get(getOLI)
05:34:26.0 (17838107)|SYSTEM_MODE_ENTER|true
05:34:26.0 (17849080)|VF_APEX_CALL_START|[EXTERNAL]|01p9E000000Dmea|getOLI
05:34:26.0 (17858724)|HEAP_ALLOCATE|[EXTERNAL]|Bytes:560
05:34:26.0 (17865349)|HEAP_ALLOCATE|[EXTERNAL]|Bytes:92
05:34:26.0 (17868122)|HEAP_ALLOCATE|[EXTERNAL]|Bytes:35
05:34:26.0 (17874637)|METHOD_ENTRY|[1]|01p9E000000Dmea|CommunityProdController.CommunityProdController()
05:34:26.0 (17877439)|STATEMENT_EXECUTE|[1]
05:34:26.0 (17880758)|STATEMENT_EXECUTE|[1]
05:34:26.0 (17884000)|METHOD_EXIT|[1]|CommunityProdController
05:34:26.0 (17890628)|VF_APEX_CALL_END|getOLI
05:34:26.0 (17907869)|VF_APEX_CALL_END|CommunityProdController get(getOLI)
05:34:26.18 (18249775)|VF_APEX_CALL_START|[EXTERNAL]|/apexpage/pagemessagescomponentcontroller.apex set(conEscape,null)
05:34:26.18 (18257602)|SYSTEM_MODE_ENTER|true
05:34:26.18 (18264952)|VF_APEX_CALL_START|[EXTERNAL]|PageMessagesComponentController set(conEscape,null)
05:34:26.18 (18281972)|VF_APEX_CALL_START|[EXTERNAL]|PageMessagesComponentController invoke(setconEscape)
05:34:26.18 (18299448)|HEAP_ALLOCATE|[EXTERNAL]|Bytes:8
05:34:26.18 (18304050)|VARIABLE_SCOPE_BEGIN|[88]|this|ApexPage.PageMessagesComponentController|true|false
05:34:26.18 (18319539)|VARIABLE_ASSIGNMENT|[88]|this|{}|0x471715d
05:34:26.18 (18321779)|VARIABLE_SCOPE_BEGIN|[88]|escape|Boolean|false|false
05:34:26.18 (18324711)|VARIABLE_ASSIGNMENT|[88]|escape|null
05:34:26.0 (18462690)|VF_APEX_CALL_START|[EXTERNAL]|CommunityProdController set(delOppProdId,00k9E000003HqyRQAS)
05:34:26.0 (18468986)|SYSTEM_MODE_ENTER|true
05:34:26.0 (18475076)|VF_APEX_CALL_START|[EXTERNAL]|CommunityProdController set(delOppProdId,00k9E000003HqyRQAS)
05:34:26.0 (18493372)|HEAP_ALLOCATE|[EXTERNAL]|Bytes:18
05:34:26.0 (18503701)|HEAP_ALLOCATE|[EXTERNAL]|Bytes:104
05:34:26.0 (18517039)|VARIABLE_ASSIGNMENT|[EXTERNAL]|this.delOppProdId|"00k9E000003HqyRQAS"|0x17dffbb3
05:34:26.0 (18522214)|VF_APEX_CALL_END|CommunityProdController set(delOppProdId,00k9E000003HqyRQAS)
05:34:26.0 (18533443)|VF_APEX_CALL_END|CommunityProdController set(delOppProdId,00k9E000003HqyRQAS)
05:34:26.0 (18830549)|VF_APEX_CALL_START|[EXTERNAL]|01p9E000000Dmea|CommunityProdController invoke(deleteOppProd)
05:34:26.0 (18857027)|HEAP_ALLOCATE|[EXTERNAL]|Bytes:104
05:34:26.0 (18863855)|VARIABLE_SCOPE_BEGIN|[146]|this|CommunityProdController|true|false
05:34:26.0 (19153818)|VARIABLE_ASSIGNMENT|[146]|this|{"con":"0x187abfd8","currentUser":"0x46f5c77c","currentUserId":"00524000005uNfKAAU","delOppProdId":"00k9E000003HqyRQAS","getOLI":"0x12dd0930","newOpp":"0x64ebe56f","oppValueSummary":"0x29220255","pbEntry":"0x4104fe2a","prod_pbEntry":"0x3b6aebb3","prodList":"0x11a12c","prodListDisp":"0x39983bd1"}|0x17dffbb3
05:34:26.0 (19163936)|STATEMENT_EXECUTE|[147]
05:34:26.0 (19165458)|STATEMENT_EXECUTE|[148]
05:34:26.0 (19168803)|HEAP_ALLOCATE|[148]|Bytes:18
05:34:26.0 (19182116)|SYSTEM_METHOD_ENTRY|[148]|CommunityProdController.__sfdc_delOppProdId()
05:34:26.0 (19322407)|VARIABLE_ASSIGNMENT|[EXTERNAL]|this|{"con":"0x187abfd8","currentUser":"0x46f5c77c","currentUserId":"00524000005uNfKAAU","delOppProdId":"00k9E000003HqyRQAS","getOLI":"0x12dd0930","newOpp":"0x64ebe56f","oppValueSummary":"0x29220255","pbEntry":"0x4104fe2a","prod_pbEntry":"0x3b6aebb3","prodList":"0x11a12c","prodListDisp":"0x39983bd1"}|0x17dffbb3
05:34:26.0 (19333843)|SYSTEM_METHOD_EXIT|[148]|CommunityProdController.__sfdc_delOppProdId()
05:34:26.0 (19353024)|HEAP_ALLOCATE|[148]|Bytes:36
05:34:26.0 (19372119)|SYSTEM_METHOD_ENTRY|[148]|System.debug(ANY)
05:34:26.0 (19380437)|USER_DEBUG|[148]|DEBUG|del opp prod id : 00k9E000003HqyRQAS
05:34:26.0 (19384254)|SYSTEM_METHOD_EXIT|[148]|System.debug(ANY)
05:34:26.0 (19386962)|STATEMENT_EXECUTE|[149]
05:34:26.0 (19389875)|HEAP_ALLOCATE|[149]|Bytes:27
05:34:26.0 (19397180)|SYSTEM_METHOD_ENTRY|[149]|CommunityProdController.__sfdc_getOLI()
05:34:26.0 (19531184)|VARIABLE_ASSIGNMENT|[EXTERNAL]|this|{"con":"0x187abfd8","currentUser":"0x46f5c77c","currentUserId":"00524000005uNfKAAU","delOppProdId":"00k9E000003HqyRQAS","getOLI":"0x12dd0930","newOpp":"0x64ebe56f","oppValueSummary":"0x29220255","pbEntry":"0x4104fe2a","prod_pbEntry":"0x3b6aebb3","prodList":"0x11a12c","prodListDisp":"0x39983bd1"}|0x17dffbb3
05:34:26.0 (19541047)|SYSTEM_METHOD_EXIT|[149]|CommunityProdController.__sfdc_getOLI()
05:34:26.0 (19566019)|SYSTEM_METHOD_ENTRY|[149]|String.valueOf(Object)
05:34:26.0 (19780727)|HEAP_ALLOCATE|[149]|Bytes:819
05:34:26.0 (19794956)|SYSTEM_METHOD_EXIT|[149]|String.valueOf(Object)
05:34:26.0 (19802034)|HEAP_ALLOCATE|[149]|Bytes:846
05:34:26.0 (19809675)|SYSTEM_METHOD_ENTRY|[149]|System.debug(ANY)
05:34:26.0 (19814228)|USER_DEBUG|[149]|DEBUG|getOLI values before delete(OpportunityLineItem:{Id=00k9E000003HqyMQAS, ListPrice=0.00, Name=Opp_null_1490613688425 First Partners - Monthly Pro-bono Workshops, OpportunityId=0069E000002lBcbQAE, Product2Id=01t24000002t7rpAAA, ProductCode=FPMWS-PB, Quantity=1.00, TotalPrice=0.00, UnitPrice=0.00}, OpportunityLineItem:{Id=00k9E000003HqyCQAS, ListPrice=600.00, Name=Opp_null_1490613688425 First Partners - Multiple Seats Social Only, OpportunityId=0069E000002lBcbQAE, Product2Id=01t24000002t7jvAAA, ProductCode=FPMSO600, Quantity=1.00, TotalPrice=600.00, UnitPrice=600.00}, OpportunityLineItem:{Id=00k9E000003HqyRQAS, ListPrice=600.00, Name=Opp_null_1490613688425 First Partners - Multiple Seats Social Only, OpportunityId=0069E000002lBcbQAE, Product2Id=01t24000002t7jvAAA, ProductCode=FPMSO600, Quantity=1.00, TotalPrice=600.00, UnitPrice=600.00})
05:34:26.0 (19820806)|SYSTEM_METHOD_EXIT|[149]|System.debug(ANY)
05:34:26.0 (19823954)|STATEMENT_EXECUTE|[151]
05:34:26.0 (19826607)|HEAP_ALLOCATE|[151]|Bytes:144
05:34:26.0 (19834014)|HEAP_ALLOCATE|[151]|Bytes:4
05:34:26.0 (19841408)|HEAP_ALLOCATE|[151]|Bytes:7
05:34:26.0 (19846117)|SYSTEM_METHOD_ENTRY|[151]|CommunityProdController.__sfdc_delOppProdId()
05:34:26.0 (19990577)|VARIABLE_ASSIGNMENT|[EXTERNAL]|this|{"con":"0x187abfd8","currentUser":"0x46f5c77c","currentUserId":"00524000005uNfKAAU","delOppProdId":"00k9E000003HqyRQAS","getOLI":"0x12dd0930","newOpp":"0x64ebe56f","oppValueSummary":"0x29220255","pbEntry":"0x4104fe2a","prod_pbEntry":"0x3b6aebb3","prodList":"0x11a12c","prodListDisp":"0x39983bd1"}|0x17dffbb3
05:34:26.0 (19999679)|SYSTEM_METHOD_EXIT|[151]|CommunityProdController.__sfdc_delOppProdId()
05:34:26.0 (20296363)|SOQL_EXECUTE_BEGIN|[151]|Aggregations:0|SELECT Id, ListPrice, Name, OpportunityId, Product2Id, ProductCode, Quantity, TotalPrice, UnitPrice FROM OpportunityLineItem WHERE id = :tmpVar1
05:34:26.0 (20305132)|LIMIT_USAGE|[151]|SOQL|1|100
05:34:26.0 (20313909)|LIMIT_USAGE|[151]|AGGS|0|300
05:34:26.0 (23534976)|SOQL_EXECUTE_END|[151]|Rows:1
05:34:26.0 (23542383)|LIMIT_USAGE|[151]|SOQL_ROWS|1|50000
05:34:26.0 (23553867)|HEAP_ALLOCATE|[151]|Bytes:8
05:34:26.0 (23573024)|HEAP_ALLOCATE|[151]|Bytes:389
05:34:26.0 (23598262)|HEAP_ALLOCATE|[151]|Bytes:8
05:34:26.0 (23607363)|HEAP_ALLOCATE|[151]|Bytes:45
05:34:26.0 (23653086)|HEAP_ALLOCATE|[151]|Bytes:40
05:34:26.0 (23674832)|SYSTEM_METHOD_ENTRY|[151]|CommunityProdController.__sfdc_delOppProd(OpportunityLineItem)
05:34:26.0 (23832938)|VARIABLE_ASSIGNMENT|[EXTERNAL]|this|{"con":"0x187abfd8","currentUser":"0x46f5c77c","currentUserId":"00524000005uNfKAAU","delOppProdId":"00k9E000003HqyRQAS","getOLI":"0x12dd0930","newOpp":"0x64ebe56f","oppValueSummary":"0x29220255","pbEntry":"0x4104fe2a","prod_pbEntry":"0x3b6aebb3","prodList":"0x11a12c","prodListDisp":"0x39983bd1"}|0x17dffbb3
05:34:26.0 (23853610)|VARIABLE_ASSIGNMENT|[EXTERNAL]|value|{"Id":"00k9E000003HqyRQAS","ListPrice":600.00,"Name":"Opp_null_14906136884 (46 more) ...","OpportunityId":"0069E000002lBcbQAE","Product2Id":"01t24000002t7jvAAA","ProductCode":"FPMSO600","Quantity":1.00,"TotalPrice":600.00,"UnitPrice":600.00}|0x3d91cb07
05:34:26.0 (23870362)|VARIABLE_ASSIGNMENT|[22]|this.delOppProd|{"Id":"00k9E000003HqyRQAS","ListPrice":600.00,"Name":"Opp_null_14906136884 (46 more) ...","OpportunityId":"0069E000002lBcbQAE","Product2Id":"01t24000002t7jvAAA","ProductCode":"FPMSO600","Quantity":1.00,"TotalPrice":600.00,"UnitPrice":600.00}|0x17dffbb3
05:34:26.0 (23879434)|SYSTEM_METHOD_EXIT|[151]|CommunityProdController.__sfdc_delOppProd(OpportunityLineItem)
05:34:26.0 (23885218)|STATEMENT_EXECUTE|[153]
05:34:26.0 (23900144)|SYSTEM_METHOD_ENTRY|[153]|CommunityProdController.__sfdc_delOppProd()
05:34:26.0 (24069033)|VARIABLE_ASSIGNMENT|[EXTERNAL]|this|{"con":"0x187abfd8","currentUser":"0x46f5c77c","currentUserId":"00524000005uNfKAAU","delOppProd":"0x3d91cb07","delOppProdId":"00k9E000003HqyRQAS","getOLI":"0x12dd0930","newOpp":"0x64ebe56f","oppValueSummary":"0x29220255","pbEntry":"0x4104fe2a","prod_pbEntry":"0x3b6aebb3","prodList":"0x11a12c","prodListDisp":"0x39983bd1"}|0x17dffbb3
05:34:26.0 (24081473)|SYSTEM_METHOD_EXIT|[153]|CommunityProdController.__sfdc_delOppProd()
05:34:26.0 (24100418)|HEAP_ALLOCATE|[153]|Bytes:8
05:34:26.0 (24110882)|HEAP_ALLOCATE|[153]|Bytes:8
05:34:26.0 (24116271)|DML_BEGIN|[153]|Op:Delete|Type:OpportunityLineItem|Rows:1
05:34:26.0 (24122159)|LIMIT_USAGE|[153]|DML|1|150
05:34:26.0 (24128639)|LIMIT_USAGE|[153]|DML_ROWS|1|10000
05:34:26.0 (24140367)|HEAP_ALLOCATE|[EXTERNAL]|Bytes:8
05:34:26.0 (104908675)|DML_END|[153]
05:34:26.0 (104930475)|STATEMENT_EXECUTE|[156]
05:34:26.0 (104946668)|SYSTEM_METHOD_ENTRY|[156]|CommunityProdController.__sfdc_getOLI()
05:34:26.0 (105167870)|VARIABLE_ASSIGNMENT|[EXTERNAL]|this|{"con":"0x187abfd8","currentUser":"0x46f5c77c","currentUserId":"00524000005uNfKAAU","delOppProd":"0x3d91cb07","delOppProdId":"00k9E000003HqyRQAS","getOLI":"0x12dd0930","newOpp":"0x64ebe56f","oppValueSummary":"0x29220255","pbEntry":"0x4104fe2a","prod_pbEntry":"0x3b6aebb3","prodList":"0x11a12c","prodListDisp":"0x39983bd1"}|0x17dffbb3
05:34:26.0 (105180071)|SYSTEM_METHOD_EXIT|[156]|CommunityProdController.__sfdc_getOLI()
05:34:26.0 (105193080)|SYSTEM_METHOD_ENTRY|[156]|List<OpportunityLineItem>.clear()
05:34:26.0 (105200120)|SYSTEM_METHOD_EXIT|[156]|List<OpportunityLineItem>.clear()
05:34:26.0 (105202495)|STATEMENT_EXECUTE|[157]
05:34:26.0 (105209179)|HEAP_ALLOCATE|[157]|Bytes:155
05:34:26.0 (105218793)|HEAP_ALLOCATE|[157]|Bytes:4
05:34:26.0 (105232745)|SYSTEM_METHOD_ENTRY|[157]|CommunityProdController.__sfdc_newOpp()
05:34:26.0 (105372867)|VARIABLE_ASSIGNMENT|[EXTERNAL]|this|{"con":"0x187abfd8","currentUser":"0x46f5c77c","currentUserId":"00524000005uNfKAAU","delOppProd":"0x3d91cb07","delOppProdId":"00k9E000003HqyRQAS","getOLI":"0x12dd0930","newOpp":"0x64ebe56f","oppValueSummary":"0x29220255","pbEntry":"0x4104fe2a","prod_pbEntry":"0x3b6aebb3","prodList":"0x11a12c","prodListDisp":"0x39983bd1"}|0x17dffbb3
05:34:26.0 (105384713)|SYSTEM_METHOD_EXIT|[157]|CommunityProdController.__sfdc_newOpp()
05:34:26.0 (105739305)|SOQL_EXECUTE_BEGIN|[157]|Aggregations:0|SELECT Id, ListPrice, Name, OpportunityId, Product2Id, ProductCode, Quantity, TotalPrice, UnitPrice FROM OpportunityLineItem WHERE opportunityId = :tmpVar1
05:34:26.0 (105747806)|LIMIT_USAGE|[157]|SOQL|2|100
05:34:26.0 (105759859)|LIMIT_USAGE|[157]|AGGS|0|300
05:34:26.0 (110333479)|SOQL_EXECUTE_END|[157]|Rows:2
05:34:26.0 (110340447)|LIMIT_USAGE|[157]|SOQL_ROWS|3|50000
05:34:26.0 (110352504)|HEAP_ALLOCATE|[157]|Bytes:12
05:34:26.0 (110376191)|HEAP_ALLOCATE|[157]|Bytes:778
05:34:26.0 (110393934)|HEAP_ALLOCATE|[157]|Bytes:12
05:34:26.0 (110422030)|SYSTEM_METHOD_ENTRY|[157]|CommunityProdController.__sfdc_getOLI(List<OpportunityLineItem>)
05:34:26.0 (110569637)|VARIABLE_ASSIGNMENT|[EXTERNAL]|this|{"con":"0x187abfd8","currentUser":"0x46f5c77c","currentUserId":"00524000005uNfKAAU","delOppProd":"0x3d91cb07","delOppProdId":"00k9E000003HqyRQAS","getOLI":"0x12dd0930","newOpp":"0x64ebe56f","oppValueSummary":"0x29220255","pbEntry":"0x4104fe2a","prod_pbEntry":"0x3b6aebb3","prodList":"0x11a12c","prodListDisp":"0x39983bd1"}|0x17dffbb3
05:34:26.0 (110599918)|VARIABLE_ASSIGNMENT|[EXTERNAL]|value|[{"Id":"00k9E000003HqyMQAS","ListPrice":0.00,"Name":"Opp_null_14906136884 (46 more) ...","OpportunityId":"0069E000002lBcbQAE","Product2Id":"01t24000002t7rpAAA","ProductCode":"FPMWS-PB","Quantity":1.00,"TotalPrice":0.00,"UnitPrice":0.00},{"Id":"00k9E000003HqyCQAS","ListPrice":600.00,"Name":"Opp_null_14906136884 (46 more) ...","OpportunityId":"0069E000002lBcbQAE","Product2Id":"01t24000002t7jvAAA","ProductCode":"FPMSO600","Quantity":1.00,"TotalPrice":600.00,"UnitPrice":600.00}]|0x5e72dcee
05:34:26.0 (110623927)|VARIABLE_ASSIGNMENT|[9]|this.getOLI|[{"Id":"00k9E000003HqyMQAS","ListPrice":0.00,"Name":"Opp_null_14906136884 (46 more) ...","OpportunityId":"0069E000002lBcbQAE","Product2Id":"01t24000002t7rpAAA","ProductCode":"FPMWS-PB","Quantity":1.00,"TotalPrice":0.00,"UnitPrice":0.00},{"Id":"00k9E000003HqyCQAS","ListPrice":600.00,"Name":"Opp_null_14906136884 (46 more) ...","OpportunityId":"0069E000002lBcbQAE","Product2Id":"01t24000002t7jvAAA","ProductCode":"FPMSO600","Quantity":1.00,"TotalPrice":600.00,"UnitPrice":600.00}]|0x17dffbb3
05:34:26.0 (110632731)|SYSTEM_METHOD_EXIT|[157]|CommunityProdController.__sfdc_getOLI(List<OpportunityLineItem>)
05:34:26.0 (110636703)|STATEMENT_EXECUTE|[159]
05:34:26.0 (110640978)|HEAP_ALLOCATE|[159]|Bytes:129
05:34:26.0 (110647238)|HEAP_ALLOCATE|[159]|Bytes:4
05:34:26.0 (110655432)|SYSTEM_METHOD_ENTRY|[159]|CommunityProdController.__sfdc_newOpp()
05:34:26.0 (110790171)|VARIABLE_ASSIGNMENT|[EXTERNAL]|this|{"con":"0x187abfd8","currentUser":"0x46f5c77c","currentUserId":"00524000005uNfKAAU","delOppProd":"0x3d91cb07","delOppProdId":"00k9E000003HqyRQAS","getOLI":"0x5e72dcee","newOpp":"0x64ebe56f","oppValueSummary":"0x29220255","pbEntry":"0x4104fe2a","prod_pbEntry":"0x3b6aebb3","prodList":"0x11a12c","prodListDisp":"0x39983bd1"}|0x17dffbb3
05:34:26.0 (110799828)|SYSTEM_METHOD_EXIT|[159]|CommunityProdController.__sfdc_newOpp()
05:34:26.0 (111026955)|SOQL_EXECUTE_BEGIN|[159]|Aggregations:0|SELECT AccountId, Amount, Amount_VAT__c, CloseDate, Description, Id, Name, StageName, VAT__c FROM Opportunity WHERE id = :tmpVar1
05:34:26.0 (111033103)|LIMIT_USAGE|[159]|SOQL|3|100
05:34:26.0 (111039843)|LIMIT_USAGE|[159]|AGGS|0|300
05:34:26.0 (122040967)|SOQL_EXECUTE_END|[159]|Rows:1
05:34:26.0 (122047270)|LIMIT_USAGE|[159]|SOQL_ROWS|4|50000
05:34:26.0 (122058999)|HEAP_ALLOCATE|[159]|Bytes:8
05:34:26.0 (122068499)|HEAP_ALLOCATE|[159]|Bytes:245
05:34:26.0 (122115633)|HEAP_ALLOCATE|[159]|Bytes:8
05:34:26.0 (122124870)|HEAP_ALLOCATE|[159]|Bytes:37
05:34:26.0 (122175107)|HEAP_ALLOCATE|[159]|Bytes:32
05:34:26.0 (122198009)|SYSTEM_METHOD_ENTRY|[159]|CommunityProdController.__sfdc_oppValueSummary(Opportunity)
05:34:26.0 (122344672)|VARIABLE_ASSIGNMENT|[EXTERNAL]|this|{"con":"0x187abfd8","currentUser":"0x46f5c77c","currentUserId":"00524000005uNfKAAU","delOppProd":"0x3d91cb07","delOppProdId":"00k9E000003HqyRQAS","getOLI":"0x5e72dcee","newOpp":"0x64ebe56f","oppValueSummary":"0x29220255","pbEntry":"0x4104fe2a","prod_pbEntry":"0x3b6aebb3","prodList":"0x11a12c","prodListDisp":"0x39983bd1"}|0x17dffbb3
05:34:26.0 (122394142)|VARIABLE_ASSIGNMENT|[EXTERNAL]|value|{"Amount":600.00,"Amount_VAT__c":720.00,"CloseDate":"2017-04-28T00:00:00.000Z","Id":"0069E000002lBcbQAE","Name":"Opp_null_14906136884 (2 more) ...","StageName":"Prospecting","VAT__c":120.00}|0x1211a525
05:34:26.0 (122415074)|VARIABLE_ASSIGNMENT|[12]|this.oppValueSummary|{"Amount":600.00,"Amount_VAT__c":720.00,"CloseDate":"2017-04-28T00:00:00.000Z","Id":"0069E000002lBcbQAE","Name":"Opp_null_14906136884 (2 more) ...","StageName":"Prospecting","VAT__c":120.00}|0x17dffbb3
05:34:26.0 (122423278)|SYSTEM_METHOD_EXIT|[159]|CommunityProdController.__sfdc_oppValueSummary(Opportunity)
05:34:26.0 (188973143)|VF_APEX_CALL_END|CommunityProdController invoke(deleteOppProd)
05:34:26.197 (197997097)|VF_APEX_CALL_START|[EXTERNAL]|/apexpage/pagemessagescomponentcontroller.apex set(conEscape,null)
05:34:26.197 (198017366)|SYSTEM_MODE_ENTER|true
05:34:26.197 (198029770)|VF_APEX_CALL_START|[EXTERNAL]|PageMessagesComponentController set(conEscape,null)
05:34:26.197 (198056008)|VF_APEX_CALL_START|[EXTERNAL]|PageMessagesComponentController invoke(setconEscape)
05:34:26.197 (198094259)|HEAP_ALLOCATE|[EXTERNAL]|Bytes:8
05:34:26.197 (198106368)|VARIABLE_SCOPE_BEGIN|[88]|this|ApexPage.PageMessagesComponentController|true|false
05:34:26.197 (198142865)|VARIABLE_ASSIGNMENT|[88]|this|{}|0x471715d
05:34:26.197 (198145879)|VARIABLE_SCOPE_BEGIN|[88]|escape|Boolean|false|false
05:34:26.197 (198150278)|VARIABLE_ASSIGNMENT|[88]|escape|null
05:34:26.198 (198254397)|VF_APEX_CALL_START|[EXTERNAL]|/apexpage/pagemessagescomponentcontroller.apex get(severities)
05:34:26.198 (198262615)|SYSTEM_MODE_ENTER|true
05:34:26.198 (198272512)|VF_APEX_CALL_START|[EXTERNAL]|PageMessagesComponentController invoke(getseverities)
05:34:26.198 (198288271)|HEAP_ALLOCATE|[EXTERNAL]|Bytes:8
05:34:26.198 (198292710)|VARIABLE_SCOPE_BEGIN|[2]|this|ApexPage.PageMessagesComponentController|true|false
05:34:26.198 (198305776)|VARIABLE_ASSIGNMENT|[2]|this|{}|0x471715d
05:34:26.0 (198667300)|VF_APEX_CALL_START|[EXTERNAL]|01p9E000000Dmea|CommunityProdController get(getOLI)
05:34:26.0 (198673498)|SYSTEM_MODE_ENTER|true
05:34:26.0 (198680229)|VF_APEX_CALL_START|[EXTERNAL]|01p9E000000Dmea|getOLI
05:34:26.0 (198690905)|VF_APEX_CALL_END|getOLI
05:34:26.0 (198702256)|VF_APEX_CALL_END|CommunityProdController get(getOLI)
05:34:26.0 (201880078)|VF_APEX_CALL_START|[EXTERNAL]|01p9E000000Dmea|CommunityProdController get(oppValueSummary)
05:34:26.0 (201886331)|SYSTEM_MODE_ENTER|true
05:34:26.0 (201892490)|VF_APEX_CALL_START|[EXTERNAL]|01p9E000000Dmea|oppValueSummary
05:34:26.0 (201907620)|VF_APEX_CALL_END|oppValueSummary
05:34:26.0 (201919845)|VF_APEX_CALL_END|CommunityProdController get(oppValueSummary)
05:34:26.0 (203140854)|VF_SERIALIZE_VIEWSTATE_BEGIN|0669E000000CvHr
05:34:26.0 (206684034)|VF_SERIALIZE_VIEWSTATE_END
05:34:26.209 (209537456)|CUMULATIVE_LIMIT_USAGE
05:34:26.209 (209537456)|LIMIT_USAGE_FOR_NS|(default)|
  Number of SOQL queries: 3 out of 100
  Number of query rows: 4 out of 50000
  Number of SOSL queries: 0 out of 20
  Number of DML statements: 1 out of 150
  Number of DML rows: 1 out of 10000
  Maximum CPU time: 0 out of 10000
  Maximum heap size: 0 out of 6000000
  Number of callouts: 0 out of 100
  Number of Email Invocations: 0 out of 10
  Number of future calls: 0 out of 50
  Number of queueable jobs added to the queue: 0 out of 50
  Number of Mobile Apex push calls: 0 out of 10

05:34:26.209 (209537456)|TOTAL_EMAIL_RECIPIENTS_QUEUED|0
05:34:26.209 (209537456)|STATIC_VARIABLE_LIST|
  char[]:DigitTens:0
  long:serialVersionUID:0
  long:serialVersionUID:0
  double:MAX_VALUE:0
  Boolean:FALSE:0
  long:serialVersionUID:0
  String:__sfdcInnerTypes:0
  double:MIN_VALUE:0
  int:SIZE:0
  double:NEGATIVE_INFINITY:0
  int:MAX_VALUE:0
  char[]:digits:0
  double:NaN:0
  Boolean:TRUE:0
  int:MIN_VALUE:0
  char[]:DigitOnes:0
  String:_sfdcAdditionalCodeLocations:0
  int:BYTES:0
  int:MIN_EXPONENT:0
  int[]:sizeTable:0
  int:MAX_EXPONENT:0
  String:_sfdcAdditionalCodeLocations:0
  String:_sfdcSuppressedCodeLocations:0
  int:SIZE:0
  double:POSITIVE_INFINITY:0
  String:__sfdcProperties:0
  double:MIN_NORMAL:0
  int:BYTES:0

05:34:26.209 (209537456)|CUMULATIVE_LIMIT_USAGE_END

05:34:26.0 (209670506)|CODE_UNIT_FINISHED|VF: /apex/communityCheckout
05:34:26.0 (210825657)|EXECUTION_FINISHED
05:34:26.212 (212767895)|CUMULATIVE_PROFILING_BEGIN
05:34:26.212 (212767895)|CUMULATIVE_PROFILING|No profiling information for SOQL operations
05:34:26.212 (212767895)|CUMULATIVE_PROFILING|No profiling information for SOSL operations
05:34:26.212 (212767895)|CUMULATIVE_PROFILING|No profiling information for DML operations
05:34:26.212 (212767895)|CUMULATIVE_PROFILING|method invocations|
External entry point: public void deleteOppProd(): executed 1 time in 104 ms
Class.CommunityProdController.deleteOppProd: line 153, column 1: public OpportunityLineItem __sfdc_delOppProd(): executed 2 times in 81 ms
Class.CommunityProdController.deleteOppProd: line 159, column 1: public Opportunity __sfdc_newOpp(): executed 3 times in 12 ms
Class.CommunityProdController.deleteOppProd: line 157, column 1: public Opportunity __sfdc_newOpp(): executed 3 times in 6 ms
Class.CommunityProdController.deleteOppProd: line 151, column 1: public String __sfdc_delOppProdId(): executed 3 times in 4 ms
Class.CommunityProdController.deleteOppProd: line 148, column 1: public String __sfdc_delOppProdId(): executed 2 times in 1 ms
Class.CommunityProdController.deleteOppProd: line 149, column 1: public List<OpportunityLineItem> __sfdc_getOLI(): executed 3 times in 0 ms
Class.CommunityProdController.deleteOppProd: line 156, column 1: public List<OpportunityLineItem> __sfdc_getOLI(): executed 2 times in 0 ms

05:34:26.212 (212767895)|CUMULATIVE_PROFILING_END
