39.0 APEX_CODE,FINEST;APEX_PROFILING,FINEST;CALLOUT,FINEST;DB,FINEST;SYSTEM,FINE;VALIDATION,INFO;VISUALFORCE,FINER;WAVE,INFO;WORKFLOW,FINER
23:54:42.0 (257491)|USER_INFO|[EXTERNAL]|00524000005uNfK|neela@lightful.com.commundev|Line Is. Time|GMT+14:00
23:54:42.0 (274136)|EXECUTION_STARTED
23:54:42.0 (277065)|CODE_UNIT_STARTED|[EXTERNAL]|0669E000000Cv0R|VF: /apex/communityCaseMgmt
23:54:42.0 (696278)|VF_DESERIALIZE_VIEWSTATE_BEGIN|0669E000000Cv0R
23:54:42.0 (4630728)|HEAP_ALLOCATE|[72]|Bytes:3
23:54:42.0 (4651572)|HEAP_ALLOCATE|[77]|Bytes:152
23:54:42.0 (4661243)|HEAP_ALLOCATE|[342]|Bytes:408
23:54:42.0 (4674358)|HEAP_ALLOCATE|[355]|Bytes:408
23:54:42.0 (4686619)|HEAP_ALLOCATE|[467]|Bytes:48
23:54:42.0 (4706944)|HEAP_ALLOCATE|[139]|Bytes:6
23:54:42.0 (5606776)|HEAP_ALLOCATE|[50]|Bytes:5
23:54:42.0 (5623541)|HEAP_ALLOCATE|[56]|Bytes:5
23:54:42.0 (5631170)|HEAP_ALLOCATE|[64]|Bytes:7
23:54:42.0 (8265063)|VF_DESERIALIZE_VIEWSTATE_END
23:54:42.10 (10916759)|VF_APEX_CALL_START|[EXTERNAL]|/apexpage/pagemessagescomponentcontroller.apex get(severities)
23:54:42.10 (10927705)|SYSTEM_MODE_ENTER|true
23:54:42.10 (10946091)|VF_APEX_CALL_START|[EXTERNAL]|PageMessagesComponentController invoke(getseverities)
23:54:42.10 (10967342)|HEAP_ALLOCATE|[EXTERNAL]|Bytes:38
23:54:42.10 (10973499)|HEAP_ALLOCATE|[EXTERNAL]|Bytes:7
23:54:42.10 (10981242)|SYSTEM_METHOD_ENTRY|[1]|PageMessagesComponentController.PageMessagesComponentController()
23:54:42.10 (10984501)|STATEMENT_EXECUTE|[1]
23:54:42.11 (11579349)|VF_APEX_CALL_START|[EXTERNAL]|/apexpage/pagemessagescomponentcontroller.apex set(conEscape,null)
23:54:42.11 (11588397)|SYSTEM_MODE_ENTER|true
23:54:42.11 (11596061)|VF_APEX_CALL_START|[EXTERNAL]|PageMessagesComponentController set(conEscape,null)
23:54:42.11 (11611886)|VF_APEX_CALL_START|[EXTERNAL]|PageMessagesComponentController invoke(setconEscape)
23:54:42.11 (11629340)|HEAP_ALLOCATE|[EXTERNAL]|Bytes:8
23:54:42.11 (11634418)|VARIABLE_SCOPE_BEGIN|[88]|this|ApexPage.PageMessagesComponentController|true|false
23:54:42.11 (11666228)|VARIABLE_ASSIGNMENT|[88]|this|{}|0x70d8a36e
23:54:42.11 (11668576)|VARIABLE_SCOPE_BEGIN|[88]|escape|Boolean|false|false
23:54:42.11 (11673086)|VARIABLE_ASSIGNMENT|[88]|escape|null
23:54:42.0 (11801133)|VF_APEX_CALL_START|[EXTERNAL]|01p9E000000Dmpd|communityCaseMgmtController get(myCases)
23:54:42.0 (11806915)|SYSTEM_MODE_ENTER|true
23:54:42.0 (11816061)|VF_APEX_CALL_START|[EXTERNAL]|01p9E000000Dmpd|myCases
23:54:42.0 (11825176)|HEAP_ALLOCATE|[EXTERNAL]|Bytes:412
23:54:42.0 (11832547)|HEAP_ALLOCATE|[EXTERNAL]|Bytes:76
23:54:42.0 (11835237)|HEAP_ALLOCATE|[EXTERNAL]|Bytes:27
23:54:42.0 (11841068)|METHOD_ENTRY|[1]|01p9E000000Dmpd|communityCaseMgmtController.communityCaseMgmtController()
23:54:42.0 (11843510)|STATEMENT_EXECUTE|[1]
23:54:42.0 (11846528)|STATEMENT_EXECUTE|[1]
23:54:42.0 (11849858)|METHOD_EXIT|[1]|communityCaseMgmtController
23:54:42.0 (11856179)|VF_APEX_CALL_END|myCases
23:54:42.0 (11867552)|VF_APEX_CALL_END|communityCaseMgmtController get(myCases)
23:54:42.0 (12099229)|VF_APEX_CALL_START|[EXTERNAL]|01p9E000000Dmpd|communityCaseMgmtController get(relatedAccId)
23:54:42.0 (12104916)|SYSTEM_MODE_ENTER|true
23:54:42.0 (12110331)|VF_APEX_CALL_START|[EXTERNAL]|01p9E000000Dmpd|relatedAccId
23:54:42.0 (12117860)|VF_APEX_CALL_END|relatedAccId
23:54:42.0 (12128138)|VF_APEX_CALL_END|communityCaseMgmtController get(relatedAccId)
23:54:42.0 (12201143)|VF_EVALUATE_FORMULA_BEGIN|0669E000000Cv0R|#{myOrgCases[accid]}
23:54:42.0 (12252623)|VF_APEX_CALL_START|[EXTERNAL]|01p9E000000Dmpd|communityCaseMgmtController get(myOrgCases)
23:54:42.0 (12257002)|SYSTEM_MODE_ENTER|true
23:54:42.0 (12262320)|VF_APEX_CALL_START|[EXTERNAL]|01p9E000000Dmpd|myOrgCases
23:54:42.0 (12269977)|VF_APEX_CALL_END|myOrgCases
23:54:42.0 (12279193)|VF_APEX_CALL_END|communityCaseMgmtController get(myOrgCases)
23:54:42.0 (12344440)|VF_EVALUATE_FORMULA_END
23:54:42.0 (12353480)|VF_EVALUATE_FORMULA_BEGIN|0669E000000Cv0R|#{myOrgCases[accid]}
23:54:42.0 (12373250)|VF_EVALUATE_FORMULA_END
23:54:42.0 (12438320)|VF_EVALUATE_FORMULA_BEGIN|0669E000000Cv0R|#{myOrgCases[accid]}
23:54:42.0 (12471101)|VF_EVALUATE_FORMULA_END
23:54:42.0 (12476453)|VF_EVALUATE_FORMULA_BEGIN|0669E000000Cv0R|#{myOrgCases[accid]}
23:54:42.0 (12490300)|VF_EVALUATE_FORMULA_END
23:54:42.0 (12676100)|VF_APEX_CALL_START|[EXTERNAL]|01p9E000000Dmpd|communityCaseMgmtController get(newcaseOwner)
23:54:42.0 (12681536)|SYSTEM_MODE_ENTER|true
23:54:42.0 (12687647)|VF_APEX_CALL_START|[EXTERNAL]|01p9E000000Dmpd|newcaseOwner
23:54:42.0 (12695852)|VF_APEX_CALL_END|newcaseOwner
23:54:42.0 (12707601)|VF_APEX_CALL_END|communityCaseMgmtController get(newcaseOwner)
23:54:42.0 (15879078)|VF_APEX_CALL_START|[EXTERNAL]|01p9E000000Dmpd|communityCaseMgmtController get(newCase)
23:54:42.0 (15886115)|SYSTEM_MODE_ENTER|true
23:54:42.0 (15892581)|VF_APEX_CALL_START|[EXTERNAL]|01p9E000000Dmpd|newCase
23:54:42.0 (15901445)|VF_APEX_CALL_END|newCase
23:54:42.0 (15912897)|VF_APEX_CALL_END|communityCaseMgmtController get(newCase)
23:54:42.0 (19183188)|VF_EVALUATE_FORMULA_BEGIN|0669E000000Cv0R|#{myOrgCases[accid]}
23:54:42.0 (19216046)|VF_EVALUATE_FORMULA_END
23:54:42.0 (19222138)|VF_EVALUATE_FORMULA_BEGIN|0669E000000Cv0R|#{myOrgCases[accid]}
23:54:42.0 (19235118)|VF_EVALUATE_FORMULA_END
23:54:42.20 (20453578)|VF_APEX_CALL_START|[EXTERNAL]|/apexpage/pagemessagescomponentcontroller.apex set(conEscape,null)
23:54:42.20 (20463701)|SYSTEM_MODE_ENTER|true
23:54:42.20 (20471561)|VF_APEX_CALL_START|[EXTERNAL]|PageMessagesComponentController set(conEscape,null)
23:54:42.20 (20488620)|VF_APEX_CALL_START|[EXTERNAL]|PageMessagesComponentController invoke(setconEscape)
23:54:42.20 (20514164)|HEAP_ALLOCATE|[EXTERNAL]|Bytes:8
23:54:42.20 (20520918)|VARIABLE_SCOPE_BEGIN|[88]|this|ApexPage.PageMessagesComponentController|true|false
23:54:42.20 (20559043)|VARIABLE_ASSIGNMENT|[88]|this|{}|0x70d8a36e
23:54:42.20 (20562147)|VARIABLE_SCOPE_BEGIN|[88]|escape|Boolean|false|false
23:54:42.20 (20566410)|VARIABLE_ASSIGNMENT|[88]|escape|null
23:54:42.0 (21363698)|VF_APEX_CALL_START|[EXTERNAL]|communityCaseMgmtController set(qViewCaseId,5009E000001w1IMQAY)
23:54:42.0 (21369989)|SYSTEM_MODE_ENTER|true
23:54:42.0 (21376859)|VF_APEX_CALL_START|[EXTERNAL]|communityCaseMgmtController set(qViewCaseId,5009E000001w1IMQAY)
23:54:42.0 (21390801)|HEAP_ALLOCATE|[EXTERNAL]|Bytes:4
23:54:42.0 (21393974)|HEAP_ALLOCATE|[EXTERNAL]|Bytes:72
23:54:42.0 (21520108)|VARIABLE_ASSIGNMENT|[EXTERNAL]|this.qViewCaseId|"5009E000001w1IMQAY"|0x33daf518
23:54:42.0 (21528437)|VF_APEX_CALL_END|communityCaseMgmtController set(qViewCaseId,5009E000001w1IMQAY)
23:54:42.0 (21541850)|VF_APEX_CALL_END|communityCaseMgmtController set(qViewCaseId,5009E000001w1IMQAY)
23:54:42.0 (21761041)|VF_APEX_CALL_START|[EXTERNAL]|01p9E000000Dmpd|communityCaseMgmtController invoke(quickViewCase)
23:54:42.0 (21782081)|HEAP_ALLOCATE|[EXTERNAL]|Bytes:72
23:54:42.0 (21787458)|VARIABLE_SCOPE_BEGIN|[137]|this|communityCaseMgmtController|true|false
23:54:42.0 (21959823)|VARIABLE_ASSIGNMENT|[137]|this|{"accCaseCount":"0x8cea02e","accName":"0x790fc22a","con":"0x23bbf7af","conRelatedAccsList":"0x4d25c96c","currentUser":"0x3097cf36","currentUserId":"00524000005uNfKAAU","myCases":"0x378e559c","myOrgCases":"0x3021c2ec","newCase":"0x4bf4ca4d","newCaseOwner":"0x287914f6","qViewCaseId":"5009E000001w1IMQAY","relatedAccId":"0x59ca87a","showCreateCase":false}|0x33daf518
23:54:42.0 (21970677)|STATEMENT_EXECUTE|[138]
23:54:42.0 (21972327)|STATEMENT_EXECUTE|[139]
23:54:42.0 (21976281)|HEAP_ALLOCATE|[139]|Bytes:19
23:54:42.0 (21990164)|SYSTEM_METHOD_ENTRY|[139]|communityCaseMgmtController.__sfdc_qViewCaseId()
23:54:42.0 (22127255)|VARIABLE_ASSIGNMENT|[EXTERNAL]|this|{"accCaseCount":"0x8cea02e","accName":"0x790fc22a","con":"0x23bbf7af","conRelatedAccsList":"0x4d25c96c","currentUser":"0x3097cf36","currentUserId":"00524000005uNfKAAU","myCases":"0x378e559c","myOrgCases":"0x3021c2ec","newCase":"0x4bf4ca4d","newCaseOwner":"0x287914f6","qViewCaseId":"5009E000001w1IMQAY","relatedAccId":"0x59ca87a","showCreateCase":false}|0x33daf518
23:54:42.0 (22139463)|SYSTEM_METHOD_EXIT|[139]|communityCaseMgmtController.__sfdc_qViewCaseId()
23:54:42.0 (22173811)|SYSTEM_METHOD_ENTRY|[139]|String.valueOf(Object)
23:54:42.0 (22179306)|HEAP_ALLOCATE|[139]|Bytes:18
23:54:42.0 (22188055)|SYSTEM_METHOD_EXIT|[139]|String.valueOf(Object)
23:54:42.0 (22195936)|HEAP_ALLOCATE|[139]|Bytes:37
23:54:42.0 (22209358)|SYSTEM_METHOD_ENTRY|[139]|System.debug(ANY)
23:54:42.0 (22216898)|USER_DEBUG|[139]|DEBUG|viewing the case : 5009E000001w1IMQAY
23:54:42.0 (22220505)|SYSTEM_METHOD_EXIT|[139]|System.debug(ANY)
23:54:42.0 (22222938)|STATEMENT_EXECUTE|[140]
23:54:42.0 (22225709)|HEAP_ALLOCATE|[140]|Bytes:117
23:54:42.0 (22232708)|HEAP_ALLOCATE|[140]|Bytes:4
23:54:42.0 (22240147)|HEAP_ALLOCATE|[140]|Bytes:7
23:54:42.0 (22244819)|SYSTEM_METHOD_ENTRY|[140]|communityCaseMgmtController.__sfdc_qViewCaseId()
23:54:42.0 (22380556)|VARIABLE_ASSIGNMENT|[EXTERNAL]|this|{"accCaseCount":"0x8cea02e","accName":"0x790fc22a","con":"0x23bbf7af","conRelatedAccsList":"0x4d25c96c","currentUser":"0x3097cf36","currentUserId":"00524000005uNfKAAU","myCases":"0x378e559c","myOrgCases":"0x3021c2ec","newCase":"0x4bf4ca4d","newCaseOwner":"0x287914f6","qViewCaseId":"5009E000001w1IMQAY","relatedAccId":"0x59ca87a","showCreateCase":false}|0x33daf518
23:54:42.0 (22389444)|SYSTEM_METHOD_EXIT|[140]|communityCaseMgmtController.__sfdc_qViewCaseId()
23:54:42.0 (22614551)|SOQL_EXECUTE_BEGIN|[140]|Aggregations:0|SELECT id, reason, subject, status, CaseNumber, Issue_Type__c, CreatedById, Description FROM case WHERE id = :tmpVar1
23:54:42.0 (22622554)|LIMIT_USAGE|[140]|SOQL|1|100
23:54:42.0 (22630497)|LIMIT_USAGE|[140]|AGGS|0|300
23:54:42.0 (27003163)|SOQL_EXECUTE_END|[140]|Rows:1
23:54:42.0 (27009387)|LIMIT_USAGE|[140]|SOQL_ROWS|1|50000
23:54:42.0 (27020473)|HEAP_ALLOCATE|[140]|Bytes:8
23:54:42.0 (27028985)|HEAP_ALLOCATE|[140]|Bytes:270
23:54:42.0 (27050400)|HEAP_ALLOCATE|[140]|Bytes:8
23:54:42.0 (27059187)|HEAP_ALLOCATE|[140]|Bytes:30
23:54:42.0 (27104913)|HEAP_ALLOCATE|[140]|Bytes:40
23:54:42.0 (27119067)|SYSTEM_METHOD_ENTRY|[140]|communityCaseMgmtController.__sfdc_qViewcase(Case)
23:54:42.0 (27268915)|VARIABLE_ASSIGNMENT|[EXTERNAL]|this|{"accCaseCount":"0x8cea02e","accName":"0x790fc22a","con":"0x23bbf7af","conRelatedAccsList":"0x4d25c96c","currentUser":"0x3097cf36","currentUserId":"00524000005uNfKAAU","myCases":"0x378e559c","myOrgCases":"0x3021c2ec","newCase":"0x4bf4ca4d","newCaseOwner":"0x287914f6","qViewCaseId":"5009E000001w1IMQAY","relatedAccId":"0x59ca87a","showCreateCase":false}|0x33daf518
23:54:42.0 (27288451)|VARIABLE_ASSIGNMENT|[EXTERNAL]|value|{"Id":"5009E000001w1IMQAY","Reason":"Lightful Community","Subject":"test community type  (4 more) ...","Status":"New","CaseNumber":"00001207","Issue_Type__c":"Community issue","CreatedById":"00524000005uNfKAAU","Description":"test community type  (9 more) ...","RecordTypeId":"012240000002nYhAAI"}|0x22a14fda
23:54:42.0 (27306334)|VARIABLE_ASSIGNMENT|[133]|this.qViewcase|{"Id":"5009E000001w1IMQAY","Reason":"Lightful Community","Subject":"test community type  (4 more) ...","Status":"New","CaseNumber":"00001207","Issue_Type__c":"Community issue","CreatedById":"00524000005uNfKAAU","Description":"test community type  (9 more) ...","RecordTypeId":"012240000002nYhAAI"}|0x33daf518
23:54:42.0 (27314408)|SYSTEM_METHOD_EXIT|[140]|communityCaseMgmtController.__sfdc_qViewcase(Case)
23:54:42.0 (27318684)|STATEMENT_EXECUTE|[142]
23:54:42.0 (27322449)|HEAP_ALLOCATE|[142]|Bytes:52
23:54:42.0 (27327318)|HEAP_ALLOCATE|[142]|Bytes:4
23:54:42.0 (27338060)|SYSTEM_METHOD_ENTRY|[142]|communityCaseMgmtController.__sfdc_qViewcase()
23:54:42.0 (27478133)|VARIABLE_ASSIGNMENT|[EXTERNAL]|this|{"accCaseCount":"0x8cea02e","accName":"0x790fc22a","con":"0x23bbf7af","conRelatedAccsList":"0x4d25c96c","currentUser":"0x3097cf36","currentUserId":"00524000005uNfKAAU","myCases":"0x378e559c","myOrgCases":"0x3021c2ec","newCase":"0x4bf4ca4d","newCaseOwner":"0x287914f6","qViewcase":"0x22a14fda","qViewCaseId":"5009E000001w1IMQAY","relatedAccId":"0x59ca87a","showCreateCase":false}|0x33daf518
23:54:42.0 (27489457)|SYSTEM_METHOD_EXIT|[142]|communityCaseMgmtController.__sfdc_qViewcase()
23:54:42.0 (30029500)|SOQL_EXECUTE_BEGIN|[142]|Aggregations:0|SELECT id, name, email FROM user WHERE id = :tmpVar1
23:54:42.0 (30036373)|LIMIT_USAGE|[142]|SOQL|2|100
23:54:42.0 (30043345)|LIMIT_USAGE|[142]|AGGS|0|300
23:54:42.0 (31863026)|SOQL_EXECUTE_END|[142]|Rows:1
23:54:42.0 (31868924)|LIMIT_USAGE|[142]|SOQL_ROWS|2|50000
23:54:42.0 (31879477)|HEAP_ALLOCATE|[142]|Bytes:8
23:54:42.0 (31888490)|HEAP_ALLOCATE|[142]|Bytes:72
23:54:42.0 (31933036)|HEAP_ALLOCATE|[142]|Bytes:8
23:54:42.0 (31942100)|HEAP_ALLOCATE|[142]|Bytes:30
23:54:42.0 (31975896)|HEAP_ALLOCATE|[142]|Bytes:16
23:54:42.0 (31989402)|SYSTEM_METHOD_ENTRY|[142]|communityCaseMgmtController.__sfdc_caseOwner(User)
23:54:42.0 (32140701)|VARIABLE_ASSIGNMENT|[EXTERNAL]|this|{"accCaseCount":"0x8cea02e","accName":"0x790fc22a","con":"0x23bbf7af","conRelatedAccsList":"0x4d25c96c","currentUser":"0x3097cf36","currentUserId":"00524000005uNfKAAU","myCases":"0x378e559c","myOrgCases":"0x3021c2ec","newCase":"0x4bf4ca4d","newCaseOwner":"0x287914f6","qViewcase":"0x22a14fda","qViewCaseId":"5009E000001w1IMQAY","relatedAccId":"0x59ca87a","showCreateCase":false}|0x33daf518
23:54:42.0 (32153300)|VARIABLE_ASSIGNMENT|[EXTERNAL]|value|{"Id":"00524000005uNfKAAU","Name":"Neela SN","Email":"neela@lightful.com"}|0x100b2a63
23:54:42.0 (32164808)|VARIABLE_ASSIGNMENT|[135]|this.caseOwner|{"Id":"00524000005uNfKAAU","Name":"Neela SN","Email":"neela@lightful.com"}|0x33daf518
23:54:42.0 (32171555)|SYSTEM_METHOD_EXIT|[142]|communityCaseMgmtController.__sfdc_caseOwner(User)
23:54:42.0 (32192014)|VF_APEX_CALL_END|communityCaseMgmtController invoke(quickViewCase)
23:54:42.40 (40560736)|VF_APEX_CALL_START|[EXTERNAL]|/apexpage/pagemessagescomponentcontroller.apex set(conEscape,null)
23:54:42.40 (40572265)|SYSTEM_MODE_ENTER|true
23:54:42.40 (40581640)|VF_APEX_CALL_START|[EXTERNAL]|PageMessagesComponentController set(conEscape,null)
23:54:42.40 (40603357)|VF_APEX_CALL_START|[EXTERNAL]|PageMessagesComponentController invoke(setconEscape)
23:54:42.40 (40624104)|HEAP_ALLOCATE|[EXTERNAL]|Bytes:8
23:54:42.40 (40631592)|VARIABLE_SCOPE_BEGIN|[88]|this|ApexPage.PageMessagesComponentController|true|false
23:54:42.40 (40657275)|VARIABLE_ASSIGNMENT|[88]|this|{}|0x70d8a36e
23:54:42.40 (40659659)|VARIABLE_SCOPE_BEGIN|[88]|escape|Boolean|false|false
23:54:42.40 (40663684)|VARIABLE_ASSIGNMENT|[88]|escape|null
23:54:42.40 (40747320)|VF_APEX_CALL_START|[EXTERNAL]|/apexpage/pagemessagescomponentcontroller.apex get(severities)
23:54:42.40 (40754770)|SYSTEM_MODE_ENTER|true
23:54:42.40 (40763579)|VF_APEX_CALL_START|[EXTERNAL]|PageMessagesComponentController invoke(getseverities)
23:54:42.40 (40777747)|HEAP_ALLOCATE|[EXTERNAL]|Bytes:8
23:54:42.40 (40782105)|VARIABLE_SCOPE_BEGIN|[2]|this|ApexPage.PageMessagesComponentController|true|false
23:54:42.40 (40796266)|VARIABLE_ASSIGNMENT|[2]|this|{}|0x70d8a36e
23:54:42.0 (41086751)|VF_APEX_CALL_START|[EXTERNAL]|01p9E000000Dmpd|communityCaseMgmtController get(myCases)
23:54:42.0 (41093360)|SYSTEM_MODE_ENTER|true
23:54:42.0 (41099300)|VF_APEX_CALL_START|[EXTERNAL]|01p9E000000Dmpd|myCases
23:54:42.0 (41108923)|VF_APEX_CALL_END|myCases
23:54:42.0 (41119523)|VF_APEX_CALL_END|communityCaseMgmtController get(myCases)
23:54:42.0 (41470042)|VF_APEX_CALL_START|[EXTERNAL]|01p9E000000Dmpd|communityCaseMgmtController get(relatedAccId)
23:54:42.0 (41475369)|SYSTEM_MODE_ENTER|true
23:54:42.0 (41481968)|VF_APEX_CALL_START|[EXTERNAL]|01p9E000000Dmpd|relatedAccId
23:54:42.0 (41489119)|VF_APEX_CALL_END|relatedAccId
23:54:42.0 (41498599)|VF_APEX_CALL_END|communityCaseMgmtController get(relatedAccId)
23:54:42.0 (41574187)|VF_EVALUATE_FORMULA_BEGIN|0669E000000Cv0R|#{myOrgCases[accid]}
23:54:42.0 (41588780)|VF_APEX_CALL_START|[EXTERNAL]|01p9E000000Dmpd|communityCaseMgmtController get(myOrgCases)
23:54:42.0 (41592794)|SYSTEM_MODE_ENTER|true
23:54:42.0 (41597290)|VF_APEX_CALL_START|[EXTERNAL]|01p9E000000Dmpd|myOrgCases
23:54:42.0 (41604511)|VF_APEX_CALL_END|myOrgCases
23:54:42.0 (41613009)|VF_APEX_CALL_END|communityCaseMgmtController get(myOrgCases)
23:54:42.0 (41635689)|VF_EVALUATE_FORMULA_END
23:54:42.0 (41660086)|VF_EVALUATE_FORMULA_BEGIN|0669E000000Cv0R|#{myOrgCases[accid]}
23:54:42.0 (41676510)|VF_EVALUATE_FORMULA_END
23:54:42.0 (41680514)|VF_EVALUATE_FORMULA_BEGIN|0669E000000Cv0R|#{myOrgCases[accid]}
23:54:42.0 (41690987)|VF_EVALUATE_FORMULA_END
23:54:42.0 (41774482)|VF_EVALUATE_FORMULA_BEGIN|0669E000000Cv0R|#{myOrgCases[accid]}
23:54:42.0 (41793345)|VF_EVALUATE_FORMULA_END
23:54:42.0 (41800015)|VF_EVALUATE_FORMULA_BEGIN|0669E000000Cv0R|#{myOrgCases[accid]}
23:54:42.0 (41812069)|VF_EVALUATE_FORMULA_END
23:54:42.0 (41815560)|VF_EVALUATE_FORMULA_BEGIN|0669E000000Cv0R|#{myOrgCases[accid]}
23:54:42.0 (41826502)|VF_EVALUATE_FORMULA_END
23:54:42.0 (41840265)|VF_EVALUATE_FORMULA_BEGIN|0669E000000Cv0R|#{myOrgCases[accid]}
23:54:42.0 (41853667)|VF_EVALUATE_FORMULA_END
23:54:42.0 (41857324)|VF_EVALUATE_FORMULA_BEGIN|0669E000000Cv0R|#{myOrgCases[accid]}
23:54:42.0 (41868383)|VF_EVALUATE_FORMULA_END
23:54:42.0 (42176068)|VF_APEX_CALL_START|[EXTERNAL]|01p9E000000Dmpd|communityCaseMgmtController get(newcaseOwner)
23:54:42.0 (42181344)|SYSTEM_MODE_ENTER|true
23:54:42.0 (42186701)|VF_APEX_CALL_START|[EXTERNAL]|01p9E000000Dmpd|newcaseOwner
23:54:42.0 (42194640)|VF_APEX_CALL_END|newcaseOwner
23:54:42.0 (42205373)|VF_APEX_CALL_END|communityCaseMgmtController get(newcaseOwner)
23:54:42.0 (43119861)|VF_APEX_CALL_START|[EXTERNAL]|01p9E000000Dmpd|communityCaseMgmtController get(newCase)
23:54:42.0 (43126190)|SYSTEM_MODE_ENTER|true
23:54:42.0 (43132445)|VF_APEX_CALL_START|[EXTERNAL]|01p9E000000Dmpd|newCase
23:54:42.0 (43141228)|VF_APEX_CALL_END|newCase
23:54:42.0 (43152490)|VF_APEX_CALL_END|communityCaseMgmtController get(newCase)
23:54:42.0 (46023040)|VF_EVALUATE_FORMULA_BEGIN|0669E000000Cv0R|#{if(showCreateCase == false,  "block", "none")}
23:54:42.0 (46073760)|VF_APEX_CALL_START|[EXTERNAL]|01p9E000000Dmpd|communityCaseMgmtController get(showCreateCase)
23:54:42.0 (46079859)|SYSTEM_MODE_ENTER|true
23:54:42.0 (46086212)|VF_APEX_CALL_START|[EXTERNAL]|01p9E000000Dmpd|showCreateCase
23:54:42.0 (46095584)|VF_APEX_CALL_END|showCreateCase
23:54:42.0 (46108933)|VF_APEX_CALL_END|communityCaseMgmtController get(showCreateCase)
23:54:42.0 (46120101)|VF_EVALUATE_FORMULA_END
23:54:42.0 (46182412)|VF_EVALUATE_FORMULA_BEGIN|0669E000000Cv0R|#{if(accCaseCount[accid] > 0,  "block", "none")}
23:54:42.0 (46235343)|VF_APEX_CALL_START|[EXTERNAL]|01p9E000000Dmpd|communityCaseMgmtController get(accCaseCount)
23:54:42.0 (46239906)|SYSTEM_MODE_ENTER|true
23:54:42.0 (46244918)|VF_APEX_CALL_START|[EXTERNAL]|01p9E000000Dmpd|accCaseCount
23:54:42.0 (46253343)|VF_APEX_CALL_END|accCaseCount
23:54:42.0 (46263987)|VF_APEX_CALL_END|communityCaseMgmtController get(accCaseCount)
23:54:42.0 (46284479)|VF_EVALUATE_FORMULA_END
23:54:42.0 (46294099)|VF_EVALUATE_FORMULA_BEGIN|0669E000000Cv0R|#{accName[accid]}
23:54:42.0 (46329022)|VF_APEX_CALL_START|[EXTERNAL]|01p9E000000Dmpd|communityCaseMgmtController get(accName)
23:54:42.0 (46333120)|SYSTEM_MODE_ENTER|true
23:54:42.0 (46337728)|VF_APEX_CALL_START|[EXTERNAL]|01p9E000000Dmpd|accName
23:54:42.0 (46344653)|VF_APEX_CALL_END|accName
23:54:42.0 (46353610)|VF_APEX_CALL_END|communityCaseMgmtController get(accName)
23:54:42.0 (46369143)|VF_EVALUATE_FORMULA_END
23:54:42.0 (46393163)|VF_EVALUATE_FORMULA_BEGIN|0669E000000Cv0R|#{myOrgCases[accid]}
23:54:42.0 (46410332)|VF_EVALUATE_FORMULA_END
23:54:42.0 (46414812)|VF_EVALUATE_FORMULA_BEGIN|0669E000000Cv0R|#{myOrgCases[accid]}
23:54:42.0 (46425185)|VF_EVALUATE_FORMULA_END
23:54:42.0 (48305849)|VF_EVALUATE_FORMULA_BEGIN|0669E000000Cv0R|#{if(accCaseCount[accid] > 0,  "block", "none")}
23:54:42.0 (48336045)|VF_EVALUATE_FORMULA_END
23:54:42.0 (48344654)|VF_EVALUATE_FORMULA_BEGIN|0669E000000Cv0R|#{accName[accid]}
23:54:42.0 (48358176)|VF_EVALUATE_FORMULA_END
23:54:42.0 (48376230)|VF_EVALUATE_FORMULA_BEGIN|0669E000000Cv0R|#{myOrgCases[accid]}
23:54:42.0 (48395256)|VF_EVALUATE_FORMULA_END
23:54:42.0 (48399774)|VF_EVALUATE_FORMULA_BEGIN|0669E000000Cv0R|#{myOrgCases[accid]}
23:54:42.0 (48411974)|VF_EVALUATE_FORMULA_END
23:54:42.0 (54373779)|VF_APEX_CALL_START|[EXTERNAL]|01p9E000000Dmpd|communityCaseMgmtController get(qViewcase)
23:54:42.0 (54381113)|SYSTEM_MODE_ENTER|true
23:54:42.0 (54388416)|VF_APEX_CALL_START|[EXTERNAL]|01p9E000000Dmpd|qViewcase
23:54:42.0 (54398695)|VF_APEX_CALL_END|qViewcase
23:54:42.0 (54410227)|VF_APEX_CALL_END|communityCaseMgmtController get(qViewcase)
23:54:42.0 (54513585)|VF_APEX_CALL_START|[EXTERNAL]|01p9E000000Dmpd|communityCaseMgmtController get(caseOwner)
23:54:42.0 (54518427)|SYSTEM_MODE_ENTER|true
23:54:42.0 (54523800)|VF_APEX_CALL_START|[EXTERNAL]|01p9E000000Dmpd|caseOwner
23:54:42.0 (54531610)|VF_APEX_CALL_END|caseOwner
23:54:42.0 (54540454)|VF_APEX_CALL_END|communityCaseMgmtController get(caseOwner)
23:54:42.0 (64937263)|VF_SERIALIZE_VIEWSTATE_BEGIN|0669E000000Cv0R
23:54:42.0 (68566166)|VF_SERIALIZE_VIEWSTATE_END
23:54:42.0 (69766635)|VF_EVALUATE_FORMULA_BEGIN|0669E000000Cv0R|#{myOrgCases[accid]}
23:54:42.0 (69794228)|VF_EVALUATE_FORMULA_END
23:54:42.0 (69799807)|VF_EVALUATE_FORMULA_BEGIN|0669E000000Cv0R|#{myOrgCases[accid]}
23:54:42.0 (69811481)|VF_EVALUATE_FORMULA_END
23:54:42.0 (69849792)|VF_EVALUATE_FORMULA_BEGIN|0669E000000Cv0R|#{myOrgCases[accid]}
23:54:42.0 (69865814)|VF_EVALUATE_FORMULA_END
23:54:42.0 (69869673)|VF_EVALUATE_FORMULA_BEGIN|0669E000000Cv0R|#{myOrgCases[accid]}
23:54:42.0 (69881196)|VF_EVALUATE_FORMULA_END
23:54:42.0 (69894132)|VF_EVALUATE_FORMULA_BEGIN|0669E000000Cv0R|#{myOrgCases[accid]}
23:54:42.0 (69906993)|VF_EVALUATE_FORMULA_END
23:54:42.0 (69910731)|VF_EVALUATE_FORMULA_BEGIN|0669E000000Cv0R|#{myOrgCases[accid]}
23:54:42.0 (69922523)|VF_EVALUATE_FORMULA_END
23:54:42.71 (71247499)|CUMULATIVE_LIMIT_USAGE
23:54:42.71 (71247499)|LIMIT_USAGE_FOR_NS|(default)|
  Number of SOQL queries: 2 out of 100
  Number of query rows: 2 out of 50000
  Number of SOSL queries: 0 out of 20
  Number of DML statements: 0 out of 150
  Number of DML rows: 0 out of 10000
  Maximum CPU time: 0 out of 10000
  Maximum heap size: 0 out of 6000000
  Number of callouts: 0 out of 100
  Number of Email Invocations: 0 out of 10
  Number of future calls: 0 out of 50
  Number of queueable jobs added to the queue: 0 out of 50
  Number of Mobile Apex push calls: 0 out of 10

23:54:42.71 (71247499)|TOTAL_EMAIL_RECIPIENTS_QUEUED|0
23:54:42.71 (71247499)|STATIC_VARIABLE_LIST|
  char[]:DigitTens:0
  long:serialVersionUID:0
  long:serialVersionUID:0
  double:MAX_VALUE:0
  Boolean:FALSE:0
  long:serialVersionUID:0
  String:__sfdcInnerTypes:0
  String:_sfdcSuppressedCodeLocations:0
  double:MIN_VALUE:0
  int:SIZE:0
  double:NEGATIVE_INFINITY:0
  int:MAX_VALUE:0
  String:_sfdcAdditionalCodeLocations:0
  char[]:digits:0
  double:NaN:0
  Boolean:TRUE:0
  int:MIN_VALUE:0
  char[]:DigitOnes:0
  int:BYTES:0
  int:MIN_EXPONENT:0
  int[]:sizeTable:0
  int:MAX_EXPONENT:0
  String:_sfdcAdditionalCodeLocations:0
  String:__sfdcProperties:0
  int:SIZE:0
  double:POSITIVE_INFINITY:0
  double:MIN_NORMAL:0
  int:BYTES:0

23:54:42.71 (71247499)|CUMULATIVE_LIMIT_USAGE_END

23:54:42.0 (71371760)|CODE_UNIT_FINISHED|VF: /apex/communityCaseMgmt
23:54:42.0 (72133267)|EXECUTION_FINISHED
23:54:42.73 (73548386)|CUMULATIVE_PROFILING_BEGIN
23:54:42.73 (73548386)|CUMULATIVE_PROFILING|No profiling information for SOQL operations
23:54:42.73 (73548386)|CUMULATIVE_PROFILING|No profiling information for SOSL operations
23:54:42.73 (73548386)|CUMULATIVE_PROFILING|No profiling information for DML operations
23:54:42.73 (73548386)|CUMULATIVE_PROFILING|method invocations|
External entry point: public void quickViewCase(): executed 1 time in 10 ms
Class.communityCaseMgmtController.quickViewCase: line 140, column 1: public Id __sfdc_qViewCaseId(): executed 3 times in 5 ms
Class.communityCaseMgmtController.quickViewCase: line 142, column 1: public Case __sfdc_qViewcase(): executed 3 times in 4 ms
Class.communityCaseMgmtController.quickViewCase: line 139, column 1: public Id __sfdc_qViewCaseId(): executed 3 times in 0 ms

23:54:42.73 (73548386)|CUMULATIVE_PROFILING_END
