39.0 APEX_CODE,FINEST;APEX_PROFILING,FINEST;CALLOUT,FINEST;DB,FINEST;SYSTEM,FINE;VALIDATION,INFO;VISUALFORCE,FINER;WAVE,INFO;WORKFLOW,FINER
23:53:26.0 (251229)|USER_INFO|[EXTERNAL]|00524000005uNfK|neela@lightful.com.commundev|Line Is. Time|GMT+14:00
23:53:26.0 (274871)|EXECUTION_STARTED
23:53:26.0 (278783)|CODE_UNIT_STARTED|[EXTERNAL]|0669E000000Cv0R|VF: /apex/communityCaseMgmt
23:53:26.0 (377632)|VF_DESERIALIZE_VIEWSTATE_BEGIN|0669E000000Cv0R
23:53:26.0 (5146365)|HEAP_ALLOCATE|[72]|Bytes:3
23:53:26.0 (5183664)|HEAP_ALLOCATE|[77]|Bytes:152
23:53:26.0 (5197137)|HEAP_ALLOCATE|[342]|Bytes:408
23:53:26.0 (5211640)|HEAP_ALLOCATE|[355]|Bytes:408
23:53:26.0 (5223854)|HEAP_ALLOCATE|[467]|Bytes:48
23:53:26.0 (5248555)|HEAP_ALLOCATE|[139]|Bytes:6
23:53:26.0 (6425758)|HEAP_ALLOCATE|[50]|Bytes:5
23:53:26.0 (6449394)|HEAP_ALLOCATE|[56]|Bytes:5
23:53:26.0 (6456586)|HEAP_ALLOCATE|[64]|Bytes:7
23:53:26.0 (9510809)|VF_DESERIALIZE_VIEWSTATE_END
23:53:26.12 (12509712)|VF_APEX_CALL_START|[EXTERNAL]|/apexpage/pagemessagescomponentcontroller.apex get(severities)
23:53:26.12 (12525939)|SYSTEM_MODE_ENTER|true
23:53:26.12 (12551690)|VF_APEX_CALL_START|[EXTERNAL]|PageMessagesComponentController invoke(getseverities)
23:53:26.12 (12582539)|HEAP_ALLOCATE|[EXTERNAL]|Bytes:38
23:53:26.12 (12587687)|HEAP_ALLOCATE|[EXTERNAL]|Bytes:7
23:53:26.12 (12595519)|SYSTEM_METHOD_ENTRY|[1]|PageMessagesComponentController.PageMessagesComponentController()
23:53:26.12 (12599398)|STATEMENT_EXECUTE|[1]
23:53:26.13 (13370603)|VF_APEX_CALL_START|[EXTERNAL]|/apexpage/pagemessagescomponentcontroller.apex set(conEscape,null)
23:53:26.13 (13391135)|SYSTEM_MODE_ENTER|true
23:53:26.13 (13404629)|VF_APEX_CALL_START|[EXTERNAL]|PageMessagesComponentController set(conEscape,null)
23:53:26.13 (13426085)|VF_APEX_CALL_START|[EXTERNAL]|PageMessagesComponentController invoke(setconEscape)
23:53:26.13 (13445211)|HEAP_ALLOCATE|[EXTERNAL]|Bytes:8
23:53:26.13 (13450154)|VARIABLE_SCOPE_BEGIN|[88]|this|ApexPage.PageMessagesComponentController|true|false
23:53:26.13 (13478310)|VARIABLE_ASSIGNMENT|[88]|this|{}|0x578bf500
23:53:26.13 (13481134)|VARIABLE_SCOPE_BEGIN|[88]|escape|Boolean|false|false
23:53:26.13 (13485824)|VARIABLE_ASSIGNMENT|[88]|escape|null
23:53:26.0 (13618774)|VF_APEX_CALL_START|[EXTERNAL]|01p9E000000Dmpd|communityCaseMgmtController get(myCases)
23:53:26.0 (13624134)|SYSTEM_MODE_ENTER|true
23:53:26.0 (13633085)|VF_APEX_CALL_START|[EXTERNAL]|01p9E000000Dmpd|myCases
23:53:26.0 (13643067)|HEAP_ALLOCATE|[EXTERNAL]|Bytes:412
23:53:26.0 (13651451)|HEAP_ALLOCATE|[EXTERNAL]|Bytes:76
23:53:26.0 (13654487)|HEAP_ALLOCATE|[EXTERNAL]|Bytes:27
23:53:26.0 (13660365)|METHOD_ENTRY|[1]|01p9E000000Dmpd|communityCaseMgmtController.communityCaseMgmtController()
23:53:26.0 (13662966)|STATEMENT_EXECUTE|[1]
23:53:26.0 (13667053)|STATEMENT_EXECUTE|[1]
23:53:26.0 (13670329)|METHOD_EXIT|[1]|communityCaseMgmtController
23:53:26.0 (13676600)|VF_APEX_CALL_END|myCases
23:53:26.0 (13688057)|VF_APEX_CALL_END|communityCaseMgmtController get(myCases)
23:53:26.0 (14005094)|VF_APEX_CALL_START|[EXTERNAL]|01p9E000000Dmpd|communityCaseMgmtController get(relatedAccId)
23:53:26.0 (14010847)|SYSTEM_MODE_ENTER|true
23:53:26.0 (14015943)|VF_APEX_CALL_START|[EXTERNAL]|01p9E000000Dmpd|relatedAccId
23:53:26.0 (14023389)|VF_APEX_CALL_END|relatedAccId
23:53:26.0 (14034177)|VF_APEX_CALL_END|communityCaseMgmtController get(relatedAccId)
23:53:26.0 (14112803)|VF_EVALUATE_FORMULA_BEGIN|0669E000000Cv0R|#{myOrgCases[accid]}
23:53:26.0 (14166657)|VF_APEX_CALL_START|[EXTERNAL]|01p9E000000Dmpd|communityCaseMgmtController get(myOrgCases)
23:53:26.0 (14170698)|SYSTEM_MODE_ENTER|true
23:53:26.0 (14175495)|VF_APEX_CALL_START|[EXTERNAL]|01p9E000000Dmpd|myOrgCases
23:53:26.0 (14182318)|VF_APEX_CALL_END|myOrgCases
23:53:26.0 (14191948)|VF_APEX_CALL_END|communityCaseMgmtController get(myOrgCases)
23:53:26.0 (14264216)|VF_EVALUATE_FORMULA_END
23:53:26.0 (14273558)|VF_EVALUATE_FORMULA_BEGIN|0669E000000Cv0R|#{myOrgCases[accid]}
23:53:26.0 (14292473)|VF_EVALUATE_FORMULA_END
23:53:26.0 (14394407)|VF_EVALUATE_FORMULA_BEGIN|0669E000000Cv0R|#{myOrgCases[accid]}
23:53:26.0 (14431430)|VF_EVALUATE_FORMULA_END
23:53:26.0 (14436978)|VF_EVALUATE_FORMULA_BEGIN|0669E000000Cv0R|#{myOrgCases[accid]}
23:53:26.0 (14450793)|VF_EVALUATE_FORMULA_END
23:53:26.0 (14622712)|VF_APEX_CALL_START|[EXTERNAL]|01p9E000000Dmpd|communityCaseMgmtController get(newcaseOwner)
23:53:26.0 (14627678)|SYSTEM_MODE_ENTER|true
23:53:26.0 (14633202)|VF_APEX_CALL_START|[EXTERNAL]|01p9E000000Dmpd|newcaseOwner
23:53:26.0 (14640733)|VF_APEX_CALL_END|newcaseOwner
23:53:26.0 (14651451)|VF_APEX_CALL_END|communityCaseMgmtController get(newcaseOwner)
23:53:26.0 (17860451)|VF_APEX_CALL_START|[EXTERNAL]|01p9E000000Dmpd|communityCaseMgmtController get(newCase)
23:53:26.0 (17867328)|SYSTEM_MODE_ENTER|true
23:53:26.0 (17873393)|VF_APEX_CALL_START|[EXTERNAL]|01p9E000000Dmpd|newCase
23:53:26.0 (17881733)|VF_APEX_CALL_END|newCase
23:53:26.0 (17893378)|VF_APEX_CALL_END|communityCaseMgmtController get(newCase)
23:53:26.0 (20174903)|VF_EVALUATE_FORMULA_BEGIN|0669E000000Cv0R|#{myOrgCases[accid]}
23:53:26.0 (20215119)|VF_EVALUATE_FORMULA_END
23:53:26.0 (20225102)|VF_EVALUATE_FORMULA_BEGIN|0669E000000Cv0R|#{myOrgCases[accid]}
23:53:26.0 (20247429)|VF_EVALUATE_FORMULA_END
23:53:26.21 (21439029)|VF_APEX_CALL_START|[EXTERNAL]|/apexpage/pagemessagescomponentcontroller.apex set(conEscape,null)
23:53:26.21 (21447570)|SYSTEM_MODE_ENTER|true
23:53:26.21 (21454892)|VF_APEX_CALL_START|[EXTERNAL]|PageMessagesComponentController set(conEscape,null)
23:53:26.21 (21471623)|VF_APEX_CALL_START|[EXTERNAL]|PageMessagesComponentController invoke(setconEscape)
23:53:26.21 (21491954)|HEAP_ALLOCATE|[EXTERNAL]|Bytes:8
23:53:26.21 (21498769)|VARIABLE_SCOPE_BEGIN|[88]|this|ApexPage.PageMessagesComponentController|true|false
23:53:26.21 (21521744)|VARIABLE_ASSIGNMENT|[88]|this|{}|0x578bf500
23:53:26.21 (21524216)|VARIABLE_SCOPE_BEGIN|[88]|escape|Boolean|false|false
23:53:26.21 (21527498)|VARIABLE_ASSIGNMENT|[88]|escape|null
23:53:26.0 (22287188)|VF_APEX_CALL_START|[EXTERNAL]|communityCaseMgmtController set(qViewCaseId,5009E00000206zGQAQ)
23:53:26.0 (22292466)|SYSTEM_MODE_ENTER|true
23:53:26.0 (22298504)|VF_APEX_CALL_START|[EXTERNAL]|communityCaseMgmtController set(qViewCaseId,5009E00000206zGQAQ)
23:53:26.0 (22315074)|HEAP_ALLOCATE|[EXTERNAL]|Bytes:4
23:53:26.0 (22318080)|HEAP_ALLOCATE|[EXTERNAL]|Bytes:72
23:53:26.0 (22432753)|VARIABLE_ASSIGNMENT|[EXTERNAL]|this.qViewCaseId|"5009E00000206zGQAQ"|0x3860a896
23:53:26.0 (22440399)|VF_APEX_CALL_END|communityCaseMgmtController set(qViewCaseId,5009E00000206zGQAQ)
23:53:26.0 (22453697)|VF_APEX_CALL_END|communityCaseMgmtController set(qViewCaseId,5009E00000206zGQAQ)
23:53:26.0 (22693578)|VF_APEX_CALL_START|[EXTERNAL]|01p9E000000Dmpd|communityCaseMgmtController invoke(quickViewCase)
23:53:26.0 (22715536)|HEAP_ALLOCATE|[EXTERNAL]|Bytes:72
23:53:26.0 (22720179)|VARIABLE_SCOPE_BEGIN|[137]|this|communityCaseMgmtController|true|false
23:53:26.0 (22879676)|VARIABLE_ASSIGNMENT|[137]|this|{"accCaseCount":"0x1f7c098f","accName":"0x5949efcc","con":"0x460d421a","conRelatedAccsList":"0x6f426626","currentUser":"0x108d3a30","currentUserId":"00524000005uNfKAAU","myCases":"0x6ac8062","myOrgCases":"0xebed5a5","newCase":"0x2a1d0f3f","newCaseOwner":"0x56923f0c","qViewCaseId":"5009E00000206zGQAQ","relatedAccId":"0x2006b809","showCreateCase":false}|0x3860a896
23:53:26.0 (22890287)|STATEMENT_EXECUTE|[138]
23:53:26.0 (22892041)|STATEMENT_EXECUTE|[139]
23:53:26.0 (22895628)|HEAP_ALLOCATE|[139]|Bytes:19
23:53:26.0 (22912504)|SYSTEM_METHOD_ENTRY|[139]|communityCaseMgmtController.__sfdc_qViewCaseId()
23:53:26.0 (23041636)|VARIABLE_ASSIGNMENT|[EXTERNAL]|this|{"accCaseCount":"0x1f7c098f","accName":"0x5949efcc","con":"0x460d421a","conRelatedAccsList":"0x6f426626","currentUser":"0x108d3a30","currentUserId":"00524000005uNfKAAU","myCases":"0x6ac8062","myOrgCases":"0xebed5a5","newCase":"0x2a1d0f3f","newCaseOwner":"0x56923f0c","qViewCaseId":"5009E00000206zGQAQ","relatedAccId":"0x2006b809","showCreateCase":false}|0x3860a896
23:53:26.0 (23054235)|SYSTEM_METHOD_EXIT|[139]|communityCaseMgmtController.__sfdc_qViewCaseId()
23:53:26.0 (23093564)|SYSTEM_METHOD_ENTRY|[139]|String.valueOf(Object)
23:53:26.0 (23099596)|HEAP_ALLOCATE|[139]|Bytes:18
23:53:26.0 (23108420)|SYSTEM_METHOD_EXIT|[139]|String.valueOf(Object)
23:53:26.0 (23117396)|HEAP_ALLOCATE|[139]|Bytes:37
23:53:26.0 (23135341)|SYSTEM_METHOD_ENTRY|[139]|System.debug(ANY)
23:53:26.0 (23143998)|USER_DEBUG|[139]|DEBUG|viewing the case : 5009E00000206zGQAQ
23:53:26.0 (23148643)|SYSTEM_METHOD_EXIT|[139]|System.debug(ANY)
23:53:26.0 (23151225)|STATEMENT_EXECUTE|[140]
23:53:26.0 (23154143)|HEAP_ALLOCATE|[140]|Bytes:117
23:53:26.0 (23161787)|HEAP_ALLOCATE|[140]|Bytes:4
23:53:26.0 (23170780)|HEAP_ALLOCATE|[140]|Bytes:7
23:53:26.0 (23175245)|SYSTEM_METHOD_ENTRY|[140]|communityCaseMgmtController.__sfdc_qViewCaseId()
23:53:26.0 (23298006)|VARIABLE_ASSIGNMENT|[EXTERNAL]|this|{"accCaseCount":"0x1f7c098f","accName":"0x5949efcc","con":"0x460d421a","conRelatedAccsList":"0x6f426626","currentUser":"0x108d3a30","currentUserId":"00524000005uNfKAAU","myCases":"0x6ac8062","myOrgCases":"0xebed5a5","newCase":"0x2a1d0f3f","newCaseOwner":"0x56923f0c","qViewCaseId":"5009E00000206zGQAQ","relatedAccId":"0x2006b809","showCreateCase":false}|0x3860a896
23:53:26.0 (23306844)|SYSTEM_METHOD_EXIT|[140]|communityCaseMgmtController.__sfdc_qViewCaseId()
23:53:26.0 (23546870)|SOQL_EXECUTE_BEGIN|[140]|Aggregations:0|SELECT id, reason, subject, status, CaseNumber, Issue_Type__c, CreatedById, Description FROM case WHERE id = :tmpVar1
23:53:26.0 (23556171)|LIMIT_USAGE|[140]|SOQL|1|100
23:53:26.0 (23565217)|LIMIT_USAGE|[140]|AGGS|0|300
23:53:26.0 (27826827)|SOQL_EXECUTE_END|[140]|Rows:1
23:53:26.0 (27834196)|LIMIT_USAGE|[140]|SOQL_ROWS|1|50000
23:53:26.0 (27846575)|HEAP_ALLOCATE|[140]|Bytes:8
23:53:26.0 (27855732)|HEAP_ALLOCATE|[140]|Bytes:205
23:53:26.0 (27885150)|HEAP_ALLOCATE|[140]|Bytes:8
23:53:26.0 (27893899)|HEAP_ALLOCATE|[140]|Bytes:30
23:53:26.0 (27955570)|HEAP_ALLOCATE|[140]|Bytes:32
23:53:26.0 (27969830)|SYSTEM_METHOD_ENTRY|[140]|communityCaseMgmtController.__sfdc_qViewcase(Case)
23:53:26.0 (28106692)|VARIABLE_ASSIGNMENT|[EXTERNAL]|this|{"accCaseCount":"0x1f7c098f","accName":"0x5949efcc","con":"0x460d421a","conRelatedAccsList":"0x6f426626","currentUser":"0x108d3a30","currentUserId":"00524000005uNfKAAU","myCases":"0x6ac8062","myOrgCases":"0xebed5a5","newCase":"0x2a1d0f3f","newCaseOwner":"0x56923f0c","qViewCaseId":"5009E00000206zGQAQ","relatedAccId":"0x2006b809","showCreateCase":false}|0x3860a896
23:53:26.0 (28125672)|VARIABLE_ASSIGNMENT|[EXTERNAL]|value|{"Id":"5009E00000206zGQAQ","Subject":"testing related acc  (4 more) ...","Status":"New","CaseNumber":"00001214","CreatedById":"00524000005uNfKAAU","Description":"testing related acc  (4 more) ...","RecordTypeId":"012240000002nYhAAI"}|0x6907f4ac
23:53:26.0 (28140802)|VARIABLE_ASSIGNMENT|[133]|this.qViewcase|{"Id":"5009E00000206zGQAQ","Subject":"testing related acc  (4 more) ...","Status":"New","CaseNumber":"00001214","CreatedById":"00524000005uNfKAAU","Description":"testing related acc  (4 more) ...","RecordTypeId":"012240000002nYhAAI"}|0x3860a896
23:53:26.0 (28147894)|SYSTEM_METHOD_EXIT|[140]|communityCaseMgmtController.__sfdc_qViewcase(Case)
23:53:26.0 (28151506)|STATEMENT_EXECUTE|[142]
23:53:26.0 (28154948)|HEAP_ALLOCATE|[142]|Bytes:52
23:53:26.0 (28160408)|HEAP_ALLOCATE|[142]|Bytes:4
23:53:26.0 (28170520)|SYSTEM_METHOD_ENTRY|[142]|communityCaseMgmtController.__sfdc_qViewcase()
23:53:26.0 (28296350)|VARIABLE_ASSIGNMENT|[EXTERNAL]|this|{"accCaseCount":"0x1f7c098f","accName":"0x5949efcc","con":"0x460d421a","conRelatedAccsList":"0x6f426626","currentUser":"0x108d3a30","currentUserId":"00524000005uNfKAAU","myCases":"0x6ac8062","myOrgCases":"0xebed5a5","newCase":"0x2a1d0f3f","newCaseOwner":"0x56923f0c","qViewcase":"0x6907f4ac","qViewCaseId":"5009E00000206zGQAQ","relatedAccId":"0x2006b809","showCreateCase":false}|0x3860a896
23:53:26.0 (28306149)|SYSTEM_METHOD_EXIT|[142]|communityCaseMgmtController.__sfdc_qViewcase()
23:53:26.0 (29053014)|SOQL_EXECUTE_BEGIN|[142]|Aggregations:0|SELECT id, name, email FROM user WHERE id = :tmpVar1
23:53:26.0 (29059431)|LIMIT_USAGE|[142]|SOQL|2|100
23:53:26.0 (29065886)|LIMIT_USAGE|[142]|AGGS|0|300
23:53:26.0 (31024129)|SOQL_EXECUTE_END|[142]|Rows:1
23:53:26.0 (31030108)|LIMIT_USAGE|[142]|SOQL_ROWS|2|50000
23:53:26.0 (31039786)|HEAP_ALLOCATE|[142]|Bytes:8
23:53:26.0 (31062024)|HEAP_ALLOCATE|[142]|Bytes:72
23:53:26.0 (31126008)|HEAP_ALLOCATE|[142]|Bytes:8
23:53:26.0 (31135508)|HEAP_ALLOCATE|[142]|Bytes:30
23:53:26.0 (31169854)|HEAP_ALLOCATE|[142]|Bytes:16
23:53:26.0 (31183648)|SYSTEM_METHOD_ENTRY|[142]|communityCaseMgmtController.__sfdc_caseOwner(User)
23:53:26.0 (31343015)|VARIABLE_ASSIGNMENT|[EXTERNAL]|this|{"accCaseCount":"0x1f7c098f","accName":"0x5949efcc","con":"0x460d421a","conRelatedAccsList":"0x6f426626","currentUser":"0x108d3a30","currentUserId":"00524000005uNfKAAU","myCases":"0x6ac8062","myOrgCases":"0xebed5a5","newCase":"0x2a1d0f3f","newCaseOwner":"0x56923f0c","qViewcase":"0x6907f4ac","qViewCaseId":"5009E00000206zGQAQ","relatedAccId":"0x2006b809","showCreateCase":false}|0x3860a896
23:53:26.0 (31355824)|VARIABLE_ASSIGNMENT|[EXTERNAL]|value|{"Id":"00524000005uNfKAAU","Name":"Neela SN","Email":"neela@lightful.com"}|0x2237dcef
23:53:26.0 (31367184)|VARIABLE_ASSIGNMENT|[135]|this.caseOwner|{"Id":"00524000005uNfKAAU","Name":"Neela SN","Email":"neela@lightful.com"}|0x3860a896
23:53:26.0 (31374170)|SYSTEM_METHOD_EXIT|[142]|communityCaseMgmtController.__sfdc_caseOwner(User)
23:53:26.0 (31399935)|VF_APEX_CALL_END|communityCaseMgmtController invoke(quickViewCase)
23:53:26.40 (40322821)|VF_APEX_CALL_START|[EXTERNAL]|/apexpage/pagemessagescomponentcontroller.apex set(conEscape,null)
23:53:26.40 (40333726)|SYSTEM_MODE_ENTER|true
23:53:26.40 (40341993)|VF_APEX_CALL_START|[EXTERNAL]|PageMessagesComponentController set(conEscape,null)
23:53:26.40 (40363068)|VF_APEX_CALL_START|[EXTERNAL]|PageMessagesComponentController invoke(setconEscape)
23:53:26.40 (40383269)|HEAP_ALLOCATE|[EXTERNAL]|Bytes:8
23:53:26.40 (40389628)|VARIABLE_SCOPE_BEGIN|[88]|this|ApexPage.PageMessagesComponentController|true|false
23:53:26.40 (40407873)|VARIABLE_ASSIGNMENT|[88]|this|{}|0x578bf500
23:53:26.40 (40410734)|VARIABLE_SCOPE_BEGIN|[88]|escape|Boolean|false|false
23:53:26.40 (40414349)|VARIABLE_ASSIGNMENT|[88]|escape|null
23:53:26.40 (40495542)|VF_APEX_CALL_START|[EXTERNAL]|/apexpage/pagemessagescomponentcontroller.apex get(severities)
23:53:26.40 (40502608)|SYSTEM_MODE_ENTER|true
23:53:26.40 (40511396)|VF_APEX_CALL_START|[EXTERNAL]|PageMessagesComponentController invoke(getseverities)
23:53:26.40 (40525695)|HEAP_ALLOCATE|[EXTERNAL]|Bytes:8
23:53:26.40 (40530003)|VARIABLE_SCOPE_BEGIN|[2]|this|ApexPage.PageMessagesComponentController|true|false
23:53:26.40 (40542800)|VARIABLE_ASSIGNMENT|[2]|this|{}|0x578bf500
23:53:26.0 (40859199)|VF_APEX_CALL_START|[EXTERNAL]|01p9E000000Dmpd|communityCaseMgmtController get(myCases)
23:53:26.0 (40865399)|SYSTEM_MODE_ENTER|true
23:53:26.0 (40870700)|VF_APEX_CALL_START|[EXTERNAL]|01p9E000000Dmpd|myCases
23:53:26.0 (40878515)|VF_APEX_CALL_END|myCases
23:53:26.0 (40888697)|VF_APEX_CALL_END|communityCaseMgmtController get(myCases)
23:53:26.0 (41234132)|VF_APEX_CALL_START|[EXTERNAL]|01p9E000000Dmpd|communityCaseMgmtController get(relatedAccId)
23:53:26.0 (41238662)|SYSTEM_MODE_ENTER|true
23:53:26.0 (41243022)|VF_APEX_CALL_START|[EXTERNAL]|01p9E000000Dmpd|relatedAccId
23:53:26.0 (41249638)|VF_APEX_CALL_END|relatedAccId
23:53:26.0 (41258388)|VF_APEX_CALL_END|communityCaseMgmtController get(relatedAccId)
23:53:26.0 (41322311)|VF_EVALUATE_FORMULA_BEGIN|0669E000000Cv0R|#{myOrgCases[accid]}
23:53:26.0 (41335173)|VF_APEX_CALL_START|[EXTERNAL]|01p9E000000Dmpd|communityCaseMgmtController get(myOrgCases)
23:53:26.0 (41338600)|SYSTEM_MODE_ENTER|true
23:53:26.0 (41342806)|VF_APEX_CALL_START|[EXTERNAL]|01p9E000000Dmpd|myOrgCases
23:53:26.0 (41349235)|VF_APEX_CALL_END|myOrgCases
23:53:26.0 (41357000)|VF_APEX_CALL_END|communityCaseMgmtController get(myOrgCases)
23:53:26.0 (41377925)|VF_EVALUATE_FORMULA_END
23:53:26.0 (41399287)|VF_EVALUATE_FORMULA_BEGIN|0669E000000Cv0R|#{myOrgCases[accid]}
23:53:26.0 (41414199)|VF_EVALUATE_FORMULA_END
23:53:26.0 (41418000)|VF_EVALUATE_FORMULA_BEGIN|0669E000000Cv0R|#{myOrgCases[accid]}
23:53:26.0 (41427480)|VF_EVALUATE_FORMULA_END
23:53:26.0 (41509494)|VF_EVALUATE_FORMULA_BEGIN|0669E000000Cv0R|#{myOrgCases[accid]}
23:53:26.0 (41526169)|VF_EVALUATE_FORMULA_END
23:53:26.0 (41532218)|VF_EVALUATE_FORMULA_BEGIN|0669E000000Cv0R|#{myOrgCases[accid]}
23:53:26.0 (41543548)|VF_EVALUATE_FORMULA_END
23:53:26.0 (41546810)|VF_EVALUATE_FORMULA_BEGIN|0669E000000Cv0R|#{myOrgCases[accid]}
23:53:26.0 (41557091)|VF_EVALUATE_FORMULA_END
23:53:26.0 (41571036)|VF_EVALUATE_FORMULA_BEGIN|0669E000000Cv0R|#{myOrgCases[accid]}
23:53:26.0 (41583263)|VF_EVALUATE_FORMULA_END
23:53:26.0 (41586616)|VF_EVALUATE_FORMULA_BEGIN|0669E000000Cv0R|#{myOrgCases[accid]}
23:53:26.0 (41597013)|VF_EVALUATE_FORMULA_END
23:53:26.0 (41907274)|VF_APEX_CALL_START|[EXTERNAL]|01p9E000000Dmpd|communityCaseMgmtController get(newcaseOwner)
23:53:26.0 (41911520)|SYSTEM_MODE_ENTER|true
23:53:26.0 (41916576)|VF_APEX_CALL_START|[EXTERNAL]|01p9E000000Dmpd|newcaseOwner
23:53:26.0 (41923093)|VF_APEX_CALL_END|newcaseOwner
23:53:26.0 (41933441)|VF_APEX_CALL_END|communityCaseMgmtController get(newcaseOwner)
23:53:26.0 (42731175)|VF_APEX_CALL_START|[EXTERNAL]|01p9E000000Dmpd|communityCaseMgmtController get(newCase)
23:53:26.0 (42737310)|SYSTEM_MODE_ENTER|true
23:53:26.0 (42742840)|VF_APEX_CALL_START|[EXTERNAL]|01p9E000000Dmpd|newCase
23:53:26.0 (42753131)|VF_APEX_CALL_END|newCase
23:53:26.0 (42763923)|VF_APEX_CALL_END|communityCaseMgmtController get(newCase)
23:53:26.0 (45381843)|VF_EVALUATE_FORMULA_BEGIN|0669E000000Cv0R|#{if(showCreateCase == false,  "block", "none")}
23:53:26.0 (45426603)|VF_APEX_CALL_START|[EXTERNAL]|01p9E000000Dmpd|communityCaseMgmtController get(showCreateCase)
23:53:26.0 (45431685)|SYSTEM_MODE_ENTER|true
23:53:26.0 (45437288)|VF_APEX_CALL_START|[EXTERNAL]|01p9E000000Dmpd|showCreateCase
23:53:26.0 (45445084)|VF_APEX_CALL_END|showCreateCase
23:53:26.0 (45458471)|VF_APEX_CALL_END|communityCaseMgmtController get(showCreateCase)
23:53:26.0 (45470828)|VF_EVALUATE_FORMULA_END
23:53:26.0 (45533989)|VF_EVALUATE_FORMULA_BEGIN|0669E000000Cv0R|#{if(accCaseCount[accid] > 0,  "block", "none")}
23:53:26.0 (45581158)|VF_APEX_CALL_START|[EXTERNAL]|01p9E000000Dmpd|communityCaseMgmtController get(accCaseCount)
23:53:26.0 (45584980)|SYSTEM_MODE_ENTER|true
23:53:26.0 (45589894)|VF_APEX_CALL_START|[EXTERNAL]|01p9E000000Dmpd|accCaseCount
23:53:26.0 (45597271)|VF_APEX_CALL_END|accCaseCount
23:53:26.0 (45608009)|VF_APEX_CALL_END|communityCaseMgmtController get(accCaseCount)
23:53:26.0 (45627479)|VF_EVALUATE_FORMULA_END
23:53:26.0 (45636701)|VF_EVALUATE_FORMULA_BEGIN|0669E000000Cv0R|#{accName[accid]}
23:53:26.0 (45668924)|VF_APEX_CALL_START|[EXTERNAL]|01p9E000000Dmpd|communityCaseMgmtController get(accName)
23:53:26.0 (45672486)|SYSTEM_MODE_ENTER|true
23:53:26.0 (45676490)|VF_APEX_CALL_START|[EXTERNAL]|01p9E000000Dmpd|accName
23:53:26.0 (45682284)|VF_APEX_CALL_END|accName
23:53:26.0 (45689981)|VF_APEX_CALL_END|communityCaseMgmtController get(accName)
23:53:26.0 (45708707)|VF_EVALUATE_FORMULA_END
23:53:26.0 (45730352)|VF_EVALUATE_FORMULA_BEGIN|0669E000000Cv0R|#{myOrgCases[accid]}
23:53:26.0 (45746465)|VF_EVALUATE_FORMULA_END
23:53:26.0 (45750611)|VF_EVALUATE_FORMULA_BEGIN|0669E000000Cv0R|#{myOrgCases[accid]}
23:53:26.0 (45760381)|VF_EVALUATE_FORMULA_END
23:53:26.0 (47607327)|VF_EVALUATE_FORMULA_BEGIN|0669E000000Cv0R|#{if(accCaseCount[accid] > 0,  "block", "none")}
23:53:26.0 (47636659)|VF_EVALUATE_FORMULA_END
23:53:26.0 (47644668)|VF_EVALUATE_FORMULA_BEGIN|0669E000000Cv0R|#{accName[accid]}
23:53:26.0 (47656788)|VF_EVALUATE_FORMULA_END
23:53:26.0 (47673670)|VF_EVALUATE_FORMULA_BEGIN|0669E000000Cv0R|#{myOrgCases[accid]}
23:53:26.0 (47690084)|VF_EVALUATE_FORMULA_END
23:53:26.0 (47694160)|VF_EVALUATE_FORMULA_BEGIN|0669E000000Cv0R|#{myOrgCases[accid]}
23:53:26.0 (47711437)|VF_EVALUATE_FORMULA_END
23:53:26.0 (55715825)|VF_APEX_CALL_START|[EXTERNAL]|01p9E000000Dmpd|communityCaseMgmtController get(qViewCaseId)
23:53:26.0 (55722441)|SYSTEM_MODE_ENTER|true
23:53:26.0 (55728915)|VF_APEX_CALL_START|[EXTERNAL]|01p9E000000Dmpd|qViewCaseId
23:53:26.0 (55738063)|VF_APEX_CALL_END|qViewCaseId
23:53:26.0 (55748907)|VF_APEX_CALL_END|communityCaseMgmtController get(qViewCaseId)
23:53:26.0 (55811668)|VF_APEX_CALL_START|[EXTERNAL]|01p9E000000Dmpd|communityCaseMgmtController get(caseOwner)
23:53:26.0 (55816003)|SYSTEM_MODE_ENTER|true
23:53:26.0 (55820308)|VF_APEX_CALL_START|[EXTERNAL]|01p9E000000Dmpd|caseOwner
23:53:26.0 (55826112)|VF_APEX_CALL_END|caseOwner
23:53:26.0 (55834455)|VF_APEX_CALL_END|communityCaseMgmtController get(caseOwner)
23:53:26.0 (64672869)|VF_APEX_CALL_START|[EXTERNAL]|01p9E000000Dmpd|communityCaseMgmtController get(qViewcase)
23:53:26.0 (64684334)|SYSTEM_MODE_ENTER|true
23:53:26.0 (64695193)|VF_APEX_CALL_START|[EXTERNAL]|01p9E000000Dmpd|qViewcase
23:53:26.0 (64709873)|VF_APEX_CALL_END|qViewcase
23:53:26.0 (64730085)|VF_APEX_CALL_END|communityCaseMgmtController get(qViewcase)
23:53:26.0 (67702040)|VF_SERIALIZE_VIEWSTATE_BEGIN|0669E000000Cv0R
23:53:26.0 (71825215)|VF_SERIALIZE_VIEWSTATE_END
23:53:26.0 (73099075)|VF_EVALUATE_FORMULA_BEGIN|0669E000000Cv0R|#{myOrgCases[accid]}
23:53:26.0 (73131474)|VF_EVALUATE_FORMULA_END
23:53:26.0 (73137204)|VF_EVALUATE_FORMULA_BEGIN|0669E000000Cv0R|#{myOrgCases[accid]}
23:53:26.0 (73148708)|VF_EVALUATE_FORMULA_END
23:53:26.0 (73186709)|VF_EVALUATE_FORMULA_BEGIN|0669E000000Cv0R|#{myOrgCases[accid]}
23:53:26.0 (73202617)|VF_EVALUATE_FORMULA_END
23:53:26.0 (73206312)|VF_EVALUATE_FORMULA_BEGIN|0669E000000Cv0R|#{myOrgCases[accid]}
23:53:26.0 (73217170)|VF_EVALUATE_FORMULA_END
23:53:26.0 (73230124)|VF_EVALUATE_FORMULA_BEGIN|0669E000000Cv0R|#{myOrgCases[accid]}
23:53:26.0 (73242937)|VF_EVALUATE_FORMULA_END
23:53:26.0 (73246551)|VF_EVALUATE_FORMULA_BEGIN|0669E000000Cv0R|#{myOrgCases[accid]}
23:53:26.0 (73257035)|VF_EVALUATE_FORMULA_END
23:53:26.74 (74307345)|CUMULATIVE_LIMIT_USAGE
23:53:26.74 (74307345)|LIMIT_USAGE_FOR_NS|(default)|
  Number of SOQL queries: 2 out of 100
  Number of query rows: 2 out of 50000
  Number of SOSL queries: 0 out of 20
  Number of DML statements: 0 out of 150
  Number of DML rows: 0 out of 10000
  Maximum CPU time: 0 out of 10000
  Maximum heap size: 0 out of 6000000
  Number of callouts: 0 out of 100
  Number of Email Invocations: 0 out of 10
  Number of future calls: 0 out of 50
  Number of queueable jobs added to the queue: 0 out of 50
  Number of Mobile Apex push calls: 0 out of 10

23:53:26.74 (74307345)|TOTAL_EMAIL_RECIPIENTS_QUEUED|0
23:53:26.74 (74307345)|STATIC_VARIABLE_LIST|
  char[]:DigitTens:0
  long:serialVersionUID:0
  long:serialVersionUID:0
  double:MAX_VALUE:0
  Boolean:FALSE:0
  long:serialVersionUID:0
  String:__sfdcInnerTypes:0
  String:_sfdcSuppressedCodeLocations:0
  double:MIN_VALUE:0
  int:SIZE:0
  double:NEGATIVE_INFINITY:0
  int:MAX_VALUE:0
  String:_sfdcAdditionalCodeLocations:0
  char[]:digits:0
  double:NaN:0
  Boolean:TRUE:0
  int:MIN_VALUE:0
  char[]:DigitOnes:0
  int:BYTES:0
  int:MIN_EXPONENT:0
  int[]:sizeTable:0
  int:MAX_EXPONENT:0
  String:_sfdcAdditionalCodeLocations:0
  String:__sfdcProperties:0
  int:SIZE:0
  double:POSITIVE_INFINITY:0
  double:MIN_NORMAL:0
  int:BYTES:0

23:53:26.74 (74307345)|CUMULATIVE_LIMIT_USAGE_END

23:53:26.0 (74435030)|CODE_UNIT_FINISHED|VF: /apex/communityCaseMgmt
23:53:26.0 (75371269)|EXECUTION_FINISHED
23:53:26.76 (76874283)|CUMULATIVE_PROFILING_BEGIN
23:53:26.76 (76874283)|CUMULATIVE_PROFILING|No profiling information for SOQL operations
23:53:26.76 (76874283)|CUMULATIVE_PROFILING|No profiling information for SOSL operations
23:53:26.76 (76874283)|CUMULATIVE_PROFILING|No profiling information for DML operations
23:53:26.76 (76874283)|CUMULATIVE_PROFILING|method invocations|
External entry point: public void quickViewCase(): executed 1 time in 8 ms
Class.communityCaseMgmtController.quickViewCase: line 140, column 1: public Id __sfdc_qViewCaseId(): executed 3 times in 5 ms
Class.communityCaseMgmtController.quickViewCase: line 142, column 1: public Case __sfdc_qViewcase(): executed 3 times in 3 ms
Class.communityCaseMgmtController.quickViewCase: line 139, column 1: public Id __sfdc_qViewCaseId(): executed 3 times in 0 ms

23:53:26.76 (76874283)|CUMULATIVE_PROFILING_END
